<?xml version="1.0" encoding="UTF-8"?>
<testsuites name="Nationalities Suite" time="78.471" tests="3" failures="0" errors="0">
   <testsuite name="Nationalities Suite" tests="3" failures="0" errors="0" time="78.471" skipped="0" timestamp="2023-02-06 21:07:25" hostname="PC - DESKTOP-BHVHH8C" id="Test Suites/Nationalities Suite">
      <properties>
         <property name="deviceName" value=""/>
         <property name="devicePlatform" value=""/>
         <property name="logFolder" value="C:\\Users\\PC\\git\\Orange Web Test Automation\\Reports\\20230206_210707\\Nationalities Suite\\20230206_210707"/>
         <property name="logFiles" value="C:\\Users\\PC\\git\\Orange Web Test Automation\\Reports\\20230206_210707\\Nationalities Suite\\20230206_210707\\execution0.log"/>
         <property name="attachments" value=""/>
         <property name="hostName" value="PC - DESKTOP-BHVHH8C"/>
         <property name="os" value="Windows 10 64bit"/>
         <property name="katalonVersion" value="8.5.5.208"/>
         <property name="browser" value="Chrome 109.0.0.0"/>
         <property name="hostAddress" value="192.168.0.25"/>
         <property name="sessionId" value="bd89f517de82c98b64688b3c7d34630e"/>
         <property name="seleniumVersion" value="3.141.59"/>
         <property name="proxyInformation" value="ProxyInformation { proxyOption=NO_PROXY, proxyServerType=HTTP, username=, password=********, proxyServerAddress=, proxyServerPort=0, executionList=&quot;&quot;, isApplyToDesiredCapabilities=true }"/>
         <property name="platform" value="Windows 10"/>
      </properties>
      <testcase name="Test Cases/Admin Page/Nationalities/Add Nationality" time="28.751" classname="Test Cases/Admin Page/Nationalities/Add Nationality" status="PASSED">
         <system-out><![CDATA[2023-02-06 21:07:26 - [TEST_CASE][PASSED] - Test Cases/Admin Page/Nationalities/Add Nationality: Test Cases/Admin Page/Nationalities/Add Nationality

2023-02-06 21:07:26 - [TEST_STEP][PASSED] - Start listener action : sampleBeforeTestCase: Current window maximized

2023-02-06 21:07:26 - [TEST_STEP][PASSED] - println(testCaseContext.getTestCaseId()): null

2023-02-06 21:07:26 - [TEST_STEP][PASSED] - println(testCaseContext.getTestCaseVariables()): null

2023-02-06 21:07:26 - [TEST_STEP][PASSED] - openBrowser(baseURL): Browser is opened with url: 'https://opensource-demo.orangehrmlive.com/web/index.php/auth/login'

2023-02-06 21:07:26 - [MESSAGE][INFO] - Starting 'Chrome' driver

2023-02-06 21:07:26 - [MESSAGE][INFO] - Action delay is set to 1,000 milliseconds

2023-02-06 21:07:32 - [MESSAGE][PASSED] - Browser is opened with url: 'https://opensource-demo.orangehrmlive.com/web/index.php/auth/login'

2023-02-06 21:07:32 - [TEST_STEP][PASSED] - maximizeWindow(): Current window maximized

2023-02-06 21:07:32 - [MESSAGE][PASSED] - Current window maximized

2023-02-06 21:07:33 - [TEST_STEP][PASSED] - orange.keywords.userLogin(findTestObject("Login Page/textbox_Username"), username, findTestObject("Login Page/textbox_Password"), password, findTestObject("Login Page/button_Login")): orange.keywords.userLogin is PASSED

2023-02-06 21:07:39 - [MESSAGE][PASSED] - orange.keywords.userLogin is PASSED

2023-02-06 21:07:39 - [TEST_STEP][PASSED] - click(findTestObject("Navigation Sidebar/a_Admin")): Object: 'Object Repository/Navigation Sidebar/a_Admin' is clicked on

2023-02-06 21:07:43 - [MESSAGE][PASSED] - Object: 'Object Repository/Navigation Sidebar/a_Admin' is clicked on

2023-02-06 21:07:43 - [TEST_STEP][PASSED] - click(findTestObject("Admin Page/Nationalities/li_Nationalities")): Object: 'Object Repository/Admin Page/Nationalities/li_Nationalities' is clicked on

2023-02-06 21:07:46 - [MESSAGE][PASSED] - Object: 'Object Repository/Admin Page/Nationalities/li_Nationalities' is clicked on

2023-02-06 21:07:46 - [TEST_STEP][PASSED] - click(findTestObject("Admin Page/Nationalities/button_Add")): Object: 'Object Repository/Admin Page/Nationalities/button_Add' is clicked on

2023-02-06 21:07:48 - [MESSAGE][PASSED] - Object: 'Object Repository/Admin Page/Nationalities/button_Add' is clicked on

2023-02-06 21:07:48 - [TEST_STEP][PASSED] - sendKeys(findTestObject("Admin Page/Qualifications/Skills/textbox_Username"), nationality): Keys 'Afgan-Automation' sent to object: 'Object Repository/Admin Page/Qualifications/Skills/textbox_Username'

2023-02-06 21:07:51 - [MESSAGE][PASSED] - Keys 'Afgan-Automation' sent to object: 'Object Repository/Admin Page/Qualifications/Skills/textbox_Username'

2023-02-06 21:07:51 - [TEST_STEP][PASSED] - click(findTestObject("Admin Page/Nationalities/button_Save")): Object: 'Object Repository/Admin Page/Nationalities/button_Save' is clicked on

2023-02-06 21:07:52 - [MESSAGE][PASSED] - Object: 'Object Repository/Admin Page/Nationalities/button_Save' is clicked on

2023-02-06 21:07:52 - [TEST_STEP][PASSED] - verifyElementPresent(findTestObject("Confirmation messages/message_SuccessSuccessfullySaved"), 10): Object 'Object Repository/Confirmation messages/message_SuccessSuccessfullySaved' is present

2023-02-06 21:07:53 - [MESSAGE][PASSED] - Object 'Object Repository/Confirmation messages/message_SuccessSuccessfullySaved' is present

2023-02-06 21:07:53 - [TEST_STEP][PASSED] - waitForElementPresent(findTestObject("Confirmation messages/message_SuccessSuccessfullySaved"), 10): Object 'Object Repository/Confirmation messages/message_SuccessSuccessfullySaved' is present

2023-02-06 21:07:54 - [MESSAGE][PASSED] - Object 'Object Repository/Confirmation messages/message_SuccessSuccessfullySaved' is present

2023-02-06 21:07:54 - [TEST_STEP][PASSED] - Start listener action : sampleAfterTestCase: Browser is closed

2023-02-06 21:07:54 - [TEST_STEP][PASSED] - println(testCaseContext.getTestCaseId()): null

2023-02-06 21:07:54 - [TEST_STEP][PASSED] - println(testCaseContext.getTestCaseStatus()): null

2023-02-06 21:07:54 - [TEST_STEP][PASSED] - closeBrowser(): Browser is closed

2023-02-06 21:07:54 - [MESSAGE][PASSED] - Browser is closed]]></system-out>
         <system-err><![CDATA[]]></system-err>
      </testcase>
      <testcase name="Test Cases/Admin Page/Nationalities/Edit Nationality" time="27.386" classname="Test Cases/Admin Page/Nationalities/Edit Nationality" status="PASSED">
         <system-out><![CDATA[2023-02-06 21:07:54 - [TEST_CASE][PASSED] - Test Cases/Admin Page/Nationalities/Edit Nationality: Test Cases/Admin Page/Nationalities/Edit Nationality

2023-02-06 21:07:54 - [TEST_STEP][PASSED] - Start listener action : sampleBeforeTestCase: Current window maximized

2023-02-06 21:07:54 - [TEST_STEP][PASSED] - println(testCaseContext.getTestCaseId()): null

2023-02-06 21:07:54 - [TEST_STEP][PASSED] - println(testCaseContext.getTestCaseVariables()): null

2023-02-06 21:07:54 - [TEST_STEP][PASSED] - openBrowser(baseURL): Browser is opened with url: 'https://opensource-demo.orangehrmlive.com/web/index.php/auth/login'

2023-02-06 21:07:54 - [MESSAGE][INFO] - Starting 'Chrome' driver

2023-02-06 21:07:54 - [MESSAGE][INFO] - Action delay is set to 1,000 milliseconds

2023-02-06 21:07:58 - [MESSAGE][PASSED] - Browser is opened with url: 'https://opensource-demo.orangehrmlive.com/web/index.php/auth/login'

2023-02-06 21:07:58 - [TEST_STEP][PASSED] - maximizeWindow(): Current window maximized

2023-02-06 21:07:58 - [MESSAGE][PASSED] - Current window maximized

2023-02-06 21:07:59 - [TEST_STEP][PASSED] - orange.keywords.userLogin(findTestObject("Login Page/textbox_Username"), username, findTestObject("Login Page/textbox_Password"), password, findTestObject("Login Page/button_Login")): orange.keywords.userLogin is PASSED

2023-02-06 21:08:04 - [MESSAGE][PASSED] - orange.keywords.userLogin is PASSED

2023-02-06 21:08:04 - [TEST_STEP][PASSED] - click(findTestObject("Navigation Sidebar/a_Admin")): Object: 'Object Repository/Navigation Sidebar/a_Admin' is clicked on

2023-02-06 21:08:08 - [MESSAGE][PASSED] - Object: 'Object Repository/Navigation Sidebar/a_Admin' is clicked on

2023-02-06 21:08:08 - [TEST_STEP][PASSED] - click(findTestObject("Admin Page/Nationalities/li_Nationalities")): Object: 'Object Repository/Admin Page/Nationalities/li_Nationalities' is clicked on

2023-02-06 21:08:11 - [MESSAGE][PASSED] - Object: 'Object Repository/Admin Page/Nationalities/li_Nationalities' is clicked on

2023-02-06 21:08:11 - [TEST_STEP][PASSED] - click(findTestObject("Admin Page/Nationalities/button_Edit")): Object: 'Object Repository/Admin Page/Nationalities/button_Edit' is clicked on

2023-02-06 21:08:14 - [MESSAGE][PASSED] - Object: 'Object Repository/Admin Page/Nationalities/button_Edit' is clicked on

2023-02-06 21:08:14 - [TEST_STEP][PASSED] - sendKeys(findTestObject("Admin Page/Qualifications/Skills/textbox_Username"), Keys.chord(CONTROL, "a")): Keys 'CONTROL + a' sent to object: 'Object Repository/Admin Page/Qualifications/Skills/textbox_Username'

2023-02-06 21:08:16 - [MESSAGE][PASSED] - Keys 'CONTROL + a' sent to object: 'Object Repository/Admin Page/Qualifications/Skills/textbox_Username'

2023-02-06 21:08:16 - [TEST_STEP][PASSED] - sendKeys(findTestObject("Admin Page/Qualifications/Skills/textbox_Username_selected"), edited_nationality): Keys 'Austrian-Automation' sent to object: 'Object Repository/Admin Page/Qualifications/Skills/textbox_Username_selected'

2023-02-06 21:08:18 - [MESSAGE][PASSED] - Keys 'Austrian-Automation' sent to object: 'Object Repository/Admin Page/Qualifications/Skills/textbox_Username_selected'

2023-02-06 21:08:18 - [TEST_STEP][PASSED] - click(findTestObject("Admin Page/Qualifications/Skills/button_Save")): Object: 'Object Repository/Admin Page/Qualifications/Skills/button_Save' is clicked on

2023-02-06 21:08:19 - [MESSAGE][PASSED] - Object: 'Object Repository/Admin Page/Qualifications/Skills/button_Save' is clicked on

2023-02-06 21:08:19 - [TEST_STEP][PASSED] - waitForElementPresent(findTestObject("Confirmation messages/message_SuccessSuccessfullyUpdated"), 10): Object 'Object Repository/Confirmation messages/message_SuccessSuccessfullyUpdated' is present

2023-02-06 21:08:20 - [MESSAGE][PASSED] - Object 'Object Repository/Confirmation messages/message_SuccessSuccessfullyUpdated' is present

2023-02-06 21:08:20 - [TEST_STEP][PASSED] - verifyElementPresent(findTestObject("Confirmation messages/message_SuccessSuccessfullyUpdated"), 10): Object 'Object Repository/Confirmation messages/message_SuccessSuccessfullyUpdated' is present

2023-02-06 21:08:21 - [MESSAGE][PASSED] - Object 'Object Repository/Confirmation messages/message_SuccessSuccessfullyUpdated' is present

2023-02-06 21:08:21 - [TEST_STEP][PASSED] - Start listener action : sampleAfterTestCase: Browser is closed

2023-02-06 21:08:21 - [TEST_STEP][PASSED] - println(testCaseContext.getTestCaseId()): null

2023-02-06 21:08:21 - [TEST_STEP][PASSED] - println(testCaseContext.getTestCaseStatus()): null

2023-02-06 21:08:21 - [TEST_STEP][PASSED] - closeBrowser(): Browser is closed

2023-02-06 21:08:22 - [MESSAGE][PASSED] - Browser is closed]]></system-out>
         <system-err><![CDATA[]]></system-err>
      </testcase>
      <testcase name="Test Cases/Admin Page/Nationalities/Delete Nationality" time="21.962" classname="Test Cases/Admin Page/Nationalities/Delete Nationality" status="PASSED">
         <system-out><![CDATA[2023-02-06 21:08:22 - [TEST_CASE][PASSED] - Test Cases/Admin Page/Nationalities/Delete Nationality: Test Cases/Admin Page/Nationalities/Delete Nationality

2023-02-06 21:08:22 - [TEST_STEP][PASSED] - Start listener action : sampleBeforeTestCase: Current window maximized

2023-02-06 21:08:22 - [TEST_STEP][PASSED] - println(testCaseContext.getTestCaseId()): null

2023-02-06 21:08:22 - [TEST_STEP][PASSED] - println(testCaseContext.getTestCaseVariables()): null

2023-02-06 21:08:22 - [TEST_STEP][PASSED] - openBrowser(baseURL): Browser is opened with url: 'https://opensource-demo.orangehrmlive.com/web/index.php/auth/login'

2023-02-06 21:08:22 - [MESSAGE][INFO] - Starting 'Chrome' driver

2023-02-06 21:08:22 - [MESSAGE][INFO] - Action delay is set to 1,000 milliseconds

2023-02-06 21:08:25 - [MESSAGE][PASSED] - Browser is opened with url: 'https://opensource-demo.orangehrmlive.com/web/index.php/auth/login'

2023-02-06 21:08:25 - [TEST_STEP][PASSED] - maximizeWindow(): Current window maximized

2023-02-06 21:08:26 - [MESSAGE][PASSED] - Current window maximized

2023-02-06 21:08:26 - [TEST_STEP][PASSED] - orange.keywords.userLogin(findTestObject("Login Page/textbox_Username"), username, findTestObject("Login Page/textbox_Password"), password, findTestObject("Login Page/button_Login")): orange.keywords.userLogin is PASSED

2023-02-06 21:08:31 - [MESSAGE][PASSED] - orange.keywords.userLogin is PASSED

2023-02-06 21:08:31 - [TEST_STEP][PASSED] - click(findTestObject("Navigation Sidebar/a_Admin")): Object: 'Object Repository/Navigation Sidebar/a_Admin' is clicked on

2023-02-06 21:08:35 - [MESSAGE][PASSED] - Object: 'Object Repository/Navigation Sidebar/a_Admin' is clicked on

2023-02-06 21:08:35 - [TEST_STEP][PASSED] - click(findTestObject("Admin Page/Nationalities/li_Nationalities")): Object: 'Object Repository/Admin Page/Nationalities/li_Nationalities' is clicked on

2023-02-06 21:08:38 - [MESSAGE][PASSED] - Object: 'Object Repository/Admin Page/Nationalities/li_Nationalities' is clicked on

2023-02-06 21:08:38 - [TEST_STEP][PASSED] - click(findTestObject("Admin Page/Nationalities/button_Delete")): Object: 'Object Repository/Admin Page/Nationalities/button_Delete' is clicked on

2023-02-06 21:08:40 - [MESSAGE][PASSED] - Object: 'Object Repository/Admin Page/Nationalities/button_Delete' is clicked on

2023-02-06 21:08:40 - [TEST_STEP][PASSED] - click(findTestObject("Admin Page/Qualifications/Languages/button_Yes, Delete")): Object: 'Object Repository/Admin Page/Qualifications/Languages/button_Yes, Delete' is clicked on

2023-02-06 21:08:42 - [MESSAGE][PASSED] - Object: 'Object Repository/Admin Page/Qualifications/Languages/button_Yes, Delete' is clicked on

2023-02-06 21:08:42 - [TEST_STEP][PASSED] - waitForElementPresent(findTestObject("Confirmation messages/message_SuccessSuccessfullyDeleted"), 10): Object 'Object Repository/Confirmation messages/message_SuccessSuccessfullyDeleted' is present

2023-02-06 21:08:43 - [MESSAGE][PASSED] - Object 'Object Repository/Confirmation messages/message_SuccessSuccessfullyDeleted' is present

2023-02-06 21:08:43 - [TEST_STEP][PASSED] - verifyElementPresent(findTestObject("Confirmation messages/message_SuccessSuccessfullyDeleted"), 10): Object 'Object Repository/Confirmation messages/message_SuccessSuccessfullyDeleted' is present

2023-02-06 21:08:43 - [MESSAGE][PASSED] - Object 'Object Repository/Confirmation messages/message_SuccessSuccessfullyDeleted' is present

2023-02-06 21:08:43 - [TEST_STEP][PASSED] - Start listener action : sampleAfterTestCase: Browser is closed

2023-02-06 21:08:43 - [TEST_STEP][PASSED] - println(testCaseContext.getTestCaseId()): null

2023-02-06 21:08:43 - [TEST_STEP][PASSED] - println(testCaseContext.getTestCaseStatus()): null

2023-02-06 21:08:43 - [TEST_STEP][PASSED] - closeBrowser(): Browser is closed

2023-02-06 21:08:44 - [MESSAGE][PASSED] - Browser is closed]]></system-out>
         <system-err><![CDATA[]]></system-err>
      </testcase>
      <system-out><![CDATA[2023-02-06 21:07:25 - [TEST_SUITE][PASSED] - Nationalities Suite: Test Cases/Admin Page/Nationalities/Delete Nationality]]></system-out>
      <system-err><![CDATA[]]></system-err>
   </testsuite>
</testsuites>
