<?xml version="1.0" encoding="UTF-8"?>
<testsuites name="Admin Test Suite Collection" time="591.676" tests="32" failures="0" errors="0">
   <testsuite name="Login Test Suite" tests="5" failures="0" errors="0" time="94.089" skipped="0" timestamp="2023-03-01 18:05:15" hostname="PC - host.docker.internal" id="Test Suites/Login Test Suite">
      <properties>
         <property name="deviceName" value=""/>
         <property name="devicePlatform" value=""/>
         <property name="logFolder" value="C:\\Users\\PC\\Desktop\\Katalon Projects\\Orange Web Test Automation\\Reports\\20230301_180449\\Login Test Suite\\20230301_180450"/>
         <property name="logFiles" value="C:\\Users\\PC\\Desktop\\Katalon Projects\\Orange Web Test Automation\\Reports\\20230301_180449\\Login Test Suite\\20230301_180450\\execution0.log"/>
         <property name="attachments" value=""/>
         <property name="hostName" value="PC - host.docker.internal"/>
         <property name="os" value="Windows 10 64bit"/>
         <property name="katalonVersion" value="8.5.5.208"/>
         <property name="browser" value="Firefox 110.0"/>
         <property name="hostAddress" value="192.168.0.23"/>
         <property name="sessionId" value="76148f6d-b5e6-459f-ad25-0cdd98f2e45d"/>
         <property name="seleniumVersion" value="3.141.59"/>
         <property name="proxyInformation" value="ProxyInformation { proxyOption=NO_PROXY, proxyServerType=HTTP, username=, password=********, proxyServerAddress=, proxyServerPort=0, executionList=&quot;&quot;, isApplyToDesiredCapabilities=true }"/>
         <property name="platform" value="Windows 10"/>
      </properties>
      <testcase name="Test Cases/Login/Successfull login attempt" time="19.027" classname="Test Cases/Login/Successfull login attempt" status="PASSED">
         <system-out><![CDATA[2023-03-01 18:05:15 - [TEST_CASE][PASSED] - Test Cases/Login/Successfull login attempt: Test Cases/Login/Successfull login attempt

2023-03-01 18:05:15 - [TEST_STEP][PASSED] - Start listener action : sampleBeforeTestCase: Current window maximized

2023-03-01 18:05:15 - [TEST_STEP][PASSED] - println(testCaseContext.getTestCaseId()): null

2023-03-01 18:05:15 - [TEST_STEP][PASSED] - println(testCaseContext.getTestCaseVariables()): null

2023-03-01 18:05:15 - [TEST_STEP][PASSED] - openBrowser(baseURL): Browser is opened with url: 'https://opensource-demo.orangehrmlive.com/web/index.php/auth/login'

2023-03-01 18:05:16 - [MESSAGE][INFO] - Starting 'Firefox' driver

2023-03-01 18:05:16 - [MESSAGE][INFO] - Action delay is set to 1,000 milliseconds

2023-03-01 18:05:24 - [MESSAGE][PASSED] - Browser is opened with url: 'https://opensource-demo.orangehrmlive.com/web/index.php/auth/login'

2023-03-01 18:05:24 - [TEST_STEP][PASSED] - maximizeWindow(): Current window maximized

2023-03-01 18:05:24 - [MESSAGE][PASSED] - Current window maximized

2023-03-01 18:05:25 - [TEST_STEP][PASSED] - sendKeys(findTestObject("Login Page/textbox_Username"), "Admin"): Keys 'Admin' sent to object: 'Object Repository/Login Page/textbox_Username'

2023-03-01 18:05:27 - [MESSAGE][PASSED] - Keys 'Admin' sent to object: 'Object Repository/Login Page/textbox_Username'

2023-03-01 18:05:27 - [TEST_STEP][PASSED] - setEncryptedText(findTestObject("Login Page/textbox_Password"), "hUKwJTbofgPU9eVlw/CnDQ=="): Text ****** has been set on object 'Object Repository/Login Page/textbox_Password'

2023-03-01 18:05:29 - [MESSAGE][PASSED] - Text ****** has been set on object 'Object Repository/Login Page/textbox_Password'

2023-03-01 18:05:29 - [TEST_STEP][PASSED] - click(findTestObject("Login Page/button_Login")): Object: 'Object Repository/Login Page/button_Login' is clicked on

2023-03-01 18:05:32 - [MESSAGE][PASSED] - Object: 'Object Repository/Login Page/button_Login' is clicked on

2023-03-01 18:05:32 - [TEST_STEP][PASSED] - verifyElementPresent(findTestObject("Home Page/dropdown_user_profile"), 10): Object 'Object Repository/Home Page/dropdown_user_profile' is present

2023-03-01 18:05:34 - [MESSAGE][PASSED] - Object 'Object Repository/Home Page/dropdown_user_profile' is present

2023-03-01 18:05:34 - [TEST_STEP][ERROR] - Start listener action : sampleAfterTestCase: groovy.lang.MissingPropertyException: No such property: printtestCaseContext for class: TestListener
	at TestListener.sampleAfterTestCase(TestListener.groovy:45)
	at TestListener.invokeMethod(TestListener.groovy)
	at com.kms.katalon.core.context.internal.TestHooker.invokeMethod(TestHooker.java:111)
	at com.kms.katalon.core.context.internal.TestHooker.lambda$3(TestHooker.java:95)
	at com.kms.katalon.core.context.internal.TestHooker.invokeContextMethods(TestHooker.java:94)
	at com.kms.katalon.core.context.internal.TestListenerCollector.lambda$3(TestListenerCollector.java:88)
	at com.kms.katalon.core.context.internal.TestListenerCollector.handleListenerEvent(TestListenerCollector.java:85)
	at com.kms.katalon.core.context.internal.ExecutionEventManager.publicEvent(ExecutionEventManager.java:36)
	at com.kms.katalon.core.main.TestCaseExecutor.execute(TestCaseExecutor.java:315)
	at com.kms.katalon.core.common.CommonExecutor.accessTestCaseMainPhase(CommonExecutor.java:65)
	at com.kms.katalon.core.main.TestSuiteExecutor.accessTestSuiteMainPhase(TestSuiteExecutor.java:151)
	at com.kms.katalon.core.main.TestSuiteExecutor.execute(TestSuiteExecutor.java:106)
	at com.kms.katalon.core.main.TestCaseMain.startTestSuite(TestCaseMain.java:185)
	at com.kms.katalon.core.main.TestCaseMain$startTestSuite$0.call(Unknown Source)
	at TempTestSuite1677690290717.run(TempTestSuite1677690290717.groovy:36)


2023-03-01 18:05:34 - [TEST_STEP][PASSED] - println(testCaseContext.getTestCaseId() + " - "): null

2023-03-01 18:05:34 - [TEST_STEP][ERROR] - println(printtestCaseContext.getTestCaseStatus()): groovy.lang.MissingPropertyException: No such property: printtestCaseContext for class: TestListener
	at TestListener.sampleAfterTestCase(TestListener.groovy:45)
	at TestListener.invokeMethod(TestListener.groovy)
	at com.kms.katalon.core.context.internal.TestHooker.invokeMethod(TestHooker.java:111)
	at com.kms.katalon.core.context.internal.TestHooker.lambda$3(TestHooker.java:95)
	at com.kms.katalon.core.context.internal.TestHooker.invokeContextMethods(TestHooker.java:94)
	at com.kms.katalon.core.context.internal.TestListenerCollector.lambda$3(TestListenerCollector.java:88)
	at com.kms.katalon.core.context.internal.TestListenerCollector.handleListenerEvent(TestListenerCollector.java:85)
	at com.kms.katalon.core.context.internal.ExecutionEventManager.publicEvent(ExecutionEventManager.java:36)
	at com.kms.katalon.core.main.TestCaseExecutor.execute(TestCaseExecutor.java:315)
	at com.kms.katalon.core.common.CommonExecutor.accessTestCaseMainPhase(CommonExecutor.java:65)
	at com.kms.katalon.core.main.TestSuiteExecutor.accessTestSuiteMainPhase(TestSuiteExecutor.java:151)
	at com.kms.katalon.core.main.TestSuiteExecutor.execute(TestSuiteExecutor.java:106)
	at com.kms.katalon.core.main.TestCaseMain.startTestSuite(TestCaseMain.java:185)
	at com.kms.katalon.core.main.TestCaseMain$startTestSuite$0.call(Unknown Source)
	at TempTestSuite1677690290717.run(TempTestSuite1677690290717.groovy:36)


2023-03-01 18:05:34 - [MESSAGE][ERROR] - groovy.lang.MissingPropertyException: No such property: printtestCaseContext for class: TestListener
	at TestListener.sampleAfterTestCase(TestListener.groovy:45)
	at TestListener.invokeMethod(TestListener.groovy)
	at com.kms.katalon.core.context.internal.TestHooker.invokeMethod(TestHooker.java:111)
	at com.kms.katalon.core.context.internal.TestHooker.lambda$3(TestHooker.java:95)
	at com.kms.katalon.core.context.internal.TestHooker.invokeContextMethods(TestHooker.java:94)
	at com.kms.katalon.core.context.internal.TestListenerCollector.lambda$3(TestListenerCollector.java:88)
	at com.kms.katalon.core.context.internal.TestListenerCollector.handleListenerEvent(TestListenerCollector.java:85)
	at com.kms.katalon.core.context.internal.ExecutionEventManager.publicEvent(ExecutionEventManager.java:36)
	at com.kms.katalon.core.main.TestCaseExecutor.execute(TestCaseExecutor.java:315)
	at com.kms.katalon.core.common.CommonExecutor.accessTestCaseMainPhase(CommonExecutor.java:65)
	at com.kms.katalon.core.main.TestSuiteExecutor.accessTestSuiteMainPhase(TestSuiteExecutor.java:151)
	at com.kms.katalon.core.main.TestSuiteExecutor.execute(TestSuiteExecutor.java:106)
	at com.kms.katalon.core.main.TestCaseMain.startTestSuite(TestCaseMain.java:185)
	at com.kms.katalon.core.main.TestCaseMain$startTestSuite$0.call(Unknown Source)
	at TempTestSuite1677690290717.run(TempTestSuite1677690290717.groovy:36)]]></system-out>
         <system-err><![CDATA[]]></system-err>
      </testcase>
      <testcase name="Test Cases/Login/Unsuccessfull login attempt" time="18.293" classname="Test Cases/Login/Unsuccessfull login attempt" status="PASSED">
         <system-out><![CDATA[2023-03-01 18:05:34 - [TEST_CASE][PASSED] - Test Cases/Login/Unsuccessfull login attempt: Test Cases/Login/Unsuccessfull login attempt

2023-03-01 18:05:34 - [TEST_STEP][PASSED] - Start listener action : sampleBeforeTestCase: Current window maximized

2023-03-01 18:05:34 - [TEST_STEP][PASSED] - println(testCaseContext.getTestCaseId()): null

2023-03-01 18:05:34 - [TEST_STEP][PASSED] - println(testCaseContext.getTestCaseVariables()): null

2023-03-01 18:05:34 - [TEST_STEP][PASSED] - openBrowser(baseURL): Browser is opened with url: 'https://opensource-demo.orangehrmlive.com/web/index.php/auth/login'

2023-03-01 18:05:34 - [MESSAGE][WARNING] - A browser is already opened. Closing browser and opening a new one

2023-03-01 18:05:36 - [MESSAGE][INFO] - Starting 'Firefox' driver

2023-03-01 18:05:36 - [MESSAGE][INFO] - Action delay is set to 1,000 milliseconds

2023-03-01 18:05:43 - [MESSAGE][PASSED] - Browser is opened with url: 'https://opensource-demo.orangehrmlive.com/web/index.php/auth/login'

2023-03-01 18:05:43 - [TEST_STEP][PASSED] - maximizeWindow(): Current window maximized

2023-03-01 18:05:43 - [MESSAGE][PASSED] - Current window maximized

2023-03-01 18:05:44 - [TEST_STEP][PASSED] - sendKeys(findTestObject("Login Page/textbox_Username"), "Admin"): Keys 'Admin' sent to object: 'Object Repository/Login Page/textbox_Username'

2023-03-01 18:05:46 - [MESSAGE][PASSED] - Keys 'Admin' sent to object: 'Object Repository/Login Page/textbox_Username'

2023-03-01 18:05:46 - [TEST_STEP][PASSED] - setEncryptedText(findTestObject("Login Page/textbox_Password"), "1bcgBUi0Tj/gc3uc61HAVQ=="): Text ****** has been set on object 'Object Repository/Login Page/textbox_Password'

2023-03-01 18:05:49 - [MESSAGE][PASSED] - Text ****** has been set on object 'Object Repository/Login Page/textbox_Password'

2023-03-01 18:05:49 - [TEST_STEP][PASSED] - click(findTestObject("Login Page/button_Login")): Object: 'Object Repository/Login Page/button_Login' is clicked on

2023-03-01 18:05:51 - [MESSAGE][PASSED] - Object: 'Object Repository/Login Page/button_Login' is clicked on

2023-03-01 18:05:51 - [TEST_STEP][PASSED] - verifyElementPresent(findTestObject("Login Page/message_Invalid credentials"), 10): Object 'Object Repository/Login Page/message_Invalid credentials' is present

2023-03-01 18:05:52 - [MESSAGE][PASSED] - Object 'Object Repository/Login Page/message_Invalid credentials' is present

2023-03-01 18:05:52 - [TEST_STEP][ERROR] - Start listener action : sampleAfterTestCase: groovy.lang.MissingPropertyException: No such property: printtestCaseContext for class: TestListener
	at TestListener.sampleAfterTestCase(TestListener.groovy:45)
	at TestListener.invokeMethod(TestListener.groovy)
	at com.kms.katalon.core.context.internal.TestHooker.invokeMethod(TestHooker.java:111)
	at com.kms.katalon.core.context.internal.TestHooker.lambda$3(TestHooker.java:95)
	at com.kms.katalon.core.context.internal.TestHooker.invokeContextMethods(TestHooker.java:94)
	at com.kms.katalon.core.context.internal.TestListenerCollector.lambda$3(TestListenerCollector.java:88)
	at com.kms.katalon.core.context.internal.TestListenerCollector.handleListenerEvent(TestListenerCollector.java:85)
	at com.kms.katalon.core.context.internal.ExecutionEventManager.publicEvent(ExecutionEventManager.java:36)
	at com.kms.katalon.core.main.TestCaseExecutor.execute(TestCaseExecutor.java:315)
	at com.kms.katalon.core.common.CommonExecutor.accessTestCaseMainPhase(CommonExecutor.java:65)
	at com.kms.katalon.core.main.TestSuiteExecutor.accessTestSuiteMainPhase(TestSuiteExecutor.java:151)
	at com.kms.katalon.core.main.TestSuiteExecutor.execute(TestSuiteExecutor.java:106)
	at com.kms.katalon.core.main.TestCaseMain.startTestSuite(TestCaseMain.java:185)
	at com.kms.katalon.core.main.TestCaseMain$startTestSuite$0.call(Unknown Source)
	at TempTestSuite1677690290717.run(TempTestSuite1677690290717.groovy:36)


2023-03-01 18:05:52 - [TEST_STEP][PASSED] - println(testCaseContext.getTestCaseId() + " - "): null

2023-03-01 18:05:52 - [TEST_STEP][ERROR] - println(printtestCaseContext.getTestCaseStatus()): groovy.lang.MissingPropertyException: No such property: printtestCaseContext for class: TestListener
	at TestListener.sampleAfterTestCase(TestListener.groovy:45)
	at TestListener.invokeMethod(TestListener.groovy)
	at com.kms.katalon.core.context.internal.TestHooker.invokeMethod(TestHooker.java:111)
	at com.kms.katalon.core.context.internal.TestHooker.lambda$3(TestHooker.java:95)
	at com.kms.katalon.core.context.internal.TestHooker.invokeContextMethods(TestHooker.java:94)
	at com.kms.katalon.core.context.internal.TestListenerCollector.lambda$3(TestListenerCollector.java:88)
	at com.kms.katalon.core.context.internal.TestListenerCollector.handleListenerEvent(TestListenerCollector.java:85)
	at com.kms.katalon.core.context.internal.ExecutionEventManager.publicEvent(ExecutionEventManager.java:36)
	at com.kms.katalon.core.main.TestCaseExecutor.execute(TestCaseExecutor.java:315)
	at com.kms.katalon.core.common.CommonExecutor.accessTestCaseMainPhase(CommonExecutor.java:65)
	at com.kms.katalon.core.main.TestSuiteExecutor.accessTestSuiteMainPhase(TestSuiteExecutor.java:151)
	at com.kms.katalon.core.main.TestSuiteExecutor.execute(TestSuiteExecutor.java:106)
	at com.kms.katalon.core.main.TestCaseMain.startTestSuite(TestCaseMain.java:185)
	at com.kms.katalon.core.main.TestCaseMain$startTestSuite$0.call(Unknown Source)
	at TempTestSuite1677690290717.run(TempTestSuite1677690290717.groovy:36)


2023-03-01 18:05:52 - [MESSAGE][ERROR] - groovy.lang.MissingPropertyException: No such property: printtestCaseContext for class: TestListener
	at TestListener.sampleAfterTestCase(TestListener.groovy:45)
	at TestListener.invokeMethod(TestListener.groovy)
	at com.kms.katalon.core.context.internal.TestHooker.invokeMethod(TestHooker.java:111)
	at com.kms.katalon.core.context.internal.TestHooker.lambda$3(TestHooker.java:95)
	at com.kms.katalon.core.context.internal.TestHooker.invokeContextMethods(TestHooker.java:94)
	at com.kms.katalon.core.context.internal.TestListenerCollector.lambda$3(TestListenerCollector.java:88)
	at com.kms.katalon.core.context.internal.TestListenerCollector.handleListenerEvent(TestListenerCollector.java:85)
	at com.kms.katalon.core.context.internal.ExecutionEventManager.publicEvent(ExecutionEventManager.java:36)
	at com.kms.katalon.core.main.TestCaseExecutor.execute(TestCaseExecutor.java:315)
	at com.kms.katalon.core.common.CommonExecutor.accessTestCaseMainPhase(CommonExecutor.java:65)
	at com.kms.katalon.core.main.TestSuiteExecutor.accessTestSuiteMainPhase(TestSuiteExecutor.java:151)
	at com.kms.katalon.core.main.TestSuiteExecutor.execute(TestSuiteExecutor.java:106)
	at com.kms.katalon.core.main.TestCaseMain.startTestSuite(TestCaseMain.java:185)
	at com.kms.katalon.core.main.TestCaseMain$startTestSuite$0.call(Unknown Source)
	at TempTestSuite1677690290717.run(TempTestSuite1677690290717.groovy:36)]]></system-out>
         <system-err><![CDATA[]]></system-err>
      </testcase>
      <testcase name="Test Cases/Login/Reset User Password" time="17.776" classname="Test Cases/Login/Reset User Password" status="PASSED">
         <system-out><![CDATA[2023-03-01 18:05:52 - [TEST_CASE][PASSED] - Test Cases/Login/Reset User Password: Test Cases/Login/Reset User Password

2023-03-01 18:05:52 - [TEST_STEP][PASSED] - Start listener action : sampleBeforeTestCase: Current window maximized

2023-03-01 18:05:52 - [TEST_STEP][PASSED] - println(testCaseContext.getTestCaseId()): null

2023-03-01 18:05:52 - [TEST_STEP][PASSED] - println(testCaseContext.getTestCaseVariables()): null

2023-03-01 18:05:52 - [TEST_STEP][PASSED] - openBrowser(baseURL): Browser is opened with url: 'https://opensource-demo.orangehrmlive.com/web/index.php/auth/login'

2023-03-01 18:05:52 - [MESSAGE][WARNING] - A browser is already opened. Closing browser and opening a new one

2023-03-01 18:05:53 - [MESSAGE][INFO] - Starting 'Firefox' driver

2023-03-01 18:05:53 - [MESSAGE][INFO] - Action delay is set to 1,000 milliseconds

2023-03-01 18:06:01 - [MESSAGE][PASSED] - Browser is opened with url: 'https://opensource-demo.orangehrmlive.com/web/index.php/auth/login'

2023-03-01 18:06:01 - [TEST_STEP][PASSED] - maximizeWindow(): Current window maximized

2023-03-01 18:06:01 - [MESSAGE][PASSED] - Current window maximized

2023-03-01 18:06:02 - [TEST_STEP][PASSED] - click(findTestObject("Login Page/link_Forgot your password")): Object: 'Object Repository/Login Page/link_Forgot your password' is clicked on

2023-03-01 18:06:04 - [MESSAGE][PASSED] - Object: 'Object Repository/Login Page/link_Forgot your password' is clicked on

2023-03-01 18:06:04 - [TEST_STEP][PASSED] - sendKeys(findTestObject("Reset Password Page/textbox_Username"), "Admin"): Keys 'Admin' sent to object: 'Object Repository/Reset Password Page/textbox_Username'

2023-03-01 18:06:06 - [MESSAGE][PASSED] - Keys 'Admin' sent to object: 'Object Repository/Reset Password Page/textbox_Username'

2023-03-01 18:06:06 - [TEST_STEP][PASSED] - click(findTestObject("Reset Password Page/button_Reset Password")): Object: 'Object Repository/Reset Password Page/button_Reset Password' is clicked on

2023-03-01 18:06:09 - [MESSAGE][PASSED] - Object: 'Object Repository/Reset Password Page/button_Reset Password' is clicked on

2023-03-01 18:06:09 - [TEST_STEP][PASSED] - verifyElementText(findTestObject("Reset Password Page/title_Reset Password link sent successfully"), "Reset Password link sent successfully"): Actual text and expected text of test object 'Object Repository/Reset Password Page/title_Reset Password link sent successfully' are matched.

2023-03-01 18:06:10 - [MESSAGE][PASSED] - Actual text and expected text of test object 'Object Repository/Reset Password Page/title_Reset Password link sent successfully' are matched.

2023-03-01 18:06:10 - [TEST_STEP][ERROR] - Start listener action : sampleAfterTestCase: groovy.lang.MissingPropertyException: No such property: printtestCaseContext for class: TestListener
	at TestListener.sampleAfterTestCase(TestListener.groovy:45)
	at TestListener.invokeMethod(TestListener.groovy)
	at com.kms.katalon.core.context.internal.TestHooker.invokeMethod(TestHooker.java:111)
	at com.kms.katalon.core.context.internal.TestHooker.lambda$3(TestHooker.java:95)
	at com.kms.katalon.core.context.internal.TestHooker.invokeContextMethods(TestHooker.java:94)
	at com.kms.katalon.core.context.internal.TestListenerCollector.lambda$3(TestListenerCollector.java:88)
	at com.kms.katalon.core.context.internal.TestListenerCollector.handleListenerEvent(TestListenerCollector.java:85)
	at com.kms.katalon.core.context.internal.ExecutionEventManager.publicEvent(ExecutionEventManager.java:36)
	at com.kms.katalon.core.main.TestCaseExecutor.execute(TestCaseExecutor.java:315)
	at com.kms.katalon.core.common.CommonExecutor.accessTestCaseMainPhase(CommonExecutor.java:65)
	at com.kms.katalon.core.main.TestSuiteExecutor.accessTestSuiteMainPhase(TestSuiteExecutor.java:151)
	at com.kms.katalon.core.main.TestSuiteExecutor.execute(TestSuiteExecutor.java:106)
	at com.kms.katalon.core.main.TestCaseMain.startTestSuite(TestCaseMain.java:185)
	at com.kms.katalon.core.main.TestCaseMain$startTestSuite$0.call(Unknown Source)
	at TempTestSuite1677690290717.run(TempTestSuite1677690290717.groovy:36)


2023-03-01 18:06:10 - [TEST_STEP][PASSED] - println(testCaseContext.getTestCaseId() + " - "): null

2023-03-01 18:06:10 - [TEST_STEP][ERROR] - println(printtestCaseContext.getTestCaseStatus()): groovy.lang.MissingPropertyException: No such property: printtestCaseContext for class: TestListener
	at TestListener.sampleAfterTestCase(TestListener.groovy:45)
	at TestListener.invokeMethod(TestListener.groovy)
	at com.kms.katalon.core.context.internal.TestHooker.invokeMethod(TestHooker.java:111)
	at com.kms.katalon.core.context.internal.TestHooker.lambda$3(TestHooker.java:95)
	at com.kms.katalon.core.context.internal.TestHooker.invokeContextMethods(TestHooker.java:94)
	at com.kms.katalon.core.context.internal.TestListenerCollector.lambda$3(TestListenerCollector.java:88)
	at com.kms.katalon.core.context.internal.TestListenerCollector.handleListenerEvent(TestListenerCollector.java:85)
	at com.kms.katalon.core.context.internal.ExecutionEventManager.publicEvent(ExecutionEventManager.java:36)
	at com.kms.katalon.core.main.TestCaseExecutor.execute(TestCaseExecutor.java:315)
	at com.kms.katalon.core.common.CommonExecutor.accessTestCaseMainPhase(CommonExecutor.java:65)
	at com.kms.katalon.core.main.TestSuiteExecutor.accessTestSuiteMainPhase(TestSuiteExecutor.java:151)
	at com.kms.katalon.core.main.TestSuiteExecutor.execute(TestSuiteExecutor.java:106)
	at com.kms.katalon.core.main.TestCaseMain.startTestSuite(TestCaseMain.java:185)
	at com.kms.katalon.core.main.TestCaseMain$startTestSuite$0.call(Unknown Source)
	at TempTestSuite1677690290717.run(TempTestSuite1677690290717.groovy:36)


2023-03-01 18:06:10 - [MESSAGE][ERROR] - groovy.lang.MissingPropertyException: No such property: printtestCaseContext for class: TestListener
	at TestListener.sampleAfterTestCase(TestListener.groovy:45)
	at TestListener.invokeMethod(TestListener.groovy)
	at com.kms.katalon.core.context.internal.TestHooker.invokeMethod(TestHooker.java:111)
	at com.kms.katalon.core.context.internal.TestHooker.lambda$3(TestHooker.java:95)
	at com.kms.katalon.core.context.internal.TestHooker.invokeContextMethods(TestHooker.java:94)
	at com.kms.katalon.core.context.internal.TestListenerCollector.lambda$3(TestListenerCollector.java:88)
	at com.kms.katalon.core.context.internal.TestListenerCollector.handleListenerEvent(TestListenerCollector.java:85)
	at com.kms.katalon.core.context.internal.ExecutionEventManager.publicEvent(ExecutionEventManager.java:36)
	at com.kms.katalon.core.main.TestCaseExecutor.execute(TestCaseExecutor.java:315)
	at com.kms.katalon.core.common.CommonExecutor.accessTestCaseMainPhase(CommonExecutor.java:65)
	at com.kms.katalon.core.main.TestSuiteExecutor.accessTestSuiteMainPhase(TestSuiteExecutor.java:151)
	at com.kms.katalon.core.main.TestSuiteExecutor.execute(TestSuiteExecutor.java:106)
	at com.kms.katalon.core.main.TestCaseMain.startTestSuite(TestCaseMain.java:185)
	at com.kms.katalon.core.main.TestCaseMain$startTestSuite$0.call(Unknown Source)
	at TempTestSuite1677690290717.run(TempTestSuite1677690290717.groovy:36)]]></system-out>
         <system-err><![CDATA[]]></system-err>
      </testcase>
      <testcase name="Test Cases/Login/Cancel Reset User Password" time="18.248" classname="Test Cases/Login/Cancel Reset User Password" status="PASSED">
         <system-out><![CDATA[2023-03-01 18:06:10 - [TEST_CASE][PASSED] - Test Cases/Login/Cancel Reset User Password: Test Cases/Login/Cancel Reset User Password

2023-03-01 18:06:10 - [TEST_STEP][PASSED] - Start listener action : sampleBeforeTestCase: Current window maximized

2023-03-01 18:06:10 - [TEST_STEP][PASSED] - println(testCaseContext.getTestCaseId()): null

2023-03-01 18:06:10 - [TEST_STEP][PASSED] - println(testCaseContext.getTestCaseVariables()): null

2023-03-01 18:06:10 - [TEST_STEP][PASSED] - openBrowser(baseURL): Browser is opened with url: 'https://opensource-demo.orangehrmlive.com/web/index.php/auth/login'

2023-03-01 18:06:10 - [MESSAGE][WARNING] - A browser is already opened. Closing browser and opening a new one

2023-03-01 18:06:11 - [MESSAGE][INFO] - Starting 'Firefox' driver

2023-03-01 18:06:11 - [MESSAGE][INFO] - Action delay is set to 1,000 milliseconds

2023-03-01 18:06:19 - [MESSAGE][PASSED] - Browser is opened with url: 'https://opensource-demo.orangehrmlive.com/web/index.php/auth/login'

2023-03-01 18:06:19 - [TEST_STEP][PASSED] - maximizeWindow(): Current window maximized

2023-03-01 18:06:19 - [MESSAGE][PASSED] - Current window maximized

2023-03-01 18:06:20 - [TEST_STEP][PASSED] - click(findTestObject("Login Page/link_Forgot your password")): Object: 'Object Repository/Login Page/link_Forgot your password' is clicked on

2023-03-01 18:06:23 - [MESSAGE][PASSED] - Object: 'Object Repository/Login Page/link_Forgot your password' is clicked on

2023-03-01 18:06:23 - [TEST_STEP][PASSED] - sendKeys(findTestObject("Reset Password Page/textbox_Username"), "Admin"): Keys 'Admin' sent to object: 'Object Repository/Reset Password Page/textbox_Username'

2023-03-01 18:06:24 - [MESSAGE][PASSED] - Keys 'Admin' sent to object: 'Object Repository/Reset Password Page/textbox_Username'

2023-03-01 18:06:24 - [TEST_STEP][PASSED] - click(findTestObject("Reset Password Page/button_Cancel")): Object: 'Object Repository/Reset Password Page/button_Cancel' is clicked on

2023-03-01 18:06:26 - [MESSAGE][PASSED] - Object: 'Object Repository/Reset Password Page/button_Cancel' is clicked on

2023-03-01 18:06:26 - [TEST_STEP][PASSED] - verifyElementPresent(findTestObject("Login Page/textbox_Username"), 10): Object 'Object Repository/Login Page/textbox_Username' is present

2023-03-01 18:06:27 - [MESSAGE][PASSED] - Object 'Object Repository/Login Page/textbox_Username' is present

2023-03-01 18:06:27 - [TEST_STEP][PASSED] - verifyElementPresent(findTestObject("Login Page/textbox_Password"), 10): Object 'Object Repository/Login Page/textbox_Password' is present

2023-03-01 18:06:28 - [MESSAGE][PASSED] - Object 'Object Repository/Login Page/textbox_Password' is present

2023-03-01 18:06:28 - [TEST_STEP][PASSED] - verifyElementPresent(findTestObject("Login Page/button_Login"), 10): Object 'Object Repository/Login Page/button_Login' is present

2023-03-01 18:06:28 - [MESSAGE][PASSED] - Object 'Object Repository/Login Page/button_Login' is present

2023-03-01 18:06:28 - [TEST_STEP][ERROR] - Start listener action : sampleAfterTestCase: groovy.lang.MissingPropertyException: No such property: printtestCaseContext for class: TestListener
	at TestListener.sampleAfterTestCase(TestListener.groovy:45)
	at TestListener.invokeMethod(TestListener.groovy)
	at com.kms.katalon.core.context.internal.TestHooker.invokeMethod(TestHooker.java:111)
	at com.kms.katalon.core.context.internal.TestHooker.lambda$3(TestHooker.java:95)
	at com.kms.katalon.core.context.internal.TestHooker.invokeContextMethods(TestHooker.java:94)
	at com.kms.katalon.core.context.internal.TestListenerCollector.lambda$3(TestListenerCollector.java:88)
	at com.kms.katalon.core.context.internal.TestListenerCollector.handleListenerEvent(TestListenerCollector.java:85)
	at com.kms.katalon.core.context.internal.ExecutionEventManager.publicEvent(ExecutionEventManager.java:36)
	at com.kms.katalon.core.main.TestCaseExecutor.execute(TestCaseExecutor.java:315)
	at com.kms.katalon.core.common.CommonExecutor.accessTestCaseMainPhase(CommonExecutor.java:65)
	at com.kms.katalon.core.main.TestSuiteExecutor.accessTestSuiteMainPhase(TestSuiteExecutor.java:151)
	at com.kms.katalon.core.main.TestSuiteExecutor.execute(TestSuiteExecutor.java:106)
	at com.kms.katalon.core.main.TestCaseMain.startTestSuite(TestCaseMain.java:185)
	at com.kms.katalon.core.main.TestCaseMain$startTestSuite$0.call(Unknown Source)
	at TempTestSuite1677690290717.run(TempTestSuite1677690290717.groovy:36)


2023-03-01 18:06:28 - [TEST_STEP][PASSED] - println(testCaseContext.getTestCaseId() + " - "): null

2023-03-01 18:06:28 - [TEST_STEP][ERROR] - println(printtestCaseContext.getTestCaseStatus()): groovy.lang.MissingPropertyException: No such property: printtestCaseContext for class: TestListener
	at TestListener.sampleAfterTestCase(TestListener.groovy:45)
	at TestListener.invokeMethod(TestListener.groovy)
	at com.kms.katalon.core.context.internal.TestHooker.invokeMethod(TestHooker.java:111)
	at com.kms.katalon.core.context.internal.TestHooker.lambda$3(TestHooker.java:95)
	at com.kms.katalon.core.context.internal.TestHooker.invokeContextMethods(TestHooker.java:94)
	at com.kms.katalon.core.context.internal.TestListenerCollector.lambda$3(TestListenerCollector.java:88)
	at com.kms.katalon.core.context.internal.TestListenerCollector.handleListenerEvent(TestListenerCollector.java:85)
	at com.kms.katalon.core.context.internal.ExecutionEventManager.publicEvent(ExecutionEventManager.java:36)
	at com.kms.katalon.core.main.TestCaseExecutor.execute(TestCaseExecutor.java:315)
	at com.kms.katalon.core.common.CommonExecutor.accessTestCaseMainPhase(CommonExecutor.java:65)
	at com.kms.katalon.core.main.TestSuiteExecutor.accessTestSuiteMainPhase(TestSuiteExecutor.java:151)
	at com.kms.katalon.core.main.TestSuiteExecutor.execute(TestSuiteExecutor.java:106)
	at com.kms.katalon.core.main.TestCaseMain.startTestSuite(TestCaseMain.java:185)
	at com.kms.katalon.core.main.TestCaseMain$startTestSuite$0.call(Unknown Source)
	at TempTestSuite1677690290717.run(TempTestSuite1677690290717.groovy:36)


2023-03-01 18:06:28 - [MESSAGE][ERROR] - groovy.lang.MissingPropertyException: No such property: printtestCaseContext for class: TestListener
	at TestListener.sampleAfterTestCase(TestListener.groovy:45)
	at TestListener.invokeMethod(TestListener.groovy)
	at com.kms.katalon.core.context.internal.TestHooker.invokeMethod(TestHooker.java:111)
	at com.kms.katalon.core.context.internal.TestHooker.lambda$3(TestHooker.java:95)
	at com.kms.katalon.core.context.internal.TestHooker.invokeContextMethods(TestHooker.java:94)
	at com.kms.katalon.core.context.internal.TestListenerCollector.lambda$3(TestListenerCollector.java:88)
	at com.kms.katalon.core.context.internal.TestListenerCollector.handleListenerEvent(TestListenerCollector.java:85)
	at com.kms.katalon.core.context.internal.ExecutionEventManager.publicEvent(ExecutionEventManager.java:36)
	at com.kms.katalon.core.main.TestCaseExecutor.execute(TestCaseExecutor.java:315)
	at com.kms.katalon.core.common.CommonExecutor.accessTestCaseMainPhase(CommonExecutor.java:65)
	at com.kms.katalon.core.main.TestSuiteExecutor.accessTestSuiteMainPhase(TestSuiteExecutor.java:151)
	at com.kms.katalon.core.main.TestSuiteExecutor.execute(TestSuiteExecutor.java:106)
	at com.kms.katalon.core.main.TestCaseMain.startTestSuite(TestCaseMain.java:185)
	at com.kms.katalon.core.main.TestCaseMain$startTestSuite$0.call(Unknown Source)
	at TempTestSuite1677690290717.run(TempTestSuite1677690290717.groovy:36)]]></system-out>
         <system-err><![CDATA[]]></system-err>
      </testcase>
      <testcase name="Test Cases/Login/Social Media Links Verification" time="20.352" classname="Test Cases/Login/Social Media Links Verification" status="PASSED">
         <system-out><![CDATA[2023-03-01 18:06:28 - [TEST_CASE][PASSED] - Test Cases/Login/Social Media Links Verification: Test Cases/Login/Social Media Links Verification

2023-03-01 18:06:28 - [TEST_STEP][PASSED] - Start listener action : sampleBeforeTestCase: Current window maximized

2023-03-01 18:06:28 - [TEST_STEP][PASSED] - println(testCaseContext.getTestCaseId()): null

2023-03-01 18:06:28 - [TEST_STEP][PASSED] - println(testCaseContext.getTestCaseVariables()): null

2023-03-01 18:06:28 - [TEST_STEP][PASSED] - openBrowser(baseURL): Browser is opened with url: 'https://opensource-demo.orangehrmlive.com/web/index.php/auth/login'

2023-03-01 18:06:28 - [MESSAGE][WARNING] - A browser is already opened. Closing browser and opening a new one

2023-03-01 18:06:30 - [MESSAGE][INFO] - Starting 'Firefox' driver

2023-03-01 18:06:30 - [MESSAGE][INFO] - Action delay is set to 1,000 milliseconds

2023-03-01 18:06:40 - [MESSAGE][PASSED] - Browser is opened with url: 'https://opensource-demo.orangehrmlive.com/web/index.php/auth/login'

2023-03-01 18:06:40 - [TEST_STEP][PASSED] - maximizeWindow(): Current window maximized

2023-03-01 18:06:40 - [MESSAGE][PASSED] - Current window maximized

2023-03-01 18:06:41 - [TEST_STEP][PASSED] - waitForPageLoad(10): Wait for page load successfully

2023-03-01 18:06:42 - [MESSAGE][PASSED] - Wait for page load successfully

2023-03-01 18:06:42 - [TEST_STEP][PASSED] - verifyLinksAccessible([social_media_link_1, social_media_link_2, social_media_link_3]): All links are accessible

2023-03-01 18:06:47 - [MESSAGE][INFO] - HAR: C:\Users\PC\Desktop\Katalon Projects\Orange Web Test Automation\Reports\20230301_180449\Login Test Suite\20230301_180450\requests\main\0.har

2023-03-01 18:06:48 - [MESSAGE][PASSED] - Send request successfully

2023-03-01 18:06:48 - [MESSAGE][INFO] - HAR: C:\Users\PC\Desktop\Katalon Projects\Orange Web Test Automation\Reports\20230301_180449\Login Test Suite\20230301_180450\requests\main\1.har

2023-03-01 18:06:48 - [MESSAGE][PASSED] - Send request successfully

2023-03-01 18:06:49 - [MESSAGE][INFO] - HAR: C:\Users\PC\Desktop\Katalon Projects\Orange Web Test Automation\Reports\20230301_180449\Login Test Suite\20230301_180450\requests\main\2.har

2023-03-01 18:06:49 - [MESSAGE][PASSED] - Send request successfully

2023-03-01 18:06:49 - [MESSAGE][PASSED] - All links are accessible

2023-03-01 18:06:49 - [TEST_STEP][ERROR] - Start listener action : sampleAfterTestCase: groovy.lang.MissingPropertyException: No such property: printtestCaseContext for class: TestListener
	at TestListener.sampleAfterTestCase(TestListener.groovy:45)
	at TestListener.invokeMethod(TestListener.groovy)
	at com.kms.katalon.core.context.internal.TestHooker.invokeMethod(TestHooker.java:111)
	at com.kms.katalon.core.context.internal.TestHooker.lambda$3(TestHooker.java:95)
	at com.kms.katalon.core.context.internal.TestHooker.invokeContextMethods(TestHooker.java:94)
	at com.kms.katalon.core.context.internal.TestListenerCollector.lambda$3(TestListenerCollector.java:88)
	at com.kms.katalon.core.context.internal.TestListenerCollector.handleListenerEvent(TestListenerCollector.java:85)
	at com.kms.katalon.core.context.internal.ExecutionEventManager.publicEvent(ExecutionEventManager.java:36)
	at com.kms.katalon.core.main.TestCaseExecutor.execute(TestCaseExecutor.java:315)
	at com.kms.katalon.core.common.CommonExecutor.accessTestCaseMainPhase(CommonExecutor.java:65)
	at com.kms.katalon.core.main.TestSuiteExecutor.accessTestSuiteMainPhase(TestSuiteExecutor.java:151)
	at com.kms.katalon.core.main.TestSuiteExecutor.execute(TestSuiteExecutor.java:106)
	at com.kms.katalon.core.main.TestCaseMain.startTestSuite(TestCaseMain.java:185)
	at com.kms.katalon.core.main.TestCaseMain$startTestSuite$0.call(Unknown Source)
	at TempTestSuite1677690290717.run(TempTestSuite1677690290717.groovy:36)


2023-03-01 18:06:49 - [TEST_STEP][PASSED] - println(testCaseContext.getTestCaseId() + " - "): null

2023-03-01 18:06:49 - [TEST_STEP][ERROR] - println(printtestCaseContext.getTestCaseStatus()): groovy.lang.MissingPropertyException: No such property: printtestCaseContext for class: TestListener
	at TestListener.sampleAfterTestCase(TestListener.groovy:45)
	at TestListener.invokeMethod(TestListener.groovy)
	at com.kms.katalon.core.context.internal.TestHooker.invokeMethod(TestHooker.java:111)
	at com.kms.katalon.core.context.internal.TestHooker.lambda$3(TestHooker.java:95)
	at com.kms.katalon.core.context.internal.TestHooker.invokeContextMethods(TestHooker.java:94)
	at com.kms.katalon.core.context.internal.TestListenerCollector.lambda$3(TestListenerCollector.java:88)
	at com.kms.katalon.core.context.internal.TestListenerCollector.handleListenerEvent(TestListenerCollector.java:85)
	at com.kms.katalon.core.context.internal.ExecutionEventManager.publicEvent(ExecutionEventManager.java:36)
	at com.kms.katalon.core.main.TestCaseExecutor.execute(TestCaseExecutor.java:315)
	at com.kms.katalon.core.common.CommonExecutor.accessTestCaseMainPhase(CommonExecutor.java:65)
	at com.kms.katalon.core.main.TestSuiteExecutor.accessTestSuiteMainPhase(TestSuiteExecutor.java:151)
	at com.kms.katalon.core.main.TestSuiteExecutor.execute(TestSuiteExecutor.java:106)
	at com.kms.katalon.core.main.TestCaseMain.startTestSuite(TestCaseMain.java:185)
	at com.kms.katalon.core.main.TestCaseMain$startTestSuite$0.call(Unknown Source)
	at TempTestSuite1677690290717.run(TempTestSuite1677690290717.groovy:36)


2023-03-01 18:06:49 - [MESSAGE][ERROR] - groovy.lang.MissingPropertyException: No such property: printtestCaseContext for class: TestListener
	at TestListener.sampleAfterTestCase(TestListener.groovy:45)
	at TestListener.invokeMethod(TestListener.groovy)
	at com.kms.katalon.core.context.internal.TestHooker.invokeMethod(TestHooker.java:111)
	at com.kms.katalon.core.context.internal.TestHooker.lambda$3(TestHooker.java:95)
	at com.kms.katalon.core.context.internal.TestHooker.invokeContextMethods(TestHooker.java:94)
	at com.kms.katalon.core.context.internal.TestListenerCollector.lambda$3(TestListenerCollector.java:88)
	at com.kms.katalon.core.context.internal.TestListenerCollector.handleListenerEvent(TestListenerCollector.java:85)
	at com.kms.katalon.core.context.internal.ExecutionEventManager.publicEvent(ExecutionEventManager.java:36)
	at com.kms.katalon.core.main.TestCaseExecutor.execute(TestCaseExecutor.java:315)
	at com.kms.katalon.core.common.CommonExecutor.accessTestCaseMainPhase(CommonExecutor.java:65)
	at com.kms.katalon.core.main.TestSuiteExecutor.accessTestSuiteMainPhase(TestSuiteExecutor.java:151)
	at com.kms.katalon.core.main.TestSuiteExecutor.execute(TestSuiteExecutor.java:106)
	at com.kms.katalon.core.main.TestCaseMain.startTestSuite(TestCaseMain.java:185)
	at com.kms.katalon.core.main.TestCaseMain$startTestSuite$0.call(Unknown Source)
	at TempTestSuite1677690290717.run(TempTestSuite1677690290717.groovy:36)]]></system-out>
         <system-err><![CDATA[]]></system-err>
      </testcase>
      <system-out><![CDATA[2023-03-01 18:05:15 - [TEST_SUITE][PASSED] - Login Test Suite: Test Cases/Login/Social Media Links Verification]]></system-out>
      <system-err><![CDATA[]]></system-err>
   </testsuite>
   <testsuite name="User Management Suite" tests="3" failures="0" errors="0" time="113.95" skipped="0" timestamp="2023-03-01 18:05:26" hostname="PC - host.docker.internal" id="Test Suites/User Management Suite">
      <properties>
         <property name="deviceName" value=""/>
         <property name="devicePlatform" value=""/>
         <property name="logFolder" value="C:\\Users\\PC\\Desktop\\Katalon Projects\\Orange Web Test Automation\\Reports\\20230301_180449\\User Management Suite\\20230301_180452"/>
         <property name="logFiles" value="C:\\Users\\PC\\Desktop\\Katalon Projects\\Orange Web Test Automation\\Reports\\20230301_180449\\User Management Suite\\20230301_180452\\execution0.log"/>
         <property name="attachments" value="keyes\keyes-Entered User Info.png"/>
         <property name="hostName" value="PC - host.docker.internal"/>
         <property name="os" value="Windows 10 64bit"/>
         <property name="katalonVersion" value="8.5.5.208"/>
         <property name="browser" value="Chrome 110.0.0.0"/>
         <property name="hostAddress" value="192.168.0.23"/>
         <property name="sessionId" value="1a8332c290f9e91e2e2c687c29647b2b"/>
         <property name="seleniumVersion" value="3.141.59"/>
         <property name="proxyInformation" value="ProxyInformation { proxyOption=NO_PROXY, proxyServerType=HTTP, username=, password=********, proxyServerAddress=, proxyServerPort=0, executionList=&quot;&quot;, isApplyToDesiredCapabilities=true }"/>
         <property name="platform" value="Windows 10"/>
      </properties>
      <testcase name="Test Cases/Admin Page/User Management/Add User" time="46.691" classname="Test Cases/Admin Page/User Management/Add User" status="PASSED">
         <system-out><![CDATA[2023-03-01 18:05:26 - [TEST_CASE][PASSED] - Test Cases/Admin Page/User Management/Add User: Test Cases/Admin Page/User Management/Add User

2023-03-01 18:05:26 - [TEST_STEP][PASSED] - Start listener action : sampleBeforeTestCase: Current window maximized

2023-03-01 18:05:26 - [TEST_STEP][PASSED] - println(testCaseContext.getTestCaseId()): null

2023-03-01 18:05:26 - [TEST_STEP][PASSED] - println(testCaseContext.getTestCaseVariables()): null

2023-03-01 18:05:26 - [TEST_STEP][PASSED] - openBrowser(baseURL): Browser is opened with url: 'https://opensource-demo.orangehrmlive.com/web/index.php/auth/login'

2023-03-01 18:05:27 - [MESSAGE][INFO] - Starting 'Chrome' driver

2023-03-01 18:05:27 - [MESSAGE][INFO] - Action delay is set to 1,000 milliseconds

2023-03-01 18:05:33 - [MESSAGE][PASSED] - Browser is opened with url: 'https://opensource-demo.orangehrmlive.com/web/index.php/auth/login'

2023-03-01 18:05:33 - [TEST_STEP][PASSED] - maximizeWindow(): Current window maximized

2023-03-01 18:05:33 - [MESSAGE][PASSED] - Current window maximized

2023-03-01 18:05:33 - [TEST_STEP][PASSED] - Start setup action : setupTestCase: Method 'setupTestCase' complete successfully

2023-03-01 18:05:34 - [TEST_STEP][PASSED] - orange.keywords.userLogin(findTestObject("Login Page/textbox_Username"), username, findTestObject("Login Page/textbox_Password"), password, findTestObject("Login Page/button_Login")): orange.keywords.userLogin is PASSED

2023-03-01 18:05:41 - [MESSAGE][PASSED] - orange.keywords.userLogin is PASSED

2023-03-01 18:05:41 - [MESSAGE][PASSED] - Method 'setupTestCase' complete successfully

2023-03-01 18:05:42 - [TEST_STEP][PASSED] - click(findTestObject("Navigation Sidebar/a_Admin")): Object: 'Object Repository/Navigation Sidebar/a_Admin' is clicked on

2023-03-01 18:05:44 - [MESSAGE][PASSED] - Object: 'Object Repository/Navigation Sidebar/a_Admin' is clicked on

2023-03-01 18:05:44 - [TEST_STEP][PASSED] - click(findTestObject("Admin Page/Nationalities/button_Add")): Object: 'Object Repository/Admin Page/Nationalities/button_Add' is clicked on

2023-03-01 18:05:47 - [MESSAGE][PASSED] - Object: 'Object Repository/Admin Page/Nationalities/button_Add' is clicked on

2023-03-01 18:05:47 - [TEST_STEP][PASSED] - click(findTestObject("Admin Page/User Management/dropdown_Select")): Object: 'Object Repository/Admin Page/User Management/dropdown_Select' is clicked on

2023-03-01 18:05:49 - [MESSAGE][PASSED] - Object: 'Object Repository/Admin Page/User Management/dropdown_Select' is clicked on

2023-03-01 18:05:49 - [TEST_STEP][PASSED] - click(findTestObject("Admin Page/User Management/option_Admin")): Object: 'Object Repository/Admin Page/User Management/option_Admin' is clicked on

2023-03-01 18:05:51 - [MESSAGE][PASSED] - Object: 'Object Repository/Admin Page/User Management/option_Admin' is clicked on

2023-03-01 18:05:51 - [TEST_STEP][PASSED] - click(findTestObject("Admin Page/User Management/dropdown_Select")): Object: 'Object Repository/Admin Page/User Management/dropdown_Select' is clicked on

2023-03-01 18:05:53 - [MESSAGE][PASSED] - Object: 'Object Repository/Admin Page/User Management/dropdown_Select' is clicked on

2023-03-01 18:05:53 - [TEST_STEP][PASSED] - click(findTestObject("Admin Page/User Management/option_Enabled")): Object: 'Object Repository/Admin Page/User Management/option_Enabled' is clicked on

2023-03-01 18:05:54 - [MESSAGE][PASSED] - Object: 'Object Repository/Admin Page/User Management/option_Enabled' is clicked on

2023-03-01 18:05:54 - [TEST_STEP][PASSED] - sendKeys(findTestObject("Admin Page/User Management/textbox_EmployeeName"), "m"): Keys 'm' sent to object: 'Object Repository/Admin Page/User Management/textbox_EmployeeName'

2023-03-01 18:05:56 - [MESSAGE][PASSED] - Keys 'm' sent to object: 'Object Repository/Admin Page/User Management/textbox_EmployeeName'

2023-03-01 18:05:56 - [TEST_STEP][PASSED] - waitForElementPresent(findTestObject("Admin Page/User Management/dropdown_table"), 10): Object 'Object Repository/Admin Page/User Management/dropdown_table' is present

2023-03-01 18:05:56 - [MESSAGE][PASSED] - Object 'Object Repository/Admin Page/User Management/dropdown_table' is present

2023-03-01 18:05:56 - [TEST_STEP][PASSED] - waitForElementClickable(findTestObject("Admin Page/User Management/dropdown_EmployeeName_option"), 10): Object 'Object Repository/Admin Page/User Management/dropdown_EmployeeName_option' is clickable

2023-03-01 18:05:58 - [MESSAGE][PASSED] - Object 'Object Repository/Admin Page/User Management/dropdown_EmployeeName_option' is clickable

2023-03-01 18:05:58 - [TEST_STEP][PASSED] - orange.keywords.randomClick(findTestObject("Admin Page/User Management/dropdown_EmployeeName_option")): orange.keywords.randomClick is PASSED

2023-03-01 18:05:59 - [MESSAGE][PASSED] - orange.keywords.randomClick is PASSED

2023-03-01 18:05:59 - [TEST_STEP][PASSED] - sendKeys(findTestObject("Admin Page/User Management/textbox_Username"), "Marco DiVaio"): Keys 'Marco DiVaio' sent to object: 'Object Repository/Admin Page/User Management/textbox_Username'

2023-03-01 18:06:01 - [MESSAGE][PASSED] - Keys 'Marco DiVaio' sent to object: 'Object Repository/Admin Page/User Management/textbox_Username'

2023-03-01 18:06:01 - [TEST_STEP][PASSED] - setEncryptedText(findTestObject("Admin Page/User Management/textbox_Password"), "zow4LEKZVFY9FezsXiYM4A=="): Text ****** has been set on object 'Object Repository/Admin Page/User Management/textbox_Password'

2023-03-01 18:06:04 - [MESSAGE][PASSED] - Text ****** has been set on object 'Object Repository/Admin Page/User Management/textbox_Password'

2023-03-01 18:06:04 - [TEST_STEP][PASSED] - setEncryptedText(findTestObject("Admin Page/User Management/textbox_Confirm Password"), "zow4LEKZVFY9FezsXiYM4A=="): Text ****** has been set on object 'Object Repository/Admin Page/User Management/textbox_Confirm Password'

2023-03-01 18:06:07 - [MESSAGE][PASSED] - Text ****** has been set on object 'Object Repository/Admin Page/User Management/textbox_Confirm Password'

2023-03-01 18:06:07 - [TEST_STEP][PASSED] - click(findTestObject("Admin Page/Nationalities/button_Save")): Object: 'Object Repository/Admin Page/Nationalities/button_Save' is clicked on

2023-03-01 18:06:09 - [MESSAGE][PASSED] - Object: 'Object Repository/Admin Page/Nationalities/button_Save' is clicked on

2023-03-01 18:06:09 - [TEST_STEP][PASSED] - takeScreenshotAsCheckpoint("Entered User Info"): Taking screenshot successfully

2023-03-01 18:06:10 - [MESSAGE][INFO] - 0 hidden object(s)

2023-03-01 18:06:11 - [MESSAGE][PASSED] - Taking screenshot successfully
[[ATTACHMENT|keyes\keyes-Entered User Info.png]]

2023-03-01 18:06:11 - [TEST_STEP][PASSED] - waitForElementPresent(findTestObject("Confirmation messages/message_SuccessSuccessfullySaved"), 10): Object 'Object Repository/Confirmation messages/message_SuccessSuccessfullySaved' is present

2023-03-01 18:06:12 - [MESSAGE][PASSED] - Object 'Object Repository/Confirmation messages/message_SuccessSuccessfullySaved' is present

2023-03-01 18:06:12 - [TEST_STEP][PASSED] - verifyElementPresent(findTestObject("Confirmation messages/message_SuccessSuccessfullySaved"), 10): Object 'Object Repository/Confirmation messages/message_SuccessSuccessfullySaved' is present

2023-03-01 18:06:13 - [MESSAGE][PASSED] - Object 'Object Repository/Confirmation messages/message_SuccessSuccessfullySaved' is present

2023-03-01 18:06:13 - [TEST_STEP][ERROR] - Start listener action : sampleAfterTestCase: groovy.lang.MissingPropertyException: No such property: printtestCaseContext for class: TestListener
	at TestListener.sampleAfterTestCase(TestListener.groovy:45)
	at TestListener.invokeMethod(TestListener.groovy)
	at com.kms.katalon.core.context.internal.TestHooker.invokeMethod(TestHooker.java:111)
	at com.kms.katalon.core.context.internal.TestHooker.lambda$3(TestHooker.java:95)
	at com.kms.katalon.core.context.internal.TestHooker.invokeContextMethods(TestHooker.java:94)
	at com.kms.katalon.core.context.internal.TestListenerCollector.lambda$3(TestListenerCollector.java:88)
	at com.kms.katalon.core.context.internal.TestListenerCollector.handleListenerEvent(TestListenerCollector.java:85)
	at com.kms.katalon.core.context.internal.ExecutionEventManager.publicEvent(ExecutionEventManager.java:36)
	at com.kms.katalon.core.main.TestCaseExecutor.execute(TestCaseExecutor.java:315)
	at com.kms.katalon.core.common.CommonExecutor.accessTestCaseMainPhase(CommonExecutor.java:65)
	at com.kms.katalon.core.main.TestSuiteExecutor.accessTestSuiteMainPhase(TestSuiteExecutor.java:151)
	at com.kms.katalon.core.main.TestSuiteExecutor.execute(TestSuiteExecutor.java:106)
	at com.kms.katalon.core.main.TestCaseMain.startTestSuite(TestCaseMain.java:185)
	at com.kms.katalon.core.main.TestCaseMain$startTestSuite$0.call(Unknown Source)
	at TempTestSuite1677690292871.run(TempTestSuite1677690292871.groovy:36)


2023-03-01 18:06:13 - [TEST_STEP][PASSED] - println(testCaseContext.getTestCaseId() + " - "): null

2023-03-01 18:06:13 - [TEST_STEP][ERROR] - println(printtestCaseContext.getTestCaseStatus()): groovy.lang.MissingPropertyException: No such property: printtestCaseContext for class: TestListener
	at TestListener.sampleAfterTestCase(TestListener.groovy:45)
	at TestListener.invokeMethod(TestListener.groovy)
	at com.kms.katalon.core.context.internal.TestHooker.invokeMethod(TestHooker.java:111)
	at com.kms.katalon.core.context.internal.TestHooker.lambda$3(TestHooker.java:95)
	at com.kms.katalon.core.context.internal.TestHooker.invokeContextMethods(TestHooker.java:94)
	at com.kms.katalon.core.context.internal.TestListenerCollector.lambda$3(TestListenerCollector.java:88)
	at com.kms.katalon.core.context.internal.TestListenerCollector.handleListenerEvent(TestListenerCollector.java:85)
	at com.kms.katalon.core.context.internal.ExecutionEventManager.publicEvent(ExecutionEventManager.java:36)
	at com.kms.katalon.core.main.TestCaseExecutor.execute(TestCaseExecutor.java:315)
	at com.kms.katalon.core.common.CommonExecutor.accessTestCaseMainPhase(CommonExecutor.java:65)
	at com.kms.katalon.core.main.TestSuiteExecutor.accessTestSuiteMainPhase(TestSuiteExecutor.java:151)
	at com.kms.katalon.core.main.TestSuiteExecutor.execute(TestSuiteExecutor.java:106)
	at com.kms.katalon.core.main.TestCaseMain.startTestSuite(TestCaseMain.java:185)
	at com.kms.katalon.core.main.TestCaseMain$startTestSuite$0.call(Unknown Source)
	at TempTestSuite1677690292871.run(TempTestSuite1677690292871.groovy:36)


2023-03-01 18:06:13 - [MESSAGE][ERROR] - groovy.lang.MissingPropertyException: No such property: printtestCaseContext for class: TestListener
	at TestListener.sampleAfterTestCase(TestListener.groovy:45)
	at TestListener.invokeMethod(TestListener.groovy)
	at com.kms.katalon.core.context.internal.TestHooker.invokeMethod(TestHooker.java:111)
	at com.kms.katalon.core.context.internal.TestHooker.lambda$3(TestHooker.java:95)
	at com.kms.katalon.core.context.internal.TestHooker.invokeContextMethods(TestHooker.java:94)
	at com.kms.katalon.core.context.internal.TestListenerCollector.lambda$3(TestListenerCollector.java:88)
	at com.kms.katalon.core.context.internal.TestListenerCollector.handleListenerEvent(TestListenerCollector.java:85)
	at com.kms.katalon.core.context.internal.ExecutionEventManager.publicEvent(ExecutionEventManager.java:36)
	at com.kms.katalon.core.main.TestCaseExecutor.execute(TestCaseExecutor.java:315)
	at com.kms.katalon.core.common.CommonExecutor.accessTestCaseMainPhase(CommonExecutor.java:65)
	at com.kms.katalon.core.main.TestSuiteExecutor.accessTestSuiteMainPhase(TestSuiteExecutor.java:151)
	at com.kms.katalon.core.main.TestSuiteExecutor.execute(TestSuiteExecutor.java:106)
	at com.kms.katalon.core.main.TestCaseMain.startTestSuite(TestCaseMain.java:185)
	at com.kms.katalon.core.main.TestCaseMain$startTestSuite$0.call(Unknown Source)
	at TempTestSuite1677690292871.run(TempTestSuite1677690292871.groovy:36)]]></system-out>
         <system-err><![CDATA[]]></system-err>
      </testcase>
      <testcase name="Test Cases/Admin Page/User Management/Edit User" time="42.735" classname="Test Cases/Admin Page/User Management/Edit User" status="PASSED">
         <system-out><![CDATA[2023-03-01 18:06:13 - [TEST_CASE][PASSED] - Test Cases/Admin Page/User Management/Edit User: Test Cases/Admin Page/User Management/Edit User

2023-03-01 18:06:13 - [TEST_STEP][PASSED] - Start listener action : sampleBeforeTestCase: Current window maximized

2023-03-01 18:06:13 - [TEST_STEP][PASSED] - println(testCaseContext.getTestCaseId()): null

2023-03-01 18:06:13 - [TEST_STEP][PASSED] - println(testCaseContext.getTestCaseVariables()): null

2023-03-01 18:06:13 - [TEST_STEP][PASSED] - openBrowser(baseURL): Browser is opened with url: 'https://opensource-demo.orangehrmlive.com/web/index.php/auth/login'

2023-03-01 18:06:13 - [MESSAGE][WARNING] - A browser is already opened. Closing browser and opening a new one

2023-03-01 18:06:14 - [MESSAGE][INFO] - Starting 'Chrome' driver

2023-03-01 18:06:14 - [MESSAGE][INFO] - Action delay is set to 1,000 milliseconds

2023-03-01 18:06:18 - [MESSAGE][PASSED] - Browser is opened with url: 'https://opensource-demo.orangehrmlive.com/web/index.php/auth/login'

2023-03-01 18:06:18 - [TEST_STEP][PASSED] - maximizeWindow(): Current window maximized

2023-03-01 18:06:18 - [MESSAGE][PASSED] - Current window maximized

2023-03-01 18:06:18 - [TEST_STEP][PASSED] - Start setup action : setupTestCase: Method 'setupTestCase' complete successfully

2023-03-01 18:06:18 - [TEST_STEP][PASSED] - orange.keywords.userLogin(findTestObject("Login Page/textbox_Username"), username, findTestObject("Login Page/textbox_Password"), password, findTestObject("Login Page/button_Login")): orange.keywords.userLogin is PASSED

2023-03-01 18:06:24 - [MESSAGE][PASSED] - orange.keywords.userLogin is PASSED

2023-03-01 18:06:24 - [MESSAGE][PASSED] - Method 'setupTestCase' complete successfully

2023-03-01 18:06:25 - [TEST_STEP][PASSED] - click(findTestObject("Navigation Sidebar/a_Admin")): Object: 'Object Repository/Navigation Sidebar/a_Admin' is clicked on

2023-03-01 18:06:28 - [MESSAGE][PASSED] - Object: 'Object Repository/Navigation Sidebar/a_Admin' is clicked on

2023-03-01 18:06:28 - [TEST_STEP][PASSED] - sendKeys(findTestObject("Admin Page/User Management/textbox_System_User"), "Marco DiVaio"): Keys 'Marco DiVaio' sent to object: 'Object Repository/Admin Page/User Management/textbox_System_User'

2023-03-01 18:06:30 - [MESSAGE][PASSED] - Keys 'Marco DiVaio' sent to object: 'Object Repository/Admin Page/User Management/textbox_System_User'

2023-03-01 18:06:30 - [TEST_STEP][PASSED] - click(findTestObject("Admin Page/User Management/button_Search")): Object: 'Object Repository/Admin Page/User Management/button_Search' is clicked on

2023-03-01 18:06:32 - [MESSAGE][PASSED] - Object: 'Object Repository/Admin Page/User Management/button_Search' is clicked on

2023-03-01 18:06:32 - [TEST_STEP][PASSED] - click(findTestObject("Admin Page/User Management/button_Edit")): Object: 'Object Repository/Admin Page/User Management/button_Edit' is clicked on

2023-03-01 18:06:34 - [MESSAGE][PASSED] - Object: 'Object Repository/Admin Page/User Management/button_Edit' is clicked on

2023-03-01 18:06:34 - [TEST_STEP][PASSED] - click(findTestObject("Admin Page/User Management/dropdown_User_Role")): Object: 'Object Repository/Admin Page/User Management/dropdown_User_Role' is clicked on

2023-03-01 18:06:37 - [MESSAGE][PASSED] - Object: 'Object Repository/Admin Page/User Management/dropdown_User_Role' is clicked on

2023-03-01 18:06:37 - [TEST_STEP][PASSED] - click(findTestObject("Admin Page/User Management/option_ESS")): Object: 'Object Repository/Admin Page/User Management/option_ESS' is clicked on

2023-03-01 18:06:38 - [MESSAGE][PASSED] - Object: 'Object Repository/Admin Page/User Management/option_ESS' is clicked on

2023-03-01 18:06:38 - [TEST_STEP][PASSED] - click(findTestObject("Admin Page/User Management/dropdown_Status")): Object: 'Object Repository/Admin Page/User Management/dropdown_Status' is clicked on

2023-03-01 18:06:40 - [MESSAGE][PASSED] - Object: 'Object Repository/Admin Page/User Management/dropdown_Status' is clicked on

2023-03-01 18:06:40 - [TEST_STEP][PASSED] - click(findTestObject("Admin Page/User Management/option_Disabled")): Object: 'Object Repository/Admin Page/User Management/option_Disabled' is clicked on

2023-03-01 18:06:41 - [MESSAGE][PASSED] - Object: 'Object Repository/Admin Page/User Management/option_Disabled' is clicked on

2023-03-01 18:06:41 - [TEST_STEP][PASSED] - sendKeys(findTestObject("Admin Page/User Management/textbox_EmployeeName"), Keys.chord(CONTROL, "a")): Keys 'CONTROL + a' sent to object: 'Object Repository/Admin Page/User Management/textbox_EmployeeName'

2023-03-01 18:06:43 - [MESSAGE][PASSED] - Keys 'CONTROL + a' sent to object: 'Object Repository/Admin Page/User Management/textbox_EmployeeName'

2023-03-01 18:06:43 - [TEST_STEP][PASSED] - sendKeys(findTestObject("Admin Page/User Management/textbox_EmployeeName"), "a"): Keys 'a' sent to object: 'Object Repository/Admin Page/User Management/textbox_EmployeeName'

2023-03-01 18:06:45 - [MESSAGE][PASSED] - Keys 'a' sent to object: 'Object Repository/Admin Page/User Management/textbox_EmployeeName'

2023-03-01 18:06:45 - [TEST_STEP][PASSED] - waitForElementPresent(findTestObject("Admin Page/User Management/dropdown_table"), 10): Object 'Object Repository/Admin Page/User Management/dropdown_table' is present

2023-03-01 18:06:45 - [MESSAGE][PASSED] - Object 'Object Repository/Admin Page/User Management/dropdown_table' is present

2023-03-01 18:06:45 - [TEST_STEP][PASSED] - waitForElementClickable(findTestObject("Admin Page/User Management/dropdown_EmployeeName_option"), 10): Object 'Object Repository/Admin Page/User Management/dropdown_EmployeeName_option' is clickable

2023-03-01 18:06:46 - [MESSAGE][PASSED] - Object 'Object Repository/Admin Page/User Management/dropdown_EmployeeName_option' is clickable

2023-03-01 18:06:46 - [TEST_STEP][PASSED] - orange.keywords.randomClick(findTestObject("Admin Page/User Management/dropdown_EmployeeName_option")): orange.keywords.randomClick is PASSED

2023-03-01 18:06:48 - [MESSAGE][PASSED] - orange.keywords.randomClick is PASSED

2023-03-01 18:06:48 - [TEST_STEP][PASSED] - sendKeys(findTestObject("Admin Page/User Management/textbox_Username"), Keys.chord(CONTROL, "a")): Keys 'CONTROL + a' sent to object: 'Object Repository/Admin Page/User Management/textbox_Username'

2023-03-01 18:06:50 - [MESSAGE][PASSED] - Keys 'CONTROL + a' sent to object: 'Object Repository/Admin Page/User Management/textbox_Username'

2023-03-01 18:06:50 - [TEST_STEP][PASSED] - sendKeys(findTestObject("Admin Page/User Management/textbox_Username_selected"), "Luca Marchegiani"): Keys 'Luca Marchegiani' sent to object: 'Object Repository/Admin Page/User Management/textbox_Username_selected'

2023-03-01 18:06:52 - [MESSAGE][PASSED] - Keys 'Luca Marchegiani' sent to object: 'Object Repository/Admin Page/User Management/textbox_Username_selected'

2023-03-01 18:06:52 - [TEST_STEP][PASSED] - click(findTestObject("Admin Page/Nationalities/button_Save")): Object: 'Object Repository/Admin Page/Nationalities/button_Save' is clicked on

2023-03-01 18:06:53 - [MESSAGE][PASSED] - Object: 'Object Repository/Admin Page/Nationalities/button_Save' is clicked on

2023-03-01 18:06:53 - [TEST_STEP][PASSED] - waitForElementPresent(findTestObject("Confirmation messages/message_SuccessSuccessfullyUpdated"), 10): Object 'Object Repository/Confirmation messages/message_SuccessSuccessfullyUpdated' is present

2023-03-01 18:06:55 - [MESSAGE][PASSED] - Object 'Object Repository/Confirmation messages/message_SuccessSuccessfullyUpdated' is present

2023-03-01 18:06:55 - [TEST_STEP][PASSED] - verifyElementPresent(findTestObject("Confirmation messages/message_SuccessSuccessfullyUpdated"), 10): Object 'Object Repository/Confirmation messages/message_SuccessSuccessfullyUpdated' is present

2023-03-01 18:06:55 - [MESSAGE][PASSED] - Object 'Object Repository/Confirmation messages/message_SuccessSuccessfullyUpdated' is present

2023-03-01 18:06:55 - [TEST_STEP][ERROR] - Start listener action : sampleAfterTestCase: groovy.lang.MissingPropertyException: No such property: printtestCaseContext for class: TestListener
	at TestListener.sampleAfterTestCase(TestListener.groovy:45)
	at TestListener.invokeMethod(TestListener.groovy)
	at com.kms.katalon.core.context.internal.TestHooker.invokeMethod(TestHooker.java:111)
	at com.kms.katalon.core.context.internal.TestHooker.lambda$3(TestHooker.java:95)
	at com.kms.katalon.core.context.internal.TestHooker.invokeContextMethods(TestHooker.java:94)
	at com.kms.katalon.core.context.internal.TestListenerCollector.lambda$3(TestListenerCollector.java:88)
	at com.kms.katalon.core.context.internal.TestListenerCollector.handleListenerEvent(TestListenerCollector.java:85)
	at com.kms.katalon.core.context.internal.ExecutionEventManager.publicEvent(ExecutionEventManager.java:36)
	at com.kms.katalon.core.main.TestCaseExecutor.execute(TestCaseExecutor.java:315)
	at com.kms.katalon.core.common.CommonExecutor.accessTestCaseMainPhase(CommonExecutor.java:65)
	at com.kms.katalon.core.main.TestSuiteExecutor.accessTestSuiteMainPhase(TestSuiteExecutor.java:151)
	at com.kms.katalon.core.main.TestSuiteExecutor.execute(TestSuiteExecutor.java:106)
	at com.kms.katalon.core.main.TestCaseMain.startTestSuite(TestCaseMain.java:185)
	at com.kms.katalon.core.main.TestCaseMain$startTestSuite$0.call(Unknown Source)
	at TempTestSuite1677690292871.run(TempTestSuite1677690292871.groovy:36)


2023-03-01 18:06:55 - [TEST_STEP][PASSED] - println(testCaseContext.getTestCaseId() + " - "): null

2023-03-01 18:06:55 - [TEST_STEP][ERROR] - println(printtestCaseContext.getTestCaseStatus()): groovy.lang.MissingPropertyException: No such property: printtestCaseContext for class: TestListener
	at TestListener.sampleAfterTestCase(TestListener.groovy:45)
	at TestListener.invokeMethod(TestListener.groovy)
	at com.kms.katalon.core.context.internal.TestHooker.invokeMethod(TestHooker.java:111)
	at com.kms.katalon.core.context.internal.TestHooker.lambda$3(TestHooker.java:95)
	at com.kms.katalon.core.context.internal.TestHooker.invokeContextMethods(TestHooker.java:94)
	at com.kms.katalon.core.context.internal.TestListenerCollector.lambda$3(TestListenerCollector.java:88)
	at com.kms.katalon.core.context.internal.TestListenerCollector.handleListenerEvent(TestListenerCollector.java:85)
	at com.kms.katalon.core.context.internal.ExecutionEventManager.publicEvent(ExecutionEventManager.java:36)
	at com.kms.katalon.core.main.TestCaseExecutor.execute(TestCaseExecutor.java:315)
	at com.kms.katalon.core.common.CommonExecutor.accessTestCaseMainPhase(CommonExecutor.java:65)
	at com.kms.katalon.core.main.TestSuiteExecutor.accessTestSuiteMainPhase(TestSuiteExecutor.java:151)
	at com.kms.katalon.core.main.TestSuiteExecutor.execute(TestSuiteExecutor.java:106)
	at com.kms.katalon.core.main.TestCaseMain.startTestSuite(TestCaseMain.java:185)
	at com.kms.katalon.core.main.TestCaseMain$startTestSuite$0.call(Unknown Source)
	at TempTestSuite1677690292871.run(TempTestSuite1677690292871.groovy:36)


2023-03-01 18:06:55 - [MESSAGE][ERROR] - groovy.lang.MissingPropertyException: No such property: printtestCaseContext for class: TestListener
	at TestListener.sampleAfterTestCase(TestListener.groovy:45)
	at TestListener.invokeMethod(TestListener.groovy)
	at com.kms.katalon.core.context.internal.TestHooker.invokeMethod(TestHooker.java:111)
	at com.kms.katalon.core.context.internal.TestHooker.lambda$3(TestHooker.java:95)
	at com.kms.katalon.core.context.internal.TestHooker.invokeContextMethods(TestHooker.java:94)
	at com.kms.katalon.core.context.internal.TestListenerCollector.lambda$3(TestListenerCollector.java:88)
	at com.kms.katalon.core.context.internal.TestListenerCollector.handleListenerEvent(TestListenerCollector.java:85)
	at com.kms.katalon.core.context.internal.ExecutionEventManager.publicEvent(ExecutionEventManager.java:36)
	at com.kms.katalon.core.main.TestCaseExecutor.execute(TestCaseExecutor.java:315)
	at com.kms.katalon.core.common.CommonExecutor.accessTestCaseMainPhase(CommonExecutor.java:65)
	at com.kms.katalon.core.main.TestSuiteExecutor.accessTestSuiteMainPhase(TestSuiteExecutor.java:151)
	at com.kms.katalon.core.main.TestSuiteExecutor.execute(TestSuiteExecutor.java:106)
	at com.kms.katalon.core.main.TestCaseMain.startTestSuite(TestCaseMain.java:185)
	at com.kms.katalon.core.main.TestCaseMain$startTestSuite$0.call(Unknown Source)
	at TempTestSuite1677690292871.run(TempTestSuite1677690292871.groovy:36)]]></system-out>
         <system-err><![CDATA[]]></system-err>
      </testcase>
      <testcase name="Test Cases/Admin Page/User Management/Delete User" time="24.171" classname="Test Cases/Admin Page/User Management/Delete User" status="PASSED">
         <system-out><![CDATA[2023-03-01 18:06:55 - [TEST_CASE][PASSED] - Test Cases/Admin Page/User Management/Delete User: Test Cases/Admin Page/User Management/Delete User

2023-03-01 18:06:55 - [TEST_STEP][PASSED] - Start listener action : sampleBeforeTestCase: Current window maximized

2023-03-01 18:06:55 - [TEST_STEP][PASSED] - println(testCaseContext.getTestCaseId()): null

2023-03-01 18:06:55 - [TEST_STEP][PASSED] - println(testCaseContext.getTestCaseVariables()): null

2023-03-01 18:06:55 - [TEST_STEP][PASSED] - openBrowser(baseURL): Browser is opened with url: 'https://opensource-demo.orangehrmlive.com/web/index.php/auth/login'

2023-03-01 18:06:56 - [MESSAGE][WARNING] - A browser is already opened. Closing browser and opening a new one

2023-03-01 18:06:56 - [MESSAGE][INFO] - Starting 'Chrome' driver

2023-03-01 18:06:56 - [MESSAGE][INFO] - Action delay is set to 1,000 milliseconds

2023-03-01 18:07:01 - [MESSAGE][PASSED] - Browser is opened with url: 'https://opensource-demo.orangehrmlive.com/web/index.php/auth/login'

2023-03-01 18:07:01 - [TEST_STEP][PASSED] - maximizeWindow(): Current window maximized

2023-03-01 18:07:01 - [MESSAGE][PASSED] - Current window maximized

2023-03-01 18:07:01 - [TEST_STEP][PASSED] - Start setup action : setupTestCase: Method 'setupTestCase' complete successfully

2023-03-01 18:07:01 - [TEST_STEP][PASSED] - orange.keywords.userLogin(findTestObject("Login Page/textbox_Username"), username, findTestObject("Login Page/textbox_Password"), password, findTestObject("Login Page/button_Login")): orange.keywords.userLogin is PASSED

2023-03-01 18:07:06 - [MESSAGE][PASSED] - orange.keywords.userLogin is PASSED

2023-03-01 18:07:06 - [MESSAGE][PASSED] - Method 'setupTestCase' complete successfully

2023-03-01 18:07:07 - [TEST_STEP][PASSED] - click(findTestObject("Navigation Sidebar/a_Admin")): Object: 'Object Repository/Navigation Sidebar/a_Admin' is clicked on

2023-03-01 18:07:10 - [MESSAGE][PASSED] - Object: 'Object Repository/Navigation Sidebar/a_Admin' is clicked on

2023-03-01 18:07:10 - [TEST_STEP][PASSED] - sendKeys(findTestObject("Admin Page/User Management/textbox_System_User"), "Luca Marchegiani"): Keys 'Luca Marchegiani' sent to object: 'Object Repository/Admin Page/User Management/textbox_System_User'

2023-03-01 18:07:13 - [MESSAGE][PASSED] - Keys 'Luca Marchegiani' sent to object: 'Object Repository/Admin Page/User Management/textbox_System_User'

2023-03-01 18:07:13 - [TEST_STEP][PASSED] - click(findTestObject("Admin Page/User Management/button_Search")): Object: 'Object Repository/Admin Page/User Management/button_Search' is clicked on

2023-03-01 18:07:14 - [MESSAGE][PASSED] - Object: 'Object Repository/Admin Page/User Management/button_Search' is clicked on

2023-03-01 18:07:14 - [TEST_STEP][PASSED] - click(findTestObject("Admin Page/User Management/button_Delete")): Object: 'Object Repository/Admin Page/User Management/button_Delete' is clicked on

2023-03-01 18:07:16 - [MESSAGE][PASSED] - Object: 'Object Repository/Admin Page/User Management/button_Delete' is clicked on

2023-03-01 18:07:16 - [TEST_STEP][PASSED] - click(findTestObject("Admin Page/User Management/button_Yes, Delete")): Object: 'Object Repository/Admin Page/User Management/button_Yes, Delete' is clicked on

2023-03-01 18:07:18 - [MESSAGE][PASSED] - Object: 'Object Repository/Admin Page/User Management/button_Yes, Delete' is clicked on

2023-03-01 18:07:18 - [TEST_STEP][PASSED] - waitForElementPresent(findTestObject("Confirmation messages/message_SuccessSuccessfullyDeleted"), 10): Object 'Object Repository/Confirmation messages/message_SuccessSuccessfullyDeleted' is present

2023-03-01 18:07:19 - [MESSAGE][PASSED] - Object 'Object Repository/Confirmation messages/message_SuccessSuccessfullyDeleted' is present

2023-03-01 18:07:19 - [TEST_STEP][PASSED] - verifyElementPresent(findTestObject("Confirmation messages/message_SuccessSuccessfullyDeleted"), 10): Object 'Object Repository/Confirmation messages/message_SuccessSuccessfullyDeleted' is present

2023-03-01 18:07:20 - [MESSAGE][PASSED] - Object 'Object Repository/Confirmation messages/message_SuccessSuccessfullyDeleted' is present

2023-03-01 18:07:20 - [TEST_STEP][ERROR] - Start listener action : sampleAfterTestCase: groovy.lang.MissingPropertyException: No such property: printtestCaseContext for class: TestListener
	at TestListener.sampleAfterTestCase(TestListener.groovy:45)
	at TestListener.invokeMethod(TestListener.groovy)
	at com.kms.katalon.core.context.internal.TestHooker.invokeMethod(TestHooker.java:111)
	at com.kms.katalon.core.context.internal.TestHooker.lambda$3(TestHooker.java:95)
	at com.kms.katalon.core.context.internal.TestHooker.invokeContextMethods(TestHooker.java:94)
	at com.kms.katalon.core.context.internal.TestListenerCollector.lambda$3(TestListenerCollector.java:88)
	at com.kms.katalon.core.context.internal.TestListenerCollector.handleListenerEvent(TestListenerCollector.java:85)
	at com.kms.katalon.core.context.internal.ExecutionEventManager.publicEvent(ExecutionEventManager.java:36)
	at com.kms.katalon.core.main.TestCaseExecutor.execute(TestCaseExecutor.java:315)
	at com.kms.katalon.core.common.CommonExecutor.accessTestCaseMainPhase(CommonExecutor.java:65)
	at com.kms.katalon.core.main.TestSuiteExecutor.accessTestSuiteMainPhase(TestSuiteExecutor.java:151)
	at com.kms.katalon.core.main.TestSuiteExecutor.execute(TestSuiteExecutor.java:106)
	at com.kms.katalon.core.main.TestCaseMain.startTestSuite(TestCaseMain.java:185)
	at com.kms.katalon.core.main.TestCaseMain$startTestSuite$0.call(Unknown Source)
	at TempTestSuite1677690292871.run(TempTestSuite1677690292871.groovy:36)


2023-03-01 18:07:20 - [TEST_STEP][PASSED] - println(testCaseContext.getTestCaseId() + " - "): null

2023-03-01 18:07:20 - [TEST_STEP][ERROR] - println(printtestCaseContext.getTestCaseStatus()): groovy.lang.MissingPropertyException: No such property: printtestCaseContext for class: TestListener
	at TestListener.sampleAfterTestCase(TestListener.groovy:45)
	at TestListener.invokeMethod(TestListener.groovy)
	at com.kms.katalon.core.context.internal.TestHooker.invokeMethod(TestHooker.java:111)
	at com.kms.katalon.core.context.internal.TestHooker.lambda$3(TestHooker.java:95)
	at com.kms.katalon.core.context.internal.TestHooker.invokeContextMethods(TestHooker.java:94)
	at com.kms.katalon.core.context.internal.TestListenerCollector.lambda$3(TestListenerCollector.java:88)
	at com.kms.katalon.core.context.internal.TestListenerCollector.handleListenerEvent(TestListenerCollector.java:85)
	at com.kms.katalon.core.context.internal.ExecutionEventManager.publicEvent(ExecutionEventManager.java:36)
	at com.kms.katalon.core.main.TestCaseExecutor.execute(TestCaseExecutor.java:315)
	at com.kms.katalon.core.common.CommonExecutor.accessTestCaseMainPhase(CommonExecutor.java:65)
	at com.kms.katalon.core.main.TestSuiteExecutor.accessTestSuiteMainPhase(TestSuiteExecutor.java:151)
	at com.kms.katalon.core.main.TestSuiteExecutor.execute(TestSuiteExecutor.java:106)
	at com.kms.katalon.core.main.TestCaseMain.startTestSuite(TestCaseMain.java:185)
	at com.kms.katalon.core.main.TestCaseMain$startTestSuite$0.call(Unknown Source)
	at TempTestSuite1677690292871.run(TempTestSuite1677690292871.groovy:36)


2023-03-01 18:07:20 - [MESSAGE][ERROR] - groovy.lang.MissingPropertyException: No such property: printtestCaseContext for class: TestListener
	at TestListener.sampleAfterTestCase(TestListener.groovy:45)
	at TestListener.invokeMethod(TestListener.groovy)
	at com.kms.katalon.core.context.internal.TestHooker.invokeMethod(TestHooker.java:111)
	at com.kms.katalon.core.context.internal.TestHooker.lambda$3(TestHooker.java:95)
	at com.kms.katalon.core.context.internal.TestHooker.invokeContextMethods(TestHooker.java:94)
	at com.kms.katalon.core.context.internal.TestListenerCollector.lambda$3(TestListenerCollector.java:88)
	at com.kms.katalon.core.context.internal.TestListenerCollector.handleListenerEvent(TestListenerCollector.java:85)
	at com.kms.katalon.core.context.internal.ExecutionEventManager.publicEvent(ExecutionEventManager.java:36)
	at com.kms.katalon.core.main.TestCaseExecutor.execute(TestCaseExecutor.java:315)
	at com.kms.katalon.core.common.CommonExecutor.accessTestCaseMainPhase(CommonExecutor.java:65)
	at com.kms.katalon.core.main.TestSuiteExecutor.accessTestSuiteMainPhase(TestSuiteExecutor.java:151)
	at com.kms.katalon.core.main.TestSuiteExecutor.execute(TestSuiteExecutor.java:106)
	at com.kms.katalon.core.main.TestCaseMain.startTestSuite(TestCaseMain.java:185)
	at com.kms.katalon.core.main.TestCaseMain$startTestSuite$0.call(Unknown Source)
	at TempTestSuite1677690292871.run(TempTestSuite1677690292871.groovy:36)]]></system-out>
         <system-err><![CDATA[]]></system-err>
      </testcase>
      <system-out><![CDATA[2023-03-01 18:05:26 - [TEST_SUITE][PASSED] - User Management Suite: Test Cases/Admin Page/User Management/Delete User]]></system-out>
      <system-err><![CDATA[]]></system-err>
   </testsuite>
   <testsuite name="Job Dropdown Suite" tests="6" failures="0" errors="0" time="190.337" skipped="0" timestamp="2023-03-01 18:07:09" hostname="PC - host.docker.internal" id="Test Suites/Job Dropdown Suite">
      <properties>
         <property name="deviceName" value=""/>
         <property name="devicePlatform" value=""/>
         <property name="logFolder" value="C:\\Users\\PC\\Desktop\\Katalon Projects\\Orange Web Test Automation\\Reports\\20230301_180449\\Job Dropdown Suite\\20230301_180454"/>
         <property name="logFiles" value="C:\\Users\\PC\\Desktop\\Katalon Projects\\Orange Web Test Automation\\Reports\\20230301_180449\\Job Dropdown Suite\\20230301_180454\\execution0.log"/>
         <property name="attachments" value="keyes\keyes-Job Title Info.png, keyes\keyes-Job Title Added.png, keyes\keyes-Category Info.png, keyes\keyes-Category Added.png"/>
         <property name="hostName" value="PC - host.docker.internal"/>
         <property name="os" value="Windows 10 64bit"/>
         <property name="katalonVersion" value="8.5.5.208"/>
         <property name="browser" value="Chrome 110.0.0.0"/>
         <property name="hostAddress" value="192.168.0.23"/>
         <property name="sessionId" value="17db35958a4e3d0da0e701cd4b66c3e5"/>
         <property name="seleniumVersion" value="3.141.59"/>
         <property name="proxyInformation" value="ProxyInformation { proxyOption=NO_PROXY, proxyServerType=HTTP, username=, password=********, proxyServerAddress=, proxyServerPort=0, executionList=&quot;&quot;, isApplyToDesiredCapabilities=true }"/>
         <property name="platform" value="Windows 10"/>
      </properties>
      <testcase name="Test Cases/Admin Page/Job/Job Titles/Add Job Title" time="40.905" classname="Test Cases/Admin Page/Job/Job Titles/Add Job Title" status="PASSED">
         <system-out><![CDATA[2023-03-01 18:07:09 - [TEST_CASE][PASSED] - Test Cases/Admin Page/Job/Job Titles/Add Job Title: Test Cases/Admin Page/Job/Job Titles/Add Job Title

2023-03-01 18:07:09 - [TEST_STEP][PASSED] - Start listener action : sampleBeforeTestCase: Current window maximized

2023-03-01 18:07:09 - [TEST_STEP][PASSED] - println(testCaseContext.getTestCaseId()): null

2023-03-01 18:07:09 - [TEST_STEP][PASSED] - println(testCaseContext.getTestCaseVariables()): null

2023-03-01 18:07:09 - [TEST_STEP][PASSED] - openBrowser(baseURL): Browser is opened with url: 'https://opensource-demo.orangehrmlive.com/web/index.php/auth/login'

2023-03-01 18:07:10 - [MESSAGE][INFO] - Starting 'Chrome' driver

2023-03-01 18:07:10 - [MESSAGE][INFO] - Action delay is set to 1,000 milliseconds

2023-03-01 18:07:17 - [MESSAGE][PASSED] - Browser is opened with url: 'https://opensource-demo.orangehrmlive.com/web/index.php/auth/login'

2023-03-01 18:07:17 - [TEST_STEP][PASSED] - maximizeWindow(): Current window maximized

2023-03-01 18:07:18 - [MESSAGE][PASSED] - Current window maximized

2023-03-01 18:07:18 - [TEST_STEP][PASSED] - Start setup action : setupTestCase: Method 'setupTestCase' complete successfully

2023-03-01 18:07:19 - [TEST_STEP][PASSED] - orange.keywords.userLogin(findTestObject("Login Page/textbox_Username"), username, findTestObject("Login Page/textbox_Password"), password, findTestObject("Login Page/button_Login")): orange.keywords.userLogin is PASSED

2023-03-01 18:07:26 - [MESSAGE][PASSED] - orange.keywords.userLogin is PASSED

2023-03-01 18:07:26 - [MESSAGE][PASSED] - Method 'setupTestCase' complete successfully

2023-03-01 18:07:27 - [TEST_STEP][PASSED] - click(findTestObject("Navigation Sidebar/a_Admin")): Object: 'Object Repository/Navigation Sidebar/a_Admin' is clicked on

2023-03-01 18:07:30 - [MESSAGE][PASSED] - Object: 'Object Repository/Navigation Sidebar/a_Admin' is clicked on

2023-03-01 18:07:30 - [TEST_STEP][PASSED] - click(findTestObject("Admin Page/Job/li_Job")): Object: 'Object Repository/Admin Page/Job/li_Job' is clicked on

2023-03-01 18:07:32 - [MESSAGE][PASSED] - Object: 'Object Repository/Admin Page/Job/li_Job' is clicked on

2023-03-01 18:07:32 - [TEST_STEP][PASSED] - click(findTestObject("Admin Page/Job/Job Titles/li_Job Titles")): Object: 'Object Repository/Admin Page/Job/Job Titles/li_Job Titles' is clicked on

2023-03-01 18:07:34 - [MESSAGE][PASSED] - Object: 'Object Repository/Admin Page/Job/Job Titles/li_Job Titles' is clicked on

2023-03-01 18:07:34 - [TEST_STEP][PASSED] - click(findTestObject("Admin Page/Nationalities/button_Add")): Object: 'Object Repository/Admin Page/Nationalities/button_Add' is clicked on

2023-03-01 18:07:37 - [MESSAGE][PASSED] - Object: 'Object Repository/Admin Page/Nationalities/button_Add' is clicked on

2023-03-01 18:07:37 - [TEST_STEP][PASSED] - sendKeys(findTestObject("Admin Page/Qualifications/Skills/textbox_Username"), job_title): Keys 'Boss-Automation' sent to object: 'Object Repository/Admin Page/Qualifications/Skills/textbox_Username'

2023-03-01 18:07:39 - [MESSAGE][PASSED] - Keys 'Boss-Automation' sent to object: 'Object Repository/Admin Page/Qualifications/Skills/textbox_Username'

2023-03-01 18:07:39 - [TEST_STEP][PASSED] - sendKeys(findTestObject("Admin Page/Job/Job Titles/textarea_Job Description"), job_title_description): Keys 'Big-Boss' sent to object: 'Object Repository/Admin Page/Job/Job Titles/textarea_Job Description'

2023-03-01 18:07:41 - [MESSAGE][PASSED] - Keys 'Big-Boss' sent to object: 'Object Repository/Admin Page/Job/Job Titles/textarea_Job Description'

2023-03-01 18:07:41 - [TEST_STEP][PASSED] - sendKeys(findTestObject("Admin Page/Job/Job Titles/textarea_Note"), job_title_notes): Keys 'No notes available' sent to object: 'Object Repository/Admin Page/Job/Job Titles/textarea_Note'

2023-03-01 18:07:43 - [MESSAGE][PASSED] - Keys 'No notes available' sent to object: 'Object Repository/Admin Page/Job/Job Titles/textarea_Note'

2023-03-01 18:07:43 - [TEST_STEP][PASSED] - takeScreenshotAsCheckpoint("Job Title Info"): Taking screenshot successfully

2023-03-01 18:07:44 - [MESSAGE][INFO] - 0 hidden object(s)

2023-03-01 18:07:45 - [MESSAGE][PASSED] - Taking screenshot successfully
[[ATTACHMENT|keyes\keyes-Job Title Info.png]]

2023-03-01 18:07:45 - [TEST_STEP][PASSED] - click(findTestObject("Admin Page/Nationalities/button_Save")): Object: 'Object Repository/Admin Page/Nationalities/button_Save' is clicked on

2023-03-01 18:07:47 - [MESSAGE][PASSED] - Object: 'Object Repository/Admin Page/Nationalities/button_Save' is clicked on

2023-03-01 18:07:47 - [TEST_STEP][PASSED] - waitForElementPresent(findTestObject("Confirmation messages/message_SuccessSuccessfullySaved"), 10): Object 'Object Repository/Confirmation messages/message_SuccessSuccessfullySaved' is present

2023-03-01 18:07:48 - [MESSAGE][PASSED] - Object 'Object Repository/Confirmation messages/message_SuccessSuccessfullySaved' is present

2023-03-01 18:07:48 - [TEST_STEP][PASSED] - verifyElementPresent(findTestObject("Confirmation messages/message_SuccessSuccessfullySaved"), 10): Object 'Object Repository/Confirmation messages/message_SuccessSuccessfullySaved' is present

2023-03-01 18:07:48 - [MESSAGE][PASSED] - Object 'Object Repository/Confirmation messages/message_SuccessSuccessfullySaved' is present

2023-03-01 18:07:48 - [TEST_STEP][PASSED] - takeScreenshotAsCheckpoint("Job Title Added"): Taking screenshot successfully

2023-03-01 18:07:50 - [MESSAGE][INFO] - 0 hidden object(s)

2023-03-01 18:07:50 - [MESSAGE][PASSED] - Taking screenshot successfully
[[ATTACHMENT|keyes\keyes-Job Title Added.png]]

2023-03-01 18:07:50 - [TEST_STEP][ERROR] - Start listener action : sampleAfterTestCase: groovy.lang.MissingPropertyException: No such property: printtestCaseContext for class: TestListener
	at TestListener.sampleAfterTestCase(TestListener.groovy:45)
	at TestListener.invokeMethod(TestListener.groovy)
	at com.kms.katalon.core.context.internal.TestHooker.invokeMethod(TestHooker.java:111)
	at com.kms.katalon.core.context.internal.TestHooker.lambda$3(TestHooker.java:95)
	at com.kms.katalon.core.context.internal.TestHooker.invokeContextMethods(TestHooker.java:94)
	at com.kms.katalon.core.context.internal.TestListenerCollector.lambda$3(TestListenerCollector.java:88)
	at com.kms.katalon.core.context.internal.TestListenerCollector.handleListenerEvent(TestListenerCollector.java:85)
	at com.kms.katalon.core.context.internal.ExecutionEventManager.publicEvent(ExecutionEventManager.java:36)
	at com.kms.katalon.core.main.TestCaseExecutor.execute(TestCaseExecutor.java:315)
	at com.kms.katalon.core.common.CommonExecutor.accessTestCaseMainPhase(CommonExecutor.java:65)
	at com.kms.katalon.core.main.TestSuiteExecutor.accessTestSuiteMainPhase(TestSuiteExecutor.java:151)
	at com.kms.katalon.core.main.TestSuiteExecutor.execute(TestSuiteExecutor.java:106)
	at com.kms.katalon.core.main.TestCaseMain.startTestSuite(TestCaseMain.java:185)
	at com.kms.katalon.core.main.TestCaseMain$startTestSuite$0.call(Unknown Source)
	at TempTestSuite1677690294868.run(TempTestSuite1677690294868.groovy:36)


2023-03-01 18:07:50 - [TEST_STEP][PASSED] - println(testCaseContext.getTestCaseId() + " - "): null

2023-03-01 18:07:50 - [TEST_STEP][ERROR] - println(printtestCaseContext.getTestCaseStatus()): groovy.lang.MissingPropertyException: No such property: printtestCaseContext for class: TestListener
	at TestListener.sampleAfterTestCase(TestListener.groovy:45)
	at TestListener.invokeMethod(TestListener.groovy)
	at com.kms.katalon.core.context.internal.TestHooker.invokeMethod(TestHooker.java:111)
	at com.kms.katalon.core.context.internal.TestHooker.lambda$3(TestHooker.java:95)
	at com.kms.katalon.core.context.internal.TestHooker.invokeContextMethods(TestHooker.java:94)
	at com.kms.katalon.core.context.internal.TestListenerCollector.lambda$3(TestListenerCollector.java:88)
	at com.kms.katalon.core.context.internal.TestListenerCollector.handleListenerEvent(TestListenerCollector.java:85)
	at com.kms.katalon.core.context.internal.ExecutionEventManager.publicEvent(ExecutionEventManager.java:36)
	at com.kms.katalon.core.main.TestCaseExecutor.execute(TestCaseExecutor.java:315)
	at com.kms.katalon.core.common.CommonExecutor.accessTestCaseMainPhase(CommonExecutor.java:65)
	at com.kms.katalon.core.main.TestSuiteExecutor.accessTestSuiteMainPhase(TestSuiteExecutor.java:151)
	at com.kms.katalon.core.main.TestSuiteExecutor.execute(TestSuiteExecutor.java:106)
	at com.kms.katalon.core.main.TestCaseMain.startTestSuite(TestCaseMain.java:185)
	at com.kms.katalon.core.main.TestCaseMain$startTestSuite$0.call(Unknown Source)
	at TempTestSuite1677690294868.run(TempTestSuite1677690294868.groovy:36)


2023-03-01 18:07:50 - [MESSAGE][ERROR] - groovy.lang.MissingPropertyException: No such property: printtestCaseContext for class: TestListener
	at TestListener.sampleAfterTestCase(TestListener.groovy:45)
	at TestListener.invokeMethod(TestListener.groovy)
	at com.kms.katalon.core.context.internal.TestHooker.invokeMethod(TestHooker.java:111)
	at com.kms.katalon.core.context.internal.TestHooker.lambda$3(TestHooker.java:95)
	at com.kms.katalon.core.context.internal.TestHooker.invokeContextMethods(TestHooker.java:94)
	at com.kms.katalon.core.context.internal.TestListenerCollector.lambda$3(TestListenerCollector.java:88)
	at com.kms.katalon.core.context.internal.TestListenerCollector.handleListenerEvent(TestListenerCollector.java:85)
	at com.kms.katalon.core.context.internal.ExecutionEventManager.publicEvent(ExecutionEventManager.java:36)
	at com.kms.katalon.core.main.TestCaseExecutor.execute(TestCaseExecutor.java:315)
	at com.kms.katalon.core.common.CommonExecutor.accessTestCaseMainPhase(CommonExecutor.java:65)
	at com.kms.katalon.core.main.TestSuiteExecutor.accessTestSuiteMainPhase(TestSuiteExecutor.java:151)
	at com.kms.katalon.core.main.TestSuiteExecutor.execute(TestSuiteExecutor.java:106)
	at com.kms.katalon.core.main.TestCaseMain.startTestSuite(TestCaseMain.java:185)
	at com.kms.katalon.core.main.TestCaseMain$startTestSuite$0.call(Unknown Source)
	at TempTestSuite1677690294868.run(TempTestSuite1677690294868.groovy:36)]]></system-out>
         <system-err><![CDATA[]]></system-err>
      </testcase>
      <testcase name="Test Cases/Admin Page/Job/Job Titles/Edit Job Title" time="37.082" classname="Test Cases/Admin Page/Job/Job Titles/Edit Job Title" status="PASSED">
         <system-out><![CDATA[2023-03-01 18:07:50 - [TEST_CASE][PASSED] - Test Cases/Admin Page/Job/Job Titles/Edit Job Title: Test Cases/Admin Page/Job/Job Titles/Edit Job Title

2023-03-01 18:07:50 - [TEST_STEP][PASSED] - Start listener action : sampleBeforeTestCase: Current window maximized

2023-03-01 18:07:50 - [TEST_STEP][PASSED] - println(testCaseContext.getTestCaseId()): null

2023-03-01 18:07:50 - [TEST_STEP][PASSED] - println(testCaseContext.getTestCaseVariables()): null

2023-03-01 18:07:50 - [TEST_STEP][PASSED] - openBrowser(baseURL): Browser is opened with url: 'https://opensource-demo.orangehrmlive.com/web/index.php/auth/login'

2023-03-01 18:07:50 - [MESSAGE][WARNING] - A browser is already opened. Closing browser and opening a new one

2023-03-01 18:07:51 - [MESSAGE][INFO] - Starting 'Chrome' driver

2023-03-01 18:07:51 - [MESSAGE][INFO] - Action delay is set to 1,000 milliseconds

2023-03-01 18:07:56 - [MESSAGE][PASSED] - Browser is opened with url: 'https://opensource-demo.orangehrmlive.com/web/index.php/auth/login'

2023-03-01 18:07:56 - [TEST_STEP][PASSED] - maximizeWindow(): Current window maximized

2023-03-01 18:07:56 - [MESSAGE][PASSED] - Current window maximized

2023-03-01 18:07:56 - [TEST_STEP][PASSED] - Start setup action : setupTestCase: Method 'setupTestCase' complete successfully

2023-03-01 18:07:56 - [TEST_STEP][PASSED] - orange.keywords.userLogin(findTestObject("Login Page/textbox_Username"), username, findTestObject("Login Page/textbox_Password"), password, findTestObject("Login Page/button_Login")): orange.keywords.userLogin is PASSED

2023-03-01 18:08:02 - [MESSAGE][PASSED] - orange.keywords.userLogin is PASSED

2023-03-01 18:08:02 - [MESSAGE][PASSED] - Method 'setupTestCase' complete successfully

2023-03-01 18:08:03 - [TEST_STEP][PASSED] - click(findTestObject("Navigation Sidebar/a_Admin")): Object: 'Object Repository/Navigation Sidebar/a_Admin' is clicked on

2023-03-01 18:08:06 - [MESSAGE][PASSED] - Object: 'Object Repository/Navigation Sidebar/a_Admin' is clicked on

2023-03-01 18:08:06 - [TEST_STEP][PASSED] - click(findTestObject("Admin Page/Job/li_Job")): Object: 'Object Repository/Admin Page/Job/li_Job' is clicked on

2023-03-01 18:08:08 - [MESSAGE][PASSED] - Object: 'Object Repository/Admin Page/Job/li_Job' is clicked on

2023-03-01 18:08:08 - [TEST_STEP][PASSED] - click(findTestObject("Admin Page/Job/Job Titles/li_Job Titles")): Object: 'Object Repository/Admin Page/Job/Job Titles/li_Job Titles' is clicked on

2023-03-01 18:08:10 - [MESSAGE][PASSED] - Object: 'Object Repository/Admin Page/Job/Job Titles/li_Job Titles' is clicked on

2023-03-01 18:08:10 - [TEST_STEP][PASSED] - click(findTestObject("Admin Page/Job/Job Titles/button_Edit")): Object: 'Object Repository/Admin Page/Job/Job Titles/button_Edit' is clicked on

2023-03-01 18:08:13 - [MESSAGE][PASSED] - Object: 'Object Repository/Admin Page/Job/Job Titles/button_Edit' is clicked on

2023-03-01 18:08:13 - [TEST_STEP][PASSED] - sendKeys(findTestObject("Admin Page/Qualifications/Skills/textbox_Username"), Keys.chord(CONTROL, "a")): Keys 'CONTROL + a' sent to object: 'Object Repository/Admin Page/Qualifications/Skills/textbox_Username'

2023-03-01 18:08:16 - [MESSAGE][PASSED] - Keys 'CONTROL + a' sent to object: 'Object Repository/Admin Page/Qualifications/Skills/textbox_Username'

2023-03-01 18:08:16 - [TEST_STEP][PASSED] - sendKeys(findTestObject("Admin Page/Qualifications/Skills/textbox_Username_selected"), edited_job_title): Keys 'Boss-Edited-Automation' sent to object: 'Object Repository/Admin Page/Qualifications/Skills/textbox_Username_selected'

2023-03-01 18:08:17 - [MESSAGE][PASSED] - Keys 'Boss-Edited-Automation' sent to object: 'Object Repository/Admin Page/Qualifications/Skills/textbox_Username_selected'

2023-03-01 18:08:17 - [TEST_STEP][PASSED] - sendKeys(findTestObject("Admin Page/Job/Job Titles/textarea_Job Description"), Keys.chord(CONTROL, "a")): Keys 'CONTROL + a' sent to object: 'Object Repository/Admin Page/Job/Job Titles/textarea_Job Description'

2023-03-01 18:08:19 - [MESSAGE][PASSED] - Keys 'CONTROL + a' sent to object: 'Object Repository/Admin Page/Job/Job Titles/textarea_Job Description'

2023-03-01 18:08:19 - [TEST_STEP][PASSED] - sendKeys(findTestObject("Admin Page/Job/Job Titles/textarea_Job Description"), edited_job_title_description): Keys 'Big Boss -Edited' sent to object: 'Object Repository/Admin Page/Job/Job Titles/textarea_Job Description'

2023-03-01 18:08:21 - [MESSAGE][PASSED] - Keys 'Big Boss -Edited' sent to object: 'Object Repository/Admin Page/Job/Job Titles/textarea_Job Description'

2023-03-01 18:08:21 - [TEST_STEP][PASSED] - sendKeys(findTestObject("Admin Page/Job/Job Titles/textarea_Note"), Keys.chord(CONTROL, "a")): Keys 'CONTROL + a' sent to object: 'Object Repository/Admin Page/Job/Job Titles/textarea_Note'

2023-03-01 18:08:23 - [MESSAGE][PASSED] - Keys 'CONTROL + a' sent to object: 'Object Repository/Admin Page/Job/Job Titles/textarea_Note'

2023-03-01 18:08:23 - [TEST_STEP][PASSED] - sendKeys(findTestObject("Admin Page/Job/Job Titles/textarea_Note"), edited_job_title_notes): Keys 'Notes available tomorrow' sent to object: 'Object Repository/Admin Page/Job/Job Titles/textarea_Note'

2023-03-01 18:08:24 - [MESSAGE][PASSED] - Keys 'Notes available tomorrow' sent to object: 'Object Repository/Admin Page/Job/Job Titles/textarea_Note'

2023-03-01 18:08:24 - [TEST_STEP][PASSED] - click(findTestObject("Admin Page/Qualifications/Skills/button_Save")): Object: 'Object Repository/Admin Page/Qualifications/Skills/button_Save' is clicked on

2023-03-01 18:08:26 - [MESSAGE][PASSED] - Object: 'Object Repository/Admin Page/Qualifications/Skills/button_Save' is clicked on

2023-03-01 18:08:26 - [TEST_STEP][PASSED] - waitForElementPresent(findTestObject("Confirmation messages/message_SuccessSuccessfullyUpdated"), 10): Object 'Object Repository/Confirmation messages/message_SuccessSuccessfullyUpdated' is present

2023-03-01 18:08:27 - [MESSAGE][PASSED] - Object 'Object Repository/Confirmation messages/message_SuccessSuccessfullyUpdated' is present

2023-03-01 18:08:27 - [TEST_STEP][PASSED] - verifyElementPresent(findTestObject("Confirmation messages/message_SuccessSuccessfullyUpdated"), 10): Object 'Object Repository/Confirmation messages/message_SuccessSuccessfullyUpdated' is present

2023-03-01 18:08:27 - [MESSAGE][PASSED] - Object 'Object Repository/Confirmation messages/message_SuccessSuccessfullyUpdated' is present

2023-03-01 18:08:27 - [TEST_STEP][ERROR] - Start listener action : sampleAfterTestCase: groovy.lang.MissingPropertyException: No such property: printtestCaseContext for class: TestListener
	at TestListener.sampleAfterTestCase(TestListener.groovy:45)
	at TestListener.invokeMethod(TestListener.groovy)
	at com.kms.katalon.core.context.internal.TestHooker.invokeMethod(TestHooker.java:111)
	at com.kms.katalon.core.context.internal.TestHooker.lambda$3(TestHooker.java:95)
	at com.kms.katalon.core.context.internal.TestHooker.invokeContextMethods(TestHooker.java:94)
	at com.kms.katalon.core.context.internal.TestListenerCollector.lambda$3(TestListenerCollector.java:88)
	at com.kms.katalon.core.context.internal.TestListenerCollector.handleListenerEvent(TestListenerCollector.java:85)
	at com.kms.katalon.core.context.internal.ExecutionEventManager.publicEvent(ExecutionEventManager.java:36)
	at com.kms.katalon.core.main.TestCaseExecutor.execute(TestCaseExecutor.java:315)
	at com.kms.katalon.core.common.CommonExecutor.accessTestCaseMainPhase(CommonExecutor.java:65)
	at com.kms.katalon.core.main.TestSuiteExecutor.accessTestSuiteMainPhase(TestSuiteExecutor.java:151)
	at com.kms.katalon.core.main.TestSuiteExecutor.execute(TestSuiteExecutor.java:106)
	at com.kms.katalon.core.main.TestCaseMain.startTestSuite(TestCaseMain.java:185)
	at com.kms.katalon.core.main.TestCaseMain$startTestSuite$0.call(Unknown Source)
	at TempTestSuite1677690294868.run(TempTestSuite1677690294868.groovy:36)


2023-03-01 18:08:27 - [TEST_STEP][PASSED] - println(testCaseContext.getTestCaseId() + " - "): null

2023-03-01 18:08:27 - [TEST_STEP][ERROR] - println(printtestCaseContext.getTestCaseStatus()): groovy.lang.MissingPropertyException: No such property: printtestCaseContext for class: TestListener
	at TestListener.sampleAfterTestCase(TestListener.groovy:45)
	at TestListener.invokeMethod(TestListener.groovy)
	at com.kms.katalon.core.context.internal.TestHooker.invokeMethod(TestHooker.java:111)
	at com.kms.katalon.core.context.internal.TestHooker.lambda$3(TestHooker.java:95)
	at com.kms.katalon.core.context.internal.TestHooker.invokeContextMethods(TestHooker.java:94)
	at com.kms.katalon.core.context.internal.TestListenerCollector.lambda$3(TestListenerCollector.java:88)
	at com.kms.katalon.core.context.internal.TestListenerCollector.handleListenerEvent(TestListenerCollector.java:85)
	at com.kms.katalon.core.context.internal.ExecutionEventManager.publicEvent(ExecutionEventManager.java:36)
	at com.kms.katalon.core.main.TestCaseExecutor.execute(TestCaseExecutor.java:315)
	at com.kms.katalon.core.common.CommonExecutor.accessTestCaseMainPhase(CommonExecutor.java:65)
	at com.kms.katalon.core.main.TestSuiteExecutor.accessTestSuiteMainPhase(TestSuiteExecutor.java:151)
	at com.kms.katalon.core.main.TestSuiteExecutor.execute(TestSuiteExecutor.java:106)
	at com.kms.katalon.core.main.TestCaseMain.startTestSuite(TestCaseMain.java:185)
	at com.kms.katalon.core.main.TestCaseMain$startTestSuite$0.call(Unknown Source)
	at TempTestSuite1677690294868.run(TempTestSuite1677690294868.groovy:36)


2023-03-01 18:08:27 - [MESSAGE][ERROR] - groovy.lang.MissingPropertyException: No such property: printtestCaseContext for class: TestListener
	at TestListener.sampleAfterTestCase(TestListener.groovy:45)
	at TestListener.invokeMethod(TestListener.groovy)
	at com.kms.katalon.core.context.internal.TestHooker.invokeMethod(TestHooker.java:111)
	at com.kms.katalon.core.context.internal.TestHooker.lambda$3(TestHooker.java:95)
	at com.kms.katalon.core.context.internal.TestHooker.invokeContextMethods(TestHooker.java:94)
	at com.kms.katalon.core.context.internal.TestListenerCollector.lambda$3(TestListenerCollector.java:88)
	at com.kms.katalon.core.context.internal.TestListenerCollector.handleListenerEvent(TestListenerCollector.java:85)
	at com.kms.katalon.core.context.internal.ExecutionEventManager.publicEvent(ExecutionEventManager.java:36)
	at com.kms.katalon.core.main.TestCaseExecutor.execute(TestCaseExecutor.java:315)
	at com.kms.katalon.core.common.CommonExecutor.accessTestCaseMainPhase(CommonExecutor.java:65)
	at com.kms.katalon.core.main.TestSuiteExecutor.accessTestSuiteMainPhase(TestSuiteExecutor.java:151)
	at com.kms.katalon.core.main.TestSuiteExecutor.execute(TestSuiteExecutor.java:106)
	at com.kms.katalon.core.main.TestCaseMain.startTestSuite(TestCaseMain.java:185)
	at com.kms.katalon.core.main.TestCaseMain$startTestSuite$0.call(Unknown Source)
	at TempTestSuite1677690294868.run(TempTestSuite1677690294868.groovy:36)]]></system-out>
         <system-err><![CDATA[]]></system-err>
      </testcase>
      <testcase name="Test Cases/Admin Page/Job/Job Titles/Delete Job Title" time="25.725" classname="Test Cases/Admin Page/Job/Job Titles/Delete Job Title" status="PASSED">
         <system-out><![CDATA[2023-03-01 18:08:27 - [TEST_CASE][PASSED] - Test Cases/Admin Page/Job/Job Titles/Delete Job Title: Test Cases/Admin Page/Job/Job Titles/Delete Job Title

2023-03-01 18:08:27 - [TEST_STEP][PASSED] - Start listener action : sampleBeforeTestCase: Current window maximized

2023-03-01 18:08:27 - [TEST_STEP][PASSED] - println(testCaseContext.getTestCaseId()): null

2023-03-01 18:08:27 - [TEST_STEP][PASSED] - println(testCaseContext.getTestCaseVariables()): null

2023-03-01 18:08:27 - [TEST_STEP][PASSED] - openBrowser(baseURL): Browser is opened with url: 'https://opensource-demo.orangehrmlive.com/web/index.php/auth/login'

2023-03-01 18:08:27 - [MESSAGE][WARNING] - A browser is already opened. Closing browser and opening a new one

2023-03-01 18:08:28 - [MESSAGE][INFO] - Starting 'Chrome' driver

2023-03-01 18:08:28 - [MESSAGE][INFO] - Action delay is set to 1,000 milliseconds

2023-03-01 18:08:33 - [MESSAGE][PASSED] - Browser is opened with url: 'https://opensource-demo.orangehrmlive.com/web/index.php/auth/login'

2023-03-01 18:08:33 - [TEST_STEP][PASSED] - maximizeWindow(): Current window maximized

2023-03-01 18:08:33 - [MESSAGE][PASSED] - Current window maximized

2023-03-01 18:08:33 - [TEST_STEP][PASSED] - Start setup action : setupTestCase: Method 'setupTestCase' complete successfully

2023-03-01 18:08:33 - [TEST_STEP][PASSED] - orange.keywords.userLogin(findTestObject("Login Page/textbox_Username"), username, findTestObject("Login Page/textbox_Password"), password, findTestObject("Login Page/button_Login")): orange.keywords.userLogin is PASSED

2023-03-01 18:08:39 - [MESSAGE][PASSED] - orange.keywords.userLogin is PASSED

2023-03-01 18:08:39 - [MESSAGE][PASSED] - Method 'setupTestCase' complete successfully

2023-03-01 18:08:40 - [TEST_STEP][PASSED] - click(findTestObject("Navigation Sidebar/a_Admin")): Object: 'Object Repository/Navigation Sidebar/a_Admin' is clicked on

2023-03-01 18:08:43 - [MESSAGE][PASSED] - Object: 'Object Repository/Navigation Sidebar/a_Admin' is clicked on

2023-03-01 18:08:43 - [TEST_STEP][PASSED] - click(findTestObject("Admin Page/Job/li_Job")): Object: 'Object Repository/Admin Page/Job/li_Job' is clicked on

2023-03-01 18:08:45 - [MESSAGE][PASSED] - Object: 'Object Repository/Admin Page/Job/li_Job' is clicked on

2023-03-01 18:08:45 - [TEST_STEP][PASSED] - click(findTestObject("Admin Page/Job/Job Titles/li_Job Titles")): Object: 'Object Repository/Admin Page/Job/Job Titles/li_Job Titles' is clicked on

2023-03-01 18:08:47 - [MESSAGE][PASSED] - Object: 'Object Repository/Admin Page/Job/Job Titles/li_Job Titles' is clicked on

2023-03-01 18:08:47 - [TEST_STEP][PASSED] - click(findTestObject("Admin Page/Job/Job Titles/button_Delete")): Object: 'Object Repository/Admin Page/Job/Job Titles/button_Delete' is clicked on

2023-03-01 18:08:50 - [MESSAGE][PASSED] - Object: 'Object Repository/Admin Page/Job/Job Titles/button_Delete' is clicked on

2023-03-01 18:08:50 - [TEST_STEP][PASSED] - click(findTestObject("Admin Page/Qualifications/Languages/button_Yes, Delete")): Object: 'Object Repository/Admin Page/Qualifications/Languages/button_Yes, Delete' is clicked on

2023-03-01 18:08:51 - [MESSAGE][PASSED] - Object: 'Object Repository/Admin Page/Qualifications/Languages/button_Yes, Delete' is clicked on

2023-03-01 18:08:51 - [TEST_STEP][PASSED] - waitForElementPresent(findTestObject("Confirmation messages/message_SuccessSuccessfullyDeleted"), 10): Object 'Object Repository/Confirmation messages/message_SuccessSuccessfullyDeleted' is present

2023-03-01 18:08:52 - [MESSAGE][PASSED] - Object 'Object Repository/Confirmation messages/message_SuccessSuccessfullyDeleted' is present

2023-03-01 18:08:52 - [TEST_STEP][PASSED] - verifyElementPresent(findTestObject("Confirmation messages/message_SuccessSuccessfullyDeleted"), 10): Object 'Object Repository/Confirmation messages/message_SuccessSuccessfullyDeleted' is present

2023-03-01 18:08:53 - [MESSAGE][PASSED] - Object 'Object Repository/Confirmation messages/message_SuccessSuccessfullyDeleted' is present

2023-03-01 18:08:53 - [TEST_STEP][ERROR] - Start listener action : sampleAfterTestCase: groovy.lang.MissingPropertyException: No such property: printtestCaseContext for class: TestListener
	at TestListener.sampleAfterTestCase(TestListener.groovy:45)
	at TestListener.invokeMethod(TestListener.groovy)
	at com.kms.katalon.core.context.internal.TestHooker.invokeMethod(TestHooker.java:111)
	at com.kms.katalon.core.context.internal.TestHooker.lambda$3(TestHooker.java:95)
	at com.kms.katalon.core.context.internal.TestHooker.invokeContextMethods(TestHooker.java:94)
	at com.kms.katalon.core.context.internal.TestListenerCollector.lambda$3(TestListenerCollector.java:88)
	at com.kms.katalon.core.context.internal.TestListenerCollector.handleListenerEvent(TestListenerCollector.java:85)
	at com.kms.katalon.core.context.internal.ExecutionEventManager.publicEvent(ExecutionEventManager.java:36)
	at com.kms.katalon.core.main.TestCaseExecutor.execute(TestCaseExecutor.java:315)
	at com.kms.katalon.core.common.CommonExecutor.accessTestCaseMainPhase(CommonExecutor.java:65)
	at com.kms.katalon.core.main.TestSuiteExecutor.accessTestSuiteMainPhase(TestSuiteExecutor.java:151)
	at com.kms.katalon.core.main.TestSuiteExecutor.execute(TestSuiteExecutor.java:106)
	at com.kms.katalon.core.main.TestCaseMain.startTestSuite(TestCaseMain.java:185)
	at com.kms.katalon.core.main.TestCaseMain$startTestSuite$0.call(Unknown Source)
	at TempTestSuite1677690294868.run(TempTestSuite1677690294868.groovy:36)


2023-03-01 18:08:53 - [TEST_STEP][PASSED] - println(testCaseContext.getTestCaseId() + " - "): null

2023-03-01 18:08:53 - [TEST_STEP][ERROR] - println(printtestCaseContext.getTestCaseStatus()): groovy.lang.MissingPropertyException: No such property: printtestCaseContext for class: TestListener
	at TestListener.sampleAfterTestCase(TestListener.groovy:45)
	at TestListener.invokeMethod(TestListener.groovy)
	at com.kms.katalon.core.context.internal.TestHooker.invokeMethod(TestHooker.java:111)
	at com.kms.katalon.core.context.internal.TestHooker.lambda$3(TestHooker.java:95)
	at com.kms.katalon.core.context.internal.TestHooker.invokeContextMethods(TestHooker.java:94)
	at com.kms.katalon.core.context.internal.TestListenerCollector.lambda$3(TestListenerCollector.java:88)
	at com.kms.katalon.core.context.internal.TestListenerCollector.handleListenerEvent(TestListenerCollector.java:85)
	at com.kms.katalon.core.context.internal.ExecutionEventManager.publicEvent(ExecutionEventManager.java:36)
	at com.kms.katalon.core.main.TestCaseExecutor.execute(TestCaseExecutor.java:315)
	at com.kms.katalon.core.common.CommonExecutor.accessTestCaseMainPhase(CommonExecutor.java:65)
	at com.kms.katalon.core.main.TestSuiteExecutor.accessTestSuiteMainPhase(TestSuiteExecutor.java:151)
	at com.kms.katalon.core.main.TestSuiteExecutor.execute(TestSuiteExecutor.java:106)
	at com.kms.katalon.core.main.TestCaseMain.startTestSuite(TestCaseMain.java:185)
	at com.kms.katalon.core.main.TestCaseMain$startTestSuite$0.call(Unknown Source)
	at TempTestSuite1677690294868.run(TempTestSuite1677690294868.groovy:36)


2023-03-01 18:08:53 - [MESSAGE][ERROR] - groovy.lang.MissingPropertyException: No such property: printtestCaseContext for class: TestListener
	at TestListener.sampleAfterTestCase(TestListener.groovy:45)
	at TestListener.invokeMethod(TestListener.groovy)
	at com.kms.katalon.core.context.internal.TestHooker.invokeMethod(TestHooker.java:111)
	at com.kms.katalon.core.context.internal.TestHooker.lambda$3(TestHooker.java:95)
	at com.kms.katalon.core.context.internal.TestHooker.invokeContextMethods(TestHooker.java:94)
	at com.kms.katalon.core.context.internal.TestListenerCollector.lambda$3(TestListenerCollector.java:88)
	at com.kms.katalon.core.context.internal.TestListenerCollector.handleListenerEvent(TestListenerCollector.java:85)
	at com.kms.katalon.core.context.internal.ExecutionEventManager.publicEvent(ExecutionEventManager.java:36)
	at com.kms.katalon.core.main.TestCaseExecutor.execute(TestCaseExecutor.java:315)
	at com.kms.katalon.core.common.CommonExecutor.accessTestCaseMainPhase(CommonExecutor.java:65)
	at com.kms.katalon.core.main.TestSuiteExecutor.accessTestSuiteMainPhase(TestSuiteExecutor.java:151)
	at com.kms.katalon.core.main.TestSuiteExecutor.execute(TestSuiteExecutor.java:106)
	at com.kms.katalon.core.main.TestCaseMain.startTestSuite(TestCaseMain.java:185)
	at com.kms.katalon.core.main.TestCaseMain$startTestSuite$0.call(Unknown Source)
	at TempTestSuite1677690294868.run(TempTestSuite1677690294868.groovy:36)]]></system-out>
         <system-err><![CDATA[]]></system-err>
      </testcase>
      <testcase name="Test Cases/Admin Page/Job/Job Categories/Add Category" time="31.638" classname="Test Cases/Admin Page/Job/Job Categories/Add Category" status="PASSED">
         <system-out><![CDATA[2023-03-01 18:08:53 - [TEST_CASE][PASSED] - Test Cases/Admin Page/Job/Job Categories/Add Category: Test Cases/Admin Page/Job/Job Categories/Add Category

2023-03-01 18:08:53 - [TEST_STEP][PASSED] - Start listener action : sampleBeforeTestCase: Current window maximized

2023-03-01 18:08:53 - [TEST_STEP][PASSED] - println(testCaseContext.getTestCaseId()): null

2023-03-01 18:08:53 - [TEST_STEP][PASSED] - println(testCaseContext.getTestCaseVariables()): null

2023-03-01 18:08:53 - [TEST_STEP][PASSED] - openBrowser(baseURL): Browser is opened with url: 'https://opensource-demo.orangehrmlive.com/web/index.php/auth/login'

2023-03-01 18:08:53 - [MESSAGE][WARNING] - A browser is already opened. Closing browser and opening a new one

2023-03-01 18:08:54 - [MESSAGE][INFO] - Starting 'Chrome' driver

2023-03-01 18:08:54 - [MESSAGE][INFO] - Action delay is set to 1,000 milliseconds

2023-03-01 18:08:58 - [MESSAGE][PASSED] - Browser is opened with url: 'https://opensource-demo.orangehrmlive.com/web/index.php/auth/login'

2023-03-01 18:08:58 - [TEST_STEP][PASSED] - maximizeWindow(): Current window maximized

2023-03-01 18:08:58 - [MESSAGE][PASSED] - Current window maximized

2023-03-01 18:08:58 - [TEST_STEP][PASSED] - Start setup action : setupTestCase: Method 'setupTestCase' complete successfully

2023-03-01 18:08:58 - [TEST_STEP][PASSED] - orange.keywords.userLogin(findTestObject("Login Page/textbox_Username"), username, findTestObject("Login Page/textbox_Password"), password, findTestObject("Login Page/button_Login")): orange.keywords.userLogin is PASSED

2023-03-01 18:09:04 - [MESSAGE][PASSED] - orange.keywords.userLogin is PASSED

2023-03-01 18:09:04 - [MESSAGE][PASSED] - Method 'setupTestCase' complete successfully

2023-03-01 18:09:05 - [TEST_STEP][PASSED] - click(findTestObject("Navigation Sidebar/a_Admin")): Object: 'Object Repository/Navigation Sidebar/a_Admin' is clicked on

2023-03-01 18:09:08 - [MESSAGE][PASSED] - Object: 'Object Repository/Navigation Sidebar/a_Admin' is clicked on

2023-03-01 18:09:08 - [TEST_STEP][PASSED] - click(findTestObject("Admin Page/Job/li_Job")): Object: 'Object Repository/Admin Page/Job/li_Job' is clicked on

2023-03-01 18:09:11 - [MESSAGE][PASSED] - Object: 'Object Repository/Admin Page/Job/li_Job' is clicked on

2023-03-01 18:09:11 - [TEST_STEP][PASSED] - click(findTestObject("Admin Page/Job/Job Categories/li_Job Categories")): Object: 'Object Repository/Admin Page/Job/Job Categories/li_Job Categories' is clicked on

2023-03-01 18:09:13 - [MESSAGE][PASSED] - Object: 'Object Repository/Admin Page/Job/Job Categories/li_Job Categories' is clicked on

2023-03-01 18:09:13 - [TEST_STEP][PASSED] - click(findTestObject("Admin Page/Nationalities/button_Add")): Object: 'Object Repository/Admin Page/Nationalities/button_Add' is clicked on

2023-03-01 18:09:16 - [MESSAGE][PASSED] - Object: 'Object Repository/Admin Page/Nationalities/button_Add' is clicked on

2023-03-01 18:09:16 - [TEST_STEP][PASSED] - sendKeys(findTestObject("Admin Page/Qualifications/Skills/textbox_Username"), job_category): Keys 'Automation Category' sent to object: 'Object Repository/Admin Page/Qualifications/Skills/textbox_Username'

2023-03-01 18:09:18 - [MESSAGE][PASSED] - Keys 'Automation Category' sent to object: 'Object Repository/Admin Page/Qualifications/Skills/textbox_Username'

2023-03-01 18:09:18 - [TEST_STEP][PASSED] - takeScreenshotAsCheckpoint("Category Info"): Taking screenshot successfully

2023-03-01 18:09:19 - [MESSAGE][INFO] - 0 hidden object(s)

2023-03-01 18:09:20 - [MESSAGE][PASSED] - Taking screenshot successfully
[[ATTACHMENT|keyes\keyes-Category Info.png]]

2023-03-01 18:09:20 - [TEST_STEP][PASSED] - click(findTestObject("Admin Page/Nationalities/button_Save")): Object: 'Object Repository/Admin Page/Nationalities/button_Save' is clicked on

2023-03-01 18:09:22 - [MESSAGE][PASSED] - Object: 'Object Repository/Admin Page/Nationalities/button_Save' is clicked on

2023-03-01 18:09:22 - [TEST_STEP][PASSED] - waitForElementPresent(findTestObject("Confirmation messages/message_SuccessSuccessfullySaved"), 10): Object 'Object Repository/Confirmation messages/message_SuccessSuccessfullySaved' is present

2023-03-01 18:09:22 - [MESSAGE][PASSED] - Object 'Object Repository/Confirmation messages/message_SuccessSuccessfullySaved' is present

2023-03-01 18:09:22 - [TEST_STEP][PASSED] - verifyElementPresent(findTestObject("Confirmation messages/message_SuccessSuccessfullySaved"), 10): Object 'Object Repository/Confirmation messages/message_SuccessSuccessfullySaved' is present

2023-03-01 18:09:23 - [MESSAGE][PASSED] - Object 'Object Repository/Confirmation messages/message_SuccessSuccessfullySaved' is present

2023-03-01 18:09:23 - [TEST_STEP][PASSED] - takeScreenshotAsCheckpoint("Category Added"): Taking screenshot successfully

2023-03-01 18:09:24 - [MESSAGE][INFO] - 0 hidden object(s)

2023-03-01 18:09:25 - [MESSAGE][PASSED] - Taking screenshot successfully
[[ATTACHMENT|keyes\keyes-Category Added.png]]

2023-03-01 18:09:25 - [TEST_STEP][ERROR] - Start listener action : sampleAfterTestCase: groovy.lang.MissingPropertyException: No such property: printtestCaseContext for class: TestListener
	at TestListener.sampleAfterTestCase(TestListener.groovy:45)
	at TestListener.invokeMethod(TestListener.groovy)
	at com.kms.katalon.core.context.internal.TestHooker.invokeMethod(TestHooker.java:111)
	at com.kms.katalon.core.context.internal.TestHooker.lambda$3(TestHooker.java:95)
	at com.kms.katalon.core.context.internal.TestHooker.invokeContextMethods(TestHooker.java:94)
	at com.kms.katalon.core.context.internal.TestListenerCollector.lambda$3(TestListenerCollector.java:88)
	at com.kms.katalon.core.context.internal.TestListenerCollector.handleListenerEvent(TestListenerCollector.java:85)
	at com.kms.katalon.core.context.internal.ExecutionEventManager.publicEvent(ExecutionEventManager.java:36)
	at com.kms.katalon.core.main.TestCaseExecutor.execute(TestCaseExecutor.java:315)
	at com.kms.katalon.core.common.CommonExecutor.accessTestCaseMainPhase(CommonExecutor.java:65)
	at com.kms.katalon.core.main.TestSuiteExecutor.accessTestSuiteMainPhase(TestSuiteExecutor.java:151)
	at com.kms.katalon.core.main.TestSuiteExecutor.execute(TestSuiteExecutor.java:106)
	at com.kms.katalon.core.main.TestCaseMain.startTestSuite(TestCaseMain.java:185)
	at com.kms.katalon.core.main.TestCaseMain$startTestSuite$0.call(Unknown Source)
	at TempTestSuite1677690294868.run(TempTestSuite1677690294868.groovy:36)


2023-03-01 18:09:25 - [TEST_STEP][PASSED] - println(testCaseContext.getTestCaseId() + " - "): null

2023-03-01 18:09:25 - [TEST_STEP][ERROR] - println(printtestCaseContext.getTestCaseStatus()): groovy.lang.MissingPropertyException: No such property: printtestCaseContext for class: TestListener
	at TestListener.sampleAfterTestCase(TestListener.groovy:45)
	at TestListener.invokeMethod(TestListener.groovy)
	at com.kms.katalon.core.context.internal.TestHooker.invokeMethod(TestHooker.java:111)
	at com.kms.katalon.core.context.internal.TestHooker.lambda$3(TestHooker.java:95)
	at com.kms.katalon.core.context.internal.TestHooker.invokeContextMethods(TestHooker.java:94)
	at com.kms.katalon.core.context.internal.TestListenerCollector.lambda$3(TestListenerCollector.java:88)
	at com.kms.katalon.core.context.internal.TestListenerCollector.handleListenerEvent(TestListenerCollector.java:85)
	at com.kms.katalon.core.context.internal.ExecutionEventManager.publicEvent(ExecutionEventManager.java:36)
	at com.kms.katalon.core.main.TestCaseExecutor.execute(TestCaseExecutor.java:315)
	at com.kms.katalon.core.common.CommonExecutor.accessTestCaseMainPhase(CommonExecutor.java:65)
	at com.kms.katalon.core.main.TestSuiteExecutor.accessTestSuiteMainPhase(TestSuiteExecutor.java:151)
	at com.kms.katalon.core.main.TestSuiteExecutor.execute(TestSuiteExecutor.java:106)
	at com.kms.katalon.core.main.TestCaseMain.startTestSuite(TestCaseMain.java:185)
	at com.kms.katalon.core.main.TestCaseMain$startTestSuite$0.call(Unknown Source)
	at TempTestSuite1677690294868.run(TempTestSuite1677690294868.groovy:36)


2023-03-01 18:09:25 - [MESSAGE][ERROR] - groovy.lang.MissingPropertyException: No such property: printtestCaseContext for class: TestListener
	at TestListener.sampleAfterTestCase(TestListener.groovy:45)
	at TestListener.invokeMethod(TestListener.groovy)
	at com.kms.katalon.core.context.internal.TestHooker.invokeMethod(TestHooker.java:111)
	at com.kms.katalon.core.context.internal.TestHooker.lambda$3(TestHooker.java:95)
	at com.kms.katalon.core.context.internal.TestHooker.invokeContextMethods(TestHooker.java:94)
	at com.kms.katalon.core.context.internal.TestListenerCollector.lambda$3(TestListenerCollector.java:88)
	at com.kms.katalon.core.context.internal.TestListenerCollector.handleListenerEvent(TestListenerCollector.java:85)
	at com.kms.katalon.core.context.internal.ExecutionEventManager.publicEvent(ExecutionEventManager.java:36)
	at com.kms.katalon.core.main.TestCaseExecutor.execute(TestCaseExecutor.java:315)
	at com.kms.katalon.core.common.CommonExecutor.accessTestCaseMainPhase(CommonExecutor.java:65)
	at com.kms.katalon.core.main.TestSuiteExecutor.accessTestSuiteMainPhase(TestSuiteExecutor.java:151)
	at com.kms.katalon.core.main.TestSuiteExecutor.execute(TestSuiteExecutor.java:106)
	at com.kms.katalon.core.main.TestCaseMain.startTestSuite(TestCaseMain.java:185)
	at com.kms.katalon.core.main.TestCaseMain$startTestSuite$0.call(Unknown Source)
	at TempTestSuite1677690294868.run(TempTestSuite1677690294868.groovy:36)]]></system-out>
         <system-err><![CDATA[]]></system-err>
      </testcase>
      <testcase name="Test Cases/Admin Page/Job/Job Categories/Edit Category" time="29.383" classname="Test Cases/Admin Page/Job/Job Categories/Edit Category" status="PASSED">
         <system-out><![CDATA[2023-03-01 18:09:25 - [TEST_CASE][PASSED] - Test Cases/Admin Page/Job/Job Categories/Edit Category: Test Cases/Admin Page/Job/Job Categories/Edit Category

2023-03-01 18:09:25 - [TEST_STEP][PASSED] - Start listener action : sampleBeforeTestCase: Current window maximized

2023-03-01 18:09:25 - [TEST_STEP][PASSED] - println(testCaseContext.getTestCaseId()): null

2023-03-01 18:09:25 - [TEST_STEP][PASSED] - println(testCaseContext.getTestCaseVariables()): null

2023-03-01 18:09:25 - [TEST_STEP][PASSED] - openBrowser(baseURL): Browser is opened with url: 'https://opensource-demo.orangehrmlive.com/web/index.php/auth/login'

2023-03-01 18:09:25 - [MESSAGE][WARNING] - A browser is already opened. Closing browser and opening a new one

2023-03-01 18:09:26 - [MESSAGE][INFO] - Starting 'Chrome' driver

2023-03-01 18:09:26 - [MESSAGE][INFO] - Action delay is set to 1,000 milliseconds

2023-03-01 18:09:30 - [MESSAGE][PASSED] - Browser is opened with url: 'https://opensource-demo.orangehrmlive.com/web/index.php/auth/login'

2023-03-01 18:09:30 - [TEST_STEP][PASSED] - maximizeWindow(): Current window maximized

2023-03-01 18:09:30 - [MESSAGE][PASSED] - Current window maximized

2023-03-01 18:09:30 - [TEST_STEP][PASSED] - Start setup action : setupTestCase: Method 'setupTestCase' complete successfully

2023-03-01 18:09:30 - [TEST_STEP][PASSED] - orange.keywords.userLogin(findTestObject("Login Page/textbox_Username"), username, findTestObject("Login Page/textbox_Password"), password, findTestObject("Login Page/button_Login")): orange.keywords.userLogin is PASSED

2023-03-01 18:09:36 - [MESSAGE][PASSED] - orange.keywords.userLogin is PASSED

2023-03-01 18:09:36 - [MESSAGE][PASSED] - Method 'setupTestCase' complete successfully

2023-03-01 18:09:37 - [TEST_STEP][PASSED] - click(findTestObject("Navigation Sidebar/a_Admin")): Object: 'Object Repository/Navigation Sidebar/a_Admin' is clicked on

2023-03-01 18:09:40 - [MESSAGE][PASSED] - Object: 'Object Repository/Navigation Sidebar/a_Admin' is clicked on

2023-03-01 18:09:40 - [TEST_STEP][PASSED] - click(findTestObject("Admin Page/Job/li_Job")): Object: 'Object Repository/Admin Page/Job/li_Job' is clicked on

2023-03-01 18:09:42 - [MESSAGE][PASSED] - Object: 'Object Repository/Admin Page/Job/li_Job' is clicked on

2023-03-01 18:09:42 - [TEST_STEP][PASSED] - click(findTestObject("Admin Page/Job/Job Categories/li_Job Categories")): Object: 'Object Repository/Admin Page/Job/Job Categories/li_Job Categories' is clicked on

2023-03-01 18:09:44 - [MESSAGE][PASSED] - Object: 'Object Repository/Admin Page/Job/Job Categories/li_Job Categories' is clicked on

2023-03-01 18:09:44 - [TEST_STEP][PASSED] - click(findTestObject("Admin Page/Job/Job Categories/button_Edit")): Object: 'Object Repository/Admin Page/Job/Job Categories/button_Edit' is clicked on

2023-03-01 18:09:47 - [MESSAGE][PASSED] - Object: 'Object Repository/Admin Page/Job/Job Categories/button_Edit' is clicked on

2023-03-01 18:09:47 - [TEST_STEP][PASSED] - sendKeys(findTestObject("Admin Page/Qualifications/Skills/textbox_Username"), Keys.chord(CONTROL, "a")): Keys 'CONTROL + a' sent to object: 'Object Repository/Admin Page/Qualifications/Skills/textbox_Username'

2023-03-01 18:09:49 - [MESSAGE][PASSED] - Keys 'CONTROL + a' sent to object: 'Object Repository/Admin Page/Qualifications/Skills/textbox_Username'

2023-03-01 18:09:49 - [TEST_STEP][PASSED] - sendKeys(findTestObject("Admin Page/Qualifications/Skills/textbox_Username_selected"), edited_job_category): Keys 'Automation Category-Edited' sent to object: 'Object Repository/Admin Page/Qualifications/Skills/textbox_Username_selected'

2023-03-01 18:09:51 - [MESSAGE][PASSED] - Keys 'Automation Category-Edited' sent to object: 'Object Repository/Admin Page/Qualifications/Skills/textbox_Username_selected'

2023-03-01 18:09:51 - [TEST_STEP][PASSED] - click(findTestObject("Admin Page/Qualifications/Skills/button_Save")): Object: 'Object Repository/Admin Page/Qualifications/Skills/button_Save' is clicked on

2023-03-01 18:09:53 - [MESSAGE][PASSED] - Object: 'Object Repository/Admin Page/Qualifications/Skills/button_Save' is clicked on

2023-03-01 18:09:53 - [TEST_STEP][PASSED] - waitForElementPresent(findTestObject("Confirmation messages/message_SuccessSuccessfullyUpdated"), 10): Object 'Object Repository/Confirmation messages/message_SuccessSuccessfullyUpdated' is present

2023-03-01 18:09:54 - [MESSAGE][PASSED] - Object 'Object Repository/Confirmation messages/message_SuccessSuccessfullyUpdated' is present

2023-03-01 18:09:54 - [TEST_STEP][PASSED] - verifyElementPresent(findTestObject("Confirmation messages/message_SuccessSuccessfullyUpdated"), 10): Object 'Object Repository/Confirmation messages/message_SuccessSuccessfullyUpdated' is present

2023-03-01 18:09:54 - [MESSAGE][PASSED] - Object 'Object Repository/Confirmation messages/message_SuccessSuccessfullyUpdated' is present

2023-03-01 18:09:54 - [TEST_STEP][ERROR] - Start listener action : sampleAfterTestCase: groovy.lang.MissingPropertyException: No such property: printtestCaseContext for class: TestListener
	at TestListener.sampleAfterTestCase(TestListener.groovy:45)
	at TestListener.invokeMethod(TestListener.groovy)
	at com.kms.katalon.core.context.internal.TestHooker.invokeMethod(TestHooker.java:111)
	at com.kms.katalon.core.context.internal.TestHooker.lambda$3(TestHooker.java:95)
	at com.kms.katalon.core.context.internal.TestHooker.invokeContextMethods(TestHooker.java:94)
	at com.kms.katalon.core.context.internal.TestListenerCollector.lambda$3(TestListenerCollector.java:88)
	at com.kms.katalon.core.context.internal.TestListenerCollector.handleListenerEvent(TestListenerCollector.java:85)
	at com.kms.katalon.core.context.internal.ExecutionEventManager.publicEvent(ExecutionEventManager.java:36)
	at com.kms.katalon.core.main.TestCaseExecutor.execute(TestCaseExecutor.java:315)
	at com.kms.katalon.core.common.CommonExecutor.accessTestCaseMainPhase(CommonExecutor.java:65)
	at com.kms.katalon.core.main.TestSuiteExecutor.accessTestSuiteMainPhase(TestSuiteExecutor.java:151)
	at com.kms.katalon.core.main.TestSuiteExecutor.execute(TestSuiteExecutor.java:106)
	at com.kms.katalon.core.main.TestCaseMain.startTestSuite(TestCaseMain.java:185)
	at com.kms.katalon.core.main.TestCaseMain$startTestSuite$0.call(Unknown Source)
	at TempTestSuite1677690294868.run(TempTestSuite1677690294868.groovy:36)


2023-03-01 18:09:54 - [TEST_STEP][PASSED] - println(testCaseContext.getTestCaseId() + " - "): null

2023-03-01 18:09:54 - [TEST_STEP][ERROR] - println(printtestCaseContext.getTestCaseStatus()): groovy.lang.MissingPropertyException: No such property: printtestCaseContext for class: TestListener
	at TestListener.sampleAfterTestCase(TestListener.groovy:45)
	at TestListener.invokeMethod(TestListener.groovy)
	at com.kms.katalon.core.context.internal.TestHooker.invokeMethod(TestHooker.java:111)
	at com.kms.katalon.core.context.internal.TestHooker.lambda$3(TestHooker.java:95)
	at com.kms.katalon.core.context.internal.TestHooker.invokeContextMethods(TestHooker.java:94)
	at com.kms.katalon.core.context.internal.TestListenerCollector.lambda$3(TestListenerCollector.java:88)
	at com.kms.katalon.core.context.internal.TestListenerCollector.handleListenerEvent(TestListenerCollector.java:85)
	at com.kms.katalon.core.context.internal.ExecutionEventManager.publicEvent(ExecutionEventManager.java:36)
	at com.kms.katalon.core.main.TestCaseExecutor.execute(TestCaseExecutor.java:315)
	at com.kms.katalon.core.common.CommonExecutor.accessTestCaseMainPhase(CommonExecutor.java:65)
	at com.kms.katalon.core.main.TestSuiteExecutor.accessTestSuiteMainPhase(TestSuiteExecutor.java:151)
	at com.kms.katalon.core.main.TestSuiteExecutor.execute(TestSuiteExecutor.java:106)
	at com.kms.katalon.core.main.TestCaseMain.startTestSuite(TestCaseMain.java:185)
	at com.kms.katalon.core.main.TestCaseMain$startTestSuite$0.call(Unknown Source)
	at TempTestSuite1677690294868.run(TempTestSuite1677690294868.groovy:36)


2023-03-01 18:09:54 - [MESSAGE][ERROR] - groovy.lang.MissingPropertyException: No such property: printtestCaseContext for class: TestListener
	at TestListener.sampleAfterTestCase(TestListener.groovy:45)
	at TestListener.invokeMethod(TestListener.groovy)
	at com.kms.katalon.core.context.internal.TestHooker.invokeMethod(TestHooker.java:111)
	at com.kms.katalon.core.context.internal.TestHooker.lambda$3(TestHooker.java:95)
	at com.kms.katalon.core.context.internal.TestHooker.invokeContextMethods(TestHooker.java:94)
	at com.kms.katalon.core.context.internal.TestListenerCollector.lambda$3(TestListenerCollector.java:88)
	at com.kms.katalon.core.context.internal.TestListenerCollector.handleListenerEvent(TestListenerCollector.java:85)
	at com.kms.katalon.core.context.internal.ExecutionEventManager.publicEvent(ExecutionEventManager.java:36)
	at com.kms.katalon.core.main.TestCaseExecutor.execute(TestCaseExecutor.java:315)
	at com.kms.katalon.core.common.CommonExecutor.accessTestCaseMainPhase(CommonExecutor.java:65)
	at com.kms.katalon.core.main.TestSuiteExecutor.accessTestSuiteMainPhase(TestSuiteExecutor.java:151)
	at com.kms.katalon.core.main.TestSuiteExecutor.execute(TestSuiteExecutor.java:106)
	at com.kms.katalon.core.main.TestCaseMain.startTestSuite(TestCaseMain.java:185)
	at com.kms.katalon.core.main.TestCaseMain$startTestSuite$0.call(Unknown Source)
	at TempTestSuite1677690294868.run(TempTestSuite1677690294868.groovy:36)]]></system-out>
         <system-err><![CDATA[]]></system-err>
      </testcase>
      <testcase name="Test Cases/Admin Page/Job/Job Categories/Delete Category" time="25.169" classname="Test Cases/Admin Page/Job/Job Categories/Delete Category" status="PASSED">
         <system-out><![CDATA[2023-03-01 18:09:54 - [TEST_CASE][PASSED] - Test Cases/Admin Page/Job/Job Categories/Delete Category: Test Cases/Admin Page/Job/Job Categories/Delete Category

2023-03-01 18:09:54 - [TEST_STEP][PASSED] - Start listener action : sampleBeforeTestCase: Current window maximized

2023-03-01 18:09:54 - [TEST_STEP][PASSED] - println(testCaseContext.getTestCaseId()): null

2023-03-01 18:09:54 - [TEST_STEP][PASSED] - println(testCaseContext.getTestCaseVariables()): null

2023-03-01 18:09:54 - [TEST_STEP][PASSED] - openBrowser(baseURL): Browser is opened with url: 'https://opensource-demo.orangehrmlive.com/web/index.php/auth/login'

2023-03-01 18:09:54 - [MESSAGE][WARNING] - A browser is already opened. Closing browser and opening a new one

2023-03-01 18:09:55 - [MESSAGE][INFO] - Starting 'Chrome' driver

2023-03-01 18:09:55 - [MESSAGE][INFO] - Action delay is set to 1,000 milliseconds

2023-03-01 18:09:59 - [MESSAGE][PASSED] - Browser is opened with url: 'https://opensource-demo.orangehrmlive.com/web/index.php/auth/login'

2023-03-01 18:09:59 - [TEST_STEP][PASSED] - maximizeWindow(): Current window maximized

2023-03-01 18:09:59 - [MESSAGE][PASSED] - Current window maximized

2023-03-01 18:09:59 - [TEST_STEP][PASSED] - Start setup action : setupTestCase: Method 'setupTestCase' complete successfully

2023-03-01 18:09:59 - [TEST_STEP][PASSED] - orange.keywords.userLogin(findTestObject("Login Page/textbox_Username"), username, findTestObject("Login Page/textbox_Password"), password, findTestObject("Login Page/button_Login")): orange.keywords.userLogin is PASSED

2023-03-01 18:10:05 - [MESSAGE][PASSED] - orange.keywords.userLogin is PASSED

2023-03-01 18:10:05 - [MESSAGE][PASSED] - Method 'setupTestCase' complete successfully

2023-03-01 18:10:06 - [TEST_STEP][PASSED] - click(findTestObject("Navigation Sidebar/a_Admin")): Object: 'Object Repository/Navigation Sidebar/a_Admin' is clicked on

2023-03-01 18:10:09 - [MESSAGE][PASSED] - Object: 'Object Repository/Navigation Sidebar/a_Admin' is clicked on

2023-03-01 18:10:09 - [TEST_STEP][PASSED] - click(findTestObject("Admin Page/Job/li_Job")): Object: 'Object Repository/Admin Page/Job/li_Job' is clicked on

2023-03-01 18:10:12 - [MESSAGE][PASSED] - Object: 'Object Repository/Admin Page/Job/li_Job' is clicked on

2023-03-01 18:10:12 - [TEST_STEP][PASSED] - click(findTestObject("Admin Page/Job/Job Categories/li_Job Categories")): Object: 'Object Repository/Admin Page/Job/Job Categories/li_Job Categories' is clicked on

2023-03-01 18:10:14 - [MESSAGE][PASSED] - Object: 'Object Repository/Admin Page/Job/Job Categories/li_Job Categories' is clicked on

2023-03-01 18:10:14 - [TEST_STEP][PASSED] - click(findTestObject("Admin Page/Job/Job Categories/button_Delete")): Object: 'Object Repository/Admin Page/Job/Job Categories/button_Delete' is clicked on

2023-03-01 18:10:16 - [MESSAGE][PASSED] - Object: 'Object Repository/Admin Page/Job/Job Categories/button_Delete' is clicked on

2023-03-01 18:10:16 - [TEST_STEP][PASSED] - click(findTestObject("Admin Page/Qualifications/Languages/button_Yes, Delete")): Object: 'Object Repository/Admin Page/Qualifications/Languages/button_Yes, Delete' is clicked on

2023-03-01 18:10:18 - [MESSAGE][PASSED] - Object: 'Object Repository/Admin Page/Qualifications/Languages/button_Yes, Delete' is clicked on

2023-03-01 18:10:18 - [TEST_STEP][PASSED] - waitForElementPresent(findTestObject("Confirmation messages/message_SuccessSuccessfullyDeleted"), 10): Object 'Object Repository/Confirmation messages/message_SuccessSuccessfullyDeleted' is present

2023-03-01 18:10:19 - [MESSAGE][PASSED] - Object 'Object Repository/Confirmation messages/message_SuccessSuccessfullyDeleted' is present

2023-03-01 18:10:19 - [TEST_STEP][PASSED] - verifyElementPresent(findTestObject("Confirmation messages/message_SuccessSuccessfullyDeleted"), 10): Object 'Object Repository/Confirmation messages/message_SuccessSuccessfullyDeleted' is present

2023-03-01 18:10:19 - [MESSAGE][PASSED] - Object 'Object Repository/Confirmation messages/message_SuccessSuccessfullyDeleted' is present

2023-03-01 18:10:19 - [TEST_STEP][ERROR] - Start listener action : sampleAfterTestCase: groovy.lang.MissingPropertyException: No such property: printtestCaseContext for class: TestListener
	at TestListener.sampleAfterTestCase(TestListener.groovy:45)
	at TestListener.invokeMethod(TestListener.groovy)
	at com.kms.katalon.core.context.internal.TestHooker.invokeMethod(TestHooker.java:111)
	at com.kms.katalon.core.context.internal.TestHooker.lambda$3(TestHooker.java:95)
	at com.kms.katalon.core.context.internal.TestHooker.invokeContextMethods(TestHooker.java:94)
	at com.kms.katalon.core.context.internal.TestListenerCollector.lambda$3(TestListenerCollector.java:88)
	at com.kms.katalon.core.context.internal.TestListenerCollector.handleListenerEvent(TestListenerCollector.java:85)
	at com.kms.katalon.core.context.internal.ExecutionEventManager.publicEvent(ExecutionEventManager.java:36)
	at com.kms.katalon.core.main.TestCaseExecutor.execute(TestCaseExecutor.java:315)
	at com.kms.katalon.core.common.CommonExecutor.accessTestCaseMainPhase(CommonExecutor.java:65)
	at com.kms.katalon.core.main.TestSuiteExecutor.accessTestSuiteMainPhase(TestSuiteExecutor.java:151)
	at com.kms.katalon.core.main.TestSuiteExecutor.execute(TestSuiteExecutor.java:106)
	at com.kms.katalon.core.main.TestCaseMain.startTestSuite(TestCaseMain.java:185)
	at com.kms.katalon.core.main.TestCaseMain$startTestSuite$0.call(Unknown Source)
	at TempTestSuite1677690294868.run(TempTestSuite1677690294868.groovy:36)


2023-03-01 18:10:19 - [TEST_STEP][PASSED] - println(testCaseContext.getTestCaseId() + " - "): null

2023-03-01 18:10:19 - [TEST_STEP][ERROR] - println(printtestCaseContext.getTestCaseStatus()): groovy.lang.MissingPropertyException: No such property: printtestCaseContext for class: TestListener
	at TestListener.sampleAfterTestCase(TestListener.groovy:45)
	at TestListener.invokeMethod(TestListener.groovy)
	at com.kms.katalon.core.context.internal.TestHooker.invokeMethod(TestHooker.java:111)
	at com.kms.katalon.core.context.internal.TestHooker.lambda$3(TestHooker.java:95)
	at com.kms.katalon.core.context.internal.TestHooker.invokeContextMethods(TestHooker.java:94)
	at com.kms.katalon.core.context.internal.TestListenerCollector.lambda$3(TestListenerCollector.java:88)
	at com.kms.katalon.core.context.internal.TestListenerCollector.handleListenerEvent(TestListenerCollector.java:85)
	at com.kms.katalon.core.context.internal.ExecutionEventManager.publicEvent(ExecutionEventManager.java:36)
	at com.kms.katalon.core.main.TestCaseExecutor.execute(TestCaseExecutor.java:315)
	at com.kms.katalon.core.common.CommonExecutor.accessTestCaseMainPhase(CommonExecutor.java:65)
	at com.kms.katalon.core.main.TestSuiteExecutor.accessTestSuiteMainPhase(TestSuiteExecutor.java:151)
	at com.kms.katalon.core.main.TestSuiteExecutor.execute(TestSuiteExecutor.java:106)
	at com.kms.katalon.core.main.TestCaseMain.startTestSuite(TestCaseMain.java:185)
	at com.kms.katalon.core.main.TestCaseMain$startTestSuite$0.call(Unknown Source)
	at TempTestSuite1677690294868.run(TempTestSuite1677690294868.groovy:36)


2023-03-01 18:10:19 - [MESSAGE][ERROR] - groovy.lang.MissingPropertyException: No such property: printtestCaseContext for class: TestListener
	at TestListener.sampleAfterTestCase(TestListener.groovy:45)
	at TestListener.invokeMethod(TestListener.groovy)
	at com.kms.katalon.core.context.internal.TestHooker.invokeMethod(TestHooker.java:111)
	at com.kms.katalon.core.context.internal.TestHooker.lambda$3(TestHooker.java:95)
	at com.kms.katalon.core.context.internal.TestHooker.invokeContextMethods(TestHooker.java:94)
	at com.kms.katalon.core.context.internal.TestListenerCollector.lambda$3(TestListenerCollector.java:88)
	at com.kms.katalon.core.context.internal.TestListenerCollector.handleListenerEvent(TestListenerCollector.java:85)
	at com.kms.katalon.core.context.internal.ExecutionEventManager.publicEvent(ExecutionEventManager.java:36)
	at com.kms.katalon.core.main.TestCaseExecutor.execute(TestCaseExecutor.java:315)
	at com.kms.katalon.core.common.CommonExecutor.accessTestCaseMainPhase(CommonExecutor.java:65)
	at com.kms.katalon.core.main.TestSuiteExecutor.accessTestSuiteMainPhase(TestSuiteExecutor.java:151)
	at com.kms.katalon.core.main.TestSuiteExecutor.execute(TestSuiteExecutor.java:106)
	at com.kms.katalon.core.main.TestCaseMain.startTestSuite(TestCaseMain.java:185)
	at com.kms.katalon.core.main.TestCaseMain$startTestSuite$0.call(Unknown Source)
	at TempTestSuite1677690294868.run(TempTestSuite1677690294868.groovy:36)]]></system-out>
         <system-err><![CDATA[]]></system-err>
      </testcase>
      <system-out><![CDATA[2023-03-01 18:07:09 - [TEST_SUITE][PASSED] - Job Dropdown Suite: Test Cases/Admin Page/Job/Job Categories/Delete Category]]></system-out>
      <system-err><![CDATA[]]></system-err>
   </testsuite>
   <testsuite name="Qualifications Dropdown Suite" tests="15" failures="0" errors="0" time="430.185" skipped="0" timestamp="2023-03-01 18:07:38" hostname="PC - host.docker.internal" id="Test Suites/Qualifications Dropdown Suite">
      <properties>
         <property name="deviceName" value=""/>
         <property name="devicePlatform" value=""/>
         <property name="logFolder" value="C:\\Users\\PC\\Desktop\\Katalon Projects\\Orange Web Test Automation\\Reports\\20230301_180449\\Qualifications Dropdown Suite\\20230301_180456"/>
         <property name="logFiles" value="C:\\Users\\PC\\Desktop\\Katalon Projects\\Orange Web Test Automation\\Reports\\20230301_180449\\Qualifications Dropdown Suite\\20230301_180456\\execution0.log"/>
         <property name="attachments" value="keyes\keyes-Added Skill Info.png, keyes\keyes-Membership info.png, keyes\keyes-License Info.png, keyes\keyes-Language info.png, keyes\keyes-Language Added.png, keyes\keyes-Added Education.png"/>
         <property name="hostName" value="PC - host.docker.internal"/>
         <property name="os" value="Windows 10 64bit"/>
         <property name="katalonVersion" value="8.5.5.208"/>
         <property name="browser" value="Chrome 110.0.0.0"/>
         <property name="hostAddress" value="192.168.0.23"/>
         <property name="sessionId" value="a54203eb3cd7749099be7c422a7a07ab"/>
         <property name="seleniumVersion" value="3.141.59"/>
         <property name="proxyInformation" value="ProxyInformation { proxyOption=NO_PROXY, proxyServerType=HTTP, username=, password=********, proxyServerAddress=, proxyServerPort=0, executionList=&quot;&quot;, isApplyToDesiredCapabilities=true }"/>
         <property name="platform" value="Windows 10"/>
      </properties>
      <testcase name="Test Cases/Admin Page/Qualifications/Skills/Add Skill" time="34.839" classname="Test Cases/Admin Page/Qualifications/Skills/Add Skill" status="PASSED">
         <system-out><![CDATA[2023-03-01 18:07:38 - [TEST_CASE][PASSED] - Test Cases/Admin Page/Qualifications/Skills/Add Skill: Test Cases/Admin Page/Qualifications/Skills/Add Skill

2023-03-01 18:07:38 - [TEST_STEP][PASSED] - Start listener action : sampleBeforeTestCase: Current window maximized

2023-03-01 18:07:38 - [TEST_STEP][PASSED] - println(testCaseContext.getTestCaseId()): null

2023-03-01 18:07:38 - [TEST_STEP][PASSED] - println(testCaseContext.getTestCaseVariables()): null

2023-03-01 18:07:38 - [TEST_STEP][PASSED] - openBrowser(baseURL): Browser is opened with url: 'https://opensource-demo.orangehrmlive.com/web/index.php/auth/login'

2023-03-01 18:07:39 - [MESSAGE][INFO] - Starting 'Chrome' driver

2023-03-01 18:07:39 - [MESSAGE][INFO] - Action delay is set to 1,000 milliseconds

2023-03-01 18:07:44 - [MESSAGE][PASSED] - Browser is opened with url: 'https://opensource-demo.orangehrmlive.com/web/index.php/auth/login'

2023-03-01 18:07:44 - [TEST_STEP][PASSED] - maximizeWindow(): Current window maximized

2023-03-01 18:07:45 - [MESSAGE][PASSED] - Current window maximized

2023-03-01 18:07:45 - [TEST_STEP][PASSED] - Start setup action : setupTestCase: Method 'setupTestCase' complete successfully

2023-03-01 18:07:46 - [TEST_STEP][PASSED] - orange.keywords.userLogin(findTestObject("Login Page/textbox_Username"), username, findTestObject("Login Page/textbox_Password"), password, findTestObject("Login Page/button_Login")): orange.keywords.userLogin is PASSED

2023-03-01 18:07:52 - [MESSAGE][PASSED] - orange.keywords.userLogin is PASSED

2023-03-01 18:07:52 - [MESSAGE][PASSED] - Method 'setupTestCase' complete successfully

2023-03-01 18:07:54 - [TEST_STEP][PASSED] - click(findTestObject("Navigation Sidebar/a_Admin")): Object: 'Object Repository/Navigation Sidebar/a_Admin' is clicked on

2023-03-01 18:07:57 - [MESSAGE][PASSED] - Object: 'Object Repository/Navigation Sidebar/a_Admin' is clicked on

2023-03-01 18:07:57 - [TEST_STEP][PASSED] - click(findTestObject("Admin Page/Qualifications/li_Qualifications")): Object: 'Object Repository/Admin Page/Qualifications/li_Qualifications' is clicked on

2023-03-01 18:07:59 - [MESSAGE][PASSED] - Object: 'Object Repository/Admin Page/Qualifications/li_Qualifications' is clicked on

2023-03-01 18:07:59 - [TEST_STEP][PASSED] - click(findTestObject("Admin Page/Qualifications/Skills/li_Skills")): Object: 'Object Repository/Admin Page/Qualifications/Skills/li_Skills' is clicked on

2023-03-01 18:08:01 - [MESSAGE][PASSED] - Object: 'Object Repository/Admin Page/Qualifications/Skills/li_Skills' is clicked on

2023-03-01 18:08:01 - [TEST_STEP][PASSED] - click(findTestObject("Admin Page/Qualifications/Languages/button_Add")): Object: 'Object Repository/Admin Page/Qualifications/Languages/button_Add' is clicked on

2023-03-01 18:08:04 - [MESSAGE][PASSED] - Object: 'Object Repository/Admin Page/Qualifications/Languages/button_Add' is clicked on

2023-03-01 18:08:04 - [TEST_STEP][PASSED] - sendKeys(findTestObject("Admin Page/Qualifications/Skills/textbox_Username"), "Assertiveness-Automation"): Keys 'Assertiveness-Automation' sent to object: 'Object Repository/Admin Page/Qualifications/Skills/textbox_Username'

2023-03-01 18:08:06 - [MESSAGE][PASSED] - Keys 'Assertiveness-Automation' sent to object: 'Object Repository/Admin Page/Qualifications/Skills/textbox_Username'

2023-03-01 18:08:06 - [TEST_STEP][PASSED] - sendKeys(findTestObject("Admin Page/Qualifications/Skills/textarea_Description"), "Everything best"): Keys 'Everything best' sent to object: 'Object Repository/Admin Page/Qualifications/Skills/textarea_Description'

2023-03-01 18:08:08 - [MESSAGE][PASSED] - Keys 'Everything best' sent to object: 'Object Repository/Admin Page/Qualifications/Skills/textarea_Description'

2023-03-01 18:08:08 - [TEST_STEP][PASSED] - takeScreenshotAsCheckpoint("Added Skill Info"): Taking screenshot successfully

2023-03-01 18:08:09 - [MESSAGE][INFO] - 0 hidden object(s)

2023-03-01 18:08:10 - [MESSAGE][PASSED] - Taking screenshot successfully
[[ATTACHMENT|keyes\keyes-Added Skill Info.png]]

2023-03-01 18:08:10 - [TEST_STEP][PASSED] - click(findTestObject("Admin Page/Qualifications/Skills/button_Save")): Object: 'Object Repository/Admin Page/Qualifications/Skills/button_Save' is clicked on

2023-03-01 18:08:12 - [MESSAGE][PASSED] - Object: 'Object Repository/Admin Page/Qualifications/Skills/button_Save' is clicked on

2023-03-01 18:08:12 - [TEST_STEP][PASSED] - waitForElementPresent(findTestObject("Confirmation messages/message_SuccessSuccessfullySaved"), 10): Object 'Object Repository/Confirmation messages/message_SuccessSuccessfullySaved' is present

2023-03-01 18:08:12 - [MESSAGE][PASSED] - Object 'Object Repository/Confirmation messages/message_SuccessSuccessfullySaved' is present

2023-03-01 18:08:12 - [TEST_STEP][PASSED] - verifyElementPresent(findTestObject("Confirmation messages/message_SuccessSuccessfullySaved"), 10): Object 'Object Repository/Confirmation messages/message_SuccessSuccessfullySaved' is present

2023-03-01 18:08:13 - [MESSAGE][PASSED] - Object 'Object Repository/Confirmation messages/message_SuccessSuccessfullySaved' is present

2023-03-01 18:08:13 - [TEST_STEP][ERROR] - Start listener action : sampleAfterTestCase: groovy.lang.MissingPropertyException: No such property: printtestCaseContext for class: TestListener
	at TestListener.sampleAfterTestCase(TestListener.groovy:45)
	at TestListener.invokeMethod(TestListener.groovy)
	at com.kms.katalon.core.context.internal.TestHooker.invokeMethod(TestHooker.java:111)
	at com.kms.katalon.core.context.internal.TestHooker.lambda$3(TestHooker.java:95)
	at com.kms.katalon.core.context.internal.TestHooker.invokeContextMethods(TestHooker.java:94)
	at com.kms.katalon.core.context.internal.TestListenerCollector.lambda$3(TestListenerCollector.java:88)
	at com.kms.katalon.core.context.internal.TestListenerCollector.handleListenerEvent(TestListenerCollector.java:85)
	at com.kms.katalon.core.context.internal.ExecutionEventManager.publicEvent(ExecutionEventManager.java:36)
	at com.kms.katalon.core.main.TestCaseExecutor.execute(TestCaseExecutor.java:315)
	at com.kms.katalon.core.common.CommonExecutor.accessTestCaseMainPhase(CommonExecutor.java:65)
	at com.kms.katalon.core.main.TestSuiteExecutor.accessTestSuiteMainPhase(TestSuiteExecutor.java:151)
	at com.kms.katalon.core.main.TestSuiteExecutor.execute(TestSuiteExecutor.java:106)
	at com.kms.katalon.core.main.TestCaseMain.startTestSuite(TestCaseMain.java:185)
	at com.kms.katalon.core.main.TestCaseMain$startTestSuite$0.call(Unknown Source)
	at TempTestSuite1677690296878.run(TempTestSuite1677690296878.groovy:36)


2023-03-01 18:08:13 - [TEST_STEP][PASSED] - println(testCaseContext.getTestCaseId() + " - "): null

2023-03-01 18:08:13 - [TEST_STEP][ERROR] - println(printtestCaseContext.getTestCaseStatus()): groovy.lang.MissingPropertyException: No such property: printtestCaseContext for class: TestListener
	at TestListener.sampleAfterTestCase(TestListener.groovy:45)
	at TestListener.invokeMethod(TestListener.groovy)
	at com.kms.katalon.core.context.internal.TestHooker.invokeMethod(TestHooker.java:111)
	at com.kms.katalon.core.context.internal.TestHooker.lambda$3(TestHooker.java:95)
	at com.kms.katalon.core.context.internal.TestHooker.invokeContextMethods(TestHooker.java:94)
	at com.kms.katalon.core.context.internal.TestListenerCollector.lambda$3(TestListenerCollector.java:88)
	at com.kms.katalon.core.context.internal.TestListenerCollector.handleListenerEvent(TestListenerCollector.java:85)
	at com.kms.katalon.core.context.internal.ExecutionEventManager.publicEvent(ExecutionEventManager.java:36)
	at com.kms.katalon.core.main.TestCaseExecutor.execute(TestCaseExecutor.java:315)
	at com.kms.katalon.core.common.CommonExecutor.accessTestCaseMainPhase(CommonExecutor.java:65)
	at com.kms.katalon.core.main.TestSuiteExecutor.accessTestSuiteMainPhase(TestSuiteExecutor.java:151)
	at com.kms.katalon.core.main.TestSuiteExecutor.execute(TestSuiteExecutor.java:106)
	at com.kms.katalon.core.main.TestCaseMain.startTestSuite(TestCaseMain.java:185)
	at com.kms.katalon.core.main.TestCaseMain$startTestSuite$0.call(Unknown Source)
	at TempTestSuite1677690296878.run(TempTestSuite1677690296878.groovy:36)


2023-03-01 18:08:13 - [MESSAGE][ERROR] - groovy.lang.MissingPropertyException: No such property: printtestCaseContext for class: TestListener
	at TestListener.sampleAfterTestCase(TestListener.groovy:45)
	at TestListener.invokeMethod(TestListener.groovy)
	at com.kms.katalon.core.context.internal.TestHooker.invokeMethod(TestHooker.java:111)
	at com.kms.katalon.core.context.internal.TestHooker.lambda$3(TestHooker.java:95)
	at com.kms.katalon.core.context.internal.TestHooker.invokeContextMethods(TestHooker.java:94)
	at com.kms.katalon.core.context.internal.TestListenerCollector.lambda$3(TestListenerCollector.java:88)
	at com.kms.katalon.core.context.internal.TestListenerCollector.handleListenerEvent(TestListenerCollector.java:85)
	at com.kms.katalon.core.context.internal.ExecutionEventManager.publicEvent(ExecutionEventManager.java:36)
	at com.kms.katalon.core.main.TestCaseExecutor.execute(TestCaseExecutor.java:315)
	at com.kms.katalon.core.common.CommonExecutor.accessTestCaseMainPhase(CommonExecutor.java:65)
	at com.kms.katalon.core.main.TestSuiteExecutor.accessTestSuiteMainPhase(TestSuiteExecutor.java:151)
	at com.kms.katalon.core.main.TestSuiteExecutor.execute(TestSuiteExecutor.java:106)
	at com.kms.katalon.core.main.TestCaseMain.startTestSuite(TestCaseMain.java:185)
	at com.kms.katalon.core.main.TestCaseMain$startTestSuite$0.call(Unknown Source)
	at TempTestSuite1677690296878.run(TempTestSuite1677690296878.groovy:36)]]></system-out>
         <system-err><![CDATA[]]></system-err>
      </testcase>
      <testcase name="Test Cases/Admin Page/Qualifications/Skills/Edit Skill" time="33.126" classname="Test Cases/Admin Page/Qualifications/Skills/Edit Skill" status="PASSED">
         <system-out><![CDATA[2023-03-01 18:08:13 - [TEST_CASE][PASSED] - Test Cases/Admin Page/Qualifications/Skills/Edit Skill: Test Cases/Admin Page/Qualifications/Skills/Edit Skill

2023-03-01 18:08:13 - [TEST_STEP][PASSED] - Start listener action : sampleBeforeTestCase: Current window maximized

2023-03-01 18:08:13 - [TEST_STEP][PASSED] - println(testCaseContext.getTestCaseId()): null

2023-03-01 18:08:13 - [TEST_STEP][PASSED] - println(testCaseContext.getTestCaseVariables()): null

2023-03-01 18:08:13 - [TEST_STEP][PASSED] - openBrowser(baseURL): Browser is opened with url: 'https://opensource-demo.orangehrmlive.com/web/index.php/auth/login'

2023-03-01 18:08:13 - [MESSAGE][WARNING] - A browser is already opened. Closing browser and opening a new one

2023-03-01 18:08:14 - [MESSAGE][INFO] - Starting 'Chrome' driver

2023-03-01 18:08:14 - [MESSAGE][INFO] - Action delay is set to 1,000 milliseconds

2023-03-01 18:08:18 - [MESSAGE][PASSED] - Browser is opened with url: 'https://opensource-demo.orangehrmlive.com/web/index.php/auth/login'

2023-03-01 18:08:18 - [TEST_STEP][PASSED] - maximizeWindow(): Current window maximized

2023-03-01 18:08:18 - [MESSAGE][PASSED] - Current window maximized

2023-03-01 18:08:18 - [TEST_STEP][PASSED] - Start setup action : setupTestCase: Method 'setupTestCase' complete successfully

2023-03-01 18:08:18 - [TEST_STEP][PASSED] - orange.keywords.userLogin(findTestObject("Login Page/textbox_Username"), username, findTestObject("Login Page/textbox_Password"), password, findTestObject("Login Page/button_Login")): orange.keywords.userLogin is PASSED

2023-03-01 18:08:24 - [MESSAGE][PASSED] - orange.keywords.userLogin is PASSED

2023-03-01 18:08:24 - [MESSAGE][PASSED] - Method 'setupTestCase' complete successfully

2023-03-01 18:08:25 - [TEST_STEP][PASSED] - click(findTestObject("Navigation Sidebar/a_Admin")): Object: 'Object Repository/Navigation Sidebar/a_Admin' is clicked on

2023-03-01 18:08:28 - [MESSAGE][PASSED] - Object: 'Object Repository/Navigation Sidebar/a_Admin' is clicked on

2023-03-01 18:08:28 - [TEST_STEP][PASSED] - click(findTestObject("Admin Page/Qualifications/li_Qualifications")): Object: 'Object Repository/Admin Page/Qualifications/li_Qualifications' is clicked on

2023-03-01 18:08:31 - [MESSAGE][PASSED] - Object: 'Object Repository/Admin Page/Qualifications/li_Qualifications' is clicked on

2023-03-01 18:08:31 - [TEST_STEP][PASSED] - click(findTestObject("Admin Page/Qualifications/Skills/li_Skills")): Object: 'Object Repository/Admin Page/Qualifications/Skills/li_Skills' is clicked on

2023-03-01 18:08:33 - [MESSAGE][PASSED] - Object: 'Object Repository/Admin Page/Qualifications/Skills/li_Skills' is clicked on

2023-03-01 18:08:33 - [TEST_STEP][PASSED] - click(findTestObject("Admin Page/Qualifications/Skills/button_Edit")): Object: 'Object Repository/Admin Page/Qualifications/Skills/button_Edit' is clicked on

2023-03-01 18:08:36 - [MESSAGE][PASSED] - Object: 'Object Repository/Admin Page/Qualifications/Skills/button_Edit' is clicked on

2023-03-01 18:08:36 - [TEST_STEP][PASSED] - sendKeys(findTestObject("Admin Page/Qualifications/Skills/textbox_Username"), Keys.chord(CONTROL, "a")): Keys 'CONTROL + a' sent to object: 'Object Repository/Admin Page/Qualifications/Skills/textbox_Username'

2023-03-01 18:08:38 - [MESSAGE][PASSED] - Keys 'CONTROL + a' sent to object: 'Object Repository/Admin Page/Qualifications/Skills/textbox_Username'

2023-03-01 18:08:38 - [TEST_STEP][PASSED] - sendKeys(findTestObject("Admin Page/Qualifications/Skills/textbox_Username_selected"), "Assertiveness-Automation-Edited"): Keys 'Assertiveness-Automation-Edited' sent to object: 'Object Repository/Admin Page/Qualifications/Skills/textbox_Username_selected'

2023-03-01 18:08:40 - [MESSAGE][PASSED] - Keys 'Assertiveness-Automation-Edited' sent to object: 'Object Repository/Admin Page/Qualifications/Skills/textbox_Username_selected'

2023-03-01 18:08:40 - [TEST_STEP][PASSED] - sendKeys(findTestObject("Admin Page/Qualifications/Skills/textarea_Description"), Keys.chord(CONTROL, "a")): Keys 'CONTROL + a' sent to object: 'Object Repository/Admin Page/Qualifications/Skills/textarea_Description'

2023-03-01 18:08:41 - [MESSAGE][PASSED] - Keys 'CONTROL + a' sent to object: 'Object Repository/Admin Page/Qualifications/Skills/textarea_Description'

2023-03-01 18:08:41 - [TEST_STEP][PASSED] - sendKeys(findTestObject("Admin Page/Qualifications/Skills/textarea_Description"), "New description-new skill"): Keys 'New description-new skill' sent to object: 'Object Repository/Admin Page/Qualifications/Skills/textarea_Description'

2023-03-01 18:08:43 - [MESSAGE][PASSED] - Keys 'New description-new skill' sent to object: 'Object Repository/Admin Page/Qualifications/Skills/textarea_Description'

2023-03-01 18:08:43 - [TEST_STEP][PASSED] - click(findTestObject("Admin Page/Qualifications/Skills/button_Save")): Object: 'Object Repository/Admin Page/Qualifications/Skills/button_Save' is clicked on

2023-03-01 18:08:45 - [MESSAGE][PASSED] - Object: 'Object Repository/Admin Page/Qualifications/Skills/button_Save' is clicked on

2023-03-01 18:08:45 - [TEST_STEP][PASSED] - waitForElementPresent(findTestObject("Confirmation messages/message_SuccessSuccessfullyUpdated"), 10): Object 'Object Repository/Confirmation messages/message_SuccessSuccessfullyUpdated' is present

2023-03-01 18:08:46 - [MESSAGE][PASSED] - Object 'Object Repository/Confirmation messages/message_SuccessSuccessfullyUpdated' is present

2023-03-01 18:08:46 - [TEST_STEP][PASSED] - verifyElementPresent(findTestObject("Confirmation messages/message_SuccessSuccessfullyUpdated"), 10): Object 'Object Repository/Confirmation messages/message_SuccessSuccessfullyUpdated' is present

2023-03-01 18:08:46 - [MESSAGE][PASSED] - Object 'Object Repository/Confirmation messages/message_SuccessSuccessfullyUpdated' is present

2023-03-01 18:08:46 - [TEST_STEP][ERROR] - Start listener action : sampleAfterTestCase: groovy.lang.MissingPropertyException: No such property: printtestCaseContext for class: TestListener
	at TestListener.sampleAfterTestCase(TestListener.groovy:45)
	at TestListener.invokeMethod(TestListener.groovy)
	at com.kms.katalon.core.context.internal.TestHooker.invokeMethod(TestHooker.java:111)
	at com.kms.katalon.core.context.internal.TestHooker.lambda$3(TestHooker.java:95)
	at com.kms.katalon.core.context.internal.TestHooker.invokeContextMethods(TestHooker.java:94)
	at com.kms.katalon.core.context.internal.TestListenerCollector.lambda$3(TestListenerCollector.java:88)
	at com.kms.katalon.core.context.internal.TestListenerCollector.handleListenerEvent(TestListenerCollector.java:85)
	at com.kms.katalon.core.context.internal.ExecutionEventManager.publicEvent(ExecutionEventManager.java:36)
	at com.kms.katalon.core.main.TestCaseExecutor.execute(TestCaseExecutor.java:315)
	at com.kms.katalon.core.common.CommonExecutor.accessTestCaseMainPhase(CommonExecutor.java:65)
	at com.kms.katalon.core.main.TestSuiteExecutor.accessTestSuiteMainPhase(TestSuiteExecutor.java:151)
	at com.kms.katalon.core.main.TestSuiteExecutor.execute(TestSuiteExecutor.java:106)
	at com.kms.katalon.core.main.TestCaseMain.startTestSuite(TestCaseMain.java:185)
	at com.kms.katalon.core.main.TestCaseMain$startTestSuite$0.call(Unknown Source)
	at TempTestSuite1677690296878.run(TempTestSuite1677690296878.groovy:36)


2023-03-01 18:08:46 - [TEST_STEP][PASSED] - println(testCaseContext.getTestCaseId() + " - "): null

2023-03-01 18:08:46 - [TEST_STEP][ERROR] - println(printtestCaseContext.getTestCaseStatus()): groovy.lang.MissingPropertyException: No such property: printtestCaseContext for class: TestListener
	at TestListener.sampleAfterTestCase(TestListener.groovy:45)
	at TestListener.invokeMethod(TestListener.groovy)
	at com.kms.katalon.core.context.internal.TestHooker.invokeMethod(TestHooker.java:111)
	at com.kms.katalon.core.context.internal.TestHooker.lambda$3(TestHooker.java:95)
	at com.kms.katalon.core.context.internal.TestHooker.invokeContextMethods(TestHooker.java:94)
	at com.kms.katalon.core.context.internal.TestListenerCollector.lambda$3(TestListenerCollector.java:88)
	at com.kms.katalon.core.context.internal.TestListenerCollector.handleListenerEvent(TestListenerCollector.java:85)
	at com.kms.katalon.core.context.internal.ExecutionEventManager.publicEvent(ExecutionEventManager.java:36)
	at com.kms.katalon.core.main.TestCaseExecutor.execute(TestCaseExecutor.java:315)
	at com.kms.katalon.core.common.CommonExecutor.accessTestCaseMainPhase(CommonExecutor.java:65)
	at com.kms.katalon.core.main.TestSuiteExecutor.accessTestSuiteMainPhase(TestSuiteExecutor.java:151)
	at com.kms.katalon.core.main.TestSuiteExecutor.execute(TestSuiteExecutor.java:106)
	at com.kms.katalon.core.main.TestCaseMain.startTestSuite(TestCaseMain.java:185)
	at com.kms.katalon.core.main.TestCaseMain$startTestSuite$0.call(Unknown Source)
	at TempTestSuite1677690296878.run(TempTestSuite1677690296878.groovy:36)


2023-03-01 18:08:46 - [MESSAGE][ERROR] - groovy.lang.MissingPropertyException: No such property: printtestCaseContext for class: TestListener
	at TestListener.sampleAfterTestCase(TestListener.groovy:45)
	at TestListener.invokeMethod(TestListener.groovy)
	at com.kms.katalon.core.context.internal.TestHooker.invokeMethod(TestHooker.java:111)
	at com.kms.katalon.core.context.internal.TestHooker.lambda$3(TestHooker.java:95)
	at com.kms.katalon.core.context.internal.TestHooker.invokeContextMethods(TestHooker.java:94)
	at com.kms.katalon.core.context.internal.TestListenerCollector.lambda$3(TestListenerCollector.java:88)
	at com.kms.katalon.core.context.internal.TestListenerCollector.handleListenerEvent(TestListenerCollector.java:85)
	at com.kms.katalon.core.context.internal.ExecutionEventManager.publicEvent(ExecutionEventManager.java:36)
	at com.kms.katalon.core.main.TestCaseExecutor.execute(TestCaseExecutor.java:315)
	at com.kms.katalon.core.common.CommonExecutor.accessTestCaseMainPhase(CommonExecutor.java:65)
	at com.kms.katalon.core.main.TestSuiteExecutor.accessTestSuiteMainPhase(TestSuiteExecutor.java:151)
	at com.kms.katalon.core.main.TestSuiteExecutor.execute(TestSuiteExecutor.java:106)
	at com.kms.katalon.core.main.TestCaseMain.startTestSuite(TestCaseMain.java:185)
	at com.kms.katalon.core.main.TestCaseMain$startTestSuite$0.call(Unknown Source)
	at TempTestSuite1677690296878.run(TempTestSuite1677690296878.groovy:36)]]></system-out>
         <system-err><![CDATA[]]></system-err>
      </testcase>
      <testcase name="Test Cases/Admin Page/Qualifications/Skills/Delete Skill" time="28.024" classname="Test Cases/Admin Page/Qualifications/Skills/Delete Skill" status="PASSED">
         <system-out><![CDATA[2023-03-01 18:08:46 - [TEST_CASE][PASSED] - Test Cases/Admin Page/Qualifications/Skills/Delete Skill: Test Cases/Admin Page/Qualifications/Skills/Delete Skill

2023-03-01 18:08:46 - [TEST_STEP][PASSED] - Start listener action : sampleBeforeTestCase: Current window maximized

2023-03-01 18:08:46 - [TEST_STEP][PASSED] - println(testCaseContext.getTestCaseId()): null

2023-03-01 18:08:46 - [TEST_STEP][PASSED] - println(testCaseContext.getTestCaseVariables()): null

2023-03-01 18:08:46 - [TEST_STEP][PASSED] - openBrowser(baseURL): Browser is opened with url: 'https://opensource-demo.orangehrmlive.com/web/index.php/auth/login'

2023-03-01 18:08:46 - [MESSAGE][WARNING] - A browser is already opened. Closing browser and opening a new one

2023-03-01 18:08:47 - [MESSAGE][INFO] - Starting 'Chrome' driver

2023-03-01 18:08:47 - [MESSAGE][INFO] - Action delay is set to 1,000 milliseconds

2023-03-01 18:08:54 - [MESSAGE][PASSED] - Browser is opened with url: 'https://opensource-demo.orangehrmlive.com/web/index.php/auth/login'

2023-03-01 18:08:54 - [TEST_STEP][PASSED] - maximizeWindow(): Current window maximized

2023-03-01 18:08:54 - [MESSAGE][PASSED] - Current window maximized

2023-03-01 18:08:54 - [TEST_STEP][PASSED] - Start setup action : setupTestCase: Method 'setupTestCase' complete successfully

2023-03-01 18:08:54 - [TEST_STEP][PASSED] - orange.keywords.userLogin(findTestObject("Login Page/textbox_Username"), username, findTestObject("Login Page/textbox_Password"), password, findTestObject("Login Page/button_Login")): orange.keywords.userLogin is PASSED

2023-03-01 18:09:01 - [MESSAGE][PASSED] - orange.keywords.userLogin is PASSED

2023-03-01 18:09:01 - [MESSAGE][PASSED] - Method 'setupTestCase' complete successfully

2023-03-01 18:09:02 - [TEST_STEP][PASSED] - click(findTestObject("Navigation Sidebar/a_Admin")): Object: 'Object Repository/Navigation Sidebar/a_Admin' is clicked on

2023-03-01 18:09:04 - [MESSAGE][PASSED] - Object: 'Object Repository/Navigation Sidebar/a_Admin' is clicked on

2023-03-01 18:09:04 - [TEST_STEP][PASSED] - click(findTestObject("Admin Page/Qualifications/li_Qualifications")): Object: 'Object Repository/Admin Page/Qualifications/li_Qualifications' is clicked on

2023-03-01 18:09:07 - [MESSAGE][PASSED] - Object: 'Object Repository/Admin Page/Qualifications/li_Qualifications' is clicked on

2023-03-01 18:09:07 - [TEST_STEP][PASSED] - click(findTestObject("Admin Page/Qualifications/Skills/li_Skills")): Object: 'Object Repository/Admin Page/Qualifications/Skills/li_Skills' is clicked on

2023-03-01 18:09:09 - [MESSAGE][PASSED] - Object: 'Object Repository/Admin Page/Qualifications/Skills/li_Skills' is clicked on

2023-03-01 18:09:09 - [TEST_STEP][PASSED] - click(findTestObject("Admin Page/Qualifications/Skills/button_Delete")): Object: 'Object Repository/Admin Page/Qualifications/Skills/button_Delete' is clicked on

2023-03-01 18:09:11 - [MESSAGE][PASSED] - Object: 'Object Repository/Admin Page/Qualifications/Skills/button_Delete' is clicked on

2023-03-01 18:09:11 - [TEST_STEP][PASSED] - click(findTestObject("Admin Page/Qualifications/Languages/button_Yes, Delete")): Object: 'Object Repository/Admin Page/Qualifications/Languages/button_Yes, Delete' is clicked on

2023-03-01 18:09:13 - [MESSAGE][PASSED] - Object: 'Object Repository/Admin Page/Qualifications/Languages/button_Yes, Delete' is clicked on

2023-03-01 18:09:13 - [TEST_STEP][PASSED] - waitForElementPresent(findTestObject("Confirmation messages/message_SuccessSuccessfullyDeleted"), 10): Object 'Object Repository/Confirmation messages/message_SuccessSuccessfullyDeleted' is present

2023-03-01 18:09:14 - [MESSAGE][PASSED] - Object 'Object Repository/Confirmation messages/message_SuccessSuccessfullyDeleted' is present

2023-03-01 18:09:14 - [TEST_STEP][PASSED] - verifyElementPresent(findTestObject("Confirmation messages/message_SuccessSuccessfullyDeleted"), 10): Object 'Object Repository/Confirmation messages/message_SuccessSuccessfullyDeleted' is present

2023-03-01 18:09:14 - [MESSAGE][PASSED] - Object 'Object Repository/Confirmation messages/message_SuccessSuccessfullyDeleted' is present

2023-03-01 18:09:14 - [TEST_STEP][ERROR] - Start listener action : sampleAfterTestCase: groovy.lang.MissingPropertyException: No such property: printtestCaseContext for class: TestListener
	at TestListener.sampleAfterTestCase(TestListener.groovy:45)
	at TestListener.invokeMethod(TestListener.groovy)
	at com.kms.katalon.core.context.internal.TestHooker.invokeMethod(TestHooker.java:111)
	at com.kms.katalon.core.context.internal.TestHooker.lambda$3(TestHooker.java:95)
	at com.kms.katalon.core.context.internal.TestHooker.invokeContextMethods(TestHooker.java:94)
	at com.kms.katalon.core.context.internal.TestListenerCollector.lambda$3(TestListenerCollector.java:88)
	at com.kms.katalon.core.context.internal.TestListenerCollector.handleListenerEvent(TestListenerCollector.java:85)
	at com.kms.katalon.core.context.internal.ExecutionEventManager.publicEvent(ExecutionEventManager.java:36)
	at com.kms.katalon.core.main.TestCaseExecutor.execute(TestCaseExecutor.java:315)
	at com.kms.katalon.core.common.CommonExecutor.accessTestCaseMainPhase(CommonExecutor.java:65)
	at com.kms.katalon.core.main.TestSuiteExecutor.accessTestSuiteMainPhase(TestSuiteExecutor.java:151)
	at com.kms.katalon.core.main.TestSuiteExecutor.execute(TestSuiteExecutor.java:106)
	at com.kms.katalon.core.main.TestCaseMain.startTestSuite(TestCaseMain.java:185)
	at com.kms.katalon.core.main.TestCaseMain$startTestSuite$0.call(Unknown Source)
	at TempTestSuite1677690296878.run(TempTestSuite1677690296878.groovy:36)


2023-03-01 18:09:14 - [TEST_STEP][PASSED] - println(testCaseContext.getTestCaseId() + " - "): null

2023-03-01 18:09:14 - [TEST_STEP][ERROR] - println(printtestCaseContext.getTestCaseStatus()): groovy.lang.MissingPropertyException: No such property: printtestCaseContext for class: TestListener
	at TestListener.sampleAfterTestCase(TestListener.groovy:45)
	at TestListener.invokeMethod(TestListener.groovy)
	at com.kms.katalon.core.context.internal.TestHooker.invokeMethod(TestHooker.java:111)
	at com.kms.katalon.core.context.internal.TestHooker.lambda$3(TestHooker.java:95)
	at com.kms.katalon.core.context.internal.TestHooker.invokeContextMethods(TestHooker.java:94)
	at com.kms.katalon.core.context.internal.TestListenerCollector.lambda$3(TestListenerCollector.java:88)
	at com.kms.katalon.core.context.internal.TestListenerCollector.handleListenerEvent(TestListenerCollector.java:85)
	at com.kms.katalon.core.context.internal.ExecutionEventManager.publicEvent(ExecutionEventManager.java:36)
	at com.kms.katalon.core.main.TestCaseExecutor.execute(TestCaseExecutor.java:315)
	at com.kms.katalon.core.common.CommonExecutor.accessTestCaseMainPhase(CommonExecutor.java:65)
	at com.kms.katalon.core.main.TestSuiteExecutor.accessTestSuiteMainPhase(TestSuiteExecutor.java:151)
	at com.kms.katalon.core.main.TestSuiteExecutor.execute(TestSuiteExecutor.java:106)
	at com.kms.katalon.core.main.TestCaseMain.startTestSuite(TestCaseMain.java:185)
	at com.kms.katalon.core.main.TestCaseMain$startTestSuite$0.call(Unknown Source)
	at TempTestSuite1677690296878.run(TempTestSuite1677690296878.groovy:36)


2023-03-01 18:09:14 - [MESSAGE][ERROR] - groovy.lang.MissingPropertyException: No such property: printtestCaseContext for class: TestListener
	at TestListener.sampleAfterTestCase(TestListener.groovy:45)
	at TestListener.invokeMethod(TestListener.groovy)
	at com.kms.katalon.core.context.internal.TestHooker.invokeMethod(TestHooker.java:111)
	at com.kms.katalon.core.context.internal.TestHooker.lambda$3(TestHooker.java:95)
	at com.kms.katalon.core.context.internal.TestHooker.invokeContextMethods(TestHooker.java:94)
	at com.kms.katalon.core.context.internal.TestListenerCollector.lambda$3(TestListenerCollector.java:88)
	at com.kms.katalon.core.context.internal.TestListenerCollector.handleListenerEvent(TestListenerCollector.java:85)
	at com.kms.katalon.core.context.internal.ExecutionEventManager.publicEvent(ExecutionEventManager.java:36)
	at com.kms.katalon.core.main.TestCaseExecutor.execute(TestCaseExecutor.java:315)
	at com.kms.katalon.core.common.CommonExecutor.accessTestCaseMainPhase(CommonExecutor.java:65)
	at com.kms.katalon.core.main.TestSuiteExecutor.accessTestSuiteMainPhase(TestSuiteExecutor.java:151)
	at com.kms.katalon.core.main.TestSuiteExecutor.execute(TestSuiteExecutor.java:106)
	at com.kms.katalon.core.main.TestCaseMain.startTestSuite(TestCaseMain.java:185)
	at com.kms.katalon.core.main.TestCaseMain$startTestSuite$0.call(Unknown Source)
	at TempTestSuite1677690296878.run(TempTestSuite1677690296878.groovy:36)]]></system-out>
         <system-err><![CDATA[]]></system-err>
      </testcase>
      <testcase name="Test Cases/Admin Page/Qualifications/Memberships/Add Membership" time="29.919" classname="Test Cases/Admin Page/Qualifications/Memberships/Add Membership" status="PASSED">
         <system-out><![CDATA[2023-03-01 18:09:14 - [TEST_CASE][PASSED] - Test Cases/Admin Page/Qualifications/Memberships/Add Membership: Test Cases/Admin Page/Qualifications/Memberships/Add Membership

2023-03-01 18:09:14 - [TEST_STEP][PASSED] - Start listener action : sampleBeforeTestCase: Current window maximized

2023-03-01 18:09:14 - [TEST_STEP][PASSED] - println(testCaseContext.getTestCaseId()): null

2023-03-01 18:09:14 - [TEST_STEP][PASSED] - println(testCaseContext.getTestCaseVariables()): null

2023-03-01 18:09:14 - [TEST_STEP][PASSED] - openBrowser(baseURL): Browser is opened with url: 'https://opensource-demo.orangehrmlive.com/web/index.php/auth/login'

2023-03-01 18:09:14 - [MESSAGE][WARNING] - A browser is already opened. Closing browser and opening a new one

2023-03-01 18:09:15 - [MESSAGE][INFO] - Starting 'Chrome' driver

2023-03-01 18:09:15 - [MESSAGE][INFO] - Action delay is set to 1,000 milliseconds

2023-03-01 18:09:19 - [MESSAGE][PASSED] - Browser is opened with url: 'https://opensource-demo.orangehrmlive.com/web/index.php/auth/login'

2023-03-01 18:09:19 - [TEST_STEP][PASSED] - maximizeWindow(): Current window maximized

2023-03-01 18:09:20 - [MESSAGE][PASSED] - Current window maximized

2023-03-01 18:09:20 - [TEST_STEP][PASSED] - Start setup action : setupTestCase: Method 'setupTestCase' complete successfully

2023-03-01 18:09:20 - [TEST_STEP][PASSED] - orange.keywords.userLogin(findTestObject("Login Page/textbox_Username"), username, findTestObject("Login Page/textbox_Password"), password, findTestObject("Login Page/button_Login")): orange.keywords.userLogin is PASSED

2023-03-01 18:09:25 - [MESSAGE][PASSED] - orange.keywords.userLogin is PASSED

2023-03-01 18:09:25 - [MESSAGE][PASSED] - Method 'setupTestCase' complete successfully

2023-03-01 18:09:27 - [TEST_STEP][PASSED] - click(findTestObject("Navigation Sidebar/a_Admin")): Object: 'Object Repository/Navigation Sidebar/a_Admin' is clicked on

2023-03-01 18:09:30 - [MESSAGE][PASSED] - Object: 'Object Repository/Navigation Sidebar/a_Admin' is clicked on

2023-03-01 18:09:30 - [TEST_STEP][PASSED] - click(findTestObject("Admin Page/Qualifications/li_Qualifications")): Object: 'Object Repository/Admin Page/Qualifications/li_Qualifications' is clicked on

2023-03-01 18:09:32 - [MESSAGE][PASSED] - Object: 'Object Repository/Admin Page/Qualifications/li_Qualifications' is clicked on

2023-03-01 18:09:32 - [TEST_STEP][PASSED] - click(findTestObject("Admin Page/Qualifications/Memberships/li_Memberships")): Object: 'Object Repository/Admin Page/Qualifications/Memberships/li_Memberships' is clicked on

2023-03-01 18:09:34 - [MESSAGE][PASSED] - Object: 'Object Repository/Admin Page/Qualifications/Memberships/li_Memberships' is clicked on

2023-03-01 18:09:34 - [TEST_STEP][PASSED] - click(findTestObject("Admin Page/Qualifications/Languages/button_Add")): Object: 'Object Repository/Admin Page/Qualifications/Languages/button_Add' is clicked on

2023-03-01 18:09:37 - [MESSAGE][PASSED] - Object: 'Object Repository/Admin Page/Qualifications/Languages/button_Add' is clicked on

2023-03-01 18:09:37 - [TEST_STEP][PASSED] - sendKeys(findTestObject("Admin Page/Qualifications/Skills/textbox_Username"), "Gold Membership-Automation"): Keys 'Gold Membership-Automation' sent to object: 'Object Repository/Admin Page/Qualifications/Skills/textbox_Username'

2023-03-01 18:09:40 - [MESSAGE][PASSED] - Keys 'Gold Membership-Automation' sent to object: 'Object Repository/Admin Page/Qualifications/Skills/textbox_Username'

2023-03-01 18:09:40 - [TEST_STEP][PASSED] - takeScreenshotAsCheckpoint("Membership info"): Taking screenshot successfully

2023-03-01 18:09:40 - [MESSAGE][INFO] - 0 hidden object(s)

2023-03-01 18:09:41 - [MESSAGE][PASSED] - Taking screenshot successfully
[[ATTACHMENT|keyes\keyes-Membership info.png]]

2023-03-01 18:09:41 - [TEST_STEP][PASSED] - click(findTestObject("Admin Page/Qualifications/Skills/button_Save")): Object: 'Object Repository/Admin Page/Qualifications/Skills/button_Save' is clicked on

2023-03-01 18:09:43 - [MESSAGE][PASSED] - Object: 'Object Repository/Admin Page/Qualifications/Skills/button_Save' is clicked on

2023-03-01 18:09:43 - [TEST_STEP][PASSED] - waitForElementPresent(findTestObject("Confirmation messages/message_SuccessSuccessfullySaved"), 10): Object 'Object Repository/Confirmation messages/message_SuccessSuccessfullySaved' is present

2023-03-01 18:09:44 - [MESSAGE][PASSED] - Object 'Object Repository/Confirmation messages/message_SuccessSuccessfullySaved' is present

2023-03-01 18:09:44 - [TEST_STEP][PASSED] - verifyElementPresent(findTestObject("Confirmation messages/message_SuccessSuccessfullySaved"), 10): Object 'Object Repository/Confirmation messages/message_SuccessSuccessfullySaved' is present

2023-03-01 18:09:44 - [MESSAGE][PASSED] - Object 'Object Repository/Confirmation messages/message_SuccessSuccessfullySaved' is present

2023-03-01 18:09:44 - [TEST_STEP][ERROR] - Start listener action : sampleAfterTestCase: groovy.lang.MissingPropertyException: No such property: printtestCaseContext for class: TestListener
	at TestListener.sampleAfterTestCase(TestListener.groovy:45)
	at TestListener.invokeMethod(TestListener.groovy)
	at com.kms.katalon.core.context.internal.TestHooker.invokeMethod(TestHooker.java:111)
	at com.kms.katalon.core.context.internal.TestHooker.lambda$3(TestHooker.java:95)
	at com.kms.katalon.core.context.internal.TestHooker.invokeContextMethods(TestHooker.java:94)
	at com.kms.katalon.core.context.internal.TestListenerCollector.lambda$3(TestListenerCollector.java:88)
	at com.kms.katalon.core.context.internal.TestListenerCollector.handleListenerEvent(TestListenerCollector.java:85)
	at com.kms.katalon.core.context.internal.ExecutionEventManager.publicEvent(ExecutionEventManager.java:36)
	at com.kms.katalon.core.main.TestCaseExecutor.execute(TestCaseExecutor.java:315)
	at com.kms.katalon.core.common.CommonExecutor.accessTestCaseMainPhase(CommonExecutor.java:65)
	at com.kms.katalon.core.main.TestSuiteExecutor.accessTestSuiteMainPhase(TestSuiteExecutor.java:151)
	at com.kms.katalon.core.main.TestSuiteExecutor.execute(TestSuiteExecutor.java:106)
	at com.kms.katalon.core.main.TestCaseMain.startTestSuite(TestCaseMain.java:185)
	at com.kms.katalon.core.main.TestCaseMain$startTestSuite$0.call(Unknown Source)
	at TempTestSuite1677690296878.run(TempTestSuite1677690296878.groovy:36)


2023-03-01 18:09:44 - [TEST_STEP][PASSED] - println(testCaseContext.getTestCaseId() + " - "): null

2023-03-01 18:09:44 - [TEST_STEP][ERROR] - println(printtestCaseContext.getTestCaseStatus()): groovy.lang.MissingPropertyException: No such property: printtestCaseContext for class: TestListener
	at TestListener.sampleAfterTestCase(TestListener.groovy:45)
	at TestListener.invokeMethod(TestListener.groovy)
	at com.kms.katalon.core.context.internal.TestHooker.invokeMethod(TestHooker.java:111)
	at com.kms.katalon.core.context.internal.TestHooker.lambda$3(TestHooker.java:95)
	at com.kms.katalon.core.context.internal.TestHooker.invokeContextMethods(TestHooker.java:94)
	at com.kms.katalon.core.context.internal.TestListenerCollector.lambda$3(TestListenerCollector.java:88)
	at com.kms.katalon.core.context.internal.TestListenerCollector.handleListenerEvent(TestListenerCollector.java:85)
	at com.kms.katalon.core.context.internal.ExecutionEventManager.publicEvent(ExecutionEventManager.java:36)
	at com.kms.katalon.core.main.TestCaseExecutor.execute(TestCaseExecutor.java:315)
	at com.kms.katalon.core.common.CommonExecutor.accessTestCaseMainPhase(CommonExecutor.java:65)
	at com.kms.katalon.core.main.TestSuiteExecutor.accessTestSuiteMainPhase(TestSuiteExecutor.java:151)
	at com.kms.katalon.core.main.TestSuiteExecutor.execute(TestSuiteExecutor.java:106)
	at com.kms.katalon.core.main.TestCaseMain.startTestSuite(TestCaseMain.java:185)
	at com.kms.katalon.core.main.TestCaseMain$startTestSuite$0.call(Unknown Source)
	at TempTestSuite1677690296878.run(TempTestSuite1677690296878.groovy:36)


2023-03-01 18:09:44 - [MESSAGE][ERROR] - groovy.lang.MissingPropertyException: No such property: printtestCaseContext for class: TestListener
	at TestListener.sampleAfterTestCase(TestListener.groovy:45)
	at TestListener.invokeMethod(TestListener.groovy)
	at com.kms.katalon.core.context.internal.TestHooker.invokeMethod(TestHooker.java:111)
	at com.kms.katalon.core.context.internal.TestHooker.lambda$3(TestHooker.java:95)
	at com.kms.katalon.core.context.internal.TestHooker.invokeContextMethods(TestHooker.java:94)
	at com.kms.katalon.core.context.internal.TestListenerCollector.lambda$3(TestListenerCollector.java:88)
	at com.kms.katalon.core.context.internal.TestListenerCollector.handleListenerEvent(TestListenerCollector.java:85)
	at com.kms.katalon.core.context.internal.ExecutionEventManager.publicEvent(ExecutionEventManager.java:36)
	at com.kms.katalon.core.main.TestCaseExecutor.execute(TestCaseExecutor.java:315)
	at com.kms.katalon.core.common.CommonExecutor.accessTestCaseMainPhase(CommonExecutor.java:65)
	at com.kms.katalon.core.main.TestSuiteExecutor.accessTestSuiteMainPhase(TestSuiteExecutor.java:151)
	at com.kms.katalon.core.main.TestSuiteExecutor.execute(TestSuiteExecutor.java:106)
	at com.kms.katalon.core.main.TestCaseMain.startTestSuite(TestCaseMain.java:185)
	at com.kms.katalon.core.main.TestCaseMain$startTestSuite$0.call(Unknown Source)
	at TempTestSuite1677690296878.run(TempTestSuite1677690296878.groovy:36)]]></system-out>
         <system-err><![CDATA[]]></system-err>
      </testcase>
      <testcase name="Test Cases/Admin Page/Qualifications/Memberships/Edit Membership" time="31.3" classname="Test Cases/Admin Page/Qualifications/Memberships/Edit Membership" status="PASSED">
         <system-out><![CDATA[2023-03-01 18:09:44 - [TEST_CASE][PASSED] - Test Cases/Admin Page/Qualifications/Memberships/Edit Membership: Test Cases/Admin Page/Qualifications/Memberships/Edit Membership

2023-03-01 18:09:44 - [TEST_STEP][PASSED] - Start listener action : sampleBeforeTestCase: Current window maximized

2023-03-01 18:09:44 - [TEST_STEP][PASSED] - println(testCaseContext.getTestCaseId()): null

2023-03-01 18:09:44 - [TEST_STEP][PASSED] - println(testCaseContext.getTestCaseVariables()): null

2023-03-01 18:09:44 - [TEST_STEP][PASSED] - openBrowser(baseURL): Browser is opened with url: 'https://opensource-demo.orangehrmlive.com/web/index.php/auth/login'

2023-03-01 18:09:44 - [MESSAGE][WARNING] - A browser is already opened. Closing browser and opening a new one

2023-03-01 18:09:45 - [MESSAGE][INFO] - Starting 'Chrome' driver

2023-03-01 18:09:45 - [MESSAGE][INFO] - Action delay is set to 1,000 milliseconds

2023-03-01 18:09:50 - [MESSAGE][PASSED] - Browser is opened with url: 'https://opensource-demo.orangehrmlive.com/web/index.php/auth/login'

2023-03-01 18:09:50 - [TEST_STEP][PASSED] - maximizeWindow(): Current window maximized

2023-03-01 18:09:50 - [MESSAGE][PASSED] - Current window maximized

2023-03-01 18:09:50 - [TEST_STEP][PASSED] - Start setup action : setupTestCase: Method 'setupTestCase' complete successfully

2023-03-01 18:09:50 - [TEST_STEP][PASSED] - orange.keywords.userLogin(findTestObject("Login Page/textbox_Username"), username, findTestObject("Login Page/textbox_Password"), password, findTestObject("Login Page/button_Login")): orange.keywords.userLogin is PASSED

2023-03-01 18:09:56 - [MESSAGE][PASSED] - orange.keywords.userLogin is PASSED

2023-03-01 18:09:56 - [MESSAGE][PASSED] - Method 'setupTestCase' complete successfully

2023-03-01 18:09:58 - [TEST_STEP][PASSED] - click(findTestObject("Navigation Sidebar/a_Admin")): Object: 'Object Repository/Navigation Sidebar/a_Admin' is clicked on

2023-03-01 18:10:00 - [MESSAGE][PASSED] - Object: 'Object Repository/Navigation Sidebar/a_Admin' is clicked on

2023-03-01 18:10:00 - [TEST_STEP][PASSED] - click(findTestObject("Admin Page/Qualifications/li_Qualifications")): Object: 'Object Repository/Admin Page/Qualifications/li_Qualifications' is clicked on

2023-03-01 18:10:03 - [MESSAGE][PASSED] - Object: 'Object Repository/Admin Page/Qualifications/li_Qualifications' is clicked on

2023-03-01 18:10:03 - [TEST_STEP][PASSED] - click(findTestObject("Admin Page/Qualifications/Memberships/li_Memberships")): Object: 'Object Repository/Admin Page/Qualifications/Memberships/li_Memberships' is clicked on

2023-03-01 18:10:05 - [MESSAGE][PASSED] - Object: 'Object Repository/Admin Page/Qualifications/Memberships/li_Memberships' is clicked on

2023-03-01 18:10:05 - [TEST_STEP][PASSED] - click(findTestObject("Admin Page/Qualifications/Memberships/button_Edit")): Object: 'Object Repository/Admin Page/Qualifications/Memberships/button_Edit' is clicked on

2023-03-01 18:10:08 - [MESSAGE][PASSED] - Object: 'Object Repository/Admin Page/Qualifications/Memberships/button_Edit' is clicked on

2023-03-01 18:10:08 - [TEST_STEP][PASSED] - sendKeys(findTestObject("Admin Page/Qualifications/Memberships/textbox_Username"), Keys.chord(CONTROL, "a")): Keys 'CONTROL + a' sent to object: 'Object Repository/Admin Page/Qualifications/Memberships/textbox_Username'

2023-03-01 18:10:11 - [MESSAGE][PASSED] - Keys 'CONTROL + a' sent to object: 'Object Repository/Admin Page/Qualifications/Memberships/textbox_Username'

2023-03-01 18:10:11 - [TEST_STEP][PASSED] - sendKeys(findTestObject("Admin Page/Qualifications/Skills/textbox_Username_selected"), "Platinum Membership-Automation"): Keys 'Platinum Membership-Automation' sent to object: 'Object Repository/Admin Page/Qualifications/Skills/textbox_Username_selected'

2023-03-01 18:10:12 - [MESSAGE][PASSED] - Keys 'Platinum Membership-Automation' sent to object: 'Object Repository/Admin Page/Qualifications/Skills/textbox_Username_selected'

2023-03-01 18:10:12 - [TEST_STEP][PASSED] - click(findTestObject("Admin Page/Qualifications/Skills/button_Save")): Object: 'Object Repository/Admin Page/Qualifications/Skills/button_Save' is clicked on

2023-03-01 18:10:14 - [MESSAGE][PASSED] - Object: 'Object Repository/Admin Page/Qualifications/Skills/button_Save' is clicked on

2023-03-01 18:10:14 - [TEST_STEP][PASSED] - waitForElementPresent(findTestObject("Confirmation messages/message_SuccessSuccessfullyUpdated"), 10): Object 'Object Repository/Confirmation messages/message_SuccessSuccessfullyUpdated' is present

2023-03-01 18:10:15 - [MESSAGE][PASSED] - Object 'Object Repository/Confirmation messages/message_SuccessSuccessfullyUpdated' is present

2023-03-01 18:10:15 - [TEST_STEP][PASSED] - verifyElementPresent(findTestObject("Confirmation messages/message_SuccessSuccessfullyUpdated"), 10): Object 'Object Repository/Confirmation messages/message_SuccessSuccessfullyUpdated' is present

2023-03-01 18:10:15 - [MESSAGE][PASSED] - Object 'Object Repository/Confirmation messages/message_SuccessSuccessfullyUpdated' is present

2023-03-01 18:10:15 - [TEST_STEP][ERROR] - Start listener action : sampleAfterTestCase: groovy.lang.MissingPropertyException: No such property: printtestCaseContext for class: TestListener
	at TestListener.sampleAfterTestCase(TestListener.groovy:45)
	at TestListener.invokeMethod(TestListener.groovy)
	at com.kms.katalon.core.context.internal.TestHooker.invokeMethod(TestHooker.java:111)
	at com.kms.katalon.core.context.internal.TestHooker.lambda$3(TestHooker.java:95)
	at com.kms.katalon.core.context.internal.TestHooker.invokeContextMethods(TestHooker.java:94)
	at com.kms.katalon.core.context.internal.TestListenerCollector.lambda$3(TestListenerCollector.java:88)
	at com.kms.katalon.core.context.internal.TestListenerCollector.handleListenerEvent(TestListenerCollector.java:85)
	at com.kms.katalon.core.context.internal.ExecutionEventManager.publicEvent(ExecutionEventManager.java:36)
	at com.kms.katalon.core.main.TestCaseExecutor.execute(TestCaseExecutor.java:315)
	at com.kms.katalon.core.common.CommonExecutor.accessTestCaseMainPhase(CommonExecutor.java:65)
	at com.kms.katalon.core.main.TestSuiteExecutor.accessTestSuiteMainPhase(TestSuiteExecutor.java:151)
	at com.kms.katalon.core.main.TestSuiteExecutor.execute(TestSuiteExecutor.java:106)
	at com.kms.katalon.core.main.TestCaseMain.startTestSuite(TestCaseMain.java:185)
	at com.kms.katalon.core.main.TestCaseMain$startTestSuite$0.call(Unknown Source)
	at TempTestSuite1677690296878.run(TempTestSuite1677690296878.groovy:36)


2023-03-01 18:10:15 - [TEST_STEP][PASSED] - println(testCaseContext.getTestCaseId() + " - "): null

2023-03-01 18:10:15 - [TEST_STEP][ERROR] - println(printtestCaseContext.getTestCaseStatus()): groovy.lang.MissingPropertyException: No such property: printtestCaseContext for class: TestListener
	at TestListener.sampleAfterTestCase(TestListener.groovy:45)
	at TestListener.invokeMethod(TestListener.groovy)
	at com.kms.katalon.core.context.internal.TestHooker.invokeMethod(TestHooker.java:111)
	at com.kms.katalon.core.context.internal.TestHooker.lambda$3(TestHooker.java:95)
	at com.kms.katalon.core.context.internal.TestHooker.invokeContextMethods(TestHooker.java:94)
	at com.kms.katalon.core.context.internal.TestListenerCollector.lambda$3(TestListenerCollector.java:88)
	at com.kms.katalon.core.context.internal.TestListenerCollector.handleListenerEvent(TestListenerCollector.java:85)
	at com.kms.katalon.core.context.internal.ExecutionEventManager.publicEvent(ExecutionEventManager.java:36)
	at com.kms.katalon.core.main.TestCaseExecutor.execute(TestCaseExecutor.java:315)
	at com.kms.katalon.core.common.CommonExecutor.accessTestCaseMainPhase(CommonExecutor.java:65)
	at com.kms.katalon.core.main.TestSuiteExecutor.accessTestSuiteMainPhase(TestSuiteExecutor.java:151)
	at com.kms.katalon.core.main.TestSuiteExecutor.execute(TestSuiteExecutor.java:106)
	at com.kms.katalon.core.main.TestCaseMain.startTestSuite(TestCaseMain.java:185)
	at com.kms.katalon.core.main.TestCaseMain$startTestSuite$0.call(Unknown Source)
	at TempTestSuite1677690296878.run(TempTestSuite1677690296878.groovy:36)


2023-03-01 18:10:15 - [MESSAGE][ERROR] - groovy.lang.MissingPropertyException: No such property: printtestCaseContext for class: TestListener
	at TestListener.sampleAfterTestCase(TestListener.groovy:45)
	at TestListener.invokeMethod(TestListener.groovy)
	at com.kms.katalon.core.context.internal.TestHooker.invokeMethod(TestHooker.java:111)
	at com.kms.katalon.core.context.internal.TestHooker.lambda$3(TestHooker.java:95)
	at com.kms.katalon.core.context.internal.TestHooker.invokeContextMethods(TestHooker.java:94)
	at com.kms.katalon.core.context.internal.TestListenerCollector.lambda$3(TestListenerCollector.java:88)
	at com.kms.katalon.core.context.internal.TestListenerCollector.handleListenerEvent(TestListenerCollector.java:85)
	at com.kms.katalon.core.context.internal.ExecutionEventManager.publicEvent(ExecutionEventManager.java:36)
	at com.kms.katalon.core.main.TestCaseExecutor.execute(TestCaseExecutor.java:315)
	at com.kms.katalon.core.common.CommonExecutor.accessTestCaseMainPhase(CommonExecutor.java:65)
	at com.kms.katalon.core.main.TestSuiteExecutor.accessTestSuiteMainPhase(TestSuiteExecutor.java:151)
	at com.kms.katalon.core.main.TestSuiteExecutor.execute(TestSuiteExecutor.java:106)
	at com.kms.katalon.core.main.TestCaseMain.startTestSuite(TestCaseMain.java:185)
	at com.kms.katalon.core.main.TestCaseMain$startTestSuite$0.call(Unknown Source)
	at TempTestSuite1677690296878.run(TempTestSuite1677690296878.groovy:36)]]></system-out>
         <system-err><![CDATA[]]></system-err>
      </testcase>
      <testcase name="Test Cases/Admin Page/Qualifications/Memberships/Delete Membership" time="24.222" classname="Test Cases/Admin Page/Qualifications/Memberships/Delete Membership" status="PASSED">
         <system-out><![CDATA[2023-03-01 18:10:15 - [TEST_CASE][PASSED] - Test Cases/Admin Page/Qualifications/Memberships/Delete Membership: Test Cases/Admin Page/Qualifications/Memberships/Delete Membership

2023-03-01 18:10:15 - [TEST_STEP][PASSED] - Start listener action : sampleBeforeTestCase: Current window maximized

2023-03-01 18:10:15 - [TEST_STEP][PASSED] - println(testCaseContext.getTestCaseId()): null

2023-03-01 18:10:15 - [TEST_STEP][PASSED] - println(testCaseContext.getTestCaseVariables()): null

2023-03-01 18:10:15 - [TEST_STEP][PASSED] - openBrowser(baseURL): Browser is opened with url: 'https://opensource-demo.orangehrmlive.com/web/index.php/auth/login'

2023-03-01 18:10:15 - [MESSAGE][WARNING] - A browser is already opened. Closing browser and opening a new one

2023-03-01 18:10:16 - [MESSAGE][INFO] - Starting 'Chrome' driver

2023-03-01 18:10:16 - [MESSAGE][INFO] - Action delay is set to 1,000 milliseconds

2023-03-01 18:10:21 - [MESSAGE][PASSED] - Browser is opened with url: 'https://opensource-demo.orangehrmlive.com/web/index.php/auth/login'

2023-03-01 18:10:21 - [TEST_STEP][PASSED] - maximizeWindow(): Current window maximized

2023-03-01 18:10:21 - [MESSAGE][PASSED] - Current window maximized

2023-03-01 18:10:21 - [TEST_STEP][PASSED] - Start setup action : setupTestCase: Method 'setupTestCase' complete successfully

2023-03-01 18:10:21 - [TEST_STEP][PASSED] - orange.keywords.userLogin(findTestObject("Login Page/textbox_Username"), username, findTestObject("Login Page/textbox_Password"), password, findTestObject("Login Page/button_Login")): orange.keywords.userLogin is PASSED

2023-03-01 18:10:27 - [MESSAGE][PASSED] - orange.keywords.userLogin is PASSED

2023-03-01 18:10:27 - [MESSAGE][PASSED] - Method 'setupTestCase' complete successfully

2023-03-01 18:10:28 - [TEST_STEP][PASSED] - click(findTestObject("Navigation Sidebar/a_Admin")): Object: 'Object Repository/Navigation Sidebar/a_Admin' is clicked on

2023-03-01 18:10:30 - [MESSAGE][PASSED] - Object: 'Object Repository/Navigation Sidebar/a_Admin' is clicked on

2023-03-01 18:10:30 - [TEST_STEP][PASSED] - click(findTestObject("Admin Page/Qualifications/li_Qualifications")): Object: 'Object Repository/Admin Page/Qualifications/li_Qualifications' is clicked on

2023-03-01 18:10:33 - [MESSAGE][PASSED] - Object: 'Object Repository/Admin Page/Qualifications/li_Qualifications' is clicked on

2023-03-01 18:10:33 - [TEST_STEP][PASSED] - click(findTestObject("Admin Page/Qualifications/Memberships/li_Memberships")): Object: 'Object Repository/Admin Page/Qualifications/Memberships/li_Memberships' is clicked on

2023-03-01 18:10:35 - [MESSAGE][PASSED] - Object: 'Object Repository/Admin Page/Qualifications/Memberships/li_Memberships' is clicked on

2023-03-01 18:10:35 - [TEST_STEP][PASSED] - click(findTestObject("Admin Page/Qualifications/Memberships/button_Delete")): Object: 'Object Repository/Admin Page/Qualifications/Memberships/button_Delete' is clicked on

2023-03-01 18:10:37 - [MESSAGE][PASSED] - Object: 'Object Repository/Admin Page/Qualifications/Memberships/button_Delete' is clicked on

2023-03-01 18:10:37 - [TEST_STEP][PASSED] - click(findTestObject("Admin Page/Qualifications/Languages/button_Yes, Delete")): Object: 'Object Repository/Admin Page/Qualifications/Languages/button_Yes, Delete' is clicked on

2023-03-01 18:10:38 - [MESSAGE][PASSED] - Object: 'Object Repository/Admin Page/Qualifications/Languages/button_Yes, Delete' is clicked on

2023-03-01 18:10:38 - [TEST_STEP][PASSED] - waitForElementPresent(findTestObject("Confirmation messages/message_SuccessSuccessfullyDeleted"), 10): Object 'Object Repository/Confirmation messages/message_SuccessSuccessfullyDeleted' is present

2023-03-01 18:10:39 - [MESSAGE][PASSED] - Object 'Object Repository/Confirmation messages/message_SuccessSuccessfullyDeleted' is present

2023-03-01 18:10:39 - [TEST_STEP][PASSED] - verifyElementPresent(findTestObject("Confirmation messages/message_SuccessSuccessfullyDeleted"), 10): Object 'Object Repository/Confirmation messages/message_SuccessSuccessfullyDeleted' is present

2023-03-01 18:10:40 - [MESSAGE][PASSED] - Object 'Object Repository/Confirmation messages/message_SuccessSuccessfullyDeleted' is present

2023-03-01 18:10:40 - [TEST_STEP][ERROR] - Start listener action : sampleAfterTestCase: groovy.lang.MissingPropertyException: No such property: printtestCaseContext for class: TestListener
	at TestListener.sampleAfterTestCase(TestListener.groovy:45)
	at TestListener.invokeMethod(TestListener.groovy)
	at com.kms.katalon.core.context.internal.TestHooker.invokeMethod(TestHooker.java:111)
	at com.kms.katalon.core.context.internal.TestHooker.lambda$3(TestHooker.java:95)
	at com.kms.katalon.core.context.internal.TestHooker.invokeContextMethods(TestHooker.java:94)
	at com.kms.katalon.core.context.internal.TestListenerCollector.lambda$3(TestListenerCollector.java:88)
	at com.kms.katalon.core.context.internal.TestListenerCollector.handleListenerEvent(TestListenerCollector.java:85)
	at com.kms.katalon.core.context.internal.ExecutionEventManager.publicEvent(ExecutionEventManager.java:36)
	at com.kms.katalon.core.main.TestCaseExecutor.execute(TestCaseExecutor.java:315)
	at com.kms.katalon.core.common.CommonExecutor.accessTestCaseMainPhase(CommonExecutor.java:65)
	at com.kms.katalon.core.main.TestSuiteExecutor.accessTestSuiteMainPhase(TestSuiteExecutor.java:151)
	at com.kms.katalon.core.main.TestSuiteExecutor.execute(TestSuiteExecutor.java:106)
	at com.kms.katalon.core.main.TestCaseMain.startTestSuite(TestCaseMain.java:185)
	at com.kms.katalon.core.main.TestCaseMain$startTestSuite$0.call(Unknown Source)
	at TempTestSuite1677690296878.run(TempTestSuite1677690296878.groovy:36)


2023-03-01 18:10:40 - [TEST_STEP][PASSED] - println(testCaseContext.getTestCaseId() + " - "): null

2023-03-01 18:10:40 - [TEST_STEP][ERROR] - println(printtestCaseContext.getTestCaseStatus()): groovy.lang.MissingPropertyException: No such property: printtestCaseContext for class: TestListener
	at TestListener.sampleAfterTestCase(TestListener.groovy:45)
	at TestListener.invokeMethod(TestListener.groovy)
	at com.kms.katalon.core.context.internal.TestHooker.invokeMethod(TestHooker.java:111)
	at com.kms.katalon.core.context.internal.TestHooker.lambda$3(TestHooker.java:95)
	at com.kms.katalon.core.context.internal.TestHooker.invokeContextMethods(TestHooker.java:94)
	at com.kms.katalon.core.context.internal.TestListenerCollector.lambda$3(TestListenerCollector.java:88)
	at com.kms.katalon.core.context.internal.TestListenerCollector.handleListenerEvent(TestListenerCollector.java:85)
	at com.kms.katalon.core.context.internal.ExecutionEventManager.publicEvent(ExecutionEventManager.java:36)
	at com.kms.katalon.core.main.TestCaseExecutor.execute(TestCaseExecutor.java:315)
	at com.kms.katalon.core.common.CommonExecutor.accessTestCaseMainPhase(CommonExecutor.java:65)
	at com.kms.katalon.core.main.TestSuiteExecutor.accessTestSuiteMainPhase(TestSuiteExecutor.java:151)
	at com.kms.katalon.core.main.TestSuiteExecutor.execute(TestSuiteExecutor.java:106)
	at com.kms.katalon.core.main.TestCaseMain.startTestSuite(TestCaseMain.java:185)
	at com.kms.katalon.core.main.TestCaseMain$startTestSuite$0.call(Unknown Source)
	at TempTestSuite1677690296878.run(TempTestSuite1677690296878.groovy:36)


2023-03-01 18:10:40 - [MESSAGE][ERROR] - groovy.lang.MissingPropertyException: No such property: printtestCaseContext for class: TestListener
	at TestListener.sampleAfterTestCase(TestListener.groovy:45)
	at TestListener.invokeMethod(TestListener.groovy)
	at com.kms.katalon.core.context.internal.TestHooker.invokeMethod(TestHooker.java:111)
	at com.kms.katalon.core.context.internal.TestHooker.lambda$3(TestHooker.java:95)
	at com.kms.katalon.core.context.internal.TestHooker.invokeContextMethods(TestHooker.java:94)
	at com.kms.katalon.core.context.internal.TestListenerCollector.lambda$3(TestListenerCollector.java:88)
	at com.kms.katalon.core.context.internal.TestListenerCollector.handleListenerEvent(TestListenerCollector.java:85)
	at com.kms.katalon.core.context.internal.ExecutionEventManager.publicEvent(ExecutionEventManager.java:36)
	at com.kms.katalon.core.main.TestCaseExecutor.execute(TestCaseExecutor.java:315)
	at com.kms.katalon.core.common.CommonExecutor.accessTestCaseMainPhase(CommonExecutor.java:65)
	at com.kms.katalon.core.main.TestSuiteExecutor.accessTestSuiteMainPhase(TestSuiteExecutor.java:151)
	at com.kms.katalon.core.main.TestSuiteExecutor.execute(TestSuiteExecutor.java:106)
	at com.kms.katalon.core.main.TestCaseMain.startTestSuite(TestCaseMain.java:185)
	at com.kms.katalon.core.main.TestCaseMain$startTestSuite$0.call(Unknown Source)
	at TempTestSuite1677690296878.run(TempTestSuite1677690296878.groovy:36)]]></system-out>
         <system-err><![CDATA[]]></system-err>
      </testcase>
      <testcase name="Test Cases/Admin Page/Qualifications/Licenses/Add License" time="26.96" classname="Test Cases/Admin Page/Qualifications/Licenses/Add License" status="PASSED">
         <system-out><![CDATA[2023-03-01 18:10:40 - [TEST_CASE][PASSED] - Test Cases/Admin Page/Qualifications/Licenses/Add License: Test Cases/Admin Page/Qualifications/Licenses/Add License

2023-03-01 18:10:40 - [TEST_STEP][PASSED] - Start listener action : sampleBeforeTestCase: Current window maximized

2023-03-01 18:10:40 - [TEST_STEP][PASSED] - println(testCaseContext.getTestCaseId()): null

2023-03-01 18:10:40 - [TEST_STEP][PASSED] - println(testCaseContext.getTestCaseVariables()): null

2023-03-01 18:10:40 - [TEST_STEP][PASSED] - openBrowser(baseURL): Browser is opened with url: 'https://opensource-demo.orangehrmlive.com/web/index.php/auth/login'

2023-03-01 18:10:40 - [MESSAGE][WARNING] - A browser is already opened. Closing browser and opening a new one

2023-03-01 18:10:41 - [MESSAGE][INFO] - Starting 'Chrome' driver

2023-03-01 18:10:41 - [MESSAGE][INFO] - Action delay is set to 1,000 milliseconds

2023-03-01 18:10:45 - [MESSAGE][PASSED] - Browser is opened with url: 'https://opensource-demo.orangehrmlive.com/web/index.php/auth/login'

2023-03-01 18:10:45 - [TEST_STEP][PASSED] - maximizeWindow(): Current window maximized

2023-03-01 18:10:45 - [MESSAGE][PASSED] - Current window maximized

2023-03-01 18:10:45 - [TEST_STEP][PASSED] - Start setup action : setupTestCase: Method 'setupTestCase' complete successfully

2023-03-01 18:10:45 - [TEST_STEP][PASSED] - orange.keywords.userLogin(findTestObject("Login Page/textbox_Username"), username, findTestObject("Login Page/textbox_Password"), password, findTestObject("Login Page/button_Login")): orange.keywords.userLogin is PASSED

2023-03-01 18:10:50 - [MESSAGE][PASSED] - orange.keywords.userLogin is PASSED

2023-03-01 18:10:50 - [MESSAGE][PASSED] - Method 'setupTestCase' complete successfully

2023-03-01 18:10:51 - [TEST_STEP][PASSED] - click(findTestObject("Navigation Sidebar/a_Admin")): Object: 'Object Repository/Navigation Sidebar/a_Admin' is clicked on

2023-03-01 18:10:54 - [MESSAGE][PASSED] - Object: 'Object Repository/Navigation Sidebar/a_Admin' is clicked on

2023-03-01 18:10:54 - [TEST_STEP][PASSED] - click(findTestObject("Admin Page/Qualifications/li_Qualifications")): Object: 'Object Repository/Admin Page/Qualifications/li_Qualifications' is clicked on

2023-03-01 18:10:56 - [MESSAGE][PASSED] - Object: 'Object Repository/Admin Page/Qualifications/li_Qualifications' is clicked on

2023-03-01 18:10:56 - [TEST_STEP][PASSED] - click(findTestObject("Admin Page/Qualifications/Licenses/li_Licenses")): Object: 'Object Repository/Admin Page/Qualifications/Licenses/li_Licenses' is clicked on

2023-03-01 18:10:58 - [MESSAGE][PASSED] - Object: 'Object Repository/Admin Page/Qualifications/Licenses/li_Licenses' is clicked on

2023-03-01 18:10:58 - [TEST_STEP][PASSED] - click(findTestObject("Admin Page/Qualifications/Languages/button_Add")): Object: 'Object Repository/Admin Page/Qualifications/Languages/button_Add' is clicked on

2023-03-01 18:11:01 - [MESSAGE][PASSED] - Object: 'Object Repository/Admin Page/Qualifications/Languages/button_Add' is clicked on

2023-03-01 18:11:01 - [TEST_STEP][PASSED] - sendKeys(findTestObject("Admin Page/Qualifications/Skills/textbox_Username"), "Practicioner Beginner-Automation"): Keys 'Practicioner Beginner-Automation' sent to object: 'Object Repository/Admin Page/Qualifications/Skills/textbox_Username'

2023-03-01 18:11:03 - [MESSAGE][PASSED] - Keys 'Practicioner Beginner-Automation' sent to object: 'Object Repository/Admin Page/Qualifications/Skills/textbox_Username'

2023-03-01 18:11:03 - [TEST_STEP][PASSED] - takeScreenshotAsCheckpoint("License Info"): Taking screenshot successfully

2023-03-01 18:11:04 - [MESSAGE][INFO] - 0 hidden object(s)

2023-03-01 18:11:04 - [MESSAGE][PASSED] - Taking screenshot successfully
[[ATTACHMENT|keyes\keyes-License Info.png]]

2023-03-01 18:11:04 - [TEST_STEP][PASSED] - click(findTestObject("Admin Page/Qualifications/Skills/button_Save")): Object: 'Object Repository/Admin Page/Qualifications/Skills/button_Save' is clicked on

2023-03-01 18:11:06 - [MESSAGE][PASSED] - Object: 'Object Repository/Admin Page/Qualifications/Skills/button_Save' is clicked on

2023-03-01 18:11:06 - [TEST_STEP][PASSED] - waitForElementPresent(findTestObject("Confirmation messages/message_SuccessSuccessfullySaved"), 10): Object 'Object Repository/Confirmation messages/message_SuccessSuccessfullySaved' is present

2023-03-01 18:11:06 - [MESSAGE][PASSED] - Object 'Object Repository/Confirmation messages/message_SuccessSuccessfullySaved' is present

2023-03-01 18:11:06 - [TEST_STEP][PASSED] - verifyElementPresent(findTestObject("Confirmation messages/message_SuccessSuccessfullySaved"), 10): Object 'Object Repository/Confirmation messages/message_SuccessSuccessfullySaved' is present

2023-03-01 18:11:07 - [MESSAGE][PASSED] - Object 'Object Repository/Confirmation messages/message_SuccessSuccessfullySaved' is present

2023-03-01 18:11:07 - [TEST_STEP][ERROR] - Start listener action : sampleAfterTestCase: groovy.lang.MissingPropertyException: No such property: printtestCaseContext for class: TestListener
	at TestListener.sampleAfterTestCase(TestListener.groovy:45)
	at TestListener.invokeMethod(TestListener.groovy)
	at com.kms.katalon.core.context.internal.TestHooker.invokeMethod(TestHooker.java:111)
	at com.kms.katalon.core.context.internal.TestHooker.lambda$3(TestHooker.java:95)
	at com.kms.katalon.core.context.internal.TestHooker.invokeContextMethods(TestHooker.java:94)
	at com.kms.katalon.core.context.internal.TestListenerCollector.lambda$3(TestListenerCollector.java:88)
	at com.kms.katalon.core.context.internal.TestListenerCollector.handleListenerEvent(TestListenerCollector.java:85)
	at com.kms.katalon.core.context.internal.ExecutionEventManager.publicEvent(ExecutionEventManager.java:36)
	at com.kms.katalon.core.main.TestCaseExecutor.execute(TestCaseExecutor.java:315)
	at com.kms.katalon.core.common.CommonExecutor.accessTestCaseMainPhase(CommonExecutor.java:65)
	at com.kms.katalon.core.main.TestSuiteExecutor.accessTestSuiteMainPhase(TestSuiteExecutor.java:151)
	at com.kms.katalon.core.main.TestSuiteExecutor.execute(TestSuiteExecutor.java:106)
	at com.kms.katalon.core.main.TestCaseMain.startTestSuite(TestCaseMain.java:185)
	at com.kms.katalon.core.main.TestCaseMain$startTestSuite$0.call(Unknown Source)
	at TempTestSuite1677690296878.run(TempTestSuite1677690296878.groovy:36)


2023-03-01 18:11:07 - [TEST_STEP][PASSED] - println(testCaseContext.getTestCaseId() + " - "): null

2023-03-01 18:11:07 - [TEST_STEP][ERROR] - println(printtestCaseContext.getTestCaseStatus()): groovy.lang.MissingPropertyException: No such property: printtestCaseContext for class: TestListener
	at TestListener.sampleAfterTestCase(TestListener.groovy:45)
	at TestListener.invokeMethod(TestListener.groovy)
	at com.kms.katalon.core.context.internal.TestHooker.invokeMethod(TestHooker.java:111)
	at com.kms.katalon.core.context.internal.TestHooker.lambda$3(TestHooker.java:95)
	at com.kms.katalon.core.context.internal.TestHooker.invokeContextMethods(TestHooker.java:94)
	at com.kms.katalon.core.context.internal.TestListenerCollector.lambda$3(TestListenerCollector.java:88)
	at com.kms.katalon.core.context.internal.TestListenerCollector.handleListenerEvent(TestListenerCollector.java:85)
	at com.kms.katalon.core.context.internal.ExecutionEventManager.publicEvent(ExecutionEventManager.java:36)
	at com.kms.katalon.core.main.TestCaseExecutor.execute(TestCaseExecutor.java:315)
	at com.kms.katalon.core.common.CommonExecutor.accessTestCaseMainPhase(CommonExecutor.java:65)
	at com.kms.katalon.core.main.TestSuiteExecutor.accessTestSuiteMainPhase(TestSuiteExecutor.java:151)
	at com.kms.katalon.core.main.TestSuiteExecutor.execute(TestSuiteExecutor.java:106)
	at com.kms.katalon.core.main.TestCaseMain.startTestSuite(TestCaseMain.java:185)
	at com.kms.katalon.core.main.TestCaseMain$startTestSuite$0.call(Unknown Source)
	at TempTestSuite1677690296878.run(TempTestSuite1677690296878.groovy:36)


2023-03-01 18:11:07 - [MESSAGE][ERROR] - groovy.lang.MissingPropertyException: No such property: printtestCaseContext for class: TestListener
	at TestListener.sampleAfterTestCase(TestListener.groovy:45)
	at TestListener.invokeMethod(TestListener.groovy)
	at com.kms.katalon.core.context.internal.TestHooker.invokeMethod(TestHooker.java:111)
	at com.kms.katalon.core.context.internal.TestHooker.lambda$3(TestHooker.java:95)
	at com.kms.katalon.core.context.internal.TestHooker.invokeContextMethods(TestHooker.java:94)
	at com.kms.katalon.core.context.internal.TestListenerCollector.lambda$3(TestListenerCollector.java:88)
	at com.kms.katalon.core.context.internal.TestListenerCollector.handleListenerEvent(TestListenerCollector.java:85)
	at com.kms.katalon.core.context.internal.ExecutionEventManager.publicEvent(ExecutionEventManager.java:36)
	at com.kms.katalon.core.main.TestCaseExecutor.execute(TestCaseExecutor.java:315)
	at com.kms.katalon.core.common.CommonExecutor.accessTestCaseMainPhase(CommonExecutor.java:65)
	at com.kms.katalon.core.main.TestSuiteExecutor.accessTestSuiteMainPhase(TestSuiteExecutor.java:151)
	at com.kms.katalon.core.main.TestSuiteExecutor.execute(TestSuiteExecutor.java:106)
	at com.kms.katalon.core.main.TestCaseMain.startTestSuite(TestCaseMain.java:185)
	at com.kms.katalon.core.main.TestCaseMain$startTestSuite$0.call(Unknown Source)
	at TempTestSuite1677690296878.run(TempTestSuite1677690296878.groovy:36)]]></system-out>
         <system-err><![CDATA[]]></system-err>
      </testcase>
      <testcase name="Test Cases/Admin Page/Qualifications/Licenses/Edit License" time="30.377" classname="Test Cases/Admin Page/Qualifications/Licenses/Edit License" status="PASSED">
         <system-out><![CDATA[2023-03-01 18:11:07 - [TEST_CASE][PASSED] - Test Cases/Admin Page/Qualifications/Licenses/Edit License: Test Cases/Admin Page/Qualifications/Licenses/Edit License

2023-03-01 18:11:07 - [TEST_STEP][PASSED] - Start listener action : sampleBeforeTestCase: Current window maximized

2023-03-01 18:11:07 - [TEST_STEP][PASSED] - println(testCaseContext.getTestCaseId()): null

2023-03-01 18:11:07 - [TEST_STEP][PASSED] - println(testCaseContext.getTestCaseVariables()): null

2023-03-01 18:11:07 - [TEST_STEP][PASSED] - openBrowser(baseURL): Browser is opened with url: 'https://opensource-demo.orangehrmlive.com/web/index.php/auth/login'

2023-03-01 18:11:07 - [MESSAGE][WARNING] - A browser is already opened. Closing browser and opening a new one

2023-03-01 18:11:07 - [MESSAGE][INFO] - Starting 'Chrome' driver

2023-03-01 18:11:07 - [MESSAGE][INFO] - Action delay is set to 1,000 milliseconds

2023-03-01 18:11:12 - [MESSAGE][PASSED] - Browser is opened with url: 'https://opensource-demo.orangehrmlive.com/web/index.php/auth/login'

2023-03-01 18:11:12 - [TEST_STEP][PASSED] - maximizeWindow(): Current window maximized

2023-03-01 18:11:12 - [MESSAGE][PASSED] - Current window maximized

2023-03-01 18:11:12 - [TEST_STEP][PASSED] - Start setup action : setupTestCase: Method 'setupTestCase' complete successfully

2023-03-01 18:11:12 - [TEST_STEP][PASSED] - orange.keywords.userLogin(findTestObject("Login Page/textbox_Username"), username, findTestObject("Login Page/textbox_Password"), password, findTestObject("Login Page/button_Login")): orange.keywords.userLogin is PASSED

2023-03-01 18:11:18 - [MESSAGE][PASSED] - orange.keywords.userLogin is PASSED

2023-03-01 18:11:18 - [MESSAGE][PASSED] - Method 'setupTestCase' complete successfully

2023-03-01 18:11:20 - [TEST_STEP][PASSED] - click(findTestObject("Navigation Sidebar/a_Admin")): Object: 'Object Repository/Navigation Sidebar/a_Admin' is clicked on

2023-03-01 18:11:22 - [MESSAGE][PASSED] - Object: 'Object Repository/Navigation Sidebar/a_Admin' is clicked on

2023-03-01 18:11:22 - [TEST_STEP][PASSED] - click(findTestObject("Admin Page/Qualifications/li_Qualifications")): Object: 'Object Repository/Admin Page/Qualifications/li_Qualifications' is clicked on

2023-03-01 18:11:25 - [MESSAGE][PASSED] - Object: 'Object Repository/Admin Page/Qualifications/li_Qualifications' is clicked on

2023-03-01 18:11:25 - [TEST_STEP][PASSED] - click(findTestObject("Admin Page/Qualifications/Licenses/li_Licenses")): Object: 'Object Repository/Admin Page/Qualifications/Licenses/li_Licenses' is clicked on

2023-03-01 18:11:27 - [MESSAGE][PASSED] - Object: 'Object Repository/Admin Page/Qualifications/Licenses/li_Licenses' is clicked on

2023-03-01 18:11:27 - [TEST_STEP][PASSED] - click(findTestObject("Admin Page/Qualifications/Licenses/button_Edit")): Object: 'Object Repository/Admin Page/Qualifications/Licenses/button_Edit' is clicked on

2023-03-01 18:11:30 - [MESSAGE][PASSED] - Object: 'Object Repository/Admin Page/Qualifications/Licenses/button_Edit' is clicked on

2023-03-01 18:11:30 - [TEST_STEP][PASSED] - sendKeys(findTestObject("Admin Page/Qualifications/Skills/textbox_Username"), Keys.chord(CONTROL, "a")): Keys 'CONTROL + a' sent to object: 'Object Repository/Admin Page/Qualifications/Skills/textbox_Username'

2023-03-01 18:11:32 - [MESSAGE][PASSED] - Keys 'CONTROL + a' sent to object: 'Object Repository/Admin Page/Qualifications/Skills/textbox_Username'

2023-03-01 18:11:32 - [TEST_STEP][PASSED] - sendKeys(findTestObject("Admin Page/Qualifications/Skills/textbox_Username_selected"), "Practicioner Advanced-Automation"): Keys 'Practicioner Advanced-Automation' sent to object: 'Object Repository/Admin Page/Qualifications/Skills/textbox_Username_selected'

2023-03-01 18:11:34 - [MESSAGE][PASSED] - Keys 'Practicioner Advanced-Automation' sent to object: 'Object Repository/Admin Page/Qualifications/Skills/textbox_Username_selected'

2023-03-01 18:11:34 - [TEST_STEP][PASSED] - click(findTestObject("Admin Page/Qualifications/Skills/button_Save")): Object: 'Object Repository/Admin Page/Qualifications/Skills/button_Save' is clicked on

2023-03-01 18:11:36 - [MESSAGE][PASSED] - Object: 'Object Repository/Admin Page/Qualifications/Skills/button_Save' is clicked on

2023-03-01 18:11:36 - [TEST_STEP][PASSED] - waitForElementPresent(findTestObject("Confirmation messages/message_SuccessSuccessfullyUpdated"), 10): Object 'Object Repository/Confirmation messages/message_SuccessSuccessfullyUpdated' is present

2023-03-01 18:11:36 - [MESSAGE][PASSED] - Object 'Object Repository/Confirmation messages/message_SuccessSuccessfullyUpdated' is present

2023-03-01 18:11:36 - [TEST_STEP][PASSED] - verifyElementPresent(findTestObject("Confirmation messages/message_SuccessSuccessfullyUpdated"), 10): Object 'Object Repository/Confirmation messages/message_SuccessSuccessfullyUpdated' is present

2023-03-01 18:11:37 - [MESSAGE][PASSED] - Object 'Object Repository/Confirmation messages/message_SuccessSuccessfullyUpdated' is present

2023-03-01 18:11:37 - [TEST_STEP][ERROR] - Start listener action : sampleAfterTestCase: groovy.lang.MissingPropertyException: No such property: printtestCaseContext for class: TestListener
	at TestListener.sampleAfterTestCase(TestListener.groovy:45)
	at TestListener.invokeMethod(TestListener.groovy)
	at com.kms.katalon.core.context.internal.TestHooker.invokeMethod(TestHooker.java:111)
	at com.kms.katalon.core.context.internal.TestHooker.lambda$3(TestHooker.java:95)
	at com.kms.katalon.core.context.internal.TestHooker.invokeContextMethods(TestHooker.java:94)
	at com.kms.katalon.core.context.internal.TestListenerCollector.lambda$3(TestListenerCollector.java:88)
	at com.kms.katalon.core.context.internal.TestListenerCollector.handleListenerEvent(TestListenerCollector.java:85)
	at com.kms.katalon.core.context.internal.ExecutionEventManager.publicEvent(ExecutionEventManager.java:36)
	at com.kms.katalon.core.main.TestCaseExecutor.execute(TestCaseExecutor.java:315)
	at com.kms.katalon.core.common.CommonExecutor.accessTestCaseMainPhase(CommonExecutor.java:65)
	at com.kms.katalon.core.main.TestSuiteExecutor.accessTestSuiteMainPhase(TestSuiteExecutor.java:151)
	at com.kms.katalon.core.main.TestSuiteExecutor.execute(TestSuiteExecutor.java:106)
	at com.kms.katalon.core.main.TestCaseMain.startTestSuite(TestCaseMain.java:185)
	at com.kms.katalon.core.main.TestCaseMain$startTestSuite$0.call(Unknown Source)
	at TempTestSuite1677690296878.run(TempTestSuite1677690296878.groovy:36)


2023-03-01 18:11:37 - [TEST_STEP][PASSED] - println(testCaseContext.getTestCaseId() + " - "): null

2023-03-01 18:11:37 - [TEST_STEP][ERROR] - println(printtestCaseContext.getTestCaseStatus()): groovy.lang.MissingPropertyException: No such property: printtestCaseContext for class: TestListener
	at TestListener.sampleAfterTestCase(TestListener.groovy:45)
	at TestListener.invokeMethod(TestListener.groovy)
	at com.kms.katalon.core.context.internal.TestHooker.invokeMethod(TestHooker.java:111)
	at com.kms.katalon.core.context.internal.TestHooker.lambda$3(TestHooker.java:95)
	at com.kms.katalon.core.context.internal.TestHooker.invokeContextMethods(TestHooker.java:94)
	at com.kms.katalon.core.context.internal.TestListenerCollector.lambda$3(TestListenerCollector.java:88)
	at com.kms.katalon.core.context.internal.TestListenerCollector.handleListenerEvent(TestListenerCollector.java:85)
	at com.kms.katalon.core.context.internal.ExecutionEventManager.publicEvent(ExecutionEventManager.java:36)
	at com.kms.katalon.core.main.TestCaseExecutor.execute(TestCaseExecutor.java:315)
	at com.kms.katalon.core.common.CommonExecutor.accessTestCaseMainPhase(CommonExecutor.java:65)
	at com.kms.katalon.core.main.TestSuiteExecutor.accessTestSuiteMainPhase(TestSuiteExecutor.java:151)
	at com.kms.katalon.core.main.TestSuiteExecutor.execute(TestSuiteExecutor.java:106)
	at com.kms.katalon.core.main.TestCaseMain.startTestSuite(TestCaseMain.java:185)
	at com.kms.katalon.core.main.TestCaseMain$startTestSuite$0.call(Unknown Source)
	at TempTestSuite1677690296878.run(TempTestSuite1677690296878.groovy:36)


2023-03-01 18:11:37 - [MESSAGE][ERROR] - groovy.lang.MissingPropertyException: No such property: printtestCaseContext for class: TestListener
	at TestListener.sampleAfterTestCase(TestListener.groovy:45)
	at TestListener.invokeMethod(TestListener.groovy)
	at com.kms.katalon.core.context.internal.TestHooker.invokeMethod(TestHooker.java:111)
	at com.kms.katalon.core.context.internal.TestHooker.lambda$3(TestHooker.java:95)
	at com.kms.katalon.core.context.internal.TestHooker.invokeContextMethods(TestHooker.java:94)
	at com.kms.katalon.core.context.internal.TestListenerCollector.lambda$3(TestListenerCollector.java:88)
	at com.kms.katalon.core.context.internal.TestListenerCollector.handleListenerEvent(TestListenerCollector.java:85)
	at com.kms.katalon.core.context.internal.ExecutionEventManager.publicEvent(ExecutionEventManager.java:36)
	at com.kms.katalon.core.main.TestCaseExecutor.execute(TestCaseExecutor.java:315)
	at com.kms.katalon.core.common.CommonExecutor.accessTestCaseMainPhase(CommonExecutor.java:65)
	at com.kms.katalon.core.main.TestSuiteExecutor.accessTestSuiteMainPhase(TestSuiteExecutor.java:151)
	at com.kms.katalon.core.main.TestSuiteExecutor.execute(TestSuiteExecutor.java:106)
	at com.kms.katalon.core.main.TestCaseMain.startTestSuite(TestCaseMain.java:185)
	at com.kms.katalon.core.main.TestCaseMain$startTestSuite$0.call(Unknown Source)
	at TempTestSuite1677690296878.run(TempTestSuite1677690296878.groovy:36)]]></system-out>
         <system-err><![CDATA[]]></system-err>
      </testcase>
      <testcase name="Test Cases/Admin Page/Qualifications/Licenses/Delete License" time="24.841" classname="Test Cases/Admin Page/Qualifications/Licenses/Delete License" status="PASSED">
         <system-out><![CDATA[2023-03-01 18:11:37 - [TEST_CASE][PASSED] - Test Cases/Admin Page/Qualifications/Licenses/Delete License: Test Cases/Admin Page/Qualifications/Licenses/Delete License

2023-03-01 18:11:37 - [TEST_STEP][PASSED] - Start listener action : sampleBeforeTestCase: Current window maximized

2023-03-01 18:11:37 - [TEST_STEP][PASSED] - println(testCaseContext.getTestCaseId()): null

2023-03-01 18:11:37 - [TEST_STEP][PASSED] - println(testCaseContext.getTestCaseVariables()): null

2023-03-01 18:11:37 - [TEST_STEP][PASSED] - openBrowser(baseURL): Browser is opened with url: 'https://opensource-demo.orangehrmlive.com/web/index.php/auth/login'

2023-03-01 18:11:37 - [MESSAGE][WARNING] - A browser is already opened. Closing browser and opening a new one

2023-03-01 18:11:38 - [MESSAGE][INFO] - Starting 'Chrome' driver

2023-03-01 18:11:38 - [MESSAGE][INFO] - Action delay is set to 1,000 milliseconds

2023-03-01 18:11:42 - [MESSAGE][PASSED] - Browser is opened with url: 'https://opensource-demo.orangehrmlive.com/web/index.php/auth/login'

2023-03-01 18:11:42 - [TEST_STEP][PASSED] - maximizeWindow(): Current window maximized

2023-03-01 18:11:43 - [MESSAGE][PASSED] - Current window maximized

2023-03-01 18:11:43 - [TEST_STEP][PASSED] - Start setup action : setupTestCase: Method 'setupTestCase' complete successfully

2023-03-01 18:11:43 - [TEST_STEP][PASSED] - orange.keywords.userLogin(findTestObject("Login Page/textbox_Username"), username, findTestObject("Login Page/textbox_Password"), password, findTestObject("Login Page/button_Login")): orange.keywords.userLogin is PASSED

2023-03-01 18:11:48 - [MESSAGE][PASSED] - orange.keywords.userLogin is PASSED

2023-03-01 18:11:48 - [MESSAGE][PASSED] - Method 'setupTestCase' complete successfully

2023-03-01 18:11:49 - [TEST_STEP][PASSED] - click(findTestObject("Navigation Sidebar/a_Admin")): Object: 'Object Repository/Navigation Sidebar/a_Admin' is clicked on

2023-03-01 18:11:52 - [MESSAGE][PASSED] - Object: 'Object Repository/Navigation Sidebar/a_Admin' is clicked on

2023-03-01 18:11:52 - [TEST_STEP][PASSED] - click(findTestObject("Admin Page/Qualifications/li_Qualifications")): Object: 'Object Repository/Admin Page/Qualifications/li_Qualifications' is clicked on

2023-03-01 18:11:55 - [MESSAGE][PASSED] - Object: 'Object Repository/Admin Page/Qualifications/li_Qualifications' is clicked on

2023-03-01 18:11:55 - [TEST_STEP][PASSED] - click(findTestObject("Admin Page/Qualifications/Licenses/li_Licenses")): Object: 'Object Repository/Admin Page/Qualifications/Licenses/li_Licenses' is clicked on

2023-03-01 18:11:57 - [MESSAGE][PASSED] - Object: 'Object Repository/Admin Page/Qualifications/Licenses/li_Licenses' is clicked on

2023-03-01 18:11:57 - [TEST_STEP][PASSED] - click(findTestObject("Admin Page/Qualifications/Licenses/button_Delete")): Object: 'Object Repository/Admin Page/Qualifications/Licenses/button_Delete' is clicked on

2023-03-01 18:11:59 - [MESSAGE][PASSED] - Object: 'Object Repository/Admin Page/Qualifications/Licenses/button_Delete' is clicked on

2023-03-01 18:11:59 - [TEST_STEP][PASSED] - click(findTestObject("Admin Page/Qualifications/Languages/button_Yes, Delete")): Object: 'Object Repository/Admin Page/Qualifications/Languages/button_Yes, Delete' is clicked on

2023-03-01 18:12:01 - [MESSAGE][PASSED] - Object: 'Object Repository/Admin Page/Qualifications/Languages/button_Yes, Delete' is clicked on

2023-03-01 18:12:01 - [TEST_STEP][PASSED] - waitForElementPresent(findTestObject("Confirmation messages/message_SuccessSuccessfullyDeleted"), 10): Object 'Object Repository/Confirmation messages/message_SuccessSuccessfullyDeleted' is present

2023-03-01 18:12:01 - [MESSAGE][PASSED] - Object 'Object Repository/Confirmation messages/message_SuccessSuccessfullyDeleted' is present

2023-03-01 18:12:01 - [TEST_STEP][PASSED] - verifyElementPresent(findTestObject("Confirmation messages/message_SuccessSuccessfullyDeleted"), 10): Object 'Object Repository/Confirmation messages/message_SuccessSuccessfullyDeleted' is present

2023-03-01 18:12:02 - [MESSAGE][PASSED] - Object 'Object Repository/Confirmation messages/message_SuccessSuccessfullyDeleted' is present

2023-03-01 18:12:02 - [TEST_STEP][ERROR] - Start listener action : sampleAfterTestCase: groovy.lang.MissingPropertyException: No such property: printtestCaseContext for class: TestListener
	at TestListener.sampleAfterTestCase(TestListener.groovy:45)
	at TestListener.invokeMethod(TestListener.groovy)
	at com.kms.katalon.core.context.internal.TestHooker.invokeMethod(TestHooker.java:111)
	at com.kms.katalon.core.context.internal.TestHooker.lambda$3(TestHooker.java:95)
	at com.kms.katalon.core.context.internal.TestHooker.invokeContextMethods(TestHooker.java:94)
	at com.kms.katalon.core.context.internal.TestListenerCollector.lambda$3(TestListenerCollector.java:88)
	at com.kms.katalon.core.context.internal.TestListenerCollector.handleListenerEvent(TestListenerCollector.java:85)
	at com.kms.katalon.core.context.internal.ExecutionEventManager.publicEvent(ExecutionEventManager.java:36)
	at com.kms.katalon.core.main.TestCaseExecutor.execute(TestCaseExecutor.java:315)
	at com.kms.katalon.core.common.CommonExecutor.accessTestCaseMainPhase(CommonExecutor.java:65)
	at com.kms.katalon.core.main.TestSuiteExecutor.accessTestSuiteMainPhase(TestSuiteExecutor.java:151)
	at com.kms.katalon.core.main.TestSuiteExecutor.execute(TestSuiteExecutor.java:106)
	at com.kms.katalon.core.main.TestCaseMain.startTestSuite(TestCaseMain.java:185)
	at com.kms.katalon.core.main.TestCaseMain$startTestSuite$0.call(Unknown Source)
	at TempTestSuite1677690296878.run(TempTestSuite1677690296878.groovy:36)


2023-03-01 18:12:02 - [TEST_STEP][PASSED] - println(testCaseContext.getTestCaseId() + " - "): null

2023-03-01 18:12:02 - [TEST_STEP][ERROR] - println(printtestCaseContext.getTestCaseStatus()): groovy.lang.MissingPropertyException: No such property: printtestCaseContext for class: TestListener
	at TestListener.sampleAfterTestCase(TestListener.groovy:45)
	at TestListener.invokeMethod(TestListener.groovy)
	at com.kms.katalon.core.context.internal.TestHooker.invokeMethod(TestHooker.java:111)
	at com.kms.katalon.core.context.internal.TestHooker.lambda$3(TestHooker.java:95)
	at com.kms.katalon.core.context.internal.TestHooker.invokeContextMethods(TestHooker.java:94)
	at com.kms.katalon.core.context.internal.TestListenerCollector.lambda$3(TestListenerCollector.java:88)
	at com.kms.katalon.core.context.internal.TestListenerCollector.handleListenerEvent(TestListenerCollector.java:85)
	at com.kms.katalon.core.context.internal.ExecutionEventManager.publicEvent(ExecutionEventManager.java:36)
	at com.kms.katalon.core.main.TestCaseExecutor.execute(TestCaseExecutor.java:315)
	at com.kms.katalon.core.common.CommonExecutor.accessTestCaseMainPhase(CommonExecutor.java:65)
	at com.kms.katalon.core.main.TestSuiteExecutor.accessTestSuiteMainPhase(TestSuiteExecutor.java:151)
	at com.kms.katalon.core.main.TestSuiteExecutor.execute(TestSuiteExecutor.java:106)
	at com.kms.katalon.core.main.TestCaseMain.startTestSuite(TestCaseMain.java:185)
	at com.kms.katalon.core.main.TestCaseMain$startTestSuite$0.call(Unknown Source)
	at TempTestSuite1677690296878.run(TempTestSuite1677690296878.groovy:36)


2023-03-01 18:12:02 - [MESSAGE][ERROR] - groovy.lang.MissingPropertyException: No such property: printtestCaseContext for class: TestListener
	at TestListener.sampleAfterTestCase(TestListener.groovy:45)
	at TestListener.invokeMethod(TestListener.groovy)
	at com.kms.katalon.core.context.internal.TestHooker.invokeMethod(TestHooker.java:111)
	at com.kms.katalon.core.context.internal.TestHooker.lambda$3(TestHooker.java:95)
	at com.kms.katalon.core.context.internal.TestHooker.invokeContextMethods(TestHooker.java:94)
	at com.kms.katalon.core.context.internal.TestListenerCollector.lambda$3(TestListenerCollector.java:88)
	at com.kms.katalon.core.context.internal.TestListenerCollector.handleListenerEvent(TestListenerCollector.java:85)
	at com.kms.katalon.core.context.internal.ExecutionEventManager.publicEvent(ExecutionEventManager.java:36)
	at com.kms.katalon.core.main.TestCaseExecutor.execute(TestCaseExecutor.java:315)
	at com.kms.katalon.core.common.CommonExecutor.accessTestCaseMainPhase(CommonExecutor.java:65)
	at com.kms.katalon.core.main.TestSuiteExecutor.accessTestSuiteMainPhase(TestSuiteExecutor.java:151)
	at com.kms.katalon.core.main.TestSuiteExecutor.execute(TestSuiteExecutor.java:106)
	at com.kms.katalon.core.main.TestCaseMain.startTestSuite(TestCaseMain.java:185)
	at com.kms.katalon.core.main.TestCaseMain$startTestSuite$0.call(Unknown Source)
	at TempTestSuite1677690296878.run(TempTestSuite1677690296878.groovy:36)]]></system-out>
         <system-err><![CDATA[]]></system-err>
      </testcase>
      <testcase name="Test Cases/Admin Page/Qualifications/Languages/Add Language" time="30.905" classname="Test Cases/Admin Page/Qualifications/Languages/Add Language" status="PASSED">
         <system-out><![CDATA[2023-03-01 18:12:02 - [TEST_CASE][PASSED] - Test Cases/Admin Page/Qualifications/Languages/Add Language: Test Cases/Admin Page/Qualifications/Languages/Add Language

2023-03-01 18:12:02 - [TEST_STEP][PASSED] - Start listener action : sampleBeforeTestCase: Current window maximized

2023-03-01 18:12:02 - [TEST_STEP][PASSED] - println(testCaseContext.getTestCaseId()): null

2023-03-01 18:12:02 - [TEST_STEP][PASSED] - println(testCaseContext.getTestCaseVariables()): null

2023-03-01 18:12:02 - [TEST_STEP][PASSED] - openBrowser(baseURL): Browser is opened with url: 'https://opensource-demo.orangehrmlive.com/web/index.php/auth/login'

2023-03-01 18:12:02 - [MESSAGE][WARNING] - A browser is already opened. Closing browser and opening a new one

2023-03-01 18:12:03 - [MESSAGE][INFO] - Starting 'Chrome' driver

2023-03-01 18:12:03 - [MESSAGE][INFO] - Action delay is set to 1,000 milliseconds

2023-03-01 18:12:07 - [MESSAGE][PASSED] - Browser is opened with url: 'https://opensource-demo.orangehrmlive.com/web/index.php/auth/login'

2023-03-01 18:12:07 - [TEST_STEP][PASSED] - maximizeWindow(): Current window maximized

2023-03-01 18:12:07 - [MESSAGE][PASSED] - Current window maximized

2023-03-01 18:12:07 - [TEST_STEP][PASSED] - Start setup action : setupTestCase: Method 'setupTestCase' complete successfully

2023-03-01 18:12:07 - [TEST_STEP][PASSED] - orange.keywords.userLogin(findTestObject("Login Page/textbox_Username"), username, findTestObject("Login Page/textbox_Password"), password, findTestObject("Login Page/button_Login")): orange.keywords.userLogin is PASSED

2023-03-01 18:12:13 - [MESSAGE][PASSED] - orange.keywords.userLogin is PASSED

2023-03-01 18:12:13 - [MESSAGE][PASSED] - Method 'setupTestCase' complete successfully

2023-03-01 18:12:14 - [TEST_STEP][PASSED] - click(findTestObject("Navigation Sidebar/a_Admin")): Object: 'Object Repository/Navigation Sidebar/a_Admin' is clicked on

2023-03-01 18:12:17 - [MESSAGE][PASSED] - Object: 'Object Repository/Navigation Sidebar/a_Admin' is clicked on

2023-03-01 18:12:17 - [TEST_STEP][PASSED] - click(findTestObject("Admin Page/Qualifications/li_Qualifications")): Object: 'Object Repository/Admin Page/Qualifications/li_Qualifications' is clicked on

2023-03-01 18:12:19 - [MESSAGE][PASSED] - Object: 'Object Repository/Admin Page/Qualifications/li_Qualifications' is clicked on

2023-03-01 18:12:19 - [TEST_STEP][PASSED] - click(findTestObject("Admin Page/Qualifications/Languages/li_Languages")): Object: 'Object Repository/Admin Page/Qualifications/Languages/li_Languages' is clicked on

2023-03-01 18:12:21 - [MESSAGE][PASSED] - Object: 'Object Repository/Admin Page/Qualifications/Languages/li_Languages' is clicked on

2023-03-01 18:12:21 - [TEST_STEP][PASSED] - click(findTestObject("Admin Page/Qualifications/Languages/button_Add")): Object: 'Object Repository/Admin Page/Qualifications/Languages/button_Add' is clicked on

2023-03-01 18:12:24 - [MESSAGE][PASSED] - Object: 'Object Repository/Admin Page/Qualifications/Languages/button_Add' is clicked on

2023-03-01 18:12:24 - [TEST_STEP][PASSED] - sendKeys(findTestObject("Admin Page/Qualifications/Skills/textbox_Username"), "Afgan-Automation"): Keys 'Afgan-Automation' sent to object: 'Object Repository/Admin Page/Qualifications/Skills/textbox_Username'

2023-03-01 18:12:27 - [MESSAGE][PASSED] - Keys 'Afgan-Automation' sent to object: 'Object Repository/Admin Page/Qualifications/Skills/textbox_Username'

2023-03-01 18:12:27 - [TEST_STEP][PASSED] - takeScreenshotAsCheckpoint("Language info"): Taking screenshot successfully

2023-03-01 18:12:27 - [MESSAGE][INFO] - 0 hidden object(s)

2023-03-01 18:12:28 - [MESSAGE][PASSED] - Taking screenshot successfully
[[ATTACHMENT|keyes\keyes-Language info.png]]

2023-03-01 18:12:28 - [TEST_STEP][PASSED] - click(findTestObject("Admin Page/Qualifications/Skills/button_Save")): Object: 'Object Repository/Admin Page/Qualifications/Skills/button_Save' is clicked on

2023-03-01 18:12:30 - [MESSAGE][PASSED] - Object: 'Object Repository/Admin Page/Qualifications/Skills/button_Save' is clicked on

2023-03-01 18:12:30 - [TEST_STEP][PASSED] - waitForElementPresent(findTestObject("Confirmation messages/message_SuccessSuccessfullySaved"), 10): Object 'Object Repository/Confirmation messages/message_SuccessSuccessfullySaved' is present

2023-03-01 18:12:31 - [MESSAGE][PASSED] - Object 'Object Repository/Confirmation messages/message_SuccessSuccessfullySaved' is present

2023-03-01 18:12:31 - [TEST_STEP][PASSED] - verifyElementPresent(findTestObject("Confirmation messages/message_SuccessSuccessfullySaved"), 10): Object 'Object Repository/Confirmation messages/message_SuccessSuccessfullySaved' is present

2023-03-01 18:12:31 - [MESSAGE][PASSED] - Object 'Object Repository/Confirmation messages/message_SuccessSuccessfullySaved' is present

2023-03-01 18:12:31 - [TEST_STEP][PASSED] - takeScreenshotAsCheckpoint("Language Added"): Taking screenshot successfully

2023-03-01 18:12:32 - [MESSAGE][INFO] - 0 hidden object(s)

2023-03-01 18:12:33 - [MESSAGE][PASSED] - Taking screenshot successfully
[[ATTACHMENT|keyes\keyes-Language Added.png]]

2023-03-01 18:12:33 - [TEST_STEP][ERROR] - Start listener action : sampleAfterTestCase: groovy.lang.MissingPropertyException: No such property: printtestCaseContext for class: TestListener
	at TestListener.sampleAfterTestCase(TestListener.groovy:45)
	at TestListener.invokeMethod(TestListener.groovy)
	at com.kms.katalon.core.context.internal.TestHooker.invokeMethod(TestHooker.java:111)
	at com.kms.katalon.core.context.internal.TestHooker.lambda$3(TestHooker.java:95)
	at com.kms.katalon.core.context.internal.TestHooker.invokeContextMethods(TestHooker.java:94)
	at com.kms.katalon.core.context.internal.TestListenerCollector.lambda$3(TestListenerCollector.java:88)
	at com.kms.katalon.core.context.internal.TestListenerCollector.handleListenerEvent(TestListenerCollector.java:85)
	at com.kms.katalon.core.context.internal.ExecutionEventManager.publicEvent(ExecutionEventManager.java:36)
	at com.kms.katalon.core.main.TestCaseExecutor.execute(TestCaseExecutor.java:315)
	at com.kms.katalon.core.common.CommonExecutor.accessTestCaseMainPhase(CommonExecutor.java:65)
	at com.kms.katalon.core.main.TestSuiteExecutor.accessTestSuiteMainPhase(TestSuiteExecutor.java:151)
	at com.kms.katalon.core.main.TestSuiteExecutor.execute(TestSuiteExecutor.java:106)
	at com.kms.katalon.core.main.TestCaseMain.startTestSuite(TestCaseMain.java:185)
	at com.kms.katalon.core.main.TestCaseMain$startTestSuite$0.call(Unknown Source)
	at TempTestSuite1677690296878.run(TempTestSuite1677690296878.groovy:36)


2023-03-01 18:12:33 - [TEST_STEP][PASSED] - println(testCaseContext.getTestCaseId() + " - "): null

2023-03-01 18:12:33 - [TEST_STEP][ERROR] - println(printtestCaseContext.getTestCaseStatus()): groovy.lang.MissingPropertyException: No such property: printtestCaseContext for class: TestListener
	at TestListener.sampleAfterTestCase(TestListener.groovy:45)
	at TestListener.invokeMethod(TestListener.groovy)
	at com.kms.katalon.core.context.internal.TestHooker.invokeMethod(TestHooker.java:111)
	at com.kms.katalon.core.context.internal.TestHooker.lambda$3(TestHooker.java:95)
	at com.kms.katalon.core.context.internal.TestHooker.invokeContextMethods(TestHooker.java:94)
	at com.kms.katalon.core.context.internal.TestListenerCollector.lambda$3(TestListenerCollector.java:88)
	at com.kms.katalon.core.context.internal.TestListenerCollector.handleListenerEvent(TestListenerCollector.java:85)
	at com.kms.katalon.core.context.internal.ExecutionEventManager.publicEvent(ExecutionEventManager.java:36)
	at com.kms.katalon.core.main.TestCaseExecutor.execute(TestCaseExecutor.java:315)
	at com.kms.katalon.core.common.CommonExecutor.accessTestCaseMainPhase(CommonExecutor.java:65)
	at com.kms.katalon.core.main.TestSuiteExecutor.accessTestSuiteMainPhase(TestSuiteExecutor.java:151)
	at com.kms.katalon.core.main.TestSuiteExecutor.execute(TestSuiteExecutor.java:106)
	at com.kms.katalon.core.main.TestCaseMain.startTestSuite(TestCaseMain.java:185)
	at com.kms.katalon.core.main.TestCaseMain$startTestSuite$0.call(Unknown Source)
	at TempTestSuite1677690296878.run(TempTestSuite1677690296878.groovy:36)


2023-03-01 18:12:33 - [MESSAGE][ERROR] - groovy.lang.MissingPropertyException: No such property: printtestCaseContext for class: TestListener
	at TestListener.sampleAfterTestCase(TestListener.groovy:45)
	at TestListener.invokeMethod(TestListener.groovy)
	at com.kms.katalon.core.context.internal.TestHooker.invokeMethod(TestHooker.java:111)
	at com.kms.katalon.core.context.internal.TestHooker.lambda$3(TestHooker.java:95)
	at com.kms.katalon.core.context.internal.TestHooker.invokeContextMethods(TestHooker.java:94)
	at com.kms.katalon.core.context.internal.TestListenerCollector.lambda$3(TestListenerCollector.java:88)
	at com.kms.katalon.core.context.internal.TestListenerCollector.handleListenerEvent(TestListenerCollector.java:85)
	at com.kms.katalon.core.context.internal.ExecutionEventManager.publicEvent(ExecutionEventManager.java:36)
	at com.kms.katalon.core.main.TestCaseExecutor.execute(TestCaseExecutor.java:315)
	at com.kms.katalon.core.common.CommonExecutor.accessTestCaseMainPhase(CommonExecutor.java:65)
	at com.kms.katalon.core.main.TestSuiteExecutor.accessTestSuiteMainPhase(TestSuiteExecutor.java:151)
	at com.kms.katalon.core.main.TestSuiteExecutor.execute(TestSuiteExecutor.java:106)
	at com.kms.katalon.core.main.TestCaseMain.startTestSuite(TestCaseMain.java:185)
	at com.kms.katalon.core.main.TestCaseMain$startTestSuite$0.call(Unknown Source)
	at TempTestSuite1677690296878.run(TempTestSuite1677690296878.groovy:36)]]></system-out>
         <system-err><![CDATA[]]></system-err>
      </testcase>
      <testcase name="Test Cases/Admin Page/Qualifications/Languages/Edit Language" time="29.311" classname="Test Cases/Admin Page/Qualifications/Languages/Edit Language" status="PASSED">
         <system-out><![CDATA[2023-03-01 18:12:33 - [TEST_CASE][PASSED] - Test Cases/Admin Page/Qualifications/Languages/Edit Language: Test Cases/Admin Page/Qualifications/Languages/Edit Language

2023-03-01 18:12:33 - [TEST_STEP][PASSED] - Start listener action : sampleBeforeTestCase: Current window maximized

2023-03-01 18:12:33 - [TEST_STEP][PASSED] - println(testCaseContext.getTestCaseId()): null

2023-03-01 18:12:33 - [TEST_STEP][PASSED] - println(testCaseContext.getTestCaseVariables()): null

2023-03-01 18:12:33 - [TEST_STEP][PASSED] - openBrowser(baseURL): Browser is opened with url: 'https://opensource-demo.orangehrmlive.com/web/index.php/auth/login'

2023-03-01 18:12:33 - [MESSAGE][WARNING] - A browser is already opened. Closing browser and opening a new one

2023-03-01 18:12:34 - [MESSAGE][INFO] - Starting 'Chrome' driver

2023-03-01 18:12:34 - [MESSAGE][INFO] - Action delay is set to 1,000 milliseconds

2023-03-01 18:12:39 - [MESSAGE][PASSED] - Browser is opened with url: 'https://opensource-demo.orangehrmlive.com/web/index.php/auth/login'

2023-03-01 18:12:39 - [TEST_STEP][PASSED] - maximizeWindow(): Current window maximized

2023-03-01 18:12:39 - [MESSAGE][PASSED] - Current window maximized

2023-03-01 18:12:39 - [TEST_STEP][PASSED] - Start setup action : setupTestCase: Method 'setupTestCase' complete successfully

2023-03-01 18:12:39 - [TEST_STEP][PASSED] - orange.keywords.userLogin(findTestObject("Login Page/textbox_Username"), username, findTestObject("Login Page/textbox_Password"), password, findTestObject("Login Page/button_Login")): orange.keywords.userLogin is PASSED

2023-03-01 18:12:44 - [MESSAGE][PASSED] - orange.keywords.userLogin is PASSED

2023-03-01 18:12:44 - [MESSAGE][PASSED] - Method 'setupTestCase' complete successfully

2023-03-01 18:12:45 - [TEST_STEP][PASSED] - click(findTestObject("Navigation Sidebar/a_Admin")): Object: 'Object Repository/Navigation Sidebar/a_Admin' is clicked on

2023-03-01 18:12:48 - [MESSAGE][PASSED] - Object: 'Object Repository/Navigation Sidebar/a_Admin' is clicked on

2023-03-01 18:12:48 - [TEST_STEP][PASSED] - click(findTestObject("Admin Page/Qualifications/li_Qualifications")): Object: 'Object Repository/Admin Page/Qualifications/li_Qualifications' is clicked on

2023-03-01 18:12:50 - [MESSAGE][PASSED] - Object: 'Object Repository/Admin Page/Qualifications/li_Qualifications' is clicked on

2023-03-01 18:12:50 - [TEST_STEP][PASSED] - click(findTestObject("Admin Page/Qualifications/Languages/li_Languages")): Object: 'Object Repository/Admin Page/Qualifications/Languages/li_Languages' is clicked on

2023-03-01 18:12:52 - [MESSAGE][PASSED] - Object: 'Object Repository/Admin Page/Qualifications/Languages/li_Languages' is clicked on

2023-03-01 18:12:52 - [TEST_STEP][PASSED] - click(findTestObject("Admin Page/Qualifications/Languages/button_Edit")): Object: 'Object Repository/Admin Page/Qualifications/Languages/button_Edit' is clicked on

2023-03-01 18:12:55 - [MESSAGE][PASSED] - Object: 'Object Repository/Admin Page/Qualifications/Languages/button_Edit' is clicked on

2023-03-01 18:12:55 - [TEST_STEP][PASSED] - sendKeys(findTestObject("Admin Page/Qualifications/Skills/textbox_Username"), Keys.chord(CONTROL, "a")): Keys 'CONTROL + a' sent to object: 'Object Repository/Admin Page/Qualifications/Skills/textbox_Username'

2023-03-01 18:12:58 - [MESSAGE][PASSED] - Keys 'CONTROL + a' sent to object: 'Object Repository/Admin Page/Qualifications/Skills/textbox_Username'

2023-03-01 18:12:58 - [TEST_STEP][PASSED] - sendKeys(findTestObject("Admin Page/Qualifications/Skills/textbox_Username_selected"), "Afgan-Edited-Automation"): Keys 'Afgan-Edited-Automation' sent to object: 'Object Repository/Admin Page/Qualifications/Skills/textbox_Username_selected'

2023-03-01 18:12:59 - [MESSAGE][PASSED] - Keys 'Afgan-Edited-Automation' sent to object: 'Object Repository/Admin Page/Qualifications/Skills/textbox_Username_selected'

2023-03-01 18:12:59 - [TEST_STEP][PASSED] - click(findTestObject("Admin Page/Qualifications/Skills/button_Save")): Object: 'Object Repository/Admin Page/Qualifications/Skills/button_Save' is clicked on

2023-03-01 18:13:01 - [MESSAGE][PASSED] - Object: 'Object Repository/Admin Page/Qualifications/Skills/button_Save' is clicked on

2023-03-01 18:13:01 - [TEST_STEP][PASSED] - waitForElementPresent(findTestObject("Confirmation messages/message_SuccessSuccessfullyUpdated"), 10): Object 'Object Repository/Confirmation messages/message_SuccessSuccessfullyUpdated' is present

2023-03-01 18:13:02 - [MESSAGE][PASSED] - Object 'Object Repository/Confirmation messages/message_SuccessSuccessfullyUpdated' is present

2023-03-01 18:13:02 - [TEST_STEP][PASSED] - verifyElementPresent(findTestObject("Confirmation messages/message_SuccessSuccessfullyUpdated"), 10): Object 'Object Repository/Confirmation messages/message_SuccessSuccessfullyUpdated' is present

2023-03-01 18:13:02 - [MESSAGE][PASSED] - Object 'Object Repository/Confirmation messages/message_SuccessSuccessfullyUpdated' is present

2023-03-01 18:13:02 - [TEST_STEP][ERROR] - Start listener action : sampleAfterTestCase: groovy.lang.MissingPropertyException: No such property: printtestCaseContext for class: TestListener
	at TestListener.sampleAfterTestCase(TestListener.groovy:45)
	at TestListener.invokeMethod(TestListener.groovy)
	at com.kms.katalon.core.context.internal.TestHooker.invokeMethod(TestHooker.java:111)
	at com.kms.katalon.core.context.internal.TestHooker.lambda$3(TestHooker.java:95)
	at com.kms.katalon.core.context.internal.TestHooker.invokeContextMethods(TestHooker.java:94)
	at com.kms.katalon.core.context.internal.TestListenerCollector.lambda$3(TestListenerCollector.java:88)
	at com.kms.katalon.core.context.internal.TestListenerCollector.handleListenerEvent(TestListenerCollector.java:85)
	at com.kms.katalon.core.context.internal.ExecutionEventManager.publicEvent(ExecutionEventManager.java:36)
	at com.kms.katalon.core.main.TestCaseExecutor.execute(TestCaseExecutor.java:315)
	at com.kms.katalon.core.common.CommonExecutor.accessTestCaseMainPhase(CommonExecutor.java:65)
	at com.kms.katalon.core.main.TestSuiteExecutor.accessTestSuiteMainPhase(TestSuiteExecutor.java:151)
	at com.kms.katalon.core.main.TestSuiteExecutor.execute(TestSuiteExecutor.java:106)
	at com.kms.katalon.core.main.TestCaseMain.startTestSuite(TestCaseMain.java:185)
	at com.kms.katalon.core.main.TestCaseMain$startTestSuite$0.call(Unknown Source)
	at TempTestSuite1677690296878.run(TempTestSuite1677690296878.groovy:36)


2023-03-01 18:13:02 - [TEST_STEP][PASSED] - println(testCaseContext.getTestCaseId() + " - "): null

2023-03-01 18:13:02 - [TEST_STEP][ERROR] - println(printtestCaseContext.getTestCaseStatus()): groovy.lang.MissingPropertyException: No such property: printtestCaseContext for class: TestListener
	at TestListener.sampleAfterTestCase(TestListener.groovy:45)
	at TestListener.invokeMethod(TestListener.groovy)
	at com.kms.katalon.core.context.internal.TestHooker.invokeMethod(TestHooker.java:111)
	at com.kms.katalon.core.context.internal.TestHooker.lambda$3(TestHooker.java:95)
	at com.kms.katalon.core.context.internal.TestHooker.invokeContextMethods(TestHooker.java:94)
	at com.kms.katalon.core.context.internal.TestListenerCollector.lambda$3(TestListenerCollector.java:88)
	at com.kms.katalon.core.context.internal.TestListenerCollector.handleListenerEvent(TestListenerCollector.java:85)
	at com.kms.katalon.core.context.internal.ExecutionEventManager.publicEvent(ExecutionEventManager.java:36)
	at com.kms.katalon.core.main.TestCaseExecutor.execute(TestCaseExecutor.java:315)
	at com.kms.katalon.core.common.CommonExecutor.accessTestCaseMainPhase(CommonExecutor.java:65)
	at com.kms.katalon.core.main.TestSuiteExecutor.accessTestSuiteMainPhase(TestSuiteExecutor.java:151)
	at com.kms.katalon.core.main.TestSuiteExecutor.execute(TestSuiteExecutor.java:106)
	at com.kms.katalon.core.main.TestCaseMain.startTestSuite(TestCaseMain.java:185)
	at com.kms.katalon.core.main.TestCaseMain$startTestSuite$0.call(Unknown Source)
	at TempTestSuite1677690296878.run(TempTestSuite1677690296878.groovy:36)


2023-03-01 18:13:02 - [MESSAGE][ERROR] - groovy.lang.MissingPropertyException: No such property: printtestCaseContext for class: TestListener
	at TestListener.sampleAfterTestCase(TestListener.groovy:45)
	at TestListener.invokeMethod(TestListener.groovy)
	at com.kms.katalon.core.context.internal.TestHooker.invokeMethod(TestHooker.java:111)
	at com.kms.katalon.core.context.internal.TestHooker.lambda$3(TestHooker.java:95)
	at com.kms.katalon.core.context.internal.TestHooker.invokeContextMethods(TestHooker.java:94)
	at com.kms.katalon.core.context.internal.TestListenerCollector.lambda$3(TestListenerCollector.java:88)
	at com.kms.katalon.core.context.internal.TestListenerCollector.handleListenerEvent(TestListenerCollector.java:85)
	at com.kms.katalon.core.context.internal.ExecutionEventManager.publicEvent(ExecutionEventManager.java:36)
	at com.kms.katalon.core.main.TestCaseExecutor.execute(TestCaseExecutor.java:315)
	at com.kms.katalon.core.common.CommonExecutor.accessTestCaseMainPhase(CommonExecutor.java:65)
	at com.kms.katalon.core.main.TestSuiteExecutor.accessTestSuiteMainPhase(TestSuiteExecutor.java:151)
	at com.kms.katalon.core.main.TestSuiteExecutor.execute(TestSuiteExecutor.java:106)
	at com.kms.katalon.core.main.TestCaseMain.startTestSuite(TestCaseMain.java:185)
	at com.kms.katalon.core.main.TestCaseMain$startTestSuite$0.call(Unknown Source)
	at TempTestSuite1677690296878.run(TempTestSuite1677690296878.groovy:36)]]></system-out>
         <system-err><![CDATA[]]></system-err>
      </testcase>
      <testcase name="Test Cases/Admin Page/Qualifications/Languages/Delete Language" time="23.964" classname="Test Cases/Admin Page/Qualifications/Languages/Delete Language" status="PASSED">
         <system-out><![CDATA[2023-03-01 18:13:02 - [TEST_CASE][PASSED] - Test Cases/Admin Page/Qualifications/Languages/Delete Language: Test Cases/Admin Page/Qualifications/Languages/Delete Language

2023-03-01 18:13:02 - [TEST_STEP][PASSED] - Start listener action : sampleBeforeTestCase: Current window maximized

2023-03-01 18:13:02 - [TEST_STEP][PASSED] - println(testCaseContext.getTestCaseId()): null

2023-03-01 18:13:02 - [TEST_STEP][PASSED] - println(testCaseContext.getTestCaseVariables()): null

2023-03-01 18:13:02 - [TEST_STEP][PASSED] - openBrowser(baseURL): Browser is opened with url: 'https://opensource-demo.orangehrmlive.com/web/index.php/auth/login'

2023-03-01 18:13:02 - [MESSAGE][WARNING] - A browser is already opened. Closing browser and opening a new one

2023-03-01 18:13:03 - [MESSAGE][INFO] - Starting 'Chrome' driver

2023-03-01 18:13:03 - [MESSAGE][INFO] - Action delay is set to 1,000 milliseconds

2023-03-01 18:13:07 - [MESSAGE][PASSED] - Browser is opened with url: 'https://opensource-demo.orangehrmlive.com/web/index.php/auth/login'

2023-03-01 18:13:07 - [TEST_STEP][PASSED] - maximizeWindow(): Current window maximized

2023-03-01 18:13:07 - [MESSAGE][PASSED] - Current window maximized

2023-03-01 18:13:07 - [TEST_STEP][PASSED] - Start setup action : setupTestCase: Method 'setupTestCase' complete successfully

2023-03-01 18:13:07 - [TEST_STEP][PASSED] - orange.keywords.userLogin(findTestObject("Login Page/textbox_Username"), username, findTestObject("Login Page/textbox_Password"), password, findTestObject("Login Page/button_Login")): orange.keywords.userLogin is PASSED

2023-03-01 18:13:13 - [MESSAGE][PASSED] - orange.keywords.userLogin is PASSED

2023-03-01 18:13:13 - [MESSAGE][PASSED] - Method 'setupTestCase' complete successfully

2023-03-01 18:13:14 - [TEST_STEP][PASSED] - click(findTestObject("Navigation Sidebar/a_Admin")): Object: 'Object Repository/Navigation Sidebar/a_Admin' is clicked on

2023-03-01 18:13:17 - [MESSAGE][PASSED] - Object: 'Object Repository/Navigation Sidebar/a_Admin' is clicked on

2023-03-01 18:13:17 - [TEST_STEP][PASSED] - click(findTestObject("Admin Page/Qualifications/li_Qualifications")): Object: 'Object Repository/Admin Page/Qualifications/li_Qualifications' is clicked on

2023-03-01 18:13:19 - [MESSAGE][PASSED] - Object: 'Object Repository/Admin Page/Qualifications/li_Qualifications' is clicked on

2023-03-01 18:13:19 - [TEST_STEP][PASSED] - click(findTestObject("Admin Page/Qualifications/Languages/li_Languages")): Object: 'Object Repository/Admin Page/Qualifications/Languages/li_Languages' is clicked on

2023-03-01 18:13:21 - [MESSAGE][PASSED] - Object: 'Object Repository/Admin Page/Qualifications/Languages/li_Languages' is clicked on

2023-03-01 18:13:21 - [TEST_STEP][PASSED] - click(findTestObject("Admin Page/Qualifications/Languages/button_Delete")): Object: 'Object Repository/Admin Page/Qualifications/Languages/button_Delete' is clicked on

2023-03-01 18:13:23 - [MESSAGE][PASSED] - Object: 'Object Repository/Admin Page/Qualifications/Languages/button_Delete' is clicked on

2023-03-01 18:13:23 - [TEST_STEP][PASSED] - click(findTestObject("Admin Page/Qualifications/Languages/button_Yes, Delete")): Object: 'Object Repository/Admin Page/Qualifications/Languages/button_Yes, Delete' is clicked on

2023-03-01 18:13:25 - [MESSAGE][PASSED] - Object: 'Object Repository/Admin Page/Qualifications/Languages/button_Yes, Delete' is clicked on

2023-03-01 18:13:25 - [TEST_STEP][PASSED] - waitForElementPresent(findTestObject("Confirmation messages/message_SuccessSuccessfullyDeleted"), 10): Object 'Object Repository/Confirmation messages/message_SuccessSuccessfullyDeleted' is present

2023-03-01 18:13:26 - [MESSAGE][PASSED] - Object 'Object Repository/Confirmation messages/message_SuccessSuccessfullyDeleted' is present

2023-03-01 18:13:26 - [TEST_STEP][PASSED] - verifyElementPresent(findTestObject("Confirmation messages/message_SuccessSuccessfullyDeleted"), 10): Object 'Object Repository/Confirmation messages/message_SuccessSuccessfullyDeleted' is present

2023-03-01 18:13:26 - [MESSAGE][PASSED] - Object 'Object Repository/Confirmation messages/message_SuccessSuccessfullyDeleted' is present

2023-03-01 18:13:26 - [TEST_STEP][ERROR] - Start listener action : sampleAfterTestCase: groovy.lang.MissingPropertyException: No such property: printtestCaseContext for class: TestListener
	at TestListener.sampleAfterTestCase(TestListener.groovy:45)
	at TestListener.invokeMethod(TestListener.groovy)
	at com.kms.katalon.core.context.internal.TestHooker.invokeMethod(TestHooker.java:111)
	at com.kms.katalon.core.context.internal.TestHooker.lambda$3(TestHooker.java:95)
	at com.kms.katalon.core.context.internal.TestHooker.invokeContextMethods(TestHooker.java:94)
	at com.kms.katalon.core.context.internal.TestListenerCollector.lambda$3(TestListenerCollector.java:88)
	at com.kms.katalon.core.context.internal.TestListenerCollector.handleListenerEvent(TestListenerCollector.java:85)
	at com.kms.katalon.core.context.internal.ExecutionEventManager.publicEvent(ExecutionEventManager.java:36)
	at com.kms.katalon.core.main.TestCaseExecutor.execute(TestCaseExecutor.java:315)
	at com.kms.katalon.core.common.CommonExecutor.accessTestCaseMainPhase(CommonExecutor.java:65)
	at com.kms.katalon.core.main.TestSuiteExecutor.accessTestSuiteMainPhase(TestSuiteExecutor.java:151)
	at com.kms.katalon.core.main.TestSuiteExecutor.execute(TestSuiteExecutor.java:106)
	at com.kms.katalon.core.main.TestCaseMain.startTestSuite(TestCaseMain.java:185)
	at com.kms.katalon.core.main.TestCaseMain$startTestSuite$0.call(Unknown Source)
	at TempTestSuite1677690296878.run(TempTestSuite1677690296878.groovy:36)


2023-03-01 18:13:26 - [TEST_STEP][PASSED] - println(testCaseContext.getTestCaseId() + " - "): null

2023-03-01 18:13:26 - [TEST_STEP][ERROR] - println(printtestCaseContext.getTestCaseStatus()): groovy.lang.MissingPropertyException: No such property: printtestCaseContext for class: TestListener
	at TestListener.sampleAfterTestCase(TestListener.groovy:45)
	at TestListener.invokeMethod(TestListener.groovy)
	at com.kms.katalon.core.context.internal.TestHooker.invokeMethod(TestHooker.java:111)
	at com.kms.katalon.core.context.internal.TestHooker.lambda$3(TestHooker.java:95)
	at com.kms.katalon.core.context.internal.TestHooker.invokeContextMethods(TestHooker.java:94)
	at com.kms.katalon.core.context.internal.TestListenerCollector.lambda$3(TestListenerCollector.java:88)
	at com.kms.katalon.core.context.internal.TestListenerCollector.handleListenerEvent(TestListenerCollector.java:85)
	at com.kms.katalon.core.context.internal.ExecutionEventManager.publicEvent(ExecutionEventManager.java:36)
	at com.kms.katalon.core.main.TestCaseExecutor.execute(TestCaseExecutor.java:315)
	at com.kms.katalon.core.common.CommonExecutor.accessTestCaseMainPhase(CommonExecutor.java:65)
	at com.kms.katalon.core.main.TestSuiteExecutor.accessTestSuiteMainPhase(TestSuiteExecutor.java:151)
	at com.kms.katalon.core.main.TestSuiteExecutor.execute(TestSuiteExecutor.java:106)
	at com.kms.katalon.core.main.TestCaseMain.startTestSuite(TestCaseMain.java:185)
	at com.kms.katalon.core.main.TestCaseMain$startTestSuite$0.call(Unknown Source)
	at TempTestSuite1677690296878.run(TempTestSuite1677690296878.groovy:36)


2023-03-01 18:13:26 - [MESSAGE][ERROR] - groovy.lang.MissingPropertyException: No such property: printtestCaseContext for class: TestListener
	at TestListener.sampleAfterTestCase(TestListener.groovy:45)
	at TestListener.invokeMethod(TestListener.groovy)
	at com.kms.katalon.core.context.internal.TestHooker.invokeMethod(TestHooker.java:111)
	at com.kms.katalon.core.context.internal.TestHooker.lambda$3(TestHooker.java:95)
	at com.kms.katalon.core.context.internal.TestHooker.invokeContextMethods(TestHooker.java:94)
	at com.kms.katalon.core.context.internal.TestListenerCollector.lambda$3(TestListenerCollector.java:88)
	at com.kms.katalon.core.context.internal.TestListenerCollector.handleListenerEvent(TestListenerCollector.java:85)
	at com.kms.katalon.core.context.internal.ExecutionEventManager.publicEvent(ExecutionEventManager.java:36)
	at com.kms.katalon.core.main.TestCaseExecutor.execute(TestCaseExecutor.java:315)
	at com.kms.katalon.core.common.CommonExecutor.accessTestCaseMainPhase(CommonExecutor.java:65)
	at com.kms.katalon.core.main.TestSuiteExecutor.accessTestSuiteMainPhase(TestSuiteExecutor.java:151)
	at com.kms.katalon.core.main.TestSuiteExecutor.execute(TestSuiteExecutor.java:106)
	at com.kms.katalon.core.main.TestCaseMain.startTestSuite(TestCaseMain.java:185)
	at com.kms.katalon.core.main.TestCaseMain$startTestSuite$0.call(Unknown Source)
	at TempTestSuite1677690296878.run(TempTestSuite1677690296878.groovy:36)]]></system-out>
         <system-err><![CDATA[]]></system-err>
      </testcase>
      <testcase name="Test Cases/Admin Page/Qualifications/Education/Add Education" time="27.645" classname="Test Cases/Admin Page/Qualifications/Education/Add Education" status="PASSED">
         <system-out><![CDATA[2023-03-01 18:13:26 - [TEST_CASE][PASSED] - Test Cases/Admin Page/Qualifications/Education/Add Education: Test Cases/Admin Page/Qualifications/Education/Add Education

2023-03-01 18:13:26 - [TEST_STEP][PASSED] - Start listener action : sampleBeforeTestCase: Current window maximized

2023-03-01 18:13:26 - [TEST_STEP][PASSED] - println(testCaseContext.getTestCaseId()): null

2023-03-01 18:13:26 - [TEST_STEP][PASSED] - println(testCaseContext.getTestCaseVariables()): null

2023-03-01 18:13:26 - [TEST_STEP][PASSED] - openBrowser(baseURL): Browser is opened with url: 'https://opensource-demo.orangehrmlive.com/web/index.php/auth/login'

2023-03-01 18:13:26 - [MESSAGE][WARNING] - A browser is already opened. Closing browser and opening a new one

2023-03-01 18:13:27 - [MESSAGE][INFO] - Starting 'Chrome' driver

2023-03-01 18:13:27 - [MESSAGE][INFO] - Action delay is set to 1,000 milliseconds

2023-03-01 18:13:31 - [MESSAGE][PASSED] - Browser is opened with url: 'https://opensource-demo.orangehrmlive.com/web/index.php/auth/login'

2023-03-01 18:13:31 - [TEST_STEP][PASSED] - maximizeWindow(): Current window maximized

2023-03-01 18:13:31 - [MESSAGE][PASSED] - Current window maximized

2023-03-01 18:13:31 - [TEST_STEP][PASSED] - Start setup action : setupTestCase: Method 'setupTestCase' complete successfully

2023-03-01 18:13:31 - [TEST_STEP][PASSED] - orange.keywords.userLogin(findTestObject("Login Page/textbox_Username"), username, findTestObject("Login Page/textbox_Password"), password, findTestObject("Login Page/button_Login")): orange.keywords.userLogin is PASSED

2023-03-01 18:13:37 - [MESSAGE][PASSED] - orange.keywords.userLogin is PASSED

2023-03-01 18:13:37 - [MESSAGE][PASSED] - Method 'setupTestCase' complete successfully

2023-03-01 18:13:38 - [TEST_STEP][PASSED] - click(findTestObject("Navigation Sidebar/a_Admin")): Object: 'Object Repository/Navigation Sidebar/a_Admin' is clicked on

2023-03-01 18:13:40 - [MESSAGE][PASSED] - Object: 'Object Repository/Navigation Sidebar/a_Admin' is clicked on

2023-03-01 18:13:40 - [TEST_STEP][PASSED] - click(findTestObject("Admin Page/Qualifications/li_Qualifications")): Object: 'Object Repository/Admin Page/Qualifications/li_Qualifications' is clicked on

2023-03-01 18:13:43 - [MESSAGE][PASSED] - Object: 'Object Repository/Admin Page/Qualifications/li_Qualifications' is clicked on

2023-03-01 18:13:43 - [TEST_STEP][PASSED] - click(findTestObject("Admin Page/Qualifications/Education/li_Education")): Object: 'Object Repository/Admin Page/Qualifications/Education/li_Education' is clicked on

2023-03-01 18:13:45 - [MESSAGE][PASSED] - Object: 'Object Repository/Admin Page/Qualifications/Education/li_Education' is clicked on

2023-03-01 18:13:45 - [TEST_STEP][PASSED] - click(findTestObject("Admin Page/Qualifications/Languages/button_Add")): Object: 'Object Repository/Admin Page/Qualifications/Languages/button_Add' is clicked on

2023-03-01 18:13:47 - [MESSAGE][PASSED] - Object: 'Object Repository/Admin Page/Qualifications/Languages/button_Add' is clicked on

2023-03-01 18:13:47 - [TEST_STEP][PASSED] - sendKeys(findTestObject("Admin Page/Qualifications/Skills/textbox_Username"), education): Keys 'University Degree' sent to object: 'Object Repository/Admin Page/Qualifications/Skills/textbox_Username'

2023-03-01 18:13:49 - [MESSAGE][PASSED] - Keys 'University Degree' sent to object: 'Object Repository/Admin Page/Qualifications/Skills/textbox_Username'

2023-03-01 18:13:49 - [TEST_STEP][PASSED] - click(findTestObject("Admin Page/Qualifications/Skills/button_Save")): Object: 'Object Repository/Admin Page/Qualifications/Skills/button_Save' is clicked on

2023-03-01 18:13:51 - [MESSAGE][PASSED] - Object: 'Object Repository/Admin Page/Qualifications/Skills/button_Save' is clicked on

2023-03-01 18:13:51 - [TEST_STEP][PASSED] - waitForElementPresent(findTestObject("Confirmation messages/message_SuccessSuccessfullySaved"), 10): Object 'Object Repository/Confirmation messages/message_SuccessSuccessfullySaved' is present

2023-03-01 18:13:52 - [MESSAGE][PASSED] - Object 'Object Repository/Confirmation messages/message_SuccessSuccessfullySaved' is present

2023-03-01 18:13:52 - [TEST_STEP][PASSED] - verifyElementPresent(findTestObject("Confirmation messages/message_SuccessSuccessfullySaved"), 10): Object 'Object Repository/Confirmation messages/message_SuccessSuccessfullySaved' is present

2023-03-01 18:13:52 - [MESSAGE][PASSED] - Object 'Object Repository/Confirmation messages/message_SuccessSuccessfullySaved' is present

2023-03-01 18:13:52 - [TEST_STEP][PASSED] - takeScreenshotAsCheckpoint("Added Education"): Taking screenshot successfully

2023-03-01 18:13:53 - [MESSAGE][INFO] - 0 hidden object(s)

2023-03-01 18:13:54 - [MESSAGE][PASSED] - Taking screenshot successfully
[[ATTACHMENT|keyes\keyes-Added Education.png]]

2023-03-01 18:13:54 - [TEST_STEP][ERROR] - Start listener action : sampleAfterTestCase: groovy.lang.MissingPropertyException: No such property: printtestCaseContext for class: TestListener
	at TestListener.sampleAfterTestCase(TestListener.groovy:45)
	at TestListener.invokeMethod(TestListener.groovy)
	at com.kms.katalon.core.context.internal.TestHooker.invokeMethod(TestHooker.java:111)
	at com.kms.katalon.core.context.internal.TestHooker.lambda$3(TestHooker.java:95)
	at com.kms.katalon.core.context.internal.TestHooker.invokeContextMethods(TestHooker.java:94)
	at com.kms.katalon.core.context.internal.TestListenerCollector.lambda$3(TestListenerCollector.java:88)
	at com.kms.katalon.core.context.internal.TestListenerCollector.handleListenerEvent(TestListenerCollector.java:85)
	at com.kms.katalon.core.context.internal.ExecutionEventManager.publicEvent(ExecutionEventManager.java:36)
	at com.kms.katalon.core.main.TestCaseExecutor.execute(TestCaseExecutor.java:315)
	at com.kms.katalon.core.common.CommonExecutor.accessTestCaseMainPhase(CommonExecutor.java:65)
	at com.kms.katalon.core.main.TestSuiteExecutor.accessTestSuiteMainPhase(TestSuiteExecutor.java:151)
	at com.kms.katalon.core.main.TestSuiteExecutor.execute(TestSuiteExecutor.java:106)
	at com.kms.katalon.core.main.TestCaseMain.startTestSuite(TestCaseMain.java:185)
	at com.kms.katalon.core.main.TestCaseMain$startTestSuite$0.call(Unknown Source)
	at TempTestSuite1677690296878.run(TempTestSuite1677690296878.groovy:36)


2023-03-01 18:13:54 - [TEST_STEP][PASSED] - println(testCaseContext.getTestCaseId() + " - "): null

2023-03-01 18:13:54 - [TEST_STEP][ERROR] - println(printtestCaseContext.getTestCaseStatus()): groovy.lang.MissingPropertyException: No such property: printtestCaseContext for class: TestListener
	at TestListener.sampleAfterTestCase(TestListener.groovy:45)
	at TestListener.invokeMethod(TestListener.groovy)
	at com.kms.katalon.core.context.internal.TestHooker.invokeMethod(TestHooker.java:111)
	at com.kms.katalon.core.context.internal.TestHooker.lambda$3(TestHooker.java:95)
	at com.kms.katalon.core.context.internal.TestHooker.invokeContextMethods(TestHooker.java:94)
	at com.kms.katalon.core.context.internal.TestListenerCollector.lambda$3(TestListenerCollector.java:88)
	at com.kms.katalon.core.context.internal.TestListenerCollector.handleListenerEvent(TestListenerCollector.java:85)
	at com.kms.katalon.core.context.internal.ExecutionEventManager.publicEvent(ExecutionEventManager.java:36)
	at com.kms.katalon.core.main.TestCaseExecutor.execute(TestCaseExecutor.java:315)
	at com.kms.katalon.core.common.CommonExecutor.accessTestCaseMainPhase(CommonExecutor.java:65)
	at com.kms.katalon.core.main.TestSuiteExecutor.accessTestSuiteMainPhase(TestSuiteExecutor.java:151)
	at com.kms.katalon.core.main.TestSuiteExecutor.execute(TestSuiteExecutor.java:106)
	at com.kms.katalon.core.main.TestCaseMain.startTestSuite(TestCaseMain.java:185)
	at com.kms.katalon.core.main.TestCaseMain$startTestSuite$0.call(Unknown Source)
	at TempTestSuite1677690296878.run(TempTestSuite1677690296878.groovy:36)


2023-03-01 18:13:54 - [MESSAGE][ERROR] - groovy.lang.MissingPropertyException: No such property: printtestCaseContext for class: TestListener
	at TestListener.sampleAfterTestCase(TestListener.groovy:45)
	at TestListener.invokeMethod(TestListener.groovy)
	at com.kms.katalon.core.context.internal.TestHooker.invokeMethod(TestHooker.java:111)
	at com.kms.katalon.core.context.internal.TestHooker.lambda$3(TestHooker.java:95)
	at com.kms.katalon.core.context.internal.TestHooker.invokeContextMethods(TestHooker.java:94)
	at com.kms.katalon.core.context.internal.TestListenerCollector.lambda$3(TestListenerCollector.java:88)
	at com.kms.katalon.core.context.internal.TestListenerCollector.handleListenerEvent(TestListenerCollector.java:85)
	at com.kms.katalon.core.context.internal.ExecutionEventManager.publicEvent(ExecutionEventManager.java:36)
	at com.kms.katalon.core.main.TestCaseExecutor.execute(TestCaseExecutor.java:315)
	at com.kms.katalon.core.common.CommonExecutor.accessTestCaseMainPhase(CommonExecutor.java:65)
	at com.kms.katalon.core.main.TestSuiteExecutor.accessTestSuiteMainPhase(TestSuiteExecutor.java:151)
	at com.kms.katalon.core.main.TestSuiteExecutor.execute(TestSuiteExecutor.java:106)
	at com.kms.katalon.core.main.TestCaseMain.startTestSuite(TestCaseMain.java:185)
	at com.kms.katalon.core.main.TestCaseMain$startTestSuite$0.call(Unknown Source)
	at TempTestSuite1677690296878.run(TempTestSuite1677690296878.groovy:36)]]></system-out>
         <system-err><![CDATA[]]></system-err>
      </testcase>
      <testcase name="Test Cases/Admin Page/Qualifications/Education/Edit Education" time="29.071" classname="Test Cases/Admin Page/Qualifications/Education/Edit Education" status="PASSED">
         <system-out><![CDATA[2023-03-01 18:13:54 - [TEST_CASE][PASSED] - Test Cases/Admin Page/Qualifications/Education/Edit Education: Test Cases/Admin Page/Qualifications/Education/Edit Education

2023-03-01 18:13:54 - [TEST_STEP][PASSED] - Start listener action : sampleBeforeTestCase: Current window maximized

2023-03-01 18:13:54 - [TEST_STEP][PASSED] - println(testCaseContext.getTestCaseId()): null

2023-03-01 18:13:54 - [TEST_STEP][PASSED] - println(testCaseContext.getTestCaseVariables()): null

2023-03-01 18:13:54 - [TEST_STEP][PASSED] - openBrowser(baseURL): Browser is opened with url: 'https://opensource-demo.orangehrmlive.com/web/index.php/auth/login'

2023-03-01 18:13:54 - [MESSAGE][WARNING] - A browser is already opened. Closing browser and opening a new one

2023-03-01 18:13:55 - [MESSAGE][INFO] - Starting 'Chrome' driver

2023-03-01 18:13:55 - [MESSAGE][INFO] - Action delay is set to 1,000 milliseconds

2023-03-01 18:13:59 - [MESSAGE][PASSED] - Browser is opened with url: 'https://opensource-demo.orangehrmlive.com/web/index.php/auth/login'

2023-03-01 18:13:59 - [TEST_STEP][PASSED] - maximizeWindow(): Current window maximized

2023-03-01 18:13:59 - [MESSAGE][PASSED] - Current window maximized

2023-03-01 18:13:59 - [TEST_STEP][PASSED] - Start setup action : setupTestCase: Method 'setupTestCase' complete successfully

2023-03-01 18:13:59 - [TEST_STEP][PASSED] - orange.keywords.userLogin(findTestObject("Login Page/textbox_Username"), username, findTestObject("Login Page/textbox_Password"), password, findTestObject("Login Page/button_Login")): orange.keywords.userLogin is PASSED

2023-03-01 18:14:04 - [MESSAGE][PASSED] - orange.keywords.userLogin is PASSED

2023-03-01 18:14:04 - [MESSAGE][PASSED] - Method 'setupTestCase' complete successfully

2023-03-01 18:14:06 - [TEST_STEP][PASSED] - click(findTestObject("Navigation Sidebar/a_Admin")): Object: 'Object Repository/Navigation Sidebar/a_Admin' is clicked on

2023-03-01 18:14:08 - [MESSAGE][PASSED] - Object: 'Object Repository/Navigation Sidebar/a_Admin' is clicked on

2023-03-01 18:14:08 - [TEST_STEP][PASSED] - click(findTestObject("Admin Page/Qualifications/li_Qualifications")): Object: 'Object Repository/Admin Page/Qualifications/li_Qualifications' is clicked on

2023-03-01 18:14:11 - [MESSAGE][PASSED] - Object: 'Object Repository/Admin Page/Qualifications/li_Qualifications' is clicked on

2023-03-01 18:14:11 - [TEST_STEP][PASSED] - click(findTestObject("Admin Page/Qualifications/Education/li_Education")): Object: 'Object Repository/Admin Page/Qualifications/Education/li_Education' is clicked on

2023-03-01 18:14:13 - [MESSAGE][PASSED] - Object: 'Object Repository/Admin Page/Qualifications/Education/li_Education' is clicked on

2023-03-01 18:14:13 - [TEST_STEP][PASSED] - click(findTestObject("Admin Page/Qualifications/Education/button_Edit")): Object: 'Object Repository/Admin Page/Qualifications/Education/button_Edit' is clicked on

2023-03-01 18:14:16 - [MESSAGE][PASSED] - Object: 'Object Repository/Admin Page/Qualifications/Education/button_Edit' is clicked on

2023-03-01 18:14:16 - [TEST_STEP][PASSED] - sendKeys(findTestObject("Admin Page/Qualifications/Skills/textbox_Username"), Keys.chord(CONTROL, "a")): Keys 'CONTROL + a' sent to object: 'Object Repository/Admin Page/Qualifications/Skills/textbox_Username'

2023-03-01 18:14:18 - [MESSAGE][PASSED] - Keys 'CONTROL + a' sent to object: 'Object Repository/Admin Page/Qualifications/Skills/textbox_Username'

2023-03-01 18:14:18 - [TEST_STEP][PASSED] - sendKeys(findTestObject("Admin Page/Qualifications/Skills/textbox_Username_selected"), education_edited): Keys 'High school education' sent to object: 'Object Repository/Admin Page/Qualifications/Skills/textbox_Username_selected'

2023-03-01 18:14:20 - [MESSAGE][PASSED] - Keys 'High school education' sent to object: 'Object Repository/Admin Page/Qualifications/Skills/textbox_Username_selected'

2023-03-01 18:14:20 - [TEST_STEP][PASSED] - click(findTestObject("Admin Page/Qualifications/Skills/button_Save")): Object: 'Object Repository/Admin Page/Qualifications/Skills/button_Save' is clicked on

2023-03-01 18:14:22 - [MESSAGE][PASSED] - Object: 'Object Repository/Admin Page/Qualifications/Skills/button_Save' is clicked on

2023-03-01 18:14:22 - [TEST_STEP][PASSED] - waitForElementPresent(findTestObject("Confirmation messages/message_SuccessSuccessfullyUpdated"), 10): Object 'Object Repository/Confirmation messages/message_SuccessSuccessfullyUpdated' is present

2023-03-01 18:14:22 - [MESSAGE][PASSED] - Object 'Object Repository/Confirmation messages/message_SuccessSuccessfullyUpdated' is present

2023-03-01 18:14:22 - [TEST_STEP][PASSED] - verifyElementPresent(findTestObject("Confirmation messages/message_SuccessSuccessfullyUpdated"), 10): Object 'Object Repository/Confirmation messages/message_SuccessSuccessfullyUpdated' is present

2023-03-01 18:14:23 - [MESSAGE][PASSED] - Object 'Object Repository/Confirmation messages/message_SuccessSuccessfullyUpdated' is present

2023-03-01 18:14:23 - [TEST_STEP][ERROR] - Start listener action : sampleAfterTestCase: groovy.lang.MissingPropertyException: No such property: printtestCaseContext for class: TestListener
	at TestListener.sampleAfterTestCase(TestListener.groovy:45)
	at TestListener.invokeMethod(TestListener.groovy)
	at com.kms.katalon.core.context.internal.TestHooker.invokeMethod(TestHooker.java:111)
	at com.kms.katalon.core.context.internal.TestHooker.lambda$3(TestHooker.java:95)
	at com.kms.katalon.core.context.internal.TestHooker.invokeContextMethods(TestHooker.java:94)
	at com.kms.katalon.core.context.internal.TestListenerCollector.lambda$3(TestListenerCollector.java:88)
	at com.kms.katalon.core.context.internal.TestListenerCollector.handleListenerEvent(TestListenerCollector.java:85)
	at com.kms.katalon.core.context.internal.ExecutionEventManager.publicEvent(ExecutionEventManager.java:36)
	at com.kms.katalon.core.main.TestCaseExecutor.execute(TestCaseExecutor.java:315)
	at com.kms.katalon.core.common.CommonExecutor.accessTestCaseMainPhase(CommonExecutor.java:65)
	at com.kms.katalon.core.main.TestSuiteExecutor.accessTestSuiteMainPhase(TestSuiteExecutor.java:151)
	at com.kms.katalon.core.main.TestSuiteExecutor.execute(TestSuiteExecutor.java:106)
	at com.kms.katalon.core.main.TestCaseMain.startTestSuite(TestCaseMain.java:185)
	at com.kms.katalon.core.main.TestCaseMain$startTestSuite$0.call(Unknown Source)
	at TempTestSuite1677690296878.run(TempTestSuite1677690296878.groovy:36)


2023-03-01 18:14:23 - [TEST_STEP][PASSED] - println(testCaseContext.getTestCaseId() + " - "): null

2023-03-01 18:14:23 - [TEST_STEP][ERROR] - println(printtestCaseContext.getTestCaseStatus()): groovy.lang.MissingPropertyException: No such property: printtestCaseContext for class: TestListener
	at TestListener.sampleAfterTestCase(TestListener.groovy:45)
	at TestListener.invokeMethod(TestListener.groovy)
	at com.kms.katalon.core.context.internal.TestHooker.invokeMethod(TestHooker.java:111)
	at com.kms.katalon.core.context.internal.TestHooker.lambda$3(TestHooker.java:95)
	at com.kms.katalon.core.context.internal.TestHooker.invokeContextMethods(TestHooker.java:94)
	at com.kms.katalon.core.context.internal.TestListenerCollector.lambda$3(TestListenerCollector.java:88)
	at com.kms.katalon.core.context.internal.TestListenerCollector.handleListenerEvent(TestListenerCollector.java:85)
	at com.kms.katalon.core.context.internal.ExecutionEventManager.publicEvent(ExecutionEventManager.java:36)
	at com.kms.katalon.core.main.TestCaseExecutor.execute(TestCaseExecutor.java:315)
	at com.kms.katalon.core.common.CommonExecutor.accessTestCaseMainPhase(CommonExecutor.java:65)
	at com.kms.katalon.core.main.TestSuiteExecutor.accessTestSuiteMainPhase(TestSuiteExecutor.java:151)
	at com.kms.katalon.core.main.TestSuiteExecutor.execute(TestSuiteExecutor.java:106)
	at com.kms.katalon.core.main.TestCaseMain.startTestSuite(TestCaseMain.java:185)
	at com.kms.katalon.core.main.TestCaseMain$startTestSuite$0.call(Unknown Source)
	at TempTestSuite1677690296878.run(TempTestSuite1677690296878.groovy:36)


2023-03-01 18:14:23 - [MESSAGE][ERROR] - groovy.lang.MissingPropertyException: No such property: printtestCaseContext for class: TestListener
	at TestListener.sampleAfterTestCase(TestListener.groovy:45)
	at TestListener.invokeMethod(TestListener.groovy)
	at com.kms.katalon.core.context.internal.TestHooker.invokeMethod(TestHooker.java:111)
	at com.kms.katalon.core.context.internal.TestHooker.lambda$3(TestHooker.java:95)
	at com.kms.katalon.core.context.internal.TestHooker.invokeContextMethods(TestHooker.java:94)
	at com.kms.katalon.core.context.internal.TestListenerCollector.lambda$3(TestListenerCollector.java:88)
	at com.kms.katalon.core.context.internal.TestListenerCollector.handleListenerEvent(TestListenerCollector.java:85)
	at com.kms.katalon.core.context.internal.ExecutionEventManager.publicEvent(ExecutionEventManager.java:36)
	at com.kms.katalon.core.main.TestCaseExecutor.execute(TestCaseExecutor.java:315)
	at com.kms.katalon.core.common.CommonExecutor.accessTestCaseMainPhase(CommonExecutor.java:65)
	at com.kms.katalon.core.main.TestSuiteExecutor.accessTestSuiteMainPhase(TestSuiteExecutor.java:151)
	at com.kms.katalon.core.main.TestSuiteExecutor.execute(TestSuiteExecutor.java:106)
	at com.kms.katalon.core.main.TestCaseMain.startTestSuite(TestCaseMain.java:185)
	at com.kms.katalon.core.main.TestCaseMain$startTestSuite$0.call(Unknown Source)
	at TempTestSuite1677690296878.run(TempTestSuite1677690296878.groovy:36)]]></system-out>
         <system-err><![CDATA[]]></system-err>
      </testcase>
      <testcase name="Test Cases/Admin Page/Qualifications/Education/Delete Education" time="25.142" classname="Test Cases/Admin Page/Qualifications/Education/Delete Education" status="PASSED">
         <system-out><![CDATA[2023-03-01 18:14:23 - [TEST_CASE][PASSED] - Test Cases/Admin Page/Qualifications/Education/Delete Education: Test Cases/Admin Page/Qualifications/Education/Delete Education

2023-03-01 18:14:23 - [TEST_STEP][PASSED] - Start listener action : sampleBeforeTestCase: Current window maximized

2023-03-01 18:14:23 - [TEST_STEP][PASSED] - println(testCaseContext.getTestCaseId()): null

2023-03-01 18:14:23 - [TEST_STEP][PASSED] - println(testCaseContext.getTestCaseVariables()): null

2023-03-01 18:14:23 - [TEST_STEP][PASSED] - openBrowser(baseURL): Browser is opened with url: 'https://opensource-demo.orangehrmlive.com/web/index.php/auth/login'

2023-03-01 18:14:23 - [MESSAGE][WARNING] - A browser is already opened. Closing browser and opening a new one

2023-03-01 18:14:24 - [MESSAGE][INFO] - Starting 'Chrome' driver

2023-03-01 18:14:24 - [MESSAGE][INFO] - Action delay is set to 1,000 milliseconds

2023-03-01 18:14:28 - [MESSAGE][PASSED] - Browser is opened with url: 'https://opensource-demo.orangehrmlive.com/web/index.php/auth/login'

2023-03-01 18:14:28 - [TEST_STEP][PASSED] - maximizeWindow(): Current window maximized

2023-03-01 18:14:28 - [MESSAGE][PASSED] - Current window maximized

2023-03-01 18:14:28 - [TEST_STEP][PASSED] - Start setup action : setupTestCase: Method 'setupTestCase' complete successfully

2023-03-01 18:14:28 - [TEST_STEP][PASSED] - orange.keywords.userLogin(findTestObject("Login Page/textbox_Username"), username, findTestObject("Login Page/textbox_Password"), password, findTestObject("Login Page/button_Login")): orange.keywords.userLogin is PASSED

2023-03-01 18:14:34 - [MESSAGE][PASSED] - orange.keywords.userLogin is PASSED

2023-03-01 18:14:34 - [MESSAGE][PASSED] - Method 'setupTestCase' complete successfully

2023-03-01 18:14:35 - [TEST_STEP][PASSED] - click(findTestObject("Navigation Sidebar/a_Admin")): Object: 'Object Repository/Navigation Sidebar/a_Admin' is clicked on

2023-03-01 18:14:38 - [MESSAGE][PASSED] - Object: 'Object Repository/Navigation Sidebar/a_Admin' is clicked on

2023-03-01 18:14:38 - [TEST_STEP][PASSED] - click(findTestObject("Admin Page/Qualifications/li_Qualifications")): Object: 'Object Repository/Admin Page/Qualifications/li_Qualifications' is clicked on

2023-03-01 18:14:41 - [MESSAGE][PASSED] - Object: 'Object Repository/Admin Page/Qualifications/li_Qualifications' is clicked on

2023-03-01 18:14:41 - [TEST_STEP][PASSED] - click(findTestObject("Admin Page/Qualifications/Education/li_Education")): Object: 'Object Repository/Admin Page/Qualifications/Education/li_Education' is clicked on

2023-03-01 18:14:43 - [MESSAGE][PASSED] - Object: 'Object Repository/Admin Page/Qualifications/Education/li_Education' is clicked on

2023-03-01 18:14:43 - [TEST_STEP][PASSED] - click(findTestObject("Admin Page/Qualifications/Education/button_Delete")): Object: 'Object Repository/Admin Page/Qualifications/Education/button_Delete' is clicked on

2023-03-01 18:14:45 - [MESSAGE][PASSED] - Object: 'Object Repository/Admin Page/Qualifications/Education/button_Delete' is clicked on

2023-03-01 18:14:45 - [TEST_STEP][PASSED] - click(findTestObject("Admin Page/Qualifications/Languages/button_Yes, Delete")): Object: 'Object Repository/Admin Page/Qualifications/Languages/button_Yes, Delete' is clicked on

2023-03-01 18:14:47 - [MESSAGE][PASSED] - Object: 'Object Repository/Admin Page/Qualifications/Languages/button_Yes, Delete' is clicked on

2023-03-01 18:14:47 - [TEST_STEP][PASSED] - waitForElementPresent(findTestObject("Confirmation messages/message_SuccessSuccessfullyDeleted"), 10): Object 'Object Repository/Confirmation messages/message_SuccessSuccessfullyDeleted' is present

2023-03-01 18:14:47 - [MESSAGE][PASSED] - Object 'Object Repository/Confirmation messages/message_SuccessSuccessfullyDeleted' is present

2023-03-01 18:14:47 - [TEST_STEP][PASSED] - verifyElementPresent(findTestObject("Confirmation messages/message_SuccessSuccessfullyDeleted"), 10): Object 'Object Repository/Confirmation messages/message_SuccessSuccessfullyDeleted' is present

2023-03-01 18:14:48 - [MESSAGE][PASSED] - Object 'Object Repository/Confirmation messages/message_SuccessSuccessfullyDeleted' is present

2023-03-01 18:14:48 - [TEST_STEP][ERROR] - Start listener action : sampleAfterTestCase: groovy.lang.MissingPropertyException: No such property: printtestCaseContext for class: TestListener
	at TestListener.sampleAfterTestCase(TestListener.groovy:45)
	at TestListener.invokeMethod(TestListener.groovy)
	at com.kms.katalon.core.context.internal.TestHooker.invokeMethod(TestHooker.java:111)
	at com.kms.katalon.core.context.internal.TestHooker.lambda$3(TestHooker.java:95)
	at com.kms.katalon.core.context.internal.TestHooker.invokeContextMethods(TestHooker.java:94)
	at com.kms.katalon.core.context.internal.TestListenerCollector.lambda$3(TestListenerCollector.java:88)
	at com.kms.katalon.core.context.internal.TestListenerCollector.handleListenerEvent(TestListenerCollector.java:85)
	at com.kms.katalon.core.context.internal.ExecutionEventManager.publicEvent(ExecutionEventManager.java:36)
	at com.kms.katalon.core.main.TestCaseExecutor.execute(TestCaseExecutor.java:315)
	at com.kms.katalon.core.common.CommonExecutor.accessTestCaseMainPhase(CommonExecutor.java:65)
	at com.kms.katalon.core.main.TestSuiteExecutor.accessTestSuiteMainPhase(TestSuiteExecutor.java:151)
	at com.kms.katalon.core.main.TestSuiteExecutor.execute(TestSuiteExecutor.java:106)
	at com.kms.katalon.core.main.TestCaseMain.startTestSuite(TestCaseMain.java:185)
	at com.kms.katalon.core.main.TestCaseMain$startTestSuite$0.call(Unknown Source)
	at TempTestSuite1677690296878.run(TempTestSuite1677690296878.groovy:36)


2023-03-01 18:14:48 - [TEST_STEP][PASSED] - println(testCaseContext.getTestCaseId() + " - "): null

2023-03-01 18:14:48 - [TEST_STEP][ERROR] - println(printtestCaseContext.getTestCaseStatus()): groovy.lang.MissingPropertyException: No such property: printtestCaseContext for class: TestListener
	at TestListener.sampleAfterTestCase(TestListener.groovy:45)
	at TestListener.invokeMethod(TestListener.groovy)
	at com.kms.katalon.core.context.internal.TestHooker.invokeMethod(TestHooker.java:111)
	at com.kms.katalon.core.context.internal.TestHooker.lambda$3(TestHooker.java:95)
	at com.kms.katalon.core.context.internal.TestHooker.invokeContextMethods(TestHooker.java:94)
	at com.kms.katalon.core.context.internal.TestListenerCollector.lambda$3(TestListenerCollector.java:88)
	at com.kms.katalon.core.context.internal.TestListenerCollector.handleListenerEvent(TestListenerCollector.java:85)
	at com.kms.katalon.core.context.internal.ExecutionEventManager.publicEvent(ExecutionEventManager.java:36)
	at com.kms.katalon.core.main.TestCaseExecutor.execute(TestCaseExecutor.java:315)
	at com.kms.katalon.core.common.CommonExecutor.accessTestCaseMainPhase(CommonExecutor.java:65)
	at com.kms.katalon.core.main.TestSuiteExecutor.accessTestSuiteMainPhase(TestSuiteExecutor.java:151)
	at com.kms.katalon.core.main.TestSuiteExecutor.execute(TestSuiteExecutor.java:106)
	at com.kms.katalon.core.main.TestCaseMain.startTestSuite(TestCaseMain.java:185)
	at com.kms.katalon.core.main.TestCaseMain$startTestSuite$0.call(Unknown Source)
	at TempTestSuite1677690296878.run(TempTestSuite1677690296878.groovy:36)


2023-03-01 18:14:48 - [MESSAGE][ERROR] - groovy.lang.MissingPropertyException: No such property: printtestCaseContext for class: TestListener
	at TestListener.sampleAfterTestCase(TestListener.groovy:45)
	at TestListener.invokeMethod(TestListener.groovy)
	at com.kms.katalon.core.context.internal.TestHooker.invokeMethod(TestHooker.java:111)
	at com.kms.katalon.core.context.internal.TestHooker.lambda$3(TestHooker.java:95)
	at com.kms.katalon.core.context.internal.TestHooker.invokeContextMethods(TestHooker.java:94)
	at com.kms.katalon.core.context.internal.TestListenerCollector.lambda$3(TestListenerCollector.java:88)
	at com.kms.katalon.core.context.internal.TestListenerCollector.handleListenerEvent(TestListenerCollector.java:85)
	at com.kms.katalon.core.context.internal.ExecutionEventManager.publicEvent(ExecutionEventManager.java:36)
	at com.kms.katalon.core.main.TestCaseExecutor.execute(TestCaseExecutor.java:315)
	at com.kms.katalon.core.common.CommonExecutor.accessTestCaseMainPhase(CommonExecutor.java:65)
	at com.kms.katalon.core.main.TestSuiteExecutor.accessTestSuiteMainPhase(TestSuiteExecutor.java:151)
	at com.kms.katalon.core.main.TestSuiteExecutor.execute(TestSuiteExecutor.java:106)
	at com.kms.katalon.core.main.TestCaseMain.startTestSuite(TestCaseMain.java:185)
	at com.kms.katalon.core.main.TestCaseMain$startTestSuite$0.call(Unknown Source)
	at TempTestSuite1677690296878.run(TempTestSuite1677690296878.groovy:36)]]></system-out>
         <system-err><![CDATA[]]></system-err>
      </testcase>
      <system-out><![CDATA[2023-03-01 18:07:38 - [TEST_SUITE][PASSED] - Qualifications Dropdown Suite: Test Cases/Admin Page/Qualifications/Education/Delete Education]]></system-out>
      <system-err><![CDATA[]]></system-err>
   </testsuite>
   <testsuite name="Nationalities Suite" tests="3" failures="0" errors="0" time="92.219" skipped="0" timestamp="2023-03-01 18:10:38" hostname="PC - host.docker.internal" id="Test Suites/Nationalities Suite">
      <properties>
         <property name="deviceName" value=""/>
         <property name="devicePlatform" value=""/>
         <property name="logFolder" value="C:\\Users\\PC\\Desktop\\Katalon Projects\\Orange Web Test Automation\\Reports\\20230301_180449\\Nationalities Suite\\20230301_180458"/>
         <property name="logFiles" value="C:\\Users\\PC\\Desktop\\Katalon Projects\\Orange Web Test Automation\\Reports\\20230301_180449\\Nationalities Suite\\20230301_180458\\execution0.log"/>
         <property name="attachments" value=""/>
         <property name="hostName" value="PC - host.docker.internal"/>
         <property name="os" value="Windows 10 64bit"/>
         <property name="katalonVersion" value="8.5.5.208"/>
         <property name="browser" value="Firefox 110.0"/>
         <property name="hostAddress" value="192.168.0.23"/>
         <property name="sessionId" value="2394dff4-cede-443a-984a-a1e1792aa2ea"/>
         <property name="seleniumVersion" value="3.141.59"/>
         <property name="proxyInformation" value="ProxyInformation { proxyOption=NO_PROXY, proxyServerType=HTTP, username=, password=********, proxyServerAddress=, proxyServerPort=0, executionList=&quot;&quot;, isApplyToDesiredCapabilities=true }"/>
         <property name="platform" value="Windows 10"/>
      </properties>
      <testcase name="Test Cases/Admin Page/Nationalities/Add Nationality" time="30.63" classname="Test Cases/Admin Page/Nationalities/Add Nationality" status="PASSED">
         <system-out><![CDATA[2023-03-01 18:10:38 - [TEST_CASE][PASSED] - Test Cases/Admin Page/Nationalities/Add Nationality: Test Cases/Admin Page/Nationalities/Add Nationality

2023-03-01 18:10:38 - [TEST_STEP][PASSED] - Start listener action : sampleBeforeTestCase: Current window maximized

2023-03-01 18:10:38 - [TEST_STEP][PASSED] - println(testCaseContext.getTestCaseId()): null

2023-03-01 18:10:38 - [TEST_STEP][PASSED] - println(testCaseContext.getTestCaseVariables()): null

2023-03-01 18:10:38 - [TEST_STEP][PASSED] - openBrowser(baseURL): Browser is opened with url: 'https://opensource-demo.orangehrmlive.com/web/index.php/auth/login'

2023-03-01 18:10:39 - [MESSAGE][INFO] - Starting 'Firefox' driver

2023-03-01 18:10:39 - [MESSAGE][INFO] - Action delay is set to 1,000 milliseconds

2023-03-01 18:10:47 - [MESSAGE][PASSED] - Browser is opened with url: 'https://opensource-demo.orangehrmlive.com/web/index.php/auth/login'

2023-03-01 18:10:47 - [TEST_STEP][PASSED] - maximizeWindow(): Current window maximized

2023-03-01 18:10:48 - [MESSAGE][PASSED] - Current window maximized

2023-03-01 18:10:48 - [TEST_STEP][PASSED] - Start setup action : setupTestCase: Method 'setupTestCase' complete successfully

2023-03-01 18:10:48 - [TEST_STEP][PASSED] - orange.keywords.userLogin(findTestObject("Login Page/textbox_Username"), username, findTestObject("Login Page/textbox_Password"), password, findTestObject("Login Page/button_Login")): orange.keywords.userLogin is PASSED

2023-03-01 18:10:54 - [MESSAGE][PASSED] - orange.keywords.userLogin is PASSED

2023-03-01 18:10:54 - [MESSAGE][PASSED] - Method 'setupTestCase' complete successfully

2023-03-01 18:10:55 - [TEST_STEP][PASSED] - click(findTestObject("Navigation Sidebar/a_Admin")): Object: 'Object Repository/Navigation Sidebar/a_Admin' is clicked on

2023-03-01 18:10:58 - [MESSAGE][PASSED] - Object: 'Object Repository/Navigation Sidebar/a_Admin' is clicked on

2023-03-01 18:10:58 - [TEST_STEP][PASSED] - click(findTestObject("Admin Page/Nationalities/li_Nationalities")): Object: 'Object Repository/Admin Page/Nationalities/li_Nationalities' is clicked on

2023-03-01 18:11:00 - [MESSAGE][PASSED] - Object: 'Object Repository/Admin Page/Nationalities/li_Nationalities' is clicked on

2023-03-01 18:11:00 - [TEST_STEP][PASSED] - click(findTestObject("Admin Page/Nationalities/button_Add")): Object: 'Object Repository/Admin Page/Nationalities/button_Add' is clicked on

2023-03-01 18:11:04 - [MESSAGE][PASSED] - Object: 'Object Repository/Admin Page/Nationalities/button_Add' is clicked on

2023-03-01 18:11:04 - [TEST_STEP][PASSED] - sendKeys(findTestObject("Admin Page/Qualifications/Skills/textbox_Username"), nationality): Keys 'Afgan-Automation' sent to object: 'Object Repository/Admin Page/Qualifications/Skills/textbox_Username'

2023-03-01 18:11:06 - [MESSAGE][PASSED] - Keys 'Afgan-Automation' sent to object: 'Object Repository/Admin Page/Qualifications/Skills/textbox_Username'

2023-03-01 18:11:06 - [TEST_STEP][PASSED] - click(findTestObject("Admin Page/Nationalities/button_Save")): Object: 'Object Repository/Admin Page/Nationalities/button_Save' is clicked on

2023-03-01 18:11:08 - [MESSAGE][PASSED] - Object: 'Object Repository/Admin Page/Nationalities/button_Save' is clicked on

2023-03-01 18:11:08 - [TEST_STEP][PASSED] - verifyElementPresent(findTestObject("Confirmation messages/message_SuccessSuccessfullySaved"), 10): Object 'Object Repository/Confirmation messages/message_SuccessSuccessfullySaved' is present

2023-03-01 18:11:08 - [MESSAGE][PASSED] - Object 'Object Repository/Confirmation messages/message_SuccessSuccessfullySaved' is present

2023-03-01 18:11:08 - [TEST_STEP][PASSED] - waitForElementPresent(findTestObject("Confirmation messages/message_SuccessSuccessfullySaved"), 10): Object 'Object Repository/Confirmation messages/message_SuccessSuccessfullySaved' is present

2023-03-01 18:11:09 - [MESSAGE][PASSED] - Object 'Object Repository/Confirmation messages/message_SuccessSuccessfullySaved' is present

2023-03-01 18:11:09 - [TEST_STEP][ERROR] - Start listener action : sampleAfterTestCase: groovy.lang.MissingPropertyException: No such property: printtestCaseContext for class: TestListener
	at TestListener.sampleAfterTestCase(TestListener.groovy:45)
	at TestListener.invokeMethod(TestListener.groovy)
	at com.kms.katalon.core.context.internal.TestHooker.invokeMethod(TestHooker.java:111)
	at com.kms.katalon.core.context.internal.TestHooker.lambda$3(TestHooker.java:95)
	at com.kms.katalon.core.context.internal.TestHooker.invokeContextMethods(TestHooker.java:94)
	at com.kms.katalon.core.context.internal.TestListenerCollector.lambda$3(TestListenerCollector.java:88)
	at com.kms.katalon.core.context.internal.TestListenerCollector.handleListenerEvent(TestListenerCollector.java:85)
	at com.kms.katalon.core.context.internal.ExecutionEventManager.publicEvent(ExecutionEventManager.java:36)
	at com.kms.katalon.core.main.TestCaseExecutor.execute(TestCaseExecutor.java:315)
	at com.kms.katalon.core.common.CommonExecutor.accessTestCaseMainPhase(CommonExecutor.java:65)
	at com.kms.katalon.core.main.TestSuiteExecutor.accessTestSuiteMainPhase(TestSuiteExecutor.java:151)
	at com.kms.katalon.core.main.TestSuiteExecutor.execute(TestSuiteExecutor.java:106)
	at com.kms.katalon.core.main.TestCaseMain.startTestSuite(TestCaseMain.java:185)
	at com.kms.katalon.core.main.TestCaseMain$startTestSuite$0.call(Unknown Source)
	at TempTestSuite1677690298865.run(TempTestSuite1677690298865.groovy:36)


2023-03-01 18:11:09 - [TEST_STEP][PASSED] - println(testCaseContext.getTestCaseId() + " - "): null

2023-03-01 18:11:09 - [TEST_STEP][ERROR] - println(printtestCaseContext.getTestCaseStatus()): groovy.lang.MissingPropertyException: No such property: printtestCaseContext for class: TestListener
	at TestListener.sampleAfterTestCase(TestListener.groovy:45)
	at TestListener.invokeMethod(TestListener.groovy)
	at com.kms.katalon.core.context.internal.TestHooker.invokeMethod(TestHooker.java:111)
	at com.kms.katalon.core.context.internal.TestHooker.lambda$3(TestHooker.java:95)
	at com.kms.katalon.core.context.internal.TestHooker.invokeContextMethods(TestHooker.java:94)
	at com.kms.katalon.core.context.internal.TestListenerCollector.lambda$3(TestListenerCollector.java:88)
	at com.kms.katalon.core.context.internal.TestListenerCollector.handleListenerEvent(TestListenerCollector.java:85)
	at com.kms.katalon.core.context.internal.ExecutionEventManager.publicEvent(ExecutionEventManager.java:36)
	at com.kms.katalon.core.main.TestCaseExecutor.execute(TestCaseExecutor.java:315)
	at com.kms.katalon.core.common.CommonExecutor.accessTestCaseMainPhase(CommonExecutor.java:65)
	at com.kms.katalon.core.main.TestSuiteExecutor.accessTestSuiteMainPhase(TestSuiteExecutor.java:151)
	at com.kms.katalon.core.main.TestSuiteExecutor.execute(TestSuiteExecutor.java:106)
	at com.kms.katalon.core.main.TestCaseMain.startTestSuite(TestCaseMain.java:185)
	at com.kms.katalon.core.main.TestCaseMain$startTestSuite$0.call(Unknown Source)
	at TempTestSuite1677690298865.run(TempTestSuite1677690298865.groovy:36)


2023-03-01 18:11:09 - [MESSAGE][ERROR] - groovy.lang.MissingPropertyException: No such property: printtestCaseContext for class: TestListener
	at TestListener.sampleAfterTestCase(TestListener.groovy:45)
	at TestListener.invokeMethod(TestListener.groovy)
	at com.kms.katalon.core.context.internal.TestHooker.invokeMethod(TestHooker.java:111)
	at com.kms.katalon.core.context.internal.TestHooker.lambda$3(TestHooker.java:95)
	at com.kms.katalon.core.context.internal.TestHooker.invokeContextMethods(TestHooker.java:94)
	at com.kms.katalon.core.context.internal.TestListenerCollector.lambda$3(TestListenerCollector.java:88)
	at com.kms.katalon.core.context.internal.TestListenerCollector.handleListenerEvent(TestListenerCollector.java:85)
	at com.kms.katalon.core.context.internal.ExecutionEventManager.publicEvent(ExecutionEventManager.java:36)
	at com.kms.katalon.core.main.TestCaseExecutor.execute(TestCaseExecutor.java:315)
	at com.kms.katalon.core.common.CommonExecutor.accessTestCaseMainPhase(CommonExecutor.java:65)
	at com.kms.katalon.core.main.TestSuiteExecutor.accessTestSuiteMainPhase(TestSuiteExecutor.java:151)
	at com.kms.katalon.core.main.TestSuiteExecutor.execute(TestSuiteExecutor.java:106)
	at com.kms.katalon.core.main.TestCaseMain.startTestSuite(TestCaseMain.java:185)
	at com.kms.katalon.core.main.TestCaseMain$startTestSuite$0.call(Unknown Source)
	at TempTestSuite1677690298865.run(TempTestSuite1677690298865.groovy:36)]]></system-out>
         <system-err><![CDATA[]]></system-err>
      </testcase>
      <testcase name="Test Cases/Admin Page/Nationalities/Edit Nationality" time="32.838" classname="Test Cases/Admin Page/Nationalities/Edit Nationality" status="PASSED">
         <system-out><![CDATA[2023-03-01 18:11:09 - [TEST_CASE][PASSED] - Test Cases/Admin Page/Nationalities/Edit Nationality: Test Cases/Admin Page/Nationalities/Edit Nationality

2023-03-01 18:11:09 - [TEST_STEP][PASSED] - Start listener action : sampleBeforeTestCase: Current window maximized

2023-03-01 18:11:09 - [TEST_STEP][PASSED] - println(testCaseContext.getTestCaseId()): null

2023-03-01 18:11:09 - [TEST_STEP][PASSED] - println(testCaseContext.getTestCaseVariables()): null

2023-03-01 18:11:09 - [TEST_STEP][PASSED] - openBrowser(baseURL): Browser is opened with url: 'https://opensource-demo.orangehrmlive.com/web/index.php/auth/login'

2023-03-01 18:11:09 - [MESSAGE][WARNING] - A browser is already opened. Closing browser and opening a new one

2023-03-01 18:11:11 - [MESSAGE][INFO] - Starting 'Firefox' driver

2023-03-01 18:11:11 - [MESSAGE][INFO] - Action delay is set to 1,000 milliseconds

2023-03-01 18:11:18 - [MESSAGE][PASSED] - Browser is opened with url: 'https://opensource-demo.orangehrmlive.com/web/index.php/auth/login'

2023-03-01 18:11:18 - [TEST_STEP][PASSED] - maximizeWindow(): Current window maximized

2023-03-01 18:11:18 - [MESSAGE][PASSED] - Current window maximized

2023-03-01 18:11:18 - [TEST_STEP][PASSED] - Start setup action : setupTestCase: Method 'setupTestCase' complete successfully

2023-03-01 18:11:18 - [TEST_STEP][PASSED] - orange.keywords.userLogin(findTestObject("Login Page/textbox_Username"), username, findTestObject("Login Page/textbox_Password"), password, findTestObject("Login Page/button_Login")): orange.keywords.userLogin is PASSED

2023-03-01 18:11:25 - [MESSAGE][PASSED] - orange.keywords.userLogin is PASSED

2023-03-01 18:11:25 - [MESSAGE][PASSED] - Method 'setupTestCase' complete successfully

2023-03-01 18:11:26 - [TEST_STEP][PASSED] - click(findTestObject("Navigation Sidebar/a_Admin")): Object: 'Object Repository/Navigation Sidebar/a_Admin' is clicked on

2023-03-01 18:11:28 - [MESSAGE][PASSED] - Object: 'Object Repository/Navigation Sidebar/a_Admin' is clicked on

2023-03-01 18:11:28 - [TEST_STEP][PASSED] - click(findTestObject("Admin Page/Nationalities/li_Nationalities")): Object: 'Object Repository/Admin Page/Nationalities/li_Nationalities' is clicked on

2023-03-01 18:11:31 - [MESSAGE][PASSED] - Object: 'Object Repository/Admin Page/Nationalities/li_Nationalities' is clicked on

2023-03-01 18:11:31 - [TEST_STEP][PASSED] - click(findTestObject("Admin Page/Nationalities/button_Edit")): Object: 'Object Repository/Admin Page/Nationalities/button_Edit' is clicked on

2023-03-01 18:11:35 - [MESSAGE][PASSED] - Object: 'Object Repository/Admin Page/Nationalities/button_Edit' is clicked on

2023-03-01 18:11:35 - [TEST_STEP][PASSED] - sendKeys(findTestObject("Admin Page/Qualifications/Skills/textbox_Username"), Keys.chord(CONTROL, "a")): Keys 'CONTROL + a' sent to object: 'Object Repository/Admin Page/Qualifications/Skills/textbox_Username'

2023-03-01 18:11:37 - [MESSAGE][PASSED] - Keys 'CONTROL + a' sent to object: 'Object Repository/Admin Page/Qualifications/Skills/textbox_Username'

2023-03-01 18:11:37 - [TEST_STEP][PASSED] - sendKeys(findTestObject("Admin Page/Qualifications/Skills/textbox_Username_selected"), edited_nationality): Keys 'Austrian-Automation' sent to object: 'Object Repository/Admin Page/Qualifications/Skills/textbox_Username_selected'

2023-03-01 18:11:39 - [MESSAGE][PASSED] - Keys 'Austrian-Automation' sent to object: 'Object Repository/Admin Page/Qualifications/Skills/textbox_Username_selected'

2023-03-01 18:11:39 - [TEST_STEP][PASSED] - click(findTestObject("Admin Page/Qualifications/Skills/button_Save")): Object: 'Object Repository/Admin Page/Qualifications/Skills/button_Save' is clicked on

2023-03-01 18:11:41 - [MESSAGE][PASSED] - Object: 'Object Repository/Admin Page/Qualifications/Skills/button_Save' is clicked on

2023-03-01 18:11:41 - [TEST_STEP][PASSED] - waitForElementPresent(findTestObject("Confirmation messages/message_SuccessSuccessfullyUpdated"), 10): Object 'Object Repository/Confirmation messages/message_SuccessSuccessfullyUpdated' is present

2023-03-01 18:11:41 - [MESSAGE][PASSED] - Object 'Object Repository/Confirmation messages/message_SuccessSuccessfullyUpdated' is present

2023-03-01 18:11:41 - [TEST_STEP][PASSED] - verifyElementPresent(findTestObject("Confirmation messages/message_SuccessSuccessfullyUpdated"), 10): Object 'Object Repository/Confirmation messages/message_SuccessSuccessfullyUpdated' is present

2023-03-01 18:11:42 - [MESSAGE][PASSED] - Object 'Object Repository/Confirmation messages/message_SuccessSuccessfullyUpdated' is present

2023-03-01 18:11:42 - [TEST_STEP][ERROR] - Start listener action : sampleAfterTestCase: groovy.lang.MissingPropertyException: No such property: printtestCaseContext for class: TestListener
	at TestListener.sampleAfterTestCase(TestListener.groovy:45)
	at TestListener.invokeMethod(TestListener.groovy)
	at com.kms.katalon.core.context.internal.TestHooker.invokeMethod(TestHooker.java:111)
	at com.kms.katalon.core.context.internal.TestHooker.lambda$3(TestHooker.java:95)
	at com.kms.katalon.core.context.internal.TestHooker.invokeContextMethods(TestHooker.java:94)
	at com.kms.katalon.core.context.internal.TestListenerCollector.lambda$3(TestListenerCollector.java:88)
	at com.kms.katalon.core.context.internal.TestListenerCollector.handleListenerEvent(TestListenerCollector.java:85)
	at com.kms.katalon.core.context.internal.ExecutionEventManager.publicEvent(ExecutionEventManager.java:36)
	at com.kms.katalon.core.main.TestCaseExecutor.execute(TestCaseExecutor.java:315)
	at com.kms.katalon.core.common.CommonExecutor.accessTestCaseMainPhase(CommonExecutor.java:65)
	at com.kms.katalon.core.main.TestSuiteExecutor.accessTestSuiteMainPhase(TestSuiteExecutor.java:151)
	at com.kms.katalon.core.main.TestSuiteExecutor.execute(TestSuiteExecutor.java:106)
	at com.kms.katalon.core.main.TestCaseMain.startTestSuite(TestCaseMain.java:185)
	at com.kms.katalon.core.main.TestCaseMain$startTestSuite$0.call(Unknown Source)
	at TempTestSuite1677690298865.run(TempTestSuite1677690298865.groovy:36)


2023-03-01 18:11:42 - [TEST_STEP][PASSED] - println(testCaseContext.getTestCaseId() + " - "): null

2023-03-01 18:11:42 - [TEST_STEP][ERROR] - println(printtestCaseContext.getTestCaseStatus()): groovy.lang.MissingPropertyException: No such property: printtestCaseContext for class: TestListener
	at TestListener.sampleAfterTestCase(TestListener.groovy:45)
	at TestListener.invokeMethod(TestListener.groovy)
	at com.kms.katalon.core.context.internal.TestHooker.invokeMethod(TestHooker.java:111)
	at com.kms.katalon.core.context.internal.TestHooker.lambda$3(TestHooker.java:95)
	at com.kms.katalon.core.context.internal.TestHooker.invokeContextMethods(TestHooker.java:94)
	at com.kms.katalon.core.context.internal.TestListenerCollector.lambda$3(TestListenerCollector.java:88)
	at com.kms.katalon.core.context.internal.TestListenerCollector.handleListenerEvent(TestListenerCollector.java:85)
	at com.kms.katalon.core.context.internal.ExecutionEventManager.publicEvent(ExecutionEventManager.java:36)
	at com.kms.katalon.core.main.TestCaseExecutor.execute(TestCaseExecutor.java:315)
	at com.kms.katalon.core.common.CommonExecutor.accessTestCaseMainPhase(CommonExecutor.java:65)
	at com.kms.katalon.core.main.TestSuiteExecutor.accessTestSuiteMainPhase(TestSuiteExecutor.java:151)
	at com.kms.katalon.core.main.TestSuiteExecutor.execute(TestSuiteExecutor.java:106)
	at com.kms.katalon.core.main.TestCaseMain.startTestSuite(TestCaseMain.java:185)
	at com.kms.katalon.core.main.TestCaseMain$startTestSuite$0.call(Unknown Source)
	at TempTestSuite1677690298865.run(TempTestSuite1677690298865.groovy:36)


2023-03-01 18:11:42 - [MESSAGE][ERROR] - groovy.lang.MissingPropertyException: No such property: printtestCaseContext for class: TestListener
	at TestListener.sampleAfterTestCase(TestListener.groovy:45)
	at TestListener.invokeMethod(TestListener.groovy)
	at com.kms.katalon.core.context.internal.TestHooker.invokeMethod(TestHooker.java:111)
	at com.kms.katalon.core.context.internal.TestHooker.lambda$3(TestHooker.java:95)
	at com.kms.katalon.core.context.internal.TestHooker.invokeContextMethods(TestHooker.java:94)
	at com.kms.katalon.core.context.internal.TestListenerCollector.lambda$3(TestListenerCollector.java:88)
	at com.kms.katalon.core.context.internal.TestListenerCollector.handleListenerEvent(TestListenerCollector.java:85)
	at com.kms.katalon.core.context.internal.ExecutionEventManager.publicEvent(ExecutionEventManager.java:36)
	at com.kms.katalon.core.main.TestCaseExecutor.execute(TestCaseExecutor.java:315)
	at com.kms.katalon.core.common.CommonExecutor.accessTestCaseMainPhase(CommonExecutor.java:65)
	at com.kms.katalon.core.main.TestSuiteExecutor.accessTestSuiteMainPhase(TestSuiteExecutor.java:151)
	at com.kms.katalon.core.main.TestSuiteExecutor.execute(TestSuiteExecutor.java:106)
	at com.kms.katalon.core.main.TestCaseMain.startTestSuite(TestCaseMain.java:185)
	at com.kms.katalon.core.main.TestCaseMain$startTestSuite$0.call(Unknown Source)
	at TempTestSuite1677690298865.run(TempTestSuite1677690298865.groovy:36)]]></system-out>
         <system-err><![CDATA[]]></system-err>
      </testcase>
      <testcase name="Test Cases/Admin Page/Nationalities/Delete Nationality" time="28.331" classname="Test Cases/Admin Page/Nationalities/Delete Nationality" status="PASSED">
         <system-out><![CDATA[2023-03-01 18:11:42 - [TEST_CASE][PASSED] - Test Cases/Admin Page/Nationalities/Delete Nationality: Test Cases/Admin Page/Nationalities/Delete Nationality

2023-03-01 18:11:42 - [TEST_STEP][PASSED] - Start listener action : sampleBeforeTestCase: Current window maximized

2023-03-01 18:11:42 - [TEST_STEP][PASSED] - println(testCaseContext.getTestCaseId()): null

2023-03-01 18:11:42 - [TEST_STEP][PASSED] - println(testCaseContext.getTestCaseVariables()): null

2023-03-01 18:11:42 - [TEST_STEP][PASSED] - openBrowser(baseURL): Browser is opened with url: 'https://opensource-demo.orangehrmlive.com/web/index.php/auth/login'

2023-03-01 18:11:42 - [MESSAGE][WARNING] - A browser is already opened. Closing browser and opening a new one

2023-03-01 18:11:44 - [MESSAGE][INFO] - Starting 'Firefox' driver

2023-03-01 18:11:44 - [MESSAGE][INFO] - Action delay is set to 1,000 milliseconds

2023-03-01 18:11:51 - [MESSAGE][PASSED] - Browser is opened with url: 'https://opensource-demo.orangehrmlive.com/web/index.php/auth/login'

2023-03-01 18:11:51 - [TEST_STEP][PASSED] - maximizeWindow(): Current window maximized

2023-03-01 18:11:51 - [MESSAGE][PASSED] - Current window maximized

2023-03-01 18:11:51 - [TEST_STEP][PASSED] - Start setup action : setupTestCase: Method 'setupTestCase' complete successfully

2023-03-01 18:11:51 - [TEST_STEP][PASSED] - orange.keywords.userLogin(findTestObject("Login Page/textbox_Username"), username, findTestObject("Login Page/textbox_Password"), password, findTestObject("Login Page/button_Login")): orange.keywords.userLogin is PASSED

2023-03-01 18:11:57 - [MESSAGE][PASSED] - orange.keywords.userLogin is PASSED

2023-03-01 18:11:57 - [MESSAGE][PASSED] - Method 'setupTestCase' complete successfully

2023-03-01 18:11:59 - [TEST_STEP][PASSED] - click(findTestObject("Navigation Sidebar/a_Admin")): Object: 'Object Repository/Navigation Sidebar/a_Admin' is clicked on

2023-03-01 18:12:01 - [MESSAGE][PASSED] - Object: 'Object Repository/Navigation Sidebar/a_Admin' is clicked on

2023-03-01 18:12:01 - [TEST_STEP][PASSED] - click(findTestObject("Admin Page/Nationalities/li_Nationalities")): Object: 'Object Repository/Admin Page/Nationalities/li_Nationalities' is clicked on

2023-03-01 18:12:04 - [MESSAGE][PASSED] - Object: 'Object Repository/Admin Page/Nationalities/li_Nationalities' is clicked on

2023-03-01 18:12:04 - [TEST_STEP][PASSED] - click(findTestObject("Admin Page/Nationalities/button_Delete")): Object: 'Object Repository/Admin Page/Nationalities/button_Delete' is clicked on

2023-03-01 18:12:07 - [MESSAGE][PASSED] - Object: 'Object Repository/Admin Page/Nationalities/button_Delete' is clicked on

2023-03-01 18:12:07 - [TEST_STEP][PASSED] - click(findTestObject("Admin Page/Qualifications/Languages/button_Yes, Delete")): Object: 'Object Repository/Admin Page/Qualifications/Languages/button_Yes, Delete' is clicked on

2023-03-01 18:12:09 - [MESSAGE][PASSED] - Object: 'Object Repository/Admin Page/Qualifications/Languages/button_Yes, Delete' is clicked on

2023-03-01 18:12:09 - [TEST_STEP][PASSED] - waitForElementPresent(findTestObject("Confirmation messages/message_SuccessSuccessfullyDeleted"), 10): Object 'Object Repository/Confirmation messages/message_SuccessSuccessfullyDeleted' is present

2023-03-01 18:12:09 - [MESSAGE][PASSED] - Object 'Object Repository/Confirmation messages/message_SuccessSuccessfullyDeleted' is present

2023-03-01 18:12:09 - [TEST_STEP][PASSED] - verifyElementPresent(findTestObject("Confirmation messages/message_SuccessSuccessfullyDeleted"), 10): Object 'Object Repository/Confirmation messages/message_SuccessSuccessfullyDeleted' is present

2023-03-01 18:12:10 - [MESSAGE][PASSED] - Object 'Object Repository/Confirmation messages/message_SuccessSuccessfullyDeleted' is present

2023-03-01 18:12:10 - [TEST_STEP][ERROR] - Start listener action : sampleAfterTestCase: groovy.lang.MissingPropertyException: No such property: printtestCaseContext for class: TestListener
	at TestListener.sampleAfterTestCase(TestListener.groovy:45)
	at TestListener.invokeMethod(TestListener.groovy)
	at com.kms.katalon.core.context.internal.TestHooker.invokeMethod(TestHooker.java:111)
	at com.kms.katalon.core.context.internal.TestHooker.lambda$3(TestHooker.java:95)
	at com.kms.katalon.core.context.internal.TestHooker.invokeContextMethods(TestHooker.java:94)
	at com.kms.katalon.core.context.internal.TestListenerCollector.lambda$3(TestListenerCollector.java:88)
	at com.kms.katalon.core.context.internal.TestListenerCollector.handleListenerEvent(TestListenerCollector.java:85)
	at com.kms.katalon.core.context.internal.ExecutionEventManager.publicEvent(ExecutionEventManager.java:36)
	at com.kms.katalon.core.main.TestCaseExecutor.execute(TestCaseExecutor.java:315)
	at com.kms.katalon.core.common.CommonExecutor.accessTestCaseMainPhase(CommonExecutor.java:65)
	at com.kms.katalon.core.main.TestSuiteExecutor.accessTestSuiteMainPhase(TestSuiteExecutor.java:151)
	at com.kms.katalon.core.main.TestSuiteExecutor.execute(TestSuiteExecutor.java:106)
	at com.kms.katalon.core.main.TestCaseMain.startTestSuite(TestCaseMain.java:185)
	at com.kms.katalon.core.main.TestCaseMain$startTestSuite$0.call(Unknown Source)
	at TempTestSuite1677690298865.run(TempTestSuite1677690298865.groovy:36)


2023-03-01 18:12:10 - [TEST_STEP][PASSED] - println(testCaseContext.getTestCaseId() + " - "): null

2023-03-01 18:12:10 - [TEST_STEP][ERROR] - println(printtestCaseContext.getTestCaseStatus()): groovy.lang.MissingPropertyException: No such property: printtestCaseContext for class: TestListener
	at TestListener.sampleAfterTestCase(TestListener.groovy:45)
	at TestListener.invokeMethod(TestListener.groovy)
	at com.kms.katalon.core.context.internal.TestHooker.invokeMethod(TestHooker.java:111)
	at com.kms.katalon.core.context.internal.TestHooker.lambda$3(TestHooker.java:95)
	at com.kms.katalon.core.context.internal.TestHooker.invokeContextMethods(TestHooker.java:94)
	at com.kms.katalon.core.context.internal.TestListenerCollector.lambda$3(TestListenerCollector.java:88)
	at com.kms.katalon.core.context.internal.TestListenerCollector.handleListenerEvent(TestListenerCollector.java:85)
	at com.kms.katalon.core.context.internal.ExecutionEventManager.publicEvent(ExecutionEventManager.java:36)
	at com.kms.katalon.core.main.TestCaseExecutor.execute(TestCaseExecutor.java:315)
	at com.kms.katalon.core.common.CommonExecutor.accessTestCaseMainPhase(CommonExecutor.java:65)
	at com.kms.katalon.core.main.TestSuiteExecutor.accessTestSuiteMainPhase(TestSuiteExecutor.java:151)
	at com.kms.katalon.core.main.TestSuiteExecutor.execute(TestSuiteExecutor.java:106)
	at com.kms.katalon.core.main.TestCaseMain.startTestSuite(TestCaseMain.java:185)
	at com.kms.katalon.core.main.TestCaseMain$startTestSuite$0.call(Unknown Source)
	at TempTestSuite1677690298865.run(TempTestSuite1677690298865.groovy:36)


2023-03-01 18:12:10 - [MESSAGE][ERROR] - groovy.lang.MissingPropertyException: No such property: printtestCaseContext for class: TestListener
	at TestListener.sampleAfterTestCase(TestListener.groovy:45)
	at TestListener.invokeMethod(TestListener.groovy)
	at com.kms.katalon.core.context.internal.TestHooker.invokeMethod(TestHooker.java:111)
	at com.kms.katalon.core.context.internal.TestHooker.lambda$3(TestHooker.java:95)
	at com.kms.katalon.core.context.internal.TestHooker.invokeContextMethods(TestHooker.java:94)
	at com.kms.katalon.core.context.internal.TestListenerCollector.lambda$3(TestListenerCollector.java:88)
	at com.kms.katalon.core.context.internal.TestListenerCollector.handleListenerEvent(TestListenerCollector.java:85)
	at com.kms.katalon.core.context.internal.ExecutionEventManager.publicEvent(ExecutionEventManager.java:36)
	at com.kms.katalon.core.main.TestCaseExecutor.execute(TestCaseExecutor.java:315)
	at com.kms.katalon.core.common.CommonExecutor.accessTestCaseMainPhase(CommonExecutor.java:65)
	at com.kms.katalon.core.main.TestSuiteExecutor.accessTestSuiteMainPhase(TestSuiteExecutor.java:151)
	at com.kms.katalon.core.main.TestSuiteExecutor.execute(TestSuiteExecutor.java:106)
	at com.kms.katalon.core.main.TestCaseMain.startTestSuite(TestCaseMain.java:185)
	at com.kms.katalon.core.main.TestCaseMain$startTestSuite$0.call(Unknown Source)
	at TempTestSuite1677690298865.run(TempTestSuite1677690298865.groovy:36)]]></system-out>
         <system-err><![CDATA[]]></system-err>
      </testcase>
      <system-out><![CDATA[2023-03-01 18:10:38 - [TEST_SUITE][PASSED] - Nationalities Suite: Test Cases/Admin Page/Nationalities/Delete Nationality]]></system-out>
      <system-err><![CDATA[]]></system-err>
   </testsuite>
</testsuites>
