<?xml version="1.0" encoding="UTF-8"?>
<testsuites name="Login Test Suite" time="56.011" tests="5" failures="0" errors="0">
   <testsuite name="Login Test Suite" tests="5" failures="0" errors="0" time="56.011" skipped="0" timestamp="2023-01-25 09:56:48" hostname="PC - DESKTOP-BHVHH8C" id="Test Suites/Login Test Suite">
      <properties>
         <property name="deviceName" value=""/>
         <property name="devicePlatform" value=""/>
         <property name="logFolder" value="C:\\Users\\PC\\git\\Orange Web Test Automation\\Reports\\20230125_095632\\Login Test Suite\\20230125_095633"/>
         <property name="logFiles" value="C:\\Users\\PC\\git\\Orange Web Test Automation\\Reports\\20230125_095632\\Login Test Suite\\20230125_095633\\execution0.log"/>
         <property name="attachments" value=""/>
         <property name="hostName" value="PC - DESKTOP-BHVHH8C"/>
         <property name="os" value="Windows 10 64bit"/>
         <property name="katalonVersion" value="8.5.5.208"/>
         <property name="browser" value="Chrome 109.0.0.0"/>
         <property name="hostAddress" value="192.168.88.235"/>
         <property name="sessionId" value="1fbbce519ed8e23dc0b609c96427bd7e"/>
         <property name="seleniumVersion" value="3.141.59"/>
         <property name="proxyInformation" value="ProxyInformation { proxyOption=NO_PROXY, proxyServerType=HTTP, username=, password=********, proxyServerAddress=, proxyServerPort=0, executionList=&quot;&quot;, isApplyToDesiredCapabilities=true }"/>
         <property name="platform" value="Windows 10"/>
      </properties>
      <testcase name="Test Cases/Login/Successfull login attempt" time="14.073" classname="Test Cases/Login/Successfull login attempt" status="PASSED">
         <system-out><![CDATA[2023-01-25 09:56:49 - [TEST_CASE][PASSED] - Test Cases/Login/Successfull login attempt: Test Cases/Login/Successfull login attempt

2023-01-25 09:56:49 - [TEST_STEP][PASSED] - openBrowser(baseURL): Browser is opened with url: 'https://opensource-demo.orangehrmlive.com/web/index.php/auth/login'

2023-01-25 09:56:49 - [MESSAGE][INFO] - Starting 'Chrome' driver

2023-01-25 09:56:49 - [MESSAGE][INFO] - Action delay is set to 1,000 milliseconds

2023-01-25 09:56:53 - [MESSAGE][PASSED] - Browser is opened with url: 'https://opensource-demo.orangehrmlive.com/web/index.php/auth/login'

2023-01-25 09:56:53 - [TEST_STEP][PASSED] - maximizeWindow(): Current window maximized

2023-01-25 09:56:53 - [MESSAGE][PASSED] - Current window maximized

2023-01-25 09:56:53 - [TEST_STEP][PASSED] - sendKeys(findTestObject("Login Papge/textbox_Username"), "Admin"): Keys 'Admin' sent to object: 'Object Repository/Login Papge/textbox_Username'

2023-01-25 09:56:55 - [MESSAGE][PASSED] - Keys 'Admin' sent to object: 'Object Repository/Login Papge/textbox_Username'

2023-01-25 09:56:55 - [TEST_STEP][PASSED] - setEncryptedText(findTestObject("Login Papge/textbox_Password"), "hUKwJTbofgPU9eVlw/CnDQ=="): Text ****** has been set on object 'Object Repository/Login Papge/textbox_Password'

2023-01-25 09:56:58 - [MESSAGE][PASSED] - Text ****** has been set on object 'Object Repository/Login Papge/textbox_Password'

2023-01-25 09:56:58 - [TEST_STEP][PASSED] - click(findTestObject("Login Papge/button_Login")): Object: 'Object Repository/Login Papge/button_Login' is clicked on

2023-01-25 09:57:00 - [MESSAGE][PASSED] - Object: 'Object Repository/Login Papge/button_Login' is clicked on

2023-01-25 09:57:00 - [TEST_STEP][PASSED] - verifyElementPresent(findTestObject("Home Page/dropdown_user_profile"), 10): Object 'Object Repository/Home Page/dropdown_user_profile' is present

2023-01-25 09:57:02 - [MESSAGE][PASSED] - Object 'Object Repository/Home Page/dropdown_user_profile' is present

2023-01-25 09:57:02 - [TEST_STEP][PASSED] - closeBrowser(): Browser is closed

2023-01-25 09:57:03 - [MESSAGE][PASSED] - Browser is closed]]></system-out>
         <system-err><![CDATA[]]></system-err>
      </testcase>
      <testcase name="Test Cases/Login/Unsuccessfull login attempt" time="12.613" classname="Test Cases/Login/Unsuccessfull login attempt" status="PASSED">
         <system-out><![CDATA[2023-01-25 09:57:03 - [TEST_CASE][PASSED] - Test Cases/Login/Unsuccessfull login attempt: Test Cases/Login/Unsuccessfull login attempt

2023-01-25 09:57:03 - [TEST_STEP][PASSED] - openBrowser(baseURL): Browser is opened with url: 'https://opensource-demo.orangehrmlive.com/web/index.php/auth/login'

2023-01-25 09:57:03 - [MESSAGE][INFO] - Starting 'Chrome' driver

2023-01-25 09:57:03 - [MESSAGE][INFO] - Action delay is set to 1,000 milliseconds

2023-01-25 09:57:07 - [MESSAGE][PASSED] - Browser is opened with url: 'https://opensource-demo.orangehrmlive.com/web/index.php/auth/login'

2023-01-25 09:57:07 - [TEST_STEP][PASSED] - maximizeWindow(): Current window maximized

2023-01-25 09:57:07 - [MESSAGE][PASSED] - Current window maximized

2023-01-25 09:57:07 - [TEST_STEP][PASSED] - sendKeys(findTestObject("Login Papge/textbox_Username"), "Admin"): Keys 'Admin' sent to object: 'Object Repository/Login Papge/textbox_Username'

2023-01-25 09:57:09 - [MESSAGE][PASSED] - Keys 'Admin' sent to object: 'Object Repository/Login Papge/textbox_Username'

2023-01-25 09:57:09 - [TEST_STEP][PASSED] - setEncryptedText(findTestObject("Login Papge/textbox_Password"), "1bcgBUi0Tj/gc3uc61HAVQ=="): Text ****** has been set on object 'Object Repository/Login Papge/textbox_Password'

2023-01-25 09:57:12 - [MESSAGE][PASSED] - Text ****** has been set on object 'Object Repository/Login Papge/textbox_Password'

2023-01-25 09:57:12 - [TEST_STEP][PASSED] - click(findTestObject("Login Papge/button_Login")): Object: 'Object Repository/Login Papge/button_Login' is clicked on

2023-01-25 09:57:14 - [MESSAGE][PASSED] - Object: 'Object Repository/Login Papge/button_Login' is clicked on

2023-01-25 09:57:14 - [TEST_STEP][PASSED] - verifyElementPresent(findTestObject("Login Papge/message_Invalid credentials"), 10): Object 'Object Repository/Login Papge/message_Invalid credentials' is present

2023-01-25 09:57:15 - [MESSAGE][PASSED] - Object 'Object Repository/Login Papge/message_Invalid credentials' is present

2023-01-25 09:57:15 - [TEST_STEP][PASSED] - closeBrowser(): Browser is closed

2023-01-25 09:57:15 - [MESSAGE][PASSED] - Browser is closed]]></system-out>
         <system-err><![CDATA[]]></system-err>
      </testcase>
      <testcase name="Test Cases/Login/Reset User Password" time="11.075" classname="Test Cases/Login/Reset User Password" status="PASSED">
         <system-out><![CDATA[2023-01-25 09:57:15 - [TEST_CASE][PASSED] - Test Cases/Login/Reset User Password: Test Cases/Login/Reset User Password

2023-01-25 09:57:16 - [TEST_STEP][PASSED] - openBrowser(baseURL): Browser is opened with url: 'https://opensource-demo.orangehrmlive.com/web/index.php/auth/login'

2023-01-25 09:57:16 - [MESSAGE][INFO] - Starting 'Chrome' driver

2023-01-25 09:57:16 - [MESSAGE][INFO] - Action delay is set to 1,000 milliseconds

2023-01-25 09:57:19 - [MESSAGE][PASSED] - Browser is opened with url: 'https://opensource-demo.orangehrmlive.com/web/index.php/auth/login'

2023-01-25 09:57:19 - [TEST_STEP][PASSED] - maximizeWindow(): Current window maximized

2023-01-25 09:57:19 - [MESSAGE][PASSED] - Current window maximized

2023-01-25 09:57:19 - [TEST_STEP][PASSED] - click(findTestObject("Login Papge/link_Forgot your password")): Object: 'Object Repository/Login Papge/link_Forgot your password' is clicked on

2023-01-25 09:57:21 - [MESSAGE][PASSED] - Object: 'Object Repository/Login Papge/link_Forgot your password' is clicked on

2023-01-25 09:57:21 - [TEST_STEP][PASSED] - sendKeys(findTestObject("Reset Password Page/textbox_Username"), "Admin"): Keys 'Admin' sent to object: 'Object Repository/Reset Password Page/textbox_Username'

2023-01-25 09:57:23 - [MESSAGE][PASSED] - Keys 'Admin' sent to object: 'Object Repository/Reset Password Page/textbox_Username'

2023-01-25 09:57:23 - [TEST_STEP][PASSED] - click(findTestObject("Reset Password Page/button_Reset Password")): Object: 'Object Repository/Reset Password Page/button_Reset Password' is clicked on

2023-01-25 09:57:24 - [MESSAGE][PASSED] - Object: 'Object Repository/Reset Password Page/button_Reset Password' is clicked on

2023-01-25 09:57:24 - [TEST_STEP][PASSED] - verifyElementText(findTestObject("Reset Password Page/title_Reset Password link sent successfully"), "Reset Password link sent successfully"): Actual text and expected text of test object 'Object Repository/Reset Password Page/title_Reset Password link sent successfully' are matched.

2023-01-25 09:57:26 - [MESSAGE][PASSED] - Actual text and expected text of test object 'Object Repository/Reset Password Page/title_Reset Password link sent successfully' are matched.

2023-01-25 09:57:26 - [TEST_STEP][PASSED] - closeBrowser(): Browser is closed

2023-01-25 09:57:26 - [MESSAGE][PASSED] - Browser is closed]]></system-out>
         <system-err><![CDATA[]]></system-err>
      </testcase>
      <testcase name="Test Cases/Login/Cancel Reset User Password" time="11.389" classname="Test Cases/Login/Cancel Reset User Password" status="PASSED">
         <system-out><![CDATA[2023-01-25 09:57:26 - [TEST_CASE][PASSED] - Test Cases/Login/Cancel Reset User Password: Test Cases/Login/Cancel Reset User Password

2023-01-25 09:57:27 - [TEST_STEP][PASSED] - openBrowser(baseURL): Browser is opened with url: 'https://opensource-demo.orangehrmlive.com/web/index.php/auth/login'

2023-01-25 09:57:27 - [MESSAGE][INFO] - Starting 'Chrome' driver

2023-01-25 09:57:27 - [MESSAGE][INFO] - Action delay is set to 1,000 milliseconds

2023-01-25 09:57:30 - [MESSAGE][PASSED] - Browser is opened with url: 'https://opensource-demo.orangehrmlive.com/web/index.php/auth/login'

2023-01-25 09:57:30 - [TEST_STEP][PASSED] - maximizeWindow(): Current window maximized

2023-01-25 09:57:30 - [MESSAGE][PASSED] - Current window maximized

2023-01-25 09:57:30 - [TEST_STEP][PASSED] - click(findTestObject("Login Papge/link_Forgot your password")): Object: 'Object Repository/Login Papge/link_Forgot your password' is clicked on

2023-01-25 09:57:32 - [MESSAGE][PASSED] - Object: 'Object Repository/Login Papge/link_Forgot your password' is clicked on

2023-01-25 09:57:32 - [TEST_STEP][PASSED] - sendKeys(findTestObject("Reset Password Page/textbox_Username"), "Admin"): Keys 'Admin' sent to object: 'Object Repository/Reset Password Page/textbox_Username'

2023-01-25 09:57:34 - [MESSAGE][PASSED] - Keys 'Admin' sent to object: 'Object Repository/Reset Password Page/textbox_Username'

2023-01-25 09:57:34 - [TEST_STEP][PASSED] - click(findTestObject("Reset Password Page/button_Cancel")): Object: 'Object Repository/Reset Password Page/button_Cancel' is clicked on

2023-01-25 09:57:35 - [MESSAGE][PASSED] - Object: 'Object Repository/Reset Password Page/button_Cancel' is clicked on

2023-01-25 09:57:35 - [TEST_STEP][PASSED] - verifyElementPresent(findTestObject("Login Papge/textbox_Username"), 10): Object 'Object Repository/Login Papge/textbox_Username' is present

2023-01-25 09:57:36 - [MESSAGE][PASSED] - Object 'Object Repository/Login Papge/textbox_Username' is present

2023-01-25 09:57:36 - [TEST_STEP][PASSED] - verifyElementPresent(findTestObject("Login Papge/textbox_Password"), 10): Object 'Object Repository/Login Papge/textbox_Password' is present

2023-01-25 09:57:37 - [MESSAGE][PASSED] - Object 'Object Repository/Login Papge/textbox_Password' is present

2023-01-25 09:57:37 - [TEST_STEP][PASSED] - verifyElementPresent(findTestObject("Login Papge/button_Login"), 10): Object 'Object Repository/Login Papge/button_Login' is present

2023-01-25 09:57:37 - [MESSAGE][PASSED] - Object 'Object Repository/Login Papge/button_Login' is present

2023-01-25 09:57:37 - [TEST_STEP][PASSED] - closeBrowser(): Browser is closed

2023-01-25 09:57:38 - [MESSAGE][PASSED] - Browser is closed]]></system-out>
         <system-err><![CDATA[]]></system-err>
      </testcase>
      <testcase name="Test Cases/Login/Social Media Links Verification" time="6.563" classname="Test Cases/Login/Social Media Links Verification" status="PASSED">
         <system-out><![CDATA[2023-01-25 09:57:38 - [TEST_CASE][PASSED] - Test Cases/Login/Social Media Links Verification: Test Cases/Login/Social Media Links Verification

2023-01-25 09:57:38 - [TEST_STEP][PASSED] - openBrowser(baseURL): Browser is opened with url: 'https://opensource-demo.orangehrmlive.com/web/index.php/auth/login'

2023-01-25 09:57:38 - [MESSAGE][INFO] - Starting 'Chrome' driver

2023-01-25 09:57:38 - [MESSAGE][INFO] - Action delay is set to 1,000 milliseconds

2023-01-25 09:57:41 - [MESSAGE][PASSED] - Browser is opened with url: 'https://opensource-demo.orangehrmlive.com/web/index.php/auth/login'

2023-01-25 09:57:41 - [TEST_STEP][PASSED] - maximizeWindow(): Current window maximized

2023-01-25 09:57:41 - [MESSAGE][PASSED] - Current window maximized

2023-01-25 09:57:41 - [TEST_STEP][PASSED] - waitForPageLoad(10): Wait for page load successfully

2023-01-25 09:57:42 - [MESSAGE][PASSED] - Wait for page load successfully

2023-01-25 09:57:42 - [TEST_STEP][PASSED] - verifyLinksAccessible(["https://www.facebook.com/OrangeHRM/", "https://twitter.com/orangehrm?lang=en", "https://www.youtube.com/c/OrangeHRMInc"]): All links are accessible

2023-01-25 09:57:43 - [MESSAGE][INFO] - HAR: C:\Users\PC\git\Orange Web Test Automation\Reports\20230125_095632\Login Test Suite\20230125_095633\requests\main\0.har

2023-01-25 09:57:43 - [MESSAGE][PASSED] - Send request successfully

2023-01-25 09:57:43 - [MESSAGE][INFO] - HAR: C:\Users\PC\git\Orange Web Test Automation\Reports\20230125_095632\Login Test Suite\20230125_095633\requests\main\1.har

2023-01-25 09:57:43 - [MESSAGE][PASSED] - Send request successfully

2023-01-25 09:57:44 - [MESSAGE][INFO] - HAR: C:\Users\PC\git\Orange Web Test Automation\Reports\20230125_095632\Login Test Suite\20230125_095633\requests\main\2.har

2023-01-25 09:57:44 - [MESSAGE][PASSED] - Send request successfully

2023-01-25 09:57:44 - [MESSAGE][PASSED] - All links are accessible

2023-01-25 09:57:44 - [TEST_STEP][PASSED] - closeBrowser(): Browser is closed

2023-01-25 09:57:44 - [MESSAGE][PASSED] - Browser is closed]]></system-out>
         <system-err><![CDATA[]]></system-err>
      </testcase>
      <system-out><![CDATA[2023-01-25 09:56:48 - [TEST_SUITE][PASSED] - Login Test Suite: Test Cases/Login/Social Media Links Verification]]></system-out>
      <system-err><![CDATA[]]></system-err>
   </testsuite>
</testsuites>
