<?xml version="1.0" encoding="UTF-8"?>
<testsuites name="Qualifications Dropdown Suite" time="444.878" tests="15" failures="0" errors="0">
   <testsuite name="Qualifications Dropdown Suite" tests="15" failures="0" errors="0" time="444.878" skipped="0" timestamp="2023-03-08 08:33:42" hostname="PC - DESKTOP-BHVHH8C" id="Test Suites/Qualifications Dropdown Suite">
      <properties>
         <property name="deviceName" value=""/>
         <property name="devicePlatform" value=""/>
         <property name="logFolder" value="C:\\Users\\PC\\git\\Orange Web Test Automation\\Reports\\20230308_083331\\Qualifications Dropdown Suite\\20230308_083334"/>
         <property name="logFiles" value="C:\\Users\\PC\\git\\Orange Web Test Automation\\Reports\\20230308_083331\\Qualifications Dropdown Suite\\20230308_083334\\execution0.log"/>
         <property name="attachments" value="keyes\keyes-Added Education.png, keyes\keyes-Language info.png, keyes\keyes-Language Added.png, keyes\keyes-License Info.png, keyes\keyes-Membership info.png, keyes\keyes-Added Skill Info.png"/>
         <property name="hostName" value="PC - DESKTOP-BHVHH8C"/>
         <property name="os" value="Windows 10 64bit"/>
         <property name="katalonVersion" value="8.5.5.208"/>
         <property name="browser" value="Chrome 110.0.0.0"/>
         <property name="hostAddress" value="192.168.88.97"/>
         <property name="sessionId" value="6eefce0aee0af870de05e2917b1a4817"/>
         <property name="seleniumVersion" value="3.141.59"/>
         <property name="proxyInformation" value="ProxyInformation { proxyOption=NO_PROXY, proxyServerType=HTTP, username=milanguzina84@gmail.com, password=********, proxyServerAddress=127.0.1, proxyServerPort=12701, executionList=&quot;&quot;, isApplyToDesiredCapabilities=false }"/>
         <property name="platform" value="Windows 10"/>
      </properties>
      <testcase name="Test Cases/Admin Page/Qualifications/Education/Add Education" time="33.65" classname="Test Cases/Admin Page/Qualifications/Education/Add Education" status="PASSED">
         <system-out><![CDATA[2023-03-08 08:33:42 - [TEST_CASE][PASSED] - Test Cases/Admin Page/Qualifications/Education/Add Education: Test Cases/Admin Page/Qualifications/Education/Add Education

2023-03-08 08:33:42 - [TEST_STEP][PASSED] - Start listener action : sampleBeforeTestCase: orange.keywords.userLogin is PASSED

2023-03-08 08:33:42 - [TEST_STEP][PASSED] - println(testCaseContext.getTestCaseId()): null

2023-03-08 08:33:42 - [TEST_STEP][PASSED] - println(testCaseContext.getTestCaseVariables()): null

2023-03-08 08:33:42 - [TEST_STEP][PASSED] - openBrowser(baseURL): Browser is opened with url: 'https://opensource-demo.orangehrmlive.com/web/index.php/auth/login'

2023-03-08 08:33:44 - [MESSAGE][INFO] - Starting 'Chrome' driver

2023-03-08 08:33:44 - [MESSAGE][INFO] - Action delay is set to 1,000 milliseconds

2023-03-08 08:33:50 - [MESSAGE][PASSED] - Browser is opened with url: 'https://opensource-demo.orangehrmlive.com/web/index.php/auth/login'

2023-03-08 08:33:50 - [TEST_STEP][PASSED] - maximizeWindow(): Current window maximized

2023-03-08 08:33:51 - [MESSAGE][PASSED] - Current window maximized

2023-03-08 08:33:51 - [TEST_STEP][PASSED] - orange.keywords.userLogin(findTestObject("Login Page/textbox_Username"), username, findTestObject("Login Page/textbox_Password"), password, findTestObject("Login Page/button_Login")): orange.keywords.userLogin is PASSED

2023-03-08 08:33:57 - [MESSAGE][PASSED] - orange.keywords.userLogin is PASSED

2023-03-08 08:33:58 - [TEST_STEP][PASSED] - click(findTestObject("Navigation Sidebar/a_Admin")): Object: 'Object Repository/Navigation Sidebar/a_Admin' is clicked on

2023-03-08 08:34:00 - [MESSAGE][PASSED] - Object: 'Object Repository/Navigation Sidebar/a_Admin' is clicked on

2023-03-08 08:34:00 - [TEST_STEP][PASSED] - click(findTestObject("Admin Page/Qualifications/li_Qualifications")): Object: 'Object Repository/Admin Page/Qualifications/li_Qualifications' is clicked on

2023-03-08 08:34:03 - [MESSAGE][PASSED] - Object: 'Object Repository/Admin Page/Qualifications/li_Qualifications' is clicked on

2023-03-08 08:34:03 - [TEST_STEP][PASSED] - click(findTestObject("Admin Page/Qualifications/Education/li_Education")): Object: 'Object Repository/Admin Page/Qualifications/Education/li_Education' is clicked on

2023-03-08 08:34:05 - [MESSAGE][PASSED] - Object: 'Object Repository/Admin Page/Qualifications/Education/li_Education' is clicked on

2023-03-08 08:34:05 - [TEST_STEP][PASSED] - click(findTestObject("Admin Page/Qualifications/Languages/button_Add")): Object: 'Object Repository/Admin Page/Qualifications/Languages/button_Add' is clicked on

2023-03-08 08:34:08 - [MESSAGE][PASSED] - Object: 'Object Repository/Admin Page/Qualifications/Languages/button_Add' is clicked on

2023-03-08 08:34:08 - [TEST_STEP][PASSED] - sendKeys(findTestObject("Admin Page/Qualifications/Skills/textbox_Username"), education): Keys 'University Degree' sent to object: 'Object Repository/Admin Page/Qualifications/Skills/textbox_Username'

2023-03-08 08:34:10 - [MESSAGE][PASSED] - Keys 'University Degree' sent to object: 'Object Repository/Admin Page/Qualifications/Skills/textbox_Username'

2023-03-08 08:34:10 - [TEST_STEP][PASSED] - click(findTestObject("Admin Page/Qualifications/Skills/button_Save")): Object: 'Object Repository/Admin Page/Qualifications/Skills/button_Save' is clicked on

2023-03-08 08:34:12 - [MESSAGE][PASSED] - Object: 'Object Repository/Admin Page/Qualifications/Skills/button_Save' is clicked on

2023-03-08 08:34:12 - [TEST_STEP][PASSED] - waitForElementPresent(findTestObject("Confirmation messages/message_SuccessSuccessfullySaved"), 10): Object 'Object Repository/Confirmation messages/message_SuccessSuccessfullySaved' is present

2023-03-08 08:34:12 - [MESSAGE][PASSED] - Object 'Object Repository/Confirmation messages/message_SuccessSuccessfullySaved' is present

2023-03-08 08:34:12 - [TEST_STEP][PASSED] - verifyElementPresent(findTestObject("Confirmation messages/message_SuccessSuccessfullySaved"), 10): Object 'Object Repository/Confirmation messages/message_SuccessSuccessfullySaved' is present

2023-03-08 08:34:13 - [MESSAGE][PASSED] - Object 'Object Repository/Confirmation messages/message_SuccessSuccessfullySaved' is present

2023-03-08 08:34:13 - [TEST_STEP][PASSED] - takeScreenshotAsCheckpoint("Added Education"): Taking screenshot successfully

2023-03-08 08:34:14 - [MESSAGE][INFO] - 0 hidden object(s)

2023-03-08 08:34:15 - [MESSAGE][PASSED] - Taking screenshot successfully
[[ATTACHMENT|keyes\keyes-Added Education.png]]

2023-03-08 08:34:15 - [TEST_STEP][PASSED] - Start listener action : sampleAfterTestCase: Browser is closed

2023-03-08 08:34:15 - [TEST_STEP][PASSED] - println(testCaseContext.getTestCaseId()): null

2023-03-08 08:34:15 - [TEST_STEP][PASSED] - println(testCaseContext.getTestCaseStatus()): null

2023-03-08 08:34:15 - [TEST_STEP][PASSED] - closeBrowser(): Browser is closed

2023-03-08 08:34:16 - [MESSAGE][PASSED] - Browser is closed]]></system-out>
         <system-err><![CDATA[]]></system-err>
      </testcase>
      <testcase name="Test Cases/Admin Page/Qualifications/Education/Edit Education" time="29.191" classname="Test Cases/Admin Page/Qualifications/Education/Edit Education" status="PASSED">
         <system-out><![CDATA[2023-03-08 08:34:16 - [TEST_CASE][PASSED] - Test Cases/Admin Page/Qualifications/Education/Edit Education: Test Cases/Admin Page/Qualifications/Education/Edit Education

2023-03-08 08:34:16 - [TEST_STEP][PASSED] - Start listener action : sampleBeforeTestCase: orange.keywords.userLogin is PASSED

2023-03-08 08:34:16 - [TEST_STEP][PASSED] - println(testCaseContext.getTestCaseId()): null

2023-03-08 08:34:16 - [TEST_STEP][PASSED] - println(testCaseContext.getTestCaseVariables()): null

2023-03-08 08:34:16 - [TEST_STEP][PASSED] - openBrowser(baseURL): Browser is opened with url: 'https://opensource-demo.orangehrmlive.com/web/index.php/auth/login'

2023-03-08 08:34:16 - [MESSAGE][INFO] - Starting 'Chrome' driver

2023-03-08 08:34:16 - [MESSAGE][INFO] - Action delay is set to 1,000 milliseconds

2023-03-08 08:34:20 - [MESSAGE][PASSED] - Browser is opened with url: 'https://opensource-demo.orangehrmlive.com/web/index.php/auth/login'

2023-03-08 08:34:20 - [TEST_STEP][PASSED] - maximizeWindow(): Current window maximized

2023-03-08 08:34:21 - [MESSAGE][PASSED] - Current window maximized

2023-03-08 08:34:21 - [TEST_STEP][PASSED] - orange.keywords.userLogin(findTestObject("Login Page/textbox_Username"), username, findTestObject("Login Page/textbox_Password"), password, findTestObject("Login Page/button_Login")): orange.keywords.userLogin is PASSED

2023-03-08 08:34:26 - [MESSAGE][PASSED] - orange.keywords.userLogin is PASSED

2023-03-08 08:34:27 - [TEST_STEP][PASSED] - click(findTestObject("Navigation Sidebar/a_Admin")): Object: 'Object Repository/Navigation Sidebar/a_Admin' is clicked on

2023-03-08 08:34:30 - [MESSAGE][PASSED] - Object: 'Object Repository/Navigation Sidebar/a_Admin' is clicked on

2023-03-08 08:34:30 - [TEST_STEP][PASSED] - click(findTestObject("Admin Page/Qualifications/li_Qualifications")): Object: 'Object Repository/Admin Page/Qualifications/li_Qualifications' is clicked on

2023-03-08 08:34:33 - [MESSAGE][PASSED] - Object: 'Object Repository/Admin Page/Qualifications/li_Qualifications' is clicked on

2023-03-08 08:34:33 - [TEST_STEP][PASSED] - click(findTestObject("Admin Page/Qualifications/Education/li_Education")): Object: 'Object Repository/Admin Page/Qualifications/Education/li_Education' is clicked on

2023-03-08 08:34:35 - [MESSAGE][PASSED] - Object: 'Object Repository/Admin Page/Qualifications/Education/li_Education' is clicked on

2023-03-08 08:34:35 - [TEST_STEP][PASSED] - click(findTestObject("Admin Page/Qualifications/Education/button_Edit")): Object: 'Object Repository/Admin Page/Qualifications/Education/button_Edit' is clicked on

2023-03-08 08:34:38 - [MESSAGE][PASSED] - Object: 'Object Repository/Admin Page/Qualifications/Education/button_Edit' is clicked on

2023-03-08 08:34:38 - [TEST_STEP][PASSED] - sendKeys(findTestObject("Admin Page/Qualifications/Skills/textbox_Username"), Keys.chord(CONTROL, "a")): Keys 'CONTROL + a' sent to object: 'Object Repository/Admin Page/Qualifications/Skills/textbox_Username'

2023-03-08 08:34:40 - [MESSAGE][PASSED] - Keys 'CONTROL + a' sent to object: 'Object Repository/Admin Page/Qualifications/Skills/textbox_Username'

2023-03-08 08:34:40 - [TEST_STEP][PASSED] - sendKeys(findTestObject("Admin Page/Qualifications/Skills/textbox_Username_selected"), education_edited): Keys 'High school education' sent to object: 'Object Repository/Admin Page/Qualifications/Skills/textbox_Username_selected'

2023-03-08 08:34:42 - [MESSAGE][PASSED] - Keys 'High school education' sent to object: 'Object Repository/Admin Page/Qualifications/Skills/textbox_Username_selected'

2023-03-08 08:34:42 - [TEST_STEP][PASSED] - click(findTestObject("Admin Page/Qualifications/Skills/button_Save")): Object: 'Object Repository/Admin Page/Qualifications/Skills/button_Save' is clicked on

2023-03-08 08:34:43 - [MESSAGE][PASSED] - Object: 'Object Repository/Admin Page/Qualifications/Skills/button_Save' is clicked on

2023-03-08 08:34:43 - [TEST_STEP][PASSED] - waitForElementPresent(findTestObject("Confirmation messages/message_SuccessSuccessfullyUpdated"), 10): Object 'Object Repository/Confirmation messages/message_SuccessSuccessfullyUpdated' is present

2023-03-08 08:34:44 - [MESSAGE][PASSED] - Object 'Object Repository/Confirmation messages/message_SuccessSuccessfullyUpdated' is present

2023-03-08 08:34:44 - [TEST_STEP][PASSED] - verifyElementPresent(findTestObject("Confirmation messages/message_SuccessSuccessfullyUpdated"), 10): Object 'Object Repository/Confirmation messages/message_SuccessSuccessfullyUpdated' is present

2023-03-08 08:34:44 - [MESSAGE][PASSED] - Object 'Object Repository/Confirmation messages/message_SuccessSuccessfullyUpdated' is present

2023-03-08 08:34:44 - [TEST_STEP][PASSED] - Start listener action : sampleAfterTestCase: Browser is closed

2023-03-08 08:34:44 - [TEST_STEP][PASSED] - println(testCaseContext.getTestCaseId()): null

2023-03-08 08:34:44 - [TEST_STEP][PASSED] - println(testCaseContext.getTestCaseStatus()): null

2023-03-08 08:34:44 - [TEST_STEP][PASSED] - closeBrowser(): Browser is closed

2023-03-08 08:34:45 - [MESSAGE][PASSED] - Browser is closed]]></system-out>
         <system-err><![CDATA[]]></system-err>
      </testcase>
      <testcase name="Test Cases/Admin Page/Qualifications/Education/Delete Education" time="25.735" classname="Test Cases/Admin Page/Qualifications/Education/Delete Education" status="PASSED">
         <system-out><![CDATA[2023-03-08 08:34:45 - [TEST_CASE][PASSED] - Test Cases/Admin Page/Qualifications/Education/Delete Education: Test Cases/Admin Page/Qualifications/Education/Delete Education

2023-03-08 08:34:45 - [TEST_STEP][PASSED] - Start listener action : sampleBeforeTestCase: orange.keywords.userLogin is PASSED

2023-03-08 08:34:45 - [TEST_STEP][PASSED] - println(testCaseContext.getTestCaseId()): null

2023-03-08 08:34:45 - [TEST_STEP][PASSED] - println(testCaseContext.getTestCaseVariables()): null

2023-03-08 08:34:45 - [TEST_STEP][PASSED] - openBrowser(baseURL): Browser is opened with url: 'https://opensource-demo.orangehrmlive.com/web/index.php/auth/login'

2023-03-08 08:34:45 - [MESSAGE][INFO] - Starting 'Chrome' driver

2023-03-08 08:34:45 - [MESSAGE][INFO] - Action delay is set to 1,000 milliseconds

2023-03-08 08:34:50 - [MESSAGE][PASSED] - Browser is opened with url: 'https://opensource-demo.orangehrmlive.com/web/index.php/auth/login'

2023-03-08 08:34:50 - [TEST_STEP][PASSED] - maximizeWindow(): Current window maximized

2023-03-08 08:34:51 - [MESSAGE][PASSED] - Current window maximized

2023-03-08 08:34:51 - [TEST_STEP][PASSED] - orange.keywords.userLogin(findTestObject("Login Page/textbox_Username"), username, findTestObject("Login Page/textbox_Password"), password, findTestObject("Login Page/button_Login")): orange.keywords.userLogin is PASSED

2023-03-08 08:34:57 - [MESSAGE][PASSED] - orange.keywords.userLogin is PASSED

2023-03-08 08:34:57 - [TEST_STEP][PASSED] - click(findTestObject("Navigation Sidebar/a_Admin")): Object: 'Object Repository/Navigation Sidebar/a_Admin' is clicked on

2023-03-08 08:35:00 - [MESSAGE][PASSED] - Object: 'Object Repository/Navigation Sidebar/a_Admin' is clicked on

2023-03-08 08:35:00 - [TEST_STEP][PASSED] - click(findTestObject("Admin Page/Qualifications/li_Qualifications")): Object: 'Object Repository/Admin Page/Qualifications/li_Qualifications' is clicked on

2023-03-08 08:35:03 - [MESSAGE][PASSED] - Object: 'Object Repository/Admin Page/Qualifications/li_Qualifications' is clicked on

2023-03-08 08:35:03 - [TEST_STEP][PASSED] - click(findTestObject("Admin Page/Qualifications/Education/li_Education")): Object: 'Object Repository/Admin Page/Qualifications/Education/li_Education' is clicked on

2023-03-08 08:35:05 - [MESSAGE][PASSED] - Object: 'Object Repository/Admin Page/Qualifications/Education/li_Education' is clicked on

2023-03-08 08:35:05 - [TEST_STEP][PASSED] - click(findTestObject("Admin Page/Qualifications/Education/button_Delete")): Object: 'Object Repository/Admin Page/Qualifications/Education/button_Delete' is clicked on

2023-03-08 08:35:07 - [MESSAGE][PASSED] - Object: 'Object Repository/Admin Page/Qualifications/Education/button_Delete' is clicked on

2023-03-08 08:35:07 - [TEST_STEP][PASSED] - click(findTestObject("Admin Page/Qualifications/Languages/button_Yes, Delete")): Object: 'Object Repository/Admin Page/Qualifications/Languages/button_Yes, Delete' is clicked on

2023-03-08 08:35:09 - [MESSAGE][PASSED] - Object: 'Object Repository/Admin Page/Qualifications/Languages/button_Yes, Delete' is clicked on

2023-03-08 08:35:09 - [TEST_STEP][PASSED] - waitForElementPresent(findTestObject("Confirmation messages/message_SuccessSuccessfullyDeleted"), 10): Object 'Object Repository/Confirmation messages/message_SuccessSuccessfullyDeleted' is present

2023-03-08 08:35:10 - [MESSAGE][PASSED] - Object 'Object Repository/Confirmation messages/message_SuccessSuccessfullyDeleted' is present

2023-03-08 08:35:10 - [TEST_STEP][PASSED] - verifyElementPresent(findTestObject("Confirmation messages/message_SuccessSuccessfullyDeleted"), 10): Object 'Object Repository/Confirmation messages/message_SuccessSuccessfullyDeleted' is present

2023-03-08 08:35:10 - [MESSAGE][PASSED] - Object 'Object Repository/Confirmation messages/message_SuccessSuccessfullyDeleted' is present

2023-03-08 08:35:10 - [TEST_STEP][PASSED] - Start listener action : sampleAfterTestCase: Browser is closed

2023-03-08 08:35:10 - [TEST_STEP][PASSED] - println(testCaseContext.getTestCaseId()): null

2023-03-08 08:35:10 - [TEST_STEP][PASSED] - println(testCaseContext.getTestCaseStatus()): null

2023-03-08 08:35:10 - [TEST_STEP][PASSED] - closeBrowser(): Browser is closed

2023-03-08 08:35:11 - [MESSAGE][PASSED] - Browser is closed]]></system-out>
         <system-err><![CDATA[]]></system-err>
      </testcase>
      <testcase name="Test Cases/Admin Page/Qualifications/Languages/Add Language" time="31.359" classname="Test Cases/Admin Page/Qualifications/Languages/Add Language" status="PASSED">
         <system-out><![CDATA[2023-03-08 08:35:11 - [TEST_CASE][PASSED] - Test Cases/Admin Page/Qualifications/Languages/Add Language: Test Cases/Admin Page/Qualifications/Languages/Add Language

2023-03-08 08:35:11 - [TEST_STEP][PASSED] - Start listener action : sampleBeforeTestCase: orange.keywords.userLogin is PASSED

2023-03-08 08:35:11 - [TEST_STEP][PASSED] - println(testCaseContext.getTestCaseId()): null

2023-03-08 08:35:11 - [TEST_STEP][PASSED] - println(testCaseContext.getTestCaseVariables()): null

2023-03-08 08:35:11 - [TEST_STEP][PASSED] - openBrowser(baseURL): Browser is opened with url: 'https://opensource-demo.orangehrmlive.com/web/index.php/auth/login'

2023-03-08 08:35:11 - [MESSAGE][INFO] - Starting 'Chrome' driver

2023-03-08 08:35:11 - [MESSAGE][INFO] - Action delay is set to 1,000 milliseconds

2023-03-08 08:35:17 - [MESSAGE][PASSED] - Browser is opened with url: 'https://opensource-demo.orangehrmlive.com/web/index.php/auth/login'

2023-03-08 08:35:17 - [TEST_STEP][PASSED] - maximizeWindow(): Current window maximized

2023-03-08 08:35:17 - [MESSAGE][PASSED] - Current window maximized

2023-03-08 08:35:17 - [TEST_STEP][PASSED] - orange.keywords.userLogin(findTestObject("Login Page/textbox_Username"), username, findTestObject("Login Page/textbox_Password"), password, findTestObject("Login Page/button_Login")): orange.keywords.userLogin is PASSED

2023-03-08 08:35:23 - [MESSAGE][PASSED] - orange.keywords.userLogin is PASSED

2023-03-08 08:35:24 - [TEST_STEP][PASSED] - click(findTestObject("Navigation Sidebar/a_Admin")): Object: 'Object Repository/Navigation Sidebar/a_Admin' is clicked on

2023-03-08 08:35:27 - [MESSAGE][PASSED] - Object: 'Object Repository/Navigation Sidebar/a_Admin' is clicked on

2023-03-08 08:35:27 - [TEST_STEP][PASSED] - click(findTestObject("Admin Page/Qualifications/li_Qualifications")): Object: 'Object Repository/Admin Page/Qualifications/li_Qualifications' is clicked on

2023-03-08 08:35:30 - [MESSAGE][PASSED] - Object: 'Object Repository/Admin Page/Qualifications/li_Qualifications' is clicked on

2023-03-08 08:35:30 - [TEST_STEP][PASSED] - click(findTestObject("Admin Page/Qualifications/Languages/li_Languages")): Object: 'Object Repository/Admin Page/Qualifications/Languages/li_Languages' is clicked on

2023-03-08 08:35:32 - [MESSAGE][PASSED] - Object: 'Object Repository/Admin Page/Qualifications/Languages/li_Languages' is clicked on

2023-03-08 08:35:32 - [TEST_STEP][PASSED] - click(findTestObject("Admin Page/Qualifications/Languages/button_Add")): Object: 'Object Repository/Admin Page/Qualifications/Languages/button_Add' is clicked on

2023-03-08 08:35:35 - [MESSAGE][PASSED] - Object: 'Object Repository/Admin Page/Qualifications/Languages/button_Add' is clicked on

2023-03-08 08:35:35 - [TEST_STEP][PASSED] - sendKeys(findTestObject("Admin Page/Qualifications/Skills/textbox_Username"), "Afgan-Automation"): Keys 'Afgan-Automation' sent to object: 'Object Repository/Admin Page/Qualifications/Skills/textbox_Username'

2023-03-08 08:35:37 - [MESSAGE][PASSED] - Keys 'Afgan-Automation' sent to object: 'Object Repository/Admin Page/Qualifications/Skills/textbox_Username'

2023-03-08 08:35:37 - [TEST_STEP][PASSED] - takeScreenshotAsCheckpoint("Language info"): Taking screenshot successfully

2023-03-08 08:35:38 - [MESSAGE][INFO] - 0 hidden object(s)

2023-03-08 08:35:38 - [MESSAGE][PASSED] - Taking screenshot successfully
[[ATTACHMENT|keyes\keyes-Language info.png]]

2023-03-08 08:35:38 - [TEST_STEP][PASSED] - click(findTestObject("Admin Page/Qualifications/Skills/button_Save")): Object: 'Object Repository/Admin Page/Qualifications/Skills/button_Save' is clicked on

2023-03-08 08:35:39 - [MESSAGE][PASSED] - Object: 'Object Repository/Admin Page/Qualifications/Skills/button_Save' is clicked on

2023-03-08 08:35:39 - [TEST_STEP][PASSED] - waitForElementPresent(findTestObject("Confirmation messages/message_SuccessSuccessfullySaved"), 10): Object 'Object Repository/Confirmation messages/message_SuccessSuccessfullySaved' is present

2023-03-08 08:35:40 - [MESSAGE][PASSED] - Object 'Object Repository/Confirmation messages/message_SuccessSuccessfullySaved' is present

2023-03-08 08:35:40 - [TEST_STEP][PASSED] - verifyElementPresent(findTestObject("Confirmation messages/message_SuccessSuccessfullySaved"), 10): Object 'Object Repository/Confirmation messages/message_SuccessSuccessfullySaved' is present

2023-03-08 08:35:41 - [MESSAGE][PASSED] - Object 'Object Repository/Confirmation messages/message_SuccessSuccessfullySaved' is present

2023-03-08 08:35:41 - [TEST_STEP][PASSED] - takeScreenshotAsCheckpoint("Language Added"): Taking screenshot successfully

2023-03-08 08:35:41 - [MESSAGE][INFO] - 0 hidden object(s)

2023-03-08 08:35:42 - [MESSAGE][PASSED] - Taking screenshot successfully
[[ATTACHMENT|keyes\keyes-Language Added.png]]

2023-03-08 08:35:42 - [TEST_STEP][PASSED] - Start listener action : sampleAfterTestCase: Browser is closed

2023-03-08 08:35:42 - [TEST_STEP][PASSED] - println(testCaseContext.getTestCaseId()): null

2023-03-08 08:35:42 - [TEST_STEP][PASSED] - println(testCaseContext.getTestCaseStatus()): null

2023-03-08 08:35:42 - [TEST_STEP][PASSED] - closeBrowser(): Browser is closed

2023-03-08 08:35:42 - [MESSAGE][PASSED] - Browser is closed]]></system-out>
         <system-err><![CDATA[]]></system-err>
      </testcase>
      <testcase name="Test Cases/Admin Page/Qualifications/Languages/Edit Language" time="29.313" classname="Test Cases/Admin Page/Qualifications/Languages/Edit Language" status="PASSED">
         <system-out><![CDATA[2023-03-08 08:35:42 - [TEST_CASE][PASSED] - Test Cases/Admin Page/Qualifications/Languages/Edit Language: Test Cases/Admin Page/Qualifications/Languages/Edit Language

2023-03-08 08:35:42 - [TEST_STEP][PASSED] - Start listener action : sampleBeforeTestCase: orange.keywords.userLogin is PASSED

2023-03-08 08:35:42 - [TEST_STEP][PASSED] - println(testCaseContext.getTestCaseId()): null

2023-03-08 08:35:42 - [TEST_STEP][PASSED] - println(testCaseContext.getTestCaseVariables()): null

2023-03-08 08:35:42 - [TEST_STEP][PASSED] - openBrowser(baseURL): Browser is opened with url: 'https://opensource-demo.orangehrmlive.com/web/index.php/auth/login'

2023-03-08 08:35:42 - [MESSAGE][INFO] - Starting 'Chrome' driver

2023-03-08 08:35:42 - [MESSAGE][INFO] - Action delay is set to 1,000 milliseconds

2023-03-08 08:35:47 - [MESSAGE][PASSED] - Browser is opened with url: 'https://opensource-demo.orangehrmlive.com/web/index.php/auth/login'

2023-03-08 08:35:47 - [TEST_STEP][PASSED] - maximizeWindow(): Current window maximized

2023-03-08 08:35:47 - [MESSAGE][PASSED] - Current window maximized

2023-03-08 08:35:47 - [TEST_STEP][PASSED] - orange.keywords.userLogin(findTestObject("Login Page/textbox_Username"), username, findTestObject("Login Page/textbox_Password"), password, findTestObject("Login Page/button_Login")): orange.keywords.userLogin is PASSED

2023-03-08 08:35:53 - [MESSAGE][PASSED] - orange.keywords.userLogin is PASSED

2023-03-08 08:35:53 - [TEST_STEP][PASSED] - click(findTestObject("Navigation Sidebar/a_Admin")): Object: 'Object Repository/Navigation Sidebar/a_Admin' is clicked on

2023-03-08 08:35:56 - [MESSAGE][PASSED] - Object: 'Object Repository/Navigation Sidebar/a_Admin' is clicked on

2023-03-08 08:35:56 - [TEST_STEP][PASSED] - click(findTestObject("Admin Page/Qualifications/li_Qualifications")): Object: 'Object Repository/Admin Page/Qualifications/li_Qualifications' is clicked on

2023-03-08 08:35:59 - [MESSAGE][PASSED] - Object: 'Object Repository/Admin Page/Qualifications/li_Qualifications' is clicked on

2023-03-08 08:35:59 - [TEST_STEP][PASSED] - click(findTestObject("Admin Page/Qualifications/Languages/li_Languages")): Object: 'Object Repository/Admin Page/Qualifications/Languages/li_Languages' is clicked on

2023-03-08 08:36:01 - [MESSAGE][PASSED] - Object: 'Object Repository/Admin Page/Qualifications/Languages/li_Languages' is clicked on

2023-03-08 08:36:01 - [TEST_STEP][PASSED] - click(findTestObject("Admin Page/Qualifications/Languages/button_Edit")): Object: 'Object Repository/Admin Page/Qualifications/Languages/button_Edit' is clicked on

2023-03-08 08:36:04 - [MESSAGE][PASSED] - Object: 'Object Repository/Admin Page/Qualifications/Languages/button_Edit' is clicked on

2023-03-08 08:36:04 - [TEST_STEP][PASSED] - sendKeys(findTestObject("Admin Page/Qualifications/Skills/textbox_Username"), Keys.chord(CONTROL, "a")): Keys 'CONTROL + a' sent to object: 'Object Repository/Admin Page/Qualifications/Skills/textbox_Username'

2023-03-08 08:36:07 - [MESSAGE][PASSED] - Keys 'CONTROL + a' sent to object: 'Object Repository/Admin Page/Qualifications/Skills/textbox_Username'

2023-03-08 08:36:07 - [TEST_STEP][PASSED] - sendKeys(findTestObject("Admin Page/Qualifications/Skills/textbox_Username_selected"), "Afgan-Edited-Automation"): Keys 'Afgan-Edited-Automation' sent to object: 'Object Repository/Admin Page/Qualifications/Skills/textbox_Username_selected'

2023-03-08 08:36:08 - [MESSAGE][PASSED] - Keys 'Afgan-Edited-Automation' sent to object: 'Object Repository/Admin Page/Qualifications/Skills/textbox_Username_selected'

2023-03-08 08:36:08 - [TEST_STEP][PASSED] - click(findTestObject("Admin Page/Qualifications/Skills/button_Save")): Object: 'Object Repository/Admin Page/Qualifications/Skills/button_Save' is clicked on

2023-03-08 08:36:10 - [MESSAGE][PASSED] - Object: 'Object Repository/Admin Page/Qualifications/Skills/button_Save' is clicked on

2023-03-08 08:36:10 - [TEST_STEP][PASSED] - waitForElementPresent(findTestObject("Confirmation messages/message_SuccessSuccessfullyUpdated"), 10): Object 'Object Repository/Confirmation messages/message_SuccessSuccessfullyUpdated' is present

2023-03-08 08:36:10 - [MESSAGE][PASSED] - Object 'Object Repository/Confirmation messages/message_SuccessSuccessfullyUpdated' is present

2023-03-08 08:36:10 - [TEST_STEP][PASSED] - verifyElementPresent(findTestObject("Confirmation messages/message_SuccessSuccessfullyUpdated"), 10): Object 'Object Repository/Confirmation messages/message_SuccessSuccessfullyUpdated' is present

2023-03-08 08:36:11 - [MESSAGE][PASSED] - Object 'Object Repository/Confirmation messages/message_SuccessSuccessfullyUpdated' is present

2023-03-08 08:36:11 - [TEST_STEP][PASSED] - Start listener action : sampleAfterTestCase: Browser is closed

2023-03-08 08:36:11 - [TEST_STEP][PASSED] - println(testCaseContext.getTestCaseId()): null

2023-03-08 08:36:11 - [TEST_STEP][PASSED] - println(testCaseContext.getTestCaseStatus()): null

2023-03-08 08:36:11 - [TEST_STEP][PASSED] - closeBrowser(): Browser is closed

2023-03-08 08:36:12 - [MESSAGE][PASSED] - Browser is closed]]></system-out>
         <system-err><![CDATA[]]></system-err>
      </testcase>
      <testcase name="Test Cases/Admin Page/Qualifications/Languages/Delete Language" time="24.643" classname="Test Cases/Admin Page/Qualifications/Languages/Delete Language" status="PASSED">
         <system-out><![CDATA[2023-03-08 08:36:12 - [TEST_CASE][PASSED] - Test Cases/Admin Page/Qualifications/Languages/Delete Language: Test Cases/Admin Page/Qualifications/Languages/Delete Language

2023-03-08 08:36:12 - [TEST_STEP][PASSED] - Start listener action : sampleBeforeTestCase: orange.keywords.userLogin is PASSED

2023-03-08 08:36:12 - [TEST_STEP][PASSED] - println(testCaseContext.getTestCaseId()): null

2023-03-08 08:36:12 - [TEST_STEP][PASSED] - println(testCaseContext.getTestCaseVariables()): null

2023-03-08 08:36:12 - [TEST_STEP][PASSED] - openBrowser(baseURL): Browser is opened with url: 'https://opensource-demo.orangehrmlive.com/web/index.php/auth/login'

2023-03-08 08:36:12 - [MESSAGE][INFO] - Starting 'Chrome' driver

2023-03-08 08:36:12 - [MESSAGE][INFO] - Action delay is set to 1,000 milliseconds

2023-03-08 08:36:16 - [MESSAGE][PASSED] - Browser is opened with url: 'https://opensource-demo.orangehrmlive.com/web/index.php/auth/login'

2023-03-08 08:36:16 - [TEST_STEP][PASSED] - maximizeWindow(): Current window maximized

2023-03-08 08:36:16 - [MESSAGE][PASSED] - Current window maximized

2023-03-08 08:36:16 - [TEST_STEP][PASSED] - orange.keywords.userLogin(findTestObject("Login Page/textbox_Username"), username, findTestObject("Login Page/textbox_Password"), password, findTestObject("Login Page/button_Login")): orange.keywords.userLogin is PASSED

2023-03-08 08:36:22 - [MESSAGE][PASSED] - orange.keywords.userLogin is PASSED

2023-03-08 08:36:22 - [TEST_STEP][PASSED] - click(findTestObject("Navigation Sidebar/a_Admin")): Object: 'Object Repository/Navigation Sidebar/a_Admin' is clicked on

2023-03-08 08:36:26 - [MESSAGE][PASSED] - Object: 'Object Repository/Navigation Sidebar/a_Admin' is clicked on

2023-03-08 08:36:26 - [TEST_STEP][PASSED] - click(findTestObject("Admin Page/Qualifications/li_Qualifications")): Object: 'Object Repository/Admin Page/Qualifications/li_Qualifications' is clicked on

2023-03-08 08:36:28 - [MESSAGE][PASSED] - Object: 'Object Repository/Admin Page/Qualifications/li_Qualifications' is clicked on

2023-03-08 08:36:28 - [TEST_STEP][PASSED] - click(findTestObject("Admin Page/Qualifications/Languages/li_Languages")): Object: 'Object Repository/Admin Page/Qualifications/Languages/li_Languages' is clicked on

2023-03-08 08:36:31 - [MESSAGE][PASSED] - Object: 'Object Repository/Admin Page/Qualifications/Languages/li_Languages' is clicked on

2023-03-08 08:36:31 - [TEST_STEP][PASSED] - click(findTestObject("Admin Page/Qualifications/Languages/button_Delete")): Object: 'Object Repository/Admin Page/Qualifications/Languages/button_Delete' is clicked on

2023-03-08 08:36:33 - [MESSAGE][PASSED] - Object: 'Object Repository/Admin Page/Qualifications/Languages/button_Delete' is clicked on

2023-03-08 08:36:33 - [TEST_STEP][PASSED] - click(findTestObject("Admin Page/Qualifications/Languages/button_Yes, Delete")): Object: 'Object Repository/Admin Page/Qualifications/Languages/button_Yes, Delete' is clicked on

2023-03-08 08:36:34 - [MESSAGE][PASSED] - Object: 'Object Repository/Admin Page/Qualifications/Languages/button_Yes, Delete' is clicked on

2023-03-08 08:36:34 - [TEST_STEP][PASSED] - waitForElementPresent(findTestObject("Confirmation messages/message_SuccessSuccessfullyDeleted"), 10): Object 'Object Repository/Confirmation messages/message_SuccessSuccessfullyDeleted' is present

2023-03-08 08:36:35 - [MESSAGE][PASSED] - Object 'Object Repository/Confirmation messages/message_SuccessSuccessfullyDeleted' is present

2023-03-08 08:36:35 - [TEST_STEP][PASSED] - verifyElementPresent(findTestObject("Confirmation messages/message_SuccessSuccessfullyDeleted"), 10): Object 'Object Repository/Confirmation messages/message_SuccessSuccessfullyDeleted' is present

2023-03-08 08:36:36 - [MESSAGE][PASSED] - Object 'Object Repository/Confirmation messages/message_SuccessSuccessfullyDeleted' is present

2023-03-08 08:36:36 - [TEST_STEP][PASSED] - Start listener action : sampleAfterTestCase: Browser is closed

2023-03-08 08:36:36 - [TEST_STEP][PASSED] - println(testCaseContext.getTestCaseId()): null

2023-03-08 08:36:36 - [TEST_STEP][PASSED] - println(testCaseContext.getTestCaseStatus()): null

2023-03-08 08:36:36 - [TEST_STEP][PASSED] - closeBrowser(): Browser is closed

2023-03-08 08:36:36 - [MESSAGE][PASSED] - Browser is closed]]></system-out>
         <system-err><![CDATA[]]></system-err>
      </testcase>
      <testcase name="Test Cases/Admin Page/Qualifications/Licenses/Add License" time="27.928" classname="Test Cases/Admin Page/Qualifications/Licenses/Add License" status="PASSED">
         <system-out><![CDATA[2023-03-08 08:36:36 - [TEST_CASE][PASSED] - Test Cases/Admin Page/Qualifications/Licenses/Add License: Test Cases/Admin Page/Qualifications/Licenses/Add License

2023-03-08 08:36:36 - [TEST_STEP][PASSED] - Start listener action : sampleBeforeTestCase: orange.keywords.userLogin is PASSED

2023-03-08 08:36:36 - [TEST_STEP][PASSED] - println(testCaseContext.getTestCaseId()): null

2023-03-08 08:36:36 - [TEST_STEP][PASSED] - println(testCaseContext.getTestCaseVariables()): null

2023-03-08 08:36:36 - [TEST_STEP][PASSED] - openBrowser(baseURL): Browser is opened with url: 'https://opensource-demo.orangehrmlive.com/web/index.php/auth/login'

2023-03-08 08:36:36 - [MESSAGE][INFO] - Starting 'Chrome' driver

2023-03-08 08:36:36 - [MESSAGE][INFO] - Action delay is set to 1,000 milliseconds

2023-03-08 08:36:42 - [MESSAGE][PASSED] - Browser is opened with url: 'https://opensource-demo.orangehrmlive.com/web/index.php/auth/login'

2023-03-08 08:36:42 - [TEST_STEP][PASSED] - maximizeWindow(): Current window maximized

2023-03-08 08:36:42 - [MESSAGE][PASSED] - Current window maximized

2023-03-08 08:36:42 - [TEST_STEP][PASSED] - orange.keywords.userLogin(findTestObject("Login Page/textbox_Username"), username, findTestObject("Login Page/textbox_Password"), password, findTestObject("Login Page/button_Login")): orange.keywords.userLogin is PASSED

2023-03-08 08:36:46 - [MESSAGE][PASSED] - orange.keywords.userLogin is PASSED

2023-03-08 08:36:47 - [TEST_STEP][PASSED] - click(findTestObject("Navigation Sidebar/a_Admin")): Object: 'Object Repository/Navigation Sidebar/a_Admin' is clicked on

2023-03-08 08:36:51 - [MESSAGE][PASSED] - Object: 'Object Repository/Navigation Sidebar/a_Admin' is clicked on

2023-03-08 08:36:51 - [TEST_STEP][PASSED] - click(findTestObject("Admin Page/Qualifications/li_Qualifications")): Object: 'Object Repository/Admin Page/Qualifications/li_Qualifications' is clicked on

2023-03-08 08:36:54 - [MESSAGE][PASSED] - Object: 'Object Repository/Admin Page/Qualifications/li_Qualifications' is clicked on

2023-03-08 08:36:54 - [TEST_STEP][PASSED] - click(findTestObject("Admin Page/Qualifications/Licenses/li_Licenses")): Object: 'Object Repository/Admin Page/Qualifications/Licenses/li_Licenses' is clicked on

2023-03-08 08:36:55 - [MESSAGE][PASSED] - Object: 'Object Repository/Admin Page/Qualifications/Licenses/li_Licenses' is clicked on

2023-03-08 08:36:55 - [TEST_STEP][PASSED] - click(findTestObject("Admin Page/Qualifications/Languages/button_Add")): Object: 'Object Repository/Admin Page/Qualifications/Languages/button_Add' is clicked on

2023-03-08 08:36:58 - [MESSAGE][PASSED] - Object: 'Object Repository/Admin Page/Qualifications/Languages/button_Add' is clicked on

2023-03-08 08:36:58 - [TEST_STEP][PASSED] - sendKeys(findTestObject("Admin Page/Qualifications/Skills/textbox_Username"), "Practicioner Beginner-Automation"): Keys 'Practicioner Beginner-Automation' sent to object: 'Object Repository/Admin Page/Qualifications/Skills/textbox_Username'

2023-03-08 08:37:00 - [MESSAGE][PASSED] - Keys 'Practicioner Beginner-Automation' sent to object: 'Object Repository/Admin Page/Qualifications/Skills/textbox_Username'

2023-03-08 08:37:00 - [TEST_STEP][PASSED] - takeScreenshotAsCheckpoint("License Info"): Taking screenshot successfully

2023-03-08 08:37:01 - [MESSAGE][INFO] - 0 hidden object(s)

2023-03-08 08:37:01 - [MESSAGE][PASSED] - Taking screenshot successfully
[[ATTACHMENT|keyes\keyes-License Info.png]]

2023-03-08 08:37:01 - [TEST_STEP][PASSED] - click(findTestObject("Admin Page/Qualifications/Skills/button_Save")): Object: 'Object Repository/Admin Page/Qualifications/Skills/button_Save' is clicked on

2023-03-08 08:37:02 - [MESSAGE][PASSED] - Object: 'Object Repository/Admin Page/Qualifications/Skills/button_Save' is clicked on

2023-03-08 08:37:02 - [TEST_STEP][PASSED] - waitForElementPresent(findTestObject("Confirmation messages/message_SuccessSuccessfullySaved"), 10): Object 'Object Repository/Confirmation messages/message_SuccessSuccessfullySaved' is present

2023-03-08 08:37:03 - [MESSAGE][PASSED] - Object 'Object Repository/Confirmation messages/message_SuccessSuccessfullySaved' is present

2023-03-08 08:37:03 - [TEST_STEP][PASSED] - verifyElementPresent(findTestObject("Confirmation messages/message_SuccessSuccessfullySaved"), 10): Object 'Object Repository/Confirmation messages/message_SuccessSuccessfullySaved' is present

2023-03-08 08:37:04 - [MESSAGE][PASSED] - Object 'Object Repository/Confirmation messages/message_SuccessSuccessfullySaved' is present

2023-03-08 08:37:04 - [TEST_STEP][PASSED] - Start listener action : sampleAfterTestCase: Browser is closed

2023-03-08 08:37:04 - [TEST_STEP][PASSED] - println(testCaseContext.getTestCaseId()): null

2023-03-08 08:37:04 - [TEST_STEP][PASSED] - println(testCaseContext.getTestCaseStatus()): null

2023-03-08 08:37:04 - [TEST_STEP][PASSED] - closeBrowser(): Browser is closed

2023-03-08 08:37:04 - [MESSAGE][PASSED] - Browser is closed]]></system-out>
         <system-err><![CDATA[]]></system-err>
      </testcase>
      <testcase name="Test Cases/Admin Page/Qualifications/Licenses/Edit License" time="28.101" classname="Test Cases/Admin Page/Qualifications/Licenses/Edit License" status="PASSED">
         <system-out><![CDATA[2023-03-08 08:37:04 - [TEST_CASE][PASSED] - Test Cases/Admin Page/Qualifications/Licenses/Edit License: Test Cases/Admin Page/Qualifications/Licenses/Edit License

2023-03-08 08:37:04 - [TEST_STEP][PASSED] - Start listener action : sampleBeforeTestCase: orange.keywords.userLogin is PASSED

2023-03-08 08:37:04 - [TEST_STEP][PASSED] - println(testCaseContext.getTestCaseId()): null

2023-03-08 08:37:04 - [TEST_STEP][PASSED] - println(testCaseContext.getTestCaseVariables()): null

2023-03-08 08:37:04 - [TEST_STEP][PASSED] - openBrowser(baseURL): Browser is opened with url: 'https://opensource-demo.orangehrmlive.com/web/index.php/auth/login'

2023-03-08 08:37:04 - [MESSAGE][INFO] - Starting 'Chrome' driver

2023-03-08 08:37:04 - [MESSAGE][INFO] - Action delay is set to 1,000 milliseconds

2023-03-08 08:37:08 - [MESSAGE][PASSED] - Browser is opened with url: 'https://opensource-demo.orangehrmlive.com/web/index.php/auth/login'

2023-03-08 08:37:08 - [TEST_STEP][PASSED] - maximizeWindow(): Current window maximized

2023-03-08 08:37:08 - [MESSAGE][PASSED] - Current window maximized

2023-03-08 08:37:08 - [TEST_STEP][PASSED] - orange.keywords.userLogin(findTestObject("Login Page/textbox_Username"), username, findTestObject("Login Page/textbox_Password"), password, findTestObject("Login Page/button_Login")): orange.keywords.userLogin is PASSED

2023-03-08 08:37:14 - [MESSAGE][PASSED] - orange.keywords.userLogin is PASSED

2023-03-08 08:37:14 - [TEST_STEP][PASSED] - click(findTestObject("Navigation Sidebar/a_Admin")): Object: 'Object Repository/Navigation Sidebar/a_Admin' is clicked on

2023-03-08 08:37:18 - [MESSAGE][PASSED] - Object: 'Object Repository/Navigation Sidebar/a_Admin' is clicked on

2023-03-08 08:37:18 - [TEST_STEP][PASSED] - click(findTestObject("Admin Page/Qualifications/li_Qualifications")): Object: 'Object Repository/Admin Page/Qualifications/li_Qualifications' is clicked on

2023-03-08 08:37:20 - [MESSAGE][PASSED] - Object: 'Object Repository/Admin Page/Qualifications/li_Qualifications' is clicked on

2023-03-08 08:37:20 - [TEST_STEP][PASSED] - click(findTestObject("Admin Page/Qualifications/Licenses/li_Licenses")): Object: 'Object Repository/Admin Page/Qualifications/Licenses/li_Licenses' is clicked on

2023-03-08 08:37:22 - [MESSAGE][PASSED] - Object: 'Object Repository/Admin Page/Qualifications/Licenses/li_Licenses' is clicked on

2023-03-08 08:37:22 - [TEST_STEP][PASSED] - click(findTestObject("Admin Page/Qualifications/Licenses/button_Edit")): Object: 'Object Repository/Admin Page/Qualifications/Licenses/button_Edit' is clicked on

2023-03-08 08:37:25 - [MESSAGE][PASSED] - Object: 'Object Repository/Admin Page/Qualifications/Licenses/button_Edit' is clicked on

2023-03-08 08:37:25 - [TEST_STEP][PASSED] - sendKeys(findTestObject("Admin Page/Qualifications/Skills/textbox_Username"), Keys.chord(CONTROL, "a")): Keys 'CONTROL + a' sent to object: 'Object Repository/Admin Page/Qualifications/Skills/textbox_Username'

2023-03-08 08:37:27 - [MESSAGE][PASSED] - Keys 'CONTROL + a' sent to object: 'Object Repository/Admin Page/Qualifications/Skills/textbox_Username'

2023-03-08 08:37:27 - [TEST_STEP][PASSED] - sendKeys(findTestObject("Admin Page/Qualifications/Skills/textbox_Username_selected"), "Practicioner Advanced-Automation"): Keys 'Practicioner Advanced-Automation' sent to object: 'Object Repository/Admin Page/Qualifications/Skills/textbox_Username_selected'

2023-03-08 08:37:29 - [MESSAGE][PASSED] - Keys 'Practicioner Advanced-Automation' sent to object: 'Object Repository/Admin Page/Qualifications/Skills/textbox_Username_selected'

2023-03-08 08:37:29 - [TEST_STEP][PASSED] - click(findTestObject("Admin Page/Qualifications/Skills/button_Save")): Object: 'Object Repository/Admin Page/Qualifications/Skills/button_Save' is clicked on

2023-03-08 08:37:30 - [MESSAGE][PASSED] - Object: 'Object Repository/Admin Page/Qualifications/Skills/button_Save' is clicked on

2023-03-08 08:37:30 - [TEST_STEP][PASSED] - waitForElementPresent(findTestObject("Confirmation messages/message_SuccessSuccessfullyUpdated"), 10): Object 'Object Repository/Confirmation messages/message_SuccessSuccessfullyUpdated' is present

2023-03-08 08:37:31 - [MESSAGE][PASSED] - Object 'Object Repository/Confirmation messages/message_SuccessSuccessfullyUpdated' is present

2023-03-08 08:37:31 - [TEST_STEP][PASSED] - verifyElementPresent(findTestObject("Confirmation messages/message_SuccessSuccessfullyUpdated"), 10): Object 'Object Repository/Confirmation messages/message_SuccessSuccessfullyUpdated' is present

2023-03-08 08:37:32 - [MESSAGE][PASSED] - Object 'Object Repository/Confirmation messages/message_SuccessSuccessfullyUpdated' is present

2023-03-08 08:37:32 - [TEST_STEP][PASSED] - Start listener action : sampleAfterTestCase: Browser is closed

2023-03-08 08:37:32 - [TEST_STEP][PASSED] - println(testCaseContext.getTestCaseId()): null

2023-03-08 08:37:32 - [TEST_STEP][PASSED] - println(testCaseContext.getTestCaseStatus()): null

2023-03-08 08:37:32 - [TEST_STEP][PASSED] - closeBrowser(): Browser is closed

2023-03-08 08:37:32 - [MESSAGE][PASSED] - Browser is closed]]></system-out>
         <system-err><![CDATA[]]></system-err>
      </testcase>
      <testcase name="Test Cases/Admin Page/Qualifications/Licenses/Delete License" time="38.53" classname="Test Cases/Admin Page/Qualifications/Licenses/Delete License" status="PASSED">
         <system-out><![CDATA[2023-03-08 08:37:32 - [TEST_CASE][PASSED] - Test Cases/Admin Page/Qualifications/Licenses/Delete License: Test Cases/Admin Page/Qualifications/Licenses/Delete License

2023-03-08 08:37:32 - [TEST_STEP][PASSED] - Start listener action : sampleBeforeTestCase: orange.keywords.userLogin is PASSED

2023-03-08 08:37:32 - [TEST_STEP][PASSED] - println(testCaseContext.getTestCaseId()): null

2023-03-08 08:37:32 - [TEST_STEP][PASSED] - println(testCaseContext.getTestCaseVariables()): null

2023-03-08 08:37:32 - [TEST_STEP][PASSED] - openBrowser(baseURL): Browser is opened with url: 'https://opensource-demo.orangehrmlive.com/web/index.php/auth/login'

2023-03-08 08:37:32 - [MESSAGE][INFO] - Starting 'Chrome' driver

2023-03-08 08:37:32 - [MESSAGE][INFO] - Action delay is set to 1,000 milliseconds

2023-03-08 08:37:51 - [MESSAGE][PASSED] - Browser is opened with url: 'https://opensource-demo.orangehrmlive.com/web/index.php/auth/login'

2023-03-08 08:37:51 - [TEST_STEP][PASSED] - maximizeWindow(): Current window maximized

2023-03-08 08:37:51 - [MESSAGE][PASSED] - Current window maximized

2023-03-08 08:37:51 - [TEST_STEP][PASSED] - orange.keywords.userLogin(findTestObject("Login Page/textbox_Username"), username, findTestObject("Login Page/textbox_Password"), password, findTestObject("Login Page/button_Login")): orange.keywords.userLogin is PASSED

2023-03-08 08:37:57 - [MESSAGE][PASSED] - orange.keywords.userLogin is PASSED

2023-03-08 08:37:58 - [TEST_STEP][PASSED] - click(findTestObject("Navigation Sidebar/a_Admin")): Object: 'Object Repository/Navigation Sidebar/a_Admin' is clicked on

2023-03-08 08:38:01 - [MESSAGE][PASSED] - Object: 'Object Repository/Navigation Sidebar/a_Admin' is clicked on

2023-03-08 08:38:01 - [TEST_STEP][PASSED] - click(findTestObject("Admin Page/Qualifications/li_Qualifications")): Object: 'Object Repository/Admin Page/Qualifications/li_Qualifications' is clicked on

2023-03-08 08:38:03 - [MESSAGE][PASSED] - Object: 'Object Repository/Admin Page/Qualifications/li_Qualifications' is clicked on

2023-03-08 08:38:03 - [TEST_STEP][PASSED] - click(findTestObject("Admin Page/Qualifications/Licenses/li_Licenses")): Object: 'Object Repository/Admin Page/Qualifications/Licenses/li_Licenses' is clicked on

2023-03-08 08:38:05 - [MESSAGE][PASSED] - Object: 'Object Repository/Admin Page/Qualifications/Licenses/li_Licenses' is clicked on

2023-03-08 08:38:05 - [TEST_STEP][PASSED] - click(findTestObject("Admin Page/Qualifications/Licenses/button_Delete")): Object: 'Object Repository/Admin Page/Qualifications/Licenses/button_Delete' is clicked on

2023-03-08 08:38:07 - [MESSAGE][PASSED] - Object: 'Object Repository/Admin Page/Qualifications/Licenses/button_Delete' is clicked on

2023-03-08 08:38:07 - [TEST_STEP][PASSED] - click(findTestObject("Admin Page/Qualifications/Languages/button_Yes, Delete")): Object: 'Object Repository/Admin Page/Qualifications/Languages/button_Yes, Delete' is clicked on

2023-03-08 08:38:09 - [MESSAGE][PASSED] - Object: 'Object Repository/Admin Page/Qualifications/Languages/button_Yes, Delete' is clicked on

2023-03-08 08:38:09 - [TEST_STEP][PASSED] - waitForElementPresent(findTestObject("Confirmation messages/message_SuccessSuccessfullyDeleted"), 10): Object 'Object Repository/Confirmation messages/message_SuccessSuccessfullyDeleted' is present

2023-03-08 08:38:10 - [MESSAGE][PASSED] - Object 'Object Repository/Confirmation messages/message_SuccessSuccessfullyDeleted' is present

2023-03-08 08:38:10 - [TEST_STEP][PASSED] - verifyElementPresent(findTestObject("Confirmation messages/message_SuccessSuccessfullyDeleted"), 10): Object 'Object Repository/Confirmation messages/message_SuccessSuccessfullyDeleted' is present

2023-03-08 08:38:10 - [MESSAGE][PASSED] - Object 'Object Repository/Confirmation messages/message_SuccessSuccessfullyDeleted' is present

2023-03-08 08:38:10 - [TEST_STEP][PASSED] - Start listener action : sampleAfterTestCase: Browser is closed

2023-03-08 08:38:10 - [TEST_STEP][PASSED] - println(testCaseContext.getTestCaseId()): null

2023-03-08 08:38:10 - [TEST_STEP][PASSED] - println(testCaseContext.getTestCaseStatus()): null

2023-03-08 08:38:10 - [TEST_STEP][PASSED] - closeBrowser(): Browser is closed

2023-03-08 08:38:11 - [MESSAGE][PASSED] - Browser is closed]]></system-out>
         <system-err><![CDATA[]]></system-err>
      </testcase>
      <testcase name="Test Cases/Admin Page/Qualifications/Memberships/Add Membership" time="27.992" classname="Test Cases/Admin Page/Qualifications/Memberships/Add Membership" status="PASSED">
         <system-out><![CDATA[2023-03-08 08:38:11 - [TEST_CASE][PASSED] - Test Cases/Admin Page/Qualifications/Memberships/Add Membership: Test Cases/Admin Page/Qualifications/Memberships/Add Membership

2023-03-08 08:38:11 - [TEST_STEP][PASSED] - Start listener action : sampleBeforeTestCase: orange.keywords.userLogin is PASSED

2023-03-08 08:38:11 - [TEST_STEP][PASSED] - println(testCaseContext.getTestCaseId()): null

2023-03-08 08:38:11 - [TEST_STEP][PASSED] - println(testCaseContext.getTestCaseVariables()): null

2023-03-08 08:38:11 - [TEST_STEP][PASSED] - openBrowser(baseURL): Browser is opened with url: 'https://opensource-demo.orangehrmlive.com/web/index.php/auth/login'

2023-03-08 08:38:11 - [MESSAGE][INFO] - Starting 'Chrome' driver

2023-03-08 08:38:11 - [MESSAGE][INFO] - Action delay is set to 1,000 milliseconds

2023-03-08 08:38:16 - [MESSAGE][PASSED] - Browser is opened with url: 'https://opensource-demo.orangehrmlive.com/web/index.php/auth/login'

2023-03-08 08:38:16 - [TEST_STEP][PASSED] - maximizeWindow(): Current window maximized

2023-03-08 08:38:16 - [MESSAGE][PASSED] - Current window maximized

2023-03-08 08:38:16 - [TEST_STEP][PASSED] - orange.keywords.userLogin(findTestObject("Login Page/textbox_Username"), username, findTestObject("Login Page/textbox_Password"), password, findTestObject("Login Page/button_Login")): orange.keywords.userLogin is PASSED

2023-03-08 08:38:22 - [MESSAGE][PASSED] - orange.keywords.userLogin is PASSED

2023-03-08 08:38:22 - [TEST_STEP][PASSED] - click(findTestObject("Navigation Sidebar/a_Admin")): Object: 'Object Repository/Navigation Sidebar/a_Admin' is clicked on

2023-03-08 08:38:25 - [MESSAGE][PASSED] - Object: 'Object Repository/Navigation Sidebar/a_Admin' is clicked on

2023-03-08 08:38:25 - [TEST_STEP][PASSED] - click(findTestObject("Admin Page/Qualifications/li_Qualifications")): Object: 'Object Repository/Admin Page/Qualifications/li_Qualifications' is clicked on

2023-03-08 08:38:28 - [MESSAGE][PASSED] - Object: 'Object Repository/Admin Page/Qualifications/li_Qualifications' is clicked on

2023-03-08 08:38:28 - [TEST_STEP][PASSED] - click(findTestObject("Admin Page/Qualifications/Memberships/li_Memberships")): Object: 'Object Repository/Admin Page/Qualifications/Memberships/li_Memberships' is clicked on

2023-03-08 08:38:30 - [MESSAGE][PASSED] - Object: 'Object Repository/Admin Page/Qualifications/Memberships/li_Memberships' is clicked on

2023-03-08 08:38:30 - [TEST_STEP][PASSED] - click(findTestObject("Admin Page/Qualifications/Languages/button_Add")): Object: 'Object Repository/Admin Page/Qualifications/Languages/button_Add' is clicked on

2023-03-08 08:38:33 - [MESSAGE][PASSED] - Object: 'Object Repository/Admin Page/Qualifications/Languages/button_Add' is clicked on

2023-03-08 08:38:33 - [TEST_STEP][PASSED] - sendKeys(findTestObject("Admin Page/Qualifications/Skills/textbox_Username"), "Gold Membership-Automation"): Keys 'Gold Membership-Automation' sent to object: 'Object Repository/Admin Page/Qualifications/Skills/textbox_Username'

2023-03-08 08:38:35 - [MESSAGE][PASSED] - Keys 'Gold Membership-Automation' sent to object: 'Object Repository/Admin Page/Qualifications/Skills/textbox_Username'

2023-03-08 08:38:35 - [TEST_STEP][PASSED] - takeScreenshotAsCheckpoint("Membership info"): Taking screenshot successfully

2023-03-08 08:38:35 - [MESSAGE][INFO] - 0 hidden object(s)

2023-03-08 08:38:36 - [MESSAGE][PASSED] - Taking screenshot successfully
[[ATTACHMENT|keyes\keyes-Membership info.png]]

2023-03-08 08:38:36 - [TEST_STEP][PASSED] - click(findTestObject("Admin Page/Qualifications/Skills/button_Save")): Object: 'Object Repository/Admin Page/Qualifications/Skills/button_Save' is clicked on

2023-03-08 08:38:37 - [MESSAGE][PASSED] - Object: 'Object Repository/Admin Page/Qualifications/Skills/button_Save' is clicked on

2023-03-08 08:38:37 - [TEST_STEP][PASSED] - waitForElementPresent(findTestObject("Confirmation messages/message_SuccessSuccessfullySaved"), 10): Object 'Object Repository/Confirmation messages/message_SuccessSuccessfullySaved' is present

2023-03-08 08:38:38 - [MESSAGE][PASSED] - Object 'Object Repository/Confirmation messages/message_SuccessSuccessfullySaved' is present

2023-03-08 08:38:38 - [TEST_STEP][PASSED] - verifyElementPresent(findTestObject("Confirmation messages/message_SuccessSuccessfullySaved"), 10): Object 'Object Repository/Confirmation messages/message_SuccessSuccessfullySaved' is present

2023-03-08 08:38:38 - [MESSAGE][PASSED] - Object 'Object Repository/Confirmation messages/message_SuccessSuccessfullySaved' is present

2023-03-08 08:38:38 - [TEST_STEP][PASSED] - Start listener action : sampleAfterTestCase: Browser is closed

2023-03-08 08:38:38 - [TEST_STEP][PASSED] - println(testCaseContext.getTestCaseId()): null

2023-03-08 08:38:38 - [TEST_STEP][PASSED] - println(testCaseContext.getTestCaseStatus()): null

2023-03-08 08:38:38 - [TEST_STEP][PASSED] - closeBrowser(): Browser is closed

2023-03-08 08:38:39 - [MESSAGE][PASSED] - Browser is closed]]></system-out>
         <system-err><![CDATA[]]></system-err>
      </testcase>
      <testcase name="Test Cases/Admin Page/Qualifications/Memberships/Edit Membership" time="29.839" classname="Test Cases/Admin Page/Qualifications/Memberships/Edit Membership" status="PASSED">
         <system-out><![CDATA[2023-03-08 08:38:39 - [TEST_CASE][PASSED] - Test Cases/Admin Page/Qualifications/Memberships/Edit Membership: Test Cases/Admin Page/Qualifications/Memberships/Edit Membership

2023-03-08 08:38:39 - [TEST_STEP][PASSED] - Start listener action : sampleBeforeTestCase: orange.keywords.userLogin is PASSED

2023-03-08 08:38:39 - [TEST_STEP][PASSED] - println(testCaseContext.getTestCaseId()): null

2023-03-08 08:38:39 - [TEST_STEP][PASSED] - println(testCaseContext.getTestCaseVariables()): null

2023-03-08 08:38:39 - [TEST_STEP][PASSED] - openBrowser(baseURL): Browser is opened with url: 'https://opensource-demo.orangehrmlive.com/web/index.php/auth/login'

2023-03-08 08:38:39 - [MESSAGE][INFO] - Starting 'Chrome' driver

2023-03-08 08:38:39 - [MESSAGE][INFO] - Action delay is set to 1,000 milliseconds

2023-03-08 08:38:44 - [MESSAGE][PASSED] - Browser is opened with url: 'https://opensource-demo.orangehrmlive.com/web/index.php/auth/login'

2023-03-08 08:38:44 - [TEST_STEP][PASSED] - maximizeWindow(): Current window maximized

2023-03-08 08:38:44 - [MESSAGE][PASSED] - Current window maximized

2023-03-08 08:38:44 - [TEST_STEP][PASSED] - orange.keywords.userLogin(findTestObject("Login Page/textbox_Username"), username, findTestObject("Login Page/textbox_Password"), password, findTestObject("Login Page/button_Login")): orange.keywords.userLogin is PASSED

2023-03-08 08:38:50 - [MESSAGE][PASSED] - orange.keywords.userLogin is PASSED

2023-03-08 08:38:50 - [TEST_STEP][PASSED] - click(findTestObject("Navigation Sidebar/a_Admin")): Object: 'Object Repository/Navigation Sidebar/a_Admin' is clicked on

2023-03-08 08:38:54 - [MESSAGE][PASSED] - Object: 'Object Repository/Navigation Sidebar/a_Admin' is clicked on

2023-03-08 08:38:54 - [TEST_STEP][PASSED] - click(findTestObject("Admin Page/Qualifications/li_Qualifications")): Object: 'Object Repository/Admin Page/Qualifications/li_Qualifications' is clicked on

2023-03-08 08:38:56 - [MESSAGE][PASSED] - Object: 'Object Repository/Admin Page/Qualifications/li_Qualifications' is clicked on

2023-03-08 08:38:56 - [TEST_STEP][PASSED] - click(findTestObject("Admin Page/Qualifications/Memberships/li_Memberships")): Object: 'Object Repository/Admin Page/Qualifications/Memberships/li_Memberships' is clicked on

2023-03-08 08:38:59 - [MESSAGE][PASSED] - Object: 'Object Repository/Admin Page/Qualifications/Memberships/li_Memberships' is clicked on

2023-03-08 08:38:59 - [TEST_STEP][PASSED] - click(findTestObject("Admin Page/Qualifications/Memberships/button_Edit")): Object: 'Object Repository/Admin Page/Qualifications/Memberships/button_Edit' is clicked on

2023-03-08 08:39:01 - [MESSAGE][PASSED] - Object: 'Object Repository/Admin Page/Qualifications/Memberships/button_Edit' is clicked on

2023-03-08 08:39:01 - [TEST_STEP][PASSED] - sendKeys(findTestObject("Admin Page/Qualifications/Memberships/textbox_Username"), Keys.chord(CONTROL, "a")): Keys 'CONTROL + a' sent to object: 'Object Repository/Admin Page/Qualifications/Memberships/textbox_Username'

2023-03-08 08:39:04 - [MESSAGE][PASSED] - Keys 'CONTROL + a' sent to object: 'Object Repository/Admin Page/Qualifications/Memberships/textbox_Username'

2023-03-08 08:39:04 - [TEST_STEP][PASSED] - sendKeys(findTestObject("Admin Page/Qualifications/Skills/textbox_Username_selected"), "Platinum Membership-Automation"): Keys 'Platinum Membership-Automation' sent to object: 'Object Repository/Admin Page/Qualifications/Skills/textbox_Username_selected'

2023-03-08 08:39:05 - [MESSAGE][PASSED] - Keys 'Platinum Membership-Automation' sent to object: 'Object Repository/Admin Page/Qualifications/Skills/textbox_Username_selected'

2023-03-08 08:39:05 - [TEST_STEP][PASSED] - click(findTestObject("Admin Page/Qualifications/Skills/button_Save")): Object: 'Object Repository/Admin Page/Qualifications/Skills/button_Save' is clicked on

2023-03-08 08:39:07 - [MESSAGE][PASSED] - Object: 'Object Repository/Admin Page/Qualifications/Skills/button_Save' is clicked on

2023-03-08 08:39:07 - [TEST_STEP][PASSED] - waitForElementPresent(findTestObject("Confirmation messages/message_SuccessSuccessfullyUpdated"), 10): Object 'Object Repository/Confirmation messages/message_SuccessSuccessfullyUpdated' is present

2023-03-08 08:39:08 - [MESSAGE][PASSED] - Object 'Object Repository/Confirmation messages/message_SuccessSuccessfullyUpdated' is present

2023-03-08 08:39:08 - [TEST_STEP][PASSED] - verifyElementPresent(findTestObject("Confirmation messages/message_SuccessSuccessfullyUpdated"), 10): Object 'Object Repository/Confirmation messages/message_SuccessSuccessfullyUpdated' is present

2023-03-08 08:39:08 - [MESSAGE][PASSED] - Object 'Object Repository/Confirmation messages/message_SuccessSuccessfullyUpdated' is present

2023-03-08 08:39:08 - [TEST_STEP][PASSED] - Start listener action : sampleAfterTestCase: Browser is closed

2023-03-08 08:39:08 - [TEST_STEP][PASSED] - println(testCaseContext.getTestCaseId()): null

2023-03-08 08:39:08 - [TEST_STEP][PASSED] - println(testCaseContext.getTestCaseStatus()): null

2023-03-08 08:39:08 - [TEST_STEP][PASSED] - closeBrowser(): Browser is closed

2023-03-08 08:39:09 - [MESSAGE][PASSED] - Browser is closed]]></system-out>
         <system-err><![CDATA[]]></system-err>
      </testcase>
      <testcase name="Test Cases/Admin Page/Qualifications/Memberships/Delete Membership" time="26.979" classname="Test Cases/Admin Page/Qualifications/Memberships/Delete Membership" status="PASSED">
         <system-out><![CDATA[2023-03-08 08:39:09 - [TEST_CASE][PASSED] - Test Cases/Admin Page/Qualifications/Memberships/Delete Membership: Test Cases/Admin Page/Qualifications/Memberships/Delete Membership

2023-03-08 08:39:09 - [TEST_STEP][PASSED] - Start listener action : sampleBeforeTestCase: orange.keywords.userLogin is PASSED

2023-03-08 08:39:09 - [TEST_STEP][PASSED] - println(testCaseContext.getTestCaseId()): null

2023-03-08 08:39:09 - [TEST_STEP][PASSED] - println(testCaseContext.getTestCaseVariables()): null

2023-03-08 08:39:09 - [TEST_STEP][PASSED] - openBrowser(baseURL): Browser is opened with url: 'https://opensource-demo.orangehrmlive.com/web/index.php/auth/login'

2023-03-08 08:39:09 - [MESSAGE][INFO] - Starting 'Chrome' driver

2023-03-08 08:39:09 - [MESSAGE][INFO] - Action delay is set to 1,000 milliseconds

2023-03-08 08:39:15 - [MESSAGE][PASSED] - Browser is opened with url: 'https://opensource-demo.orangehrmlive.com/web/index.php/auth/login'

2023-03-08 08:39:15 - [TEST_STEP][PASSED] - maximizeWindow(): Current window maximized

2023-03-08 08:39:15 - [MESSAGE][PASSED] - Current window maximized

2023-03-08 08:39:15 - [TEST_STEP][PASSED] - orange.keywords.userLogin(findTestObject("Login Page/textbox_Username"), username, findTestObject("Login Page/textbox_Password"), password, findTestObject("Login Page/button_Login")): orange.keywords.userLogin is PASSED

2023-03-08 08:39:21 - [MESSAGE][PASSED] - orange.keywords.userLogin is PASSED

2023-03-08 08:39:22 - [TEST_STEP][PASSED] - click(findTestObject("Navigation Sidebar/a_Admin")): Object: 'Object Repository/Navigation Sidebar/a_Admin' is clicked on

2023-03-08 08:39:25 - [MESSAGE][PASSED] - Object: 'Object Repository/Navigation Sidebar/a_Admin' is clicked on

2023-03-08 08:39:25 - [TEST_STEP][PASSED] - click(findTestObject("Admin Page/Qualifications/li_Qualifications")): Object: 'Object Repository/Admin Page/Qualifications/li_Qualifications' is clicked on

2023-03-08 08:39:28 - [MESSAGE][PASSED] - Object: 'Object Repository/Admin Page/Qualifications/li_Qualifications' is clicked on

2023-03-08 08:39:28 - [TEST_STEP][PASSED] - click(findTestObject("Admin Page/Qualifications/Memberships/li_Memberships")): Object: 'Object Repository/Admin Page/Qualifications/Memberships/li_Memberships' is clicked on

2023-03-08 08:39:30 - [MESSAGE][PASSED] - Object: 'Object Repository/Admin Page/Qualifications/Memberships/li_Memberships' is clicked on

2023-03-08 08:39:30 - [TEST_STEP][PASSED] - click(findTestObject("Admin Page/Qualifications/Memberships/button_Delete")): Object: 'Object Repository/Admin Page/Qualifications/Memberships/button_Delete' is clicked on

2023-03-08 08:39:32 - [MESSAGE][PASSED] - Object: 'Object Repository/Admin Page/Qualifications/Memberships/button_Delete' is clicked on

2023-03-08 08:39:32 - [TEST_STEP][PASSED] - click(findTestObject("Admin Page/Qualifications/Languages/button_Yes, Delete")): Object: 'Object Repository/Admin Page/Qualifications/Languages/button_Yes, Delete' is clicked on

2023-03-08 08:39:34 - [MESSAGE][PASSED] - Object: 'Object Repository/Admin Page/Qualifications/Languages/button_Yes, Delete' is clicked on

2023-03-08 08:39:34 - [TEST_STEP][PASSED] - waitForElementPresent(findTestObject("Confirmation messages/message_SuccessSuccessfullyDeleted"), 10): Object 'Object Repository/Confirmation messages/message_SuccessSuccessfullyDeleted' is present

2023-03-08 08:39:35 - [MESSAGE][PASSED] - Object 'Object Repository/Confirmation messages/message_SuccessSuccessfullyDeleted' is present

2023-03-08 08:39:35 - [TEST_STEP][PASSED] - verifyElementPresent(findTestObject("Confirmation messages/message_SuccessSuccessfullyDeleted"), 10): Object 'Object Repository/Confirmation messages/message_SuccessSuccessfullyDeleted' is present

2023-03-08 08:39:35 - [MESSAGE][PASSED] - Object 'Object Repository/Confirmation messages/message_SuccessSuccessfullyDeleted' is present

2023-03-08 08:39:35 - [TEST_STEP][PASSED] - Start listener action : sampleAfterTestCase: Browser is closed

2023-03-08 08:39:35 - [TEST_STEP][PASSED] - println(testCaseContext.getTestCaseId()): null

2023-03-08 08:39:35 - [TEST_STEP][PASSED] - println(testCaseContext.getTestCaseStatus()): null

2023-03-08 08:39:35 - [TEST_STEP][PASSED] - closeBrowser(): Browser is closed

2023-03-08 08:39:36 - [MESSAGE][PASSED] - Browser is closed]]></system-out>
         <system-err><![CDATA[]]></system-err>
      </testcase>
      <testcase name="Test Cases/Admin Page/Qualifications/Skills/Add Skill" time="30.537" classname="Test Cases/Admin Page/Qualifications/Skills/Add Skill" status="PASSED">
         <system-out><![CDATA[2023-03-08 08:39:36 - [TEST_CASE][PASSED] - Test Cases/Admin Page/Qualifications/Skills/Add Skill: Test Cases/Admin Page/Qualifications/Skills/Add Skill

2023-03-08 08:39:36 - [TEST_STEP][PASSED] - Start listener action : sampleBeforeTestCase: orange.keywords.userLogin is PASSED

2023-03-08 08:39:36 - [TEST_STEP][PASSED] - println(testCaseContext.getTestCaseId()): null

2023-03-08 08:39:36 - [TEST_STEP][PASSED] - println(testCaseContext.getTestCaseVariables()): null

2023-03-08 08:39:36 - [TEST_STEP][PASSED] - openBrowser(baseURL): Browser is opened with url: 'https://opensource-demo.orangehrmlive.com/web/index.php/auth/login'

2023-03-08 08:39:36 - [MESSAGE][INFO] - Starting 'Chrome' driver

2023-03-08 08:39:36 - [MESSAGE][INFO] - Action delay is set to 1,000 milliseconds

2023-03-08 08:39:40 - [MESSAGE][PASSED] - Browser is opened with url: 'https://opensource-demo.orangehrmlive.com/web/index.php/auth/login'

2023-03-08 08:39:40 - [TEST_STEP][PASSED] - maximizeWindow(): Current window maximized

2023-03-08 08:39:40 - [MESSAGE][PASSED] - Current window maximized

2023-03-08 08:39:40 - [TEST_STEP][PASSED] - orange.keywords.userLogin(findTestObject("Login Page/textbox_Username"), username, findTestObject("Login Page/textbox_Password"), password, findTestObject("Login Page/button_Login")): orange.keywords.userLogin is PASSED

2023-03-08 08:39:46 - [MESSAGE][PASSED] - orange.keywords.userLogin is PASSED

2023-03-08 08:39:47 - [TEST_STEP][PASSED] - click(findTestObject("Navigation Sidebar/a_Admin")): Object: 'Object Repository/Navigation Sidebar/a_Admin' is clicked on

2023-03-08 08:39:50 - [MESSAGE][PASSED] - Object: 'Object Repository/Navigation Sidebar/a_Admin' is clicked on

2023-03-08 08:39:50 - [TEST_STEP][PASSED] - click(findTestObject("Admin Page/Qualifications/li_Qualifications")): Object: 'Object Repository/Admin Page/Qualifications/li_Qualifications' is clicked on

2023-03-08 08:39:53 - [MESSAGE][PASSED] - Object: 'Object Repository/Admin Page/Qualifications/li_Qualifications' is clicked on

2023-03-08 08:39:53 - [TEST_STEP][PASSED] - click(findTestObject("Admin Page/Qualifications/Skills/li_Skills")): Object: 'Object Repository/Admin Page/Qualifications/Skills/li_Skills' is clicked on

2023-03-08 08:39:55 - [MESSAGE][PASSED] - Object: 'Object Repository/Admin Page/Qualifications/Skills/li_Skills' is clicked on

2023-03-08 08:39:55 - [TEST_STEP][PASSED] - click(findTestObject("Admin Page/Qualifications/Languages/button_Add")): Object: 'Object Repository/Admin Page/Qualifications/Languages/button_Add' is clicked on

2023-03-08 08:39:58 - [MESSAGE][PASSED] - Object: 'Object Repository/Admin Page/Qualifications/Languages/button_Add' is clicked on

2023-03-08 08:39:58 - [TEST_STEP][PASSED] - sendKeys(findTestObject("Admin Page/Qualifications/Skills/textbox_Username"), "Assertiveness-Automation"): Keys 'Assertiveness-Automation' sent to object: 'Object Repository/Admin Page/Qualifications/Skills/textbox_Username'

2023-03-08 08:40:00 - [MESSAGE][PASSED] - Keys 'Assertiveness-Automation' sent to object: 'Object Repository/Admin Page/Qualifications/Skills/textbox_Username'

2023-03-08 08:40:00 - [TEST_STEP][PASSED] - sendKeys(findTestObject("Admin Page/Qualifications/Skills/textarea_Description"), "Everything best"): Keys 'Everything best' sent to object: 'Object Repository/Admin Page/Qualifications/Skills/textarea_Description'

2023-03-08 08:40:02 - [MESSAGE][PASSED] - Keys 'Everything best' sent to object: 'Object Repository/Admin Page/Qualifications/Skills/textarea_Description'

2023-03-08 08:40:02 - [TEST_STEP][PASSED] - takeScreenshotAsCheckpoint("Added Skill Info"): Taking screenshot successfully

2023-03-08 08:40:02 - [MESSAGE][INFO] - 0 hidden object(s)

2023-03-08 08:40:02 - [MESSAGE][PASSED] - Taking screenshot successfully
[[ATTACHMENT|keyes\keyes-Added Skill Info.png]]

2023-03-08 08:40:03 - [TEST_STEP][PASSED] - click(findTestObject("Admin Page/Qualifications/Skills/button_Save")): Object: 'Object Repository/Admin Page/Qualifications/Skills/button_Save' is clicked on

2023-03-08 08:40:04 - [MESSAGE][PASSED] - Object: 'Object Repository/Admin Page/Qualifications/Skills/button_Save' is clicked on

2023-03-08 08:40:04 - [TEST_STEP][PASSED] - waitForElementPresent(findTestObject("Confirmation messages/message_SuccessSuccessfullySaved"), 10): Object 'Object Repository/Confirmation messages/message_SuccessSuccessfullySaved' is present

2023-03-08 08:40:05 - [MESSAGE][PASSED] - Object 'Object Repository/Confirmation messages/message_SuccessSuccessfullySaved' is present

2023-03-08 08:40:05 - [TEST_STEP][PASSED] - verifyElementPresent(findTestObject("Confirmation messages/message_SuccessSuccessfullySaved"), 10): Object 'Object Repository/Confirmation messages/message_SuccessSuccessfullySaved' is present

2023-03-08 08:40:05 - [MESSAGE][PASSED] - Object 'Object Repository/Confirmation messages/message_SuccessSuccessfullySaved' is present

2023-03-08 08:40:05 - [TEST_STEP][PASSED] - Start listener action : sampleAfterTestCase: Browser is closed

2023-03-08 08:40:05 - [TEST_STEP][PASSED] - println(testCaseContext.getTestCaseId()): null

2023-03-08 08:40:05 - [TEST_STEP][PASSED] - println(testCaseContext.getTestCaseStatus()): null

2023-03-08 08:40:05 - [TEST_STEP][PASSED] - closeBrowser(): Browser is closed

2023-03-08 08:40:06 - [MESSAGE][PASSED] - Browser is closed]]></system-out>
         <system-err><![CDATA[]]></system-err>
      </testcase>
      <testcase name="Test Cases/Admin Page/Qualifications/Skills/Edit Skill" time="34.443" classname="Test Cases/Admin Page/Qualifications/Skills/Edit Skill" status="PASSED">
         <system-out><![CDATA[2023-03-08 08:40:06 - [TEST_CASE][PASSED] - Test Cases/Admin Page/Qualifications/Skills/Edit Skill: Test Cases/Admin Page/Qualifications/Skills/Edit Skill

2023-03-08 08:40:06 - [TEST_STEP][PASSED] - Start listener action : sampleBeforeTestCase: orange.keywords.userLogin is PASSED

2023-03-08 08:40:06 - [TEST_STEP][PASSED] - println(testCaseContext.getTestCaseId()): null

2023-03-08 08:40:06 - [TEST_STEP][PASSED] - println(testCaseContext.getTestCaseVariables()): null

2023-03-08 08:40:06 - [TEST_STEP][PASSED] - openBrowser(baseURL): Browser is opened with url: 'https://opensource-demo.orangehrmlive.com/web/index.php/auth/login'

2023-03-08 08:40:06 - [MESSAGE][INFO] - Starting 'Chrome' driver

2023-03-08 08:40:06 - [MESSAGE][INFO] - Action delay is set to 1,000 milliseconds

2023-03-08 08:40:11 - [MESSAGE][PASSED] - Browser is opened with url: 'https://opensource-demo.orangehrmlive.com/web/index.php/auth/login'

2023-03-08 08:40:11 - [TEST_STEP][PASSED] - maximizeWindow(): Current window maximized

2023-03-08 08:40:12 - [MESSAGE][PASSED] - Current window maximized

2023-03-08 08:40:12 - [TEST_STEP][PASSED] - orange.keywords.userLogin(findTestObject("Login Page/textbox_Username"), username, findTestObject("Login Page/textbox_Password"), password, findTestObject("Login Page/button_Login")): orange.keywords.userLogin is PASSED

2023-03-08 08:40:18 - [MESSAGE][PASSED] - orange.keywords.userLogin is PASSED

2023-03-08 08:40:19 - [TEST_STEP][PASSED] - click(findTestObject("Navigation Sidebar/a_Admin")): Object: 'Object Repository/Navigation Sidebar/a_Admin' is clicked on

2023-03-08 08:40:22 - [MESSAGE][PASSED] - Object: 'Object Repository/Navigation Sidebar/a_Admin' is clicked on

2023-03-08 08:40:22 - [TEST_STEP][PASSED] - click(findTestObject("Admin Page/Qualifications/li_Qualifications")): Object: 'Object Repository/Admin Page/Qualifications/li_Qualifications' is clicked on

2023-03-08 08:40:25 - [MESSAGE][PASSED] - Object: 'Object Repository/Admin Page/Qualifications/li_Qualifications' is clicked on

2023-03-08 08:40:25 - [TEST_STEP][PASSED] - click(findTestObject("Admin Page/Qualifications/Skills/li_Skills")): Object: 'Object Repository/Admin Page/Qualifications/Skills/li_Skills' is clicked on

2023-03-08 08:40:27 - [MESSAGE][PASSED] - Object: 'Object Repository/Admin Page/Qualifications/Skills/li_Skills' is clicked on

2023-03-08 08:40:27 - [TEST_STEP][PASSED] - click(findTestObject("Admin Page/Qualifications/Skills/button_Edit")): Object: 'Object Repository/Admin Page/Qualifications/Skills/button_Edit' is clicked on

2023-03-08 08:40:30 - [MESSAGE][PASSED] - Object: 'Object Repository/Admin Page/Qualifications/Skills/button_Edit' is clicked on

2023-03-08 08:40:30 - [TEST_STEP][PASSED] - sendKeys(findTestObject("Admin Page/Qualifications/Skills/textbox_Username"), Keys.chord(CONTROL, "a")): Keys 'CONTROL + a' sent to object: 'Object Repository/Admin Page/Qualifications/Skills/textbox_Username'

2023-03-08 08:40:32 - [MESSAGE][PASSED] - Keys 'CONTROL + a' sent to object: 'Object Repository/Admin Page/Qualifications/Skills/textbox_Username'

2023-03-08 08:40:32 - [TEST_STEP][PASSED] - sendKeys(findTestObject("Admin Page/Qualifications/Skills/textbox_Username_selected"), "Assertiveness-Automation-Edited"): Keys 'Assertiveness-Automation-Edited' sent to object: 'Object Repository/Admin Page/Qualifications/Skills/textbox_Username_selected'

2023-03-08 08:40:34 - [MESSAGE][PASSED] - Keys 'Assertiveness-Automation-Edited' sent to object: 'Object Repository/Admin Page/Qualifications/Skills/textbox_Username_selected'

2023-03-08 08:40:34 - [TEST_STEP][PASSED] - sendKeys(findTestObject("Admin Page/Qualifications/Skills/textarea_Description"), Keys.chord(CONTROL, "a")): Keys 'CONTROL + a' sent to object: 'Object Repository/Admin Page/Qualifications/Skills/textarea_Description'

2023-03-08 08:40:35 - [MESSAGE][PASSED] - Keys 'CONTROL + a' sent to object: 'Object Repository/Admin Page/Qualifications/Skills/textarea_Description'

2023-03-08 08:40:35 - [TEST_STEP][PASSED] - sendKeys(findTestObject("Admin Page/Qualifications/Skills/textarea_Description"), "New description-new skill"): Keys 'New description-new skill' sent to object: 'Object Repository/Admin Page/Qualifications/Skills/textarea_Description'

2023-03-08 08:40:37 - [MESSAGE][PASSED] - Keys 'New description-new skill' sent to object: 'Object Repository/Admin Page/Qualifications/Skills/textarea_Description'

2023-03-08 08:40:37 - [TEST_STEP][PASSED] - click(findTestObject("Admin Page/Qualifications/Skills/button_Save")): Object: 'Object Repository/Admin Page/Qualifications/Skills/button_Save' is clicked on

2023-03-08 08:40:39 - [MESSAGE][PASSED] - Object: 'Object Repository/Admin Page/Qualifications/Skills/button_Save' is clicked on

2023-03-08 08:40:39 - [TEST_STEP][PASSED] - waitForElementPresent(findTestObject("Confirmation messages/message_SuccessSuccessfullyUpdated"), 10): Object 'Object Repository/Confirmation messages/message_SuccessSuccessfullyUpdated' is present

2023-03-08 08:40:39 - [MESSAGE][PASSED] - Object 'Object Repository/Confirmation messages/message_SuccessSuccessfullyUpdated' is present

2023-03-08 08:40:39 - [TEST_STEP][PASSED] - verifyElementPresent(findTestObject("Confirmation messages/message_SuccessSuccessfullyUpdated"), 10): Object 'Object Repository/Confirmation messages/message_SuccessSuccessfullyUpdated' is present

2023-03-08 08:40:40 - [MESSAGE][PASSED] - Object 'Object Repository/Confirmation messages/message_SuccessSuccessfullyUpdated' is present

2023-03-08 08:40:40 - [TEST_STEP][PASSED] - Start listener action : sampleAfterTestCase: Browser is closed

2023-03-08 08:40:40 - [TEST_STEP][PASSED] - println(testCaseContext.getTestCaseId()): null

2023-03-08 08:40:40 - [TEST_STEP][PASSED] - println(testCaseContext.getTestCaseStatus()): null

2023-03-08 08:40:40 - [TEST_STEP][PASSED] - closeBrowser(): Browser is closed

2023-03-08 08:40:41 - [MESSAGE][PASSED] - Browser is closed]]></system-out>
         <system-err><![CDATA[]]></system-err>
      </testcase>
      <testcase name="Test Cases/Admin Page/Qualifications/Skills/Delete Skill" time="26.18" classname="Test Cases/Admin Page/Qualifications/Skills/Delete Skill" status="PASSED">
         <system-out><![CDATA[2023-03-08 08:40:41 - [TEST_CASE][PASSED] - Test Cases/Admin Page/Qualifications/Skills/Delete Skill: Test Cases/Admin Page/Qualifications/Skills/Delete Skill

2023-03-08 08:40:41 - [TEST_STEP][PASSED] - Start listener action : sampleBeforeTestCase: orange.keywords.userLogin is PASSED

2023-03-08 08:40:41 - [TEST_STEP][PASSED] - println(testCaseContext.getTestCaseId()): null

2023-03-08 08:40:41 - [TEST_STEP][PASSED] - println(testCaseContext.getTestCaseVariables()): null

2023-03-08 08:40:41 - [TEST_STEP][PASSED] - openBrowser(baseURL): Browser is opened with url: 'https://opensource-demo.orangehrmlive.com/web/index.php/auth/login'

2023-03-08 08:40:41 - [MESSAGE][INFO] - Starting 'Chrome' driver

2023-03-08 08:40:41 - [MESSAGE][INFO] - Action delay is set to 1,000 milliseconds

2023-03-08 08:40:45 - [MESSAGE][PASSED] - Browser is opened with url: 'https://opensource-demo.orangehrmlive.com/web/index.php/auth/login'

2023-03-08 08:40:45 - [TEST_STEP][PASSED] - maximizeWindow(): Current window maximized

2023-03-08 08:40:46 - [MESSAGE][PASSED] - Current window maximized

2023-03-08 08:40:46 - [TEST_STEP][PASSED] - orange.keywords.userLogin(findTestObject("Login Page/textbox_Username"), username, findTestObject("Login Page/textbox_Password"), password, findTestObject("Login Page/button_Login")): orange.keywords.userLogin is PASSED

2023-03-08 08:40:52 - [MESSAGE][PASSED] - orange.keywords.userLogin is PASSED

2023-03-08 08:40:52 - [TEST_STEP][PASSED] - click(findTestObject("Navigation Sidebar/a_Admin")): Object: 'Object Repository/Navigation Sidebar/a_Admin' is clicked on

2023-03-08 08:40:56 - [MESSAGE][PASSED] - Object: 'Object Repository/Navigation Sidebar/a_Admin' is clicked on

2023-03-08 08:40:56 - [TEST_STEP][PASSED] - click(findTestObject("Admin Page/Qualifications/li_Qualifications")): Object: 'Object Repository/Admin Page/Qualifications/li_Qualifications' is clicked on

2023-03-08 08:40:58 - [MESSAGE][PASSED] - Object: 'Object Repository/Admin Page/Qualifications/li_Qualifications' is clicked on

2023-03-08 08:40:58 - [TEST_STEP][PASSED] - click(findTestObject("Admin Page/Qualifications/Skills/li_Skills")): Object: 'Object Repository/Admin Page/Qualifications/Skills/li_Skills' is clicked on

2023-03-08 08:41:00 - [MESSAGE][PASSED] - Object: 'Object Repository/Admin Page/Qualifications/Skills/li_Skills' is clicked on

2023-03-08 08:41:00 - [TEST_STEP][PASSED] - click(findTestObject("Admin Page/Qualifications/Skills/button_Delete")): Object: 'Object Repository/Admin Page/Qualifications/Skills/button_Delete' is clicked on

2023-03-08 08:41:03 - [MESSAGE][PASSED] - Object: 'Object Repository/Admin Page/Qualifications/Skills/button_Delete' is clicked on

2023-03-08 08:41:03 - [TEST_STEP][PASSED] - click(findTestObject("Admin Page/Qualifications/Languages/button_Yes, Delete")): Object: 'Object Repository/Admin Page/Qualifications/Languages/button_Yes, Delete' is clicked on

2023-03-08 08:41:05 - [MESSAGE][PASSED] - Object: 'Object Repository/Admin Page/Qualifications/Languages/button_Yes, Delete' is clicked on

2023-03-08 08:41:05 - [TEST_STEP][PASSED] - waitForElementPresent(findTestObject("Confirmation messages/message_SuccessSuccessfullyDeleted"), 10): Object 'Object Repository/Confirmation messages/message_SuccessSuccessfullyDeleted' is present

2023-03-08 08:41:05 - [MESSAGE][PASSED] - Object 'Object Repository/Confirmation messages/message_SuccessSuccessfullyDeleted' is present

2023-03-08 08:41:05 - [TEST_STEP][PASSED] - verifyElementPresent(findTestObject("Confirmation messages/message_SuccessSuccessfullyDeleted"), 10): Object 'Object Repository/Confirmation messages/message_SuccessSuccessfullyDeleted' is present

2023-03-08 08:41:06 - [MESSAGE][PASSED] - Object 'Object Repository/Confirmation messages/message_SuccessSuccessfullyDeleted' is present

2023-03-08 08:41:06 - [TEST_STEP][PASSED] - Start listener action : sampleAfterTestCase: Browser is closed

2023-03-08 08:41:06 - [TEST_STEP][PASSED] - println(testCaseContext.getTestCaseId()): null

2023-03-08 08:41:06 - [TEST_STEP][PASSED] - println(testCaseContext.getTestCaseStatus()): null

2023-03-08 08:41:06 - [TEST_STEP][PASSED] - closeBrowser(): Browser is closed

2023-03-08 08:41:07 - [MESSAGE][PASSED] - Browser is closed]]></system-out>
         <system-err><![CDATA[]]></system-err>
      </testcase>
      <system-out><![CDATA[2023-03-08 08:33:42 - [TEST_SUITE][PASSED] - Qualifications Dropdown Suite: Test Cases/Admin Page/Qualifications/Skills/Delete Skill]]></system-out>
      <system-err><![CDATA[]]></system-err>
   </testsuite>
</testsuites>
