<?xml version="1.0" encoding="UTF-8"?>
<testsuites name="Login Test Suite" time="63.428" tests="5" failures="0" errors="0">
   <testsuite name="Login Test Suite" tests="5" failures="0" errors="0" time="63.428" skipped="0" timestamp="2023-02-06 21:05:01" hostname="PC - DESKTOP-BHVHH8C" id="Test Suites/Login Test Suite">
      <properties>
         <property name="deviceName" value=""/>
         <property name="devicePlatform" value=""/>
         <property name="logFolder" value="C:\\Users\\PC\\git\\Orange Web Test Automation\\Reports\\20230206_210452\\Login Test Suite\\20230206_210452"/>
         <property name="logFiles" value="C:\\Users\\PC\\git\\Orange Web Test Automation\\Reports\\20230206_210452\\Login Test Suite\\20230206_210452\\execution0.log"/>
         <property name="attachments" value=""/>
         <property name="hostName" value="PC - DESKTOP-BHVHH8C"/>
         <property name="os" value="Windows 10 64bit"/>
         <property name="katalonVersion" value="8.5.5.208"/>
         <property name="browser" value="Chrome 109.0.0.0"/>
         <property name="hostAddress" value="192.168.0.25"/>
         <property name="sessionId" value="e3871d28351cac9fdca54fb619b7ded4"/>
         <property name="seleniumVersion" value="3.141.59"/>
         <property name="proxyInformation" value="ProxyInformation { proxyOption=NO_PROXY, proxyServerType=HTTP, username=, password=********, proxyServerAddress=, proxyServerPort=0, executionList=&quot;&quot;, isApplyToDesiredCapabilities=true }"/>
         <property name="platform" value="Windows 10"/>
      </properties>
      <testcase name="Test Cases/Login/Successfull login attempt" time="16.658" classname="Test Cases/Login/Successfull login attempt" status="PASSED">
         <system-out><![CDATA[2023-02-06 21:05:01 - [TEST_CASE][PASSED] - Test Cases/Login/Successfull login attempt: Test Cases/Login/Successfull login attempt

2023-02-06 21:05:01 - [TEST_STEP][PASSED] - Start listener action : sampleBeforeTestCase: Current window maximized

2023-02-06 21:05:01 - [TEST_STEP][PASSED] - println(testCaseContext.getTestCaseId()): null

2023-02-06 21:05:01 - [TEST_STEP][PASSED] - println(testCaseContext.getTestCaseVariables()): null

2023-02-06 21:05:01 - [TEST_STEP][PASSED] - openBrowser(baseURL): Browser is opened with url: 'https://opensource-demo.orangehrmlive.com/web/index.php/auth/login'

2023-02-06 21:05:02 - [MESSAGE][INFO] - Starting 'Chrome' driver

2023-02-06 21:05:02 - [MESSAGE][INFO] - Action delay is set to 1,000 milliseconds

2023-02-06 21:05:07 - [MESSAGE][PASSED] - Browser is opened with url: 'https://opensource-demo.orangehrmlive.com/web/index.php/auth/login'

2023-02-06 21:05:07 - [TEST_STEP][PASSED] - maximizeWindow(): Current window maximized

2023-02-06 21:05:07 - [MESSAGE][PASSED] - Current window maximized

2023-02-06 21:05:08 - [TEST_STEP][PASSED] - sendKeys(findTestObject("Login Page/textbox_Username"), "Admin"): Keys 'Admin' sent to object: 'Object Repository/Login Page/textbox_Username'

2023-02-06 21:05:10 - [MESSAGE][PASSED] - Keys 'Admin' sent to object: 'Object Repository/Login Page/textbox_Username'

2023-02-06 21:05:10 - [TEST_STEP][PASSED] - setEncryptedText(findTestObject("Login Page/textbox_Password"), "hUKwJTbofgPU9eVlw/CnDQ=="): Text ****** has been set on object 'Object Repository/Login Page/textbox_Password'

2023-02-06 21:05:13 - [MESSAGE][PASSED] - Text ****** has been set on object 'Object Repository/Login Page/textbox_Password'

2023-02-06 21:05:13 - [TEST_STEP][PASSED] - click(findTestObject("Login Page/button_Login")): Object: 'Object Repository/Login Page/button_Login' is clicked on

2023-02-06 21:05:16 - [MESSAGE][PASSED] - Object: 'Object Repository/Login Page/button_Login' is clicked on

2023-02-06 21:05:16 - [TEST_STEP][PASSED] - verifyElementPresent(findTestObject("Home Page/dropdown_user_profile"), 10): Object 'Object Repository/Home Page/dropdown_user_profile' is present

2023-02-06 21:05:17 - [MESSAGE][PASSED] - Object 'Object Repository/Home Page/dropdown_user_profile' is present

2023-02-06 21:05:17 - [TEST_STEP][PASSED] - Start listener action : sampleAfterTestCase: Browser is closed

2023-02-06 21:05:17 - [TEST_STEP][PASSED] - println(testCaseContext.getTestCaseId()): null

2023-02-06 21:05:17 - [TEST_STEP][PASSED] - println(testCaseContext.getTestCaseStatus()): null

2023-02-06 21:05:17 - [TEST_STEP][PASSED] - closeBrowser(): Browser is closed

2023-02-06 21:05:18 - [MESSAGE][PASSED] - Browser is closed]]></system-out>
         <system-err><![CDATA[]]></system-err>
      </testcase>
      <testcase name="Test Cases/Login/Unsuccessfull login attempt" time="12.814" classname="Test Cases/Login/Unsuccessfull login attempt" status="PASSED">
         <system-out><![CDATA[2023-02-06 21:05:18 - [TEST_CASE][PASSED] - Test Cases/Login/Unsuccessfull login attempt: Test Cases/Login/Unsuccessfull login attempt

2023-02-06 21:05:18 - [TEST_STEP][PASSED] - Start listener action : sampleBeforeTestCase: Current window maximized

2023-02-06 21:05:18 - [TEST_STEP][PASSED] - println(testCaseContext.getTestCaseId()): null

2023-02-06 21:05:18 - [TEST_STEP][PASSED] - println(testCaseContext.getTestCaseVariables()): null

2023-02-06 21:05:18 - [TEST_STEP][PASSED] - openBrowser(baseURL): Browser is opened with url: 'https://opensource-demo.orangehrmlive.com/web/index.php/auth/login'

2023-02-06 21:05:18 - [MESSAGE][INFO] - Starting 'Chrome' driver

2023-02-06 21:05:18 - [MESSAGE][INFO] - Action delay is set to 1,000 milliseconds

2023-02-06 21:05:22 - [MESSAGE][PASSED] - Browser is opened with url: 'https://opensource-demo.orangehrmlive.com/web/index.php/auth/login'

2023-02-06 21:05:22 - [TEST_STEP][PASSED] - maximizeWindow(): Current window maximized

2023-02-06 21:05:22 - [MESSAGE][PASSED] - Current window maximized

2023-02-06 21:05:23 - [TEST_STEP][PASSED] - sendKeys(findTestObject("Login Page/textbox_Username"), "Admin"): Keys 'Admin' sent to object: 'Object Repository/Login Page/textbox_Username'

2023-02-06 21:05:24 - [MESSAGE][PASSED] - Keys 'Admin' sent to object: 'Object Repository/Login Page/textbox_Username'

2023-02-06 21:05:24 - [TEST_STEP][PASSED] - setEncryptedText(findTestObject("Login Page/textbox_Password"), "1bcgBUi0Tj/gc3uc61HAVQ=="): Text ****** has been set on object 'Object Repository/Login Page/textbox_Password'

2023-02-06 21:05:27 - [MESSAGE][PASSED] - Text ****** has been set on object 'Object Repository/Login Page/textbox_Password'

2023-02-06 21:05:27 - [TEST_STEP][PASSED] - click(findTestObject("Login Page/button_Login")): Object: 'Object Repository/Login Page/button_Login' is clicked on

2023-02-06 21:05:29 - [MESSAGE][PASSED] - Object: 'Object Repository/Login Page/button_Login' is clicked on

2023-02-06 21:05:29 - [TEST_STEP][PASSED] - verifyElementPresent(findTestObject("Login Page/message_Invalid credentials"), 10): Object 'Object Repository/Login Page/message_Invalid credentials' is present

2023-02-06 21:05:30 - [MESSAGE][PASSED] - Object 'Object Repository/Login Page/message_Invalid credentials' is present

2023-02-06 21:05:30 - [TEST_STEP][PASSED] - Start listener action : sampleAfterTestCase: Browser is closed

2023-02-06 21:05:30 - [TEST_STEP][PASSED] - println(testCaseContext.getTestCaseId()): null

2023-02-06 21:05:30 - [TEST_STEP][PASSED] - println(testCaseContext.getTestCaseStatus()): null

2023-02-06 21:05:30 - [TEST_STEP][PASSED] - closeBrowser(): Browser is closed

2023-02-06 21:05:31 - [MESSAGE][PASSED] - Browser is closed]]></system-out>
         <system-err><![CDATA[]]></system-err>
      </testcase>
      <testcase name="Test Cases/Login/Reset User Password" time="13.22" classname="Test Cases/Login/Reset User Password" status="PASSED">
         <system-out><![CDATA[2023-02-06 21:05:31 - [TEST_CASE][PASSED] - Test Cases/Login/Reset User Password: Test Cases/Login/Reset User Password

2023-02-06 21:05:31 - [TEST_STEP][PASSED] - Start listener action : sampleBeforeTestCase: Current window maximized

2023-02-06 21:05:31 - [TEST_STEP][PASSED] - println(testCaseContext.getTestCaseId()): null

2023-02-06 21:05:31 - [TEST_STEP][PASSED] - println(testCaseContext.getTestCaseVariables()): null

2023-02-06 21:05:31 - [TEST_STEP][PASSED] - openBrowser(baseURL): Browser is opened with url: 'https://opensource-demo.orangehrmlive.com/web/index.php/auth/login'

2023-02-06 21:05:31 - [MESSAGE][INFO] - Starting 'Chrome' driver

2023-02-06 21:05:31 - [MESSAGE][INFO] - Action delay is set to 1,000 milliseconds

2023-02-06 21:05:36 - [MESSAGE][PASSED] - Browser is opened with url: 'https://opensource-demo.orangehrmlive.com/web/index.php/auth/login'

2023-02-06 21:05:36 - [TEST_STEP][PASSED] - maximizeWindow(): Current window maximized

2023-02-06 21:05:36 - [MESSAGE][PASSED] - Current window maximized

2023-02-06 21:05:36 - [TEST_STEP][PASSED] - click(findTestObject("Login Page/link_Forgot your password")): Object: 'Object Repository/Login Page/link_Forgot your password' is clicked on

2023-02-06 21:05:38 - [MESSAGE][PASSED] - Object: 'Object Repository/Login Page/link_Forgot your password' is clicked on

2023-02-06 21:05:38 - [TEST_STEP][PASSED] - sendKeys(findTestObject("Reset Password Page/textbox_Username"), "Admin"): Keys 'Admin' sent to object: 'Object Repository/Reset Password Page/textbox_Username'

2023-02-06 21:05:40 - [MESSAGE][PASSED] - Keys 'Admin' sent to object: 'Object Repository/Reset Password Page/textbox_Username'

2023-02-06 21:05:40 - [TEST_STEP][PASSED] - click(findTestObject("Reset Password Page/button_Reset Password")): Object: 'Object Repository/Reset Password Page/button_Reset Password' is clicked on

2023-02-06 21:05:43 - [MESSAGE][PASSED] - Object: 'Object Repository/Reset Password Page/button_Reset Password' is clicked on

2023-02-06 21:05:43 - [TEST_STEP][PASSED] - verifyElementText(findTestObject("Reset Password Page/title_Reset Password link sent successfully"), "Reset Password link sent successfully"): Actual text and expected text of test object 'Object Repository/Reset Password Page/title_Reset Password link sent successfully' are matched.

2023-02-06 21:05:43 - [MESSAGE][PASSED] - Actual text and expected text of test object 'Object Repository/Reset Password Page/title_Reset Password link sent successfully' are matched.

2023-02-06 21:05:43 - [TEST_STEP][PASSED] - Start listener action : sampleAfterTestCase: Browser is closed

2023-02-06 21:05:43 - [TEST_STEP][PASSED] - println(testCaseContext.getTestCaseId()): null

2023-02-06 21:05:43 - [TEST_STEP][PASSED] - println(testCaseContext.getTestCaseStatus()): null

2023-02-06 21:05:43 - [TEST_STEP][PASSED] - closeBrowser(): Browser is closed

2023-02-06 21:05:44 - [MESSAGE][PASSED] - Browser is closed]]></system-out>
         <system-err><![CDATA[]]></system-err>
      </testcase>
      <testcase name="Test Cases/Login/Cancel Reset User Password" time="11.79" classname="Test Cases/Login/Cancel Reset User Password" status="PASSED">
         <system-out><![CDATA[2023-02-06 21:05:44 - [TEST_CASE][PASSED] - Test Cases/Login/Cancel Reset User Password: Test Cases/Login/Cancel Reset User Password

2023-02-06 21:05:44 - [TEST_STEP][PASSED] - Start listener action : sampleBeforeTestCase: Current window maximized

2023-02-06 21:05:44 - [TEST_STEP][PASSED] - println(testCaseContext.getTestCaseId()): null

2023-02-06 21:05:44 - [TEST_STEP][PASSED] - println(testCaseContext.getTestCaseVariables()): null

2023-02-06 21:05:44 - [TEST_STEP][PASSED] - openBrowser(baseURL): Browser is opened with url: 'https://opensource-demo.orangehrmlive.com/web/index.php/auth/login'

2023-02-06 21:05:44 - [MESSAGE][INFO] - Starting 'Chrome' driver

2023-02-06 21:05:44 - [MESSAGE][INFO] - Action delay is set to 1,000 milliseconds

2023-02-06 21:05:48 - [MESSAGE][PASSED] - Browser is opened with url: 'https://opensource-demo.orangehrmlive.com/web/index.php/auth/login'

2023-02-06 21:05:48 - [TEST_STEP][PASSED] - maximizeWindow(): Current window maximized

2023-02-06 21:05:48 - [MESSAGE][PASSED] - Current window maximized

2023-02-06 21:05:48 - [TEST_STEP][PASSED] - click(findTestObject("Login Page/link_Forgot your password")): Object: 'Object Repository/Login Page/link_Forgot your password' is clicked on

2023-02-06 21:05:50 - [MESSAGE][PASSED] - Object: 'Object Repository/Login Page/link_Forgot your password' is clicked on

2023-02-06 21:05:50 - [TEST_STEP][PASSED] - sendKeys(findTestObject("Reset Password Page/textbox_Username"), "Admin"): Keys 'Admin' sent to object: 'Object Repository/Reset Password Page/textbox_Username'

2023-02-06 21:05:52 - [MESSAGE][PASSED] - Keys 'Admin' sent to object: 'Object Repository/Reset Password Page/textbox_Username'

2023-02-06 21:05:52 - [TEST_STEP][PASSED] - click(findTestObject("Reset Password Page/button_Cancel")): Object: 'Object Repository/Reset Password Page/button_Cancel' is clicked on

2023-02-06 21:05:54 - [MESSAGE][PASSED] - Object: 'Object Repository/Reset Password Page/button_Cancel' is clicked on

2023-02-06 21:05:54 - [TEST_STEP][PASSED] - verifyElementPresent(findTestObject("Login Page/textbox_Username"), 10): Object 'Object Repository/Login Page/textbox_Username' is present

2023-02-06 21:05:54 - [MESSAGE][PASSED] - Object 'Object Repository/Login Page/textbox_Username' is present

2023-02-06 21:05:54 - [TEST_STEP][PASSED] - verifyElementPresent(findTestObject("Login Page/textbox_Password"), 10): Object 'Object Repository/Login Page/textbox_Password' is present

2023-02-06 21:05:55 - [MESSAGE][PASSED] - Object 'Object Repository/Login Page/textbox_Password' is present

2023-02-06 21:05:55 - [TEST_STEP][PASSED] - verifyElementPresent(findTestObject("Login Page/button_Login"), 10): Object 'Object Repository/Login Page/button_Login' is present

2023-02-06 21:05:55 - [MESSAGE][PASSED] - Object 'Object Repository/Login Page/button_Login' is present

2023-02-06 21:05:55 - [TEST_STEP][PASSED] - Start listener action : sampleAfterTestCase: Browser is closed

2023-02-06 21:05:55 - [TEST_STEP][PASSED] - println(testCaseContext.getTestCaseId()): null

2023-02-06 21:05:55 - [TEST_STEP][PASSED] - println(testCaseContext.getTestCaseStatus()): null

2023-02-06 21:05:55 - [TEST_STEP][PASSED] - closeBrowser(): Browser is closed

2023-02-06 21:05:56 - [MESSAGE][PASSED] - Browser is closed]]></system-out>
         <system-err><![CDATA[]]></system-err>
      </testcase>
      <testcase name="Test Cases/Login/Social Media Links Verification" time="8.591" classname="Test Cases/Login/Social Media Links Verification" status="PASSED">
         <system-out><![CDATA[2023-02-06 21:05:56 - [TEST_CASE][PASSED] - Test Cases/Login/Social Media Links Verification: Test Cases/Login/Social Media Links Verification

2023-02-06 21:05:56 - [TEST_STEP][PASSED] - Start listener action : sampleBeforeTestCase: Current window maximized

2023-02-06 21:05:56 - [TEST_STEP][PASSED] - println(testCaseContext.getTestCaseId()): null

2023-02-06 21:05:56 - [TEST_STEP][PASSED] - println(testCaseContext.getTestCaseVariables()): null

2023-02-06 21:05:56 - [TEST_STEP][PASSED] - openBrowser(baseURL): Browser is opened with url: 'https://opensource-demo.orangehrmlive.com/web/index.php/auth/login'

2023-02-06 21:05:56 - [MESSAGE][INFO] - Starting 'Chrome' driver

2023-02-06 21:05:56 - [MESSAGE][INFO] - Action delay is set to 1,000 milliseconds

2023-02-06 21:06:00 - [MESSAGE][PASSED] - Browser is opened with url: 'https://opensource-demo.orangehrmlive.com/web/index.php/auth/login'

2023-02-06 21:06:00 - [TEST_STEP][PASSED] - maximizeWindow(): Current window maximized

2023-02-06 21:06:00 - [MESSAGE][PASSED] - Current window maximized

2023-02-06 21:06:00 - [TEST_STEP][PASSED] - waitForPageLoad(10): Wait for page load successfully

2023-02-06 21:06:00 - [MESSAGE][PASSED] - Wait for page load successfully

2023-02-06 21:06:00 - [TEST_STEP][PASSED] - verifyLinksAccessible([social_media_link_1, social_media_link_2, social_media_link_3]): All links are accessible

2023-02-06 21:06:02 - [MESSAGE][INFO] - HAR: C:\Users\PC\git\Orange Web Test Automation\Reports\20230206_210452\Login Test Suite\20230206_210452\requests\main\0.har

2023-02-06 21:06:02 - [MESSAGE][PASSED] - Send request successfully

2023-02-06 21:06:03 - [MESSAGE][INFO] - HAR: C:\Users\PC\git\Orange Web Test Automation\Reports\20230206_210452\Login Test Suite\20230206_210452\requests\main\1.har

2023-02-06 21:06:03 - [MESSAGE][PASSED] - Send request successfully

2023-02-06 21:06:03 - [MESSAGE][INFO] - HAR: C:\Users\PC\git\Orange Web Test Automation\Reports\20230206_210452\Login Test Suite\20230206_210452\requests\main\2.har

2023-02-06 21:06:03 - [MESSAGE][PASSED] - Send request successfully

2023-02-06 21:06:03 - [MESSAGE][PASSED] - All links are accessible

2023-02-06 21:06:03 - [TEST_STEP][PASSED] - Start listener action : sampleAfterTestCase: Browser is closed

2023-02-06 21:06:03 - [TEST_STEP][PASSED] - println(testCaseContext.getTestCaseId()): null

2023-02-06 21:06:03 - [TEST_STEP][PASSED] - println(testCaseContext.getTestCaseStatus()): null

2023-02-06 21:06:03 - [TEST_STEP][PASSED] - closeBrowser(): Browser is closed

2023-02-06 21:06:04 - [MESSAGE][PASSED] - Browser is closed]]></system-out>
         <system-err><![CDATA[]]></system-err>
      </testcase>
      <system-out><![CDATA[2023-02-06 21:05:01 - [TEST_SUITE][PASSED] - Login Test Suite: Test Cases/Login/Social Media Links Verification]]></system-out>
      <system-err><![CDATA[]]></system-err>
   </testsuite>
</testsuites>
