<?xml version="1.0" encoding="UTF-8"?>
<testsuites name="Login Test Suite" time="76.4" tests="5" failures="0" errors="0">
   <testsuite name="Login Test Suite" tests="5" failures="0" errors="0" time="76.4" skipped="0" timestamp="2023-01-25 10:11:39" hostname="PC - DESKTOP-BHVHH8C" id="Test Suites/Login Test Suite">
      <properties>
         <property name="deviceName" value=""/>
         <property name="devicePlatform" value=""/>
         <property name="logFolder" value="C:\\Users\\PC\\git\\Orange Web Test Automation\\Reports\\20230125_101118\\Login Test Suite\\20230125_101119"/>
         <property name="logFiles" value="C:\\Users\\PC\\git\\Orange Web Test Automation\\Reports\\20230125_101118\\Login Test Suite\\20230125_101119\\execution0.log"/>
         <property name="attachments" value=""/>
         <property name="hostName" value="PC - DESKTOP-BHVHH8C"/>
         <property name="os" value="Windows 10 64bit"/>
         <property name="katalonVersion" value="8.5.5.208"/>
         <property name="browser" value="Chrome 109.0.0.0"/>
         <property name="hostAddress" value="192.168.88.235"/>
         <property name="sessionId" value="4b6a18cc08cb072f9adb2ec2da8aa2fb"/>
         <property name="seleniumVersion" value="3.141.59"/>
         <property name="proxyInformation" value="ProxyInformation { proxyOption=NO_PROXY, proxyServerType=HTTP, username=, password=********, proxyServerAddress=, proxyServerPort=0, executionList=&quot;&quot;, isApplyToDesiredCapabilities=true }"/>
         <property name="platform" value="Windows 10"/>
      </properties>
      <testcase name="Test Cases/Login/Successfull login attempt" time="14.963" classname="Test Cases/Login/Successfull login attempt" status="PASSED">
         <system-out><![CDATA[2023-01-25 10:11:39 - [TEST_CASE][PASSED] - Test Cases/Login/Successfull login attempt: Test Cases/Login/Successfull login attempt

2023-01-25 10:11:40 - [TEST_STEP][PASSED] - openBrowser(baseURL): Browser is opened with url: 'https://opensource-demo.orangehrmlive.com/web/index.php/auth/login'

2023-01-25 10:11:40 - [MESSAGE][INFO] - Starting 'Chrome' driver

2023-01-25 10:11:40 - [MESSAGE][INFO] - Action delay is set to 1,000 milliseconds

2023-01-25 10:11:44 - [MESSAGE][PASSED] - Browser is opened with url: 'https://opensource-demo.orangehrmlive.com/web/index.php/auth/login'

2023-01-25 10:11:44 - [TEST_STEP][PASSED] - maximizeWindow(): Current window maximized

2023-01-25 10:11:44 - [MESSAGE][PASSED] - Current window maximized

2023-01-25 10:11:44 - [TEST_STEP][PASSED] - sendKeys(findTestObject("Login Papge/textbox_Username"), "Admin"): Keys 'Admin' sent to object: 'Object Repository/Login Papge/textbox_Username'

2023-01-25 10:11:46 - [MESSAGE][PASSED] - Keys 'Admin' sent to object: 'Object Repository/Login Papge/textbox_Username'

2023-01-25 10:11:46 - [TEST_STEP][PASSED] - setEncryptedText(findTestObject("Login Papge/textbox_Password"), "hUKwJTbofgPU9eVlw/CnDQ=="): Text ****** has been set on object 'Object Repository/Login Papge/textbox_Password'

2023-01-25 10:11:49 - [MESSAGE][PASSED] - Text ****** has been set on object 'Object Repository/Login Papge/textbox_Password'

2023-01-25 10:11:49 - [TEST_STEP][PASSED] - click(findTestObject("Login Papge/button_Login")): Object: 'Object Repository/Login Papge/button_Login' is clicked on

2023-01-25 10:11:50 - [MESSAGE][PASSED] - Object: 'Object Repository/Login Papge/button_Login' is clicked on

2023-01-25 10:11:50 - [TEST_STEP][PASSED] - verifyElementPresent(findTestObject("Home Page/dropdown_user_profile"), 10): Object 'Object Repository/Home Page/dropdown_user_profile' is present

2023-01-25 10:11:54 - [MESSAGE][PASSED] - Object 'Object Repository/Home Page/dropdown_user_profile' is present

2023-01-25 10:11:54 - [TEST_STEP][PASSED] - closeBrowser(): Browser is closed

2023-01-25 10:11:54 - [MESSAGE][PASSED] - Browser is closed]]></system-out>
         <system-err><![CDATA[]]></system-err>
      </testcase>
      <testcase name="Test Cases/Login/Unsuccessfull login attempt" time="14.193" classname="Test Cases/Login/Unsuccessfull login attempt" status="PASSED">
         <system-out><![CDATA[2023-01-25 10:11:54 - [TEST_CASE][PASSED] - Test Cases/Login/Unsuccessfull login attempt: Test Cases/Login/Unsuccessfull login attempt

2023-01-25 10:11:55 - [TEST_STEP][PASSED] - openBrowser(baseURL): Browser is opened with url: 'https://opensource-demo.orangehrmlive.com/web/index.php/auth/login'

2023-01-25 10:11:55 - [MESSAGE][INFO] - Starting 'Chrome' driver

2023-01-25 10:11:55 - [MESSAGE][INFO] - Action delay is set to 1,000 milliseconds

2023-01-25 10:12:00 - [MESSAGE][PASSED] - Browser is opened with url: 'https://opensource-demo.orangehrmlive.com/web/index.php/auth/login'

2023-01-25 10:12:00 - [TEST_STEP][PASSED] - maximizeWindow(): Current window maximized

2023-01-25 10:12:00 - [MESSAGE][PASSED] - Current window maximized

2023-01-25 10:12:00 - [TEST_STEP][PASSED] - sendKeys(findTestObject("Login Papge/textbox_Username"), "Admin"): Keys 'Admin' sent to object: 'Object Repository/Login Papge/textbox_Username'

2023-01-25 10:12:02 - [MESSAGE][PASSED] - Keys 'Admin' sent to object: 'Object Repository/Login Papge/textbox_Username'

2023-01-25 10:12:02 - [TEST_STEP][PASSED] - setEncryptedText(findTestObject("Login Papge/textbox_Password"), "1bcgBUi0Tj/gc3uc61HAVQ=="): Text ****** has been set on object 'Object Repository/Login Papge/textbox_Password'

2023-01-25 10:12:05 - [MESSAGE][PASSED] - Text ****** has been set on object 'Object Repository/Login Papge/textbox_Password'

2023-01-25 10:12:05 - [TEST_STEP][PASSED] - click(findTestObject("Login Papge/button_Login")): Object: 'Object Repository/Login Papge/button_Login' is clicked on

2023-01-25 10:12:07 - [MESSAGE][PASSED] - Object: 'Object Repository/Login Papge/button_Login' is clicked on

2023-01-25 10:12:07 - [TEST_STEP][PASSED] - verifyElementPresent(findTestObject("Login Papge/message_Invalid credentials"), 10): Object 'Object Repository/Login Papge/message_Invalid credentials' is present

2023-01-25 10:12:08 - [MESSAGE][PASSED] - Object 'Object Repository/Login Papge/message_Invalid credentials' is present

2023-01-25 10:12:08 - [TEST_STEP][PASSED] - closeBrowser(): Browser is closed

2023-01-25 10:12:09 - [MESSAGE][PASSED] - Browser is closed]]></system-out>
         <system-err><![CDATA[]]></system-err>
      </testcase>
      <testcase name="Test Cases/Login/Reset User Password" time="13.546" classname="Test Cases/Login/Reset User Password" status="PASSED">
         <system-out><![CDATA[2023-01-25 10:12:09 - [TEST_CASE][PASSED] - Test Cases/Login/Reset User Password: Test Cases/Login/Reset User Password

2023-01-25 10:12:09 - [TEST_STEP][PASSED] - openBrowser(baseURL): Browser is opened with url: 'https://opensource-demo.orangehrmlive.com/web/index.php/auth/login'

2023-01-25 10:12:09 - [MESSAGE][INFO] - Starting 'Chrome' driver

2023-01-25 10:12:09 - [MESSAGE][INFO] - Action delay is set to 1,000 milliseconds

2023-01-25 10:12:13 - [MESSAGE][PASSED] - Browser is opened with url: 'https://opensource-demo.orangehrmlive.com/web/index.php/auth/login'

2023-01-25 10:12:13 - [TEST_STEP][PASSED] - maximizeWindow(): Current window maximized

2023-01-25 10:12:13 - [MESSAGE][PASSED] - Current window maximized

2023-01-25 10:12:13 - [TEST_STEP][PASSED] - click(findTestObject("Login Papge/link_Forgot your password")): Object: 'Object Repository/Login Papge/link_Forgot your password' is clicked on

2023-01-25 10:12:16 - [MESSAGE][PASSED] - Object: 'Object Repository/Login Papge/link_Forgot your password' is clicked on

2023-01-25 10:12:16 - [TEST_STEP][PASSED] - sendKeys(findTestObject("Reset Password Page/textbox_Username"), "Admin"): Keys 'Admin' sent to object: 'Object Repository/Reset Password Page/textbox_Username'

2023-01-25 10:12:18 - [MESSAGE][PASSED] - Keys 'Admin' sent to object: 'Object Repository/Reset Password Page/textbox_Username'

2023-01-25 10:12:18 - [TEST_STEP][PASSED] - click(findTestObject("Reset Password Page/button_Reset Password")): Object: 'Object Repository/Reset Password Page/button_Reset Password' is clicked on

2023-01-25 10:12:19 - [MESSAGE][PASSED] - Object: 'Object Repository/Reset Password Page/button_Reset Password' is clicked on

2023-01-25 10:12:19 - [TEST_STEP][PASSED] - verifyElementText(findTestObject("Reset Password Page/title_Reset Password link sent successfully"), "Reset Password link sent successfully"): Actual text and expected text of test object 'Object Repository/Reset Password Page/title_Reset Password link sent successfully' are matched.

2023-01-25 10:12:21 - [MESSAGE][PASSED] - Actual text and expected text of test object 'Object Repository/Reset Password Page/title_Reset Password link sent successfully' are matched.

2023-01-25 10:12:21 - [TEST_STEP][PASSED] - closeBrowser(): Browser is closed

2023-01-25 10:12:22 - [MESSAGE][PASSED] - Browser is closed]]></system-out>
         <system-err><![CDATA[]]></system-err>
      </testcase>
      <testcase name="Test Cases/Login/Cancel Reset User Password" time="17.705" classname="Test Cases/Login/Cancel Reset User Password" status="PASSED">
         <system-out><![CDATA[2023-01-25 10:12:22 - [TEST_CASE][PASSED] - Test Cases/Login/Cancel Reset User Password: Test Cases/Login/Cancel Reset User Password

2023-01-25 10:12:23 - [TEST_STEP][PASSED] - openBrowser(baseURL): Browser is opened with url: 'https://opensource-demo.orangehrmlive.com/web/index.php/auth/login'

2023-01-25 10:12:23 - [MESSAGE][INFO] - Starting 'Chrome' driver

2023-01-25 10:12:23 - [MESSAGE][INFO] - Action delay is set to 1,000 milliseconds

2023-01-25 10:12:30 - [MESSAGE][PASSED] - Browser is opened with url: 'https://opensource-demo.orangehrmlive.com/web/index.php/auth/login'

2023-01-25 10:12:30 - [TEST_STEP][PASSED] - maximizeWindow(): Current window maximized

2023-01-25 10:12:30 - [MESSAGE][PASSED] - Current window maximized

2023-01-25 10:12:30 - [TEST_STEP][PASSED] - click(findTestObject("Login Papge/link_Forgot your password")): Object: 'Object Repository/Login Papge/link_Forgot your password' is clicked on

2023-01-25 10:12:32 - [MESSAGE][PASSED] - Object: 'Object Repository/Login Papge/link_Forgot your password' is clicked on

2023-01-25 10:12:32 - [TEST_STEP][PASSED] - sendKeys(findTestObject("Reset Password Page/textbox_Username"), "Admin"): Keys 'Admin' sent to object: 'Object Repository/Reset Password Page/textbox_Username'

2023-01-25 10:12:34 - [MESSAGE][PASSED] - Keys 'Admin' sent to object: 'Object Repository/Reset Password Page/textbox_Username'

2023-01-25 10:12:34 - [TEST_STEP][PASSED] - click(findTestObject("Reset Password Page/button_Cancel")): Object: 'Object Repository/Reset Password Page/button_Cancel' is clicked on

2023-01-25 10:12:37 - [MESSAGE][PASSED] - Object: 'Object Repository/Reset Password Page/button_Cancel' is clicked on

2023-01-25 10:12:37 - [TEST_STEP][PASSED] - verifyElementPresent(findTestObject("Login Papge/textbox_Username"), 10): Object 'Object Repository/Login Papge/textbox_Username' is present

2023-01-25 10:12:37 - [MESSAGE][PASSED] - Object 'Object Repository/Login Papge/textbox_Username' is present

2023-01-25 10:12:37 - [TEST_STEP][PASSED] - verifyElementPresent(findTestObject("Login Papge/textbox_Password"), 10): Object 'Object Repository/Login Papge/textbox_Password' is present

2023-01-25 10:12:38 - [MESSAGE][PASSED] - Object 'Object Repository/Login Papge/textbox_Password' is present

2023-01-25 10:12:38 - [TEST_STEP][PASSED] - verifyElementPresent(findTestObject("Login Papge/button_Login"), 10): Object 'Object Repository/Login Papge/button_Login' is present

2023-01-25 10:12:39 - [MESSAGE][PASSED] - Object 'Object Repository/Login Papge/button_Login' is present

2023-01-25 10:12:39 - [TEST_STEP][PASSED] - closeBrowser(): Browser is closed

2023-01-25 10:12:40 - [MESSAGE][PASSED] - Browser is closed]]></system-out>
         <system-err><![CDATA[]]></system-err>
      </testcase>
      <testcase name="Test Cases/Login/Social Media Links Verification" time="15.743" classname="Test Cases/Login/Social Media Links Verification" status="PASSED">
         <system-out><![CDATA[2023-01-25 10:12:40 - [TEST_CASE][PASSED] - Test Cases/Login/Social Media Links Verification: Test Cases/Login/Social Media Links Verification

2023-01-25 10:12:40 - [TEST_STEP][PASSED] - openBrowser(baseURL): Browser is opened with url: 'https://opensource-demo.orangehrmlive.com/web/index.php/auth/login'

2023-01-25 10:12:40 - [MESSAGE][INFO] - Starting 'Chrome' driver

2023-01-25 10:12:40 - [MESSAGE][INFO] - Action delay is set to 1,000 milliseconds

2023-01-25 10:12:51 - [MESSAGE][PASSED] - Browser is opened with url: 'https://opensource-demo.orangehrmlive.com/web/index.php/auth/login'

2023-01-25 10:12:51 - [TEST_STEP][PASSED] - maximizeWindow(): Current window maximized

2023-01-25 10:12:51 - [MESSAGE][PASSED] - Current window maximized

2023-01-25 10:12:51 - [TEST_STEP][PASSED] - waitForPageLoad(10): Wait for page load successfully

2023-01-25 10:12:51 - [MESSAGE][PASSED] - Wait for page load successfully

2023-01-25 10:12:51 - [TEST_STEP][PASSED] - verifyLinksAccessible(["https://www.facebook.com/OrangeHRM/", "https://twitter.com/orangehrm?lang=en", "https://www.youtube.com/c/OrangeHRMInc"]): All links are accessible

2023-01-25 10:12:54 - [MESSAGE][INFO] - HAR: C:\Users\PC\git\Orange Web Test Automation\Reports\20230125_101118\Login Test Suite\20230125_101119\requests\main\0.har

2023-01-25 10:12:54 - [MESSAGE][PASSED] - Send request successfully

2023-01-25 10:12:54 - [MESSAGE][INFO] - HAR: C:\Users\PC\git\Orange Web Test Automation\Reports\20230125_101118\Login Test Suite\20230125_101119\requests\main\1.har

2023-01-25 10:12:54 - [MESSAGE][PASSED] - Send request successfully

2023-01-25 10:12:55 - [MESSAGE][INFO] - HAR: C:\Users\PC\git\Orange Web Test Automation\Reports\20230125_101118\Login Test Suite\20230125_101119\requests\main\2.har

2023-01-25 10:12:55 - [MESSAGE][PASSED] - Send request successfully

2023-01-25 10:12:55 - [MESSAGE][PASSED] - All links are accessible

2023-01-25 10:12:55 - [TEST_STEP][PASSED] - closeBrowser(): Browser is closed

2023-01-25 10:12:56 - [MESSAGE][PASSED] - Browser is closed]]></system-out>
         <system-err><![CDATA[]]></system-err>
      </testcase>
      <system-out><![CDATA[2023-01-25 10:11:39 - [TEST_SUITE][PASSED] - Login Test Suite: Test Cases/Login/Social Media Links Verification]]></system-out>
      <system-err><![CDATA[]]></system-err>
   </testsuite>
</testsuites>
