<?xml version="1.0" encoding="UTF-8"?>
<testsuites name="Home Page Suite" time="62.448" tests="2" failures="0" errors="0">
   <testsuite name="Home Page Suite" tests="2" failures="0" errors="0" time="62.448" skipped="0" timestamp="2023-03-08 08:47:03" hostname="PC - DESKTOP-BHVHH8C" id="Test Suites/Home Page Suite">
      <properties>
         <property name="deviceName" value=""/>
         <property name="devicePlatform" value=""/>
         <property name="logFolder" value="C:\\Users\\PC\\git\\Orange Web Test Automation\\Reports\\20230308_084658\\Home Page Suite\\20230308_084658"/>
         <property name="logFiles" value="C:\\Users\\PC\\git\\Orange Web Test Automation\\Reports\\20230308_084658\\Home Page Suite\\20230308_084658\\execution0.log"/>
         <property name="attachments" value=""/>
         <property name="hostName" value="PC - DESKTOP-BHVHH8C"/>
         <property name="os" value="Windows 10 64bit"/>
         <property name="katalonVersion" value="8.5.5.208"/>
         <property name="browser" value="Chrome 110.0.0.0"/>
         <property name="hostAddress" value="192.168.88.97"/>
         <property name="sessionId" value="a3cceffa3461186007583f810c60aa72"/>
         <property name="seleniumVersion" value="3.141.59"/>
         <property name="proxyInformation" value="ProxyInformation { proxyOption=NO_PROXY, proxyServerType=HTTP, username=milanguzina84@gmail.com, password=********, proxyServerAddress=127.0.1, proxyServerPort=12701, executionList=&quot;&quot;, isApplyToDesiredCapabilities=false }"/>
         <property name="platform" value="Windows 10"/>
      </properties>
      <testcase name="Test Cases/Home Page/Sidebar Search Functionality" time="32.211" classname="Test Cases/Home Page/Sidebar Search Functionality" status="PASSED">
         <system-out><![CDATA[2023-03-08 08:47:03 - [TEST_CASE][PASSED] - Test Cases/Home Page/Sidebar Search Functionality: Test Cases/Home Page/Sidebar Search Functionality

2023-03-08 08:47:03 - [TEST_STEP][PASSED] - Start listener action : sampleBeforeTestCase: orange.keywords.userLogin is PASSED

2023-03-08 08:47:03 - [TEST_STEP][PASSED] - println(testCaseContext.getTestCaseId()): null

2023-03-08 08:47:03 - [TEST_STEP][PASSED] - println(testCaseContext.getTestCaseVariables()): null

2023-03-08 08:47:03 - [TEST_STEP][PASSED] - openBrowser(baseURL): Browser is opened with url: 'https://opensource-demo.orangehrmlive.com/web/index.php/auth/login'

2023-03-08 08:47:04 - [MESSAGE][INFO] - Starting 'Chrome' driver

2023-03-08 08:47:05 - [MESSAGE][INFO] - Action delay is set to 1,000 milliseconds

2023-03-08 08:47:10 - [MESSAGE][PASSED] - Browser is opened with url: 'https://opensource-demo.orangehrmlive.com/web/index.php/auth/login'

2023-03-08 08:47:10 - [TEST_STEP][PASSED] - maximizeWindow(): Current window maximized

2023-03-08 08:47:10 - [MESSAGE][PASSED] - Current window maximized

2023-03-08 08:47:10 - [TEST_STEP][PASSED] - orange.keywords.userLogin(findTestObject("Login Page/textbox_Username"), username, findTestObject("Login Page/textbox_Password"), password, findTestObject("Login Page/button_Login")): orange.keywords.userLogin is PASSED

2023-03-08 08:47:17 - [MESSAGE][PASSED] - orange.keywords.userLogin is PASSED

2023-03-08 08:47:18 - [TEST_STEP][PASSED] - sendKeys(findTestObject("Navigation Sidebar/textbox_Search"), "Admin"): Keys 'Admin' sent to object: 'Object Repository/Navigation Sidebar/textbox_Search'

2023-03-08 08:47:20 - [MESSAGE][PASSED] - Keys 'Admin' sent to object: 'Object Repository/Navigation Sidebar/textbox_Search'

2023-03-08 08:47:20 - [TEST_STEP][PASSED] - click(findTestObject("Navigation Sidebar/selected_option")): Object: 'Object Repository/Navigation Sidebar/selected_option' is clicked on

2023-03-08 08:47:22 - [MESSAGE][PASSED] - Object: 'Object Repository/Navigation Sidebar/selected_option' is clicked on

2023-03-08 08:47:22 - [TEST_STEP][PASSED] - verifyElementText(findTestObject("Home Page/header_title_Homepage"), "Admin"): Actual text and expected text of test object 'Object Repository/Home Page/header_title_Homepage' are matched.

2023-03-08 08:47:24 - [MESSAGE][PASSED] - Actual text and expected text of test object 'Object Repository/Home Page/header_title_Homepage' are matched.

2023-03-08 08:47:24 - [TEST_STEP][PASSED] - sendKeys(findTestObject("Navigation Sidebar/textbox_Search"), "Directory"): Keys 'Directory' sent to object: 'Object Repository/Navigation Sidebar/textbox_Search'

2023-03-08 08:47:25 - [MESSAGE][PASSED] - Keys 'Directory' sent to object: 'Object Repository/Navigation Sidebar/textbox_Search'

2023-03-08 08:47:25 - [TEST_STEP][PASSED] - click(findTestObject("Navigation Sidebar/selected_option")): Object: 'Object Repository/Navigation Sidebar/selected_option' is clicked on

2023-03-08 08:47:28 - [MESSAGE][PASSED] - Object: 'Object Repository/Navigation Sidebar/selected_option' is clicked on

2023-03-08 08:47:28 - [TEST_STEP][PASSED] - verifyElementText(findTestObject("Home Page/header_title_Homepage"), "Directory"): Actual text and expected text of test object 'Object Repository/Home Page/header_title_Homepage' are matched.

2023-03-08 08:47:29 - [MESSAGE][PASSED] - Actual text and expected text of test object 'Object Repository/Home Page/header_title_Homepage' are matched.

2023-03-08 08:47:29 - [TEST_STEP][PASSED] - sendKeys(findTestObject("Navigation Sidebar/textbox_Search"), "PIM"): Keys 'PIM' sent to object: 'Object Repository/Navigation Sidebar/textbox_Search'

2023-03-08 08:47:31 - [MESSAGE][PASSED] - Keys 'PIM' sent to object: 'Object Repository/Navigation Sidebar/textbox_Search'

2023-03-08 08:47:31 - [TEST_STEP][PASSED] - click(findTestObject("Navigation Sidebar/selected_option")): Object: 'Object Repository/Navigation Sidebar/selected_option' is clicked on

2023-03-08 08:47:33 - [MESSAGE][PASSED] - Object: 'Object Repository/Navigation Sidebar/selected_option' is clicked on

2023-03-08 08:47:33 - [TEST_STEP][PASSED] - verifyElementText(findTestObject("Home Page/header_title_Homepage"), "PIM"): Actual text and expected text of test object 'Object Repository/Home Page/header_title_Homepage' are matched.

2023-03-08 08:47:35 - [MESSAGE][PASSED] - Actual text and expected text of test object 'Object Repository/Home Page/header_title_Homepage' are matched.

2023-03-08 08:47:35 - [TEST_STEP][PASSED] - Start listener action : sampleAfterTestCase: Browser is closed

2023-03-08 08:47:35 - [TEST_STEP][PASSED] - println(testCaseContext.getTestCaseId()): null

2023-03-08 08:47:35 - [TEST_STEP][PASSED] - println(testCaseContext.getTestCaseStatus()): null

2023-03-08 08:47:35 - [TEST_STEP][PASSED] - closeBrowser(): Browser is closed

2023-03-08 08:47:36 - [MESSAGE][PASSED] - Browser is closed]]></system-out>
         <system-err><![CDATA[]]></system-err>
      </testcase>
      <testcase name="Test Cases/Home Page/Sidebar Minimze Functionality" time="29.712" classname="Test Cases/Home Page/Sidebar Minimze Functionality" status="PASSED">
         <system-out><![CDATA[2023-03-08 08:47:36 - [TEST_CASE][PASSED] - Test Cases/Home Page/Sidebar Minimze Functionality: Test Cases/Home Page/Sidebar Minimze Functionality

2023-03-08 08:47:36 - [TEST_STEP][PASSED] - Start listener action : sampleBeforeTestCase: orange.keywords.userLogin is PASSED

2023-03-08 08:47:36 - [TEST_STEP][PASSED] - println(testCaseContext.getTestCaseId()): null

2023-03-08 08:47:36 - [TEST_STEP][PASSED] - println(testCaseContext.getTestCaseVariables()): null

2023-03-08 08:47:36 - [TEST_STEP][PASSED] - openBrowser(baseURL): Browser is opened with url: 'https://opensource-demo.orangehrmlive.com/web/index.php/auth/login'

2023-03-08 08:47:36 - [MESSAGE][INFO] - Starting 'Chrome' driver

2023-03-08 08:47:36 - [MESSAGE][INFO] - Action delay is set to 1,000 milliseconds

2023-03-08 08:47:41 - [MESSAGE][PASSED] - Browser is opened with url: 'https://opensource-demo.orangehrmlive.com/web/index.php/auth/login'

2023-03-08 08:47:41 - [TEST_STEP][PASSED] - maximizeWindow(): Current window maximized

2023-03-08 08:47:41 - [MESSAGE][PASSED] - Current window maximized

2023-03-08 08:47:41 - [TEST_STEP][PASSED] - orange.keywords.userLogin(findTestObject("Login Page/textbox_Username"), username, findTestObject("Login Page/textbox_Password"), password, findTestObject("Login Page/button_Login")): orange.keywords.userLogin is PASSED

2023-03-08 08:47:47 - [MESSAGE][PASSED] - orange.keywords.userLogin is PASSED

2023-03-08 08:47:48 - [TEST_STEP][PASSED] - verifyElementInViewport(findTestObject("Navigation Sidebar/textbox_Search"), 10): Object 'Object Repository/Navigation Sidebar/textbox_Search' is present and visible in viewport

2023-03-08 08:47:49 - [MESSAGE][PASSED] - Object 'Object Repository/Navigation Sidebar/textbox_Search' is present and visible in viewport

2023-03-08 08:47:49 - [TEST_STEP][PASSED] - click(findTestObject("Navigation Sidebar/button_minimize")): Object: 'Object Repository/Navigation Sidebar/button_minimize' is clicked on

2023-03-08 08:47:51 - [MESSAGE][PASSED] - Object: 'Object Repository/Navigation Sidebar/button_minimize' is clicked on

2023-03-08 08:47:51 - [TEST_STEP][PASSED] - verifyElementNotInViewport(findTestObject("Navigation Sidebar/textbox_Search"), 10): Object 'Object Repository/Navigation Sidebar/textbox_Search' is present and NOT visible in viewport

2023-03-08 08:48:02 - [MESSAGE][INFO] - Unable to find the element located by 'By.xpath: //input[@class = 'oxd-input oxd-input--active']'. Please recheck the objects properties to make sure the desired element is located. 

2023-03-08 08:48:02 - [MESSAGE][WARNING] - [SELF-HEALING] Failed to find element with id 'Object Repository/Navigation Sidebar/textbox_Search'. Try using Self-healing.

2023-03-08 08:48:02 - [MESSAGE][WARNING] - [SELF-HEALING] The current locator of test object 'Object Repository/Navigation Sidebar/textbox_Search' was broken. Propose an alternative one: '//div[@id='app']/div/div/aside/nav/div[2]/div/div/input'.

2023-03-08 08:48:02 - [MESSAGE][PASSED] - Object 'Object Repository/Navigation Sidebar/textbox_Search' is present and NOT visible in viewport

2023-03-08 08:48:02 - [TEST_STEP][PASSED] - click(findTestObject("Navigation Sidebar/button_maximize")): Object: 'Object Repository/Navigation Sidebar/button_maximize' is clicked on

2023-03-08 08:48:04 - [MESSAGE][PASSED] - Object: 'Object Repository/Navigation Sidebar/button_maximize' is clicked on

2023-03-08 08:48:04 - [TEST_STEP][PASSED] - verifyElementInViewport(findTestObject("Navigation Sidebar/textbox_Search"), 10): Object 'Object Repository/Navigation Sidebar/textbox_Search' is present and visible in viewport

2023-03-08 08:48:04 - [MESSAGE][PASSED] - Object 'Object Repository/Navigation Sidebar/textbox_Search' is present and visible in viewport

2023-03-08 08:48:04 - [TEST_STEP][PASSED] - Start listener action : sampleAfterTestCase: Browser is closed

2023-03-08 08:48:04 - [TEST_STEP][PASSED] - println(testCaseContext.getTestCaseId()): null

2023-03-08 08:48:04 - [TEST_STEP][PASSED] - println(testCaseContext.getTestCaseStatus()): null

2023-03-08 08:48:04 - [TEST_STEP][PASSED] - closeBrowser(): Browser is closed

2023-03-08 08:48:05 - [MESSAGE][PASSED] - Browser is closed]]></system-out>
         <system-err><![CDATA[]]></system-err>
      </testcase>
      <system-out><![CDATA[2023-03-08 08:47:03 - [TEST_SUITE][PASSED] - Home Page Suite: Test Cases/Home Page/Sidebar Minimze Functionality]]></system-out>
      <system-err><![CDATA[]]></system-err>
   </testsuite>
</testsuites>
