<?xml version="1.0" encoding="UTF-8"?>
<testsuites name="User Management Suite" time="114.425" tests="3" failures="0" errors="0">
   <testsuite name="User Management Suite" tests="3" failures="0" errors="0" time="114.425" skipped="0" timestamp="2023-03-06 10:51:55" hostname="PC - host.docker.internal" id="Test Suites/User Management Suite">
      <properties>
         <property name="deviceName" value=""/>
         <property name="devicePlatform" value=""/>
         <property name="logFolder" value="C:\\Users\\PC\\git\\Orange Web Test Automation\\Reports\\20230306_105146\\User Management Suite\\20230306_105146"/>
         <property name="logFiles" value="C:\\Users\\PC\\git\\Orange Web Test Automation\\Reports\\20230306_105146\\User Management Suite\\20230306_105146\\execution0.log"/>
         <property name="attachments" value="keyes\keyes-Entered User Info.png"/>
         <property name="hostName" value="PC - host.docker.internal"/>
         <property name="os" value="Windows 10 64bit"/>
         <property name="katalonVersion" value="8.5.5.208"/>
         <property name="browser" value="Chrome 110.0.0.0"/>
         <property name="hostAddress" value="192.168.0.23"/>
         <property name="sessionId" value="cda0931e76d27726ad44f41f01a57f51"/>
         <property name="seleniumVersion" value="3.141.59"/>
         <property name="proxyInformation" value="ProxyInformation { proxyOption=NO_PROXY, proxyServerType=HTTP, username=, password=********, proxyServerAddress=, proxyServerPort=0, executionList=&quot;&quot;, isApplyToDesiredCapabilities=true }"/>
         <property name="platform" value="Windows 10"/>
      </properties>
      <testcase name="Test Cases/Admin Page/User Management/Add User" time="43.439" classname="Test Cases/Admin Page/User Management/Add User" status="PASSED">
         <system-out><![CDATA[2023-03-06 10:51:55 - [TEST_CASE][PASSED] - Test Cases/Admin Page/User Management/Add User: Test Cases/Admin Page/User Management/Add User

2023-03-06 10:51:55 - [TEST_STEP][PASSED] - Start listener action : sampleBeforeTestCase: orange.keywords.userLogin is PASSED

2023-03-06 10:51:55 - [TEST_STEP][PASSED] - println(testCaseContext.getTestCaseId()): null

2023-03-06 10:51:55 - [TEST_STEP][PASSED] - println(testCaseContext.getTestCaseVariables()): null

2023-03-06 10:51:55 - [TEST_STEP][PASSED] - openBrowser(baseURL): Browser is opened with url: 'https://opensource-demo.orangehrmlive.com/web/index.php/auth/login'

2023-03-06 10:51:56 - [MESSAGE][INFO] - Starting 'Chrome' driver

2023-03-06 10:51:56 - [MESSAGE][INFO] - Action delay is set to 1,000 milliseconds

2023-03-06 10:52:01 - [MESSAGE][PASSED] - Browser is opened with url: 'https://opensource-demo.orangehrmlive.com/web/index.php/auth/login'

2023-03-06 10:52:01 - [TEST_STEP][PASSED] - maximizeWindow(): Current window maximized

2023-03-06 10:52:01 - [MESSAGE][PASSED] - Current window maximized

2023-03-06 10:52:01 - [TEST_STEP][PASSED] - orange.keywords.userLogin(findTestObject("Login Page/textbox_Username"), username, findTestObject("Login Page/textbox_Password"), password, findTestObject("Login Page/button_Login")): orange.keywords.userLogin is PASSED

2023-03-06 10:52:07 - [MESSAGE][PASSED] - orange.keywords.userLogin is PASSED

2023-03-06 10:52:09 - [TEST_STEP][PASSED] - click(findTestObject("Navigation Sidebar/a_Admin")): Object: 'Object Repository/Navigation Sidebar/a_Admin' is clicked on

2023-03-06 10:52:11 - [MESSAGE][PASSED] - Object: 'Object Repository/Navigation Sidebar/a_Admin' is clicked on

2023-03-06 10:52:11 - [TEST_STEP][PASSED] - click(findTestObject("Admin Page/Nationalities/button_Add")): Object: 'Object Repository/Admin Page/Nationalities/button_Add' is clicked on

2023-03-06 10:52:14 - [MESSAGE][PASSED] - Object: 'Object Repository/Admin Page/Nationalities/button_Add' is clicked on

2023-03-06 10:52:14 - [TEST_STEP][PASSED] - click(findTestObject("Admin Page/User Management/dropdown_Select")): Object: 'Object Repository/Admin Page/User Management/dropdown_Select' is clicked on

2023-03-06 10:52:16 - [MESSAGE][PASSED] - Object: 'Object Repository/Admin Page/User Management/dropdown_Select' is clicked on

2023-03-06 10:52:16 - [TEST_STEP][PASSED] - click(findTestObject("Admin Page/User Management/option_Admin")): Object: 'Object Repository/Admin Page/User Management/option_Admin' is clicked on

2023-03-06 10:52:18 - [MESSAGE][PASSED] - Object: 'Object Repository/Admin Page/User Management/option_Admin' is clicked on

2023-03-06 10:52:18 - [TEST_STEP][PASSED] - click(findTestObject("Admin Page/User Management/dropdown_Select")): Object: 'Object Repository/Admin Page/User Management/dropdown_Select' is clicked on

2023-03-06 10:52:19 - [MESSAGE][PASSED] - Object: 'Object Repository/Admin Page/User Management/dropdown_Select' is clicked on

2023-03-06 10:52:19 - [TEST_STEP][PASSED] - click(findTestObject("Admin Page/User Management/option_Enabled")): Object: 'Object Repository/Admin Page/User Management/option_Enabled' is clicked on

2023-03-06 10:52:21 - [MESSAGE][PASSED] - Object: 'Object Repository/Admin Page/User Management/option_Enabled' is clicked on

2023-03-06 10:52:21 - [TEST_STEP][PASSED] - sendKeys(findTestObject("Admin Page/User Management/textbox_EmployeeName"), "m"): Keys 'm' sent to object: 'Object Repository/Admin Page/User Management/textbox_EmployeeName'

2023-03-06 10:52:22 - [MESSAGE][PASSED] - Keys 'm' sent to object: 'Object Repository/Admin Page/User Management/textbox_EmployeeName'

2023-03-06 10:52:22 - [TEST_STEP][PASSED] - waitForElementPresent(findTestObject("Admin Page/User Management/dropdown_table"), 10): Object 'Object Repository/Admin Page/User Management/dropdown_table' is present

2023-03-06 10:52:23 - [MESSAGE][PASSED] - Object 'Object Repository/Admin Page/User Management/dropdown_table' is present

2023-03-06 10:52:23 - [TEST_STEP][PASSED] - waitForElementClickable(findTestObject("Admin Page/User Management/dropdown_EmployeeName_option"), 10): Object 'Object Repository/Admin Page/User Management/dropdown_EmployeeName_option' is clickable

2023-03-06 10:52:24 - [MESSAGE][PASSED] - Object 'Object Repository/Admin Page/User Management/dropdown_EmployeeName_option' is clickable

2023-03-06 10:52:24 - [TEST_STEP][PASSED] - orange.keywords.randomClick(findTestObject("Admin Page/User Management/dropdown_EmployeeName_option")): orange.keywords.randomClick is PASSED

2023-03-06 10:52:26 - [MESSAGE][PASSED] - orange.keywords.randomClick is PASSED

2023-03-06 10:52:26 - [TEST_STEP][PASSED] - sendKeys(findTestObject("Admin Page/User Management/textbox_Username"), "Marco DiVaio"): Keys 'Marco DiVaio' sent to object: 'Object Repository/Admin Page/User Management/textbox_Username'

2023-03-06 10:52:28 - [MESSAGE][PASSED] - Keys 'Marco DiVaio' sent to object: 'Object Repository/Admin Page/User Management/textbox_Username'

2023-03-06 10:52:28 - [TEST_STEP][PASSED] - setEncryptedText(findTestObject("Admin Page/User Management/textbox_Password"), "zow4LEKZVFY9FezsXiYM4A=="): Text ****** has been set on object 'Object Repository/Admin Page/User Management/textbox_Password'

2023-03-06 10:52:30 - [MESSAGE][PASSED] - Text ****** has been set on object 'Object Repository/Admin Page/User Management/textbox_Password'

2023-03-06 10:52:30 - [TEST_STEP][PASSED] - setEncryptedText(findTestObject("Admin Page/User Management/textbox_Confirm Password"), "zow4LEKZVFY9FezsXiYM4A=="): Text ****** has been set on object 'Object Repository/Admin Page/User Management/textbox_Confirm Password'

2023-03-06 10:52:33 - [MESSAGE][PASSED] - Text ****** has been set on object 'Object Repository/Admin Page/User Management/textbox_Confirm Password'

2023-03-06 10:52:33 - [TEST_STEP][PASSED] - click(findTestObject("Admin Page/Nationalities/button_Save")): Object: 'Object Repository/Admin Page/Nationalities/button_Save' is clicked on

2023-03-06 10:52:35 - [MESSAGE][PASSED] - Object: 'Object Repository/Admin Page/Nationalities/button_Save' is clicked on

2023-03-06 10:52:35 - [TEST_STEP][PASSED] - takeScreenshotAsCheckpoint("Entered User Info"): Taking screenshot successfully

2023-03-06 10:52:36 - [MESSAGE][INFO] - 0 hidden object(s)

2023-03-06 10:52:37 - [MESSAGE][PASSED] - Taking screenshot successfully
[[ATTACHMENT|keyes\keyes-Entered User Info.png]]

2023-03-06 10:52:37 - [TEST_STEP][PASSED] - waitForElementPresent(findTestObject("Confirmation messages/message_SuccessSuccessfullySaved"), 10): Object 'Object Repository/Confirmation messages/message_SuccessSuccessfullySaved' is present

2023-03-06 10:52:37 - [MESSAGE][PASSED] - Object 'Object Repository/Confirmation messages/message_SuccessSuccessfullySaved' is present

2023-03-06 10:52:37 - [TEST_STEP][PASSED] - verifyElementPresent(findTestObject("Confirmation messages/message_SuccessSuccessfullySaved"), 10): Object 'Object Repository/Confirmation messages/message_SuccessSuccessfullySaved' is present

2023-03-06 10:52:38 - [MESSAGE][PASSED] - Object 'Object Repository/Confirmation messages/message_SuccessSuccessfullySaved' is present

2023-03-06 10:52:38 - [TEST_STEP][PASSED] - Start listener action : sampleAfterTestCase: Browser is closed

2023-03-06 10:52:38 - [TEST_STEP][PASSED] - println(testCaseContext.getTestCaseId()): null

2023-03-06 10:52:38 - [TEST_STEP][PASSED] - println(testCaseContext.getTestCaseStatus()): null

2023-03-06 10:52:38 - [TEST_STEP][PASSED] - closeBrowser(): Browser is closed

2023-03-06 10:52:39 - [MESSAGE][PASSED] - Browser is closed]]></system-out>
         <system-err><![CDATA[]]></system-err>
      </testcase>
      <testcase name="Test Cases/Admin Page/User Management/Edit User" time="46.934" classname="Test Cases/Admin Page/User Management/Edit User" status="PASSED">
         <system-out><![CDATA[2023-03-06 10:52:39 - [TEST_CASE][PASSED] - Test Cases/Admin Page/User Management/Edit User: Test Cases/Admin Page/User Management/Edit User

2023-03-06 10:52:39 - [TEST_STEP][PASSED] - Start listener action : sampleBeforeTestCase: orange.keywords.userLogin is PASSED

2023-03-06 10:52:39 - [TEST_STEP][PASSED] - println(testCaseContext.getTestCaseId()): null

2023-03-06 10:52:39 - [TEST_STEP][PASSED] - println(testCaseContext.getTestCaseVariables()): null

2023-03-06 10:52:39 - [TEST_STEP][PASSED] - openBrowser(baseURL): Browser is opened with url: 'https://opensource-demo.orangehrmlive.com/web/index.php/auth/login'

2023-03-06 10:52:39 - [MESSAGE][INFO] - Starting 'Chrome' driver

2023-03-06 10:52:39 - [MESSAGE][INFO] - Action delay is set to 1,000 milliseconds

2023-03-06 10:52:43 - [MESSAGE][PASSED] - Browser is opened with url: 'https://opensource-demo.orangehrmlive.com/web/index.php/auth/login'

2023-03-06 10:52:43 - [TEST_STEP][PASSED] - maximizeWindow(): Current window maximized

2023-03-06 10:52:43 - [MESSAGE][PASSED] - Current window maximized

2023-03-06 10:52:43 - [TEST_STEP][PASSED] - orange.keywords.userLogin(findTestObject("Login Page/textbox_Username"), username, findTestObject("Login Page/textbox_Password"), password, findTestObject("Login Page/button_Login")): orange.keywords.userLogin is PASSED

2023-03-06 10:52:49 - [MESSAGE][PASSED] - orange.keywords.userLogin is PASSED

2023-03-06 10:52:50 - [TEST_STEP][PASSED] - click(findTestObject("Navigation Sidebar/a_Admin")): Object: 'Object Repository/Navigation Sidebar/a_Admin' is clicked on

2023-03-06 10:52:53 - [MESSAGE][PASSED] - Object: 'Object Repository/Navigation Sidebar/a_Admin' is clicked on

2023-03-06 10:52:53 - [TEST_STEP][PASSED] - sendKeys(findTestObject("Admin Page/User Management/textbox_System_User"), "Marco DiVaio"): Keys 'Marco DiVaio' sent to object: 'Object Repository/Admin Page/User Management/textbox_System_User'

2023-03-06 10:52:57 - [MESSAGE][PASSED] - Keys 'Marco DiVaio' sent to object: 'Object Repository/Admin Page/User Management/textbox_System_User'

2023-03-06 10:52:57 - [TEST_STEP][PASSED] - click(findTestObject("Admin Page/User Management/button_Search")): Object: 'Object Repository/Admin Page/User Management/button_Search' is clicked on

2023-03-06 10:52:58 - [MESSAGE][PASSED] - Object: 'Object Repository/Admin Page/User Management/button_Search' is clicked on

2023-03-06 10:52:58 - [TEST_STEP][PASSED] - click(findTestObject("Admin Page/User Management/button_Edit")): Object: 'Object Repository/Admin Page/User Management/button_Edit' is clicked on

2023-03-06 10:53:01 - [MESSAGE][PASSED] - Object: 'Object Repository/Admin Page/User Management/button_Edit' is clicked on

2023-03-06 10:53:01 - [TEST_STEP][PASSED] - click(findTestObject("Admin Page/User Management/dropdown_User_Role")): Object: 'Object Repository/Admin Page/User Management/dropdown_User_Role' is clicked on

2023-03-06 10:53:03 - [MESSAGE][PASSED] - Object: 'Object Repository/Admin Page/User Management/dropdown_User_Role' is clicked on

2023-03-06 10:53:03 - [TEST_STEP][PASSED] - click(findTestObject("Admin Page/User Management/option_ESS")): Object: 'Object Repository/Admin Page/User Management/option_ESS' is clicked on

2023-03-06 10:53:04 - [MESSAGE][PASSED] - Object: 'Object Repository/Admin Page/User Management/option_ESS' is clicked on

2023-03-06 10:53:04 - [TEST_STEP][PASSED] - click(findTestObject("Admin Page/User Management/dropdown_Status")): Object: 'Object Repository/Admin Page/User Management/dropdown_Status' is clicked on

2023-03-06 10:53:06 - [MESSAGE][PASSED] - Object: 'Object Repository/Admin Page/User Management/dropdown_Status' is clicked on

2023-03-06 10:53:06 - [TEST_STEP][PASSED] - click(findTestObject("Admin Page/User Management/option_Disabled")): Object: 'Object Repository/Admin Page/User Management/option_Disabled' is clicked on

2023-03-06 10:53:08 - [MESSAGE][PASSED] - Object: 'Object Repository/Admin Page/User Management/option_Disabled' is clicked on

2023-03-06 10:53:08 - [TEST_STEP][PASSED] - sendKeys(findTestObject("Admin Page/User Management/textbox_EmployeeName"), Keys.chord(CONTROL, "a")): Keys 'CONTROL + a' sent to object: 'Object Repository/Admin Page/User Management/textbox_EmployeeName'

2023-03-06 10:53:09 - [MESSAGE][PASSED] - Keys 'CONTROL + a' sent to object: 'Object Repository/Admin Page/User Management/textbox_EmployeeName'

2023-03-06 10:53:09 - [TEST_STEP][PASSED] - sendKeys(findTestObject("Admin Page/User Management/textbox_EmployeeName"), "a"): Keys 'a' sent to object: 'Object Repository/Admin Page/User Management/textbox_EmployeeName'

2023-03-06 10:53:11 - [MESSAGE][PASSED] - Keys 'a' sent to object: 'Object Repository/Admin Page/User Management/textbox_EmployeeName'

2023-03-06 10:53:11 - [TEST_STEP][PASSED] - waitForElementPresent(findTestObject("Admin Page/User Management/dropdown_table"), 10): Object 'Object Repository/Admin Page/User Management/dropdown_table' is present

2023-03-06 10:53:11 - [MESSAGE][PASSED] - Object 'Object Repository/Admin Page/User Management/dropdown_table' is present

2023-03-06 10:53:11 - [TEST_STEP][PASSED] - waitForElementClickable(findTestObject("Admin Page/User Management/dropdown_EmployeeName_option"), 10): Object 'Object Repository/Admin Page/User Management/dropdown_EmployeeName_option' is clickable

2023-03-06 10:53:15 - [MESSAGE][PASSED] - Object 'Object Repository/Admin Page/User Management/dropdown_EmployeeName_option' is clickable

2023-03-06 10:53:15 - [TEST_STEP][PASSED] - orange.keywords.randomClick(findTestObject("Admin Page/User Management/dropdown_EmployeeName_option")): orange.keywords.randomClick is PASSED

2023-03-06 10:53:16 - [MESSAGE][PASSED] - orange.keywords.randomClick is PASSED

2023-03-06 10:53:16 - [TEST_STEP][PASSED] - sendKeys(findTestObject("Admin Page/User Management/textbox_Username"), Keys.chord(CONTROL, "a")): Keys 'CONTROL + a' sent to object: 'Object Repository/Admin Page/User Management/textbox_Username'

2023-03-06 10:53:18 - [MESSAGE][PASSED] - Keys 'CONTROL + a' sent to object: 'Object Repository/Admin Page/User Management/textbox_Username'

2023-03-06 10:53:18 - [TEST_STEP][PASSED] - sendKeys(findTestObject("Admin Page/User Management/textbox_Username_selected"), "Luca Marchegiani"): Keys 'Luca Marchegiani' sent to object: 'Object Repository/Admin Page/User Management/textbox_Username_selected'

2023-03-06 10:53:19 - [MESSAGE][PASSED] - Keys 'Luca Marchegiani' sent to object: 'Object Repository/Admin Page/User Management/textbox_Username_selected'

2023-03-06 10:53:19 - [TEST_STEP][PASSED] - click(findTestObject("Admin Page/Nationalities/button_Save")): Object: 'Object Repository/Admin Page/Nationalities/button_Save' is clicked on

2023-03-06 10:53:21 - [MESSAGE][PASSED] - Object: 'Object Repository/Admin Page/Nationalities/button_Save' is clicked on

2023-03-06 10:53:21 - [TEST_STEP][PASSED] - waitForElementPresent(findTestObject("Confirmation messages/message_SuccessSuccessfullyUpdated"), 10): Object 'Object Repository/Confirmation messages/message_SuccessSuccessfullyUpdated' is present

2023-03-06 10:53:25 - [MESSAGE][PASSED] - Object 'Object Repository/Confirmation messages/message_SuccessSuccessfullyUpdated' is present

2023-03-06 10:53:25 - [TEST_STEP][PASSED] - verifyElementPresent(findTestObject("Confirmation messages/message_SuccessSuccessfullyUpdated"), 10): Object 'Object Repository/Confirmation messages/message_SuccessSuccessfullyUpdated' is present

2023-03-06 10:53:25 - [MESSAGE][PASSED] - Object 'Object Repository/Confirmation messages/message_SuccessSuccessfullyUpdated' is present

2023-03-06 10:53:25 - [TEST_STEP][PASSED] - Start listener action : sampleAfterTestCase: Browser is closed

2023-03-06 10:53:25 - [TEST_STEP][PASSED] - println(testCaseContext.getTestCaseId()): null

2023-03-06 10:53:25 - [TEST_STEP][PASSED] - println(testCaseContext.getTestCaseStatus()): null

2023-03-06 10:53:25 - [TEST_STEP][PASSED] - closeBrowser(): Browser is closed

2023-03-06 10:53:26 - [MESSAGE][PASSED] - Browser is closed]]></system-out>
         <system-err><![CDATA[]]></system-err>
      </testcase>
      <testcase name="Test Cases/Admin Page/User Management/Delete User" time="23.601" classname="Test Cases/Admin Page/User Management/Delete User" status="PASSED">
         <system-out><![CDATA[2023-03-06 10:53:26 - [TEST_CASE][PASSED] - Test Cases/Admin Page/User Management/Delete User: Test Cases/Admin Page/User Management/Delete User

2023-03-06 10:53:26 - [TEST_STEP][PASSED] - Start listener action : sampleBeforeTestCase: orange.keywords.userLogin is PASSED

2023-03-06 10:53:26 - [TEST_STEP][PASSED] - println(testCaseContext.getTestCaseId()): null

2023-03-06 10:53:26 - [TEST_STEP][PASSED] - println(testCaseContext.getTestCaseVariables()): null

2023-03-06 10:53:26 - [TEST_STEP][PASSED] - openBrowser(baseURL): Browser is opened with url: 'https://opensource-demo.orangehrmlive.com/web/index.php/auth/login'

2023-03-06 10:53:26 - [MESSAGE][INFO] - Starting 'Chrome' driver

2023-03-06 10:53:26 - [MESSAGE][INFO] - Action delay is set to 1,000 milliseconds

2023-03-06 10:53:30 - [MESSAGE][PASSED] - Browser is opened with url: 'https://opensource-demo.orangehrmlive.com/web/index.php/auth/login'

2023-03-06 10:53:30 - [TEST_STEP][PASSED] - maximizeWindow(): Current window maximized

2023-03-06 10:53:30 - [MESSAGE][PASSED] - Current window maximized

2023-03-06 10:53:30 - [TEST_STEP][PASSED] - orange.keywords.userLogin(findTestObject("Login Page/textbox_Username"), username, findTestObject("Login Page/textbox_Password"), password, findTestObject("Login Page/button_Login")): orange.keywords.userLogin is PASSED

2023-03-06 10:53:36 - [MESSAGE][PASSED] - orange.keywords.userLogin is PASSED

2023-03-06 10:53:37 - [TEST_STEP][PASSED] - click(findTestObject("Navigation Sidebar/a_Admin")): Object: 'Object Repository/Navigation Sidebar/a_Admin' is clicked on

2023-03-06 10:53:40 - [MESSAGE][PASSED] - Object: 'Object Repository/Navigation Sidebar/a_Admin' is clicked on

2023-03-06 10:53:40 - [TEST_STEP][PASSED] - sendKeys(findTestObject("Admin Page/User Management/textbox_System_User"), "Luca Marchegiani"): Keys 'Luca Marchegiani' sent to object: 'Object Repository/Admin Page/User Management/textbox_System_User'

2023-03-06 10:53:42 - [MESSAGE][PASSED] - Keys 'Luca Marchegiani' sent to object: 'Object Repository/Admin Page/User Management/textbox_System_User'

2023-03-06 10:53:42 - [TEST_STEP][PASSED] - click(findTestObject("Admin Page/User Management/button_Search")): Object: 'Object Repository/Admin Page/User Management/button_Search' is clicked on

2023-03-06 10:53:44 - [MESSAGE][PASSED] - Object: 'Object Repository/Admin Page/User Management/button_Search' is clicked on

2023-03-06 10:53:44 - [TEST_STEP][PASSED] - click(findTestObject("Admin Page/User Management/button_Delete")): Object: 'Object Repository/Admin Page/User Management/button_Delete' is clicked on

2023-03-06 10:53:46 - [MESSAGE][PASSED] - Object: 'Object Repository/Admin Page/User Management/button_Delete' is clicked on

2023-03-06 10:53:46 - [TEST_STEP][PASSED] - click(findTestObject("Admin Page/User Management/button_Yes, Delete")): Object: 'Object Repository/Admin Page/User Management/button_Yes, Delete' is clicked on

2023-03-06 10:53:47 - [MESSAGE][PASSED] - Object: 'Object Repository/Admin Page/User Management/button_Yes, Delete' is clicked on

2023-03-06 10:53:47 - [TEST_STEP][PASSED] - waitForElementPresent(findTestObject("Confirmation messages/message_SuccessSuccessfullyDeleted"), 10): Object 'Object Repository/Confirmation messages/message_SuccessSuccessfullyDeleted' is present

2023-03-06 10:53:48 - [MESSAGE][PASSED] - Object 'Object Repository/Confirmation messages/message_SuccessSuccessfullyDeleted' is present

2023-03-06 10:53:48 - [TEST_STEP][PASSED] - verifyElementPresent(findTestObject("Confirmation messages/message_SuccessSuccessfullyDeleted"), 10): Object 'Object Repository/Confirmation messages/message_SuccessSuccessfullyDeleted' is present

2023-03-06 10:53:49 - [MESSAGE][PASSED] - Object 'Object Repository/Confirmation messages/message_SuccessSuccessfullyDeleted' is present

2023-03-06 10:53:49 - [TEST_STEP][PASSED] - Start listener action : sampleAfterTestCase: Browser is closed

2023-03-06 10:53:49 - [TEST_STEP][PASSED] - println(testCaseContext.getTestCaseId()): null

2023-03-06 10:53:49 - [TEST_STEP][PASSED] - println(testCaseContext.getTestCaseStatus()): null

2023-03-06 10:53:49 - [TEST_STEP][PASSED] - closeBrowser(): Browser is closed

2023-03-06 10:53:49 - [MESSAGE][PASSED] - Browser is closed]]></system-out>
         <system-err><![CDATA[]]></system-err>
      </testcase>
      <system-out><![CDATA[2023-03-06 10:51:55 - [TEST_SUITE][PASSED] - User Management Suite: Test Cases/Admin Page/User Management/Delete User]]></system-out>
      <system-err><![CDATA[]]></system-err>
   </testsuite>
</testsuites>
