<?xml version="1.0" encoding="UTF-8"?>
<testsuites name="Login Test Suite" time="78.657" tests="5" failures="0" errors="0">
   <testsuite name="Login Test Suite" tests="5" failures="0" errors="0" time="78.657" skipped="0" timestamp="2023-01-26 13:50:02" hostname="PC - DESKTOP-BHVHH8C" id="Test Suites/Login Test Suite">
      <properties>
         <property name="deviceName" value=""/>
         <property name="devicePlatform" value=""/>
         <property name="logFolder" value="C:\\Users\\PC\\git\\Orange Web Test Automation\\Reports\\20230126_134935\\Login Test Suite\\20230126_134936"/>
         <property name="logFiles" value="C:\\Users\\PC\\git\\Orange Web Test Automation\\Reports\\20230126_134935\\Login Test Suite\\20230126_134936\\execution0.log"/>
         <property name="attachments" value=""/>
         <property name="hostName" value="PC - DESKTOP-BHVHH8C"/>
         <property name="os" value="Windows 10 64bit"/>
         <property name="katalonVersion" value="8.5.5.208"/>
         <property name="browser" value="Chrome 109.0.0.0"/>
         <property name="hostAddress" value="192.168.88.235"/>
         <property name="sessionId" value="000d4583c0c4c1cc12ad9413ee26b9c4"/>
         <property name="seleniumVersion" value="3.141.59"/>
         <property name="proxyInformation" value="ProxyInformation { proxyOption=NO_PROXY, proxyServerType=HTTP, username=, password=********, proxyServerAddress=, proxyServerPort=0, executionList=&quot;&quot;, isApplyToDesiredCapabilities=true }"/>
         <property name="platform" value="Windows 10"/>
      </properties>
      <testcase name="Test Cases/Login/Successfull login attempt" time="21.608" classname="Test Cases/Login/Successfull login attempt" status="PASSED">
         <system-out><![CDATA[2023-01-26 13:50:03 - [TEST_CASE][PASSED] - Test Cases/Login/Successfull login attempt: Test Cases/Login/Successfull login attempt

2023-01-26 13:50:05 - [TEST_STEP][PASSED] - openBrowser(baseURL): Browser is opened with url: 'https://opensource-demo.orangehrmlive.com/web/index.php/auth/login'

2023-01-26 13:50:06 - [MESSAGE][INFO] - Starting 'Chrome' driver

2023-01-26 13:50:06 - [MESSAGE][INFO] - Action delay is set to 1,000 milliseconds

2023-01-26 13:50:14 - [MESSAGE][PASSED] - Browser is opened with url: 'https://opensource-demo.orangehrmlive.com/web/index.php/auth/login'

2023-01-26 13:50:14 - [TEST_STEP][PASSED] - maximizeWindow(): Current window maximized

2023-01-26 13:50:14 - [MESSAGE][PASSED] - Current window maximized

2023-01-26 13:50:14 - [TEST_STEP][PASSED] - sendKeys(findTestObject("Login Papge/textbox_Username"), "Admin"): Keys 'Admin' sent to object: 'Object Repository/Login Papge/textbox_Username'

2023-01-26 13:50:16 - [MESSAGE][PASSED] - Keys 'Admin' sent to object: 'Object Repository/Login Papge/textbox_Username'

2023-01-26 13:50:16 - [TEST_STEP][PASSED] - setEncryptedText(findTestObject("Login Papge/textbox_Password"), "hUKwJTbofgPU9eVlw/CnDQ=="): Text ****** has been set on object 'Object Repository/Login Papge/textbox_Password'

2023-01-26 13:50:19 - [MESSAGE][PASSED] - Text ****** has been set on object 'Object Repository/Login Papge/textbox_Password'

2023-01-26 13:50:19 - [TEST_STEP][PASSED] - click(findTestObject("Login Papge/button_Login")): Object: 'Object Repository/Login Papge/button_Login' is clicked on

2023-01-26 13:50:22 - [MESSAGE][PASSED] - Object: 'Object Repository/Login Papge/button_Login' is clicked on

2023-01-26 13:50:22 - [TEST_STEP][PASSED] - verifyElementPresent(findTestObject("Home Page/dropdown_user_profile"), 10): Object 'Object Repository/Home Page/dropdown_user_profile' is present

2023-01-26 13:50:24 - [MESSAGE][PASSED] - Object 'Object Repository/Home Page/dropdown_user_profile' is present

2023-01-26 13:50:24 - [TEST_STEP][PASSED] - closeBrowser(): Browser is closed

2023-01-26 13:50:25 - [MESSAGE][PASSED] - Browser is closed]]></system-out>
         <system-err><![CDATA[]]></system-err>
      </testcase>
      <testcase name="Test Cases/Login/Unsuccessfull login attempt" time="13.733" classname="Test Cases/Login/Unsuccessfull login attempt" status="PASSED">
         <system-out><![CDATA[2023-01-26 13:50:25 - [TEST_CASE][PASSED] - Test Cases/Login/Unsuccessfull login attempt: Test Cases/Login/Unsuccessfull login attempt

2023-01-26 13:50:26 - [TEST_STEP][PASSED] - openBrowser(baseURL): Browser is opened with url: 'https://opensource-demo.orangehrmlive.com/web/index.php/auth/login'

2023-01-26 13:50:26 - [MESSAGE][INFO] - Starting 'Chrome' driver

2023-01-26 13:50:26 - [MESSAGE][INFO] - Action delay is set to 1,000 milliseconds

2023-01-26 13:50:30 - [MESSAGE][PASSED] - Browser is opened with url: 'https://opensource-demo.orangehrmlive.com/web/index.php/auth/login'

2023-01-26 13:50:30 - [TEST_STEP][PASSED] - maximizeWindow(): Current window maximized

2023-01-26 13:50:30 - [MESSAGE][PASSED] - Current window maximized

2023-01-26 13:50:30 - [TEST_STEP][PASSED] - sendKeys(findTestObject("Login Papge/textbox_Username"), "Admin"): Keys 'Admin' sent to object: 'Object Repository/Login Papge/textbox_Username'

2023-01-26 13:50:32 - [MESSAGE][PASSED] - Keys 'Admin' sent to object: 'Object Repository/Login Papge/textbox_Username'

2023-01-26 13:50:32 - [TEST_STEP][PASSED] - setEncryptedText(findTestObject("Login Papge/textbox_Password"), "1bcgBUi0Tj/gc3uc61HAVQ=="): Text ****** has been set on object 'Object Repository/Login Papge/textbox_Password'

2023-01-26 13:50:35 - [MESSAGE][PASSED] - Text ****** has been set on object 'Object Repository/Login Papge/textbox_Password'

2023-01-26 13:50:35 - [TEST_STEP][PASSED] - click(findTestObject("Login Papge/button_Login")): Object: 'Object Repository/Login Papge/button_Login' is clicked on

2023-01-26 13:50:37 - [MESSAGE][PASSED] - Object: 'Object Repository/Login Papge/button_Login' is clicked on

2023-01-26 13:50:37 - [TEST_STEP][PASSED] - verifyElementPresent(findTestObject("Login Papge/message_Invalid credentials"), 10): Object 'Object Repository/Login Papge/message_Invalid credentials' is present

2023-01-26 13:50:38 - [MESSAGE][PASSED] - Object 'Object Repository/Login Papge/message_Invalid credentials' is present

2023-01-26 13:50:38 - [TEST_STEP][PASSED] - closeBrowser(): Browser is closed

2023-01-26 13:50:39 - [MESSAGE][PASSED] - Browser is closed]]></system-out>
         <system-err><![CDATA[]]></system-err>
      </testcase>
      <testcase name="Test Cases/Login/Reset User Password" time="14.708" classname="Test Cases/Login/Reset User Password" status="PASSED">
         <system-out><![CDATA[2023-01-26 13:50:39 - [TEST_CASE][PASSED] - Test Cases/Login/Reset User Password: Test Cases/Login/Reset User Password

2023-01-26 13:50:40 - [TEST_STEP][PASSED] - openBrowser(baseURL): Browser is opened with url: 'https://opensource-demo.orangehrmlive.com/web/index.php/auth/login'

2023-01-26 13:50:40 - [MESSAGE][INFO] - Starting 'Chrome' driver

2023-01-26 13:50:40 - [MESSAGE][INFO] - Action delay is set to 1,000 milliseconds

2023-01-26 13:50:44 - [MESSAGE][PASSED] - Browser is opened with url: 'https://opensource-demo.orangehrmlive.com/web/index.php/auth/login'

2023-01-26 13:50:44 - [TEST_STEP][PASSED] - maximizeWindow(): Current window maximized

2023-01-26 13:50:44 - [MESSAGE][PASSED] - Current window maximized

2023-01-26 13:50:44 - [TEST_STEP][PASSED] - click(findTestObject("Login Papge/link_Forgot your password")): Object: 'Object Repository/Login Papge/link_Forgot your password' is clicked on

2023-01-26 13:50:47 - [MESSAGE][PASSED] - Object: 'Object Repository/Login Papge/link_Forgot your password' is clicked on

2023-01-26 13:50:47 - [TEST_STEP][PASSED] - sendKeys(findTestObject("Reset Password Page/textbox_Username"), "Admin"): Keys 'Admin' sent to object: 'Object Repository/Reset Password Page/textbox_Username'

2023-01-26 13:50:49 - [MESSAGE][PASSED] - Keys 'Admin' sent to object: 'Object Repository/Reset Password Page/textbox_Username'

2023-01-26 13:50:49 - [TEST_STEP][PASSED] - click(findTestObject("Reset Password Page/button_Reset Password")): Object: 'Object Repository/Reset Password Page/button_Reset Password' is clicked on

2023-01-26 13:50:52 - [MESSAGE][PASSED] - Object: 'Object Repository/Reset Password Page/button_Reset Password' is clicked on

2023-01-26 13:50:52 - [TEST_STEP][PASSED] - verifyElementText(findTestObject("Reset Password Page/title_Reset Password link sent successfully"), "Reset Password link sent successfully"): Actual text and expected text of test object 'Object Repository/Reset Password Page/title_Reset Password link sent successfully' are matched.

2023-01-26 13:50:53 - [MESSAGE][PASSED] - Actual text and expected text of test object 'Object Repository/Reset Password Page/title_Reset Password link sent successfully' are matched.

2023-01-26 13:50:53 - [TEST_STEP][PASSED] - closeBrowser(): Browser is closed

2023-01-26 13:50:53 - [MESSAGE][PASSED] - Browser is closed]]></system-out>
         <system-err><![CDATA[]]></system-err>
      </testcase>
      <testcase name="Test Cases/Login/Cancel Reset User Password" time="14.449" classname="Test Cases/Login/Cancel Reset User Password" status="PASSED">
         <system-out><![CDATA[2023-01-26 13:50:53 - [TEST_CASE][PASSED] - Test Cases/Login/Cancel Reset User Password: Test Cases/Login/Cancel Reset User Password

2023-01-26 13:50:55 - [TEST_STEP][PASSED] - openBrowser(baseURL): Browser is opened with url: 'https://opensource-demo.orangehrmlive.com/web/index.php/auth/login'

2023-01-26 13:50:55 - [MESSAGE][INFO] - Starting 'Chrome' driver

2023-01-26 13:50:55 - [MESSAGE][INFO] - Action delay is set to 1,000 milliseconds

2023-01-26 13:50:58 - [MESSAGE][PASSED] - Browser is opened with url: 'https://opensource-demo.orangehrmlive.com/web/index.php/auth/login'

2023-01-26 13:50:58 - [TEST_STEP][PASSED] - maximizeWindow(): Current window maximized

2023-01-26 13:50:59 - [MESSAGE][PASSED] - Current window maximized

2023-01-26 13:50:59 - [TEST_STEP][PASSED] - click(findTestObject("Login Papge/link_Forgot your password")): Object: 'Object Repository/Login Papge/link_Forgot your password' is clicked on

2023-01-26 13:51:01 - [MESSAGE][PASSED] - Object: 'Object Repository/Login Papge/link_Forgot your password' is clicked on

2023-01-26 13:51:01 - [TEST_STEP][PASSED] - sendKeys(findTestObject("Reset Password Page/textbox_Username"), "Admin"): Keys 'Admin' sent to object: 'Object Repository/Reset Password Page/textbox_Username'

2023-01-26 13:51:03 - [MESSAGE][PASSED] - Keys 'Admin' sent to object: 'Object Repository/Reset Password Page/textbox_Username'

2023-01-26 13:51:03 - [TEST_STEP][PASSED] - click(findTestObject("Reset Password Page/button_Cancel")): Object: 'Object Repository/Reset Password Page/button_Cancel' is clicked on

2023-01-26 13:51:05 - [MESSAGE][PASSED] - Object: 'Object Repository/Reset Password Page/button_Cancel' is clicked on

2023-01-26 13:51:05 - [TEST_STEP][PASSED] - verifyElementPresent(findTestObject("Login Papge/textbox_Username"), 10): Object 'Object Repository/Login Papge/textbox_Username' is present

2023-01-26 13:51:06 - [MESSAGE][PASSED] - Object 'Object Repository/Login Papge/textbox_Username' is present

2023-01-26 13:51:06 - [TEST_STEP][PASSED] - verifyElementPresent(findTestObject("Login Papge/textbox_Password"), 10): Object 'Object Repository/Login Papge/textbox_Password' is present

2023-01-26 13:51:07 - [MESSAGE][PASSED] - Object 'Object Repository/Login Papge/textbox_Password' is present

2023-01-26 13:51:07 - [TEST_STEP][PASSED] - verifyElementPresent(findTestObject("Login Papge/button_Login"), 10): Object 'Object Repository/Login Papge/button_Login' is present

2023-01-26 13:51:07 - [MESSAGE][PASSED] - Object 'Object Repository/Login Papge/button_Login' is present

2023-01-26 13:51:07 - [TEST_STEP][PASSED] - closeBrowser(): Browser is closed

2023-01-26 13:51:08 - [MESSAGE][PASSED] - Browser is closed]]></system-out>
         <system-err><![CDATA[]]></system-err>
      </testcase>
      <testcase name="Test Cases/Login/Social Media Links Verification" time="13.149" classname="Test Cases/Login/Social Media Links Verification" status="PASSED">
         <system-out><![CDATA[2023-01-26 13:51:08 - [TEST_CASE][PASSED] - Test Cases/Login/Social Media Links Verification: Test Cases/Login/Social Media Links Verification

2023-01-26 13:51:09 - [TEST_STEP][PASSED] - openBrowser(baseURL): Browser is opened with url: 'https://opensource-demo.orangehrmlive.com/web/index.php/auth/login'

2023-01-26 13:51:09 - [MESSAGE][INFO] - Starting 'Chrome' driver

2023-01-26 13:51:09 - [MESSAGE][INFO] - Action delay is set to 1,000 milliseconds

2023-01-26 13:51:14 - [MESSAGE][PASSED] - Browser is opened with url: 'https://opensource-demo.orangehrmlive.com/web/index.php/auth/login'

2023-01-26 13:51:14 - [TEST_STEP][PASSED] - maximizeWindow(): Current window maximized

2023-01-26 13:51:14 - [MESSAGE][PASSED] - Current window maximized

2023-01-26 13:51:14 - [TEST_STEP][PASSED] - waitForPageLoad(10): Wait for page load successfully

2023-01-26 13:51:15 - [MESSAGE][PASSED] - Wait for page load successfully

2023-01-26 13:51:15 - [TEST_STEP][PASSED] - verifyLinksAccessible(["https://www.facebook.com/OrangeHRM/", "https://twitter.com/orangehrm?lang=en", "https://www.youtube.com/c/OrangeHRMInc"]): All links are accessible

2023-01-26 13:51:19 - [MESSAGE][INFO] - HAR: C:\Users\PC\git\Orange Web Test Automation\Reports\20230126_134935\Login Test Suite\20230126_134936\requests\main\0.har

2023-01-26 13:51:19 - [MESSAGE][PASSED] - Send request successfully

2023-01-26 13:51:20 - [MESSAGE][INFO] - HAR: C:\Users\PC\git\Orange Web Test Automation\Reports\20230126_134935\Login Test Suite\20230126_134936\requests\main\1.har

2023-01-26 13:51:20 - [MESSAGE][PASSED] - Send request successfully

2023-01-26 13:51:20 - [MESSAGE][INFO] - HAR: C:\Users\PC\git\Orange Web Test Automation\Reports\20230126_134935\Login Test Suite\20230126_134936\requests\main\2.har

2023-01-26 13:51:20 - [MESSAGE][PASSED] - Send request successfully

2023-01-26 13:51:20 - [MESSAGE][PASSED] - All links are accessible

2023-01-26 13:51:20 - [TEST_STEP][PASSED] - closeBrowser(): Browser is closed

2023-01-26 13:51:21 - [MESSAGE][PASSED] - Browser is closed]]></system-out>
         <system-err><![CDATA[]]></system-err>
      </testcase>
      <system-out><![CDATA[2023-01-26 13:50:02 - [TEST_SUITE][PASSED] - Login Test Suite: Test Cases/Login/Social Media Links Verification]]></system-out>
      <system-err><![CDATA[]]></system-err>
   </testsuite>
</testsuites>
