<?xml version="1.0" encoding="UTF-8"?>
<testsuites name="Job Dropdown Suite" time="96.831" tests="3" failures="0" errors="0">
   <testsuite name="Job Dropdown Suite" tests="3" failures="0" errors="0" time="96.831" skipped="0" timestamp="2023-01-25 10:11:46" hostname="PC - DESKTOP-BHVHH8C" id="Test Suites/Job Dropdown Suite">
      <properties>
         <property name="deviceName" value=""/>
         <property name="devicePlatform" value=""/>
         <property name="logFolder" value="C:\\Users\\PC\\git\\Orange Web Test Automation\\Reports\\20230125_101118\\Job Dropdown Suite\\20230125_101123"/>
         <property name="logFiles" value="C:\\Users\\PC\\git\\Orange Web Test Automation\\Reports\\20230125_101118\\Job Dropdown Suite\\20230125_101123\\execution0.log"/>
         <property name="attachments" value=""/>
         <property name="hostName" value="PC - DESKTOP-BHVHH8C"/>
         <property name="os" value="Windows 10 64bit"/>
         <property name="katalonVersion" value="8.5.5.208"/>
         <property name="browser" value="Chrome 109.0.0.0"/>
         <property name="hostAddress" value="192.168.88.235"/>
         <property name="sessionId" value="e7357caf1342d7da1127f7a6f7d1e341"/>
         <property name="seleniumVersion" value="3.141.59"/>
         <property name="proxyInformation" value="ProxyInformation { proxyOption=NO_PROXY, proxyServerType=HTTP, username=, password=********, proxyServerAddress=, proxyServerPort=0, executionList=&quot;&quot;, isApplyToDesiredCapabilities=true }"/>
         <property name="platform" value="Windows 10"/>
      </properties>
      <testcase name="Test Cases/Admin Page/Job/Job Titles/Add Job Title" time="32.983" classname="Test Cases/Admin Page/Job/Job Titles/Add Job Title" status="PASSED">
         <system-out><![CDATA[2023-01-25 10:11:47 - [TEST_CASE][PASSED] - Test Cases/Admin Page/Job/Job Titles/Add Job Title: Test Cases/Admin Page/Job/Job Titles/Add Job Title

2023-01-25 10:11:47 - [TEST_STEP][PASSED] - openBrowser(baseURL): Browser is opened with url: 'https://opensource-demo.orangehrmlive.com/web/index.php/auth/login'

2023-01-25 10:11:48 - [MESSAGE][INFO] - Starting 'Chrome' driver

2023-01-25 10:11:48 - [MESSAGE][INFO] - Action delay is set to 1,000 milliseconds

2023-01-25 10:11:53 - [MESSAGE][PASSED] - Browser is opened with url: 'https://opensource-demo.orangehrmlive.com/web/index.php/auth/login'

2023-01-25 10:11:53 - [TEST_STEP][PASSED] - maximizeWindow(): Current window maximized

2023-01-25 10:11:53 - [MESSAGE][PASSED] - Current window maximized

2023-01-25 10:11:53 - [TEST_STEP][PASSED] - orange.keywords.userLogin(findTestObject("Login Papge/textbox_Username"), username, findTestObject("Login Papge/textbox_Password"), password, findTestObject("Login Papge/button_Login")): orange.keywords.userLogin is PASSED

2023-01-25 10:11:59 - [MESSAGE][PASSED] - orange.keywords.userLogin is PASSED

2023-01-25 10:11:59 - [TEST_STEP][PASSED] - click(findTestObject("Navigation Sidebar/a_Admin")): Object: 'Object Repository/Navigation Sidebar/a_Admin' is clicked on

2023-01-25 10:12:03 - [MESSAGE][PASSED] - Object: 'Object Repository/Navigation Sidebar/a_Admin' is clicked on

2023-01-25 10:12:03 - [TEST_STEP][PASSED] - click(findTestObject("Admin Page/Job/li_Job")): Object: 'Object Repository/Admin Page/Job/li_Job' is clicked on

2023-01-25 10:12:06 - [MESSAGE][PASSED] - Object: 'Object Repository/Admin Page/Job/li_Job' is clicked on

2023-01-25 10:12:06 - [TEST_STEP][PASSED] - click(findTestObject("Admin Page/Job/Job Titles/li_Job Titles")): Object: 'Object Repository/Admin Page/Job/Job Titles/li_Job Titles' is clicked on

2023-01-25 10:12:08 - [MESSAGE][PASSED] - Object: 'Object Repository/Admin Page/Job/Job Titles/li_Job Titles' is clicked on

2023-01-25 10:12:08 - [TEST_STEP][PASSED] - click(findTestObject("Admin Page/Nationalities/button_Add")): Object: 'Object Repository/Admin Page/Nationalities/button_Add' is clicked on

2023-01-25 10:12:11 - [MESSAGE][PASSED] - Object: 'Object Repository/Admin Page/Nationalities/button_Add' is clicked on

2023-01-25 10:12:11 - [TEST_STEP][PASSED] - sendKeys(findTestObject("Admin Page/Qualifications/Skills/textbox_Username"), "The Boss"): Keys 'The Boss' sent to object: 'Object Repository/Admin Page/Qualifications/Skills/textbox_Username'

2023-01-25 10:12:14 - [MESSAGE][PASSED] - Keys 'The Boss' sent to object: 'Object Repository/Admin Page/Qualifications/Skills/textbox_Username'

2023-01-25 10:12:14 - [TEST_STEP][PASSED] - sendKeys(findTestObject("Admin Page/Job/Job Titles/textarea_Job Description"), "Big Boss "): Keys 'Big Boss ' sent to object: 'Object Repository/Admin Page/Job/Job Titles/textarea_Job Description'

2023-01-25 10:12:15 - [MESSAGE][PASSED] - Keys 'Big Boss ' sent to object: 'Object Repository/Admin Page/Job/Job Titles/textarea_Job Description'

2023-01-25 10:12:15 - [TEST_STEP][PASSED] - sendKeys(findTestObject("Admin Page/Job/Job Titles/textarea_Note"), "No notes available"): Keys 'No notes available' sent to object: 'Object Repository/Admin Page/Job/Job Titles/textarea_Note'

2023-01-25 10:12:17 - [MESSAGE][PASSED] - Keys 'No notes available' sent to object: 'Object Repository/Admin Page/Job/Job Titles/textarea_Note'

2023-01-25 10:12:17 - [TEST_STEP][PASSED] - click(findTestObject("Admin Page/Nationalities/button_Save")): Object: 'Object Repository/Admin Page/Nationalities/button_Save' is clicked on

2023-01-25 10:12:18 - [MESSAGE][PASSED] - Object: 'Object Repository/Admin Page/Nationalities/button_Save' is clicked on

2023-01-25 10:12:18 - [TEST_STEP][PASSED] - verifyElementPresent(findTestObject("Confirmation messages/message_SuccessSuccessfullySaved"), 10): Object 'Object Repository/Confirmation messages/message_SuccessSuccessfullySaved' is present

2023-01-25 10:12:19 - [MESSAGE][PASSED] - Object 'Object Repository/Confirmation messages/message_SuccessSuccessfullySaved' is present

2023-01-25 10:12:19 - [TEST_STEP][PASSED] - closeBrowser(): Browser is closed

2023-01-25 10:12:20 - [MESSAGE][PASSED] - Browser is closed]]></system-out>
         <system-err><![CDATA[]]></system-err>
      </testcase>
      <testcase name="Test Cases/Admin Page/Job/Job Titles/Edit Job Title" time="39.849" classname="Test Cases/Admin Page/Job/Job Titles/Edit Job Title" status="PASSED">
         <system-out><![CDATA[2023-01-25 10:12:20 - [TEST_CASE][PASSED] - Test Cases/Admin Page/Job/Job Titles/Edit Job Title: Test Cases/Admin Page/Job/Job Titles/Edit Job Title

2023-01-25 10:12:20 - [TEST_STEP][PASSED] - openBrowser(baseURL): Browser is opened with url: 'https://opensource-demo.orangehrmlive.com/web/index.php/auth/login'

2023-01-25 10:12:20 - [MESSAGE][INFO] - Starting 'Chrome' driver

2023-01-25 10:12:20 - [MESSAGE][INFO] - Action delay is set to 1,000 milliseconds

2023-01-25 10:12:24 - [MESSAGE][PASSED] - Browser is opened with url: 'https://opensource-demo.orangehrmlive.com/web/index.php/auth/login'

2023-01-25 10:12:24 - [TEST_STEP][PASSED] - maximizeWindow(): Current window maximized

2023-01-25 10:12:24 - [MESSAGE][PASSED] - Current window maximized

2023-01-25 10:12:24 - [TEST_STEP][PASSED] - orange.keywords.userLogin(findTestObject("Login Papge/textbox_Username"), username, findTestObject("Login Papge/textbox_Password"), password, findTestObject("Login Papge/button_Login")): orange.keywords.userLogin is PASSED

2023-01-25 10:12:32 - [MESSAGE][PASSED] - orange.keywords.userLogin is PASSED

2023-01-25 10:12:32 - [TEST_STEP][PASSED] - click(findTestObject("Navigation Sidebar/a_Admin")): Object: 'Object Repository/Navigation Sidebar/a_Admin' is clicked on

2023-01-25 10:12:36 - [MESSAGE][PASSED] - Object: 'Object Repository/Navigation Sidebar/a_Admin' is clicked on

2023-01-25 10:12:36 - [TEST_STEP][PASSED] - click(findTestObject("Admin Page/Job/li_Job")): Object: 'Object Repository/Admin Page/Job/li_Job' is clicked on

2023-01-25 10:12:39 - [MESSAGE][PASSED] - Object: 'Object Repository/Admin Page/Job/li_Job' is clicked on

2023-01-25 10:12:39 - [TEST_STEP][PASSED] - click(findTestObject("Admin Page/Job/Job Titles/li_Job Titles")): Object: 'Object Repository/Admin Page/Job/Job Titles/li_Job Titles' is clicked on

2023-01-25 10:12:41 - [MESSAGE][PASSED] - Object: 'Object Repository/Admin Page/Job/Job Titles/li_Job Titles' is clicked on

2023-01-25 10:12:41 - [TEST_STEP][PASSED] - click(findTestObject("Admin Page/Qualifications/Skills/button_Edit")): Object: 'Object Repository/Admin Page/Qualifications/Skills/button_Edit' is clicked on

2023-01-25 10:12:44 - [MESSAGE][PASSED] - Object: 'Object Repository/Admin Page/Qualifications/Skills/button_Edit' is clicked on

2023-01-25 10:12:44 - [TEST_STEP][PASSED] - sendKeys(findTestObject("Admin Page/Qualifications/Skills/textbox_Username"), Keys.chord(CONTROL, "a")): Keys 'CONTROL + a' sent to object: 'Object Repository/Admin Page/Qualifications/Skills/textbox_Username'

2023-01-25 10:12:48 - [MESSAGE][PASSED] - Keys 'CONTROL + a' sent to object: 'Object Repository/Admin Page/Qualifications/Skills/textbox_Username'

2023-01-25 10:12:48 - [TEST_STEP][PASSED] - sendKeys(findTestObject("Admin Page/Qualifications/Skills/textbox_Username_selected"), "The Boss-Edited"): Keys 'The Boss-Edited' sent to object: 'Object Repository/Admin Page/Qualifications/Skills/textbox_Username_selected'

2023-01-25 10:12:49 - [MESSAGE][PASSED] - Keys 'The Boss-Edited' sent to object: 'Object Repository/Admin Page/Qualifications/Skills/textbox_Username_selected'

2023-01-25 10:12:49 - [TEST_STEP][PASSED] - sendKeys(findTestObject("Admin Page/Job/Job Titles/textarea_Job Description"), Keys.chord(CONTROL, "a")): Keys 'CONTROL + a' sent to object: 'Object Repository/Admin Page/Job/Job Titles/textarea_Job Description'

2023-01-25 10:12:51 - [MESSAGE][PASSED] - Keys 'CONTROL + a' sent to object: 'Object Repository/Admin Page/Job/Job Titles/textarea_Job Description'

2023-01-25 10:12:51 - [TEST_STEP][PASSED] - sendKeys(findTestObject("Admin Page/Job/Job Titles/textarea_Job Description"), "Big Boss -Edited"): Keys 'Big Boss -Edited' sent to object: 'Object Repository/Admin Page/Job/Job Titles/textarea_Job Description'

2023-01-25 10:12:53 - [MESSAGE][PASSED] - Keys 'Big Boss -Edited' sent to object: 'Object Repository/Admin Page/Job/Job Titles/textarea_Job Description'

2023-01-25 10:12:53 - [TEST_STEP][PASSED] - sendKeys(findTestObject("Admin Page/Job/Job Titles/textarea_Note"), Keys.chord(CONTROL, "a")): Keys 'CONTROL + a' sent to object: 'Object Repository/Admin Page/Job/Job Titles/textarea_Note'

2023-01-25 10:12:55 - [MESSAGE][PASSED] - Keys 'CONTROL + a' sent to object: 'Object Repository/Admin Page/Job/Job Titles/textarea_Note'

2023-01-25 10:12:55 - [TEST_STEP][PASSED] - sendKeys(findTestObject("Admin Page/Job/Job Titles/textarea_Note"), "Notes available tomorrow"): Keys 'Notes available tomorrow' sent to object: 'Object Repository/Admin Page/Job/Job Titles/textarea_Note'

2023-01-25 10:12:56 - [MESSAGE][PASSED] - Keys 'Notes available tomorrow' sent to object: 'Object Repository/Admin Page/Job/Job Titles/textarea_Note'

2023-01-25 10:12:56 - [TEST_STEP][PASSED] - click(findTestObject("Admin Page/Qualifications/Skills/button_Save")): Object: 'Object Repository/Admin Page/Qualifications/Skills/button_Save' is clicked on

2023-01-25 10:12:58 - [MESSAGE][PASSED] - Object: 'Object Repository/Admin Page/Qualifications/Skills/button_Save' is clicked on

2023-01-25 10:12:58 - [TEST_STEP][PASSED] - verifyElementPresent(findTestObject("Confirmation messages/message_SuccessSuccessfullyUpdated"), 10): Object 'Object Repository/Confirmation messages/message_SuccessSuccessfullyUpdated' is present

2023-01-25 10:12:59 - [MESSAGE][PASSED] - Object 'Object Repository/Confirmation messages/message_SuccessSuccessfullyUpdated' is present

2023-01-25 10:12:59 - [TEST_STEP][PASSED] - closeBrowser(): Browser is closed

2023-01-25 10:12:59 - [MESSAGE][PASSED] - Browser is closed]]></system-out>
         <system-err><![CDATA[]]></system-err>
      </testcase>
      <testcase name="Test Cases/Admin Page/Job/Job Titles/Delete Job Title" time="23.759" classname="Test Cases/Admin Page/Job/Job Titles/Delete Job Title" status="PASSED">
         <system-out><![CDATA[2023-01-25 10:12:59 - [TEST_CASE][PASSED] - Test Cases/Admin Page/Job/Job Titles/Delete Job Title: Test Cases/Admin Page/Job/Job Titles/Delete Job Title

2023-01-25 10:13:00 - [TEST_STEP][PASSED] - openBrowser(baseURL): Browser is opened with url: 'https://opensource-demo.orangehrmlive.com/web/index.php/auth/login'

2023-01-25 10:13:00 - [MESSAGE][INFO] - Starting 'Chrome' driver

2023-01-25 10:13:00 - [MESSAGE][INFO] - Action delay is set to 1,000 milliseconds

2023-01-25 10:13:03 - [MESSAGE][PASSED] - Browser is opened with url: 'https://opensource-demo.orangehrmlive.com/web/index.php/auth/login'

2023-01-25 10:13:03 - [TEST_STEP][PASSED] - maximizeWindow(): Current window maximized

2023-01-25 10:13:04 - [MESSAGE][PASSED] - Current window maximized

2023-01-25 10:13:04 - [TEST_STEP][PASSED] - orange.keywords.userLogin(findTestObject("Login Papge/textbox_Username"), username, findTestObject("Login Papge/textbox_Password"), password, findTestObject("Login Papge/button_Login")): orange.keywords.userLogin is PASSED

2023-01-25 10:13:10 - [MESSAGE][PASSED] - orange.keywords.userLogin is PASSED

2023-01-25 10:13:10 - [TEST_STEP][PASSED] - click(findTestObject("Navigation Sidebar/a_Admin")): Object: 'Object Repository/Navigation Sidebar/a_Admin' is clicked on

2023-01-25 10:13:13 - [MESSAGE][PASSED] - Object: 'Object Repository/Navigation Sidebar/a_Admin' is clicked on

2023-01-25 10:13:13 - [TEST_STEP][PASSED] - click(findTestObject("Admin Page/Job/li_Job")): Object: 'Object Repository/Admin Page/Job/li_Job' is clicked on

2023-01-25 10:13:15 - [MESSAGE][PASSED] - Object: 'Object Repository/Admin Page/Job/li_Job' is clicked on

2023-01-25 10:13:15 - [TEST_STEP][PASSED] - click(findTestObject("Admin Page/Job/Job Titles/li_Job Titles")): Object: 'Object Repository/Admin Page/Job/Job Titles/li_Job Titles' is clicked on

2023-01-25 10:13:17 - [MESSAGE][PASSED] - Object: 'Object Repository/Admin Page/Job/Job Titles/li_Job Titles' is clicked on

2023-01-25 10:13:17 - [TEST_STEP][PASSED] - click(findTestObject("Admin Page/Qualifications/Skills/button_Delete")): Object: 'Object Repository/Admin Page/Qualifications/Skills/button_Delete' is clicked on

2023-01-25 10:13:20 - [MESSAGE][PASSED] - Object: 'Object Repository/Admin Page/Qualifications/Skills/button_Delete' is clicked on

2023-01-25 10:13:20 - [TEST_STEP][PASSED] - click(findTestObject("Admin Page/Qualifications/Languages/button_Yes, Delete")): Object: 'Object Repository/Admin Page/Qualifications/Languages/button_Yes, Delete' is clicked on

2023-01-25 10:13:22 - [MESSAGE][PASSED] - Object: 'Object Repository/Admin Page/Qualifications/Languages/button_Yes, Delete' is clicked on

2023-01-25 10:13:22 - [TEST_STEP][PASSED] - verifyElementPresent(findTestObject("Confirmation messages/message_SuccessSuccessfullyDeleted"), 10): Object 'Object Repository/Confirmation messages/message_SuccessSuccessfullyDeleted' is present

2023-01-25 10:13:22 - [MESSAGE][PASSED] - Object 'Object Repository/Confirmation messages/message_SuccessSuccessfullyDeleted' is present

2023-01-25 10:13:22 - [TEST_STEP][PASSED] - closeBrowser(): Browser is closed

2023-01-25 10:13:23 - [MESSAGE][PASSED] - Browser is closed]]></system-out>
         <system-err><![CDATA[]]></system-err>
      </testcase>
      <system-out><![CDATA[2023-01-25 10:11:46 - [TEST_SUITE][PASSED] - Job Dropdown Suite: Test Cases/Admin Page/Job/Job Titles/Delete Job Title]]></system-out>
      <system-err><![CDATA[]]></system-err>
   </testsuite>
</testsuites>
