<?xml version="1.0" encoding="UTF-8"?>
<testsuites name="Home Page Suite" time="60.883" tests="2" failures="0" errors="0">
   <testsuite name="Home Page Suite" tests="2" failures="0" errors="0" time="60.883" skipped="0" timestamp="2023-03-06 10:58:58" hostname="PC - host.docker.internal" id="Test Suites/Home Page Suite">
      <properties>
         <property name="deviceName" value=""/>
         <property name="devicePlatform" value=""/>
         <property name="logFolder" value="C:\\Users\\PC\\git\\Orange Web Test Automation\\Reports\\20230306_105831\\Home Page Suite\\20230306_105832"/>
         <property name="logFiles" value="C:\\Users\\PC\\git\\Orange Web Test Automation\\Reports\\20230306_105831\\Home Page Suite\\20230306_105832\\execution0.log"/>
         <property name="attachments" value=""/>
         <property name="hostName" value="PC - host.docker.internal"/>
         <property name="os" value="Windows 10 64bit"/>
         <property name="katalonVersion" value="8.5.5.208"/>
         <property name="browser" value="Chrome 110.0.0.0"/>
         <property name="hostAddress" value="192.168.0.23"/>
         <property name="sessionId" value="5a4cd35add47fea570f69ffc5a383927"/>
         <property name="seleniumVersion" value="3.141.59"/>
         <property name="proxyInformation" value="ProxyInformation { proxyOption=NO_PROXY, proxyServerType=HTTP, username=, password=********, proxyServerAddress=, proxyServerPort=0, executionList=&quot;&quot;, isApplyToDesiredCapabilities=true }"/>
         <property name="platform" value="Windows 10"/>
      </properties>
      <testcase name="Test Cases/Home Page/Sidebar Search Functionality" time="31.16" classname="Test Cases/Home Page/Sidebar Search Functionality" status="PASSED">
         <system-out><![CDATA[2023-03-06 10:58:58 - [TEST_CASE][PASSED] - Test Cases/Home Page/Sidebar Search Functionality: Test Cases/Home Page/Sidebar Search Functionality

2023-03-06 10:58:58 - [TEST_STEP][PASSED] - Start listener action : sampleBeforeTestCase: orange.keywords.userLogin is PASSED

2023-03-06 10:58:58 - [TEST_STEP][PASSED] - println(testCaseContext.getTestCaseId()): null

2023-03-06 10:58:58 - [TEST_STEP][PASSED] - println(testCaseContext.getTestCaseVariables()): null

2023-03-06 10:58:58 - [TEST_STEP][PASSED] - openBrowser(baseURL): Browser is opened with url: 'https://opensource-demo.orangehrmlive.com/web/index.php/auth/login'

2023-03-06 10:58:59 - [MESSAGE][INFO] - Starting 'Chrome' driver

2023-03-06 10:58:59 - [MESSAGE][INFO] - Action delay is set to 1,000 milliseconds

2023-03-06 10:59:04 - [MESSAGE][PASSED] - Browser is opened with url: 'https://opensource-demo.orangehrmlive.com/web/index.php/auth/login'

2023-03-06 10:59:04 - [TEST_STEP][PASSED] - maximizeWindow(): Current window maximized

2023-03-06 10:59:05 - [MESSAGE][PASSED] - Current window maximized

2023-03-06 10:59:05 - [TEST_STEP][PASSED] - orange.keywords.userLogin(findTestObject("Login Page/textbox_Username"), username, findTestObject("Login Page/textbox_Password"), password, findTestObject("Login Page/button_Login")): orange.keywords.userLogin is PASSED

2023-03-06 10:59:11 - [MESSAGE][PASSED] - orange.keywords.userLogin is PASSED

2023-03-06 10:59:12 - [TEST_STEP][PASSED] - sendKeys(findTestObject("Navigation Sidebar/textbox_Search"), "Admin"): Keys 'Admin' sent to object: 'Object Repository/Navigation Sidebar/textbox_Search'

2023-03-06 10:59:14 - [MESSAGE][PASSED] - Keys 'Admin' sent to object: 'Object Repository/Navigation Sidebar/textbox_Search'

2023-03-06 10:59:14 - [TEST_STEP][PASSED] - click(findTestObject("Navigation Sidebar/selected_option")): Object: 'Object Repository/Navigation Sidebar/selected_option' is clicked on

2023-03-06 10:59:16 - [MESSAGE][PASSED] - Object: 'Object Repository/Navigation Sidebar/selected_option' is clicked on

2023-03-06 10:59:16 - [TEST_STEP][PASSED] - verifyElementText(findTestObject("Home Page/header_title_Homepage"), "Admin"): Actual text and expected text of test object 'Object Repository/Home Page/header_title_Homepage' are matched.

2023-03-06 10:59:18 - [MESSAGE][PASSED] - Actual text and expected text of test object 'Object Repository/Home Page/header_title_Homepage' are matched.

2023-03-06 10:59:18 - [TEST_STEP][PASSED] - sendKeys(findTestObject("Navigation Sidebar/textbox_Search"), "Directory"): Keys 'Directory' sent to object: 'Object Repository/Navigation Sidebar/textbox_Search'

2023-03-06 10:59:19 - [MESSAGE][PASSED] - Keys 'Directory' sent to object: 'Object Repository/Navigation Sidebar/textbox_Search'

2023-03-06 10:59:19 - [TEST_STEP][PASSED] - click(findTestObject("Navigation Sidebar/selected_option")): Object: 'Object Repository/Navigation Sidebar/selected_option' is clicked on

2023-03-06 10:59:22 - [MESSAGE][PASSED] - Object: 'Object Repository/Navigation Sidebar/selected_option' is clicked on

2023-03-06 10:59:22 - [TEST_STEP][PASSED] - verifyElementText(findTestObject("Home Page/header_title_Homepage"), "Directory"): Actual text and expected text of test object 'Object Repository/Home Page/header_title_Homepage' are matched.

2023-03-06 10:59:23 - [MESSAGE][PASSED] - Actual text and expected text of test object 'Object Repository/Home Page/header_title_Homepage' are matched.

2023-03-06 10:59:23 - [TEST_STEP][PASSED] - sendKeys(findTestObject("Navigation Sidebar/textbox_Search"), "PIM"): Keys 'PIM' sent to object: 'Object Repository/Navigation Sidebar/textbox_Search'

2023-03-06 10:59:24 - [MESSAGE][PASSED] - Keys 'PIM' sent to object: 'Object Repository/Navigation Sidebar/textbox_Search'

2023-03-06 10:59:24 - [TEST_STEP][PASSED] - click(findTestObject("Navigation Sidebar/selected_option")): Object: 'Object Repository/Navigation Sidebar/selected_option' is clicked on

2023-03-06 10:59:27 - [MESSAGE][PASSED] - Object: 'Object Repository/Navigation Sidebar/selected_option' is clicked on

2023-03-06 10:59:27 - [TEST_STEP][PASSED] - verifyElementText(findTestObject("Home Page/header_title_Homepage"), "PIM"): Actual text and expected text of test object 'Object Repository/Home Page/header_title_Homepage' are matched.

2023-03-06 10:59:29 - [MESSAGE][PASSED] - Actual text and expected text of test object 'Object Repository/Home Page/header_title_Homepage' are matched.

2023-03-06 10:59:29 - [TEST_STEP][PASSED] - Start listener action : sampleAfterTestCase: Browser is closed

2023-03-06 10:59:29 - [TEST_STEP][PASSED] - println(testCaseContext.getTestCaseId()): null

2023-03-06 10:59:29 - [TEST_STEP][PASSED] - println(testCaseContext.getTestCaseStatus()): null

2023-03-06 10:59:29 - [TEST_STEP][PASSED] - closeBrowser(): Browser is closed

2023-03-06 10:59:29 - [MESSAGE][PASSED] - Browser is closed]]></system-out>
         <system-err><![CDATA[]]></system-err>
      </testcase>
      <testcase name="Test Cases/Home Page/Sidebar Minimze Functionality" time="29.439" classname="Test Cases/Home Page/Sidebar Minimze Functionality" status="PASSED">
         <system-out><![CDATA[2023-03-06 10:59:29 - [TEST_CASE][PASSED] - Test Cases/Home Page/Sidebar Minimze Functionality: Test Cases/Home Page/Sidebar Minimze Functionality

2023-03-06 10:59:29 - [TEST_STEP][PASSED] - Start listener action : sampleBeforeTestCase: orange.keywords.userLogin is PASSED

2023-03-06 10:59:29 - [TEST_STEP][PASSED] - println(testCaseContext.getTestCaseId()): null

2023-03-06 10:59:29 - [TEST_STEP][PASSED] - println(testCaseContext.getTestCaseVariables()): null

2023-03-06 10:59:29 - [TEST_STEP][PASSED] - openBrowser(baseURL): Browser is opened with url: 'https://opensource-demo.orangehrmlive.com/web/index.php/auth/login'

2023-03-06 10:59:29 - [MESSAGE][INFO] - Starting 'Chrome' driver

2023-03-06 10:59:29 - [MESSAGE][INFO] - Action delay is set to 1,000 milliseconds

2023-03-06 10:59:34 - [MESSAGE][PASSED] - Browser is opened with url: 'https://opensource-demo.orangehrmlive.com/web/index.php/auth/login'

2023-03-06 10:59:34 - [TEST_STEP][PASSED] - maximizeWindow(): Current window maximized

2023-03-06 10:59:34 - [MESSAGE][PASSED] - Current window maximized

2023-03-06 10:59:34 - [TEST_STEP][PASSED] - orange.keywords.userLogin(findTestObject("Login Page/textbox_Username"), username, findTestObject("Login Page/textbox_Password"), password, findTestObject("Login Page/button_Login")): orange.keywords.userLogin is PASSED

2023-03-06 10:59:40 - [MESSAGE][PASSED] - orange.keywords.userLogin is PASSED

2023-03-06 10:59:40 - [TEST_STEP][PASSED] - verifyElementInViewport(findTestObject("Navigation Sidebar/textbox_Search"), 10): Object 'Object Repository/Navigation Sidebar/textbox_Search' is present and visible in viewport

2023-03-06 10:59:42 - [MESSAGE][PASSED] - Object 'Object Repository/Navigation Sidebar/textbox_Search' is present and visible in viewport

2023-03-06 10:59:42 - [TEST_STEP][PASSED] - click(findTestObject("Navigation Sidebar/button_minimize")): Object: 'Object Repository/Navigation Sidebar/button_minimize' is clicked on

2023-03-06 10:59:43 - [MESSAGE][PASSED] - Object: 'Object Repository/Navigation Sidebar/button_minimize' is clicked on

2023-03-06 10:59:43 - [TEST_STEP][PASSED] - verifyElementNotInViewport(findTestObject("Navigation Sidebar/textbox_Search"), 10): Object 'Object Repository/Navigation Sidebar/textbox_Search' is present and NOT visible in viewport

2023-03-06 10:59:54 - [MESSAGE][INFO] - Unable to find the element located by 'By.xpath: //input[@class = 'oxd-input oxd-input--active']'. Please recheck the objects properties to make sure the desired element is located. 

2023-03-06 10:59:54 - [MESSAGE][WARNING] - [SELF-HEALING] Failed to find element with id 'Object Repository/Navigation Sidebar/textbox_Search'. Try using Self-healing.

2023-03-06 10:59:56 - [MESSAGE][INFO] - [SELF-HEALING] Screenshot: C:/Users/PC/git/Orange Web Test Automation/Reports/Self-healing/Object Repository/Navigation Sidebar/textbox_Search_XPATH.png

2023-03-06 10:59:56 - [MESSAGE][WARNING] - [SELF-HEALING] The current locator of test object 'Object Repository/Navigation Sidebar/textbox_Search' was broken. Propose an alternative one: '//div[@id='app']/div/div/aside/nav/div[2]/div/div/input'.

2023-03-06 10:59:56 - [MESSAGE][PASSED] - Object 'Object Repository/Navigation Sidebar/textbox_Search' is present and NOT visible in viewport

2023-03-06 10:59:56 - [TEST_STEP][PASSED] - click(findTestObject("Navigation Sidebar/button_maximize")): Object: 'Object Repository/Navigation Sidebar/button_maximize' is clicked on

2023-03-06 10:59:57 - [MESSAGE][PASSED] - Object: 'Object Repository/Navigation Sidebar/button_maximize' is clicked on

2023-03-06 10:59:57 - [TEST_STEP][PASSED] - verifyElementInViewport(findTestObject("Navigation Sidebar/textbox_Search"), 10): Object 'Object Repository/Navigation Sidebar/textbox_Search' is present and visible in viewport

2023-03-06 10:59:58 - [MESSAGE][PASSED] - Object 'Object Repository/Navigation Sidebar/textbox_Search' is present and visible in viewport

2023-03-06 10:59:58 - [TEST_STEP][PASSED] - Start listener action : sampleAfterTestCase: Browser is closed

2023-03-06 10:59:58 - [TEST_STEP][PASSED] - println(testCaseContext.getTestCaseId()): null

2023-03-06 10:59:58 - [TEST_STEP][PASSED] - println(testCaseContext.getTestCaseStatus()): null

2023-03-06 10:59:58 - [TEST_STEP][PASSED] - closeBrowser(): Browser is closed

2023-03-06 10:59:59 - [MESSAGE][PASSED] - Browser is closed]]></system-out>
         <system-err><![CDATA[]]></system-err>
      </testcase>
      <system-out><![CDATA[2023-03-06 10:58:58 - [TEST_SUITE][PASSED] - Home Page Suite: Test Cases/Home Page/Sidebar Minimze Functionality]]></system-out>
      <system-err><![CDATA[]]></system-err>
   </testsuite>
</testsuites>
