<?xml version="1.0" encoding="UTF-8"?>
<testsuites name="Admin Test Suite Collection" time="578.432" tests="18" failures="1" errors="2">
   <testsuite name="Login Test Suite" tests="5" failures="0" errors="0" time="70.29" skipped="0" timestamp="2023-03-06 12:56:47" hostname="PC - host.docker.internal" id="Test Suites/Login Test Suite">
      <properties>
         <property name="deviceName" value=""/>
         <property name="devicePlatform" value=""/>
         <property name="logFolder" value="C:\\Users\\PC\\Desktop\\Katalon Projects\\Orange Web Test Automation\\Reports\\20230306_125620\\Login Test Suite\\20230306_125621"/>
         <property name="logFiles" value="C:\\Users\\PC\\Desktop\\Katalon Projects\\Orange Web Test Automation\\Reports\\20230306_125620\\Login Test Suite\\20230306_125621\\execution0.log"/>
         <property name="attachments" value=""/>
         <property name="hostName" value="PC - host.docker.internal"/>
         <property name="os" value="Windows 10 64bit"/>
         <property name="katalonVersion" value="8.5.5.208"/>
         <property name="browser" value="Chrome 110.0.0.0"/>
         <property name="hostAddress" value="192.168.0.23"/>
         <property name="sessionId" value="171a1ff9a6770f4790bd61a826472c5b"/>
         <property name="seleniumVersion" value="3.141.59"/>
         <property name="proxyInformation" value="ProxyInformation { proxyOption=NO_PROXY, proxyServerType=HTTP, username=milanguzina84@gmail.com, password=********, proxyServerAddress=127.0.1, proxyServerPort=12701, executionList=&quot;&quot;, isApplyToDesiredCapabilities=false }"/>
         <property name="platform" value="Windows 10"/>
      </properties>
      <testcase name="Test Cases/Login/Successfull login attempt" time="17.912" classname="Test Cases/Login/Successfull login attempt" status="PASSED">
         <system-out><![CDATA[2023-03-06 12:56:48 - [TEST_CASE][PASSED] - Test Cases/Login/Successfull login attempt: Test Cases/Login/Successfull login attempt

2023-03-06 12:56:48 - [TEST_STEP][PASSED] - Start listener action : sampleBeforeTestCase: Current window maximized

2023-03-06 12:56:48 - [TEST_STEP][PASSED] - println(testCaseContext.getTestCaseId()): null

2023-03-06 12:56:48 - [TEST_STEP][PASSED] - println(testCaseContext.getTestCaseVariables()): null

2023-03-06 12:56:48 - [TEST_STEP][PASSED] - openBrowser(baseURL): Browser is opened with url: 'https://opensource-demo.orangehrmlive.com/web/index.php/auth/login'

2023-03-06 12:56:48 - [MESSAGE][INFO] - Starting 'Chrome' driver

2023-03-06 12:56:49 - [MESSAGE][INFO] - Action delay is set to 1,000 milliseconds

2023-03-06 12:56:54 - [MESSAGE][PASSED] - Browser is opened with url: 'https://opensource-demo.orangehrmlive.com/web/index.php/auth/login'

2023-03-06 12:56:54 - [TEST_STEP][PASSED] - maximizeWindow(): Current window maximized

2023-03-06 12:56:54 - [MESSAGE][PASSED] - Current window maximized

2023-03-06 12:56:55 - [TEST_STEP][PASSED] - sendKeys(findTestObject("Login Page/textbox_Username"), "Admin"): Keys 'Admin' sent to object: 'Object Repository/Login Page/textbox_Username'

2023-03-06 12:56:57 - [MESSAGE][PASSED] - Keys 'Admin' sent to object: 'Object Repository/Login Page/textbox_Username'

2023-03-06 12:56:57 - [TEST_STEP][PASSED] - setEncryptedText(findTestObject("Login Page/textbox_Password"), "hUKwJTbofgPU9eVlw/CnDQ=="): Text ****** has been set on object 'Object Repository/Login Page/textbox_Password'

2023-03-06 12:57:00 - [MESSAGE][PASSED] - Text ****** has been set on object 'Object Repository/Login Page/textbox_Password'

2023-03-06 12:57:00 - [TEST_STEP][PASSED] - click(findTestObject("Login Page/button_Login")): Object: 'Object Repository/Login Page/button_Login' is clicked on

2023-03-06 12:57:03 - [MESSAGE][PASSED] - Object: 'Object Repository/Login Page/button_Login' is clicked on

2023-03-06 12:57:03 - [TEST_STEP][PASSED] - verifyElementPresent(findTestObject("Home Page/dropdown_user_profile"), 10): Object 'Object Repository/Home Page/dropdown_user_profile' is present

2023-03-06 12:57:05 - [MESSAGE][PASSED] - Object 'Object Repository/Home Page/dropdown_user_profile' is present

2023-03-06 12:57:05 - [TEST_STEP][ERROR] - Start listener action : sampleAfterTestCase: groovy.lang.MissingPropertyException: No such property: printtestCaseContext for class: TestListener
	at TestListener.sampleAfterTestCase(TestListener.groovy:45)
	at TestListener.invokeMethod(TestListener.groovy)
	at com.kms.katalon.core.context.internal.TestHooker.invokeMethod(TestHooker.java:111)
	at com.kms.katalon.core.context.internal.TestHooker.lambda$3(TestHooker.java:95)
	at com.kms.katalon.core.context.internal.TestHooker.invokeContextMethods(TestHooker.java:94)
	at com.kms.katalon.core.context.internal.TestListenerCollector.lambda$3(TestListenerCollector.java:88)
	at com.kms.katalon.core.context.internal.TestListenerCollector.handleListenerEvent(TestListenerCollector.java:85)
	at com.kms.katalon.core.context.internal.ExecutionEventManager.publicEvent(ExecutionEventManager.java:36)
	at com.kms.katalon.core.main.TestCaseExecutor.execute(TestCaseExecutor.java:315)
	at com.kms.katalon.core.common.CommonExecutor.accessTestCaseMainPhase(CommonExecutor.java:65)
	at com.kms.katalon.core.main.TestSuiteExecutor.accessTestSuiteMainPhase(TestSuiteExecutor.java:151)
	at com.kms.katalon.core.main.TestSuiteExecutor.execute(TestSuiteExecutor.java:106)
	at com.kms.katalon.core.main.TestCaseMain.startTestSuite(TestCaseMain.java:185)
	at com.kms.katalon.core.main.TestCaseMain$startTestSuite$0.call(Unknown Source)
	at TempTestSuite1678103781709.run(TempTestSuite1678103781709.groovy:36)


2023-03-06 12:57:05 - [TEST_STEP][PASSED] - println(testCaseContext.getTestCaseId() + " - "): null

2023-03-06 12:57:05 - [TEST_STEP][ERROR] - println(printtestCaseContext.getTestCaseStatus()): groovy.lang.MissingPropertyException: No such property: printtestCaseContext for class: TestListener
	at TestListener.sampleAfterTestCase(TestListener.groovy:45)
	at TestListener.invokeMethod(TestListener.groovy)
	at com.kms.katalon.core.context.internal.TestHooker.invokeMethod(TestHooker.java:111)
	at com.kms.katalon.core.context.internal.TestHooker.lambda$3(TestHooker.java:95)
	at com.kms.katalon.core.context.internal.TestHooker.invokeContextMethods(TestHooker.java:94)
	at com.kms.katalon.core.context.internal.TestListenerCollector.lambda$3(TestListenerCollector.java:88)
	at com.kms.katalon.core.context.internal.TestListenerCollector.handleListenerEvent(TestListenerCollector.java:85)
	at com.kms.katalon.core.context.internal.ExecutionEventManager.publicEvent(ExecutionEventManager.java:36)
	at com.kms.katalon.core.main.TestCaseExecutor.execute(TestCaseExecutor.java:315)
	at com.kms.katalon.core.common.CommonExecutor.accessTestCaseMainPhase(CommonExecutor.java:65)
	at com.kms.katalon.core.main.TestSuiteExecutor.accessTestSuiteMainPhase(TestSuiteExecutor.java:151)
	at com.kms.katalon.core.main.TestSuiteExecutor.execute(TestSuiteExecutor.java:106)
	at com.kms.katalon.core.main.TestCaseMain.startTestSuite(TestCaseMain.java:185)
	at com.kms.katalon.core.main.TestCaseMain$startTestSuite$0.call(Unknown Source)
	at TempTestSuite1678103781709.run(TempTestSuite1678103781709.groovy:36)


2023-03-06 12:57:05 - [MESSAGE][ERROR] - groovy.lang.MissingPropertyException: No such property: printtestCaseContext for class: TestListener
	at TestListener.sampleAfterTestCase(TestListener.groovy:45)
	at TestListener.invokeMethod(TestListener.groovy)
	at com.kms.katalon.core.context.internal.TestHooker.invokeMethod(TestHooker.java:111)
	at com.kms.katalon.core.context.internal.TestHooker.lambda$3(TestHooker.java:95)
	at com.kms.katalon.core.context.internal.TestHooker.invokeContextMethods(TestHooker.java:94)
	at com.kms.katalon.core.context.internal.TestListenerCollector.lambda$3(TestListenerCollector.java:88)
	at com.kms.katalon.core.context.internal.TestListenerCollector.handleListenerEvent(TestListenerCollector.java:85)
	at com.kms.katalon.core.context.internal.ExecutionEventManager.publicEvent(ExecutionEventManager.java:36)
	at com.kms.katalon.core.main.TestCaseExecutor.execute(TestCaseExecutor.java:315)
	at com.kms.katalon.core.common.CommonExecutor.accessTestCaseMainPhase(CommonExecutor.java:65)
	at com.kms.katalon.core.main.TestSuiteExecutor.accessTestSuiteMainPhase(TestSuiteExecutor.java:151)
	at com.kms.katalon.core.main.TestSuiteExecutor.execute(TestSuiteExecutor.java:106)
	at com.kms.katalon.core.main.TestCaseMain.startTestSuite(TestCaseMain.java:185)
	at com.kms.katalon.core.main.TestCaseMain$startTestSuite$0.call(Unknown Source)
	at TempTestSuite1678103781709.run(TempTestSuite1678103781709.groovy:36)]]></system-out>
         <system-err><![CDATA[]]></system-err>
      </testcase>
      <testcase name="Test Cases/Login/Unsuccessfull login attempt" time="14.135" classname="Test Cases/Login/Unsuccessfull login attempt" status="PASSED">
         <system-out><![CDATA[2023-03-06 12:57:05 - [TEST_CASE][PASSED] - Test Cases/Login/Unsuccessfull login attempt: Test Cases/Login/Unsuccessfull login attempt

2023-03-06 12:57:05 - [TEST_STEP][PASSED] - Start listener action : sampleBeforeTestCase: Current window maximized

2023-03-06 12:57:05 - [TEST_STEP][PASSED] - println(testCaseContext.getTestCaseId()): null

2023-03-06 12:57:05 - [TEST_STEP][PASSED] - println(testCaseContext.getTestCaseVariables()): null

2023-03-06 12:57:05 - [TEST_STEP][PASSED] - openBrowser(baseURL): Browser is opened with url: 'https://opensource-demo.orangehrmlive.com/web/index.php/auth/login'

2023-03-06 12:57:06 - [MESSAGE][WARNING] - A browser is already opened. Closing browser and opening a new one

2023-03-06 12:57:06 - [MESSAGE][INFO] - Starting 'Chrome' driver

2023-03-06 12:57:06 - [MESSAGE][INFO] - Action delay is set to 1,000 milliseconds

2023-03-06 12:57:11 - [MESSAGE][PASSED] - Browser is opened with url: 'https://opensource-demo.orangehrmlive.com/web/index.php/auth/login'

2023-03-06 12:57:11 - [TEST_STEP][PASSED] - maximizeWindow(): Current window maximized

2023-03-06 12:57:11 - [MESSAGE][PASSED] - Current window maximized

2023-03-06 12:57:12 - [TEST_STEP][PASSED] - sendKeys(findTestObject("Login Page/textbox_Username"), "Admin"): Keys 'Admin' sent to object: 'Object Repository/Login Page/textbox_Username'

2023-03-06 12:57:14 - [MESSAGE][PASSED] - Keys 'Admin' sent to object: 'Object Repository/Login Page/textbox_Username'

2023-03-06 12:57:14 - [TEST_STEP][PASSED] - setEncryptedText(findTestObject("Login Page/textbox_Password"), "1bcgBUi0Tj/gc3uc61HAVQ=="): Text ****** has been set on object 'Object Repository/Login Page/textbox_Password'

2023-03-06 12:57:16 - [MESSAGE][PASSED] - Text ****** has been set on object 'Object Repository/Login Page/textbox_Password'

2023-03-06 12:57:16 - [TEST_STEP][PASSED] - click(findTestObject("Login Page/button_Login")): Object: 'Object Repository/Login Page/button_Login' is clicked on

2023-03-06 12:57:19 - [MESSAGE][PASSED] - Object: 'Object Repository/Login Page/button_Login' is clicked on

2023-03-06 12:57:19 - [TEST_STEP][PASSED] - verifyElementPresent(findTestObject("Login Page/message_Invalid credentials"), 10): Object 'Object Repository/Login Page/message_Invalid credentials' is present

2023-03-06 12:57:20 - [MESSAGE][PASSED] - Object 'Object Repository/Login Page/message_Invalid credentials' is present

2023-03-06 12:57:20 - [TEST_STEP][ERROR] - Start listener action : sampleAfterTestCase: groovy.lang.MissingPropertyException: No such property: printtestCaseContext for class: TestListener
	at TestListener.sampleAfterTestCase(TestListener.groovy:45)
	at TestListener.invokeMethod(TestListener.groovy)
	at com.kms.katalon.core.context.internal.TestHooker.invokeMethod(TestHooker.java:111)
	at com.kms.katalon.core.context.internal.TestHooker.lambda$3(TestHooker.java:95)
	at com.kms.katalon.core.context.internal.TestHooker.invokeContextMethods(TestHooker.java:94)
	at com.kms.katalon.core.context.internal.TestListenerCollector.lambda$3(TestListenerCollector.java:88)
	at com.kms.katalon.core.context.internal.TestListenerCollector.handleListenerEvent(TestListenerCollector.java:85)
	at com.kms.katalon.core.context.internal.ExecutionEventManager.publicEvent(ExecutionEventManager.java:36)
	at com.kms.katalon.core.main.TestCaseExecutor.execute(TestCaseExecutor.java:315)
	at com.kms.katalon.core.common.CommonExecutor.accessTestCaseMainPhase(CommonExecutor.java:65)
	at com.kms.katalon.core.main.TestSuiteExecutor.accessTestSuiteMainPhase(TestSuiteExecutor.java:151)
	at com.kms.katalon.core.main.TestSuiteExecutor.execute(TestSuiteExecutor.java:106)
	at com.kms.katalon.core.main.TestCaseMain.startTestSuite(TestCaseMain.java:185)
	at com.kms.katalon.core.main.TestCaseMain$startTestSuite$0.call(Unknown Source)
	at TempTestSuite1678103781709.run(TempTestSuite1678103781709.groovy:36)


2023-03-06 12:57:20 - [TEST_STEP][PASSED] - println(testCaseContext.getTestCaseId() + " - "): null

2023-03-06 12:57:20 - [TEST_STEP][ERROR] - println(printtestCaseContext.getTestCaseStatus()): groovy.lang.MissingPropertyException: No such property: printtestCaseContext for class: TestListener
	at TestListener.sampleAfterTestCase(TestListener.groovy:45)
	at TestListener.invokeMethod(TestListener.groovy)
	at com.kms.katalon.core.context.internal.TestHooker.invokeMethod(TestHooker.java:111)
	at com.kms.katalon.core.context.internal.TestHooker.lambda$3(TestHooker.java:95)
	at com.kms.katalon.core.context.internal.TestHooker.invokeContextMethods(TestHooker.java:94)
	at com.kms.katalon.core.context.internal.TestListenerCollector.lambda$3(TestListenerCollector.java:88)
	at com.kms.katalon.core.context.internal.TestListenerCollector.handleListenerEvent(TestListenerCollector.java:85)
	at com.kms.katalon.core.context.internal.ExecutionEventManager.publicEvent(ExecutionEventManager.java:36)
	at com.kms.katalon.core.main.TestCaseExecutor.execute(TestCaseExecutor.java:315)
	at com.kms.katalon.core.common.CommonExecutor.accessTestCaseMainPhase(CommonExecutor.java:65)
	at com.kms.katalon.core.main.TestSuiteExecutor.accessTestSuiteMainPhase(TestSuiteExecutor.java:151)
	at com.kms.katalon.core.main.TestSuiteExecutor.execute(TestSuiteExecutor.java:106)
	at com.kms.katalon.core.main.TestCaseMain.startTestSuite(TestCaseMain.java:185)
	at com.kms.katalon.core.main.TestCaseMain$startTestSuite$0.call(Unknown Source)
	at TempTestSuite1678103781709.run(TempTestSuite1678103781709.groovy:36)


2023-03-06 12:57:20 - [MESSAGE][ERROR] - groovy.lang.MissingPropertyException: No such property: printtestCaseContext for class: TestListener
	at TestListener.sampleAfterTestCase(TestListener.groovy:45)
	at TestListener.invokeMethod(TestListener.groovy)
	at com.kms.katalon.core.context.internal.TestHooker.invokeMethod(TestHooker.java:111)
	at com.kms.katalon.core.context.internal.TestHooker.lambda$3(TestHooker.java:95)
	at com.kms.katalon.core.context.internal.TestHooker.invokeContextMethods(TestHooker.java:94)
	at com.kms.katalon.core.context.internal.TestListenerCollector.lambda$3(TestListenerCollector.java:88)
	at com.kms.katalon.core.context.internal.TestListenerCollector.handleListenerEvent(TestListenerCollector.java:85)
	at com.kms.katalon.core.context.internal.ExecutionEventManager.publicEvent(ExecutionEventManager.java:36)
	at com.kms.katalon.core.main.TestCaseExecutor.execute(TestCaseExecutor.java:315)
	at com.kms.katalon.core.common.CommonExecutor.accessTestCaseMainPhase(CommonExecutor.java:65)
	at com.kms.katalon.core.main.TestSuiteExecutor.accessTestSuiteMainPhase(TestSuiteExecutor.java:151)
	at com.kms.katalon.core.main.TestSuiteExecutor.execute(TestSuiteExecutor.java:106)
	at com.kms.katalon.core.main.TestCaseMain.startTestSuite(TestCaseMain.java:185)
	at com.kms.katalon.core.main.TestCaseMain$startTestSuite$0.call(Unknown Source)
	at TempTestSuite1678103781709.run(TempTestSuite1678103781709.groovy:36)]]></system-out>
         <system-err><![CDATA[]]></system-err>
      </testcase>
      <testcase name="Test Cases/Login/Reset User Password" time="14.624" classname="Test Cases/Login/Reset User Password" status="PASSED">
         <system-out><![CDATA[2023-03-06 12:57:20 - [TEST_CASE][PASSED] - Test Cases/Login/Reset User Password: Test Cases/Login/Reset User Password

2023-03-06 12:57:20 - [TEST_STEP][PASSED] - Start listener action : sampleBeforeTestCase: Current window maximized

2023-03-06 12:57:20 - [TEST_STEP][PASSED] - println(testCaseContext.getTestCaseId()): null

2023-03-06 12:57:20 - [TEST_STEP][PASSED] - println(testCaseContext.getTestCaseVariables()): null

2023-03-06 12:57:20 - [TEST_STEP][PASSED] - openBrowser(baseURL): Browser is opened with url: 'https://opensource-demo.orangehrmlive.com/web/index.php/auth/login'

2023-03-06 12:57:20 - [MESSAGE][WARNING] - A browser is already opened. Closing browser and opening a new one

2023-03-06 12:57:20 - [MESSAGE][INFO] - Starting 'Chrome' driver

2023-03-06 12:57:20 - [MESSAGE][INFO] - Action delay is set to 1,000 milliseconds

2023-03-06 12:57:25 - [MESSAGE][PASSED] - Browser is opened with url: 'https://opensource-demo.orangehrmlive.com/web/index.php/auth/login'

2023-03-06 12:57:25 - [TEST_STEP][PASSED] - maximizeWindow(): Current window maximized

2023-03-06 12:57:25 - [MESSAGE][PASSED] - Current window maximized

2023-03-06 12:57:27 - [TEST_STEP][PASSED] - click(findTestObject("Login Page/link_Forgot your password")): Object: 'Object Repository/Login Page/link_Forgot your password' is clicked on

2023-03-06 12:57:29 - [MESSAGE][PASSED] - Object: 'Object Repository/Login Page/link_Forgot your password' is clicked on

2023-03-06 12:57:29 - [TEST_STEP][PASSED] - sendKeys(findTestObject("Reset Password Page/textbox_Username"), "Admin"): Keys 'Admin' sent to object: 'Object Repository/Reset Password Page/textbox_Username'

2023-03-06 12:57:31 - [MESSAGE][PASSED] - Keys 'Admin' sent to object: 'Object Repository/Reset Password Page/textbox_Username'

2023-03-06 12:57:31 - [TEST_STEP][PASSED] - click(findTestObject("Reset Password Page/button_Reset Password")): Object: 'Object Repository/Reset Password Page/button_Reset Password' is clicked on

2023-03-06 12:57:33 - [MESSAGE][PASSED] - Object: 'Object Repository/Reset Password Page/button_Reset Password' is clicked on

2023-03-06 12:57:33 - [TEST_STEP][PASSED] - verifyElementText(findTestObject("Reset Password Page/title_Reset Password link sent successfully"), "Reset Password link sent successfully"): Actual text and expected text of test object 'Object Repository/Reset Password Page/title_Reset Password link sent successfully' are matched.

2023-03-06 12:57:34 - [MESSAGE][PASSED] - Actual text and expected text of test object 'Object Repository/Reset Password Page/title_Reset Password link sent successfully' are matched.

2023-03-06 12:57:34 - [TEST_STEP][ERROR] - Start listener action : sampleAfterTestCase: groovy.lang.MissingPropertyException: No such property: printtestCaseContext for class: TestListener
	at TestListener.sampleAfterTestCase(TestListener.groovy:45)
	at TestListener.invokeMethod(TestListener.groovy)
	at com.kms.katalon.core.context.internal.TestHooker.invokeMethod(TestHooker.java:111)
	at com.kms.katalon.core.context.internal.TestHooker.lambda$3(TestHooker.java:95)
	at com.kms.katalon.core.context.internal.TestHooker.invokeContextMethods(TestHooker.java:94)
	at com.kms.katalon.core.context.internal.TestListenerCollector.lambda$3(TestListenerCollector.java:88)
	at com.kms.katalon.core.context.internal.TestListenerCollector.handleListenerEvent(TestListenerCollector.java:85)
	at com.kms.katalon.core.context.internal.ExecutionEventManager.publicEvent(ExecutionEventManager.java:36)
	at com.kms.katalon.core.main.TestCaseExecutor.execute(TestCaseExecutor.java:315)
	at com.kms.katalon.core.common.CommonExecutor.accessTestCaseMainPhase(CommonExecutor.java:65)
	at com.kms.katalon.core.main.TestSuiteExecutor.accessTestSuiteMainPhase(TestSuiteExecutor.java:151)
	at com.kms.katalon.core.main.TestSuiteExecutor.execute(TestSuiteExecutor.java:106)
	at com.kms.katalon.core.main.TestCaseMain.startTestSuite(TestCaseMain.java:185)
	at com.kms.katalon.core.main.TestCaseMain$startTestSuite$0.call(Unknown Source)
	at TempTestSuite1678103781709.run(TempTestSuite1678103781709.groovy:36)


2023-03-06 12:57:34 - [TEST_STEP][PASSED] - println(testCaseContext.getTestCaseId() + " - "): null

2023-03-06 12:57:34 - [TEST_STEP][ERROR] - println(printtestCaseContext.getTestCaseStatus()): groovy.lang.MissingPropertyException: No such property: printtestCaseContext for class: TestListener
	at TestListener.sampleAfterTestCase(TestListener.groovy:45)
	at TestListener.invokeMethod(TestListener.groovy)
	at com.kms.katalon.core.context.internal.TestHooker.invokeMethod(TestHooker.java:111)
	at com.kms.katalon.core.context.internal.TestHooker.lambda$3(TestHooker.java:95)
	at com.kms.katalon.core.context.internal.TestHooker.invokeContextMethods(TestHooker.java:94)
	at com.kms.katalon.core.context.internal.TestListenerCollector.lambda$3(TestListenerCollector.java:88)
	at com.kms.katalon.core.context.internal.TestListenerCollector.handleListenerEvent(TestListenerCollector.java:85)
	at com.kms.katalon.core.context.internal.ExecutionEventManager.publicEvent(ExecutionEventManager.java:36)
	at com.kms.katalon.core.main.TestCaseExecutor.execute(TestCaseExecutor.java:315)
	at com.kms.katalon.core.common.CommonExecutor.accessTestCaseMainPhase(CommonExecutor.java:65)
	at com.kms.katalon.core.main.TestSuiteExecutor.accessTestSuiteMainPhase(TestSuiteExecutor.java:151)
	at com.kms.katalon.core.main.TestSuiteExecutor.execute(TestSuiteExecutor.java:106)
	at com.kms.katalon.core.main.TestCaseMain.startTestSuite(TestCaseMain.java:185)
	at com.kms.katalon.core.main.TestCaseMain$startTestSuite$0.call(Unknown Source)
	at TempTestSuite1678103781709.run(TempTestSuite1678103781709.groovy:36)


2023-03-06 12:57:34 - [MESSAGE][ERROR] - groovy.lang.MissingPropertyException: No such property: printtestCaseContext for class: TestListener
	at TestListener.sampleAfterTestCase(TestListener.groovy:45)
	at TestListener.invokeMethod(TestListener.groovy)
	at com.kms.katalon.core.context.internal.TestHooker.invokeMethod(TestHooker.java:111)
	at com.kms.katalon.core.context.internal.TestHooker.lambda$3(TestHooker.java:95)
	at com.kms.katalon.core.context.internal.TestHooker.invokeContextMethods(TestHooker.java:94)
	at com.kms.katalon.core.context.internal.TestListenerCollector.lambda$3(TestListenerCollector.java:88)
	at com.kms.katalon.core.context.internal.TestListenerCollector.handleListenerEvent(TestListenerCollector.java:85)
	at com.kms.katalon.core.context.internal.ExecutionEventManager.publicEvent(ExecutionEventManager.java:36)
	at com.kms.katalon.core.main.TestCaseExecutor.execute(TestCaseExecutor.java:315)
	at com.kms.katalon.core.common.CommonExecutor.accessTestCaseMainPhase(CommonExecutor.java:65)
	at com.kms.katalon.core.main.TestSuiteExecutor.accessTestSuiteMainPhase(TestSuiteExecutor.java:151)
	at com.kms.katalon.core.main.TestSuiteExecutor.execute(TestSuiteExecutor.java:106)
	at com.kms.katalon.core.main.TestCaseMain.startTestSuite(TestCaseMain.java:185)
	at com.kms.katalon.core.main.TestCaseMain$startTestSuite$0.call(Unknown Source)
	at TempTestSuite1678103781709.run(TempTestSuite1678103781709.groovy:36)]]></system-out>
         <system-err><![CDATA[]]></system-err>
      </testcase>
      <testcase name="Test Cases/Login/Cancel Reset User Password" time="13.876" classname="Test Cases/Login/Cancel Reset User Password" status="PASSED">
         <system-out><![CDATA[2023-03-06 12:57:34 - [TEST_CASE][PASSED] - Test Cases/Login/Cancel Reset User Password: Test Cases/Login/Cancel Reset User Password

2023-03-06 12:57:34 - [TEST_STEP][PASSED] - Start listener action : sampleBeforeTestCase: Current window maximized

2023-03-06 12:57:34 - [TEST_STEP][PASSED] - println(testCaseContext.getTestCaseId()): null

2023-03-06 12:57:34 - [TEST_STEP][PASSED] - println(testCaseContext.getTestCaseVariables()): null

2023-03-06 12:57:34 - [TEST_STEP][PASSED] - openBrowser(baseURL): Browser is opened with url: 'https://opensource-demo.orangehrmlive.com/web/index.php/auth/login'

2023-03-06 12:57:34 - [MESSAGE][WARNING] - A browser is already opened. Closing browser and opening a new one

2023-03-06 12:57:35 - [MESSAGE][INFO] - Starting 'Chrome' driver

2023-03-06 12:57:35 - [MESSAGE][INFO] - Action delay is set to 1,000 milliseconds

2023-03-06 12:57:40 - [MESSAGE][PASSED] - Browser is opened with url: 'https://opensource-demo.orangehrmlive.com/web/index.php/auth/login'

2023-03-06 12:57:40 - [TEST_STEP][PASSED] - maximizeWindow(): Current window maximized

2023-03-06 12:57:40 - [MESSAGE][PASSED] - Current window maximized

2023-03-06 12:57:41 - [TEST_STEP][PASSED] - click(findTestObject("Login Page/link_Forgot your password")): Object: 'Object Repository/Login Page/link_Forgot your password' is clicked on

2023-03-06 12:57:43 - [MESSAGE][PASSED] - Object: 'Object Repository/Login Page/link_Forgot your password' is clicked on

2023-03-06 12:57:43 - [TEST_STEP][PASSED] - sendKeys(findTestObject("Reset Password Page/textbox_Username"), "Admin"): Keys 'Admin' sent to object: 'Object Repository/Reset Password Page/textbox_Username'

2023-03-06 12:57:45 - [MESSAGE][PASSED] - Keys 'Admin' sent to object: 'Object Repository/Reset Password Page/textbox_Username'

2023-03-06 12:57:45 - [TEST_STEP][PASSED] - click(findTestObject("Reset Password Page/button_Cancel")): Object: 'Object Repository/Reset Password Page/button_Cancel' is clicked on

2023-03-06 12:57:47 - [MESSAGE][PASSED] - Object: 'Object Repository/Reset Password Page/button_Cancel' is clicked on

2023-03-06 12:57:47 - [TEST_STEP][PASSED] - verifyElementPresent(findTestObject("Login Page/textbox_Username"), 10): Object 'Object Repository/Login Page/textbox_Username' is present

2023-03-06 12:57:47 - [MESSAGE][PASSED] - Object 'Object Repository/Login Page/textbox_Username' is present

2023-03-06 12:57:47 - [TEST_STEP][PASSED] - verifyElementPresent(findTestObject("Login Page/textbox_Password"), 10): Object 'Object Repository/Login Page/textbox_Password' is present

2023-03-06 12:57:48 - [MESSAGE][PASSED] - Object 'Object Repository/Login Page/textbox_Password' is present

2023-03-06 12:57:48 - [TEST_STEP][PASSED] - verifyElementPresent(findTestObject("Login Page/button_Login"), 10): Object 'Object Repository/Login Page/button_Login' is present

2023-03-06 12:57:48 - [MESSAGE][PASSED] - Object 'Object Repository/Login Page/button_Login' is present

2023-03-06 12:57:48 - [TEST_STEP][ERROR] - Start listener action : sampleAfterTestCase: groovy.lang.MissingPropertyException: No such property: printtestCaseContext for class: TestListener
	at TestListener.sampleAfterTestCase(TestListener.groovy:45)
	at TestListener.invokeMethod(TestListener.groovy)
	at com.kms.katalon.core.context.internal.TestHooker.invokeMethod(TestHooker.java:111)
	at com.kms.katalon.core.context.internal.TestHooker.lambda$3(TestHooker.java:95)
	at com.kms.katalon.core.context.internal.TestHooker.invokeContextMethods(TestHooker.java:94)
	at com.kms.katalon.core.context.internal.TestListenerCollector.lambda$3(TestListenerCollector.java:88)
	at com.kms.katalon.core.context.internal.TestListenerCollector.handleListenerEvent(TestListenerCollector.java:85)
	at com.kms.katalon.core.context.internal.ExecutionEventManager.publicEvent(ExecutionEventManager.java:36)
	at com.kms.katalon.core.main.TestCaseExecutor.execute(TestCaseExecutor.java:315)
	at com.kms.katalon.core.common.CommonExecutor.accessTestCaseMainPhase(CommonExecutor.java:65)
	at com.kms.katalon.core.main.TestSuiteExecutor.accessTestSuiteMainPhase(TestSuiteExecutor.java:151)
	at com.kms.katalon.core.main.TestSuiteExecutor.execute(TestSuiteExecutor.java:106)
	at com.kms.katalon.core.main.TestCaseMain.startTestSuite(TestCaseMain.java:185)
	at com.kms.katalon.core.main.TestCaseMain$startTestSuite$0.call(Unknown Source)
	at TempTestSuite1678103781709.run(TempTestSuite1678103781709.groovy:36)


2023-03-06 12:57:48 - [TEST_STEP][PASSED] - println(testCaseContext.getTestCaseId() + " - "): null

2023-03-06 12:57:48 - [TEST_STEP][ERROR] - println(printtestCaseContext.getTestCaseStatus()): groovy.lang.MissingPropertyException: No such property: printtestCaseContext for class: TestListener
	at TestListener.sampleAfterTestCase(TestListener.groovy:45)
	at TestListener.invokeMethod(TestListener.groovy)
	at com.kms.katalon.core.context.internal.TestHooker.invokeMethod(TestHooker.java:111)
	at com.kms.katalon.core.context.internal.TestHooker.lambda$3(TestHooker.java:95)
	at com.kms.katalon.core.context.internal.TestHooker.invokeContextMethods(TestHooker.java:94)
	at com.kms.katalon.core.context.internal.TestListenerCollector.lambda$3(TestListenerCollector.java:88)
	at com.kms.katalon.core.context.internal.TestListenerCollector.handleListenerEvent(TestListenerCollector.java:85)
	at com.kms.katalon.core.context.internal.ExecutionEventManager.publicEvent(ExecutionEventManager.java:36)
	at com.kms.katalon.core.main.TestCaseExecutor.execute(TestCaseExecutor.java:315)
	at com.kms.katalon.core.common.CommonExecutor.accessTestCaseMainPhase(CommonExecutor.java:65)
	at com.kms.katalon.core.main.TestSuiteExecutor.accessTestSuiteMainPhase(TestSuiteExecutor.java:151)
	at com.kms.katalon.core.main.TestSuiteExecutor.execute(TestSuiteExecutor.java:106)
	at com.kms.katalon.core.main.TestCaseMain.startTestSuite(TestCaseMain.java:185)
	at com.kms.katalon.core.main.TestCaseMain$startTestSuite$0.call(Unknown Source)
	at TempTestSuite1678103781709.run(TempTestSuite1678103781709.groovy:36)


2023-03-06 12:57:48 - [MESSAGE][ERROR] - groovy.lang.MissingPropertyException: No such property: printtestCaseContext for class: TestListener
	at TestListener.sampleAfterTestCase(TestListener.groovy:45)
	at TestListener.invokeMethod(TestListener.groovy)
	at com.kms.katalon.core.context.internal.TestHooker.invokeMethod(TestHooker.java:111)
	at com.kms.katalon.core.context.internal.TestHooker.lambda$3(TestHooker.java:95)
	at com.kms.katalon.core.context.internal.TestHooker.invokeContextMethods(TestHooker.java:94)
	at com.kms.katalon.core.context.internal.TestListenerCollector.lambda$3(TestListenerCollector.java:88)
	at com.kms.katalon.core.context.internal.TestListenerCollector.handleListenerEvent(TestListenerCollector.java:85)
	at com.kms.katalon.core.context.internal.ExecutionEventManager.publicEvent(ExecutionEventManager.java:36)
	at com.kms.katalon.core.main.TestCaseExecutor.execute(TestCaseExecutor.java:315)
	at com.kms.katalon.core.common.CommonExecutor.accessTestCaseMainPhase(CommonExecutor.java:65)
	at com.kms.katalon.core.main.TestSuiteExecutor.accessTestSuiteMainPhase(TestSuiteExecutor.java:151)
	at com.kms.katalon.core.main.TestSuiteExecutor.execute(TestSuiteExecutor.java:106)
	at com.kms.katalon.core.main.TestCaseMain.startTestSuite(TestCaseMain.java:185)
	at com.kms.katalon.core.main.TestCaseMain$startTestSuite$0.call(Unknown Source)
	at TempTestSuite1678103781709.run(TempTestSuite1678103781709.groovy:36)]]></system-out>
         <system-err><![CDATA[]]></system-err>
      </testcase>
      <testcase name="Test Cases/Login/Social Media Links Verification" time="9.37" classname="Test Cases/Login/Social Media Links Verification" status="PASSED">
         <system-out><![CDATA[2023-03-06 12:57:48 - [TEST_CASE][PASSED] - Test Cases/Login/Social Media Links Verification: Test Cases/Login/Social Media Links Verification

2023-03-06 12:57:48 - [TEST_STEP][PASSED] - Start listener action : sampleBeforeTestCase: Current window maximized

2023-03-06 12:57:48 - [TEST_STEP][PASSED] - println(testCaseContext.getTestCaseId()): null

2023-03-06 12:57:48 - [TEST_STEP][PASSED] - println(testCaseContext.getTestCaseVariables()): null

2023-03-06 12:57:48 - [TEST_STEP][PASSED] - openBrowser(baseURL): Browser is opened with url: 'https://opensource-demo.orangehrmlive.com/web/index.php/auth/login'

2023-03-06 12:57:48 - [MESSAGE][WARNING] - A browser is already opened. Closing browser and opening a new one

2023-03-06 12:57:49 - [MESSAGE][INFO] - Starting 'Chrome' driver

2023-03-06 12:57:49 - [MESSAGE][INFO] - Action delay is set to 1,000 milliseconds

2023-03-06 12:57:53 - [MESSAGE][PASSED] - Browser is opened with url: 'https://opensource-demo.orangehrmlive.com/web/index.php/auth/login'

2023-03-06 12:57:53 - [TEST_STEP][PASSED] - maximizeWindow(): Current window maximized

2023-03-06 12:57:53 - [MESSAGE][PASSED] - Current window maximized

2023-03-06 12:57:54 - [TEST_STEP][PASSED] - waitForPageLoad(10): Wait for page load successfully

2023-03-06 12:57:54 - [MESSAGE][PASSED] - Wait for page load successfully

2023-03-06 12:57:54 - [TEST_STEP][PASSED] - verifyLinksAccessible([social_media_link_1, social_media_link_2, social_media_link_3]): All links are accessible

2023-03-06 12:57:56 - [MESSAGE][INFO] - HAR: C:\Users\PC\Desktop\Katalon Projects\Orange Web Test Automation\Reports\20230306_125620\Login Test Suite\20230306_125621\requests\main\0.har

2023-03-06 12:57:56 - [MESSAGE][PASSED] - Send request successfully

2023-03-06 12:57:57 - [MESSAGE][INFO] - HAR: C:\Users\PC\Desktop\Katalon Projects\Orange Web Test Automation\Reports\20230306_125620\Login Test Suite\20230306_125621\requests\main\1.har

2023-03-06 12:57:57 - [MESSAGE][PASSED] - Send request successfully

2023-03-06 12:57:57 - [MESSAGE][INFO] - HAR: C:\Users\PC\Desktop\Katalon Projects\Orange Web Test Automation\Reports\20230306_125620\Login Test Suite\20230306_125621\requests\main\2.har

2023-03-06 12:57:58 - [MESSAGE][PASSED] - Send request successfully

2023-03-06 12:57:58 - [MESSAGE][PASSED] - All links are accessible

2023-03-06 12:57:58 - [TEST_STEP][ERROR] - Start listener action : sampleAfterTestCase: groovy.lang.MissingPropertyException: No such property: printtestCaseContext for class: TestListener
	at TestListener.sampleAfterTestCase(TestListener.groovy:45)
	at TestListener.invokeMethod(TestListener.groovy)
	at com.kms.katalon.core.context.internal.TestHooker.invokeMethod(TestHooker.java:111)
	at com.kms.katalon.core.context.internal.TestHooker.lambda$3(TestHooker.java:95)
	at com.kms.katalon.core.context.internal.TestHooker.invokeContextMethods(TestHooker.java:94)
	at com.kms.katalon.core.context.internal.TestListenerCollector.lambda$3(TestListenerCollector.java:88)
	at com.kms.katalon.core.context.internal.TestListenerCollector.handleListenerEvent(TestListenerCollector.java:85)
	at com.kms.katalon.core.context.internal.ExecutionEventManager.publicEvent(ExecutionEventManager.java:36)
	at com.kms.katalon.core.main.TestCaseExecutor.execute(TestCaseExecutor.java:315)
	at com.kms.katalon.core.common.CommonExecutor.accessTestCaseMainPhase(CommonExecutor.java:65)
	at com.kms.katalon.core.main.TestSuiteExecutor.accessTestSuiteMainPhase(TestSuiteExecutor.java:151)
	at com.kms.katalon.core.main.TestSuiteExecutor.execute(TestSuiteExecutor.java:106)
	at com.kms.katalon.core.main.TestCaseMain.startTestSuite(TestCaseMain.java:185)
	at com.kms.katalon.core.main.TestCaseMain$startTestSuite$0.call(Unknown Source)
	at TempTestSuite1678103781709.run(TempTestSuite1678103781709.groovy:36)


2023-03-06 12:57:58 - [TEST_STEP][PASSED] - println(testCaseContext.getTestCaseId() + " - "): null

2023-03-06 12:57:58 - [TEST_STEP][ERROR] - println(printtestCaseContext.getTestCaseStatus()): groovy.lang.MissingPropertyException: No such property: printtestCaseContext for class: TestListener
	at TestListener.sampleAfterTestCase(TestListener.groovy:45)
	at TestListener.invokeMethod(TestListener.groovy)
	at com.kms.katalon.core.context.internal.TestHooker.invokeMethod(TestHooker.java:111)
	at com.kms.katalon.core.context.internal.TestHooker.lambda$3(TestHooker.java:95)
	at com.kms.katalon.core.context.internal.TestHooker.invokeContextMethods(TestHooker.java:94)
	at com.kms.katalon.core.context.internal.TestListenerCollector.lambda$3(TestListenerCollector.java:88)
	at com.kms.katalon.core.context.internal.TestListenerCollector.handleListenerEvent(TestListenerCollector.java:85)
	at com.kms.katalon.core.context.internal.ExecutionEventManager.publicEvent(ExecutionEventManager.java:36)
	at com.kms.katalon.core.main.TestCaseExecutor.execute(TestCaseExecutor.java:315)
	at com.kms.katalon.core.common.CommonExecutor.accessTestCaseMainPhase(CommonExecutor.java:65)
	at com.kms.katalon.core.main.TestSuiteExecutor.accessTestSuiteMainPhase(TestSuiteExecutor.java:151)
	at com.kms.katalon.core.main.TestSuiteExecutor.execute(TestSuiteExecutor.java:106)
	at com.kms.katalon.core.main.TestCaseMain.startTestSuite(TestCaseMain.java:185)
	at com.kms.katalon.core.main.TestCaseMain$startTestSuite$0.call(Unknown Source)
	at TempTestSuite1678103781709.run(TempTestSuite1678103781709.groovy:36)


2023-03-06 12:57:58 - [MESSAGE][ERROR] - groovy.lang.MissingPropertyException: No such property: printtestCaseContext for class: TestListener
	at TestListener.sampleAfterTestCase(TestListener.groovy:45)
	at TestListener.invokeMethod(TestListener.groovy)
	at com.kms.katalon.core.context.internal.TestHooker.invokeMethod(TestHooker.java:111)
	at com.kms.katalon.core.context.internal.TestHooker.lambda$3(TestHooker.java:95)
	at com.kms.katalon.core.context.internal.TestHooker.invokeContextMethods(TestHooker.java:94)
	at com.kms.katalon.core.context.internal.TestListenerCollector.lambda$3(TestListenerCollector.java:88)
	at com.kms.katalon.core.context.internal.TestListenerCollector.handleListenerEvent(TestListenerCollector.java:85)
	at com.kms.katalon.core.context.internal.ExecutionEventManager.publicEvent(ExecutionEventManager.java:36)
	at com.kms.katalon.core.main.TestCaseExecutor.execute(TestCaseExecutor.java:315)
	at com.kms.katalon.core.common.CommonExecutor.accessTestCaseMainPhase(CommonExecutor.java:65)
	at com.kms.katalon.core.main.TestSuiteExecutor.accessTestSuiteMainPhase(TestSuiteExecutor.java:151)
	at com.kms.katalon.core.main.TestSuiteExecutor.execute(TestSuiteExecutor.java:106)
	at com.kms.katalon.core.main.TestCaseMain.startTestSuite(TestCaseMain.java:185)
	at com.kms.katalon.core.main.TestCaseMain$startTestSuite$0.call(Unknown Source)
	at TempTestSuite1678103781709.run(TempTestSuite1678103781709.groovy:36)]]></system-out>
         <system-err><![CDATA[]]></system-err>
      </testcase>
      <system-out><![CDATA[2023-03-06 12:56:47 - [TEST_SUITE][PASSED] - Login Test Suite: Test Cases/Login/Social Media Links Verification]]></system-out>
      <system-err><![CDATA[]]></system-err>
   </testsuite>
   <testsuite name="Home Page Suite" tests="2" failures="0" errors="0" time="65.677" skipped="0" timestamp="2023-03-06 12:56:58" hostname="PC - host.docker.internal" id="Test Suites/Home Page Suite">
      <properties>
         <property name="deviceName" value=""/>
         <property name="devicePlatform" value=""/>
         <property name="logFolder" value="C:\\Users\\PC\\Desktop\\Katalon Projects\\Orange Web Test Automation\\Reports\\20230306_125620\\Home Page Suite\\20230306_125623"/>
         <property name="logFiles" value="C:\\Users\\PC\\Desktop\\Katalon Projects\\Orange Web Test Automation\\Reports\\20230306_125620\\Home Page Suite\\20230306_125623\\execution0.log"/>
         <property name="attachments" value=""/>
         <property name="hostName" value="PC - host.docker.internal"/>
         <property name="os" value="Windows 10 64bit"/>
         <property name="katalonVersion" value="8.5.5.208"/>
         <property name="browser" value="Chrome 110.0.0.0"/>
         <property name="hostAddress" value="192.168.0.23"/>
         <property name="sessionId" value="31af5e6c129696b52144f43a4d0d752f"/>
         <property name="seleniumVersion" value="3.141.59"/>
         <property name="proxyInformation" value="ProxyInformation { proxyOption=NO_PROXY, proxyServerType=HTTP, username=milanguzina84@gmail.com, password=********, proxyServerAddress=127.0.1, proxyServerPort=12701, executionList=&quot;&quot;, isApplyToDesiredCapabilities=false }"/>
         <property name="platform" value="Windows 10"/>
      </properties>
      <testcase name="Test Cases/Home Page/Search Functionality" time="36.047" classname="Test Cases/Home Page/Search Functionality" status="PASSED">
         <system-out><![CDATA[2023-03-06 12:56:58 - [TEST_CASE][PASSED] - Test Cases/Home Page/Search Functionality: Test Cases/Home Page/Search Functionality

2023-03-06 12:56:58 - [TEST_STEP][PASSED] - Start listener action : sampleBeforeTestCase: Current window maximized

2023-03-06 12:56:58 - [TEST_STEP][PASSED] - println(testCaseContext.getTestCaseId()): null

2023-03-06 12:56:58 - [TEST_STEP][PASSED] - println(testCaseContext.getTestCaseVariables()): null

2023-03-06 12:56:58 - [TEST_STEP][PASSED] - openBrowser(baseURL): Browser is opened with url: 'https://opensource-demo.orangehrmlive.com/web/index.php/auth/login'

2023-03-06 12:56:59 - [MESSAGE][INFO] - Starting 'Chrome' driver

2023-03-06 12:56:59 - [MESSAGE][INFO] - Action delay is set to 1,000 milliseconds

2023-03-06 12:57:08 - [MESSAGE][PASSED] - Browser is opened with url: 'https://opensource-demo.orangehrmlive.com/web/index.php/auth/login'

2023-03-06 12:57:08 - [TEST_STEP][PASSED] - maximizeWindow(): Current window maximized

2023-03-06 12:57:08 - [MESSAGE][PASSED] - Current window maximized

2023-03-06 12:57:08 - [TEST_STEP][PASSED] - Start setup action : setupTestCase: Method 'setupTestCase' complete successfully

2023-03-06 12:57:09 - [TEST_STEP][PASSED] - orange.keywords.userLogin(findTestObject("Login Page/textbox_Username"), username, findTestObject("Login Page/textbox_Password"), password, findTestObject("Login Page/button_Login")): orange.keywords.userLogin is PASSED

2023-03-06 12:57:16 - [MESSAGE][PASSED] - orange.keywords.userLogin is PASSED

2023-03-06 12:57:16 - [MESSAGE][PASSED] - Method 'setupTestCase' complete successfully

2023-03-06 12:57:17 - [TEST_STEP][PASSED] - sendKeys(findTestObject("Navigation Sidebar/textbox_Search"), "Admin"): Keys 'Admin' sent to object: 'Object Repository/Navigation Sidebar/textbox_Search'

2023-03-06 12:57:19 - [MESSAGE][PASSED] - Keys 'Admin' sent to object: 'Object Repository/Navigation Sidebar/textbox_Search'

2023-03-06 12:57:19 - [TEST_STEP][PASSED] - click(findTestObject("Navigation Sidebar/selected_option")): Object: 'Object Repository/Navigation Sidebar/selected_option' is clicked on

2023-03-06 12:57:21 - [MESSAGE][PASSED] - Object: 'Object Repository/Navigation Sidebar/selected_option' is clicked on

2023-03-06 12:57:21 - [TEST_STEP][PASSED] - verifyElementText(findTestObject("Home Page/header_title_Homepage"), "Admin"): Actual text and expected text of test object 'Object Repository/Home Page/header_title_Homepage' are matched.

2023-03-06 12:57:23 - [MESSAGE][PASSED] - Actual text and expected text of test object 'Object Repository/Home Page/header_title_Homepage' are matched.

2023-03-06 12:57:23 - [TEST_STEP][PASSED] - sendKeys(findTestObject("Navigation Sidebar/textbox_Search"), "Directory"): Keys 'Directory' sent to object: 'Object Repository/Navigation Sidebar/textbox_Search'

2023-03-06 12:57:25 - [MESSAGE][PASSED] - Keys 'Directory' sent to object: 'Object Repository/Navigation Sidebar/textbox_Search'

2023-03-06 12:57:25 - [TEST_STEP][PASSED] - click(findTestObject("Navigation Sidebar/selected_option")): Object: 'Object Repository/Navigation Sidebar/selected_option' is clicked on

2023-03-06 12:57:27 - [MESSAGE][PASSED] - Object: 'Object Repository/Navigation Sidebar/selected_option' is clicked on

2023-03-06 12:57:27 - [TEST_STEP][PASSED] - verifyElementText(findTestObject("Home Page/header_title_Homepage"), "Directory"): Actual text and expected text of test object 'Object Repository/Home Page/header_title_Homepage' are matched.

2023-03-06 12:57:29 - [MESSAGE][PASSED] - Actual text and expected text of test object 'Object Repository/Home Page/header_title_Homepage' are matched.

2023-03-06 12:57:29 - [TEST_STEP][PASSED] - sendKeys(findTestObject("Navigation Sidebar/textbox_Search"), "PIM"): Keys 'PIM' sent to object: 'Object Repository/Navigation Sidebar/textbox_Search'

2023-03-06 12:57:30 - [MESSAGE][PASSED] - Keys 'PIM' sent to object: 'Object Repository/Navigation Sidebar/textbox_Search'

2023-03-06 12:57:30 - [TEST_STEP][PASSED] - click(findTestObject("Navigation Sidebar/selected_option")): Object: 'Object Repository/Navigation Sidebar/selected_option' is clicked on

2023-03-06 12:57:33 - [MESSAGE][PASSED] - Object: 'Object Repository/Navigation Sidebar/selected_option' is clicked on

2023-03-06 12:57:33 - [TEST_STEP][PASSED] - verifyElementText(findTestObject("Home Page/header_title_Homepage"), "PIM"): Actual text and expected text of test object 'Object Repository/Home Page/header_title_Homepage' are matched.

2023-03-06 12:57:34 - [MESSAGE][PASSED] - Actual text and expected text of test object 'Object Repository/Home Page/header_title_Homepage' are matched.

2023-03-06 12:57:34 - [TEST_STEP][ERROR] - Start listener action : sampleAfterTestCase: groovy.lang.MissingPropertyException: No such property: printtestCaseContext for class: TestListener
	at TestListener.sampleAfterTestCase(TestListener.groovy:45)
	at TestListener.invokeMethod(TestListener.groovy)
	at com.kms.katalon.core.context.internal.TestHooker.invokeMethod(TestHooker.java:111)
	at com.kms.katalon.core.context.internal.TestHooker.lambda$3(TestHooker.java:95)
	at com.kms.katalon.core.context.internal.TestHooker.invokeContextMethods(TestHooker.java:94)
	at com.kms.katalon.core.context.internal.TestListenerCollector.lambda$3(TestListenerCollector.java:88)
	at com.kms.katalon.core.context.internal.TestListenerCollector.handleListenerEvent(TestListenerCollector.java:85)
	at com.kms.katalon.core.context.internal.ExecutionEventManager.publicEvent(ExecutionEventManager.java:36)
	at com.kms.katalon.core.main.TestCaseExecutor.execute(TestCaseExecutor.java:315)
	at com.kms.katalon.core.common.CommonExecutor.accessTestCaseMainPhase(CommonExecutor.java:65)
	at com.kms.katalon.core.main.TestSuiteExecutor.accessTestSuiteMainPhase(TestSuiteExecutor.java:151)
	at com.kms.katalon.core.main.TestSuiteExecutor.execute(TestSuiteExecutor.java:106)
	at com.kms.katalon.core.main.TestCaseMain.startTestSuite(TestCaseMain.java:185)
	at com.kms.katalon.core.main.TestCaseMain$startTestSuite$0.call(Unknown Source)
	at TempTestSuite1678103783635.run(TempTestSuite1678103783635.groovy:36)


2023-03-06 12:57:34 - [TEST_STEP][PASSED] - println(testCaseContext.getTestCaseId() + " - "): null

2023-03-06 12:57:34 - [TEST_STEP][ERROR] - println(printtestCaseContext.getTestCaseStatus()): groovy.lang.MissingPropertyException: No such property: printtestCaseContext for class: TestListener
	at TestListener.sampleAfterTestCase(TestListener.groovy:45)
	at TestListener.invokeMethod(TestListener.groovy)
	at com.kms.katalon.core.context.internal.TestHooker.invokeMethod(TestHooker.java:111)
	at com.kms.katalon.core.context.internal.TestHooker.lambda$3(TestHooker.java:95)
	at com.kms.katalon.core.context.internal.TestHooker.invokeContextMethods(TestHooker.java:94)
	at com.kms.katalon.core.context.internal.TestListenerCollector.lambda$3(TestListenerCollector.java:88)
	at com.kms.katalon.core.context.internal.TestListenerCollector.handleListenerEvent(TestListenerCollector.java:85)
	at com.kms.katalon.core.context.internal.ExecutionEventManager.publicEvent(ExecutionEventManager.java:36)
	at com.kms.katalon.core.main.TestCaseExecutor.execute(TestCaseExecutor.java:315)
	at com.kms.katalon.core.common.CommonExecutor.accessTestCaseMainPhase(CommonExecutor.java:65)
	at com.kms.katalon.core.main.TestSuiteExecutor.accessTestSuiteMainPhase(TestSuiteExecutor.java:151)
	at com.kms.katalon.core.main.TestSuiteExecutor.execute(TestSuiteExecutor.java:106)
	at com.kms.katalon.core.main.TestCaseMain.startTestSuite(TestCaseMain.java:185)
	at com.kms.katalon.core.main.TestCaseMain$startTestSuite$0.call(Unknown Source)
	at TempTestSuite1678103783635.run(TempTestSuite1678103783635.groovy:36)


2023-03-06 12:57:34 - [MESSAGE][ERROR] - groovy.lang.MissingPropertyException: No such property: printtestCaseContext for class: TestListener
	at TestListener.sampleAfterTestCase(TestListener.groovy:45)
	at TestListener.invokeMethod(TestListener.groovy)
	at com.kms.katalon.core.context.internal.TestHooker.invokeMethod(TestHooker.java:111)
	at com.kms.katalon.core.context.internal.TestHooker.lambda$3(TestHooker.java:95)
	at com.kms.katalon.core.context.internal.TestHooker.invokeContextMethods(TestHooker.java:94)
	at com.kms.katalon.core.context.internal.TestListenerCollector.lambda$3(TestListenerCollector.java:88)
	at com.kms.katalon.core.context.internal.TestListenerCollector.handleListenerEvent(TestListenerCollector.java:85)
	at com.kms.katalon.core.context.internal.ExecutionEventManager.publicEvent(ExecutionEventManager.java:36)
	at com.kms.katalon.core.main.TestCaseExecutor.execute(TestCaseExecutor.java:315)
	at com.kms.katalon.core.common.CommonExecutor.accessTestCaseMainPhase(CommonExecutor.java:65)
	at com.kms.katalon.core.main.TestSuiteExecutor.accessTestSuiteMainPhase(TestSuiteExecutor.java:151)
	at com.kms.katalon.core.main.TestSuiteExecutor.execute(TestSuiteExecutor.java:106)
	at com.kms.katalon.core.main.TestCaseMain.startTestSuite(TestCaseMain.java:185)
	at com.kms.katalon.core.main.TestCaseMain$startTestSuite$0.call(Unknown Source)
	at TempTestSuite1678103783635.run(TempTestSuite1678103783635.groovy:36)]]></system-out>
         <system-err><![CDATA[]]></system-err>
      </testcase>
      <testcase name="Test Cases/Home Page/Sidebar Minimize Functionality" time="29.235" classname="Test Cases/Home Page/Sidebar Minimize Functionality" status="PASSED">
         <system-out><![CDATA[2023-03-06 12:57:34 - [TEST_CASE][PASSED] - Test Cases/Home Page/Sidebar Minimize Functionality: Test Cases/Home Page/Sidebar Minimize Functionality

2023-03-06 12:57:34 - [TEST_STEP][PASSED] - Start listener action : sampleBeforeTestCase: Current window maximized

2023-03-06 12:57:34 - [TEST_STEP][PASSED] - println(testCaseContext.getTestCaseId()): null

2023-03-06 12:57:34 - [TEST_STEP][PASSED] - println(testCaseContext.getTestCaseVariables()): null

2023-03-06 12:57:34 - [TEST_STEP][PASSED] - openBrowser(baseURL): Browser is opened with url: 'https://opensource-demo.orangehrmlive.com/web/index.php/auth/login'

2023-03-06 12:57:34 - [MESSAGE][WARNING] - A browser is already opened. Closing browser and opening a new one

2023-03-06 12:57:35 - [MESSAGE][INFO] - Starting 'Chrome' driver

2023-03-06 12:57:35 - [MESSAGE][INFO] - Action delay is set to 1,000 milliseconds

2023-03-06 12:57:41 - [MESSAGE][PASSED] - Browser is opened with url: 'https://opensource-demo.orangehrmlive.com/web/index.php/auth/login'

2023-03-06 12:57:41 - [TEST_STEP][PASSED] - maximizeWindow(): Current window maximized

2023-03-06 12:57:41 - [MESSAGE][PASSED] - Current window maximized

2023-03-06 12:57:41 - [TEST_STEP][PASSED] - Start setup action : setupTestCase: Method 'setupTestCase' complete successfully

2023-03-06 12:57:41 - [TEST_STEP][PASSED] - orange.keywords.userLogin(findTestObject("Login Page/textbox_Username"), username, findTestObject("Login Page/textbox_Password"), password, findTestObject("Login Page/button_Login")): orange.keywords.userLogin is PASSED

2023-03-06 12:57:46 - [MESSAGE][PASSED] - orange.keywords.userLogin is PASSED

2023-03-06 12:57:46 - [MESSAGE][PASSED] - Method 'setupTestCase' complete successfully

2023-03-06 12:57:47 - [TEST_STEP][PASSED] - verifyElementInViewport(findTestObject("Navigation Sidebar/textbox_Search"), 10): Object 'Object Repository/Navigation Sidebar/textbox_Search' is present and visible in viewport

2023-03-06 12:57:48 - [MESSAGE][PASSED] - Object 'Object Repository/Navigation Sidebar/textbox_Search' is present and visible in viewport

2023-03-06 12:57:48 - [TEST_STEP][PASSED] - click(findTestObject("Navigation Sidebar/button_minimize")): Object: 'Object Repository/Navigation Sidebar/button_minimize' is clicked on

2023-03-06 12:57:50 - [MESSAGE][PASSED] - Object: 'Object Repository/Navigation Sidebar/button_minimize' is clicked on

2023-03-06 12:57:50 - [TEST_STEP][PASSED] - verifyElementNotInViewport(findTestObject("Navigation Sidebar/textbox_Search"), 10): Object 'Object Repository/Navigation Sidebar/textbox_Search' is present and NOT visible in viewport

2023-03-06 12:58:01 - [MESSAGE][INFO] - Unable to find the element located by 'By.xpath: //input[@class = 'oxd-input oxd-input--active']'. Please recheck the objects properties to make sure the desired element is located. 

2023-03-06 12:58:01 - [MESSAGE][WARNING] - [SELF-HEALING] Failed to find element with id 'Object Repository/Navigation Sidebar/textbox_Search'. Try using Self-healing.

2023-03-06 12:58:01 - [MESSAGE][WARNING] - [SELF-HEALING] The current locator of test object 'Object Repository/Navigation Sidebar/textbox_Search' was broken. Propose an alternative one: '//div[@id='app']/div/div/aside/nav/div[2]/div/div/input'.

2023-03-06 12:58:02 - [MESSAGE][PASSED] - Object 'Object Repository/Navigation Sidebar/textbox_Search' is present and NOT visible in viewport

2023-03-06 12:58:02 - [TEST_STEP][PASSED] - click(findTestObject("Navigation Sidebar/button_maximize")): Object: 'Object Repository/Navigation Sidebar/button_maximize' is clicked on

2023-03-06 12:58:03 - [MESSAGE][PASSED] - Object: 'Object Repository/Navigation Sidebar/button_maximize' is clicked on

2023-03-06 12:58:03 - [TEST_STEP][PASSED] - verifyElementInViewport(findTestObject("Navigation Sidebar/textbox_Search"), 10): Object 'Object Repository/Navigation Sidebar/textbox_Search' is present and visible in viewport

2023-03-06 12:58:04 - [MESSAGE][PASSED] - Object 'Object Repository/Navigation Sidebar/textbox_Search' is present and visible in viewport

2023-03-06 12:58:04 - [TEST_STEP][ERROR] - Start listener action : sampleAfterTestCase: groovy.lang.MissingPropertyException: No such property: printtestCaseContext for class: TestListener
	at TestListener.sampleAfterTestCase(TestListener.groovy:45)
	at TestListener.invokeMethod(TestListener.groovy)
	at com.kms.katalon.core.context.internal.TestHooker.invokeMethod(TestHooker.java:111)
	at com.kms.katalon.core.context.internal.TestHooker.lambda$3(TestHooker.java:95)
	at com.kms.katalon.core.context.internal.TestHooker.invokeContextMethods(TestHooker.java:94)
	at com.kms.katalon.core.context.internal.TestListenerCollector.lambda$3(TestListenerCollector.java:88)
	at com.kms.katalon.core.context.internal.TestListenerCollector.handleListenerEvent(TestListenerCollector.java:85)
	at com.kms.katalon.core.context.internal.ExecutionEventManager.publicEvent(ExecutionEventManager.java:36)
	at com.kms.katalon.core.main.TestCaseExecutor.execute(TestCaseExecutor.java:315)
	at com.kms.katalon.core.common.CommonExecutor.accessTestCaseMainPhase(CommonExecutor.java:65)
	at com.kms.katalon.core.main.TestSuiteExecutor.accessTestSuiteMainPhase(TestSuiteExecutor.java:151)
	at com.kms.katalon.core.main.TestSuiteExecutor.execute(TestSuiteExecutor.java:106)
	at com.kms.katalon.core.main.TestCaseMain.startTestSuite(TestCaseMain.java:185)
	at com.kms.katalon.core.main.TestCaseMain$startTestSuite$0.call(Unknown Source)
	at TempTestSuite1678103783635.run(TempTestSuite1678103783635.groovy:36)


2023-03-06 12:58:04 - [TEST_STEP][PASSED] - println(testCaseContext.getTestCaseId() + " - "): null

2023-03-06 12:58:04 - [TEST_STEP][ERROR] - println(printtestCaseContext.getTestCaseStatus()): groovy.lang.MissingPropertyException: No such property: printtestCaseContext for class: TestListener
	at TestListener.sampleAfterTestCase(TestListener.groovy:45)
	at TestListener.invokeMethod(TestListener.groovy)
	at com.kms.katalon.core.context.internal.TestHooker.invokeMethod(TestHooker.java:111)
	at com.kms.katalon.core.context.internal.TestHooker.lambda$3(TestHooker.java:95)
	at com.kms.katalon.core.context.internal.TestHooker.invokeContextMethods(TestHooker.java:94)
	at com.kms.katalon.core.context.internal.TestListenerCollector.lambda$3(TestListenerCollector.java:88)
	at com.kms.katalon.core.context.internal.TestListenerCollector.handleListenerEvent(TestListenerCollector.java:85)
	at com.kms.katalon.core.context.internal.ExecutionEventManager.publicEvent(ExecutionEventManager.java:36)
	at com.kms.katalon.core.main.TestCaseExecutor.execute(TestCaseExecutor.java:315)
	at com.kms.katalon.core.common.CommonExecutor.accessTestCaseMainPhase(CommonExecutor.java:65)
	at com.kms.katalon.core.main.TestSuiteExecutor.accessTestSuiteMainPhase(TestSuiteExecutor.java:151)
	at com.kms.katalon.core.main.TestSuiteExecutor.execute(TestSuiteExecutor.java:106)
	at com.kms.katalon.core.main.TestCaseMain.startTestSuite(TestCaseMain.java:185)
	at com.kms.katalon.core.main.TestCaseMain$startTestSuite$0.call(Unknown Source)
	at TempTestSuite1678103783635.run(TempTestSuite1678103783635.groovy:36)


2023-03-06 12:58:04 - [MESSAGE][ERROR] - groovy.lang.MissingPropertyException: No such property: printtestCaseContext for class: TestListener
	at TestListener.sampleAfterTestCase(TestListener.groovy:45)
	at TestListener.invokeMethod(TestListener.groovy)
	at com.kms.katalon.core.context.internal.TestHooker.invokeMethod(TestHooker.java:111)
	at com.kms.katalon.core.context.internal.TestHooker.lambda$3(TestHooker.java:95)
	at com.kms.katalon.core.context.internal.TestHooker.invokeContextMethods(TestHooker.java:94)
	at com.kms.katalon.core.context.internal.TestListenerCollector.lambda$3(TestListenerCollector.java:88)
	at com.kms.katalon.core.context.internal.TestListenerCollector.handleListenerEvent(TestListenerCollector.java:85)
	at com.kms.katalon.core.context.internal.ExecutionEventManager.publicEvent(ExecutionEventManager.java:36)
	at com.kms.katalon.core.main.TestCaseExecutor.execute(TestCaseExecutor.java:315)
	at com.kms.katalon.core.common.CommonExecutor.accessTestCaseMainPhase(CommonExecutor.java:65)
	at com.kms.katalon.core.main.TestSuiteExecutor.accessTestSuiteMainPhase(TestSuiteExecutor.java:151)
	at com.kms.katalon.core.main.TestSuiteExecutor.execute(TestSuiteExecutor.java:106)
	at com.kms.katalon.core.main.TestCaseMain.startTestSuite(TestCaseMain.java:185)
	at com.kms.katalon.core.main.TestCaseMain$startTestSuite$0.call(Unknown Source)
	at TempTestSuite1678103783635.run(TempTestSuite1678103783635.groovy:36)]]></system-out>
         <system-err><![CDATA[]]></system-err>
      </testcase>
      <system-out><![CDATA[2023-03-06 12:56:58 - [TEST_SUITE][PASSED] - Home Page Suite: Test Cases/Home Page/Sidebar Minimize Functionality]]></system-out>
      <system-err><![CDATA[]]></system-err>
   </testsuite>
   <testsuite name="Job Dropdown Suite" tests="6" failures="1" errors="0" time="235.148" skipped="0" timestamp="2023-03-06 12:58:19" hostname="PC - host.docker.internal" id="Test Suites/Job Dropdown Suite">
      <properties>
         <property name="deviceName" value=""/>
         <property name="devicePlatform" value=""/>
         <property name="logFolder" value="C:\\Users\\PC\\Desktop\\Katalon Projects\\Orange Web Test Automation\\Reports\\20230306_125620\\Job Dropdown Suite\\20230306_125625"/>
         <property name="logFiles" value="C:\\Users\\PC\\Desktop\\Katalon Projects\\Orange Web Test Automation\\Reports\\20230306_125620\\Job Dropdown Suite\\20230306_125625\\execution0.log"/>
         <property name="attachments" value="keyes\keyes-Job Title Info.png, keyes\keyes-Job Title Added.png, C:\\Users\\PC\\Desktop\\Katalon Projects\\Orange Web Test Automation\\Reports\\20230306_125620\\Job Dropdown Suite\\20230306_125625\\1678104048233.png"/>
         <property name="hostName" value="PC - host.docker.internal"/>
         <property name="os" value="Windows 10 64bit"/>
         <property name="katalonVersion" value="8.5.5.208"/>
         <property name="browser" value="Chrome 110.0.0.0"/>
         <property name="hostAddress" value="192.168.0.23"/>
         <property name="sessionId" value="08e5672a7fa67f383961c85074595f30"/>
         <property name="seleniumVersion" value="3.141.59"/>
         <property name="proxyInformation" value="ProxyInformation { proxyOption=NO_PROXY, proxyServerType=HTTP, username=milanguzina84@gmail.com, password=********, proxyServerAddress=127.0.1, proxyServerPort=12701, executionList=&quot;&quot;, isApplyToDesiredCapabilities=false }"/>
         <property name="platform" value="Windows 10"/>
      </properties>
      <testcase name="Test Cases/Admin Page/Job/Job Titles/Add Job Title" time="36.799" classname="Test Cases/Admin Page/Job/Job Titles/Add Job Title" status="PASSED">
         <system-out><![CDATA[2023-03-06 12:58:19 - [TEST_CASE][PASSED] - Test Cases/Admin Page/Job/Job Titles/Add Job Title: Test Cases/Admin Page/Job/Job Titles/Add Job Title

2023-03-06 12:58:19 - [TEST_STEP][PASSED] - Start listener action : sampleBeforeTestCase: Current window maximized

2023-03-06 12:58:19 - [TEST_STEP][PASSED] - println(testCaseContext.getTestCaseId()): null

2023-03-06 12:58:19 - [TEST_STEP][PASSED] - println(testCaseContext.getTestCaseVariables()): null

2023-03-06 12:58:19 - [TEST_STEP][PASSED] - openBrowser(baseURL): Browser is opened with url: 'https://opensource-demo.orangehrmlive.com/web/index.php/auth/login'

2023-03-06 12:58:20 - [MESSAGE][INFO] - Starting 'Chrome' driver

2023-03-06 12:58:20 - [MESSAGE][INFO] - Action delay is set to 1,000 milliseconds

2023-03-06 12:58:25 - [MESSAGE][PASSED] - Browser is opened with url: 'https://opensource-demo.orangehrmlive.com/web/index.php/auth/login'

2023-03-06 12:58:25 - [TEST_STEP][PASSED] - maximizeWindow(): Current window maximized

2023-03-06 12:58:25 - [MESSAGE][PASSED] - Current window maximized

2023-03-06 12:58:25 - [TEST_STEP][PASSED] - Start setup action : setupTestCase: Method 'setupTestCase' complete successfully

2023-03-06 12:58:26 - [TEST_STEP][PASSED] - orange.keywords.userLogin(findTestObject("Login Page/textbox_Username"), username, findTestObject("Login Page/textbox_Password"), password, findTestObject("Login Page/button_Login")): orange.keywords.userLogin is PASSED

2023-03-06 12:58:32 - [MESSAGE][PASSED] - orange.keywords.userLogin is PASSED

2023-03-06 12:58:32 - [MESSAGE][PASSED] - Method 'setupTestCase' complete successfully

2023-03-06 12:58:33 - [TEST_STEP][PASSED] - click(findTestObject("Navigation Sidebar/a_Admin")): Object: 'Object Repository/Navigation Sidebar/a_Admin' is clicked on

2023-03-06 12:58:36 - [MESSAGE][PASSED] - Object: 'Object Repository/Navigation Sidebar/a_Admin' is clicked on

2023-03-06 12:58:36 - [TEST_STEP][PASSED] - click(findTestObject("Admin Page/Job/li_Job")): Object: 'Object Repository/Admin Page/Job/li_Job' is clicked on

2023-03-06 12:58:38 - [MESSAGE][PASSED] - Object: 'Object Repository/Admin Page/Job/li_Job' is clicked on

2023-03-06 12:58:38 - [TEST_STEP][PASSED] - click(findTestObject("Admin Page/Job/Job Titles/li_Job Titles")): Object: 'Object Repository/Admin Page/Job/Job Titles/li_Job Titles' is clicked on

2023-03-06 12:58:40 - [MESSAGE][PASSED] - Object: 'Object Repository/Admin Page/Job/Job Titles/li_Job Titles' is clicked on

2023-03-06 12:58:40 - [TEST_STEP][PASSED] - click(findTestObject("Admin Page/Nationalities/button_Add")): Object: 'Object Repository/Admin Page/Nationalities/button_Add' is clicked on

2023-03-06 12:58:43 - [MESSAGE][PASSED] - Object: 'Object Repository/Admin Page/Nationalities/button_Add' is clicked on

2023-03-06 12:58:43 - [TEST_STEP][PASSED] - sendKeys(findTestObject("Admin Page/Qualifications/Skills/textbox_Username"), job_title): Keys 'Boss-Automation' sent to object: 'Object Repository/Admin Page/Qualifications/Skills/textbox_Username'

2023-03-06 12:58:45 - [MESSAGE][PASSED] - Keys 'Boss-Automation' sent to object: 'Object Repository/Admin Page/Qualifications/Skills/textbox_Username'

2023-03-06 12:58:45 - [TEST_STEP][PASSED] - sendKeys(findTestObject("Admin Page/Job/Job Titles/textarea_Job Description"), job_title_description): Keys 'Big-Boss' sent to object: 'Object Repository/Admin Page/Job/Job Titles/textarea_Job Description'

2023-03-06 12:58:47 - [MESSAGE][PASSED] - Keys 'Big-Boss' sent to object: 'Object Repository/Admin Page/Job/Job Titles/textarea_Job Description'

2023-03-06 12:58:47 - [TEST_STEP][PASSED] - sendKeys(findTestObject("Admin Page/Job/Job Titles/textarea_Note"), job_title_notes): Keys 'No notes available' sent to object: 'Object Repository/Admin Page/Job/Job Titles/textarea_Note'

2023-03-06 12:58:49 - [MESSAGE][PASSED] - Keys 'No notes available' sent to object: 'Object Repository/Admin Page/Job/Job Titles/textarea_Note'

2023-03-06 12:58:49 - [TEST_STEP][PASSED] - takeScreenshotAsCheckpoint("Job Title Info"): Taking screenshot successfully

2023-03-06 12:58:50 - [MESSAGE][INFO] - 0 hidden object(s)

2023-03-06 12:58:51 - [MESSAGE][PASSED] - Taking screenshot successfully
[[ATTACHMENT|keyes\keyes-Job Title Info.png]]

2023-03-06 12:58:51 - [TEST_STEP][PASSED] - click(findTestObject("Admin Page/Nationalities/button_Save")): Object: 'Object Repository/Admin Page/Nationalities/button_Save' is clicked on

2023-03-06 12:58:52 - [MESSAGE][PASSED] - Object: 'Object Repository/Admin Page/Nationalities/button_Save' is clicked on

2023-03-06 12:58:52 - [TEST_STEP][PASSED] - waitForElementPresent(findTestObject("Confirmation messages/message_SuccessSuccessfullySaved"), 10): Object 'Object Repository/Confirmation messages/message_SuccessSuccessfullySaved' is present

2023-03-06 12:58:53 - [MESSAGE][PASSED] - Object 'Object Repository/Confirmation messages/message_SuccessSuccessfullySaved' is present

2023-03-06 12:58:53 - [TEST_STEP][PASSED] - verifyElementPresent(findTestObject("Confirmation messages/message_SuccessSuccessfullySaved"), 10): Object 'Object Repository/Confirmation messages/message_SuccessSuccessfullySaved' is present

2023-03-06 12:58:54 - [MESSAGE][PASSED] - Object 'Object Repository/Confirmation messages/message_SuccessSuccessfullySaved' is present

2023-03-06 12:58:54 - [TEST_STEP][PASSED] - takeScreenshotAsCheckpoint("Job Title Added"): Taking screenshot successfully

2023-03-06 12:58:55 - [MESSAGE][INFO] - 0 hidden object(s)

2023-03-06 12:58:56 - [MESSAGE][PASSED] - Taking screenshot successfully
[[ATTACHMENT|keyes\keyes-Job Title Added.png]]

2023-03-06 12:58:56 - [TEST_STEP][ERROR] - Start listener action : sampleAfterTestCase: groovy.lang.MissingPropertyException: No such property: printtestCaseContext for class: TestListener
	at TestListener.sampleAfterTestCase(TestListener.groovy:45)
	at TestListener.invokeMethod(TestListener.groovy)
	at com.kms.katalon.core.context.internal.TestHooker.invokeMethod(TestHooker.java:111)
	at com.kms.katalon.core.context.internal.TestHooker.lambda$3(TestHooker.java:95)
	at com.kms.katalon.core.context.internal.TestHooker.invokeContextMethods(TestHooker.java:94)
	at com.kms.katalon.core.context.internal.TestListenerCollector.lambda$3(TestListenerCollector.java:88)
	at com.kms.katalon.core.context.internal.TestListenerCollector.handleListenerEvent(TestListenerCollector.java:85)
	at com.kms.katalon.core.context.internal.ExecutionEventManager.publicEvent(ExecutionEventManager.java:36)
	at com.kms.katalon.core.main.TestCaseExecutor.execute(TestCaseExecutor.java:315)
	at com.kms.katalon.core.common.CommonExecutor.accessTestCaseMainPhase(CommonExecutor.java:65)
	at com.kms.katalon.core.main.TestSuiteExecutor.accessTestSuiteMainPhase(TestSuiteExecutor.java:151)
	at com.kms.katalon.core.main.TestSuiteExecutor.execute(TestSuiteExecutor.java:106)
	at com.kms.katalon.core.main.TestCaseMain.startTestSuite(TestCaseMain.java:185)
	at com.kms.katalon.core.main.TestCaseMain$startTestSuite$0.call(Unknown Source)
	at TempTestSuite1678103785607.run(TempTestSuite1678103785607.groovy:36)


2023-03-06 12:58:56 - [TEST_STEP][PASSED] - println(testCaseContext.getTestCaseId() + " - "): null

2023-03-06 12:58:56 - [TEST_STEP][ERROR] - println(printtestCaseContext.getTestCaseStatus()): groovy.lang.MissingPropertyException: No such property: printtestCaseContext for class: TestListener
	at TestListener.sampleAfterTestCase(TestListener.groovy:45)
	at TestListener.invokeMethod(TestListener.groovy)
	at com.kms.katalon.core.context.internal.TestHooker.invokeMethod(TestHooker.java:111)
	at com.kms.katalon.core.context.internal.TestHooker.lambda$3(TestHooker.java:95)
	at com.kms.katalon.core.context.internal.TestHooker.invokeContextMethods(TestHooker.java:94)
	at com.kms.katalon.core.context.internal.TestListenerCollector.lambda$3(TestListenerCollector.java:88)
	at com.kms.katalon.core.context.internal.TestListenerCollector.handleListenerEvent(TestListenerCollector.java:85)
	at com.kms.katalon.core.context.internal.ExecutionEventManager.publicEvent(ExecutionEventManager.java:36)
	at com.kms.katalon.core.main.TestCaseExecutor.execute(TestCaseExecutor.java:315)
	at com.kms.katalon.core.common.CommonExecutor.accessTestCaseMainPhase(CommonExecutor.java:65)
	at com.kms.katalon.core.main.TestSuiteExecutor.accessTestSuiteMainPhase(TestSuiteExecutor.java:151)
	at com.kms.katalon.core.main.TestSuiteExecutor.execute(TestSuiteExecutor.java:106)
	at com.kms.katalon.core.main.TestCaseMain.startTestSuite(TestCaseMain.java:185)
	at com.kms.katalon.core.main.TestCaseMain$startTestSuite$0.call(Unknown Source)
	at TempTestSuite1678103785607.run(TempTestSuite1678103785607.groovy:36)


2023-03-06 12:58:56 - [MESSAGE][ERROR] - groovy.lang.MissingPropertyException: No such property: printtestCaseContext for class: TestListener
	at TestListener.sampleAfterTestCase(TestListener.groovy:45)
	at TestListener.invokeMethod(TestListener.groovy)
	at com.kms.katalon.core.context.internal.TestHooker.invokeMethod(TestHooker.java:111)
	at com.kms.katalon.core.context.internal.TestHooker.lambda$3(TestHooker.java:95)
	at com.kms.katalon.core.context.internal.TestHooker.invokeContextMethods(TestHooker.java:94)
	at com.kms.katalon.core.context.internal.TestListenerCollector.lambda$3(TestListenerCollector.java:88)
	at com.kms.katalon.core.context.internal.TestListenerCollector.handleListenerEvent(TestListenerCollector.java:85)
	at com.kms.katalon.core.context.internal.ExecutionEventManager.publicEvent(ExecutionEventManager.java:36)
	at com.kms.katalon.core.main.TestCaseExecutor.execute(TestCaseExecutor.java:315)
	at com.kms.katalon.core.common.CommonExecutor.accessTestCaseMainPhase(CommonExecutor.java:65)
	at com.kms.katalon.core.main.TestSuiteExecutor.accessTestSuiteMainPhase(TestSuiteExecutor.java:151)
	at com.kms.katalon.core.main.TestSuiteExecutor.execute(TestSuiteExecutor.java:106)
	at com.kms.katalon.core.main.TestCaseMain.startTestSuite(TestCaseMain.java:185)
	at com.kms.katalon.core.main.TestCaseMain$startTestSuite$0.call(Unknown Source)
	at TempTestSuite1678103785607.run(TempTestSuite1678103785607.groovy:36)]]></system-out>
         <system-err><![CDATA[]]></system-err>
      </testcase>
      <testcase name="Test Cases/Admin Page/Job/Job Titles/Edit Job Title" time="36.016" classname="Test Cases/Admin Page/Job/Job Titles/Edit Job Title" status="PASSED">
         <system-out><![CDATA[2023-03-06 12:58:56 - [TEST_CASE][PASSED] - Test Cases/Admin Page/Job/Job Titles/Edit Job Title: Test Cases/Admin Page/Job/Job Titles/Edit Job Title

2023-03-06 12:58:56 - [TEST_STEP][PASSED] - Start listener action : sampleBeforeTestCase: Current window maximized

2023-03-06 12:58:56 - [TEST_STEP][PASSED] - println(testCaseContext.getTestCaseId()): null

2023-03-06 12:58:56 - [TEST_STEP][PASSED] - println(testCaseContext.getTestCaseVariables()): null

2023-03-06 12:58:56 - [TEST_STEP][PASSED] - openBrowser(baseURL): Browser is opened with url: 'https://opensource-demo.orangehrmlive.com/web/index.php/auth/login'

2023-03-06 12:58:56 - [MESSAGE][WARNING] - A browser is already opened. Closing browser and opening a new one

2023-03-06 12:58:57 - [MESSAGE][INFO] - Starting 'Chrome' driver

2023-03-06 12:58:57 - [MESSAGE][INFO] - Action delay is set to 1,000 milliseconds

2023-03-06 12:59:01 - [MESSAGE][PASSED] - Browser is opened with url: 'https://opensource-demo.orangehrmlive.com/web/index.php/auth/login'

2023-03-06 12:59:01 - [TEST_STEP][PASSED] - maximizeWindow(): Current window maximized

2023-03-06 12:59:01 - [MESSAGE][PASSED] - Current window maximized

2023-03-06 12:59:01 - [TEST_STEP][PASSED] - Start setup action : setupTestCase: Method 'setupTestCase' complete successfully

2023-03-06 12:59:01 - [TEST_STEP][PASSED] - orange.keywords.userLogin(findTestObject("Login Page/textbox_Username"), username, findTestObject("Login Page/textbox_Password"), password, findTestObject("Login Page/button_Login")): orange.keywords.userLogin is PASSED

2023-03-06 12:59:07 - [MESSAGE][PASSED] - orange.keywords.userLogin is PASSED

2023-03-06 12:59:07 - [MESSAGE][PASSED] - Method 'setupTestCase' complete successfully

2023-03-06 12:59:08 - [TEST_STEP][PASSED] - click(findTestObject("Navigation Sidebar/a_Admin")): Object: 'Object Repository/Navigation Sidebar/a_Admin' is clicked on

2023-03-06 12:59:11 - [MESSAGE][PASSED] - Object: 'Object Repository/Navigation Sidebar/a_Admin' is clicked on

2023-03-06 12:59:11 - [TEST_STEP][PASSED] - click(findTestObject("Admin Page/Job/li_Job")): Object: 'Object Repository/Admin Page/Job/li_Job' is clicked on

2023-03-06 12:59:13 - [MESSAGE][PASSED] - Object: 'Object Repository/Admin Page/Job/li_Job' is clicked on

2023-03-06 12:59:13 - [TEST_STEP][PASSED] - click(findTestObject("Admin Page/Job/Job Titles/li_Job Titles")): Object: 'Object Repository/Admin Page/Job/Job Titles/li_Job Titles' is clicked on

2023-03-06 12:59:15 - [MESSAGE][PASSED] - Object: 'Object Repository/Admin Page/Job/Job Titles/li_Job Titles' is clicked on

2023-03-06 12:59:15 - [TEST_STEP][PASSED] - click(findTestObject("Admin Page/Job/Job Titles/button_Edit")): Object: 'Object Repository/Admin Page/Job/Job Titles/button_Edit' is clicked on

2023-03-06 12:59:18 - [MESSAGE][PASSED] - Object: 'Object Repository/Admin Page/Job/Job Titles/button_Edit' is clicked on

2023-03-06 12:59:18 - [TEST_STEP][PASSED] - sendKeys(findTestObject("Admin Page/Qualifications/Skills/textbox_Username"), Keys.chord(CONTROL, "a")): Keys 'CONTROL + a' sent to object: 'Object Repository/Admin Page/Qualifications/Skills/textbox_Username'

2023-03-06 12:59:20 - [MESSAGE][PASSED] - Keys 'CONTROL + a' sent to object: 'Object Repository/Admin Page/Qualifications/Skills/textbox_Username'

2023-03-06 12:59:20 - [TEST_STEP][PASSED] - sendKeys(findTestObject("Admin Page/Qualifications/Skills/textbox_Username_selected"), edited_job_title): Keys 'Boss-Edited-Automation' sent to object: 'Object Repository/Admin Page/Qualifications/Skills/textbox_Username_selected'

2023-03-06 12:59:22 - [MESSAGE][PASSED] - Keys 'Boss-Edited-Automation' sent to object: 'Object Repository/Admin Page/Qualifications/Skills/textbox_Username_selected'

2023-03-06 12:59:22 - [TEST_STEP][PASSED] - sendKeys(findTestObject("Admin Page/Job/Job Titles/textarea_Job Description"), Keys.chord(CONTROL, "a")): Keys 'CONTROL + a' sent to object: 'Object Repository/Admin Page/Job/Job Titles/textarea_Job Description'

2023-03-06 12:59:23 - [MESSAGE][PASSED] - Keys 'CONTROL + a' sent to object: 'Object Repository/Admin Page/Job/Job Titles/textarea_Job Description'

2023-03-06 12:59:23 - [TEST_STEP][PASSED] - sendKeys(findTestObject("Admin Page/Job/Job Titles/textarea_Job Description"), edited_job_title_description): Keys 'Big Boss -Edited' sent to object: 'Object Repository/Admin Page/Job/Job Titles/textarea_Job Description'

2023-03-06 12:59:25 - [MESSAGE][PASSED] - Keys 'Big Boss -Edited' sent to object: 'Object Repository/Admin Page/Job/Job Titles/textarea_Job Description'

2023-03-06 12:59:25 - [TEST_STEP][PASSED] - sendKeys(findTestObject("Admin Page/Job/Job Titles/textarea_Note"), Keys.chord(CONTROL, "a")): Keys 'CONTROL + a' sent to object: 'Object Repository/Admin Page/Job/Job Titles/textarea_Note'

2023-03-06 12:59:27 - [MESSAGE][PASSED] - Keys 'CONTROL + a' sent to object: 'Object Repository/Admin Page/Job/Job Titles/textarea_Note'

2023-03-06 12:59:27 - [TEST_STEP][PASSED] - sendKeys(findTestObject("Admin Page/Job/Job Titles/textarea_Note"), edited_job_title_notes): Keys 'Notes available tomorrow' sent to object: 'Object Repository/Admin Page/Job/Job Titles/textarea_Note'

2023-03-06 12:59:29 - [MESSAGE][PASSED] - Keys 'Notes available tomorrow' sent to object: 'Object Repository/Admin Page/Job/Job Titles/textarea_Note'

2023-03-06 12:59:29 - [TEST_STEP][PASSED] - click(findTestObject("Admin Page/Qualifications/Skills/button_Save")): Object: 'Object Repository/Admin Page/Qualifications/Skills/button_Save' is clicked on

2023-03-06 12:59:31 - [MESSAGE][PASSED] - Object: 'Object Repository/Admin Page/Qualifications/Skills/button_Save' is clicked on

2023-03-06 12:59:31 - [TEST_STEP][PASSED] - waitForElementPresent(findTestObject("Confirmation messages/message_SuccessSuccessfullyUpdated"), 10): Object 'Object Repository/Confirmation messages/message_SuccessSuccessfullyUpdated' is present

2023-03-06 12:59:31 - [MESSAGE][PASSED] - Object 'Object Repository/Confirmation messages/message_SuccessSuccessfullyUpdated' is present

2023-03-06 12:59:31 - [TEST_STEP][PASSED] - verifyElementPresent(findTestObject("Confirmation messages/message_SuccessSuccessfullyUpdated"), 10): Object 'Object Repository/Confirmation messages/message_SuccessSuccessfullyUpdated' is present

2023-03-06 12:59:32 - [MESSAGE][PASSED] - Object 'Object Repository/Confirmation messages/message_SuccessSuccessfullyUpdated' is present

2023-03-06 12:59:32 - [TEST_STEP][ERROR] - Start listener action : sampleAfterTestCase: groovy.lang.MissingPropertyException: No such property: printtestCaseContext for class: TestListener
	at TestListener.sampleAfterTestCase(TestListener.groovy:45)
	at TestListener.invokeMethod(TestListener.groovy)
	at com.kms.katalon.core.context.internal.TestHooker.invokeMethod(TestHooker.java:111)
	at com.kms.katalon.core.context.internal.TestHooker.lambda$3(TestHooker.java:95)
	at com.kms.katalon.core.context.internal.TestHooker.invokeContextMethods(TestHooker.java:94)
	at com.kms.katalon.core.context.internal.TestListenerCollector.lambda$3(TestListenerCollector.java:88)
	at com.kms.katalon.core.context.internal.TestListenerCollector.handleListenerEvent(TestListenerCollector.java:85)
	at com.kms.katalon.core.context.internal.ExecutionEventManager.publicEvent(ExecutionEventManager.java:36)
	at com.kms.katalon.core.main.TestCaseExecutor.execute(TestCaseExecutor.java:315)
	at com.kms.katalon.core.common.CommonExecutor.accessTestCaseMainPhase(CommonExecutor.java:65)
	at com.kms.katalon.core.main.TestSuiteExecutor.accessTestSuiteMainPhase(TestSuiteExecutor.java:151)
	at com.kms.katalon.core.main.TestSuiteExecutor.execute(TestSuiteExecutor.java:106)
	at com.kms.katalon.core.main.TestCaseMain.startTestSuite(TestCaseMain.java:185)
	at com.kms.katalon.core.main.TestCaseMain$startTestSuite$0.call(Unknown Source)
	at TempTestSuite1678103785607.run(TempTestSuite1678103785607.groovy:36)


2023-03-06 12:59:32 - [TEST_STEP][PASSED] - println(testCaseContext.getTestCaseId() + " - "): null

2023-03-06 12:59:32 - [TEST_STEP][ERROR] - println(printtestCaseContext.getTestCaseStatus()): groovy.lang.MissingPropertyException: No such property: printtestCaseContext for class: TestListener
	at TestListener.sampleAfterTestCase(TestListener.groovy:45)
	at TestListener.invokeMethod(TestListener.groovy)
	at com.kms.katalon.core.context.internal.TestHooker.invokeMethod(TestHooker.java:111)
	at com.kms.katalon.core.context.internal.TestHooker.lambda$3(TestHooker.java:95)
	at com.kms.katalon.core.context.internal.TestHooker.invokeContextMethods(TestHooker.java:94)
	at com.kms.katalon.core.context.internal.TestListenerCollector.lambda$3(TestListenerCollector.java:88)
	at com.kms.katalon.core.context.internal.TestListenerCollector.handleListenerEvent(TestListenerCollector.java:85)
	at com.kms.katalon.core.context.internal.ExecutionEventManager.publicEvent(ExecutionEventManager.java:36)
	at com.kms.katalon.core.main.TestCaseExecutor.execute(TestCaseExecutor.java:315)
	at com.kms.katalon.core.common.CommonExecutor.accessTestCaseMainPhase(CommonExecutor.java:65)
	at com.kms.katalon.core.main.TestSuiteExecutor.accessTestSuiteMainPhase(TestSuiteExecutor.java:151)
	at com.kms.katalon.core.main.TestSuiteExecutor.execute(TestSuiteExecutor.java:106)
	at com.kms.katalon.core.main.TestCaseMain.startTestSuite(TestCaseMain.java:185)
	at com.kms.katalon.core.main.TestCaseMain$startTestSuite$0.call(Unknown Source)
	at TempTestSuite1678103785607.run(TempTestSuite1678103785607.groovy:36)


2023-03-06 12:59:32 - [MESSAGE][ERROR] - groovy.lang.MissingPropertyException: No such property: printtestCaseContext for class: TestListener
	at TestListener.sampleAfterTestCase(TestListener.groovy:45)
	at TestListener.invokeMethod(TestListener.groovy)
	at com.kms.katalon.core.context.internal.TestHooker.invokeMethod(TestHooker.java:111)
	at com.kms.katalon.core.context.internal.TestHooker.lambda$3(TestHooker.java:95)
	at com.kms.katalon.core.context.internal.TestHooker.invokeContextMethods(TestHooker.java:94)
	at com.kms.katalon.core.context.internal.TestListenerCollector.lambda$3(TestListenerCollector.java:88)
	at com.kms.katalon.core.context.internal.TestListenerCollector.handleListenerEvent(TestListenerCollector.java:85)
	at com.kms.katalon.core.context.internal.ExecutionEventManager.publicEvent(ExecutionEventManager.java:36)
	at com.kms.katalon.core.main.TestCaseExecutor.execute(TestCaseExecutor.java:315)
	at com.kms.katalon.core.common.CommonExecutor.accessTestCaseMainPhase(CommonExecutor.java:65)
	at com.kms.katalon.core.main.TestSuiteExecutor.accessTestSuiteMainPhase(TestSuiteExecutor.java:151)
	at com.kms.katalon.core.main.TestSuiteExecutor.execute(TestSuiteExecutor.java:106)
	at com.kms.katalon.core.main.TestCaseMain.startTestSuite(TestCaseMain.java:185)
	at com.kms.katalon.core.main.TestCaseMain$startTestSuite$0.call(Unknown Source)
	at TempTestSuite1678103785607.run(TempTestSuite1678103785607.groovy:36)]]></system-out>
         <system-err><![CDATA[]]></system-err>
      </testcase>
      <testcase name="Test Cases/Admin Page/Job/Job Titles/Delete Job Title" time="25.561" classname="Test Cases/Admin Page/Job/Job Titles/Delete Job Title" status="PASSED">
         <system-out><![CDATA[2023-03-06 12:59:32 - [TEST_CASE][PASSED] - Test Cases/Admin Page/Job/Job Titles/Delete Job Title: Test Cases/Admin Page/Job/Job Titles/Delete Job Title

2023-03-06 12:59:32 - [TEST_STEP][PASSED] - Start listener action : sampleBeforeTestCase: Current window maximized

2023-03-06 12:59:32 - [TEST_STEP][PASSED] - println(testCaseContext.getTestCaseId()): null

2023-03-06 12:59:32 - [TEST_STEP][PASSED] - println(testCaseContext.getTestCaseVariables()): null

2023-03-06 12:59:32 - [TEST_STEP][PASSED] - openBrowser(baseURL): Browser is opened with url: 'https://opensource-demo.orangehrmlive.com/web/index.php/auth/login'

2023-03-06 12:59:32 - [MESSAGE][WARNING] - A browser is already opened. Closing browser and opening a new one

2023-03-06 12:59:33 - [MESSAGE][INFO] - Starting 'Chrome' driver

2023-03-06 12:59:33 - [MESSAGE][INFO] - Action delay is set to 1,000 milliseconds

2023-03-06 12:59:37 - [MESSAGE][PASSED] - Browser is opened with url: 'https://opensource-demo.orangehrmlive.com/web/index.php/auth/login'

2023-03-06 12:59:37 - [TEST_STEP][PASSED] - maximizeWindow(): Current window maximized

2023-03-06 12:59:38 - [MESSAGE][PASSED] - Current window maximized

2023-03-06 12:59:38 - [TEST_STEP][PASSED] - Start setup action : setupTestCase: Method 'setupTestCase' complete successfully

2023-03-06 12:59:38 - [TEST_STEP][PASSED] - orange.keywords.userLogin(findTestObject("Login Page/textbox_Username"), username, findTestObject("Login Page/textbox_Password"), password, findTestObject("Login Page/button_Login")): orange.keywords.userLogin is PASSED

2023-03-06 12:59:43 - [MESSAGE][PASSED] - orange.keywords.userLogin is PASSED

2023-03-06 12:59:43 - [MESSAGE][PASSED] - Method 'setupTestCase' complete successfully

2023-03-06 12:59:45 - [TEST_STEP][PASSED] - click(findTestObject("Navigation Sidebar/a_Admin")): Object: 'Object Repository/Navigation Sidebar/a_Admin' is clicked on

2023-03-06 12:59:47 - [MESSAGE][PASSED] - Object: 'Object Repository/Navigation Sidebar/a_Admin' is clicked on

2023-03-06 12:59:47 - [TEST_STEP][PASSED] - click(findTestObject("Admin Page/Job/li_Job")): Object: 'Object Repository/Admin Page/Job/li_Job' is clicked on

2023-03-06 12:59:50 - [MESSAGE][PASSED] - Object: 'Object Repository/Admin Page/Job/li_Job' is clicked on

2023-03-06 12:59:50 - [TEST_STEP][PASSED] - click(findTestObject("Admin Page/Job/Job Titles/li_Job Titles")): Object: 'Object Repository/Admin Page/Job/Job Titles/li_Job Titles' is clicked on

2023-03-06 12:59:52 - [MESSAGE][PASSED] - Object: 'Object Repository/Admin Page/Job/Job Titles/li_Job Titles' is clicked on

2023-03-06 12:59:52 - [TEST_STEP][PASSED] - click(findTestObject("Admin Page/Job/Job Titles/button_Delete")): Object: 'Object Repository/Admin Page/Job/Job Titles/button_Delete' is clicked on

2023-03-06 12:59:54 - [MESSAGE][PASSED] - Object: 'Object Repository/Admin Page/Job/Job Titles/button_Delete' is clicked on

2023-03-06 12:59:54 - [TEST_STEP][PASSED] - click(findTestObject("Admin Page/Qualifications/Languages/button_Yes, Delete")): Object: 'Object Repository/Admin Page/Qualifications/Languages/button_Yes, Delete' is clicked on

2023-03-06 12:59:56 - [MESSAGE][PASSED] - Object: 'Object Repository/Admin Page/Qualifications/Languages/button_Yes, Delete' is clicked on

2023-03-06 12:59:56 - [TEST_STEP][PASSED] - waitForElementPresent(findTestObject("Confirmation messages/message_SuccessSuccessfullyDeleted"), 10): Object 'Object Repository/Confirmation messages/message_SuccessSuccessfullyDeleted' is present

2023-03-06 12:59:57 - [MESSAGE][PASSED] - Object 'Object Repository/Confirmation messages/message_SuccessSuccessfullyDeleted' is present

2023-03-06 12:59:57 - [TEST_STEP][PASSED] - verifyElementPresent(findTestObject("Confirmation messages/message_SuccessSuccessfullyDeleted"), 10): Object 'Object Repository/Confirmation messages/message_SuccessSuccessfullyDeleted' is present

2023-03-06 12:59:57 - [MESSAGE][PASSED] - Object 'Object Repository/Confirmation messages/message_SuccessSuccessfullyDeleted' is present

2023-03-06 12:59:57 - [TEST_STEP][ERROR] - Start listener action : sampleAfterTestCase: groovy.lang.MissingPropertyException: No such property: printtestCaseContext for class: TestListener
	at TestListener.sampleAfterTestCase(TestListener.groovy:45)
	at TestListener.invokeMethod(TestListener.groovy)
	at com.kms.katalon.core.context.internal.TestHooker.invokeMethod(TestHooker.java:111)
	at com.kms.katalon.core.context.internal.TestHooker.lambda$3(TestHooker.java:95)
	at com.kms.katalon.core.context.internal.TestHooker.invokeContextMethods(TestHooker.java:94)
	at com.kms.katalon.core.context.internal.TestListenerCollector.lambda$3(TestListenerCollector.java:88)
	at com.kms.katalon.core.context.internal.TestListenerCollector.handleListenerEvent(TestListenerCollector.java:85)
	at com.kms.katalon.core.context.internal.ExecutionEventManager.publicEvent(ExecutionEventManager.java:36)
	at com.kms.katalon.core.main.TestCaseExecutor.execute(TestCaseExecutor.java:315)
	at com.kms.katalon.core.common.CommonExecutor.accessTestCaseMainPhase(CommonExecutor.java:65)
	at com.kms.katalon.core.main.TestSuiteExecutor.accessTestSuiteMainPhase(TestSuiteExecutor.java:151)
	at com.kms.katalon.core.main.TestSuiteExecutor.execute(TestSuiteExecutor.java:106)
	at com.kms.katalon.core.main.TestCaseMain.startTestSuite(TestCaseMain.java:185)
	at com.kms.katalon.core.main.TestCaseMain$startTestSuite$0.call(Unknown Source)
	at TempTestSuite1678103785607.run(TempTestSuite1678103785607.groovy:36)


2023-03-06 12:59:57 - [TEST_STEP][PASSED] - println(testCaseContext.getTestCaseId() + " - "): null

2023-03-06 12:59:57 - [TEST_STEP][ERROR] - println(printtestCaseContext.getTestCaseStatus()): groovy.lang.MissingPropertyException: No such property: printtestCaseContext for class: TestListener
	at TestListener.sampleAfterTestCase(TestListener.groovy:45)
	at TestListener.invokeMethod(TestListener.groovy)
	at com.kms.katalon.core.context.internal.TestHooker.invokeMethod(TestHooker.java:111)
	at com.kms.katalon.core.context.internal.TestHooker.lambda$3(TestHooker.java:95)
	at com.kms.katalon.core.context.internal.TestHooker.invokeContextMethods(TestHooker.java:94)
	at com.kms.katalon.core.context.internal.TestListenerCollector.lambda$3(TestListenerCollector.java:88)
	at com.kms.katalon.core.context.internal.TestListenerCollector.handleListenerEvent(TestListenerCollector.java:85)
	at com.kms.katalon.core.context.internal.ExecutionEventManager.publicEvent(ExecutionEventManager.java:36)
	at com.kms.katalon.core.main.TestCaseExecutor.execute(TestCaseExecutor.java:315)
	at com.kms.katalon.core.common.CommonExecutor.accessTestCaseMainPhase(CommonExecutor.java:65)
	at com.kms.katalon.core.main.TestSuiteExecutor.accessTestSuiteMainPhase(TestSuiteExecutor.java:151)
	at com.kms.katalon.core.main.TestSuiteExecutor.execute(TestSuiteExecutor.java:106)
	at com.kms.katalon.core.main.TestCaseMain.startTestSuite(TestCaseMain.java:185)
	at com.kms.katalon.core.main.TestCaseMain$startTestSuite$0.call(Unknown Source)
	at TempTestSuite1678103785607.run(TempTestSuite1678103785607.groovy:36)


2023-03-06 12:59:57 - [MESSAGE][ERROR] - groovy.lang.MissingPropertyException: No such property: printtestCaseContext for class: TestListener
	at TestListener.sampleAfterTestCase(TestListener.groovy:45)
	at TestListener.invokeMethod(TestListener.groovy)
	at com.kms.katalon.core.context.internal.TestHooker.invokeMethod(TestHooker.java:111)
	at com.kms.katalon.core.context.internal.TestHooker.lambda$3(TestHooker.java:95)
	at com.kms.katalon.core.context.internal.TestHooker.invokeContextMethods(TestHooker.java:94)
	at com.kms.katalon.core.context.internal.TestListenerCollector.lambda$3(TestListenerCollector.java:88)
	at com.kms.katalon.core.context.internal.TestListenerCollector.handleListenerEvent(TestListenerCollector.java:85)
	at com.kms.katalon.core.context.internal.ExecutionEventManager.publicEvent(ExecutionEventManager.java:36)
	at com.kms.katalon.core.main.TestCaseExecutor.execute(TestCaseExecutor.java:315)
	at com.kms.katalon.core.common.CommonExecutor.accessTestCaseMainPhase(CommonExecutor.java:65)
	at com.kms.katalon.core.main.TestSuiteExecutor.accessTestSuiteMainPhase(TestSuiteExecutor.java:151)
	at com.kms.katalon.core.main.TestSuiteExecutor.execute(TestSuiteExecutor.java:106)
	at com.kms.katalon.core.main.TestCaseMain.startTestSuite(TestCaseMain.java:185)
	at com.kms.katalon.core.main.TestCaseMain$startTestSuite$0.call(Unknown Source)
	at TempTestSuite1678103785607.run(TempTestSuite1678103785607.groovy:36)]]></system-out>
         <system-err><![CDATA[]]></system-err>
      </testcase>
      <testcase name="Test Cases/Admin Page/Job/Job Categories/Add Category" time="50.982" classname="Test Cases/Admin Page/Job/Job Categories/Add Category" status="FAILED">
         <failure type="FAILED" message="Test Cases/Admin Page/Job/Job Categories/Add Category FAILED.
Reason:
com.kms.katalon.core.exception.StepFailedException: Unable to click on object 'Object Repository/Admin Page/Job/li_Job'
	at com.kms.katalon.core.webui.keyword.internal.WebUIKeywordMain.stepFailed(WebUIKeywordMain.groovy:64)
	at com.kms.katalon.core.webui.keyword.internal.WebUIKeywordMain.runKeyword(WebUIKeywordMain.groovy:26)
	at com.kms.katalon.core.webui.keyword.builtin.ClickKeyword.click(ClickKeyword.groovy:74)
	at com.kms.katalon.core.webui.keyword.builtin.ClickKeyword.execute(ClickKeyword.groovy:40)
	at com.kms.katalon.core.keyword.internal.KeywordExecutor.executeKeywordForPlatform(KeywordExecutor.groovy:74)
	at com.kms.katalon.core.webui.keyword.WebUiBuiltInKeywords.click(WebUiBuiltInKeywords.groovy:620)
	at com.kms.katalon.core.webui.keyword.WebUiBuiltInKeywords$click$2.call(Unknown Source)
	at Add Category.run(Add Category:22)
	at com.kms.katalon.core.main.ScriptEngine.run(ScriptEngine.java:194)
	at com.kms.katalon.core.main.ScriptEngine.runScriptAsRawText(ScriptEngine.java:119)
	at com.kms.katalon.core.main.TestCaseExecutor.runScript(TestCaseExecutor.java:448)
	at com.kms.katalon.core.main.TestCaseExecutor.doExecute(TestCaseExecutor.java:439)
	at com.kms.katalon.core.main.TestCaseExecutor.processExecutionPhase(TestCaseExecutor.java:418)
	at com.kms.katalon.core.main.TestCaseExecutor.accessMainPhase(TestCaseExecutor.java:410)
	at com.kms.katalon.core.main.TestCaseExecutor.execute(TestCaseExecutor.java:285)
	at com.kms.katalon.core.common.CommonExecutor.accessTestCaseMainPhase(CommonExecutor.java:65)
	at com.kms.katalon.core.main.TestSuiteExecutor.accessTestSuiteMainPhase(TestSuiteExecutor.java:151)
	at com.kms.katalon.core.main.TestSuiteExecutor.execute(TestSuiteExecutor.java:106)
	at com.kms.katalon.core.main.TestCaseMain.startTestSuite(TestCaseMain.java:185)
	at com.kms.katalon.core.main.TestCaseMain$startTestSuite$0.call(Unknown Source)
	at TempTestSuite1678103785607.run(TempTestSuite1678103785607.groovy:36)
Caused by: com.kms.katalon.core.webui.exception.WebElementNotFoundException: Web element with id: 'Object Repository/Admin Page/Job/li_Job' located by '//div[@id='app']/div/div/header/div[2]/nav/ul/li[2]' not found
	at com.kms.katalon.core.webui.common.WebUiCommonHelper.findWebElement(WebUiCommonHelper.java:1370)
	at com.kms.katalon.core.webui.keyword.internal.WebUIAbstractKeyword.findWebElement(WebUIAbstractKeyword.groovy:27)
	at com.kms.katalon.core.webui.keyword.builtin.ClickKeyword$_click_closure1.doCall(ClickKeyword.groovy:65)
	at com.kms.katalon.core.webui.keyword.builtin.ClickKeyword$_click_closure1.call(ClickKeyword.groovy)
	at com.kms.katalon.core.webui.keyword.internal.WebUIKeywordMain.runKeyword(WebUIKeywordMain.groovy:20)
	... 19 more
"/>
         <system-out><![CDATA[2023-03-06 12:59:57 - [TEST_CASE][FAILED] - Test Cases/Admin Page/Job/Job Categories/Add Category: Test Cases/Admin Page/Job/Job Categories/Add Category FAILED.
Reason:
com.kms.katalon.core.exception.StepFailedException: Unable to click on object 'Object Repository/Admin Page/Job/li_Job'
	at com.kms.katalon.core.webui.keyword.internal.WebUIKeywordMain.stepFailed(WebUIKeywordMain.groovy:64)
	at com.kms.katalon.core.webui.keyword.internal.WebUIKeywordMain.runKeyword(WebUIKeywordMain.groovy:26)
	at com.kms.katalon.core.webui.keyword.builtin.ClickKeyword.click(ClickKeyword.groovy:74)
	at com.kms.katalon.core.webui.keyword.builtin.ClickKeyword.execute(ClickKeyword.groovy:40)
	at com.kms.katalon.core.keyword.internal.KeywordExecutor.executeKeywordForPlatform(KeywordExecutor.groovy:74)
	at com.kms.katalon.core.webui.keyword.WebUiBuiltInKeywords.click(WebUiBuiltInKeywords.groovy:620)
	at com.kms.katalon.core.webui.keyword.WebUiBuiltInKeywords$click$2.call(Unknown Source)
	at Add Category.run(Add Category:22)
	at com.kms.katalon.core.main.ScriptEngine.run(ScriptEngine.java:194)
	at com.kms.katalon.core.main.ScriptEngine.runScriptAsRawText(ScriptEngine.java:119)
	at com.kms.katalon.core.main.TestCaseExecutor.runScript(TestCaseExecutor.java:448)
	at com.kms.katalon.core.main.TestCaseExecutor.doExecute(TestCaseExecutor.java:439)
	at com.kms.katalon.core.main.TestCaseExecutor.processExecutionPhase(TestCaseExecutor.java:418)
	at com.kms.katalon.core.main.TestCaseExecutor.accessMainPhase(TestCaseExecutor.java:410)
	at com.kms.katalon.core.main.TestCaseExecutor.execute(TestCaseExecutor.java:285)
	at com.kms.katalon.core.common.CommonExecutor.accessTestCaseMainPhase(CommonExecutor.java:65)
	at com.kms.katalon.core.main.TestSuiteExecutor.accessTestSuiteMainPhase(TestSuiteExecutor.java:151)
	at com.kms.katalon.core.main.TestSuiteExecutor.execute(TestSuiteExecutor.java:106)
	at com.kms.katalon.core.main.TestCaseMain.startTestSuite(TestCaseMain.java:185)
	at com.kms.katalon.core.main.TestCaseMain$startTestSuite$0.call(Unknown Source)
	at TempTestSuite1678103785607.run(TempTestSuite1678103785607.groovy:36)
Caused by: com.kms.katalon.core.webui.exception.WebElementNotFoundException: Web element with id: 'Object Repository/Admin Page/Job/li_Job' located by '//div[@id='app']/div/div/header/div[2]/nav/ul/li[2]' not found
	at com.kms.katalon.core.webui.common.WebUiCommonHelper.findWebElement(WebUiCommonHelper.java:1370)
	at com.kms.katalon.core.webui.keyword.internal.WebUIAbstractKeyword.findWebElement(WebUIAbstractKeyword.groovy:27)
	at com.kms.katalon.core.webui.keyword.builtin.ClickKeyword$_click_closure1.doCall(ClickKeyword.groovy:65)
	at com.kms.katalon.core.webui.keyword.builtin.ClickKeyword$_click_closure1.call(ClickKeyword.groovy)
	at com.kms.katalon.core.webui.keyword.internal.WebUIKeywordMain.runKeyword(WebUIKeywordMain.groovy:20)
	... 19 more


2023-03-06 12:59:57 - [TEST_STEP][PASSED] - Start listener action : sampleBeforeTestCase: Current window maximized

2023-03-06 12:59:57 - [TEST_STEP][PASSED] - println(testCaseContext.getTestCaseId()): null

2023-03-06 12:59:57 - [TEST_STEP][PASSED] - println(testCaseContext.getTestCaseVariables()): null

2023-03-06 12:59:57 - [TEST_STEP][PASSED] - openBrowser(baseURL): Browser is opened with url: 'https://opensource-demo.orangehrmlive.com/web/index.php/auth/login'

2023-03-06 12:59:57 - [MESSAGE][WARNING] - A browser is already opened. Closing browser and opening a new one

2023-03-06 12:59:58 - [MESSAGE][INFO] - Starting 'Chrome' driver

2023-03-06 12:59:58 - [MESSAGE][INFO] - Action delay is set to 1,000 milliseconds

2023-03-06 13:00:02 - [MESSAGE][PASSED] - Browser is opened with url: 'https://opensource-demo.orangehrmlive.com/web/index.php/auth/login'

2023-03-06 13:00:02 - [TEST_STEP][PASSED] - maximizeWindow(): Current window maximized

2023-03-06 13:00:02 - [MESSAGE][PASSED] - Current window maximized

2023-03-06 13:00:02 - [TEST_STEP][PASSED] - Start setup action : setupTestCase: Method 'setupTestCase' complete successfully

2023-03-06 13:00:02 - [TEST_STEP][PASSED] - orange.keywords.userLogin(findTestObject("Login Page/textbox_Username"), username, findTestObject("Login Page/textbox_Password"), password, findTestObject("Login Page/button_Login")): orange.keywords.userLogin is PASSED

2023-03-06 13:00:08 - [MESSAGE][PASSED] - orange.keywords.userLogin is PASSED

2023-03-06 13:00:08 - [MESSAGE][PASSED] - Method 'setupTestCase' complete successfully

2023-03-06 13:00:09 - [TEST_STEP][PASSED] - click(findTestObject("Navigation Sidebar/a_Admin")): Object: 'Object Repository/Navigation Sidebar/a_Admin' is clicked on

2023-03-06 13:00:13 - [MESSAGE][PASSED] - Object: 'Object Repository/Navigation Sidebar/a_Admin' is clicked on

2023-03-06 13:00:13 - [TEST_STEP][FAILED] - click(findTestObject("Admin Page/Job/li_Job")): Unable to click on object 'Object Repository/Admin Page/Job/li_Job' (Root cause: com.kms.katalon.core.exception.StepFailedException: Unable to click on object 'Object Repository/Admin Page/Job/li_Job'
	at com.kms.katalon.core.webui.keyword.internal.WebUIKeywordMain.stepFailed(WebUIKeywordMain.groovy:64)
	at com.kms.katalon.core.webui.keyword.internal.WebUIKeywordMain.runKeyword(WebUIKeywordMain.groovy:26)
	at com.kms.katalon.core.webui.keyword.builtin.ClickKeyword.click(ClickKeyword.groovy:74)
	at com.kms.katalon.core.webui.keyword.builtin.ClickKeyword.execute(ClickKeyword.groovy:40)
	at com.kms.katalon.core.keyword.internal.KeywordExecutor.executeKeywordForPlatform(KeywordExecutor.groovy:74)
	at com.kms.katalon.core.webui.keyword.WebUiBuiltInKeywords.click(WebUiBuiltInKeywords.groovy:620)
	at com.kms.katalon.core.webui.keyword.WebUiBuiltInKeywords$click$2.call(Unknown Source)
	at Add Category.run(Add Category:22)
	at com.kms.katalon.core.main.ScriptEngine.run(ScriptEngine.java:194)
	at com.kms.katalon.core.main.ScriptEngine.runScriptAsRawText(ScriptEngine.java:119)
	at com.kms.katalon.core.main.TestCaseExecutor.runScript(TestCaseExecutor.java:448)
	at com.kms.katalon.core.main.TestCaseExecutor.doExecute(TestCaseExecutor.java:439)
	at com.kms.katalon.core.main.TestCaseExecutor.processExecutionPhase(TestCaseExecutor.java:418)
	at com.kms.katalon.core.main.TestCaseExecutor.accessMainPhase(TestCaseExecutor.java:410)
	at com.kms.katalon.core.main.TestCaseExecutor.execute(TestCaseExecutor.java:285)
	at com.kms.katalon.core.common.CommonExecutor.accessTestCaseMainPhase(CommonExecutor.java:65)
	at com.kms.katalon.core.main.TestSuiteExecutor.accessTestSuiteMainPhase(TestSuiteExecutor.java:151)
	at com.kms.katalon.core.main.TestSuiteExecutor.execute(TestSuiteExecutor.java:106)
	at com.kms.katalon.core.main.TestCaseMain.startTestSuite(TestCaseMain.java:185)
	at com.kms.katalon.core.main.TestCaseMain$startTestSuite$0.call(Unknown Source)
	at TempTestSuite1678103785607.run(TempTestSuite1678103785607.groovy:36)
Caused by: com.kms.katalon.core.webui.exception.WebElementNotFoundException: Web element with id: 'Object Repository/Admin Page/Job/li_Job' located by '//div[@id='app']/div/div/header/div[2]/nav/ul/li[2]' not found
	at com.kms.katalon.core.webui.common.WebUiCommonHelper.findWebElement(WebUiCommonHelper.java:1370)
	at com.kms.katalon.core.webui.keyword.internal.WebUIAbstractKeyword.findWebElement(WebUIAbstractKeyword.groovy:27)
	at com.kms.katalon.core.webui.keyword.builtin.ClickKeyword$_click_closure1.doCall(ClickKeyword.groovy:65)
	at com.kms.katalon.core.webui.keyword.builtin.ClickKeyword$_click_closure1.call(ClickKeyword.groovy)
	at com.kms.katalon.core.webui.keyword.internal.WebUIKeywordMain.runKeyword(WebUIKeywordMain.groovy:20)
	at com.kms.katalon.core.webui.keyword.builtin.ClickKeyword.click(ClickKeyword.groovy:74)
	at com.kms.katalon.core.webui.keyword.builtin.ClickKeyword.execute(ClickKeyword.groovy:40)
	at com.kms.katalon.core.keyword.internal.KeywordExecutor.executeKeywordForPlatform(KeywordExecutor.groovy:74)
	at com.kms.katalon.core.webui.keyword.WebUiBuiltInKeywords.click(WebUiBuiltInKeywords.groovy:620)
	at com.kms.katalon.core.webui.keyword.WebUiBuiltInKeywords$click$2.call(Unknown Source)
	at Script1674681994790.run(Script1674681994790.groovy:22)
	... 13 more
)

2023-03-06 13:00:45 - [MESSAGE][INFO] - Unable to find the element located by 'By.xpath: //div[@id='app']/div/div/header/div[2]/nav/ul/li[2]'. Please recheck the objects properties to make sure the desired element is located. 

2023-03-06 13:00:45 - [MESSAGE][WARNING] - [SELF-HEALING] Failed to find element with id 'Object Repository/Admin Page/Job/li_Job'. Try using Self-healing.

2023-03-06 13:00:45 - [MESSAGE][INFO] - [SELF-HEALING] Failed Locator: '//div[@id='app']/div/div/header/div[2]/nav/ul/li[2]'.

2023-03-06 13:00:45 - [MESSAGE][INFO] - [SELF-HEALING] Failed Locator: '(.//*[normalize-space(text()) and normalize-space(.)='User Management'])[1]/following::li[1]'.

2023-03-06 13:00:45 - [MESSAGE][INFO] - [SELF-HEALING] Failed Locator: '(.//*[normalize-space(text()) and normalize-space(.)='Organization'])[1]/preceding::li[1]'.

2023-03-06 13:00:45 - [MESSAGE][INFO] - [SELF-HEALING] Failed Locator: '//nav/ul/li[2]'.

2023-03-06 13:00:45 - [MESSAGE][INFO] - [SELF-HEALING] Failed Locator: '//li[(text() = 'Job ' or . = 'Job ')]'.

2023-03-06 13:00:45 - [MESSAGE][INFO] - [SELF-HEALING] Failed Locator: '//div[@id='app']/div/div/header/div[2]/nav/ul/li[2]'.

2023-03-06 13:00:45 - [MESSAGE][INFO] - [SELF-HEALING] Failed Locator: '(.//*[normalize-space(text()) and normalize-space(.)='User Management'])[1]/following::li[1]'.

2023-03-06 13:00:45 - [MESSAGE][INFO] - [SELF-HEALING] Failed Locator: '(.//*[normalize-space(text()) and normalize-space(.)='Organization'])[1]/preceding::li[1]'.

2023-03-06 13:00:45 - [MESSAGE][INFO] - [SELF-HEALING] Failed Locator: '//nav/ul/li[2]'.

2023-03-06 13:00:45 - [MESSAGE][INFO] - [SELF-HEALING] Failed Locator: '//li[(text() = 'Job ' or . = 'Job ')]'.

2023-03-06 13:00:45 - [MESSAGE][INFO] - [SELF-HEALING] Failed Locator: '//div[@id='app']/div/div/header/div[2]/nav/ul/li[2]'.

2023-03-06 13:00:45 - [MESSAGE][INFO] - [SELF-HEALING] Failed Locator: '(.//*[normalize-space(text()) and normalize-space(.)='User Management'])[1]/following::li[1]'.

2023-03-06 13:00:46 - [MESSAGE][INFO] - [SELF-HEALING] Failed Locator: '(.//*[normalize-space(text()) and normalize-space(.)='Organization'])[1]/preceding::li[1]'.

2023-03-06 13:00:46 - [MESSAGE][INFO] - [SELF-HEALING] Failed Locator: '//nav/ul/li[2]'.

2023-03-06 13:00:46 - [MESSAGE][INFO] - [SELF-HEALING] Failed Locator: '//li[(text() = 'Job ' or . = 'Job ')]'.

2023-03-06 13:00:47 - [MESSAGE][INFO] - Unable to find the element located by 'By.xpath: //*[(text() = 'Job ' or . = 'Job ')]'. Please recheck the objects properties to make sure the desired element is located. 

2023-03-06 13:00:48 - [MESSAGE][INFO] - Unable to find the element located by 'By.cssSelector: '. Please recheck the objects properties to make sure the desired element is located. 

2023-03-06 13:00:48 - [MESSAGE][FAILED] - Unable to click on object 'Object Repository/Admin Page/Job/li_Job' (Root cause: com.kms.katalon.core.exception.StepFailedException: Unable to click on object 'Object Repository/Admin Page/Job/li_Job'
	at com.kms.katalon.core.webui.keyword.internal.WebUIKeywordMain.stepFailed(WebUIKeywordMain.groovy:64)
	at com.kms.katalon.core.webui.keyword.internal.WebUIKeywordMain.runKeyword(WebUIKeywordMain.groovy:26)
	at com.kms.katalon.core.webui.keyword.builtin.ClickKeyword.click(ClickKeyword.groovy:74)
	at com.kms.katalon.core.webui.keyword.builtin.ClickKeyword.execute(ClickKeyword.groovy:40)
	at com.kms.katalon.core.keyword.internal.KeywordExecutor.executeKeywordForPlatform(KeywordExecutor.groovy:74)
	at com.kms.katalon.core.webui.keyword.WebUiBuiltInKeywords.click(WebUiBuiltInKeywords.groovy:620)
	at com.kms.katalon.core.webui.keyword.WebUiBuiltInKeywords$click$2.call(Unknown Source)
	at Add Category.run(Add Category:22)
	at com.kms.katalon.core.main.ScriptEngine.run(ScriptEngine.java:194)
	at com.kms.katalon.core.main.ScriptEngine.runScriptAsRawText(ScriptEngine.java:119)
	at com.kms.katalon.core.main.TestCaseExecutor.runScript(TestCaseExecutor.java:448)
	at com.kms.katalon.core.main.TestCaseExecutor.doExecute(TestCaseExecutor.java:439)
	at com.kms.katalon.core.main.TestCaseExecutor.processExecutionPhase(TestCaseExecutor.java:418)
	at com.kms.katalon.core.main.TestCaseExecutor.accessMainPhase(TestCaseExecutor.java:410)
	at com.kms.katalon.core.main.TestCaseExecutor.execute(TestCaseExecutor.java:285)
	at com.kms.katalon.core.common.CommonExecutor.accessTestCaseMainPhase(CommonExecutor.java:65)
	at com.kms.katalon.core.main.TestSuiteExecutor.accessTestSuiteMainPhase(TestSuiteExecutor.java:151)
	at com.kms.katalon.core.main.TestSuiteExecutor.execute(TestSuiteExecutor.java:106)
	at com.kms.katalon.core.main.TestCaseMain.startTestSuite(TestCaseMain.java:185)
	at com.kms.katalon.core.main.TestCaseMain$startTestSuite$0.call(Unknown Source)
	at TempTestSuite1678103785607.run(TempTestSuite1678103785607.groovy:36)
Caused by: com.kms.katalon.core.webui.exception.WebElementNotFoundException: Web element with id: 'Object Repository/Admin Page/Job/li_Job' located by '//div[@id='app']/div/div/header/div[2]/nav/ul/li[2]' not found
	at com.kms.katalon.core.webui.common.WebUiCommonHelper.findWebElement(WebUiCommonHelper.java:1370)
	at com.kms.katalon.core.webui.keyword.internal.WebUIAbstractKeyword.findWebElement(WebUIAbstractKeyword.groovy:27)
	at com.kms.katalon.core.webui.keyword.builtin.ClickKeyword$_click_closure1.doCall(ClickKeyword.groovy:65)
	at com.kms.katalon.core.webui.keyword.builtin.ClickKeyword$_click_closure1.call(ClickKeyword.groovy)
	at com.kms.katalon.core.webui.keyword.internal.WebUIKeywordMain.runKeyword(WebUIKeywordMain.groovy:20)
	at com.kms.katalon.core.webui.keyword.builtin.ClickKeyword.click(ClickKeyword.groovy:74)
	at com.kms.katalon.core.webui.keyword.builtin.ClickKeyword.execute(ClickKeyword.groovy:40)
	at com.kms.katalon.core.keyword.internal.KeywordExecutor.executeKeywordForPlatform(KeywordExecutor.groovy:74)
	at com.kms.katalon.core.webui.keyword.WebUiBuiltInKeywords.click(WebUiBuiltInKeywords.groovy:620)
	at com.kms.katalon.core.webui.keyword.WebUiBuiltInKeywords$click$2.call(Unknown Source)
	at Script1674681994790.run(Script1674681994790.groovy:22)
	... 13 more
)
[[ATTACHMENT|C:\\Users\\PC\\Desktop\\Katalon Projects\\Orange Web Test Automation\\Reports\\20230306_125620\\Job Dropdown Suite\\20230306_125625\\1678104048233.png]]

2023-03-06 13:00:48 - [TEST_STEP][ERROR] - Start listener action : sampleAfterTestCase: groovy.lang.MissingPropertyException: No such property: printtestCaseContext for class: TestListener
	at TestListener.sampleAfterTestCase(TestListener.groovy:45)
	at TestListener.invokeMethod(TestListener.groovy)
	at com.kms.katalon.core.context.internal.TestHooker.invokeMethod(TestHooker.java:111)
	at com.kms.katalon.core.context.internal.TestHooker.lambda$3(TestHooker.java:95)
	at com.kms.katalon.core.context.internal.TestHooker.invokeContextMethods(TestHooker.java:94)
	at com.kms.katalon.core.context.internal.TestListenerCollector.lambda$3(TestListenerCollector.java:88)
	at com.kms.katalon.core.context.internal.TestListenerCollector.handleListenerEvent(TestListenerCollector.java:85)
	at com.kms.katalon.core.context.internal.ExecutionEventManager.publicEvent(ExecutionEventManager.java:36)
	at com.kms.katalon.core.main.TestCaseExecutor.execute(TestCaseExecutor.java:315)
	at com.kms.katalon.core.common.CommonExecutor.accessTestCaseMainPhase(CommonExecutor.java:65)
	at com.kms.katalon.core.main.TestSuiteExecutor.accessTestSuiteMainPhase(TestSuiteExecutor.java:151)
	at com.kms.katalon.core.main.TestSuiteExecutor.execute(TestSuiteExecutor.java:106)
	at com.kms.katalon.core.main.TestCaseMain.startTestSuite(TestCaseMain.java:185)
	at com.kms.katalon.core.main.TestCaseMain$startTestSuite$0.call(Unknown Source)
	at TempTestSuite1678103785607.run(TempTestSuite1678103785607.groovy:36)


2023-03-06 13:00:48 - [TEST_STEP][PASSED] - println(testCaseContext.getTestCaseId() + " - "): null

2023-03-06 13:00:48 - [TEST_STEP][ERROR] - println(printtestCaseContext.getTestCaseStatus()): groovy.lang.MissingPropertyException: No such property: printtestCaseContext for class: TestListener
	at TestListener.sampleAfterTestCase(TestListener.groovy:45)
	at TestListener.invokeMethod(TestListener.groovy)
	at com.kms.katalon.core.context.internal.TestHooker.invokeMethod(TestHooker.java:111)
	at com.kms.katalon.core.context.internal.TestHooker.lambda$3(TestHooker.java:95)
	at com.kms.katalon.core.context.internal.TestHooker.invokeContextMethods(TestHooker.java:94)
	at com.kms.katalon.core.context.internal.TestListenerCollector.lambda$3(TestListenerCollector.java:88)
	at com.kms.katalon.core.context.internal.TestListenerCollector.handleListenerEvent(TestListenerCollector.java:85)
	at com.kms.katalon.core.context.internal.ExecutionEventManager.publicEvent(ExecutionEventManager.java:36)
	at com.kms.katalon.core.main.TestCaseExecutor.execute(TestCaseExecutor.java:315)
	at com.kms.katalon.core.common.CommonExecutor.accessTestCaseMainPhase(CommonExecutor.java:65)
	at com.kms.katalon.core.main.TestSuiteExecutor.accessTestSuiteMainPhase(TestSuiteExecutor.java:151)
	at com.kms.katalon.core.main.TestSuiteExecutor.execute(TestSuiteExecutor.java:106)
	at com.kms.katalon.core.main.TestCaseMain.startTestSuite(TestCaseMain.java:185)
	at com.kms.katalon.core.main.TestCaseMain$startTestSuite$0.call(Unknown Source)
	at TempTestSuite1678103785607.run(TempTestSuite1678103785607.groovy:36)


2023-03-06 13:00:48 - [MESSAGE][ERROR] - groovy.lang.MissingPropertyException: No such property: printtestCaseContext for class: TestListener
	at TestListener.sampleAfterTestCase(TestListener.groovy:45)
	at TestListener.invokeMethod(TestListener.groovy)
	at com.kms.katalon.core.context.internal.TestHooker.invokeMethod(TestHooker.java:111)
	at com.kms.katalon.core.context.internal.TestHooker.lambda$3(TestHooker.java:95)
	at com.kms.katalon.core.context.internal.TestHooker.invokeContextMethods(TestHooker.java:94)
	at com.kms.katalon.core.context.internal.TestListenerCollector.lambda$3(TestListenerCollector.java:88)
	at com.kms.katalon.core.context.internal.TestListenerCollector.handleListenerEvent(TestListenerCollector.java:85)
	at com.kms.katalon.core.context.internal.ExecutionEventManager.publicEvent(ExecutionEventManager.java:36)
	at com.kms.katalon.core.main.TestCaseExecutor.execute(TestCaseExecutor.java:315)
	at com.kms.katalon.core.common.CommonExecutor.accessTestCaseMainPhase(CommonExecutor.java:65)
	at com.kms.katalon.core.main.TestSuiteExecutor.accessTestSuiteMainPhase(TestSuiteExecutor.java:151)
	at com.kms.katalon.core.main.TestSuiteExecutor.execute(TestSuiteExecutor.java:106)
	at com.kms.katalon.core.main.TestCaseMain.startTestSuite(TestCaseMain.java:185)
	at com.kms.katalon.core.main.TestCaseMain$startTestSuite$0.call(Unknown Source)
	at TempTestSuite1678103785607.run(TempTestSuite1678103785607.groovy:36)]]></system-out>
         <system-err><![CDATA[2023-03-06 12:59:57 - [TEST_CASE][FAILED] - Test Cases/Admin Page/Job/Job Categories/Add Category: Test Cases/Admin Page/Job/Job Categories/Add Category FAILED.
Reason:
com.kms.katalon.core.exception.StepFailedException: Unable to click on object 'Object Repository/Admin Page/Job/li_Job'
	at com.kms.katalon.core.webui.keyword.internal.WebUIKeywordMain.stepFailed(WebUIKeywordMain.groovy:64)
	at com.kms.katalon.core.webui.keyword.internal.WebUIKeywordMain.runKeyword(WebUIKeywordMain.groovy:26)
	at com.kms.katalon.core.webui.keyword.builtin.ClickKeyword.click(ClickKeyword.groovy:74)
	at com.kms.katalon.core.webui.keyword.builtin.ClickKeyword.execute(ClickKeyword.groovy:40)
	at com.kms.katalon.core.keyword.internal.KeywordExecutor.executeKeywordForPlatform(KeywordExecutor.groovy:74)
	at com.kms.katalon.core.webui.keyword.WebUiBuiltInKeywords.click(WebUiBuiltInKeywords.groovy:620)
	at com.kms.katalon.core.webui.keyword.WebUiBuiltInKeywords$click$2.call(Unknown Source)
	at Add Category.run(Add Category:22)
	at com.kms.katalon.core.main.ScriptEngine.run(ScriptEngine.java:194)
	at com.kms.katalon.core.main.ScriptEngine.runScriptAsRawText(ScriptEngine.java:119)
	at com.kms.katalon.core.main.TestCaseExecutor.runScript(TestCaseExecutor.java:448)
	at com.kms.katalon.core.main.TestCaseExecutor.doExecute(TestCaseExecutor.java:439)
	at com.kms.katalon.core.main.TestCaseExecutor.processExecutionPhase(TestCaseExecutor.java:418)
	at com.kms.katalon.core.main.TestCaseExecutor.accessMainPhase(TestCaseExecutor.java:410)
	at com.kms.katalon.core.main.TestCaseExecutor.execute(TestCaseExecutor.java:285)
	at com.kms.katalon.core.common.CommonExecutor.accessTestCaseMainPhase(CommonExecutor.java:65)
	at com.kms.katalon.core.main.TestSuiteExecutor.accessTestSuiteMainPhase(TestSuiteExecutor.java:151)
	at com.kms.katalon.core.main.TestSuiteExecutor.execute(TestSuiteExecutor.java:106)
	at com.kms.katalon.core.main.TestCaseMain.startTestSuite(TestCaseMain.java:185)
	at com.kms.katalon.core.main.TestCaseMain$startTestSuite$0.call(Unknown Source)
	at TempTestSuite1678103785607.run(TempTestSuite1678103785607.groovy:36)
Caused by: com.kms.katalon.core.webui.exception.WebElementNotFoundException: Web element with id: 'Object Repository/Admin Page/Job/li_Job' located by '//div[@id='app']/div/div/header/div[2]/nav/ul/li[2]' not found
	at com.kms.katalon.core.webui.common.WebUiCommonHelper.findWebElement(WebUiCommonHelper.java:1370)
	at com.kms.katalon.core.webui.keyword.internal.WebUIAbstractKeyword.findWebElement(WebUIAbstractKeyword.groovy:27)
	at com.kms.katalon.core.webui.keyword.builtin.ClickKeyword$_click_closure1.doCall(ClickKeyword.groovy:65)
	at com.kms.katalon.core.webui.keyword.builtin.ClickKeyword$_click_closure1.call(ClickKeyword.groovy)
	at com.kms.katalon.core.webui.keyword.internal.WebUIKeywordMain.runKeyword(WebUIKeywordMain.groovy:20)
	... 19 more]]></system-err>
      </testcase>
      <testcase name="Test Cases/Admin Page/Job/Job Categories/Edit Category" time="60.727" classname="Test Cases/Admin Page/Job/Job Categories/Edit Category" status="PASSED">
         <system-out><![CDATA[2023-03-06 13:00:48 - [TEST_CASE][PASSED] - Test Cases/Admin Page/Job/Job Categories/Edit Category: Test Cases/Admin Page/Job/Job Categories/Edit Category

2023-03-06 13:00:48 - [TEST_STEP][PASSED] - Start listener action : sampleBeforeTestCase: Current window maximized

2023-03-06 13:00:48 - [TEST_STEP][PASSED] - println(testCaseContext.getTestCaseId()): null

2023-03-06 13:00:48 - [TEST_STEP][PASSED] - println(testCaseContext.getTestCaseVariables()): null

2023-03-06 13:00:48 - [TEST_STEP][PASSED] - openBrowser(baseURL): Browser is opened with url: 'https://opensource-demo.orangehrmlive.com/web/index.php/auth/login'

2023-03-06 13:00:48 - [MESSAGE][WARNING] - A browser is already opened. Closing browser and opening a new one

2023-03-06 13:00:49 - [MESSAGE][INFO] - Starting 'Chrome' driver

2023-03-06 13:00:49 - [MESSAGE][INFO] - Action delay is set to 1,000 milliseconds

2023-03-06 13:00:53 - [MESSAGE][PASSED] - Browser is opened with url: 'https://opensource-demo.orangehrmlive.com/web/index.php/auth/login'

2023-03-06 13:00:53 - [TEST_STEP][PASSED] - maximizeWindow(): Current window maximized

2023-03-06 13:00:53 - [MESSAGE][PASSED] - Current window maximized

2023-03-06 13:00:53 - [TEST_STEP][PASSED] - Start setup action : setupTestCase: Method 'setupTestCase' complete successfully

2023-03-06 13:00:53 - [TEST_STEP][PASSED] - orange.keywords.userLogin(findTestObject("Login Page/textbox_Username"), username, findTestObject("Login Page/textbox_Password"), password, findTestObject("Login Page/button_Login")): orange.keywords.userLogin is PASSED

2023-03-06 13:00:59 - [MESSAGE][PASSED] - orange.keywords.userLogin is PASSED

2023-03-06 13:00:59 - [MESSAGE][PASSED] - Method 'setupTestCase' complete successfully

2023-03-06 13:01:00 - [TEST_STEP][PASSED] - click(findTestObject("Navigation Sidebar/a_Admin")): Object: 'Object Repository/Navigation Sidebar/a_Admin' is clicked on

2023-03-06 13:01:03 - [MESSAGE][PASSED] - Object: 'Object Repository/Navigation Sidebar/a_Admin' is clicked on

2023-03-06 13:01:03 - [TEST_STEP][PASSED] - click(findTestObject("Admin Page/Job/li_Job")): Object: 'Object Repository/Admin Page/Job/li_Job' is clicked on

2023-03-06 13:01:06 - [MESSAGE][PASSED] - Object: 'Object Repository/Admin Page/Job/li_Job' is clicked on

2023-03-06 13:01:06 - [TEST_STEP][PASSED] - click(findTestObject("Admin Page/Job/Job Categories/li_Job Categories")): Object: 'Object Repository/Admin Page/Job/Job Categories/li_Job Categories' is clicked on

2023-03-06 13:01:08 - [MESSAGE][PASSED] - Object: 'Object Repository/Admin Page/Job/Job Categories/li_Job Categories' is clicked on

2023-03-06 13:01:08 - [TEST_STEP][PASSED] - click(findTestObject("Admin Page/Job/Job Categories/button_Edit")): Object: 'Object Repository/Admin Page/Job/Job Categories/button_Edit' is clicked on

2023-03-06 13:01:39 - [MESSAGE][INFO] - Unable to find the element located by 'By.xpath: (.//*[normalize-space(text()) and normalize-space(.)='Automation Category'])[1]/following::button[2]'. Please recheck the objects properties to make sure the desired element is located. 

2023-03-06 13:01:39 - [MESSAGE][WARNING] - [SELF-HEALING] Failed to find element with id 'Object Repository/Admin Page/Job/Job Categories/button_Edit'. Try using Self-healing.

2023-03-06 13:01:39 - [MESSAGE][INFO] - [SELF-HEALING] Working Locator: '(//button[@type='button'])[4]'.

2023-03-06 13:01:39 - [MESSAGE][INFO] - [SELF-HEALING] Screenshot: C:/Users/PC/Desktop/Katalon Projects/Orange Web Test Automation/Reports/Self-healing/Object Repository/Admin Page/Job/Job Categories/button_Edit_attributes.png

2023-03-06 13:01:39 - [MESSAGE][WARNING] - [SELF-HEALING] The current locator of test object 'Object Repository/Admin Page/Job/Job Categories/button_Edit' was broken. Propose an alternative one: '(//button[@type='button'])[4]'.

2023-03-06 13:01:42 - [MESSAGE][PASSED] - Object: 'Object Repository/Admin Page/Job/Job Categories/button_Edit' is clicked on

2023-03-06 13:01:42 - [TEST_STEP][PASSED] - sendKeys(findTestObject("Admin Page/Qualifications/Skills/textbox_Username"), Keys.chord(CONTROL, "a")): Keys 'CONTROL + a' sent to object: 'Object Repository/Admin Page/Qualifications/Skills/textbox_Username'

2023-03-06 13:01:45 - [MESSAGE][PASSED] - Keys 'CONTROL + a' sent to object: 'Object Repository/Admin Page/Qualifications/Skills/textbox_Username'

2023-03-06 13:01:45 - [TEST_STEP][PASSED] - sendKeys(findTestObject("Admin Page/Qualifications/Skills/textbox_Username_selected"), edited_job_category): Keys 'Automation Category-Edited' sent to object: 'Object Repository/Admin Page/Qualifications/Skills/textbox_Username_selected'

2023-03-06 13:01:46 - [MESSAGE][PASSED] - Keys 'Automation Category-Edited' sent to object: 'Object Repository/Admin Page/Qualifications/Skills/textbox_Username_selected'

2023-03-06 13:01:46 - [TEST_STEP][PASSED] - click(findTestObject("Admin Page/Qualifications/Skills/button_Save")): Object: 'Object Repository/Admin Page/Qualifications/Skills/button_Save' is clicked on

2023-03-06 13:01:48 - [MESSAGE][PASSED] - Object: 'Object Repository/Admin Page/Qualifications/Skills/button_Save' is clicked on

2023-03-06 13:01:48 - [TEST_STEP][PASSED] - waitForElementPresent(findTestObject("Confirmation messages/message_SuccessSuccessfullyUpdated"), 10): Object 'Object Repository/Confirmation messages/message_SuccessSuccessfullyUpdated' is present

2023-03-06 13:01:49 - [MESSAGE][PASSED] - Object 'Object Repository/Confirmation messages/message_SuccessSuccessfullyUpdated' is present

2023-03-06 13:01:49 - [TEST_STEP][PASSED] - verifyElementPresent(findTestObject("Confirmation messages/message_SuccessSuccessfullyUpdated"), 10): Object 'Object Repository/Confirmation messages/message_SuccessSuccessfullyUpdated' is present

2023-03-06 13:01:49 - [MESSAGE][PASSED] - Object 'Object Repository/Confirmation messages/message_SuccessSuccessfullyUpdated' is present

2023-03-06 13:01:49 - [TEST_STEP][ERROR] - Start listener action : sampleAfterTestCase: groovy.lang.MissingPropertyException: No such property: printtestCaseContext for class: TestListener
	at TestListener.sampleAfterTestCase(TestListener.groovy:45)
	at TestListener.invokeMethod(TestListener.groovy)
	at com.kms.katalon.core.context.internal.TestHooker.invokeMethod(TestHooker.java:111)
	at com.kms.katalon.core.context.internal.TestHooker.lambda$3(TestHooker.java:95)
	at com.kms.katalon.core.context.internal.TestHooker.invokeContextMethods(TestHooker.java:94)
	at com.kms.katalon.core.context.internal.TestListenerCollector.lambda$3(TestListenerCollector.java:88)
	at com.kms.katalon.core.context.internal.TestListenerCollector.handleListenerEvent(TestListenerCollector.java:85)
	at com.kms.katalon.core.context.internal.ExecutionEventManager.publicEvent(ExecutionEventManager.java:36)
	at com.kms.katalon.core.main.TestCaseExecutor.execute(TestCaseExecutor.java:315)
	at com.kms.katalon.core.common.CommonExecutor.accessTestCaseMainPhase(CommonExecutor.java:65)
	at com.kms.katalon.core.main.TestSuiteExecutor.accessTestSuiteMainPhase(TestSuiteExecutor.java:151)
	at com.kms.katalon.core.main.TestSuiteExecutor.execute(TestSuiteExecutor.java:106)
	at com.kms.katalon.core.main.TestCaseMain.startTestSuite(TestCaseMain.java:185)
	at com.kms.katalon.core.main.TestCaseMain$startTestSuite$0.call(Unknown Source)
	at TempTestSuite1678103785607.run(TempTestSuite1678103785607.groovy:36)


2023-03-06 13:01:49 - [TEST_STEP][PASSED] - println(testCaseContext.getTestCaseId() + " - "): null

2023-03-06 13:01:49 - [TEST_STEP][ERROR] - println(printtestCaseContext.getTestCaseStatus()): groovy.lang.MissingPropertyException: No such property: printtestCaseContext for class: TestListener
	at TestListener.sampleAfterTestCase(TestListener.groovy:45)
	at TestListener.invokeMethod(TestListener.groovy)
	at com.kms.katalon.core.context.internal.TestHooker.invokeMethod(TestHooker.java:111)
	at com.kms.katalon.core.context.internal.TestHooker.lambda$3(TestHooker.java:95)
	at com.kms.katalon.core.context.internal.TestHooker.invokeContextMethods(TestHooker.java:94)
	at com.kms.katalon.core.context.internal.TestListenerCollector.lambda$3(TestListenerCollector.java:88)
	at com.kms.katalon.core.context.internal.TestListenerCollector.handleListenerEvent(TestListenerCollector.java:85)
	at com.kms.katalon.core.context.internal.ExecutionEventManager.publicEvent(ExecutionEventManager.java:36)
	at com.kms.katalon.core.main.TestCaseExecutor.execute(TestCaseExecutor.java:315)
	at com.kms.katalon.core.common.CommonExecutor.accessTestCaseMainPhase(CommonExecutor.java:65)
	at com.kms.katalon.core.main.TestSuiteExecutor.accessTestSuiteMainPhase(TestSuiteExecutor.java:151)
	at com.kms.katalon.core.main.TestSuiteExecutor.execute(TestSuiteExecutor.java:106)
	at com.kms.katalon.core.main.TestCaseMain.startTestSuite(TestCaseMain.java:185)
	at com.kms.katalon.core.main.TestCaseMain$startTestSuite$0.call(Unknown Source)
	at TempTestSuite1678103785607.run(TempTestSuite1678103785607.groovy:36)


2023-03-06 13:01:49 - [MESSAGE][ERROR] - groovy.lang.MissingPropertyException: No such property: printtestCaseContext for class: TestListener
	at TestListener.sampleAfterTestCase(TestListener.groovy:45)
	at TestListener.invokeMethod(TestListener.groovy)
	at com.kms.katalon.core.context.internal.TestHooker.invokeMethod(TestHooker.java:111)
	at com.kms.katalon.core.context.internal.TestHooker.lambda$3(TestHooker.java:95)
	at com.kms.katalon.core.context.internal.TestHooker.invokeContextMethods(TestHooker.java:94)
	at com.kms.katalon.core.context.internal.TestListenerCollector.lambda$3(TestListenerCollector.java:88)
	at com.kms.katalon.core.context.internal.TestListenerCollector.handleListenerEvent(TestListenerCollector.java:85)
	at com.kms.katalon.core.context.internal.ExecutionEventManager.publicEvent(ExecutionEventManager.java:36)
	at com.kms.katalon.core.main.TestCaseExecutor.execute(TestCaseExecutor.java:315)
	at com.kms.katalon.core.common.CommonExecutor.accessTestCaseMainPhase(CommonExecutor.java:65)
	at com.kms.katalon.core.main.TestSuiteExecutor.accessTestSuiteMainPhase(TestSuiteExecutor.java:151)
	at com.kms.katalon.core.main.TestSuiteExecutor.execute(TestSuiteExecutor.java:106)
	at com.kms.katalon.core.main.TestCaseMain.startTestSuite(TestCaseMain.java:185)
	at com.kms.katalon.core.main.TestCaseMain$startTestSuite$0.call(Unknown Source)
	at TempTestSuite1678103785607.run(TempTestSuite1678103785607.groovy:36)]]></system-out>
         <system-err><![CDATA[]]></system-err>
      </testcase>
      <testcase name="Test Cases/Admin Page/Job/Job Categories/Delete Category" time="24.652" classname="Test Cases/Admin Page/Job/Job Categories/Delete Category" status="PASSED">
         <system-out><![CDATA[2023-03-06 13:01:49 - [TEST_CASE][PASSED] - Test Cases/Admin Page/Job/Job Categories/Delete Category: Test Cases/Admin Page/Job/Job Categories/Delete Category

2023-03-06 13:01:49 - [TEST_STEP][PASSED] - Start listener action : sampleBeforeTestCase: Current window maximized

2023-03-06 13:01:49 - [TEST_STEP][PASSED] - println(testCaseContext.getTestCaseId()): null

2023-03-06 13:01:49 - [TEST_STEP][PASSED] - println(testCaseContext.getTestCaseVariables()): null

2023-03-06 13:01:49 - [TEST_STEP][PASSED] - openBrowser(baseURL): Browser is opened with url: 'https://opensource-demo.orangehrmlive.com/web/index.php/auth/login'

2023-03-06 13:01:49 - [MESSAGE][WARNING] - A browser is already opened. Closing browser and opening a new one

2023-03-06 13:01:50 - [MESSAGE][INFO] - Starting 'Chrome' driver

2023-03-06 13:01:50 - [MESSAGE][INFO] - Action delay is set to 1,000 milliseconds

2023-03-06 13:01:54 - [MESSAGE][PASSED] - Browser is opened with url: 'https://opensource-demo.orangehrmlive.com/web/index.php/auth/login'

2023-03-06 13:01:54 - [TEST_STEP][PASSED] - maximizeWindow(): Current window maximized

2023-03-06 13:01:54 - [MESSAGE][PASSED] - Current window maximized

2023-03-06 13:01:54 - [TEST_STEP][PASSED] - Start setup action : setupTestCase: Method 'setupTestCase' complete successfully

2023-03-06 13:01:54 - [TEST_STEP][PASSED] - orange.keywords.userLogin(findTestObject("Login Page/textbox_Username"), username, findTestObject("Login Page/textbox_Password"), password, findTestObject("Login Page/button_Login")): orange.keywords.userLogin is PASSED

2023-03-06 13:02:00 - [MESSAGE][PASSED] - orange.keywords.userLogin is PASSED

2023-03-06 13:02:00 - [MESSAGE][PASSED] - Method 'setupTestCase' complete successfully

2023-03-06 13:02:01 - [TEST_STEP][PASSED] - click(findTestObject("Navigation Sidebar/a_Admin")): Object: 'Object Repository/Navigation Sidebar/a_Admin' is clicked on

2023-03-06 13:02:04 - [MESSAGE][PASSED] - Object: 'Object Repository/Navigation Sidebar/a_Admin' is clicked on

2023-03-06 13:02:04 - [TEST_STEP][PASSED] - click(findTestObject("Admin Page/Job/li_Job")): Object: 'Object Repository/Admin Page/Job/li_Job' is clicked on

2023-03-06 13:02:07 - [MESSAGE][PASSED] - Object: 'Object Repository/Admin Page/Job/li_Job' is clicked on

2023-03-06 13:02:07 - [TEST_STEP][PASSED] - click(findTestObject("Admin Page/Job/Job Categories/li_Job Categories")): Object: 'Object Repository/Admin Page/Job/Job Categories/li_Job Categories' is clicked on

2023-03-06 13:02:09 - [MESSAGE][PASSED] - Object: 'Object Repository/Admin Page/Job/Job Categories/li_Job Categories' is clicked on

2023-03-06 13:02:09 - [TEST_STEP][PASSED] - click(findTestObject("Admin Page/Job/Job Categories/button_Delete")): Object: 'Object Repository/Admin Page/Job/Job Categories/button_Delete' is clicked on

2023-03-06 13:02:11 - [MESSAGE][PASSED] - Object: 'Object Repository/Admin Page/Job/Job Categories/button_Delete' is clicked on

2023-03-06 13:02:11 - [TEST_STEP][PASSED] - click(findTestObject("Admin Page/Qualifications/Languages/button_Yes, Delete")): Object: 'Object Repository/Admin Page/Qualifications/Languages/button_Yes, Delete' is clicked on

2023-03-06 13:02:13 - [MESSAGE][PASSED] - Object: 'Object Repository/Admin Page/Qualifications/Languages/button_Yes, Delete' is clicked on

2023-03-06 13:02:13 - [TEST_STEP][PASSED] - waitForElementPresent(findTestObject("Confirmation messages/message_SuccessSuccessfullyDeleted"), 10): Object 'Object Repository/Confirmation messages/message_SuccessSuccessfullyDeleted' is present

2023-03-06 13:02:13 - [MESSAGE][PASSED] - Object 'Object Repository/Confirmation messages/message_SuccessSuccessfullyDeleted' is present

2023-03-06 13:02:13 - [TEST_STEP][PASSED] - verifyElementPresent(findTestObject("Confirmation messages/message_SuccessSuccessfullyDeleted"), 10): Object 'Object Repository/Confirmation messages/message_SuccessSuccessfullyDeleted' is present

2023-03-06 13:02:14 - [MESSAGE][PASSED] - Object 'Object Repository/Confirmation messages/message_SuccessSuccessfullyDeleted' is present

2023-03-06 13:02:14 - [TEST_STEP][ERROR] - Start listener action : sampleAfterTestCase: groovy.lang.MissingPropertyException: No such property: printtestCaseContext for class: TestListener
	at TestListener.sampleAfterTestCase(TestListener.groovy:45)
	at TestListener.invokeMethod(TestListener.groovy)
	at com.kms.katalon.core.context.internal.TestHooker.invokeMethod(TestHooker.java:111)
	at com.kms.katalon.core.context.internal.TestHooker.lambda$3(TestHooker.java:95)
	at com.kms.katalon.core.context.internal.TestHooker.invokeContextMethods(TestHooker.java:94)
	at com.kms.katalon.core.context.internal.TestListenerCollector.lambda$3(TestListenerCollector.java:88)
	at com.kms.katalon.core.context.internal.TestListenerCollector.handleListenerEvent(TestListenerCollector.java:85)
	at com.kms.katalon.core.context.internal.ExecutionEventManager.publicEvent(ExecutionEventManager.java:36)
	at com.kms.katalon.core.main.TestCaseExecutor.execute(TestCaseExecutor.java:315)
	at com.kms.katalon.core.common.CommonExecutor.accessTestCaseMainPhase(CommonExecutor.java:65)
	at com.kms.katalon.core.main.TestSuiteExecutor.accessTestSuiteMainPhase(TestSuiteExecutor.java:151)
	at com.kms.katalon.core.main.TestSuiteExecutor.execute(TestSuiteExecutor.java:106)
	at com.kms.katalon.core.main.TestCaseMain.startTestSuite(TestCaseMain.java:185)
	at com.kms.katalon.core.main.TestCaseMain$startTestSuite$0.call(Unknown Source)
	at TempTestSuite1678103785607.run(TempTestSuite1678103785607.groovy:36)


2023-03-06 13:02:14 - [TEST_STEP][PASSED] - println(testCaseContext.getTestCaseId() + " - "): null

2023-03-06 13:02:14 - [TEST_STEP][ERROR] - println(printtestCaseContext.getTestCaseStatus()): groovy.lang.MissingPropertyException: No such property: printtestCaseContext for class: TestListener
	at TestListener.sampleAfterTestCase(TestListener.groovy:45)
	at TestListener.invokeMethod(TestListener.groovy)
	at com.kms.katalon.core.context.internal.TestHooker.invokeMethod(TestHooker.java:111)
	at com.kms.katalon.core.context.internal.TestHooker.lambda$3(TestHooker.java:95)
	at com.kms.katalon.core.context.internal.TestHooker.invokeContextMethods(TestHooker.java:94)
	at com.kms.katalon.core.context.internal.TestListenerCollector.lambda$3(TestListenerCollector.java:88)
	at com.kms.katalon.core.context.internal.TestListenerCollector.handleListenerEvent(TestListenerCollector.java:85)
	at com.kms.katalon.core.context.internal.ExecutionEventManager.publicEvent(ExecutionEventManager.java:36)
	at com.kms.katalon.core.main.TestCaseExecutor.execute(TestCaseExecutor.java:315)
	at com.kms.katalon.core.common.CommonExecutor.accessTestCaseMainPhase(CommonExecutor.java:65)
	at com.kms.katalon.core.main.TestSuiteExecutor.accessTestSuiteMainPhase(TestSuiteExecutor.java:151)
	at com.kms.katalon.core.main.TestSuiteExecutor.execute(TestSuiteExecutor.java:106)
	at com.kms.katalon.core.main.TestCaseMain.startTestSuite(TestCaseMain.java:185)
	at com.kms.katalon.core.main.TestCaseMain$startTestSuite$0.call(Unknown Source)
	at TempTestSuite1678103785607.run(TempTestSuite1678103785607.groovy:36)


2023-03-06 13:02:14 - [MESSAGE][ERROR] - groovy.lang.MissingPropertyException: No such property: printtestCaseContext for class: TestListener
	at TestListener.sampleAfterTestCase(TestListener.groovy:45)
	at TestListener.invokeMethod(TestListener.groovy)
	at com.kms.katalon.core.context.internal.TestHooker.invokeMethod(TestHooker.java:111)
	at com.kms.katalon.core.context.internal.TestHooker.lambda$3(TestHooker.java:95)
	at com.kms.katalon.core.context.internal.TestHooker.invokeContextMethods(TestHooker.java:94)
	at com.kms.katalon.core.context.internal.TestListenerCollector.lambda$3(TestListenerCollector.java:88)
	at com.kms.katalon.core.context.internal.TestListenerCollector.handleListenerEvent(TestListenerCollector.java:85)
	at com.kms.katalon.core.context.internal.ExecutionEventManager.publicEvent(ExecutionEventManager.java:36)
	at com.kms.katalon.core.main.TestCaseExecutor.execute(TestCaseExecutor.java:315)
	at com.kms.katalon.core.common.CommonExecutor.accessTestCaseMainPhase(CommonExecutor.java:65)
	at com.kms.katalon.core.main.TestSuiteExecutor.accessTestSuiteMainPhase(TestSuiteExecutor.java:151)
	at com.kms.katalon.core.main.TestSuiteExecutor.execute(TestSuiteExecutor.java:106)
	at com.kms.katalon.core.main.TestCaseMain.startTestSuite(TestCaseMain.java:185)
	at com.kms.katalon.core.main.TestCaseMain$startTestSuite$0.call(Unknown Source)
	at TempTestSuite1678103785607.run(TempTestSuite1678103785607.groovy:36)]]></system-out>
         <system-err><![CDATA[]]></system-err>
      </testcase>
      <system-out><![CDATA[2023-03-06 12:58:19 - [TEST_SUITE][FAILED] - Job Dropdown Suite: Test Cases/Admin Page/Job/Job Categories/Add Category FAILED.
Reason:
com.kms.katalon.core.exception.StepFailedException: Unable to click on object 'Object Repository/Admin Page/Job/li_Job'
	at com.kms.katalon.core.webui.keyword.internal.WebUIKeywordMain.stepFailed(WebUIKeywordMain.groovy:64)
	at com.kms.katalon.core.webui.keyword.internal.WebUIKeywordMain.runKeyword(WebUIKeywordMain.groovy:26)
	at com.kms.katalon.core.webui.keyword.builtin.ClickKeyword.click(ClickKeyword.groovy:74)
	at com.kms.katalon.core.webui.keyword.builtin.ClickKeyword.execute(ClickKeyword.groovy:40)
	at com.kms.katalon.core.keyword.internal.KeywordExecutor.executeKeywordForPlatform(KeywordExecutor.groovy:74)
	at com.kms.katalon.core.webui.keyword.WebUiBuiltInKeywords.click(WebUiBuiltInKeywords.groovy:620)
	at com.kms.katalon.core.webui.keyword.WebUiBuiltInKeywords$click$2.call(Unknown Source)
	at Add Category.run(Add Category:22)
	at com.kms.katalon.core.main.ScriptEngine.run(ScriptEngine.java:194)
	at com.kms.katalon.core.main.ScriptEngine.runScriptAsRawText(ScriptEngine.java:119)
	at com.kms.katalon.core.main.TestCaseExecutor.runScript(TestCaseExecutor.java:448)
	at com.kms.katalon.core.main.TestCaseExecutor.doExecute(TestCaseExecutor.java:439)
	at com.kms.katalon.core.main.TestCaseExecutor.processExecutionPhase(TestCaseExecutor.java:418)
	at com.kms.katalon.core.main.TestCaseExecutor.accessMainPhase(TestCaseExecutor.java:410)
	at com.kms.katalon.core.main.TestCaseExecutor.execute(TestCaseExecutor.java:285)
	at com.kms.katalon.core.common.CommonExecutor.accessTestCaseMainPhase(CommonExecutor.java:65)
	at com.kms.katalon.core.main.TestSuiteExecutor.accessTestSuiteMainPhase(TestSuiteExecutor.java:151)
	at com.kms.katalon.core.main.TestSuiteExecutor.execute(TestSuiteExecutor.java:106)
	at com.kms.katalon.core.main.TestCaseMain.startTestSuite(TestCaseMain.java:185)
	at com.kms.katalon.core.main.TestCaseMain$startTestSuite$0.call(Unknown Source)
	at TempTestSuite1678103785607.run(TempTestSuite1678103785607.groovy:36)
Caused by: com.kms.katalon.core.webui.exception.WebElementNotFoundException: Web element with id: 'Object Repository/Admin Page/Job/li_Job' located by '//div[@id='app']/div/div/header/div[2]/nav/ul/li[2]' not found
	at com.kms.katalon.core.webui.common.WebUiCommonHelper.findWebElement(WebUiCommonHelper.java:1370)
	at com.kms.katalon.core.webui.keyword.internal.WebUIAbstractKeyword.findWebElement(WebUIAbstractKeyword.groovy:27)
	at com.kms.katalon.core.webui.keyword.builtin.ClickKeyword$_click_closure1.doCall(ClickKeyword.groovy:65)
	at com.kms.katalon.core.webui.keyword.builtin.ClickKeyword$_click_closure1.call(ClickKeyword.groovy)
	at com.kms.katalon.core.webui.keyword.internal.WebUIKeywordMain.runKeyword(WebUIKeywordMain.groovy:20)
	... 19 more]]></system-out>
      <system-err><![CDATA[2023-03-06 12:58:19 - [TEST_SUITE][FAILED] - Job Dropdown Suite: Test Cases/Admin Page/Job/Job Categories/Add Category FAILED.
Reason:
com.kms.katalon.core.exception.StepFailedException: Unable to click on object 'Object Repository/Admin Page/Job/li_Job'
	at com.kms.katalon.core.webui.keyword.internal.WebUIKeywordMain.stepFailed(WebUIKeywordMain.groovy:64)
	at com.kms.katalon.core.webui.keyword.internal.WebUIKeywordMain.runKeyword(WebUIKeywordMain.groovy:26)
	at com.kms.katalon.core.webui.keyword.builtin.ClickKeyword.click(ClickKeyword.groovy:74)
	at com.kms.katalon.core.webui.keyword.builtin.ClickKeyword.execute(ClickKeyword.groovy:40)
	at com.kms.katalon.core.keyword.internal.KeywordExecutor.executeKeywordForPlatform(KeywordExecutor.groovy:74)
	at com.kms.katalon.core.webui.keyword.WebUiBuiltInKeywords.click(WebUiBuiltInKeywords.groovy:620)
	at com.kms.katalon.core.webui.keyword.WebUiBuiltInKeywords$click$2.call(Unknown Source)
	at Add Category.run(Add Category:22)
	at com.kms.katalon.core.main.ScriptEngine.run(ScriptEngine.java:194)
	at com.kms.katalon.core.main.ScriptEngine.runScriptAsRawText(ScriptEngine.java:119)
	at com.kms.katalon.core.main.TestCaseExecutor.runScript(TestCaseExecutor.java:448)
	at com.kms.katalon.core.main.TestCaseExecutor.doExecute(TestCaseExecutor.java:439)
	at com.kms.katalon.core.main.TestCaseExecutor.processExecutionPhase(TestCaseExecutor.java:418)
	at com.kms.katalon.core.main.TestCaseExecutor.accessMainPhase(TestCaseExecutor.java:410)
	at com.kms.katalon.core.main.TestCaseExecutor.execute(TestCaseExecutor.java:285)
	at com.kms.katalon.core.common.CommonExecutor.accessTestCaseMainPhase(CommonExecutor.java:65)
	at com.kms.katalon.core.main.TestSuiteExecutor.accessTestSuiteMainPhase(TestSuiteExecutor.java:151)
	at com.kms.katalon.core.main.TestSuiteExecutor.execute(TestSuiteExecutor.java:106)
	at com.kms.katalon.core.main.TestCaseMain.startTestSuite(TestCaseMain.java:185)
	at com.kms.katalon.core.main.TestCaseMain$startTestSuite$0.call(Unknown Source)
	at TempTestSuite1678103785607.run(TempTestSuite1678103785607.groovy:36)
Caused by: com.kms.katalon.core.webui.exception.WebElementNotFoundException: Web element with id: 'Object Repository/Admin Page/Job/li_Job' located by '//div[@id='app']/div/div/header/div[2]/nav/ul/li[2]' not found
	at com.kms.katalon.core.webui.common.WebUiCommonHelper.findWebElement(WebUiCommonHelper.java:1370)
	at com.kms.katalon.core.webui.keyword.internal.WebUIAbstractKeyword.findWebElement(WebUIAbstractKeyword.groovy:27)
	at com.kms.katalon.core.webui.keyword.builtin.ClickKeyword$_click_closure1.doCall(ClickKeyword.groovy:65)
	at com.kms.katalon.core.webui.keyword.builtin.ClickKeyword$_click_closure1.call(ClickKeyword.groovy)
	at com.kms.katalon.core.webui.keyword.internal.WebUIKeywordMain.runKeyword(WebUIKeywordMain.groovy:20)
	... 19 more]]></system-err>
   </testsuite>
   <testsuite name="Nationalities Suite" tests="3" failures="0" errors="0" time="81.345" skipped="0" timestamp="2023-03-06 12:58:29" hostname="PC - host.docker.internal" id="Test Suites/Nationalities Suite">
      <properties>
         <property name="deviceName" value=""/>
         <property name="devicePlatform" value=""/>
         <property name="logFolder" value="C:\\Users\\PC\\Desktop\\Katalon Projects\\Orange Web Test Automation\\Reports\\20230306_125620\\Nationalities Suite\\20230306_125627"/>
         <property name="logFiles" value="C:\\Users\\PC\\Desktop\\Katalon Projects\\Orange Web Test Automation\\Reports\\20230306_125620\\Nationalities Suite\\20230306_125627\\execution0.log"/>
         <property name="attachments" value=""/>
         <property name="hostName" value="PC - host.docker.internal"/>
         <property name="os" value="Windows 10 64bit"/>
         <property name="katalonVersion" value="8.5.5.208"/>
         <property name="browser" value="Chrome 110.0.0.0"/>
         <property name="hostAddress" value="192.168.0.23"/>
         <property name="sessionId" value="713b0cf1d391e8b075629e238d4ac25f"/>
         <property name="seleniumVersion" value="3.141.59"/>
         <property name="proxyInformation" value="ProxyInformation { proxyOption=NO_PROXY, proxyServerType=HTTP, username=milanguzina84@gmail.com, password=********, proxyServerAddress=127.0.1, proxyServerPort=12701, executionList=&quot;&quot;, isApplyToDesiredCapabilities=false }"/>
         <property name="platform" value="Windows 10"/>
      </properties>
      <testcase name="Test Cases/Admin Page/Nationalities/Add Nationality" time="29.276" classname="Test Cases/Admin Page/Nationalities/Add Nationality" status="PASSED">
         <system-out><![CDATA[2023-03-06 12:58:29 - [TEST_CASE][PASSED] - Test Cases/Admin Page/Nationalities/Add Nationality: Test Cases/Admin Page/Nationalities/Add Nationality

2023-03-06 12:58:29 - [TEST_STEP][PASSED] - Start listener action : sampleBeforeTestCase: Current window maximized

2023-03-06 12:58:29 - [TEST_STEP][PASSED] - println(testCaseContext.getTestCaseId()): null

2023-03-06 12:58:29 - [TEST_STEP][PASSED] - println(testCaseContext.getTestCaseVariables()): null

2023-03-06 12:58:29 - [TEST_STEP][PASSED] - openBrowser(baseURL): Browser is opened with url: 'https://opensource-demo.orangehrmlive.com/web/index.php/auth/login'

2023-03-06 12:58:30 - [MESSAGE][INFO] - Starting 'Chrome' driver

2023-03-06 12:58:30 - [MESSAGE][INFO] - Action delay is set to 1,000 milliseconds

2023-03-06 12:58:36 - [MESSAGE][PASSED] - Browser is opened with url: 'https://opensource-demo.orangehrmlive.com/web/index.php/auth/login'

2023-03-06 12:58:36 - [TEST_STEP][PASSED] - maximizeWindow(): Current window maximized

2023-03-06 12:58:36 - [MESSAGE][PASSED] - Current window maximized

2023-03-06 12:58:36 - [TEST_STEP][PASSED] - Start setup action : setupTestCase: Method 'setupTestCase' complete successfully

2023-03-06 12:58:37 - [TEST_STEP][PASSED] - orange.keywords.userLogin(findTestObject("Login Page/textbox_Username"), username, findTestObject("Login Page/textbox_Password"), password, findTestObject("Login Page/button_Login")): orange.keywords.userLogin is PASSED

2023-03-06 12:58:43 - [MESSAGE][PASSED] - orange.keywords.userLogin is PASSED

2023-03-06 12:58:43 - [MESSAGE][PASSED] - Method 'setupTestCase' complete successfully

2023-03-06 12:58:45 - [TEST_STEP][PASSED] - click(findTestObject("Navigation Sidebar/a_Admin")): Object: 'Object Repository/Navigation Sidebar/a_Admin' is clicked on

2023-03-06 12:58:48 - [MESSAGE][PASSED] - Object: 'Object Repository/Navigation Sidebar/a_Admin' is clicked on

2023-03-06 12:58:48 - [TEST_STEP][PASSED] - click(findTestObject("Admin Page/Nationalities/li_Nationalities")): Object: 'Object Repository/Admin Page/Nationalities/li_Nationalities' is clicked on

2023-03-06 12:58:50 - [MESSAGE][PASSED] - Object: 'Object Repository/Admin Page/Nationalities/li_Nationalities' is clicked on

2023-03-06 12:58:50 - [TEST_STEP][PASSED] - click(findTestObject("Admin Page/Nationalities/button_Add")): Object: 'Object Repository/Admin Page/Nationalities/button_Add' is clicked on

2023-03-06 12:58:53 - [MESSAGE][PASSED] - Object: 'Object Repository/Admin Page/Nationalities/button_Add' is clicked on

2023-03-06 12:58:53 - [TEST_STEP][PASSED] - sendKeys(findTestObject("Admin Page/Qualifications/Skills/textbox_Username"), nationality): Keys 'Afgan-Automation' sent to object: 'Object Repository/Admin Page/Qualifications/Skills/textbox_Username'

2023-03-06 12:58:55 - [MESSAGE][PASSED] - Keys 'Afgan-Automation' sent to object: 'Object Repository/Admin Page/Qualifications/Skills/textbox_Username'

2023-03-06 12:58:55 - [TEST_STEP][PASSED] - click(findTestObject("Admin Page/Nationalities/button_Save")): Object: 'Object Repository/Admin Page/Nationalities/button_Save' is clicked on

2023-03-06 12:58:57 - [MESSAGE][PASSED] - Object: 'Object Repository/Admin Page/Nationalities/button_Save' is clicked on

2023-03-06 12:58:57 - [TEST_STEP][PASSED] - verifyElementPresent(findTestObject("Confirmation messages/message_SuccessSuccessfullySaved"), 10): Object 'Object Repository/Confirmation messages/message_SuccessSuccessfullySaved' is present

2023-03-06 12:58:58 - [MESSAGE][PASSED] - Object 'Object Repository/Confirmation messages/message_SuccessSuccessfullySaved' is present

2023-03-06 12:58:58 - [TEST_STEP][PASSED] - waitForElementPresent(findTestObject("Confirmation messages/message_SuccessSuccessfullySaved"), 10): Object 'Object Repository/Confirmation messages/message_SuccessSuccessfullySaved' is present

2023-03-06 12:58:58 - [MESSAGE][PASSED] - Object 'Object Repository/Confirmation messages/message_SuccessSuccessfullySaved' is present

2023-03-06 12:58:58 - [TEST_STEP][ERROR] - Start listener action : sampleAfterTestCase: groovy.lang.MissingPropertyException: No such property: printtestCaseContext for class: TestListener
	at TestListener.sampleAfterTestCase(TestListener.groovy:45)
	at TestListener.invokeMethod(TestListener.groovy)
	at com.kms.katalon.core.context.internal.TestHooker.invokeMethod(TestHooker.java:111)
	at com.kms.katalon.core.context.internal.TestHooker.lambda$3(TestHooker.java:95)
	at com.kms.katalon.core.context.internal.TestHooker.invokeContextMethods(TestHooker.java:94)
	at com.kms.katalon.core.context.internal.TestListenerCollector.lambda$3(TestListenerCollector.java:88)
	at com.kms.katalon.core.context.internal.TestListenerCollector.handleListenerEvent(TestListenerCollector.java:85)
	at com.kms.katalon.core.context.internal.ExecutionEventManager.publicEvent(ExecutionEventManager.java:36)
	at com.kms.katalon.core.main.TestCaseExecutor.execute(TestCaseExecutor.java:315)
	at com.kms.katalon.core.common.CommonExecutor.accessTestCaseMainPhase(CommonExecutor.java:65)
	at com.kms.katalon.core.main.TestSuiteExecutor.accessTestSuiteMainPhase(TestSuiteExecutor.java:151)
	at com.kms.katalon.core.main.TestSuiteExecutor.execute(TestSuiteExecutor.java:106)
	at com.kms.katalon.core.main.TestCaseMain.startTestSuite(TestCaseMain.java:185)
	at com.kms.katalon.core.main.TestCaseMain$startTestSuite$0.call(Unknown Source)
	at TempTestSuite1678103787485.run(TempTestSuite1678103787485.groovy:36)


2023-03-06 12:58:58 - [TEST_STEP][PASSED] - println(testCaseContext.getTestCaseId() + " - "): null

2023-03-06 12:58:58 - [TEST_STEP][ERROR] - println(printtestCaseContext.getTestCaseStatus()): groovy.lang.MissingPropertyException: No such property: printtestCaseContext for class: TestListener
	at TestListener.sampleAfterTestCase(TestListener.groovy:45)
	at TestListener.invokeMethod(TestListener.groovy)
	at com.kms.katalon.core.context.internal.TestHooker.invokeMethod(TestHooker.java:111)
	at com.kms.katalon.core.context.internal.TestHooker.lambda$3(TestHooker.java:95)
	at com.kms.katalon.core.context.internal.TestHooker.invokeContextMethods(TestHooker.java:94)
	at com.kms.katalon.core.context.internal.TestListenerCollector.lambda$3(TestListenerCollector.java:88)
	at com.kms.katalon.core.context.internal.TestListenerCollector.handleListenerEvent(TestListenerCollector.java:85)
	at com.kms.katalon.core.context.internal.ExecutionEventManager.publicEvent(ExecutionEventManager.java:36)
	at com.kms.katalon.core.main.TestCaseExecutor.execute(TestCaseExecutor.java:315)
	at com.kms.katalon.core.common.CommonExecutor.accessTestCaseMainPhase(CommonExecutor.java:65)
	at com.kms.katalon.core.main.TestSuiteExecutor.accessTestSuiteMainPhase(TestSuiteExecutor.java:151)
	at com.kms.katalon.core.main.TestSuiteExecutor.execute(TestSuiteExecutor.java:106)
	at com.kms.katalon.core.main.TestCaseMain.startTestSuite(TestCaseMain.java:185)
	at com.kms.katalon.core.main.TestCaseMain$startTestSuite$0.call(Unknown Source)
	at TempTestSuite1678103787485.run(TempTestSuite1678103787485.groovy:36)


2023-03-06 12:58:58 - [MESSAGE][ERROR] - groovy.lang.MissingPropertyException: No such property: printtestCaseContext for class: TestListener
	at TestListener.sampleAfterTestCase(TestListener.groovy:45)
	at TestListener.invokeMethod(TestListener.groovy)
	at com.kms.katalon.core.context.internal.TestHooker.invokeMethod(TestHooker.java:111)
	at com.kms.katalon.core.context.internal.TestHooker.lambda$3(TestHooker.java:95)
	at com.kms.katalon.core.context.internal.TestHooker.invokeContextMethods(TestHooker.java:94)
	at com.kms.katalon.core.context.internal.TestListenerCollector.lambda$3(TestListenerCollector.java:88)
	at com.kms.katalon.core.context.internal.TestListenerCollector.handleListenerEvent(TestListenerCollector.java:85)
	at com.kms.katalon.core.context.internal.ExecutionEventManager.publicEvent(ExecutionEventManager.java:36)
	at com.kms.katalon.core.main.TestCaseExecutor.execute(TestCaseExecutor.java:315)
	at com.kms.katalon.core.common.CommonExecutor.accessTestCaseMainPhase(CommonExecutor.java:65)
	at com.kms.katalon.core.main.TestSuiteExecutor.accessTestSuiteMainPhase(TestSuiteExecutor.java:151)
	at com.kms.katalon.core.main.TestSuiteExecutor.execute(TestSuiteExecutor.java:106)
	at com.kms.katalon.core.main.TestCaseMain.startTestSuite(TestCaseMain.java:185)
	at com.kms.katalon.core.main.TestCaseMain$startTestSuite$0.call(Unknown Source)
	at TempTestSuite1678103787485.run(TempTestSuite1678103787485.groovy:36)]]></system-out>
         <system-err><![CDATA[]]></system-err>
      </testcase>
      <testcase name="Test Cases/Admin Page/Nationalities/Edit Nationality" time="28.042" classname="Test Cases/Admin Page/Nationalities/Edit Nationality" status="PASSED">
         <system-out><![CDATA[2023-03-06 12:58:58 - [TEST_CASE][PASSED] - Test Cases/Admin Page/Nationalities/Edit Nationality: Test Cases/Admin Page/Nationalities/Edit Nationality

2023-03-06 12:58:58 - [TEST_STEP][PASSED] - Start listener action : sampleBeforeTestCase: Current window maximized

2023-03-06 12:58:58 - [TEST_STEP][PASSED] - println(testCaseContext.getTestCaseId()): null

2023-03-06 12:58:58 - [TEST_STEP][PASSED] - println(testCaseContext.getTestCaseVariables()): null

2023-03-06 12:58:58 - [TEST_STEP][PASSED] - openBrowser(baseURL): Browser is opened with url: 'https://opensource-demo.orangehrmlive.com/web/index.php/auth/login'

2023-03-06 12:58:58 - [MESSAGE][WARNING] - A browser is already opened. Closing browser and opening a new one

2023-03-06 12:58:59 - [MESSAGE][INFO] - Starting 'Chrome' driver

2023-03-06 12:58:59 - [MESSAGE][INFO] - Action delay is set to 1,000 milliseconds

2023-03-06 12:59:03 - [MESSAGE][PASSED] - Browser is opened with url: 'https://opensource-demo.orangehrmlive.com/web/index.php/auth/login'

2023-03-06 12:59:03 - [TEST_STEP][PASSED] - maximizeWindow(): Current window maximized

2023-03-06 12:59:03 - [MESSAGE][PASSED] - Current window maximized

2023-03-06 12:59:03 - [TEST_STEP][PASSED] - Start setup action : setupTestCase: Method 'setupTestCase' complete successfully

2023-03-06 12:59:03 - [TEST_STEP][PASSED] - orange.keywords.userLogin(findTestObject("Login Page/textbox_Username"), username, findTestObject("Login Page/textbox_Password"), password, findTestObject("Login Page/button_Login")): orange.keywords.userLogin is PASSED

2023-03-06 12:59:09 - [MESSAGE][PASSED] - orange.keywords.userLogin is PASSED

2023-03-06 12:59:09 - [MESSAGE][PASSED] - Method 'setupTestCase' complete successfully

2023-03-06 12:59:11 - [TEST_STEP][PASSED] - click(findTestObject("Navigation Sidebar/a_Admin")): Object: 'Object Repository/Navigation Sidebar/a_Admin' is clicked on

2023-03-06 12:59:13 - [MESSAGE][PASSED] - Object: 'Object Repository/Navigation Sidebar/a_Admin' is clicked on

2023-03-06 12:59:13 - [TEST_STEP][PASSED] - click(findTestObject("Admin Page/Nationalities/li_Nationalities")): Object: 'Object Repository/Admin Page/Nationalities/li_Nationalities' is clicked on

2023-03-06 12:59:16 - [MESSAGE][PASSED] - Object: 'Object Repository/Admin Page/Nationalities/li_Nationalities' is clicked on

2023-03-06 12:59:16 - [TEST_STEP][PASSED] - click(findTestObject("Admin Page/Nationalities/button_Edit")): Object: 'Object Repository/Admin Page/Nationalities/button_Edit' is clicked on

2023-03-06 12:59:19 - [MESSAGE][PASSED] - Object: 'Object Repository/Admin Page/Nationalities/button_Edit' is clicked on

2023-03-06 12:59:19 - [TEST_STEP][PASSED] - sendKeys(findTestObject("Admin Page/Qualifications/Skills/textbox_Username"), Keys.chord(CONTROL, "a")): Keys 'CONTROL + a' sent to object: 'Object Repository/Admin Page/Qualifications/Skills/textbox_Username'

2023-03-06 12:59:22 - [MESSAGE][PASSED] - Keys 'CONTROL + a' sent to object: 'Object Repository/Admin Page/Qualifications/Skills/textbox_Username'

2023-03-06 12:59:22 - [TEST_STEP][PASSED] - sendKeys(findTestObject("Admin Page/Qualifications/Skills/textbox_Username_selected"), edited_nationality): Keys 'Austrian-Automation' sent to object: 'Object Repository/Admin Page/Qualifications/Skills/textbox_Username_selected'

2023-03-06 12:59:23 - [MESSAGE][PASSED] - Keys 'Austrian-Automation' sent to object: 'Object Repository/Admin Page/Qualifications/Skills/textbox_Username_selected'

2023-03-06 12:59:23 - [TEST_STEP][PASSED] - click(findTestObject("Admin Page/Qualifications/Skills/button_Save")): Object: 'Object Repository/Admin Page/Qualifications/Skills/button_Save' is clicked on

2023-03-06 12:59:25 - [MESSAGE][PASSED] - Object: 'Object Repository/Admin Page/Qualifications/Skills/button_Save' is clicked on

2023-03-06 12:59:25 - [TEST_STEP][PASSED] - waitForElementPresent(findTestObject("Confirmation messages/message_SuccessSuccessfullyUpdated"), 10): Object 'Object Repository/Confirmation messages/message_SuccessSuccessfullyUpdated' is present

2023-03-06 12:59:26 - [MESSAGE][PASSED] - Object 'Object Repository/Confirmation messages/message_SuccessSuccessfullyUpdated' is present

2023-03-06 12:59:26 - [TEST_STEP][PASSED] - verifyElementPresent(findTestObject("Confirmation messages/message_SuccessSuccessfullyUpdated"), 10): Object 'Object Repository/Confirmation messages/message_SuccessSuccessfullyUpdated' is present

2023-03-06 12:59:26 - [MESSAGE][PASSED] - Object 'Object Repository/Confirmation messages/message_SuccessSuccessfullyUpdated' is present

2023-03-06 12:59:26 - [TEST_STEP][ERROR] - Start listener action : sampleAfterTestCase: groovy.lang.MissingPropertyException: No such property: printtestCaseContext for class: TestListener
	at TestListener.sampleAfterTestCase(TestListener.groovy:45)
	at TestListener.invokeMethod(TestListener.groovy)
	at com.kms.katalon.core.context.internal.TestHooker.invokeMethod(TestHooker.java:111)
	at com.kms.katalon.core.context.internal.TestHooker.lambda$3(TestHooker.java:95)
	at com.kms.katalon.core.context.internal.TestHooker.invokeContextMethods(TestHooker.java:94)
	at com.kms.katalon.core.context.internal.TestListenerCollector.lambda$3(TestListenerCollector.java:88)
	at com.kms.katalon.core.context.internal.TestListenerCollector.handleListenerEvent(TestListenerCollector.java:85)
	at com.kms.katalon.core.context.internal.ExecutionEventManager.publicEvent(ExecutionEventManager.java:36)
	at com.kms.katalon.core.main.TestCaseExecutor.execute(TestCaseExecutor.java:315)
	at com.kms.katalon.core.common.CommonExecutor.accessTestCaseMainPhase(CommonExecutor.java:65)
	at com.kms.katalon.core.main.TestSuiteExecutor.accessTestSuiteMainPhase(TestSuiteExecutor.java:151)
	at com.kms.katalon.core.main.TestSuiteExecutor.execute(TestSuiteExecutor.java:106)
	at com.kms.katalon.core.main.TestCaseMain.startTestSuite(TestCaseMain.java:185)
	at com.kms.katalon.core.main.TestCaseMain$startTestSuite$0.call(Unknown Source)
	at TempTestSuite1678103787485.run(TempTestSuite1678103787485.groovy:36)


2023-03-06 12:59:26 - [TEST_STEP][PASSED] - println(testCaseContext.getTestCaseId() + " - "): null

2023-03-06 12:59:26 - [TEST_STEP][ERROR] - println(printtestCaseContext.getTestCaseStatus()): groovy.lang.MissingPropertyException: No such property: printtestCaseContext for class: TestListener
	at TestListener.sampleAfterTestCase(TestListener.groovy:45)
	at TestListener.invokeMethod(TestListener.groovy)
	at com.kms.katalon.core.context.internal.TestHooker.invokeMethod(TestHooker.java:111)
	at com.kms.katalon.core.context.internal.TestHooker.lambda$3(TestHooker.java:95)
	at com.kms.katalon.core.context.internal.TestHooker.invokeContextMethods(TestHooker.java:94)
	at com.kms.katalon.core.context.internal.TestListenerCollector.lambda$3(TestListenerCollector.java:88)
	at com.kms.katalon.core.context.internal.TestListenerCollector.handleListenerEvent(TestListenerCollector.java:85)
	at com.kms.katalon.core.context.internal.ExecutionEventManager.publicEvent(ExecutionEventManager.java:36)
	at com.kms.katalon.core.main.TestCaseExecutor.execute(TestCaseExecutor.java:315)
	at com.kms.katalon.core.common.CommonExecutor.accessTestCaseMainPhase(CommonExecutor.java:65)
	at com.kms.katalon.core.main.TestSuiteExecutor.accessTestSuiteMainPhase(TestSuiteExecutor.java:151)
	at com.kms.katalon.core.main.TestSuiteExecutor.execute(TestSuiteExecutor.java:106)
	at com.kms.katalon.core.main.TestCaseMain.startTestSuite(TestCaseMain.java:185)
	at com.kms.katalon.core.main.TestCaseMain$startTestSuite$0.call(Unknown Source)
	at TempTestSuite1678103787485.run(TempTestSuite1678103787485.groovy:36)


2023-03-06 12:59:26 - [MESSAGE][ERROR] - groovy.lang.MissingPropertyException: No such property: printtestCaseContext for class: TestListener
	at TestListener.sampleAfterTestCase(TestListener.groovy:45)
	at TestListener.invokeMethod(TestListener.groovy)
	at com.kms.katalon.core.context.internal.TestHooker.invokeMethod(TestHooker.java:111)
	at com.kms.katalon.core.context.internal.TestHooker.lambda$3(TestHooker.java:95)
	at com.kms.katalon.core.context.internal.TestHooker.invokeContextMethods(TestHooker.java:94)
	at com.kms.katalon.core.context.internal.TestListenerCollector.lambda$3(TestListenerCollector.java:88)
	at com.kms.katalon.core.context.internal.TestListenerCollector.handleListenerEvent(TestListenerCollector.java:85)
	at com.kms.katalon.core.context.internal.ExecutionEventManager.publicEvent(ExecutionEventManager.java:36)
	at com.kms.katalon.core.main.TestCaseExecutor.execute(TestCaseExecutor.java:315)
	at com.kms.katalon.core.common.CommonExecutor.accessTestCaseMainPhase(CommonExecutor.java:65)
	at com.kms.katalon.core.main.TestSuiteExecutor.accessTestSuiteMainPhase(TestSuiteExecutor.java:151)
	at com.kms.katalon.core.main.TestSuiteExecutor.execute(TestSuiteExecutor.java:106)
	at com.kms.katalon.core.main.TestCaseMain.startTestSuite(TestCaseMain.java:185)
	at com.kms.katalon.core.main.TestCaseMain$startTestSuite$0.call(Unknown Source)
	at TempTestSuite1678103787485.run(TempTestSuite1678103787485.groovy:36)]]></system-out>
         <system-err><![CDATA[]]></system-err>
      </testcase>
      <testcase name="Test Cases/Admin Page/Nationalities/Delete Nationality" time="23.543" classname="Test Cases/Admin Page/Nationalities/Delete Nationality" status="PASSED">
         <system-out><![CDATA[2023-03-06 12:59:26 - [TEST_CASE][PASSED] - Test Cases/Admin Page/Nationalities/Delete Nationality: Test Cases/Admin Page/Nationalities/Delete Nationality

2023-03-06 12:59:26 - [TEST_STEP][PASSED] - Start listener action : sampleBeforeTestCase: Current window maximized

2023-03-06 12:59:26 - [TEST_STEP][PASSED] - println(testCaseContext.getTestCaseId()): null

2023-03-06 12:59:26 - [TEST_STEP][PASSED] - println(testCaseContext.getTestCaseVariables()): null

2023-03-06 12:59:26 - [TEST_STEP][PASSED] - openBrowser(baseURL): Browser is opened with url: 'https://opensource-demo.orangehrmlive.com/web/index.php/auth/login'

2023-03-06 12:59:27 - [MESSAGE][WARNING] - A browser is already opened. Closing browser and opening a new one

2023-03-06 12:59:27 - [MESSAGE][INFO] - Starting 'Chrome' driver

2023-03-06 12:59:27 - [MESSAGE][INFO] - Action delay is set to 1,000 milliseconds

2023-03-06 12:59:31 - [MESSAGE][PASSED] - Browser is opened with url: 'https://opensource-demo.orangehrmlive.com/web/index.php/auth/login'

2023-03-06 12:59:31 - [TEST_STEP][PASSED] - maximizeWindow(): Current window maximized

2023-03-06 12:59:32 - [MESSAGE][PASSED] - Current window maximized

2023-03-06 12:59:32 - [TEST_STEP][PASSED] - Start setup action : setupTestCase: Method 'setupTestCase' complete successfully

2023-03-06 12:59:32 - [TEST_STEP][PASSED] - orange.keywords.userLogin(findTestObject("Login Page/textbox_Username"), username, findTestObject("Login Page/textbox_Password"), password, findTestObject("Login Page/button_Login")): orange.keywords.userLogin is PASSED

2023-03-06 12:59:38 - [MESSAGE][PASSED] - orange.keywords.userLogin is PASSED

2023-03-06 12:59:38 - [MESSAGE][PASSED] - Method 'setupTestCase' complete successfully

2023-03-06 12:59:39 - [TEST_STEP][PASSED] - click(findTestObject("Navigation Sidebar/a_Admin")): Object: 'Object Repository/Navigation Sidebar/a_Admin' is clicked on

2023-03-06 12:59:42 - [MESSAGE][PASSED] - Object: 'Object Repository/Navigation Sidebar/a_Admin' is clicked on

2023-03-06 12:59:42 - [TEST_STEP][PASSED] - click(findTestObject("Admin Page/Nationalities/li_Nationalities")): Object: 'Object Repository/Admin Page/Nationalities/li_Nationalities' is clicked on

2023-03-06 12:59:45 - [MESSAGE][PASSED] - Object: 'Object Repository/Admin Page/Nationalities/li_Nationalities' is clicked on

2023-03-06 12:59:45 - [TEST_STEP][PASSED] - click(findTestObject("Admin Page/Nationalities/button_Delete")): Object: 'Object Repository/Admin Page/Nationalities/button_Delete' is clicked on

2023-03-06 12:59:47 - [MESSAGE][PASSED] - Object: 'Object Repository/Admin Page/Nationalities/button_Delete' is clicked on

2023-03-06 12:59:47 - [TEST_STEP][PASSED] - click(findTestObject("Admin Page/Qualifications/Languages/button_Yes, Delete")): Object: 'Object Repository/Admin Page/Qualifications/Languages/button_Yes, Delete' is clicked on

2023-03-06 12:59:49 - [MESSAGE][PASSED] - Object: 'Object Repository/Admin Page/Qualifications/Languages/button_Yes, Delete' is clicked on

2023-03-06 12:59:49 - [TEST_STEP][PASSED] - waitForElementPresent(findTestObject("Confirmation messages/message_SuccessSuccessfullyDeleted"), 10): Object 'Object Repository/Confirmation messages/message_SuccessSuccessfullyDeleted' is present

2023-03-06 12:59:49 - [MESSAGE][PASSED] - Object 'Object Repository/Confirmation messages/message_SuccessSuccessfullyDeleted' is present

2023-03-06 12:59:49 - [TEST_STEP][PASSED] - verifyElementPresent(findTestObject("Confirmation messages/message_SuccessSuccessfullyDeleted"), 10): Object 'Object Repository/Confirmation messages/message_SuccessSuccessfullyDeleted' is present

2023-03-06 12:59:50 - [MESSAGE][PASSED] - Object 'Object Repository/Confirmation messages/message_SuccessSuccessfullyDeleted' is present

2023-03-06 12:59:50 - [TEST_STEP][ERROR] - Start listener action : sampleAfterTestCase: groovy.lang.MissingPropertyException: No such property: printtestCaseContext for class: TestListener
	at TestListener.sampleAfterTestCase(TestListener.groovy:45)
	at TestListener.invokeMethod(TestListener.groovy)
	at com.kms.katalon.core.context.internal.TestHooker.invokeMethod(TestHooker.java:111)
	at com.kms.katalon.core.context.internal.TestHooker.lambda$3(TestHooker.java:95)
	at com.kms.katalon.core.context.internal.TestHooker.invokeContextMethods(TestHooker.java:94)
	at com.kms.katalon.core.context.internal.TestListenerCollector.lambda$3(TestListenerCollector.java:88)
	at com.kms.katalon.core.context.internal.TestListenerCollector.handleListenerEvent(TestListenerCollector.java:85)
	at com.kms.katalon.core.context.internal.ExecutionEventManager.publicEvent(ExecutionEventManager.java:36)
	at com.kms.katalon.core.main.TestCaseExecutor.execute(TestCaseExecutor.java:315)
	at com.kms.katalon.core.common.CommonExecutor.accessTestCaseMainPhase(CommonExecutor.java:65)
	at com.kms.katalon.core.main.TestSuiteExecutor.accessTestSuiteMainPhase(TestSuiteExecutor.java:151)
	at com.kms.katalon.core.main.TestSuiteExecutor.execute(TestSuiteExecutor.java:106)
	at com.kms.katalon.core.main.TestCaseMain.startTestSuite(TestCaseMain.java:185)
	at com.kms.katalon.core.main.TestCaseMain$startTestSuite$0.call(Unknown Source)
	at TempTestSuite1678103787485.run(TempTestSuite1678103787485.groovy:36)


2023-03-06 12:59:50 - [TEST_STEP][PASSED] - println(testCaseContext.getTestCaseId() + " - "): null

2023-03-06 12:59:50 - [TEST_STEP][ERROR] - println(printtestCaseContext.getTestCaseStatus()): groovy.lang.MissingPropertyException: No such property: printtestCaseContext for class: TestListener
	at TestListener.sampleAfterTestCase(TestListener.groovy:45)
	at TestListener.invokeMethod(TestListener.groovy)
	at com.kms.katalon.core.context.internal.TestHooker.invokeMethod(TestHooker.java:111)
	at com.kms.katalon.core.context.internal.TestHooker.lambda$3(TestHooker.java:95)
	at com.kms.katalon.core.context.internal.TestHooker.invokeContextMethods(TestHooker.java:94)
	at com.kms.katalon.core.context.internal.TestListenerCollector.lambda$3(TestListenerCollector.java:88)
	at com.kms.katalon.core.context.internal.TestListenerCollector.handleListenerEvent(TestListenerCollector.java:85)
	at com.kms.katalon.core.context.internal.ExecutionEventManager.publicEvent(ExecutionEventManager.java:36)
	at com.kms.katalon.core.main.TestCaseExecutor.execute(TestCaseExecutor.java:315)
	at com.kms.katalon.core.common.CommonExecutor.accessTestCaseMainPhase(CommonExecutor.java:65)
	at com.kms.katalon.core.main.TestSuiteExecutor.accessTestSuiteMainPhase(TestSuiteExecutor.java:151)
	at com.kms.katalon.core.main.TestSuiteExecutor.execute(TestSuiteExecutor.java:106)
	at com.kms.katalon.core.main.TestCaseMain.startTestSuite(TestCaseMain.java:185)
	at com.kms.katalon.core.main.TestCaseMain$startTestSuite$0.call(Unknown Source)
	at TempTestSuite1678103787485.run(TempTestSuite1678103787485.groovy:36)


2023-03-06 12:59:50 - [MESSAGE][ERROR] - groovy.lang.MissingPropertyException: No such property: printtestCaseContext for class: TestListener
	at TestListener.sampleAfterTestCase(TestListener.groovy:45)
	at TestListener.invokeMethod(TestListener.groovy)
	at com.kms.katalon.core.context.internal.TestHooker.invokeMethod(TestHooker.java:111)
	at com.kms.katalon.core.context.internal.TestHooker.lambda$3(TestHooker.java:95)
	at com.kms.katalon.core.context.internal.TestHooker.invokeContextMethods(TestHooker.java:94)
	at com.kms.katalon.core.context.internal.TestListenerCollector.lambda$3(TestListenerCollector.java:88)
	at com.kms.katalon.core.context.internal.TestListenerCollector.handleListenerEvent(TestListenerCollector.java:85)
	at com.kms.katalon.core.context.internal.ExecutionEventManager.publicEvent(ExecutionEventManager.java:36)
	at com.kms.katalon.core.main.TestCaseExecutor.execute(TestCaseExecutor.java:315)
	at com.kms.katalon.core.common.CommonExecutor.accessTestCaseMainPhase(CommonExecutor.java:65)
	at com.kms.katalon.core.main.TestSuiteExecutor.accessTestSuiteMainPhase(TestSuiteExecutor.java:151)
	at com.kms.katalon.core.main.TestSuiteExecutor.execute(TestSuiteExecutor.java:106)
	at com.kms.katalon.core.main.TestCaseMain.startTestSuite(TestCaseMain.java:185)
	at com.kms.katalon.core.main.TestCaseMain$startTestSuite$0.call(Unknown Source)
	at TempTestSuite1678103787485.run(TempTestSuite1678103787485.groovy:36)]]></system-out>
         <system-err><![CDATA[]]></system-err>
      </testcase>
      <system-out><![CDATA[2023-03-06 12:58:29 - [TEST_SUITE][PASSED] - Nationalities Suite: Test Cases/Admin Page/Nationalities/Delete Nationality]]></system-out>
      <system-err><![CDATA[]]></system-err>
   </testsuite>
   <testsuite name="Recruitment Suite" tests="2" failures="0" errors="2" time="358.057" skipped="0" timestamp="2023-03-06 13:00:10" hostname="PC - host.docker.internal" id="Test Suites/Recruitment Suite">
      <properties>
         <property name="deviceName" value=""/>
         <property name="devicePlatform" value=""/>
         <property name="logFolder" value="C:\\Users\\PC\\Desktop\\Katalon Projects\\Orange Web Test Automation\\Reports\\20230306_125620\\Recruitment Suite\\20230306_125629"/>
         <property name="logFiles" value="C:\\Users\\PC\\Desktop\\Katalon Projects\\Orange Web Test Automation\\Reports\\20230306_125620\\Recruitment Suite\\20230306_125629\\execution0.log"/>
         <property name="attachments" value="C:\\Users\\PC\\Desktop\\Katalon Projects\\Orange Web Test Automation\\Reports\\20230306_125620\\Recruitment Suite\\20230306_125629\\1678104176971.png, C:\\Users\\PC\\Desktop\\Katalon Projects\\Orange Web Test Automation\\Reports\\20230306_125620\\Recruitment Suite\\20230306_125629\\1678104299076.png"/>
         <property name="hostName" value="PC - host.docker.internal"/>
         <property name="os" value="Windows 10 64bit"/>
         <property name="katalonVersion" value="8.5.5.208"/>
         <property name="browser" value="Chrome 110.0.0.0"/>
         <property name="hostAddress" value="192.168.0.23"/>
         <property name="sessionId" value="51e2f2afdb5d13c4801cc526b9dd794d"/>
         <property name="seleniumVersion" value="3.141.59"/>
         <property name="proxyInformation" value="ProxyInformation { proxyOption=NO_PROXY, proxyServerType=HTTP, username=milanguzina84@gmail.com, password=********, proxyServerAddress=127.0.1, proxyServerPort=12701, executionList=&quot;&quot;, isApplyToDesiredCapabilities=false }"/>
         <property name="platform" value="Windows 10"/>
      </properties>
      <testcase name="Test Cases/Recruitment page/Candidates/Edit Candidate" time="4.977" classname="Test Cases/Recruitment page/Candidates/Edit Candidate" status="ERROR">
         <error type="ERROR" message="org.openqa.selenium.NoSuchWindowException: no such window: target window already closed
from unknown error: web view not found
  (Session info: chrome=110.0.5481.178)
Build info: version: '3.141.59', revision: 'e82be7d358', time: '2018-11-14T08:25:53'
System info: host: 'DESKTOP-BHVHH8C', ip: '192.168.0.23', os.name: 'Windows 10', os.arch: 'amd64', os.version: '10.0', java.version: '1.8.0_282'
Driver info: com.kms.katalon.selenium.driver.CChromeDriver
Capabilities {acceptInsecureCerts: false, browserName: chrome, browserVersion: 110.0.5481.178, chrome: {chromedriverVersion: 110.0.5481.77 (65ed616c6e8e..., userDataDir: C:\Users\PC\AppData\Local\T...}, goog:chromeOptions: {debuggerAddress: localhost:61370}, javascriptEnabled: true, networkConnectionEnabled: false, pageLoadStrategy: normal, platform: WINDOWS, platformName: WINDOWS, proxy: Proxy(), setWindowRect: true, strictFileInteractability: false, timeouts: {implicit: 0, pageLoad: 300000, script: 30000}, unhandledPromptBehavior: dismiss and notify, webauthn:extension:credBlob: true, webauthn:extension:largeBlob: true, webauthn:virtualAuthenticators: true}
Session ID: 668e407b8eaea975a05de7b714d25b4a
*** Element info: {Using=xpath, value=//input[@name='username']}
	at org.openqa.selenium.remote.http.W3CHttpResponseCodec.createException(W3CHttpResponseCodec.java:187)
	at org.openqa.selenium.remote.http.W3CHttpResponseCodec.decode(W3CHttpResponseCodec.java:122)
	at org.openqa.selenium.remote.http.W3CHttpResponseCodec.decode(W3CHttpResponseCodec.java:49)
	at org.openqa.selenium.remote.HttpCommandExecutor.execute(HttpCommandExecutor.java:158)
	at org.openqa.selenium.remote.service.DriverCommandExecutor.execute(DriverCommandExecutor.java:83)
	at org.openqa.selenium.remote.RemoteWebDriver.execute(RemoteWebDriver.java:552)
	at com.kms.katalon.selenium.driver.CChromeDriver.execute(CChromeDriver.java:19)
	at org.openqa.selenium.remote.RemoteWebDriver.findElements(RemoteWebDriver.java:353)
	at org.openqa.selenium.remote.RemoteWebDriver.findElementsByXPath(RemoteWebDriver.java:432)
	at org.openqa.selenium.By$ByXPath.findElements(By.java:348)
	at org.openqa.selenium.remote.RemoteWebDriver.findElements(RemoteWebDriver.java:311)
	at org.openqa.selenium.support.events.EventFiringWebDriver.lambda$new$1(EventFiringWebDriver.java:105)
	at com.sun.proxy.$Proxy12.findElements(Unknown Source)
	at org.openqa.selenium.support.events.EventFiringWebDriver.findElements(EventFiringWebDriver.java:182)
	at com.kms.katalon.core.webui.common.WebUiCommonHelper.findElementByNormalMethods(WebUiCommonHelper.java:1016)
	at com.kms.katalon.core.webui.common.WebUiCommonHelper.findElementsBySelectedMethod(WebUiCommonHelper.java:911)
	at com.kms.katalon.core.webui.common.WebUiCommonHelper.findElementsBySelectedMethod(WebUiCommonHelper.java:894)
	at com.kms.katalon.core.webui.common.WebUiCommonHelper.findElementsBySelectedMethod(WebUiCommonHelper.java:889)
	at com.kms.katalon.core.webui.common.WebUiCommonHelper.findElementsByDefault(WebUiCommonHelper.java:885)
	at com.kms.katalon.core.webui.common.WebUiCommonHelper.findElementsWithSelfHealing(WebUiCommonHelper.java:733)
	at com.kms.katalon.core.webui.common.WebUiCommonHelper.findWebElements(WebUiCommonHelper.java:718)
	at com.kms.katalon.core.webui.common.WebUiCommonHelper.findWebElement(WebUiCommonHelper.java:1365)
	at com.kms.katalon.core.webui.keyword.internal.WebUIAbstractKeyword.findWebElement(WebUIAbstractKeyword.groovy:27)
	at com.kms.katalon.core.webui.keyword.WebUiBuiltInKeywords.findWebElement(WebUiBuiltInKeywords.groovy:2842)
	at com.kms.katalon.core.webui.keyword.WebUiBuiltInKeywords.findWebElement(WebUiBuiltInKeywords.groovy:2841)
	at com.kms.katalon.core.webui.keyword.WebUiBuiltInKeywords$findWebElement$1.call(Unknown Source)
	at orange.keywords.userLogin(keywords.groovy:87)
	at orange.keywords.invokeMethod(keywords.groovy)
	at com.kms.katalon.core.main.CustomKeywordDelegatingMetaClass.invokeStaticMethod(CustomKeywordDelegatingMetaClass.java:55)
	at Recruitment_Suite.setupTestCase(Recruitment%20Suite.groovy:53)
	at com.kms.katalon.core.main.ScriptEngine.runScriptMethodAsRawText(ScriptEngine.java:133)
	at com.kms.katalon.core.main.TestSuiteExecutor.runMethod(TestSuiteExecutor.java:226)
	at com.kms.katalon.core.main.TestSuiteExecutor.lambda$0(TestSuiteExecutor.java:205)
	at com.kms.katalon.core.main.TestSuiteExecutor.invokeTestSuiteMethod(TestSuiteExecutor.java:204)
	at com.kms.katalon.core.main.TestSuiteExecutor.invokeEachTestCaseMethod(TestSuiteExecutor.java:188)
	at com.kms.katalon.core.main.TestCaseExecutor.invokeTestSuiteMethod(TestCaseExecutor.java:381)
	at com.kms.katalon.core.main.TestCaseExecutor.execute(TestCaseExecutor.java:276)
	at com.kms.katalon.core.main.TestCaseExecutor.execute(TestCaseExecutor.java:369)
	at com.kms.katalon.core.main.TestCaseExecutor.execute(TestCaseExecutor.java:369)
	at com.kms.katalon.core.main.TestCaseExecutor.execute(TestCaseExecutor.java:369)
	at com.kms.katalon.core.common.CommonExecutor.accessTestCaseMainPhase(CommonExecutor.java:65)
	at com.kms.katalon.core.main.TestSuiteExecutor.accessTestSuiteMainPhase(TestSuiteExecutor.java:151)
	at com.kms.katalon.core.main.TestSuiteExecutor.execute(TestSuiteExecutor.java:106)
	at com.kms.katalon.core.main.TestCaseMain.startTestSuite(TestCaseMain.java:185)
	at com.kms.katalon.core.main.TestCaseMain$startTestSuite$0.call(Unknown Source)
	at TempTestSuite1678103789391.run(TempTestSuite1678103789391.groovy:36)
"/>
         <system-out><![CDATA[2023-03-06 13:05:56 - [TEST_CASE][ERROR] - Test Cases/Recruitment page/Candidates/Edit Candidate: org.openqa.selenium.NoSuchWindowException: no such window: target window already closed
from unknown error: web view not found
  (Session info: chrome=110.0.5481.178)
Build info: version: '3.141.59', revision: 'e82be7d358', time: '2018-11-14T08:25:53'
System info: host: 'DESKTOP-BHVHH8C', ip: '192.168.0.23', os.name: 'Windows 10', os.arch: 'amd64', os.version: '10.0', java.version: '1.8.0_282'
Driver info: com.kms.katalon.selenium.driver.CChromeDriver
Capabilities {acceptInsecureCerts: false, browserName: chrome, browserVersion: 110.0.5481.178, chrome: {chromedriverVersion: 110.0.5481.77 (65ed616c6e8e..., userDataDir: C:\Users\PC\AppData\Local\T...}, goog:chromeOptions: {debuggerAddress: localhost:61370}, javascriptEnabled: true, networkConnectionEnabled: false, pageLoadStrategy: normal, platform: WINDOWS, platformName: WINDOWS, proxy: Proxy(), setWindowRect: true, strictFileInteractability: false, timeouts: {implicit: 0, pageLoad: 300000, script: 30000}, unhandledPromptBehavior: dismiss and notify, webauthn:extension:credBlob: true, webauthn:extension:largeBlob: true, webauthn:virtualAuthenticators: true}
Session ID: 668e407b8eaea975a05de7b714d25b4a
*** Element info: {Using=xpath, value=//input[@name='username']}
	at org.openqa.selenium.remote.http.W3CHttpResponseCodec.createException(W3CHttpResponseCodec.java:187)
	at org.openqa.selenium.remote.http.W3CHttpResponseCodec.decode(W3CHttpResponseCodec.java:122)
	at org.openqa.selenium.remote.http.W3CHttpResponseCodec.decode(W3CHttpResponseCodec.java:49)
	at org.openqa.selenium.remote.HttpCommandExecutor.execute(HttpCommandExecutor.java:158)
	at org.openqa.selenium.remote.service.DriverCommandExecutor.execute(DriverCommandExecutor.java:83)
	at org.openqa.selenium.remote.RemoteWebDriver.execute(RemoteWebDriver.java:552)
	at com.kms.katalon.selenium.driver.CChromeDriver.execute(CChromeDriver.java:19)
	at org.openqa.selenium.remote.RemoteWebDriver.findElements(RemoteWebDriver.java:353)
	at org.openqa.selenium.remote.RemoteWebDriver.findElementsByXPath(RemoteWebDriver.java:432)
	at org.openqa.selenium.By$ByXPath.findElements(By.java:348)
	at org.openqa.selenium.remote.RemoteWebDriver.findElements(RemoteWebDriver.java:311)
	at org.openqa.selenium.support.events.EventFiringWebDriver.lambda$new$1(EventFiringWebDriver.java:105)
	at com.sun.proxy.$Proxy12.findElements(Unknown Source)
	at org.openqa.selenium.support.events.EventFiringWebDriver.findElements(EventFiringWebDriver.java:182)
	at com.kms.katalon.core.webui.common.WebUiCommonHelper.findElementByNormalMethods(WebUiCommonHelper.java:1016)
	at com.kms.katalon.core.webui.common.WebUiCommonHelper.findElementsBySelectedMethod(WebUiCommonHelper.java:911)
	at com.kms.katalon.core.webui.common.WebUiCommonHelper.findElementsBySelectedMethod(WebUiCommonHelper.java:894)
	at com.kms.katalon.core.webui.common.WebUiCommonHelper.findElementsBySelectedMethod(WebUiCommonHelper.java:889)
	at com.kms.katalon.core.webui.common.WebUiCommonHelper.findElementsByDefault(WebUiCommonHelper.java:885)
	at com.kms.katalon.core.webui.common.WebUiCommonHelper.findElementsWithSelfHealing(WebUiCommonHelper.java:733)
	at com.kms.katalon.core.webui.common.WebUiCommonHelper.findWebElements(WebUiCommonHelper.java:718)
	at com.kms.katalon.core.webui.common.WebUiCommonHelper.findWebElement(WebUiCommonHelper.java:1365)
	at com.kms.katalon.core.webui.keyword.internal.WebUIAbstractKeyword.findWebElement(WebUIAbstractKeyword.groovy:27)
	at com.kms.katalon.core.webui.keyword.WebUiBuiltInKeywords.findWebElement(WebUiBuiltInKeywords.groovy:2842)
	at com.kms.katalon.core.webui.keyword.WebUiBuiltInKeywords.findWebElement(WebUiBuiltInKeywords.groovy:2841)
	at com.kms.katalon.core.webui.keyword.WebUiBuiltInKeywords$findWebElement$1.call(Unknown Source)
	at orange.keywords.userLogin(keywords.groovy:87)
	at orange.keywords.invokeMethod(keywords.groovy)
	at com.kms.katalon.core.main.CustomKeywordDelegatingMetaClass.invokeStaticMethod(CustomKeywordDelegatingMetaClass.java:55)
	at Recruitment_Suite.setupTestCase(Recruitment%20Suite.groovy:53)
	at com.kms.katalon.core.main.ScriptEngine.runScriptMethodAsRawText(ScriptEngine.java:133)
	at com.kms.katalon.core.main.TestSuiteExecutor.runMethod(TestSuiteExecutor.java:226)
	at com.kms.katalon.core.main.TestSuiteExecutor.lambda$0(TestSuiteExecutor.java:205)
	at com.kms.katalon.core.main.TestSuiteExecutor.invokeTestSuiteMethod(TestSuiteExecutor.java:204)
	at com.kms.katalon.core.main.TestSuiteExecutor.invokeEachTestCaseMethod(TestSuiteExecutor.java:188)
	at com.kms.katalon.core.main.TestCaseExecutor.invokeTestSuiteMethod(TestCaseExecutor.java:381)
	at com.kms.katalon.core.main.TestCaseExecutor.execute(TestCaseExecutor.java:276)
	at com.kms.katalon.core.main.TestCaseExecutor.execute(TestCaseExecutor.java:369)
	at com.kms.katalon.core.main.TestCaseExecutor.execute(TestCaseExecutor.java:369)
	at com.kms.katalon.core.main.TestCaseExecutor.execute(TestCaseExecutor.java:369)
	at com.kms.katalon.core.common.CommonExecutor.accessTestCaseMainPhase(CommonExecutor.java:65)
	at com.kms.katalon.core.main.TestSuiteExecutor.accessTestSuiteMainPhase(TestSuiteExecutor.java:151)
	at com.kms.katalon.core.main.TestSuiteExecutor.execute(TestSuiteExecutor.java:106)
	at com.kms.katalon.core.main.TestCaseMain.startTestSuite(TestCaseMain.java:185)
	at com.kms.katalon.core.main.TestCaseMain$startTestSuite$0.call(Unknown Source)
	at TempTestSuite1678103789391.run(TempTestSuite1678103789391.groovy:36)


2023-03-06 13:05:56 - [TEST_STEP][ERROR] - Start listener action : sampleBeforeTestCase: com.kms.katalon.core.exception.StepFailedException: Unable to maximize current window
	at com.kms.katalon.core.webui.keyword.internal.WebUIKeywordMain.stepFailed(WebUIKeywordMain.groovy:64)
	at com.kms.katalon.core.webui.keyword.internal.WebUIKeywordMain.runKeyword(WebUIKeywordMain.groovy:26)
	at com.kms.katalon.core.webui.keyword.builtin.MaximizeWindowKeyword.maximizeWindow(MaximizeWindowKeyword.groovy:74)
	at com.kms.katalon.core.webui.keyword.builtin.MaximizeWindowKeyword.execute(MaximizeWindowKeyword.groovy:69)
	at com.kms.katalon.core.keyword.internal.KeywordExecutor.executeKeywordForPlatform(KeywordExecutor.groovy:74)
	at com.kms.katalon.core.webui.keyword.WebUiBuiltInKeywords.maximizeWindow(WebUiBuiltInKeywords.groovy:283)
	at com.kms.katalon.core.webui.keyword.WebUiBuiltInKeywords$maximizeWindow$0.call(Unknown Source)
	at TestListener.sampleBeforeTestCase(TestListener.groovy:35)
	at TestListener.invokeMethod(TestListener.groovy)
	at com.kms.katalon.core.context.internal.TestHooker.invokeMethod(TestHooker.java:111)
	at com.kms.katalon.core.context.internal.TestHooker.lambda$3(TestHooker.java:95)
	at com.kms.katalon.core.context.internal.TestHooker.invokeContextMethods(TestHooker.java:94)
	at com.kms.katalon.core.context.internal.TestListenerCollector.lambda$3(TestListenerCollector.java:88)
	at com.kms.katalon.core.context.internal.TestListenerCollector.handleListenerEvent(TestListenerCollector.java:85)
	at com.kms.katalon.core.context.internal.ExecutionEventManager.publicEvent(ExecutionEventManager.java:36)
	at com.kms.katalon.core.main.TestCaseExecutor.execute(TestCaseExecutor.java:268)
	at com.kms.katalon.core.main.TestCaseExecutor.execute(TestCaseExecutor.java:369)
	at com.kms.katalon.core.main.TestCaseExecutor.execute(TestCaseExecutor.java:369)
	at com.kms.katalon.core.main.TestCaseExecutor.execute(TestCaseExecutor.java:369)
	at com.kms.katalon.core.common.CommonExecutor.accessTestCaseMainPhase(CommonExecutor.java:65)
	at com.kms.katalon.core.main.TestSuiteExecutor.accessTestSuiteMainPhase(TestSuiteExecutor.java:151)
	at com.kms.katalon.core.main.TestSuiteExecutor.execute(TestSuiteExecutor.java:106)
	at com.kms.katalon.core.main.TestCaseMain.startTestSuite(TestCaseMain.java:185)
	at com.kms.katalon.core.main.TestCaseMain$startTestSuite$0.call(Unknown Source)
	at TempTestSuite1678103789391.run(TempTestSuite1678103789391.groovy:36)
Caused by: org.openqa.selenium.NoSuchWindowException: no such window: target window already closed
from unknown error: web view not found
  (Session info: chrome=110.0.5481.178)
Build info: version: '3.141.59', revision: 'e82be7d358', time: '2018-11-14T08:25:53'
System info: host: 'DESKTOP-BHVHH8C', ip: '192.168.0.23', os.name: 'Windows 10', os.arch: 'amd64', os.version: '10.0', java.version: '1.8.0_282'
Driver info: com.kms.katalon.selenium.driver.CChromeDriver
Capabilities {acceptInsecureCerts: false, browserName: chrome, browserVersion: 110.0.5481.178, chrome: {chromedriverVersion: 110.0.5481.77 (65ed616c6e8e..., userDataDir: C:\Users\PC\AppData\Local\T...}, goog:chromeOptions: {debuggerAddress: localhost:61370}, javascriptEnabled: true, networkConnectionEnabled: false, pageLoadStrategy: normal, platform: WINDOWS, platformName: WINDOWS, proxy: Proxy(), setWindowRect: true, strictFileInteractability: false, timeouts: {implicit: 0, pageLoad: 300000, script: 30000}, unhandledPromptBehavior: dismiss and notify, webauthn:extension:credBlob: true, webauthn:extension:largeBlob: true, webauthn:virtualAuthenticators: true}
Session ID: 668e407b8eaea975a05de7b714d25b4a
	at org.openqa.selenium.remote.http.W3CHttpResponseCodec.createException(W3CHttpResponseCodec.java:187)
	at org.openqa.selenium.remote.http.W3CHttpResponseCodec.decode(W3CHttpResponseCodec.java:122)
	at org.openqa.selenium.remote.http.W3CHttpResponseCodec.decode(W3CHttpResponseCodec.java:49)
	at org.openqa.selenium.remote.HttpCommandExecutor.execute(HttpCommandExecutor.java:158)
	at org.openqa.selenium.remote.service.DriverCommandExecutor.execute(DriverCommandExecutor.java:83)
	at org.openqa.selenium.remote.RemoteWebDriver.execute(RemoteWebDriver.java:552)
	at com.kms.katalon.selenium.driver.CChromeDriver.execute(CChromeDriver.java:19)
	at org.openqa.selenium.remote.RemoteWebDriver.execute(RemoteWebDriver.java:609)
	at org.openqa.selenium.remote.RemoteWebDriver$RemoteWebDriverOptions$RemoteWindow.maximize(RemoteWebDriver.java:837)
	at org.openqa.selenium.support.events.EventFiringWebDriver$EventFiringWindow.maximize(EventFiringWebDriver.java:769)
	at com.kms.katalon.core.webui.keyword.builtin.MaximizeWindowKeyword$_maximizeWindow_closure1.doCall(MaximizeWindowKeyword.groovy:85)
	at com.kms.katalon.core.webui.keyword.builtin.MaximizeWindowKeyword$_maximizeWindow_closure1.call(MaximizeWindowKeyword.groovy)
	at com.kms.katalon.core.webui.keyword.internal.WebUIKeywordMain.runKeyword(WebUIKeywordMain.groovy:20)
	... 23 more


2023-03-06 13:05:56 - [TEST_STEP][PASSED] - println(testCaseContext.getTestCaseId()): null

2023-03-06 13:05:56 - [TEST_STEP][PASSED] - println(testCaseContext.getTestCaseVariables()): null

2023-03-06 13:05:56 - [TEST_STEP][PASSED] - openBrowser(baseURL): Browser is opened with url: 'https://opensource-demo.orangehrmlive.com/web/index.php/auth/login'

2023-03-06 13:05:56 - [MESSAGE][WARNING] - A browser is already opened. Closing browser and opening a new one

2023-03-06 13:05:57 - [MESSAGE][INFO] - Starting 'Chrome' driver

2023-03-06 13:05:57 - [MESSAGE][INFO] - Action delay is set to 1,000 milliseconds

2023-03-06 13:06:01 - [MESSAGE][PASSED] - Browser is opened with url: 'https://opensource-demo.orangehrmlive.com/web/index.php/auth/login'

2023-03-06 13:06:01 - [TEST_STEP][ERROR] - maximizeWindow(): com.kms.katalon.core.exception.StepFailedException: Unable to maximize current window
	at com.kms.katalon.core.webui.keyword.internal.WebUIKeywordMain.stepFailed(WebUIKeywordMain.groovy:64)
	at com.kms.katalon.core.webui.keyword.internal.WebUIKeywordMain.runKeyword(WebUIKeywordMain.groovy:26)
	at com.kms.katalon.core.webui.keyword.builtin.MaximizeWindowKeyword.maximizeWindow(MaximizeWindowKeyword.groovy:74)
	at com.kms.katalon.core.webui.keyword.builtin.MaximizeWindowKeyword.execute(MaximizeWindowKeyword.groovy:69)
	at com.kms.katalon.core.keyword.internal.KeywordExecutor.executeKeywordForPlatform(KeywordExecutor.groovy:74)
	at com.kms.katalon.core.webui.keyword.WebUiBuiltInKeywords.maximizeWindow(WebUiBuiltInKeywords.groovy:283)
	at com.kms.katalon.core.webui.keyword.WebUiBuiltInKeywords$maximizeWindow$0.call(Unknown Source)
	at TestListener.sampleBeforeTestCase(TestListener.groovy:35)
	at TestListener.invokeMethod(TestListener.groovy)
	at com.kms.katalon.core.context.internal.TestHooker.invokeMethod(TestHooker.java:111)
	at com.kms.katalon.core.context.internal.TestHooker.lambda$3(TestHooker.java:95)
	at com.kms.katalon.core.context.internal.TestHooker.invokeContextMethods(TestHooker.java:94)
	at com.kms.katalon.core.context.internal.TestListenerCollector.lambda$3(TestListenerCollector.java:88)
	at com.kms.katalon.core.context.internal.TestListenerCollector.handleListenerEvent(TestListenerCollector.java:85)
	at com.kms.katalon.core.context.internal.ExecutionEventManager.publicEvent(ExecutionEventManager.java:36)
	at com.kms.katalon.core.main.TestCaseExecutor.execute(TestCaseExecutor.java:268)
	at com.kms.katalon.core.main.TestCaseExecutor.execute(TestCaseExecutor.java:369)
	at com.kms.katalon.core.main.TestCaseExecutor.execute(TestCaseExecutor.java:369)
	at com.kms.katalon.core.main.TestCaseExecutor.execute(TestCaseExecutor.java:369)
	at com.kms.katalon.core.common.CommonExecutor.accessTestCaseMainPhase(CommonExecutor.java:65)
	at com.kms.katalon.core.main.TestSuiteExecutor.accessTestSuiteMainPhase(TestSuiteExecutor.java:151)
	at com.kms.katalon.core.main.TestSuiteExecutor.execute(TestSuiteExecutor.java:106)
	at com.kms.katalon.core.main.TestCaseMain.startTestSuite(TestCaseMain.java:185)
	at com.kms.katalon.core.main.TestCaseMain$startTestSuite$0.call(Unknown Source)
	at TempTestSuite1678103789391.run(TempTestSuite1678103789391.groovy:36)
Caused by: org.openqa.selenium.NoSuchWindowException: no such window: target window already closed
from unknown error: web view not found
  (Session info: chrome=110.0.5481.178)
Build info: version: '3.141.59', revision: 'e82be7d358', time: '2018-11-14T08:25:53'
System info: host: 'DESKTOP-BHVHH8C', ip: '192.168.0.23', os.name: 'Windows 10', os.arch: 'amd64', os.version: '10.0', java.version: '1.8.0_282'
Driver info: com.kms.katalon.selenium.driver.CChromeDriver
Capabilities {acceptInsecureCerts: false, browserName: chrome, browserVersion: 110.0.5481.178, chrome: {chromedriverVersion: 110.0.5481.77 (65ed616c6e8e..., userDataDir: C:\Users\PC\AppData\Local\T...}, goog:chromeOptions: {debuggerAddress: localhost:61370}, javascriptEnabled: true, networkConnectionEnabled: false, pageLoadStrategy: normal, platform: WINDOWS, platformName: WINDOWS, proxy: Proxy(), setWindowRect: true, strictFileInteractability: false, timeouts: {implicit: 0, pageLoad: 300000, script: 30000}, unhandledPromptBehavior: dismiss and notify, webauthn:extension:credBlob: true, webauthn:extension:largeBlob: true, webauthn:virtualAuthenticators: true}
Session ID: 668e407b8eaea975a05de7b714d25b4a
	at org.openqa.selenium.remote.http.W3CHttpResponseCodec.createException(W3CHttpResponseCodec.java:187)
	at org.openqa.selenium.remote.http.W3CHttpResponseCodec.decode(W3CHttpResponseCodec.java:122)
	at org.openqa.selenium.remote.http.W3CHttpResponseCodec.decode(W3CHttpResponseCodec.java:49)
	at org.openqa.selenium.remote.HttpCommandExecutor.execute(HttpCommandExecutor.java:158)
	at org.openqa.selenium.remote.service.DriverCommandExecutor.execute(DriverCommandExecutor.java:83)
	at org.openqa.selenium.remote.RemoteWebDriver.execute(RemoteWebDriver.java:552)
	at com.kms.katalon.selenium.driver.CChromeDriver.execute(CChromeDriver.java:19)
	at org.openqa.selenium.remote.RemoteWebDriver.execute(RemoteWebDriver.java:609)
	at org.openqa.selenium.remote.RemoteWebDriver$RemoteWebDriverOptions$RemoteWindow.maximize(RemoteWebDriver.java:837)
	at org.openqa.selenium.support.events.EventFiringWebDriver$EventFiringWindow.maximize(EventFiringWebDriver.java:769)
	at com.kms.katalon.core.webui.keyword.builtin.MaximizeWindowKeyword$_maximizeWindow_closure1.doCall(MaximizeWindowKeyword.groovy:85)
	at com.kms.katalon.core.webui.keyword.builtin.MaximizeWindowKeyword$_maximizeWindow_closure1.call(MaximizeWindowKeyword.groovy)
	at com.kms.katalon.core.webui.keyword.internal.WebUIKeywordMain.runKeyword(WebUIKeywordMain.groovy:20)
	... 23 more


2023-03-06 13:06:01 - [MESSAGE][WARNING] - Cannot take screenshot

2023-03-06 13:06:01 - [MESSAGE][FAILED] - Unable to maximize current window (Root cause: com.kms.katalon.core.exception.StepFailedException: Unable to maximize current window
	at com.kms.katalon.core.webui.keyword.internal.WebUIKeywordMain.stepFailed(WebUIKeywordMain.groovy:64)
	at com.kms.katalon.core.webui.keyword.internal.WebUIKeywordMain.runKeyword(WebUIKeywordMain.groovy:26)
	at com.kms.katalon.core.webui.keyword.builtin.MaximizeWindowKeyword.maximizeWindow(MaximizeWindowKeyword.groovy:74)
	at com.kms.katalon.core.webui.keyword.builtin.MaximizeWindowKeyword.execute(MaximizeWindowKeyword.groovy:69)
	at com.kms.katalon.core.keyword.internal.KeywordExecutor.executeKeywordForPlatform(KeywordExecutor.groovy:74)
	at com.kms.katalon.core.webui.keyword.WebUiBuiltInKeywords.maximizeWindow(WebUiBuiltInKeywords.groovy:283)
	at com.kms.katalon.core.webui.keyword.WebUiBuiltInKeywords$maximizeWindow$0.call(Unknown Source)
	at TestListener.sampleBeforeTestCase(TestListener.groovy:35)
	at TestListener.invokeMethod(TestListener.groovy)
	at com.kms.katalon.core.context.internal.TestHooker.invokeMethod(TestHooker.java:111)
	at com.kms.katalon.core.context.internal.TestHooker.lambda$3(TestHooker.java:95)
	at com.kms.katalon.core.context.internal.TestHooker.invokeContextMethods(TestHooker.java:94)
	at com.kms.katalon.core.context.internal.TestListenerCollector.lambda$3(TestListenerCollector.java:88)
	at com.kms.katalon.core.context.internal.TestListenerCollector.handleListenerEvent(TestListenerCollector.java:85)
	at com.kms.katalon.core.context.internal.ExecutionEventManager.publicEvent(ExecutionEventManager.java:36)
	at com.kms.katalon.core.main.TestCaseExecutor.execute(TestCaseExecutor.java:268)
	at com.kms.katalon.core.main.TestCaseExecutor.execute(TestCaseExecutor.java:369)
	at com.kms.katalon.core.main.TestCaseExecutor.execute(TestCaseExecutor.java:369)
	at com.kms.katalon.core.main.TestCaseExecutor.execute(TestCaseExecutor.java:369)
	at com.kms.katalon.core.common.CommonExecutor.accessTestCaseMainPhase(CommonExecutor.java:65)
	at com.kms.katalon.core.main.TestSuiteExecutor.accessTestSuiteMainPhase(TestSuiteExecutor.java:151)
	at com.kms.katalon.core.main.TestSuiteExecutor.execute(TestSuiteExecutor.java:106)
	at com.kms.katalon.core.main.TestCaseMain.startTestSuite(TestCaseMain.java:185)
	at com.kms.katalon.core.main.TestCaseMain$startTestSuite$0.call(Unknown Source)
	at TempTestSuite1678103789391.run(TempTestSuite1678103789391.groovy:36)
Caused by: org.openqa.selenium.NoSuchWindowException: no such window: target window already closed
from unknown error: web view not found
  (Session info: chrome=110.0.5481.178)
Build info: version: '3.141.59', revision: 'e82be7d358', time: '2018-11-14T08:25:53'
System info: host: 'DESKTOP-BHVHH8C', ip: '192.168.0.23', os.name: 'Windows 10', os.arch: 'amd64', os.version: '10.0', java.version: '1.8.0_282'
Driver info: com.kms.katalon.selenium.driver.CChromeDriver
Capabilities {acceptInsecureCerts: false, browserName: chrome, browserVersion: 110.0.5481.178, chrome: {chromedriverVersion: 110.0.5481.77 (65ed616c6e8e..., userDataDir: C:\Users\PC\AppData\Local\T...}, goog:chromeOptions: {debuggerAddress: localhost:61370}, javascriptEnabled: true, networkConnectionEnabled: false, pageLoadStrategy: normal, platform: WINDOWS, platformName: WINDOWS, proxy: Proxy(), setWindowRect: true, strictFileInteractability: false, timeouts: {implicit: 0, pageLoad: 300000, script: 30000}, unhandledPromptBehavior: dismiss and notify, webauthn:extension:credBlob: true, webauthn:extension:largeBlob: true, webauthn:virtualAuthenticators: true}
Session ID: 668e407b8eaea975a05de7b714d25b4a
	at org.openqa.selenium.remote.http.W3CHttpResponseCodec.createException(W3CHttpResponseCodec.java:187)
	at org.openqa.selenium.remote.http.W3CHttpResponseCodec.decode(W3CHttpResponseCodec.java:122)
	at org.openqa.selenium.remote.http.W3CHttpResponseCodec.decode(W3CHttpResponseCodec.java:49)
	at org.openqa.selenium.remote.HttpCommandExecutor.execute(HttpCommandExecutor.java:158)
	at org.openqa.selenium.remote.service.DriverCommandExecutor.execute(DriverCommandExecutor.java:83)
	at org.openqa.selenium.remote.RemoteWebDriver.execute(RemoteWebDriver.java:552)
	at com.kms.katalon.selenium.driver.CChromeDriver.execute(CChromeDriver.java:19)
	at org.openqa.selenium.remote.RemoteWebDriver.execute(RemoteWebDriver.java:609)
	at org.openqa.selenium.remote.RemoteWebDriver$RemoteWebDriverOptions$RemoteWindow.maximize(RemoteWebDriver.java:837)
	at org.openqa.selenium.support.events.EventFiringWebDriver$EventFiringWindow.maximize(EventFiringWebDriver.java:769)
	at com.kms.katalon.core.webui.keyword.builtin.MaximizeWindowKeyword$_maximizeWindow_closure1.doCall(MaximizeWindowKeyword.groovy:85)
	at com.kms.katalon.core.webui.keyword.builtin.MaximizeWindowKeyword$_maximizeWindow_closure1.call(MaximizeWindowKeyword.groovy)
	at com.kms.katalon.core.webui.keyword.internal.WebUIKeywordMain.runKeyword(WebUIKeywordMain.groovy:20)
	... 23 more
)

2023-03-06 13:06:01 - [MESSAGE][ERROR] - com.kms.katalon.core.exception.StepFailedException: Unable to maximize current window
	at com.kms.katalon.core.webui.keyword.internal.WebUIKeywordMain.stepFailed(WebUIKeywordMain.groovy:64)
	at com.kms.katalon.core.webui.keyword.internal.WebUIKeywordMain.runKeyword(WebUIKeywordMain.groovy:26)
	at com.kms.katalon.core.webui.keyword.builtin.MaximizeWindowKeyword.maximizeWindow(MaximizeWindowKeyword.groovy:74)
	at com.kms.katalon.core.webui.keyword.builtin.MaximizeWindowKeyword.execute(MaximizeWindowKeyword.groovy:69)
	at com.kms.katalon.core.keyword.internal.KeywordExecutor.executeKeywordForPlatform(KeywordExecutor.groovy:74)
	at com.kms.katalon.core.webui.keyword.WebUiBuiltInKeywords.maximizeWindow(WebUiBuiltInKeywords.groovy:283)
	at com.kms.katalon.core.webui.keyword.WebUiBuiltInKeywords$maximizeWindow$0.call(Unknown Source)
	at TestListener.sampleBeforeTestCase(TestListener.groovy:35)
	at TestListener.invokeMethod(TestListener.groovy)
	at com.kms.katalon.core.context.internal.TestHooker.invokeMethod(TestHooker.java:111)
	at com.kms.katalon.core.context.internal.TestHooker.lambda$3(TestHooker.java:95)
	at com.kms.katalon.core.context.internal.TestHooker.invokeContextMethods(TestHooker.java:94)
	at com.kms.katalon.core.context.internal.TestListenerCollector.lambda$3(TestListenerCollector.java:88)
	at com.kms.katalon.core.context.internal.TestListenerCollector.handleListenerEvent(TestListenerCollector.java:85)
	at com.kms.katalon.core.context.internal.ExecutionEventManager.publicEvent(ExecutionEventManager.java:36)
	at com.kms.katalon.core.main.TestCaseExecutor.execute(TestCaseExecutor.java:268)
	at com.kms.katalon.core.main.TestCaseExecutor.execute(TestCaseExecutor.java:369)
	at com.kms.katalon.core.main.TestCaseExecutor.execute(TestCaseExecutor.java:369)
	at com.kms.katalon.core.main.TestCaseExecutor.execute(TestCaseExecutor.java:369)
	at com.kms.katalon.core.common.CommonExecutor.accessTestCaseMainPhase(CommonExecutor.java:65)
	at com.kms.katalon.core.main.TestSuiteExecutor.accessTestSuiteMainPhase(TestSuiteExecutor.java:151)
	at com.kms.katalon.core.main.TestSuiteExecutor.execute(TestSuiteExecutor.java:106)
	at com.kms.katalon.core.main.TestCaseMain.startTestSuite(TestCaseMain.java:185)
	at com.kms.katalon.core.main.TestCaseMain$startTestSuite$0.call(Unknown Source)
	at TempTestSuite1678103789391.run(TempTestSuite1678103789391.groovy:36)
Caused by: org.openqa.selenium.NoSuchWindowException: no such window: target window already closed
from unknown error: web view not found
  (Session info: chrome=110.0.5481.178)
Build info: version: '3.141.59', revision: 'e82be7d358', time: '2018-11-14T08:25:53'
System info: host: 'DESKTOP-BHVHH8C', ip: '192.168.0.23', os.name: 'Windows 10', os.arch: 'amd64', os.version: '10.0', java.version: '1.8.0_282'
Driver info: com.kms.katalon.selenium.driver.CChromeDriver
Capabilities {acceptInsecureCerts: false, browserName: chrome, browserVersion: 110.0.5481.178, chrome: {chromedriverVersion: 110.0.5481.77 (65ed616c6e8e..., userDataDir: C:\Users\PC\AppData\Local\T...}, goog:chromeOptions: {debuggerAddress: localhost:61370}, javascriptEnabled: true, networkConnectionEnabled: false, pageLoadStrategy: normal, platform: WINDOWS, platformName: WINDOWS, proxy: Proxy(), setWindowRect: true, strictFileInteractability: false, timeouts: {implicit: 0, pageLoad: 300000, script: 30000}, unhandledPromptBehavior: dismiss and notify, webauthn:extension:credBlob: true, webauthn:extension:largeBlob: true, webauthn:virtualAuthenticators: true}
Session ID: 668e407b8eaea975a05de7b714d25b4a
	at org.openqa.selenium.remote.http.W3CHttpResponseCodec.createException(W3CHttpResponseCodec.java:187)
	at org.openqa.selenium.remote.http.W3CHttpResponseCodec.decode(W3CHttpResponseCodec.java:122)
	at org.openqa.selenium.remote.http.W3CHttpResponseCodec.decode(W3CHttpResponseCodec.java:49)
	at org.openqa.selenium.remote.HttpCommandExecutor.execute(HttpCommandExecutor.java:158)
	at org.openqa.selenium.remote.service.DriverCommandExecutor.execute(DriverCommandExecutor.java:83)
	at org.openqa.selenium.remote.RemoteWebDriver.execute(RemoteWebDriver.java:552)
	at com.kms.katalon.selenium.driver.CChromeDriver.execute(CChromeDriver.java:19)
	at org.openqa.selenium.remote.RemoteWebDriver.execute(RemoteWebDriver.java:609)
	at org.openqa.selenium.remote.RemoteWebDriver$RemoteWebDriverOptions$RemoteWindow.maximize(RemoteWebDriver.java:837)
	at org.openqa.selenium.support.events.EventFiringWebDriver$EventFiringWindow.maximize(EventFiringWebDriver.java:769)
	at com.kms.katalon.core.webui.keyword.builtin.MaximizeWindowKeyword$_maximizeWindow_closure1.doCall(MaximizeWindowKeyword.groovy:85)
	at com.kms.katalon.core.webui.keyword.builtin.MaximizeWindowKeyword$_maximizeWindow_closure1.call(MaximizeWindowKeyword.groovy)
	at com.kms.katalon.core.webui.keyword.internal.WebUIKeywordMain.runKeyword(WebUIKeywordMain.groovy:20)
	... 23 more


2023-03-06 13:06:01 - [TEST_STEP][ERROR] - Start setup action : setupTestCase: no such window: target window already closed
from unknown error: web view not found
  (Session info: chrome=110.0.5481.178)
Build info: version: '3.141.59', revision: 'e82be7d358', time: '2018-11-14T08:25:53'
System info: host: 'DESKTOP-BHVHH8C', ip: '192.168.0.23', os.name: 'Windows 10', os.arch: 'amd64', os.version: '10.0', java.version: '1.8.0_282'
Driver info: com.kms.katalon.selenium.driver.CChromeDriver
Capabilities {acceptInsecureCerts: false, browserName: chrome, browserVersion: 110.0.5481.178, chrome: {chromedriverVersion: 110.0.5481.77 (65ed616c6e8e..., userDataDir: C:\Users\PC\AppData\Local\T...}, goog:chromeOptions: {debuggerAddress: localhost:61370}, javascriptEnabled: true, networkConnectionEnabled: false, pageLoadStrategy: normal, platform: WINDOWS, platformName: WINDOWS, proxy: Proxy(), setWindowRect: true, strictFileInteractability: false, timeouts: {implicit: 0, pageLoad: 300000, script: 30000}, unhandledPromptBehavior: dismiss and notify, webauthn:extension:credBlob: true, webauthn:extension:largeBlob: true, webauthn:virtualAuthenticators: true}
Session ID: 668e407b8eaea975a05de7b714d25b4a
*** Element info: {Using=xpath, value=//input[@name='username']}

2023-03-06 13:06:01 - [TEST_STEP][ERROR] - orange.keywords.userLogin(findTestObject("Login Page/textbox_Username"), username, findTestObject("Login Page/textbox_Password"), password, findTestObject("Login Page/button_Login")): no such window: target window already closed
from unknown error: web view not found
  (Session info: chrome=110.0.5481.178)
Build info: version: '3.141.59', revision: 'e82be7d358', time: '2018-11-14T08:25:53'
System info: host: 'DESKTOP-BHVHH8C', ip: '192.168.0.23', os.name: 'Windows 10', os.arch: 'amd64', os.version: '10.0', java.version: '1.8.0_282'
Driver info: com.kms.katalon.selenium.driver.CChromeDriver
Capabilities {acceptInsecureCerts: false, browserName: chrome, browserVersion: 110.0.5481.178, chrome: {chromedriverVersion: 110.0.5481.77 (65ed616c6e8e..., userDataDir: C:\Users\PC\AppData\Local\T...}, goog:chromeOptions: {debuggerAddress: localhost:61370}, javascriptEnabled: true, networkConnectionEnabled: false, pageLoadStrategy: normal, platform: WINDOWS, platformName: WINDOWS, proxy: Proxy(), setWindowRect: true, strictFileInteractability: false, timeouts: {implicit: 0, pageLoad: 300000, script: 30000}, unhandledPromptBehavior: dismiss and notify, webauthn:extension:credBlob: true, webauthn:extension:largeBlob: true, webauthn:virtualAuthenticators: true}
Session ID: 668e407b8eaea975a05de7b714d25b4a
*** Element info: {Using=xpath, value=//input[@name='username']}

2023-03-06 13:06:01 - [MESSAGE][WARNING] - [SELF-HEALING] Failed to find element with id 'Object Repository/Login Page/textbox_Username'. Try using Self-healing.

2023-03-06 13:06:01 - [MESSAGE][WARNING] - [SELF-HEALING] no such window: target window already closed
from unknown error: web view not found
  (Session info: chrome=110.0.5481.178)
Build info: version: '3.141.59', revision: 'e82be7d358', time: '2018-11-14T08:25:53'
System info: host: 'DESKTOP-BHVHH8C', ip: '192.168.0.23', os.name: 'Windows 10', os.arch: 'amd64', os.version: '10.0', java.version: '1.8.0_282'
Driver info: com.kms.katalon.selenium.driver.CChromeDriver
Capabilities {acceptInsecureCerts: false, browserName: chrome, browserVersion: 110.0.5481.178, chrome: {chromedriverVersion: 110.0.5481.77 (65ed616c6e8e..., userDataDir: C:\Users\PC\AppData\Local\T...}, goog:chromeOptions: {debuggerAddress: localhost:61370}, javascriptEnabled: true, networkConnectionEnabled: false, pageLoadStrategy: normal, platform: WINDOWS, platformName: WINDOWS, proxy: Proxy(), setWindowRect: true, strictFileInteractability: false, timeouts: {implicit: 0, pageLoad: 300000, script: 30000}, unhandledPromptBehavior: dismiss and notify, webauthn:extension:credBlob: true, webauthn:extension:largeBlob: true, webauthn:virtualAuthenticators: true}
Session ID: 668e407b8eaea975a05de7b714d25b4a
*** Element info: {Using=xpath, value=//input[@name='username']}

2023-03-06 13:06:01 - [MESSAGE][WARNING] - [SELF-HEALING] no such window: target window already closed
from unknown error: web view not found
  (Session info: chrome=110.0.5481.178)
Build info: version: '3.141.59', revision: 'e82be7d358', time: '2018-11-14T08:25:53'
System info: host: 'DESKTOP-BHVHH8C', ip: '192.168.0.23', os.name: 'Windows 10', os.arch: 'amd64', os.version: '10.0', java.version: '1.8.0_282'
Driver info: com.kms.katalon.selenium.driver.CChromeDriver
Capabilities {acceptInsecureCerts: false, browserName: chrome, browserVersion: 110.0.5481.178, chrome: {chromedriverVersion: 110.0.5481.77 (65ed616c6e8e..., userDataDir: C:\Users\PC\AppData\Local\T...}, goog:chromeOptions: {debuggerAddress: localhost:61370}, javascriptEnabled: true, networkConnectionEnabled: false, pageLoadStrategy: normal, platform: WINDOWS, platformName: WINDOWS, proxy: Proxy(), setWindowRect: true, strictFileInteractability: false, timeouts: {implicit: 0, pageLoad: 300000, script: 30000}, unhandledPromptBehavior: dismiss and notify, webauthn:extension:credBlob: true, webauthn:extension:largeBlob: true, webauthn:virtualAuthenticators: true}
Session ID: 668e407b8eaea975a05de7b714d25b4a
*** Element info: {Using=xpath, value=//*[@class = 'oxd-input oxd-input--active' and @name = 'Username']}

2023-03-06 13:06:01 - [MESSAGE][WARNING] - [SELF-HEALING] no such window: target window already closed
from unknown error: web view not found
  (Session info: chrome=110.0.5481.178)
Build info: version: '3.141.59', revision: 'e82be7d358', time: '2018-11-14T08:25:53'
System info: host: 'DESKTOP-BHVHH8C', ip: '192.168.0.23', os.name: 'Windows 10', os.arch: 'amd64', os.version: '10.0', java.version: '1.8.0_282'
Driver info: com.kms.katalon.selenium.driver.CChromeDriver
Capabilities {acceptInsecureCerts: false, browserName: chrome, browserVersion: 110.0.5481.178, chrome: {chromedriverVersion: 110.0.5481.77 (65ed616c6e8e..., userDataDir: C:\Users\PC\AppData\Local\T...}, goog:chromeOptions: {debuggerAddress: localhost:61370}, javascriptEnabled: true, networkConnectionEnabled: false, pageLoadStrategy: normal, platform: WINDOWS, platformName: WINDOWS, proxy: Proxy(), setWindowRect: true, strictFileInteractability: false, timeouts: {implicit: 0, pageLoad: 300000, script: 30000}, unhandledPromptBehavior: dismiss and notify, webauthn:extension:credBlob: true, webauthn:extension:largeBlob: true, webauthn:virtualAuthenticators: true}
Session ID: 668e407b8eaea975a05de7b714d25b4a
*** Element info: {Using=css selector, value=input[name="Username"]}

2023-03-06 13:06:01 - [MESSAGE][ERROR] - no such window: target window already closed
from unknown error: web view not found
  (Session info: chrome=110.0.5481.178)
Build info: version: '3.141.59', revision: 'e82be7d358', time: '2018-11-14T08:25:53'
System info: host: 'DESKTOP-BHVHH8C', ip: '192.168.0.23', os.name: 'Windows 10', os.arch: 'amd64', os.version: '10.0', java.version: '1.8.0_282'
Driver info: com.kms.katalon.selenium.driver.CChromeDriver
Capabilities {acceptInsecureCerts: false, browserName: chrome, browserVersion: 110.0.5481.178, chrome: {chromedriverVersion: 110.0.5481.77 (65ed616c6e8e..., userDataDir: C:\Users\PC\AppData\Local\T...}, goog:chromeOptions: {debuggerAddress: localhost:61370}, javascriptEnabled: true, networkConnectionEnabled: false, pageLoadStrategy: normal, platform: WINDOWS, platformName: WINDOWS, proxy: Proxy(), setWindowRect: true, strictFileInteractability: false, timeouts: {implicit: 0, pageLoad: 300000, script: 30000}, unhandledPromptBehavior: dismiss and notify, webauthn:extension:credBlob: true, webauthn:extension:largeBlob: true, webauthn:virtualAuthenticators: true}
Session ID: 668e407b8eaea975a05de7b714d25b4a
*** Element info: {Using=xpath, value=//input[@name='username']}

2023-03-06 13:06:01 - [MESSAGE][ERROR] - no such window: target window already closed
from unknown error: web view not found
  (Session info: chrome=110.0.5481.178)
Build info: version: '3.141.59', revision: 'e82be7d358', time: '2018-11-14T08:25:53'
System info: host: 'DESKTOP-BHVHH8C', ip: '192.168.0.23', os.name: 'Windows 10', os.arch: 'amd64', os.version: '10.0', java.version: '1.8.0_282'
Driver info: com.kms.katalon.selenium.driver.CChromeDriver
Capabilities {acceptInsecureCerts: false, browserName: chrome, browserVersion: 110.0.5481.178, chrome: {chromedriverVersion: 110.0.5481.77 (65ed616c6e8e..., userDataDir: C:\Users\PC\AppData\Local\T...}, goog:chromeOptions: {debuggerAddress: localhost:61370}, javascriptEnabled: true, networkConnectionEnabled: false, pageLoadStrategy: normal, platform: WINDOWS, platformName: WINDOWS, proxy: Proxy(), setWindowRect: true, strictFileInteractability: false, timeouts: {implicit: 0, pageLoad: 300000, script: 30000}, unhandledPromptBehavior: dismiss and notify, webauthn:extension:credBlob: true, webauthn:extension:largeBlob: true, webauthn:virtualAuthenticators: true}
Session ID: 668e407b8eaea975a05de7b714d25b4a
*** Element info: {Using=xpath, value=//input[@name='username']}

2023-03-06 13:06:01 - [TEST_STEP][ERROR] - Start listener action : sampleAfterTestCase: groovy.lang.MissingPropertyException: No such property: printtestCaseContext for class: TestListener
	at TestListener.sampleAfterTestCase(TestListener.groovy:45)
	at TestListener.invokeMethod(TestListener.groovy)
	at com.kms.katalon.core.context.internal.TestHooker.invokeMethod(TestHooker.java:111)
	at com.kms.katalon.core.context.internal.TestHooker.lambda$3(TestHooker.java:95)
	at com.kms.katalon.core.context.internal.TestHooker.invokeContextMethods(TestHooker.java:94)
	at com.kms.katalon.core.context.internal.TestListenerCollector.lambda$3(TestListenerCollector.java:88)
	at com.kms.katalon.core.context.internal.TestListenerCollector.handleListenerEvent(TestListenerCollector.java:85)
	at com.kms.katalon.core.context.internal.ExecutionEventManager.publicEvent(ExecutionEventManager.java:36)
	at com.kms.katalon.core.main.TestCaseExecutor.execute(TestCaseExecutor.java:315)
	at com.kms.katalon.core.main.TestCaseExecutor.execute(TestCaseExecutor.java:369)
	at com.kms.katalon.core.main.TestCaseExecutor.execute(TestCaseExecutor.java:369)
	at com.kms.katalon.core.main.TestCaseExecutor.execute(TestCaseExecutor.java:369)
	at com.kms.katalon.core.common.CommonExecutor.accessTestCaseMainPhase(CommonExecutor.java:65)
	at com.kms.katalon.core.main.TestSuiteExecutor.accessTestSuiteMainPhase(TestSuiteExecutor.java:151)
	at com.kms.katalon.core.main.TestSuiteExecutor.execute(TestSuiteExecutor.java:106)
	at com.kms.katalon.core.main.TestCaseMain.startTestSuite(TestCaseMain.java:185)
	at com.kms.katalon.core.main.TestCaseMain$startTestSuite$0.call(Unknown Source)
	at TempTestSuite1678103789391.run(TempTestSuite1678103789391.groovy:36)


2023-03-06 13:06:01 - [TEST_STEP][PASSED] - println(testCaseContext.getTestCaseId() + " - "): null

2023-03-06 13:06:01 - [TEST_STEP][ERROR] - println(printtestCaseContext.getTestCaseStatus()): groovy.lang.MissingPropertyException: No such property: printtestCaseContext for class: TestListener
	at TestListener.sampleAfterTestCase(TestListener.groovy:45)
	at TestListener.invokeMethod(TestListener.groovy)
	at com.kms.katalon.core.context.internal.TestHooker.invokeMethod(TestHooker.java:111)
	at com.kms.katalon.core.context.internal.TestHooker.lambda$3(TestHooker.java:95)
	at com.kms.katalon.core.context.internal.TestHooker.invokeContextMethods(TestHooker.java:94)
	at com.kms.katalon.core.context.internal.TestListenerCollector.lambda$3(TestListenerCollector.java:88)
	at com.kms.katalon.core.context.internal.TestListenerCollector.handleListenerEvent(TestListenerCollector.java:85)
	at com.kms.katalon.core.context.internal.ExecutionEventManager.publicEvent(ExecutionEventManager.java:36)
	at com.kms.katalon.core.main.TestCaseExecutor.execute(TestCaseExecutor.java:315)
	at com.kms.katalon.core.main.TestCaseExecutor.execute(TestCaseExecutor.java:369)
	at com.kms.katalon.core.main.TestCaseExecutor.execute(TestCaseExecutor.java:369)
	at com.kms.katalon.core.main.TestCaseExecutor.execute(TestCaseExecutor.java:369)
	at com.kms.katalon.core.common.CommonExecutor.accessTestCaseMainPhase(CommonExecutor.java:65)
	at com.kms.katalon.core.main.TestSuiteExecutor.accessTestSuiteMainPhase(TestSuiteExecutor.java:151)
	at com.kms.katalon.core.main.TestSuiteExecutor.execute(TestSuiteExecutor.java:106)
	at com.kms.katalon.core.main.TestCaseMain.startTestSuite(TestCaseMain.java:185)
	at com.kms.katalon.core.main.TestCaseMain$startTestSuite$0.call(Unknown Source)
	at TempTestSuite1678103789391.run(TempTestSuite1678103789391.groovy:36)


2023-03-06 13:06:01 - [MESSAGE][ERROR] - groovy.lang.MissingPropertyException: No such property: printtestCaseContext for class: TestListener
	at TestListener.sampleAfterTestCase(TestListener.groovy:45)
	at TestListener.invokeMethod(TestListener.groovy)
	at com.kms.katalon.core.context.internal.TestHooker.invokeMethod(TestHooker.java:111)
	at com.kms.katalon.core.context.internal.TestHooker.lambda$3(TestHooker.java:95)
	at com.kms.katalon.core.context.internal.TestHooker.invokeContextMethods(TestHooker.java:94)
	at com.kms.katalon.core.context.internal.TestListenerCollector.lambda$3(TestListenerCollector.java:88)
	at com.kms.katalon.core.context.internal.TestListenerCollector.handleListenerEvent(TestListenerCollector.java:85)
	at com.kms.katalon.core.context.internal.ExecutionEventManager.publicEvent(ExecutionEventManager.java:36)
	at com.kms.katalon.core.main.TestCaseExecutor.execute(TestCaseExecutor.java:315)
	at com.kms.katalon.core.main.TestCaseExecutor.execute(TestCaseExecutor.java:369)
	at com.kms.katalon.core.main.TestCaseExecutor.execute(TestCaseExecutor.java:369)
	at com.kms.katalon.core.main.TestCaseExecutor.execute(TestCaseExecutor.java:369)
	at com.kms.katalon.core.common.CommonExecutor.accessTestCaseMainPhase(CommonExecutor.java:65)
	at com.kms.katalon.core.main.TestSuiteExecutor.accessTestSuiteMainPhase(TestSuiteExecutor.java:151)
	at com.kms.katalon.core.main.TestSuiteExecutor.execute(TestSuiteExecutor.java:106)
	at com.kms.katalon.core.main.TestCaseMain.startTestSuite(TestCaseMain.java:185)
	at com.kms.katalon.core.main.TestCaseMain$startTestSuite$0.call(Unknown Source)
	at TempTestSuite1678103789391.run(TempTestSuite1678103789391.groovy:36)]]></system-out>
         <system-err><![CDATA[2023-03-06 13:05:56 - [TEST_CASE][ERROR] - Test Cases/Recruitment page/Candidates/Edit Candidate: org.openqa.selenium.NoSuchWindowException: no such window: target window already closed
from unknown error: web view not found
  (Session info: chrome=110.0.5481.178)
Build info: version: '3.141.59', revision: 'e82be7d358', time: '2018-11-14T08:25:53'
System info: host: 'DESKTOP-BHVHH8C', ip: '192.168.0.23', os.name: 'Windows 10', os.arch: 'amd64', os.version: '10.0', java.version: '1.8.0_282'
Driver info: com.kms.katalon.selenium.driver.CChromeDriver
Capabilities {acceptInsecureCerts: false, browserName: chrome, browserVersion: 110.0.5481.178, chrome: {chromedriverVersion: 110.0.5481.77 (65ed616c6e8e..., userDataDir: C:\Users\PC\AppData\Local\T...}, goog:chromeOptions: {debuggerAddress: localhost:61370}, javascriptEnabled: true, networkConnectionEnabled: false, pageLoadStrategy: normal, platform: WINDOWS, platformName: WINDOWS, proxy: Proxy(), setWindowRect: true, strictFileInteractability: false, timeouts: {implicit: 0, pageLoad: 300000, script: 30000}, unhandledPromptBehavior: dismiss and notify, webauthn:extension:credBlob: true, webauthn:extension:largeBlob: true, webauthn:virtualAuthenticators: true}
Session ID: 668e407b8eaea975a05de7b714d25b4a
*** Element info: {Using=xpath, value=//input[@name='username']}
	at org.openqa.selenium.remote.http.W3CHttpResponseCodec.createException(W3CHttpResponseCodec.java:187)
	at org.openqa.selenium.remote.http.W3CHttpResponseCodec.decode(W3CHttpResponseCodec.java:122)
	at org.openqa.selenium.remote.http.W3CHttpResponseCodec.decode(W3CHttpResponseCodec.java:49)
	at org.openqa.selenium.remote.HttpCommandExecutor.execute(HttpCommandExecutor.java:158)
	at org.openqa.selenium.remote.service.DriverCommandExecutor.execute(DriverCommandExecutor.java:83)
	at org.openqa.selenium.remote.RemoteWebDriver.execute(RemoteWebDriver.java:552)
	at com.kms.katalon.selenium.driver.CChromeDriver.execute(CChromeDriver.java:19)
	at org.openqa.selenium.remote.RemoteWebDriver.findElements(RemoteWebDriver.java:353)
	at org.openqa.selenium.remote.RemoteWebDriver.findElementsByXPath(RemoteWebDriver.java:432)
	at org.openqa.selenium.By$ByXPath.findElements(By.java:348)
	at org.openqa.selenium.remote.RemoteWebDriver.findElements(RemoteWebDriver.java:311)
	at org.openqa.selenium.support.events.EventFiringWebDriver.lambda$new$1(EventFiringWebDriver.java:105)
	at com.sun.proxy.$Proxy12.findElements(Unknown Source)
	at org.openqa.selenium.support.events.EventFiringWebDriver.findElements(EventFiringWebDriver.java:182)
	at com.kms.katalon.core.webui.common.WebUiCommonHelper.findElementByNormalMethods(WebUiCommonHelper.java:1016)
	at com.kms.katalon.core.webui.common.WebUiCommonHelper.findElementsBySelectedMethod(WebUiCommonHelper.java:911)
	at com.kms.katalon.core.webui.common.WebUiCommonHelper.findElementsBySelectedMethod(WebUiCommonHelper.java:894)
	at com.kms.katalon.core.webui.common.WebUiCommonHelper.findElementsBySelectedMethod(WebUiCommonHelper.java:889)
	at com.kms.katalon.core.webui.common.WebUiCommonHelper.findElementsByDefault(WebUiCommonHelper.java:885)
	at com.kms.katalon.core.webui.common.WebUiCommonHelper.findElementsWithSelfHealing(WebUiCommonHelper.java:733)
	at com.kms.katalon.core.webui.common.WebUiCommonHelper.findWebElements(WebUiCommonHelper.java:718)
	at com.kms.katalon.core.webui.common.WebUiCommonHelper.findWebElement(WebUiCommonHelper.java:1365)
	at com.kms.katalon.core.webui.keyword.internal.WebUIAbstractKeyword.findWebElement(WebUIAbstractKeyword.groovy:27)
	at com.kms.katalon.core.webui.keyword.WebUiBuiltInKeywords.findWebElement(WebUiBuiltInKeywords.groovy:2842)
	at com.kms.katalon.core.webui.keyword.WebUiBuiltInKeywords.findWebElement(WebUiBuiltInKeywords.groovy:2841)
	at com.kms.katalon.core.webui.keyword.WebUiBuiltInKeywords$findWebElement$1.call(Unknown Source)
	at orange.keywords.userLogin(keywords.groovy:87)
	at orange.keywords.invokeMethod(keywords.groovy)
	at com.kms.katalon.core.main.CustomKeywordDelegatingMetaClass.invokeStaticMethod(CustomKeywordDelegatingMetaClass.java:55)
	at Recruitment_Suite.setupTestCase(Recruitment%20Suite.groovy:53)
	at com.kms.katalon.core.main.ScriptEngine.runScriptMethodAsRawText(ScriptEngine.java:133)
	at com.kms.katalon.core.main.TestSuiteExecutor.runMethod(TestSuiteExecutor.java:226)
	at com.kms.katalon.core.main.TestSuiteExecutor.lambda$0(TestSuiteExecutor.java:205)
	at com.kms.katalon.core.main.TestSuiteExecutor.invokeTestSuiteMethod(TestSuiteExecutor.java:204)
	at com.kms.katalon.core.main.TestSuiteExecutor.invokeEachTestCaseMethod(TestSuiteExecutor.java:188)
	at com.kms.katalon.core.main.TestCaseExecutor.invokeTestSuiteMethod(TestCaseExecutor.java:381)
	at com.kms.katalon.core.main.TestCaseExecutor.execute(TestCaseExecutor.java:276)
	at com.kms.katalon.core.main.TestCaseExecutor.execute(TestCaseExecutor.java:369)
	at com.kms.katalon.core.main.TestCaseExecutor.execute(TestCaseExecutor.java:369)
	at com.kms.katalon.core.main.TestCaseExecutor.execute(TestCaseExecutor.java:369)
	at com.kms.katalon.core.common.CommonExecutor.accessTestCaseMainPhase(CommonExecutor.java:65)
	at com.kms.katalon.core.main.TestSuiteExecutor.accessTestSuiteMainPhase(TestSuiteExecutor.java:151)
	at com.kms.katalon.core.main.TestSuiteExecutor.execute(TestSuiteExecutor.java:106)
	at com.kms.katalon.core.main.TestCaseMain.startTestSuite(TestCaseMain.java:185)
	at com.kms.katalon.core.main.TestCaseMain$startTestSuite$0.call(Unknown Source)
	at TempTestSuite1678103789391.run(TempTestSuite1678103789391.groovy:36)]]></system-err>
      </testcase>
      <testcase name="Test Cases/Recruitment page/Candidates/Delete Candidate" time="6.671" classname="Test Cases/Recruitment page/Candidates/Delete Candidate" status="ERROR">
         <error type="ERROR" message="org.openqa.selenium.NoSuchWindowException: no such window: target window already closed
from unknown error: web view not found
  (Session info: chrome=110.0.5481.178)
Build info: version: '3.141.59', revision: 'e82be7d358', time: '2018-11-14T08:25:53'
System info: host: 'DESKTOP-BHVHH8C', ip: '192.168.0.23', os.name: 'Windows 10', os.arch: 'amd64', os.version: '10.0', java.version: '1.8.0_282'
Driver info: com.kms.katalon.selenium.driver.CChromeDriver
Capabilities {acceptInsecureCerts: false, browserName: chrome, browserVersion: 110.0.5481.178, chrome: {chromedriverVersion: 110.0.5481.77 (65ed616c6e8e..., userDataDir: C:\Users\PC\AppData\Local\T...}, goog:chromeOptions: {debuggerAddress: localhost:61399}, javascriptEnabled: true, networkConnectionEnabled: false, pageLoadStrategy: normal, platform: WINDOWS, platformName: WINDOWS, proxy: Proxy(), setWindowRect: true, strictFileInteractability: false, timeouts: {implicit: 0, pageLoad: 300000, script: 30000}, unhandledPromptBehavior: dismiss and notify, webauthn:extension:credBlob: true, webauthn:extension:largeBlob: true, webauthn:virtualAuthenticators: true}
Session ID: 51e2f2afdb5d13c4801cc526b9dd794d
*** Element info: {Using=xpath, value=//input[@name='username']}
	at org.openqa.selenium.remote.http.W3CHttpResponseCodec.createException(W3CHttpResponseCodec.java:187)
	at org.openqa.selenium.remote.http.W3CHttpResponseCodec.decode(W3CHttpResponseCodec.java:122)
	at org.openqa.selenium.remote.http.W3CHttpResponseCodec.decode(W3CHttpResponseCodec.java:49)
	at org.openqa.selenium.remote.HttpCommandExecutor.execute(HttpCommandExecutor.java:158)
	at org.openqa.selenium.remote.service.DriverCommandExecutor.execute(DriverCommandExecutor.java:83)
	at org.openqa.selenium.remote.RemoteWebDriver.execute(RemoteWebDriver.java:552)
	at com.kms.katalon.selenium.driver.CChromeDriver.execute(CChromeDriver.java:19)
	at org.openqa.selenium.remote.RemoteWebDriver.findElements(RemoteWebDriver.java:353)
	at org.openqa.selenium.remote.RemoteWebDriver.findElementsByXPath(RemoteWebDriver.java:432)
	at org.openqa.selenium.By$ByXPath.findElements(By.java:348)
	at org.openqa.selenium.remote.RemoteWebDriver.findElements(RemoteWebDriver.java:311)
	at org.openqa.selenium.support.events.EventFiringWebDriver.lambda$new$1(EventFiringWebDriver.java:105)
	at com.sun.proxy.$Proxy12.findElements(Unknown Source)
	at org.openqa.selenium.support.events.EventFiringWebDriver.findElements(EventFiringWebDriver.java:182)
	at com.kms.katalon.core.webui.common.WebUiCommonHelper.findElementByNormalMethods(WebUiCommonHelper.java:1016)
	at com.kms.katalon.core.webui.common.WebUiCommonHelper.findElementsBySelectedMethod(WebUiCommonHelper.java:911)
	at com.kms.katalon.core.webui.common.WebUiCommonHelper.findElementsBySelectedMethod(WebUiCommonHelper.java:894)
	at com.kms.katalon.core.webui.common.WebUiCommonHelper.findElementsBySelectedMethod(WebUiCommonHelper.java:889)
	at com.kms.katalon.core.webui.common.WebUiCommonHelper.findElementsByDefault(WebUiCommonHelper.java:885)
	at com.kms.katalon.core.webui.common.WebUiCommonHelper.findElementsWithSelfHealing(WebUiCommonHelper.java:733)
	at com.kms.katalon.core.webui.common.WebUiCommonHelper.findWebElements(WebUiCommonHelper.java:718)
	at com.kms.katalon.core.webui.common.WebUiCommonHelper.findWebElement(WebUiCommonHelper.java:1365)
	at com.kms.katalon.core.webui.keyword.internal.WebUIAbstractKeyword.findWebElement(WebUIAbstractKeyword.groovy:27)
	at com.kms.katalon.core.webui.keyword.WebUiBuiltInKeywords.findWebElement(WebUiBuiltInKeywords.groovy:2842)
	at com.kms.katalon.core.webui.keyword.WebUiBuiltInKeywords.findWebElement(WebUiBuiltInKeywords.groovy:2841)
	at com.kms.katalon.core.webui.keyword.WebUiBuiltInKeywords$findWebElement$1.call(Unknown Source)
	at orange.keywords.userLogin(keywords.groovy:87)
	at orange.keywords.invokeMethod(keywords.groovy)
	at com.kms.katalon.core.main.CustomKeywordDelegatingMetaClass.invokeStaticMethod(CustomKeywordDelegatingMetaClass.java:55)
	at Recruitment_Suite.setupTestCase(Recruitment%20Suite.groovy:53)
	at com.kms.katalon.core.main.ScriptEngine.runScriptMethodAsRawText(ScriptEngine.java:133)
	at com.kms.katalon.core.main.TestSuiteExecutor.runMethod(TestSuiteExecutor.java:226)
	at com.kms.katalon.core.main.TestSuiteExecutor.lambda$0(TestSuiteExecutor.java:205)
	at com.kms.katalon.core.main.TestSuiteExecutor.invokeTestSuiteMethod(TestSuiteExecutor.java:204)
	at com.kms.katalon.core.main.TestSuiteExecutor.invokeEachTestCaseMethod(TestSuiteExecutor.java:188)
	at com.kms.katalon.core.main.TestCaseExecutor.invokeTestSuiteMethod(TestCaseExecutor.java:381)
	at com.kms.katalon.core.main.TestCaseExecutor.execute(TestCaseExecutor.java:276)
	at com.kms.katalon.core.common.CommonExecutor.accessTestCaseMainPhase(CommonExecutor.java:65)
	at com.kms.katalon.core.main.TestSuiteExecutor.accessTestSuiteMainPhase(TestSuiteExecutor.java:151)
	at com.kms.katalon.core.main.TestSuiteExecutor.execute(TestSuiteExecutor.java:106)
	at com.kms.katalon.core.main.TestCaseMain.startTestSuite(TestCaseMain.java:185)
	at com.kms.katalon.core.main.TestCaseMain$startTestSuite$0.call(Unknown Source)
	at TempTestSuite1678103789391.run(TempTestSuite1678103789391.groovy:36)
"/>
         <system-out><![CDATA[2023-03-06 13:06:01 - [TEST_CASE][ERROR] - Test Cases/Recruitment page/Candidates/Delete Candidate: org.openqa.selenium.NoSuchWindowException: no such window: target window already closed
from unknown error: web view not found
  (Session info: chrome=110.0.5481.178)
Build info: version: '3.141.59', revision: 'e82be7d358', time: '2018-11-14T08:25:53'
System info: host: 'DESKTOP-BHVHH8C', ip: '192.168.0.23', os.name: 'Windows 10', os.arch: 'amd64', os.version: '10.0', java.version: '1.8.0_282'
Driver info: com.kms.katalon.selenium.driver.CChromeDriver
Capabilities {acceptInsecureCerts: false, browserName: chrome, browserVersion: 110.0.5481.178, chrome: {chromedriverVersion: 110.0.5481.77 (65ed616c6e8e..., userDataDir: C:\Users\PC\AppData\Local\T...}, goog:chromeOptions: {debuggerAddress: localhost:61399}, javascriptEnabled: true, networkConnectionEnabled: false, pageLoadStrategy: normal, platform: WINDOWS, platformName: WINDOWS, proxy: Proxy(), setWindowRect: true, strictFileInteractability: false, timeouts: {implicit: 0, pageLoad: 300000, script: 30000}, unhandledPromptBehavior: dismiss and notify, webauthn:extension:credBlob: true, webauthn:extension:largeBlob: true, webauthn:virtualAuthenticators: true}
Session ID: 51e2f2afdb5d13c4801cc526b9dd794d
*** Element info: {Using=xpath, value=//input[@name='username']}
	at org.openqa.selenium.remote.http.W3CHttpResponseCodec.createException(W3CHttpResponseCodec.java:187)
	at org.openqa.selenium.remote.http.W3CHttpResponseCodec.decode(W3CHttpResponseCodec.java:122)
	at org.openqa.selenium.remote.http.W3CHttpResponseCodec.decode(W3CHttpResponseCodec.java:49)
	at org.openqa.selenium.remote.HttpCommandExecutor.execute(HttpCommandExecutor.java:158)
	at org.openqa.selenium.remote.service.DriverCommandExecutor.execute(DriverCommandExecutor.java:83)
	at org.openqa.selenium.remote.RemoteWebDriver.execute(RemoteWebDriver.java:552)
	at com.kms.katalon.selenium.driver.CChromeDriver.execute(CChromeDriver.java:19)
	at org.openqa.selenium.remote.RemoteWebDriver.findElements(RemoteWebDriver.java:353)
	at org.openqa.selenium.remote.RemoteWebDriver.findElementsByXPath(RemoteWebDriver.java:432)
	at org.openqa.selenium.By$ByXPath.findElements(By.java:348)
	at org.openqa.selenium.remote.RemoteWebDriver.findElements(RemoteWebDriver.java:311)
	at org.openqa.selenium.support.events.EventFiringWebDriver.lambda$new$1(EventFiringWebDriver.java:105)
	at com.sun.proxy.$Proxy12.findElements(Unknown Source)
	at org.openqa.selenium.support.events.EventFiringWebDriver.findElements(EventFiringWebDriver.java:182)
	at com.kms.katalon.core.webui.common.WebUiCommonHelper.findElementByNormalMethods(WebUiCommonHelper.java:1016)
	at com.kms.katalon.core.webui.common.WebUiCommonHelper.findElementsBySelectedMethod(WebUiCommonHelper.java:911)
	at com.kms.katalon.core.webui.common.WebUiCommonHelper.findElementsBySelectedMethod(WebUiCommonHelper.java:894)
	at com.kms.katalon.core.webui.common.WebUiCommonHelper.findElementsBySelectedMethod(WebUiCommonHelper.java:889)
	at com.kms.katalon.core.webui.common.WebUiCommonHelper.findElementsByDefault(WebUiCommonHelper.java:885)
	at com.kms.katalon.core.webui.common.WebUiCommonHelper.findElementsWithSelfHealing(WebUiCommonHelper.java:733)
	at com.kms.katalon.core.webui.common.WebUiCommonHelper.findWebElements(WebUiCommonHelper.java:718)
	at com.kms.katalon.core.webui.common.WebUiCommonHelper.findWebElement(WebUiCommonHelper.java:1365)
	at com.kms.katalon.core.webui.keyword.internal.WebUIAbstractKeyword.findWebElement(WebUIAbstractKeyword.groovy:27)
	at com.kms.katalon.core.webui.keyword.WebUiBuiltInKeywords.findWebElement(WebUiBuiltInKeywords.groovy:2842)
	at com.kms.katalon.core.webui.keyword.WebUiBuiltInKeywords.findWebElement(WebUiBuiltInKeywords.groovy:2841)
	at com.kms.katalon.core.webui.keyword.WebUiBuiltInKeywords$findWebElement$1.call(Unknown Source)
	at orange.keywords.userLogin(keywords.groovy:87)
	at orange.keywords.invokeMethod(keywords.groovy)
	at com.kms.katalon.core.main.CustomKeywordDelegatingMetaClass.invokeStaticMethod(CustomKeywordDelegatingMetaClass.java:55)
	at Recruitment_Suite.setupTestCase(Recruitment%20Suite.groovy:53)
	at com.kms.katalon.core.main.ScriptEngine.runScriptMethodAsRawText(ScriptEngine.java:133)
	at com.kms.katalon.core.main.TestSuiteExecutor.runMethod(TestSuiteExecutor.java:226)
	at com.kms.katalon.core.main.TestSuiteExecutor.lambda$0(TestSuiteExecutor.java:205)
	at com.kms.katalon.core.main.TestSuiteExecutor.invokeTestSuiteMethod(TestSuiteExecutor.java:204)
	at com.kms.katalon.core.main.TestSuiteExecutor.invokeEachTestCaseMethod(TestSuiteExecutor.java:188)
	at com.kms.katalon.core.main.TestCaseExecutor.invokeTestSuiteMethod(TestCaseExecutor.java:381)
	at com.kms.katalon.core.main.TestCaseExecutor.execute(TestCaseExecutor.java:276)
	at com.kms.katalon.core.common.CommonExecutor.accessTestCaseMainPhase(CommonExecutor.java:65)
	at com.kms.katalon.core.main.TestSuiteExecutor.accessTestSuiteMainPhase(TestSuiteExecutor.java:151)
	at com.kms.katalon.core.main.TestSuiteExecutor.execute(TestSuiteExecutor.java:106)
	at com.kms.katalon.core.main.TestCaseMain.startTestSuite(TestCaseMain.java:185)
	at com.kms.katalon.core.main.TestCaseMain$startTestSuite$0.call(Unknown Source)
	at TempTestSuite1678103789391.run(TempTestSuite1678103789391.groovy:36)


2023-03-06 13:06:01 - [TEST_STEP][ERROR] - Start listener action : sampleBeforeTestCase: com.kms.katalon.core.exception.StepFailedException: Unable to maximize current window
	at com.kms.katalon.core.webui.keyword.internal.WebUIKeywordMain.stepFailed(WebUIKeywordMain.groovy:64)
	at com.kms.katalon.core.webui.keyword.internal.WebUIKeywordMain.runKeyword(WebUIKeywordMain.groovy:26)
	at com.kms.katalon.core.webui.keyword.builtin.MaximizeWindowKeyword.maximizeWindow(MaximizeWindowKeyword.groovy:74)
	at com.kms.katalon.core.webui.keyword.builtin.MaximizeWindowKeyword.execute(MaximizeWindowKeyword.groovy:69)
	at com.kms.katalon.core.keyword.internal.KeywordExecutor.executeKeywordForPlatform(KeywordExecutor.groovy:74)
	at com.kms.katalon.core.webui.keyword.WebUiBuiltInKeywords.maximizeWindow(WebUiBuiltInKeywords.groovy:283)
	at com.kms.katalon.core.webui.keyword.WebUiBuiltInKeywords$maximizeWindow$0.call(Unknown Source)
	at TestListener.sampleBeforeTestCase(TestListener.groovy:35)
	at TestListener.invokeMethod(TestListener.groovy)
	at com.kms.katalon.core.context.internal.TestHooker.invokeMethod(TestHooker.java:111)
	at com.kms.katalon.core.context.internal.TestHooker.lambda$3(TestHooker.java:95)
	at com.kms.katalon.core.context.internal.TestHooker.invokeContextMethods(TestHooker.java:94)
	at com.kms.katalon.core.context.internal.TestListenerCollector.lambda$3(TestListenerCollector.java:88)
	at com.kms.katalon.core.context.internal.TestListenerCollector.handleListenerEvent(TestListenerCollector.java:85)
	at com.kms.katalon.core.context.internal.ExecutionEventManager.publicEvent(ExecutionEventManager.java:36)
	at com.kms.katalon.core.main.TestCaseExecutor.execute(TestCaseExecutor.java:268)
	at com.kms.katalon.core.common.CommonExecutor.accessTestCaseMainPhase(CommonExecutor.java:65)
	at com.kms.katalon.core.main.TestSuiteExecutor.accessTestSuiteMainPhase(TestSuiteExecutor.java:151)
	at com.kms.katalon.core.main.TestSuiteExecutor.execute(TestSuiteExecutor.java:106)
	at com.kms.katalon.core.main.TestCaseMain.startTestSuite(TestCaseMain.java:185)
	at com.kms.katalon.core.main.TestCaseMain$startTestSuite$0.call(Unknown Source)
	at TempTestSuite1678103789391.run(TempTestSuite1678103789391.groovy:36)
Caused by: org.openqa.selenium.NoSuchWindowException: no such window: target window already closed
from unknown error: web view not found
  (Session info: chrome=110.0.5481.178)
Build info: version: '3.141.59', revision: 'e82be7d358', time: '2018-11-14T08:25:53'
System info: host: 'DESKTOP-BHVHH8C', ip: '192.168.0.23', os.name: 'Windows 10', os.arch: 'amd64', os.version: '10.0', java.version: '1.8.0_282'
Driver info: com.kms.katalon.selenium.driver.CChromeDriver
Capabilities {acceptInsecureCerts: false, browserName: chrome, browserVersion: 110.0.5481.178, chrome: {chromedriverVersion: 110.0.5481.77 (65ed616c6e8e..., userDataDir: C:\Users\PC\AppData\Local\T...}, goog:chromeOptions: {debuggerAddress: localhost:61399}, javascriptEnabled: true, networkConnectionEnabled: false, pageLoadStrategy: normal, platform: WINDOWS, platformName: WINDOWS, proxy: Proxy(), setWindowRect: true, strictFileInteractability: false, timeouts: {implicit: 0, pageLoad: 300000, script: 30000}, unhandledPromptBehavior: dismiss and notify, webauthn:extension:credBlob: true, webauthn:extension:largeBlob: true, webauthn:virtualAuthenticators: true}
Session ID: 51e2f2afdb5d13c4801cc526b9dd794d
	at org.openqa.selenium.remote.http.W3CHttpResponseCodec.createException(W3CHttpResponseCodec.java:187)
	at org.openqa.selenium.remote.http.W3CHttpResponseCodec.decode(W3CHttpResponseCodec.java:122)
	at org.openqa.selenium.remote.http.W3CHttpResponseCodec.decode(W3CHttpResponseCodec.java:49)
	at org.openqa.selenium.remote.HttpCommandExecutor.execute(HttpCommandExecutor.java:158)
	at org.openqa.selenium.remote.service.DriverCommandExecutor.execute(DriverCommandExecutor.java:83)
	at org.openqa.selenium.remote.RemoteWebDriver.execute(RemoteWebDriver.java:552)
	at com.kms.katalon.selenium.driver.CChromeDriver.execute(CChromeDriver.java:19)
	at org.openqa.selenium.remote.RemoteWebDriver.execute(RemoteWebDriver.java:609)
	at org.openqa.selenium.remote.RemoteWebDriver$RemoteWebDriverOptions$RemoteWindow.maximize(RemoteWebDriver.java:837)
	at org.openqa.selenium.support.events.EventFiringWebDriver$EventFiringWindow.maximize(EventFiringWebDriver.java:769)
	at com.kms.katalon.core.webui.keyword.builtin.MaximizeWindowKeyword$_maximizeWindow_closure1.doCall(MaximizeWindowKeyword.groovy:85)
	at com.kms.katalon.core.webui.keyword.builtin.MaximizeWindowKeyword$_maximizeWindow_closure1.call(MaximizeWindowKeyword.groovy)
	at com.kms.katalon.core.webui.keyword.internal.WebUIKeywordMain.runKeyword(WebUIKeywordMain.groovy:20)
	... 20 more


2023-03-06 13:06:01 - [TEST_STEP][PASSED] - println(testCaseContext.getTestCaseId()): null

2023-03-06 13:06:01 - [TEST_STEP][PASSED] - println(testCaseContext.getTestCaseVariables()): null

2023-03-06 13:06:01 - [TEST_STEP][PASSED] - openBrowser(baseURL): Browser is opened with url: 'https://opensource-demo.orangehrmlive.com/web/index.php/auth/login'

2023-03-06 13:06:01 - [MESSAGE][WARNING] - A browser is already opened. Closing browser and opening a new one

2023-03-06 13:06:02 - [MESSAGE][INFO] - Starting 'Chrome' driver

2023-03-06 13:06:02 - [MESSAGE][INFO] - Action delay is set to 1,000 milliseconds

2023-03-06 13:06:08 - [MESSAGE][PASSED] - Browser is opened with url: 'https://opensource-demo.orangehrmlive.com/web/index.php/auth/login'

2023-03-06 13:06:08 - [TEST_STEP][ERROR] - maximizeWindow(): com.kms.katalon.core.exception.StepFailedException: Unable to maximize current window
	at com.kms.katalon.core.webui.keyword.internal.WebUIKeywordMain.stepFailed(WebUIKeywordMain.groovy:64)
	at com.kms.katalon.core.webui.keyword.internal.WebUIKeywordMain.runKeyword(WebUIKeywordMain.groovy:26)
	at com.kms.katalon.core.webui.keyword.builtin.MaximizeWindowKeyword.maximizeWindow(MaximizeWindowKeyword.groovy:74)
	at com.kms.katalon.core.webui.keyword.builtin.MaximizeWindowKeyword.execute(MaximizeWindowKeyword.groovy:69)
	at com.kms.katalon.core.keyword.internal.KeywordExecutor.executeKeywordForPlatform(KeywordExecutor.groovy:74)
	at com.kms.katalon.core.webui.keyword.WebUiBuiltInKeywords.maximizeWindow(WebUiBuiltInKeywords.groovy:283)
	at com.kms.katalon.core.webui.keyword.WebUiBuiltInKeywords$maximizeWindow$0.call(Unknown Source)
	at TestListener.sampleBeforeTestCase(TestListener.groovy:35)
	at TestListener.invokeMethod(TestListener.groovy)
	at com.kms.katalon.core.context.internal.TestHooker.invokeMethod(TestHooker.java:111)
	at com.kms.katalon.core.context.internal.TestHooker.lambda$3(TestHooker.java:95)
	at com.kms.katalon.core.context.internal.TestHooker.invokeContextMethods(TestHooker.java:94)
	at com.kms.katalon.core.context.internal.TestListenerCollector.lambda$3(TestListenerCollector.java:88)
	at com.kms.katalon.core.context.internal.TestListenerCollector.handleListenerEvent(TestListenerCollector.java:85)
	at com.kms.katalon.core.context.internal.ExecutionEventManager.publicEvent(ExecutionEventManager.java:36)
	at com.kms.katalon.core.main.TestCaseExecutor.execute(TestCaseExecutor.java:268)
	at com.kms.katalon.core.common.CommonExecutor.accessTestCaseMainPhase(CommonExecutor.java:65)
	at com.kms.katalon.core.main.TestSuiteExecutor.accessTestSuiteMainPhase(TestSuiteExecutor.java:151)
	at com.kms.katalon.core.main.TestSuiteExecutor.execute(TestSuiteExecutor.java:106)
	at com.kms.katalon.core.main.TestCaseMain.startTestSuite(TestCaseMain.java:185)
	at com.kms.katalon.core.main.TestCaseMain$startTestSuite$0.call(Unknown Source)
	at TempTestSuite1678103789391.run(TempTestSuite1678103789391.groovy:36)
Caused by: org.openqa.selenium.NoSuchWindowException: no such window: target window already closed
from unknown error: web view not found
  (Session info: chrome=110.0.5481.178)
Build info: version: '3.141.59', revision: 'e82be7d358', time: '2018-11-14T08:25:53'
System info: host: 'DESKTOP-BHVHH8C', ip: '192.168.0.23', os.name: 'Windows 10', os.arch: 'amd64', os.version: '10.0', java.version: '1.8.0_282'
Driver info: com.kms.katalon.selenium.driver.CChromeDriver
Capabilities {acceptInsecureCerts: false, browserName: chrome, browserVersion: 110.0.5481.178, chrome: {chromedriverVersion: 110.0.5481.77 (65ed616c6e8e..., userDataDir: C:\Users\PC\AppData\Local\T...}, goog:chromeOptions: {debuggerAddress: localhost:61399}, javascriptEnabled: true, networkConnectionEnabled: false, pageLoadStrategy: normal, platform: WINDOWS, platformName: WINDOWS, proxy: Proxy(), setWindowRect: true, strictFileInteractability: false, timeouts: {implicit: 0, pageLoad: 300000, script: 30000}, unhandledPromptBehavior: dismiss and notify, webauthn:extension:credBlob: true, webauthn:extension:largeBlob: true, webauthn:virtualAuthenticators: true}
Session ID: 51e2f2afdb5d13c4801cc526b9dd794d
	at org.openqa.selenium.remote.http.W3CHttpResponseCodec.createException(W3CHttpResponseCodec.java:187)
	at org.openqa.selenium.remote.http.W3CHttpResponseCodec.decode(W3CHttpResponseCodec.java:122)
	at org.openqa.selenium.remote.http.W3CHttpResponseCodec.decode(W3CHttpResponseCodec.java:49)
	at org.openqa.selenium.remote.HttpCommandExecutor.execute(HttpCommandExecutor.java:158)
	at org.openqa.selenium.remote.service.DriverCommandExecutor.execute(DriverCommandExecutor.java:83)
	at org.openqa.selenium.remote.RemoteWebDriver.execute(RemoteWebDriver.java:552)
	at com.kms.katalon.selenium.driver.CChromeDriver.execute(CChromeDriver.java:19)
	at org.openqa.selenium.remote.RemoteWebDriver.execute(RemoteWebDriver.java:609)
	at org.openqa.selenium.remote.RemoteWebDriver$RemoteWebDriverOptions$RemoteWindow.maximize(RemoteWebDriver.java:837)
	at org.openqa.selenium.support.events.EventFiringWebDriver$EventFiringWindow.maximize(EventFiringWebDriver.java:769)
	at com.kms.katalon.core.webui.keyword.builtin.MaximizeWindowKeyword$_maximizeWindow_closure1.doCall(MaximizeWindowKeyword.groovy:85)
	at com.kms.katalon.core.webui.keyword.builtin.MaximizeWindowKeyword$_maximizeWindow_closure1.call(MaximizeWindowKeyword.groovy)
	at com.kms.katalon.core.webui.keyword.internal.WebUIKeywordMain.runKeyword(WebUIKeywordMain.groovy:20)
	... 20 more


2023-03-06 13:06:08 - [MESSAGE][WARNING] - Cannot take screenshot

2023-03-06 13:06:08 - [MESSAGE][FAILED] - Unable to maximize current window (Root cause: com.kms.katalon.core.exception.StepFailedException: Unable to maximize current window
	at com.kms.katalon.core.webui.keyword.internal.WebUIKeywordMain.stepFailed(WebUIKeywordMain.groovy:64)
	at com.kms.katalon.core.webui.keyword.internal.WebUIKeywordMain.runKeyword(WebUIKeywordMain.groovy:26)
	at com.kms.katalon.core.webui.keyword.builtin.MaximizeWindowKeyword.maximizeWindow(MaximizeWindowKeyword.groovy:74)
	at com.kms.katalon.core.webui.keyword.builtin.MaximizeWindowKeyword.execute(MaximizeWindowKeyword.groovy:69)
	at com.kms.katalon.core.keyword.internal.KeywordExecutor.executeKeywordForPlatform(KeywordExecutor.groovy:74)
	at com.kms.katalon.core.webui.keyword.WebUiBuiltInKeywords.maximizeWindow(WebUiBuiltInKeywords.groovy:283)
	at com.kms.katalon.core.webui.keyword.WebUiBuiltInKeywords$maximizeWindow$0.call(Unknown Source)
	at TestListener.sampleBeforeTestCase(TestListener.groovy:35)
	at TestListener.invokeMethod(TestListener.groovy)
	at com.kms.katalon.core.context.internal.TestHooker.invokeMethod(TestHooker.java:111)
	at com.kms.katalon.core.context.internal.TestHooker.lambda$3(TestHooker.java:95)
	at com.kms.katalon.core.context.internal.TestHooker.invokeContextMethods(TestHooker.java:94)
	at com.kms.katalon.core.context.internal.TestListenerCollector.lambda$3(TestListenerCollector.java:88)
	at com.kms.katalon.core.context.internal.TestListenerCollector.handleListenerEvent(TestListenerCollector.java:85)
	at com.kms.katalon.core.context.internal.ExecutionEventManager.publicEvent(ExecutionEventManager.java:36)
	at com.kms.katalon.core.main.TestCaseExecutor.execute(TestCaseExecutor.java:268)
	at com.kms.katalon.core.common.CommonExecutor.accessTestCaseMainPhase(CommonExecutor.java:65)
	at com.kms.katalon.core.main.TestSuiteExecutor.accessTestSuiteMainPhase(TestSuiteExecutor.java:151)
	at com.kms.katalon.core.main.TestSuiteExecutor.execute(TestSuiteExecutor.java:106)
	at com.kms.katalon.core.main.TestCaseMain.startTestSuite(TestCaseMain.java:185)
	at com.kms.katalon.core.main.TestCaseMain$startTestSuite$0.call(Unknown Source)
	at TempTestSuite1678103789391.run(TempTestSuite1678103789391.groovy:36)
Caused by: org.openqa.selenium.NoSuchWindowException: no such window: target window already closed
from unknown error: web view not found
  (Session info: chrome=110.0.5481.178)
Build info: version: '3.141.59', revision: 'e82be7d358', time: '2018-11-14T08:25:53'
System info: host: 'DESKTOP-BHVHH8C', ip: '192.168.0.23', os.name: 'Windows 10', os.arch: 'amd64', os.version: '10.0', java.version: '1.8.0_282'
Driver info: com.kms.katalon.selenium.driver.CChromeDriver
Capabilities {acceptInsecureCerts: false, browserName: chrome, browserVersion: 110.0.5481.178, chrome: {chromedriverVersion: 110.0.5481.77 (65ed616c6e8e..., userDataDir: C:\Users\PC\AppData\Local\T...}, goog:chromeOptions: {debuggerAddress: localhost:61399}, javascriptEnabled: true, networkConnectionEnabled: false, pageLoadStrategy: normal, platform: WINDOWS, platformName: WINDOWS, proxy: Proxy(), setWindowRect: true, strictFileInteractability: false, timeouts: {implicit: 0, pageLoad: 300000, script: 30000}, unhandledPromptBehavior: dismiss and notify, webauthn:extension:credBlob: true, webauthn:extension:largeBlob: true, webauthn:virtualAuthenticators: true}
Session ID: 51e2f2afdb5d13c4801cc526b9dd794d
	at org.openqa.selenium.remote.http.W3CHttpResponseCodec.createException(W3CHttpResponseCodec.java:187)
	at org.openqa.selenium.remote.http.W3CHttpResponseCodec.decode(W3CHttpResponseCodec.java:122)
	at org.openqa.selenium.remote.http.W3CHttpResponseCodec.decode(W3CHttpResponseCodec.java:49)
	at org.openqa.selenium.remote.HttpCommandExecutor.execute(HttpCommandExecutor.java:158)
	at org.openqa.selenium.remote.service.DriverCommandExecutor.execute(DriverCommandExecutor.java:83)
	at org.openqa.selenium.remote.RemoteWebDriver.execute(RemoteWebDriver.java:552)
	at com.kms.katalon.selenium.driver.CChromeDriver.execute(CChromeDriver.java:19)
	at org.openqa.selenium.remote.RemoteWebDriver.execute(RemoteWebDriver.java:609)
	at org.openqa.selenium.remote.RemoteWebDriver$RemoteWebDriverOptions$RemoteWindow.maximize(RemoteWebDriver.java:837)
	at org.openqa.selenium.support.events.EventFiringWebDriver$EventFiringWindow.maximize(EventFiringWebDriver.java:769)
	at com.kms.katalon.core.webui.keyword.builtin.MaximizeWindowKeyword$_maximizeWindow_closure1.doCall(MaximizeWindowKeyword.groovy:85)
	at com.kms.katalon.core.webui.keyword.builtin.MaximizeWindowKeyword$_maximizeWindow_closure1.call(MaximizeWindowKeyword.groovy)
	at com.kms.katalon.core.webui.keyword.internal.WebUIKeywordMain.runKeyword(WebUIKeywordMain.groovy:20)
	... 20 more
)

2023-03-06 13:06:08 - [MESSAGE][ERROR] - com.kms.katalon.core.exception.StepFailedException: Unable to maximize current window
	at com.kms.katalon.core.webui.keyword.internal.WebUIKeywordMain.stepFailed(WebUIKeywordMain.groovy:64)
	at com.kms.katalon.core.webui.keyword.internal.WebUIKeywordMain.runKeyword(WebUIKeywordMain.groovy:26)
	at com.kms.katalon.core.webui.keyword.builtin.MaximizeWindowKeyword.maximizeWindow(MaximizeWindowKeyword.groovy:74)
	at com.kms.katalon.core.webui.keyword.builtin.MaximizeWindowKeyword.execute(MaximizeWindowKeyword.groovy:69)
	at com.kms.katalon.core.keyword.internal.KeywordExecutor.executeKeywordForPlatform(KeywordExecutor.groovy:74)
	at com.kms.katalon.core.webui.keyword.WebUiBuiltInKeywords.maximizeWindow(WebUiBuiltInKeywords.groovy:283)
	at com.kms.katalon.core.webui.keyword.WebUiBuiltInKeywords$maximizeWindow$0.call(Unknown Source)
	at TestListener.sampleBeforeTestCase(TestListener.groovy:35)
	at TestListener.invokeMethod(TestListener.groovy)
	at com.kms.katalon.core.context.internal.TestHooker.invokeMethod(TestHooker.java:111)
	at com.kms.katalon.core.context.internal.TestHooker.lambda$3(TestHooker.java:95)
	at com.kms.katalon.core.context.internal.TestHooker.invokeContextMethods(TestHooker.java:94)
	at com.kms.katalon.core.context.internal.TestListenerCollector.lambda$3(TestListenerCollector.java:88)
	at com.kms.katalon.core.context.internal.TestListenerCollector.handleListenerEvent(TestListenerCollector.java:85)
	at com.kms.katalon.core.context.internal.ExecutionEventManager.publicEvent(ExecutionEventManager.java:36)
	at com.kms.katalon.core.main.TestCaseExecutor.execute(TestCaseExecutor.java:268)
	at com.kms.katalon.core.common.CommonExecutor.accessTestCaseMainPhase(CommonExecutor.java:65)
	at com.kms.katalon.core.main.TestSuiteExecutor.accessTestSuiteMainPhase(TestSuiteExecutor.java:151)
	at com.kms.katalon.core.main.TestSuiteExecutor.execute(TestSuiteExecutor.java:106)
	at com.kms.katalon.core.main.TestCaseMain.startTestSuite(TestCaseMain.java:185)
	at com.kms.katalon.core.main.TestCaseMain$startTestSuite$0.call(Unknown Source)
	at TempTestSuite1678103789391.run(TempTestSuite1678103789391.groovy:36)
Caused by: org.openqa.selenium.NoSuchWindowException: no such window: target window already closed
from unknown error: web view not found
  (Session info: chrome=110.0.5481.178)
Build info: version: '3.141.59', revision: 'e82be7d358', time: '2018-11-14T08:25:53'
System info: host: 'DESKTOP-BHVHH8C', ip: '192.168.0.23', os.name: 'Windows 10', os.arch: 'amd64', os.version: '10.0', java.version: '1.8.0_282'
Driver info: com.kms.katalon.selenium.driver.CChromeDriver
Capabilities {acceptInsecureCerts: false, browserName: chrome, browserVersion: 110.0.5481.178, chrome: {chromedriverVersion: 110.0.5481.77 (65ed616c6e8e..., userDataDir: C:\Users\PC\AppData\Local\T...}, goog:chromeOptions: {debuggerAddress: localhost:61399}, javascriptEnabled: true, networkConnectionEnabled: false, pageLoadStrategy: normal, platform: WINDOWS, platformName: WINDOWS, proxy: Proxy(), setWindowRect: true, strictFileInteractability: false, timeouts: {implicit: 0, pageLoad: 300000, script: 30000}, unhandledPromptBehavior: dismiss and notify, webauthn:extension:credBlob: true, webauthn:extension:largeBlob: true, webauthn:virtualAuthenticators: true}
Session ID: 51e2f2afdb5d13c4801cc526b9dd794d
	at org.openqa.selenium.remote.http.W3CHttpResponseCodec.createException(W3CHttpResponseCodec.java:187)
	at org.openqa.selenium.remote.http.W3CHttpResponseCodec.decode(W3CHttpResponseCodec.java:122)
	at org.openqa.selenium.remote.http.W3CHttpResponseCodec.decode(W3CHttpResponseCodec.java:49)
	at org.openqa.selenium.remote.HttpCommandExecutor.execute(HttpCommandExecutor.java:158)
	at org.openqa.selenium.remote.service.DriverCommandExecutor.execute(DriverCommandExecutor.java:83)
	at org.openqa.selenium.remote.RemoteWebDriver.execute(RemoteWebDriver.java:552)
	at com.kms.katalon.selenium.driver.CChromeDriver.execute(CChromeDriver.java:19)
	at org.openqa.selenium.remote.RemoteWebDriver.execute(RemoteWebDriver.java:609)
	at org.openqa.selenium.remote.RemoteWebDriver$RemoteWebDriverOptions$RemoteWindow.maximize(RemoteWebDriver.java:837)
	at org.openqa.selenium.support.events.EventFiringWebDriver$EventFiringWindow.maximize(EventFiringWebDriver.java:769)
	at com.kms.katalon.core.webui.keyword.builtin.MaximizeWindowKeyword$_maximizeWindow_closure1.doCall(MaximizeWindowKeyword.groovy:85)
	at com.kms.katalon.core.webui.keyword.builtin.MaximizeWindowKeyword$_maximizeWindow_closure1.call(MaximizeWindowKeyword.groovy)
	at com.kms.katalon.core.webui.keyword.internal.WebUIKeywordMain.runKeyword(WebUIKeywordMain.groovy:20)
	... 20 more


2023-03-06 13:06:08 - [TEST_STEP][ERROR] - Start setup action : setupTestCase: no such window: target window already closed
from unknown error: web view not found
  (Session info: chrome=110.0.5481.178)
Build info: version: '3.141.59', revision: 'e82be7d358', time: '2018-11-14T08:25:53'
System info: host: 'DESKTOP-BHVHH8C', ip: '192.168.0.23', os.name: 'Windows 10', os.arch: 'amd64', os.version: '10.0', java.version: '1.8.0_282'
Driver info: com.kms.katalon.selenium.driver.CChromeDriver
Capabilities {acceptInsecureCerts: false, browserName: chrome, browserVersion: 110.0.5481.178, chrome: {chromedriverVersion: 110.0.5481.77 (65ed616c6e8e..., userDataDir: C:\Users\PC\AppData\Local\T...}, goog:chromeOptions: {debuggerAddress: localhost:61399}, javascriptEnabled: true, networkConnectionEnabled: false, pageLoadStrategy: normal, platform: WINDOWS, platformName: WINDOWS, proxy: Proxy(), setWindowRect: true, strictFileInteractability: false, timeouts: {implicit: 0, pageLoad: 300000, script: 30000}, unhandledPromptBehavior: dismiss and notify, webauthn:extension:credBlob: true, webauthn:extension:largeBlob: true, webauthn:virtualAuthenticators: true}
Session ID: 51e2f2afdb5d13c4801cc526b9dd794d
*** Element info: {Using=xpath, value=//input[@name='username']}

2023-03-06 13:06:08 - [TEST_STEP][ERROR] - orange.keywords.userLogin(findTestObject("Login Page/textbox_Username"), username, findTestObject("Login Page/textbox_Password"), password, findTestObject("Login Page/button_Login")): no such window: target window already closed
from unknown error: web view not found
  (Session info: chrome=110.0.5481.178)
Build info: version: '3.141.59', revision: 'e82be7d358', time: '2018-11-14T08:25:53'
System info: host: 'DESKTOP-BHVHH8C', ip: '192.168.0.23', os.name: 'Windows 10', os.arch: 'amd64', os.version: '10.0', java.version: '1.8.0_282'
Driver info: com.kms.katalon.selenium.driver.CChromeDriver
Capabilities {acceptInsecureCerts: false, browserName: chrome, browserVersion: 110.0.5481.178, chrome: {chromedriverVersion: 110.0.5481.77 (65ed616c6e8e..., userDataDir: C:\Users\PC\AppData\Local\T...}, goog:chromeOptions: {debuggerAddress: localhost:61399}, javascriptEnabled: true, networkConnectionEnabled: false, pageLoadStrategy: normal, platform: WINDOWS, platformName: WINDOWS, proxy: Proxy(), setWindowRect: true, strictFileInteractability: false, timeouts: {implicit: 0, pageLoad: 300000, script: 30000}, unhandledPromptBehavior: dismiss and notify, webauthn:extension:credBlob: true, webauthn:extension:largeBlob: true, webauthn:virtualAuthenticators: true}
Session ID: 51e2f2afdb5d13c4801cc526b9dd794d
*** Element info: {Using=xpath, value=//input[@name='username']}

2023-03-06 13:06:08 - [MESSAGE][WARNING] - [SELF-HEALING] Failed to find element with id 'Object Repository/Login Page/textbox_Username'. Try using Self-healing.

2023-03-06 13:06:08 - [MESSAGE][WARNING] - [SELF-HEALING] no such window: target window already closed
from unknown error: web view not found
  (Session info: chrome=110.0.5481.178)
Build info: version: '3.141.59', revision: 'e82be7d358', time: '2018-11-14T08:25:53'
System info: host: 'DESKTOP-BHVHH8C', ip: '192.168.0.23', os.name: 'Windows 10', os.arch: 'amd64', os.version: '10.0', java.version: '1.8.0_282'
Driver info: com.kms.katalon.selenium.driver.CChromeDriver
Capabilities {acceptInsecureCerts: false, browserName: chrome, browserVersion: 110.0.5481.178, chrome: {chromedriverVersion: 110.0.5481.77 (65ed616c6e8e..., userDataDir: C:\Users\PC\AppData\Local\T...}, goog:chromeOptions: {debuggerAddress: localhost:61399}, javascriptEnabled: true, networkConnectionEnabled: false, pageLoadStrategy: normal, platform: WINDOWS, platformName: WINDOWS, proxy: Proxy(), setWindowRect: true, strictFileInteractability: false, timeouts: {implicit: 0, pageLoad: 300000, script: 30000}, unhandledPromptBehavior: dismiss and notify, webauthn:extension:credBlob: true, webauthn:extension:largeBlob: true, webauthn:virtualAuthenticators: true}
Session ID: 51e2f2afdb5d13c4801cc526b9dd794d
*** Element info: {Using=xpath, value=//input[@name='username']}

2023-03-06 13:06:08 - [MESSAGE][WARNING] - [SELF-HEALING] no such window: target window already closed
from unknown error: web view not found
  (Session info: chrome=110.0.5481.178)
Build info: version: '3.141.59', revision: 'e82be7d358', time: '2018-11-14T08:25:53'
System info: host: 'DESKTOP-BHVHH8C', ip: '192.168.0.23', os.name: 'Windows 10', os.arch: 'amd64', os.version: '10.0', java.version: '1.8.0_282'
Driver info: com.kms.katalon.selenium.driver.CChromeDriver
Capabilities {acceptInsecureCerts: false, browserName: chrome, browserVersion: 110.0.5481.178, chrome: {chromedriverVersion: 110.0.5481.77 (65ed616c6e8e..., userDataDir: C:\Users\PC\AppData\Local\T...}, goog:chromeOptions: {debuggerAddress: localhost:61399}, javascriptEnabled: true, networkConnectionEnabled: false, pageLoadStrategy: normal, platform: WINDOWS, platformName: WINDOWS, proxy: Proxy(), setWindowRect: true, strictFileInteractability: false, timeouts: {implicit: 0, pageLoad: 300000, script: 30000}, unhandledPromptBehavior: dismiss and notify, webauthn:extension:credBlob: true, webauthn:extension:largeBlob: true, webauthn:virtualAuthenticators: true}
Session ID: 51e2f2afdb5d13c4801cc526b9dd794d
*** Element info: {Using=xpath, value=//*[@class = 'oxd-input oxd-input--active' and @name = 'Username']}

2023-03-06 13:06:08 - [MESSAGE][WARNING] - [SELF-HEALING] no such window: target window already closed
from unknown error: web view not found
  (Session info: chrome=110.0.5481.178)
Build info: version: '3.141.59', revision: 'e82be7d358', time: '2018-11-14T08:25:53'
System info: host: 'DESKTOP-BHVHH8C', ip: '192.168.0.23', os.name: 'Windows 10', os.arch: 'amd64', os.version: '10.0', java.version: '1.8.0_282'
Driver info: com.kms.katalon.selenium.driver.CChromeDriver
Capabilities {acceptInsecureCerts: false, browserName: chrome, browserVersion: 110.0.5481.178, chrome: {chromedriverVersion: 110.0.5481.77 (65ed616c6e8e..., userDataDir: C:\Users\PC\AppData\Local\T...}, goog:chromeOptions: {debuggerAddress: localhost:61399}, javascriptEnabled: true, networkConnectionEnabled: false, pageLoadStrategy: normal, platform: WINDOWS, platformName: WINDOWS, proxy: Proxy(), setWindowRect: true, strictFileInteractability: false, timeouts: {implicit: 0, pageLoad: 300000, script: 30000}, unhandledPromptBehavior: dismiss and notify, webauthn:extension:credBlob: true, webauthn:extension:largeBlob: true, webauthn:virtualAuthenticators: true}
Session ID: 51e2f2afdb5d13c4801cc526b9dd794d
*** Element info: {Using=css selector, value=input[name="Username"]}

2023-03-06 13:06:08 - [MESSAGE][ERROR] - no such window: target window already closed
from unknown error: web view not found
  (Session info: chrome=110.0.5481.178)
Build info: version: '3.141.59', revision: 'e82be7d358', time: '2018-11-14T08:25:53'
System info: host: 'DESKTOP-BHVHH8C', ip: '192.168.0.23', os.name: 'Windows 10', os.arch: 'amd64', os.version: '10.0', java.version: '1.8.0_282'
Driver info: com.kms.katalon.selenium.driver.CChromeDriver
Capabilities {acceptInsecureCerts: false, browserName: chrome, browserVersion: 110.0.5481.178, chrome: {chromedriverVersion: 110.0.5481.77 (65ed616c6e8e..., userDataDir: C:\Users\PC\AppData\Local\T...}, goog:chromeOptions: {debuggerAddress: localhost:61399}, javascriptEnabled: true, networkConnectionEnabled: false, pageLoadStrategy: normal, platform: WINDOWS, platformName: WINDOWS, proxy: Proxy(), setWindowRect: true, strictFileInteractability: false, timeouts: {implicit: 0, pageLoad: 300000, script: 30000}, unhandledPromptBehavior: dismiss and notify, webauthn:extension:credBlob: true, webauthn:extension:largeBlob: true, webauthn:virtualAuthenticators: true}
Session ID: 51e2f2afdb5d13c4801cc526b9dd794d
*** Element info: {Using=xpath, value=//input[@name='username']}

2023-03-06 13:06:08 - [MESSAGE][ERROR] - no such window: target window already closed
from unknown error: web view not found
  (Session info: chrome=110.0.5481.178)
Build info: version: '3.141.59', revision: 'e82be7d358', time: '2018-11-14T08:25:53'
System info: host: 'DESKTOP-BHVHH8C', ip: '192.168.0.23', os.name: 'Windows 10', os.arch: 'amd64', os.version: '10.0', java.version: '1.8.0_282'
Driver info: com.kms.katalon.selenium.driver.CChromeDriver
Capabilities {acceptInsecureCerts: false, browserName: chrome, browserVersion: 110.0.5481.178, chrome: {chromedriverVersion: 110.0.5481.77 (65ed616c6e8e..., userDataDir: C:\Users\PC\AppData\Local\T...}, goog:chromeOptions: {debuggerAddress: localhost:61399}, javascriptEnabled: true, networkConnectionEnabled: false, pageLoadStrategy: normal, platform: WINDOWS, platformName: WINDOWS, proxy: Proxy(), setWindowRect: true, strictFileInteractability: false, timeouts: {implicit: 0, pageLoad: 300000, script: 30000}, unhandledPromptBehavior: dismiss and notify, webauthn:extension:credBlob: true, webauthn:extension:largeBlob: true, webauthn:virtualAuthenticators: true}
Session ID: 51e2f2afdb5d13c4801cc526b9dd794d
*** Element info: {Using=xpath, value=//input[@name='username']}

2023-03-06 13:06:08 - [TEST_STEP][ERROR] - Start listener action : sampleAfterTestCase: groovy.lang.MissingPropertyException: No such property: printtestCaseContext for class: TestListener
	at TestListener.sampleAfterTestCase(TestListener.groovy:45)
	at TestListener.invokeMethod(TestListener.groovy)
	at com.kms.katalon.core.context.internal.TestHooker.invokeMethod(TestHooker.java:111)
	at com.kms.katalon.core.context.internal.TestHooker.lambda$3(TestHooker.java:95)
	at com.kms.katalon.core.context.internal.TestHooker.invokeContextMethods(TestHooker.java:94)
	at com.kms.katalon.core.context.internal.TestListenerCollector.lambda$3(TestListenerCollector.java:88)
	at com.kms.katalon.core.context.internal.TestListenerCollector.handleListenerEvent(TestListenerCollector.java:85)
	at com.kms.katalon.core.context.internal.ExecutionEventManager.publicEvent(ExecutionEventManager.java:36)
	at com.kms.katalon.core.main.TestCaseExecutor.execute(TestCaseExecutor.java:315)
	at com.kms.katalon.core.common.CommonExecutor.accessTestCaseMainPhase(CommonExecutor.java:65)
	at com.kms.katalon.core.main.TestSuiteExecutor.accessTestSuiteMainPhase(TestSuiteExecutor.java:151)
	at com.kms.katalon.core.main.TestSuiteExecutor.execute(TestSuiteExecutor.java:106)
	at com.kms.katalon.core.main.TestCaseMain.startTestSuite(TestCaseMain.java:185)
	at com.kms.katalon.core.main.TestCaseMain$startTestSuite$0.call(Unknown Source)
	at TempTestSuite1678103789391.run(TempTestSuite1678103789391.groovy:36)


2023-03-06 13:06:08 - [TEST_STEP][PASSED] - println(testCaseContext.getTestCaseId() + " - "): null

2023-03-06 13:06:08 - [TEST_STEP][ERROR] - println(printtestCaseContext.getTestCaseStatus()): groovy.lang.MissingPropertyException: No such property: printtestCaseContext for class: TestListener
	at TestListener.sampleAfterTestCase(TestListener.groovy:45)
	at TestListener.invokeMethod(TestListener.groovy)
	at com.kms.katalon.core.context.internal.TestHooker.invokeMethod(TestHooker.java:111)
	at com.kms.katalon.core.context.internal.TestHooker.lambda$3(TestHooker.java:95)
	at com.kms.katalon.core.context.internal.TestHooker.invokeContextMethods(TestHooker.java:94)
	at com.kms.katalon.core.context.internal.TestListenerCollector.lambda$3(TestListenerCollector.java:88)
	at com.kms.katalon.core.context.internal.TestListenerCollector.handleListenerEvent(TestListenerCollector.java:85)
	at com.kms.katalon.core.context.internal.ExecutionEventManager.publicEvent(ExecutionEventManager.java:36)
	at com.kms.katalon.core.main.TestCaseExecutor.execute(TestCaseExecutor.java:315)
	at com.kms.katalon.core.common.CommonExecutor.accessTestCaseMainPhase(CommonExecutor.java:65)
	at com.kms.katalon.core.main.TestSuiteExecutor.accessTestSuiteMainPhase(TestSuiteExecutor.java:151)
	at com.kms.katalon.core.main.TestSuiteExecutor.execute(TestSuiteExecutor.java:106)
	at com.kms.katalon.core.main.TestCaseMain.startTestSuite(TestCaseMain.java:185)
	at com.kms.katalon.core.main.TestCaseMain$startTestSuite$0.call(Unknown Source)
	at TempTestSuite1678103789391.run(TempTestSuite1678103789391.groovy:36)


2023-03-06 13:06:08 - [MESSAGE][ERROR] - groovy.lang.MissingPropertyException: No such property: printtestCaseContext for class: TestListener
	at TestListener.sampleAfterTestCase(TestListener.groovy:45)
	at TestListener.invokeMethod(TestListener.groovy)
	at com.kms.katalon.core.context.internal.TestHooker.invokeMethod(TestHooker.java:111)
	at com.kms.katalon.core.context.internal.TestHooker.lambda$3(TestHooker.java:95)
	at com.kms.katalon.core.context.internal.TestHooker.invokeContextMethods(TestHooker.java:94)
	at com.kms.katalon.core.context.internal.TestListenerCollector.lambda$3(TestListenerCollector.java:88)
	at com.kms.katalon.core.context.internal.TestListenerCollector.handleListenerEvent(TestListenerCollector.java:85)
	at com.kms.katalon.core.context.internal.ExecutionEventManager.publicEvent(ExecutionEventManager.java:36)
	at com.kms.katalon.core.main.TestCaseExecutor.execute(TestCaseExecutor.java:315)
	at com.kms.katalon.core.common.CommonExecutor.accessTestCaseMainPhase(CommonExecutor.java:65)
	at com.kms.katalon.core.main.TestSuiteExecutor.accessTestSuiteMainPhase(TestSuiteExecutor.java:151)
	at com.kms.katalon.core.main.TestSuiteExecutor.execute(TestSuiteExecutor.java:106)
	at com.kms.katalon.core.main.TestCaseMain.startTestSuite(TestCaseMain.java:185)
	at com.kms.katalon.core.main.TestCaseMain$startTestSuite$0.call(Unknown Source)
	at TempTestSuite1678103789391.run(TempTestSuite1678103789391.groovy:36)]]></system-out>
         <system-err><![CDATA[2023-03-06 13:06:01 - [TEST_CASE][ERROR] - Test Cases/Recruitment page/Candidates/Delete Candidate: org.openqa.selenium.NoSuchWindowException: no such window: target window already closed
from unknown error: web view not found
  (Session info: chrome=110.0.5481.178)
Build info: version: '3.141.59', revision: 'e82be7d358', time: '2018-11-14T08:25:53'
System info: host: 'DESKTOP-BHVHH8C', ip: '192.168.0.23', os.name: 'Windows 10', os.arch: 'amd64', os.version: '10.0', java.version: '1.8.0_282'
Driver info: com.kms.katalon.selenium.driver.CChromeDriver
Capabilities {acceptInsecureCerts: false, browserName: chrome, browserVersion: 110.0.5481.178, chrome: {chromedriverVersion: 110.0.5481.77 (65ed616c6e8e..., userDataDir: C:\Users\PC\AppData\Local\T...}, goog:chromeOptions: {debuggerAddress: localhost:61399}, javascriptEnabled: true, networkConnectionEnabled: false, pageLoadStrategy: normal, platform: WINDOWS, platformName: WINDOWS, proxy: Proxy(), setWindowRect: true, strictFileInteractability: false, timeouts: {implicit: 0, pageLoad: 300000, script: 30000}, unhandledPromptBehavior: dismiss and notify, webauthn:extension:credBlob: true, webauthn:extension:largeBlob: true, webauthn:virtualAuthenticators: true}
Session ID: 51e2f2afdb5d13c4801cc526b9dd794d
*** Element info: {Using=xpath, value=//input[@name='username']}
	at org.openqa.selenium.remote.http.W3CHttpResponseCodec.createException(W3CHttpResponseCodec.java:187)
	at org.openqa.selenium.remote.http.W3CHttpResponseCodec.decode(W3CHttpResponseCodec.java:122)
	at org.openqa.selenium.remote.http.W3CHttpResponseCodec.decode(W3CHttpResponseCodec.java:49)
	at org.openqa.selenium.remote.HttpCommandExecutor.execute(HttpCommandExecutor.java:158)
	at org.openqa.selenium.remote.service.DriverCommandExecutor.execute(DriverCommandExecutor.java:83)
	at org.openqa.selenium.remote.RemoteWebDriver.execute(RemoteWebDriver.java:552)
	at com.kms.katalon.selenium.driver.CChromeDriver.execute(CChromeDriver.java:19)
	at org.openqa.selenium.remote.RemoteWebDriver.findElements(RemoteWebDriver.java:353)
	at org.openqa.selenium.remote.RemoteWebDriver.findElementsByXPath(RemoteWebDriver.java:432)
	at org.openqa.selenium.By$ByXPath.findElements(By.java:348)
	at org.openqa.selenium.remote.RemoteWebDriver.findElements(RemoteWebDriver.java:311)
	at org.openqa.selenium.support.events.EventFiringWebDriver.lambda$new$1(EventFiringWebDriver.java:105)
	at com.sun.proxy.$Proxy12.findElements(Unknown Source)
	at org.openqa.selenium.support.events.EventFiringWebDriver.findElements(EventFiringWebDriver.java:182)
	at com.kms.katalon.core.webui.common.WebUiCommonHelper.findElementByNormalMethods(WebUiCommonHelper.java:1016)
	at com.kms.katalon.core.webui.common.WebUiCommonHelper.findElementsBySelectedMethod(WebUiCommonHelper.java:911)
	at com.kms.katalon.core.webui.common.WebUiCommonHelper.findElementsBySelectedMethod(WebUiCommonHelper.java:894)
	at com.kms.katalon.core.webui.common.WebUiCommonHelper.findElementsBySelectedMethod(WebUiCommonHelper.java:889)
	at com.kms.katalon.core.webui.common.WebUiCommonHelper.findElementsByDefault(WebUiCommonHelper.java:885)
	at com.kms.katalon.core.webui.common.WebUiCommonHelper.findElementsWithSelfHealing(WebUiCommonHelper.java:733)
	at com.kms.katalon.core.webui.common.WebUiCommonHelper.findWebElements(WebUiCommonHelper.java:718)
	at com.kms.katalon.core.webui.common.WebUiCommonHelper.findWebElement(WebUiCommonHelper.java:1365)
	at com.kms.katalon.core.webui.keyword.internal.WebUIAbstractKeyword.findWebElement(WebUIAbstractKeyword.groovy:27)
	at com.kms.katalon.core.webui.keyword.WebUiBuiltInKeywords.findWebElement(WebUiBuiltInKeywords.groovy:2842)
	at com.kms.katalon.core.webui.keyword.WebUiBuiltInKeywords.findWebElement(WebUiBuiltInKeywords.groovy:2841)
	at com.kms.katalon.core.webui.keyword.WebUiBuiltInKeywords$findWebElement$1.call(Unknown Source)
	at orange.keywords.userLogin(keywords.groovy:87)
	at orange.keywords.invokeMethod(keywords.groovy)
	at com.kms.katalon.core.main.CustomKeywordDelegatingMetaClass.invokeStaticMethod(CustomKeywordDelegatingMetaClass.java:55)
	at Recruitment_Suite.setupTestCase(Recruitment%20Suite.groovy:53)
	at com.kms.katalon.core.main.ScriptEngine.runScriptMethodAsRawText(ScriptEngine.java:133)
	at com.kms.katalon.core.main.TestSuiteExecutor.runMethod(TestSuiteExecutor.java:226)
	at com.kms.katalon.core.main.TestSuiteExecutor.lambda$0(TestSuiteExecutor.java:205)
	at com.kms.katalon.core.main.TestSuiteExecutor.invokeTestSuiteMethod(TestSuiteExecutor.java:204)
	at com.kms.katalon.core.main.TestSuiteExecutor.invokeEachTestCaseMethod(TestSuiteExecutor.java:188)
	at com.kms.katalon.core.main.TestCaseExecutor.invokeTestSuiteMethod(TestCaseExecutor.java:381)
	at com.kms.katalon.core.main.TestCaseExecutor.execute(TestCaseExecutor.java:276)
	at com.kms.katalon.core.common.CommonExecutor.accessTestCaseMainPhase(CommonExecutor.java:65)
	at com.kms.katalon.core.main.TestSuiteExecutor.accessTestSuiteMainPhase(TestSuiteExecutor.java:151)
	at com.kms.katalon.core.main.TestSuiteExecutor.execute(TestSuiteExecutor.java:106)
	at com.kms.katalon.core.main.TestCaseMain.startTestSuite(TestCaseMain.java:185)
	at com.kms.katalon.core.main.TestCaseMain$startTestSuite$0.call(Unknown Source)
	at TempTestSuite1678103789391.run(TempTestSuite1678103789391.groovy:36)]]></system-err>
      </testcase>
      <system-out><![CDATA[2023-03-06 13:00:10 - [TEST_SUITE][ERROR] - Recruitment Suite: org.codehaus.groovy.runtime.InvokerInvocationException: com.kms.katalon.core.webui.exception.WebElementNotFoundException: Web element with id: 'Object Repository/Login Page/textbox_Username' located by '//input[@name='username']' not found
	at orange.keywords.invokeMethod(keywords.groovy)
	at com.kms.katalon.core.main.CustomKeywordDelegatingMetaClass.invokeStaticMethod(CustomKeywordDelegatingMetaClass.java:55)
	at Recruitment_Suite.setupTestCase(Recruitment%20Suite.groovy:53)
	at com.kms.katalon.core.main.ScriptEngine.runScriptMethodAsRawText(ScriptEngine.java:133)
	at com.kms.katalon.core.main.TestSuiteExecutor.runMethod(TestSuiteExecutor.java:226)
	at com.kms.katalon.core.main.TestSuiteExecutor.lambda$0(TestSuiteExecutor.java:205)
	at com.kms.katalon.core.main.TestSuiteExecutor.invokeTestSuiteMethod(TestSuiteExecutor.java:204)
	at com.kms.katalon.core.main.TestSuiteExecutor.invokeEachTestCaseMethod(TestSuiteExecutor.java:188)
	at com.kms.katalon.core.main.TestCaseExecutor.invokeTestSuiteMethod(TestCaseExecutor.java:381)
	at com.kms.katalon.core.main.TestCaseExecutor.execute(TestCaseExecutor.java:276)
	at com.kms.katalon.core.common.CommonExecutor.accessTestCaseMainPhase(CommonExecutor.java:65)
	at com.kms.katalon.core.main.TestSuiteExecutor.accessTestSuiteMainPhase(TestSuiteExecutor.java:151)
	at com.kms.katalon.core.main.TestSuiteExecutor.execute(TestSuiteExecutor.java:106)
	at com.kms.katalon.core.main.TestCaseMain.startTestSuite(TestCaseMain.java:185)
	at com.kms.katalon.core.main.TestCaseMain$startTestSuite$0.call(Unknown Source)
	at TempTestSuite1678103789391.run(TempTestSuite1678103789391.groovy:36)
Caused by: com.kms.katalon.core.webui.exception.WebElementNotFoundException: Web element with id: 'Object Repository/Login Page/textbox_Username' located by '//input[@name='username']' not found
	at com.kms.katalon.core.webui.common.WebUiCommonHelper.findWebElement(WebUiCommonHelper.java:1370)
	at com.kms.katalon.core.webui.keyword.internal.WebUIAbstractKeyword.findWebElement(WebUIAbstractKeyword.groovy:27)
	at com.kms.katalon.core.webui.keyword.WebUiBuiltInKeywords.findWebElement(WebUiBuiltInKeywords.groovy:2842)
	at com.kms.katalon.core.webui.keyword.WebUiBuiltInKeywords.findWebElement(WebUiBuiltInKeywords.groovy:2841)
	at com.kms.katalon.core.webui.keyword.WebUiBuiltInKeywords$findWebElement$1.call(Unknown Source)
	at orange.keywords.userLogin(keywords.groovy:87)
	... 16 more]]></system-out>
      <system-err><![CDATA[2023-03-06 13:00:10 - [TEST_SUITE][ERROR] - Recruitment Suite: org.codehaus.groovy.runtime.InvokerInvocationException: com.kms.katalon.core.webui.exception.WebElementNotFoundException: Web element with id: 'Object Repository/Login Page/textbox_Username' located by '//input[@name='username']' not found
	at orange.keywords.invokeMethod(keywords.groovy)
	at com.kms.katalon.core.main.CustomKeywordDelegatingMetaClass.invokeStaticMethod(CustomKeywordDelegatingMetaClass.java:55)
	at Recruitment_Suite.setupTestCase(Recruitment%20Suite.groovy:53)
	at com.kms.katalon.core.main.ScriptEngine.runScriptMethodAsRawText(ScriptEngine.java:133)
	at com.kms.katalon.core.main.TestSuiteExecutor.runMethod(TestSuiteExecutor.java:226)
	at com.kms.katalon.core.main.TestSuiteExecutor.lambda$0(TestSuiteExecutor.java:205)
	at com.kms.katalon.core.main.TestSuiteExecutor.invokeTestSuiteMethod(TestSuiteExecutor.java:204)
	at com.kms.katalon.core.main.TestSuiteExecutor.invokeEachTestCaseMethod(TestSuiteExecutor.java:188)
	at com.kms.katalon.core.main.TestCaseExecutor.invokeTestSuiteMethod(TestCaseExecutor.java:381)
	at com.kms.katalon.core.main.TestCaseExecutor.execute(TestCaseExecutor.java:276)
	at com.kms.katalon.core.common.CommonExecutor.accessTestCaseMainPhase(CommonExecutor.java:65)
	at com.kms.katalon.core.main.TestSuiteExecutor.accessTestSuiteMainPhase(TestSuiteExecutor.java:151)
	at com.kms.katalon.core.main.TestSuiteExecutor.execute(TestSuiteExecutor.java:106)
	at com.kms.katalon.core.main.TestCaseMain.startTestSuite(TestCaseMain.java:185)
	at com.kms.katalon.core.main.TestCaseMain$startTestSuite$0.call(Unknown Source)
	at TempTestSuite1678103789391.run(TempTestSuite1678103789391.groovy:36)
Caused by: com.kms.katalon.core.webui.exception.WebElementNotFoundException: Web element with id: 'Object Repository/Login Page/textbox_Username' located by '//input[@name='username']' not found
	at com.kms.katalon.core.webui.common.WebUiCommonHelper.findWebElement(WebUiCommonHelper.java:1370)
	at com.kms.katalon.core.webui.keyword.internal.WebUIAbstractKeyword.findWebElement(WebUIAbstractKeyword.groovy:27)
	at com.kms.katalon.core.webui.keyword.WebUiBuiltInKeywords.findWebElement(WebUiBuiltInKeywords.groovy:2842)
	at com.kms.katalon.core.webui.keyword.WebUiBuiltInKeywords.findWebElement(WebUiBuiltInKeywords.groovy:2841)
	at com.kms.katalon.core.webui.keyword.WebUiBuiltInKeywords$findWebElement$1.call(Unknown Source)
	at orange.keywords.userLogin(keywords.groovy:87)
	... 16 more]]></system-err>
   </testsuite>
</testsuites>
