<?xml version="1.0" encoding="UTF-8"?>
<testsuites name="Qualifications Dropdown Suite" time="413.605" tests="15" failures="0" errors="0">
   <testsuite name="Qualifications Dropdown Suite" tests="15" failures="0" errors="0" time="413.605" skipped="0" timestamp="2023-03-06 10:41:10" hostname="PC - host.docker.internal" id="Test Suites/Qualifications Dropdown Suite">
      <properties>
         <property name="deviceName" value=""/>
         <property name="devicePlatform" value=""/>
         <property name="logFolder" value="C:\\Users\\PC\\git\\Orange Web Test Automation\\Reports\\20230306_104101\\Qualifications Dropdown Suite\\20230306_104101"/>
         <property name="logFiles" value="C:\\Users\\PC\\git\\Orange Web Test Automation\\Reports\\20230306_104101\\Qualifications Dropdown Suite\\20230306_104101\\execution0.log"/>
         <property name="attachments" value="keyes\keyes-Added Education.png, keyes\keyes-Language info.png, keyes\keyes-Language Added.png, keyes\keyes-License Info.png, keyes\keyes-Membership info.png, keyes\keyes-Added Skill Info.png"/>
         <property name="hostName" value="PC - host.docker.internal"/>
         <property name="os" value="Windows 10 64bit"/>
         <property name="katalonVersion" value="8.5.5.208"/>
         <property name="browser" value="Chrome 110.0.0.0"/>
         <property name="hostAddress" value="192.168.0.23"/>
         <property name="sessionId" value="426b8a7e03e933e52dc663887a1873d7"/>
         <property name="seleniumVersion" value="3.141.59"/>
         <property name="proxyInformation" value="ProxyInformation { proxyOption=NO_PROXY, proxyServerType=HTTP, username=, password=********, proxyServerAddress=, proxyServerPort=0, executionList=&quot;&quot;, isApplyToDesiredCapabilities=true }"/>
         <property name="platform" value="Windows 10"/>
      </properties>
      <testcase name="Test Cases/Admin Page/Qualifications/Education/Add Education" time="31.251" classname="Test Cases/Admin Page/Qualifications/Education/Add Education" status="PASSED">
         <system-out><![CDATA[2023-03-06 10:41:10 - [TEST_CASE][PASSED] - Test Cases/Admin Page/Qualifications/Education/Add Education: Test Cases/Admin Page/Qualifications/Education/Add Education

2023-03-06 10:41:10 - [TEST_STEP][PASSED] - Start listener action : sampleBeforeTestCase: orange.keywords.userLogin is PASSED

2023-03-06 10:41:10 - [TEST_STEP][PASSED] - println(testCaseContext.getTestCaseId()): null

2023-03-06 10:41:10 - [TEST_STEP][PASSED] - println(testCaseContext.getTestCaseVariables()): null

2023-03-06 10:41:10 - [TEST_STEP][PASSED] - openBrowser(baseURL): Browser is opened with url: 'https://opensource-demo.orangehrmlive.com/web/index.php/auth/login'

2023-03-06 10:41:11 - [MESSAGE][INFO] - Starting 'Chrome' driver

2023-03-06 10:41:11 - [MESSAGE][INFO] - Action delay is set to 1,000 milliseconds

2023-03-06 10:41:16 - [MESSAGE][PASSED] - Browser is opened with url: 'https://opensource-demo.orangehrmlive.com/web/index.php/auth/login'

2023-03-06 10:41:16 - [TEST_STEP][PASSED] - maximizeWindow(): Current window maximized

2023-03-06 10:41:16 - [MESSAGE][PASSED] - Current window maximized

2023-03-06 10:41:16 - [TEST_STEP][PASSED] - orange.keywords.userLogin(findTestObject("Login Page/textbox_Username"), username, findTestObject("Login Page/textbox_Password"), password, findTestObject("Login Page/button_Login")): orange.keywords.userLogin is PASSED

2023-03-06 10:41:22 - [MESSAGE][PASSED] - orange.keywords.userLogin is PASSED

2023-03-06 10:41:23 - [TEST_STEP][PASSED] - click(findTestObject("Navigation Sidebar/a_Admin")): Object: 'Object Repository/Navigation Sidebar/a_Admin' is clicked on

2023-03-06 10:41:26 - [MESSAGE][PASSED] - Object: 'Object Repository/Navigation Sidebar/a_Admin' is clicked on

2023-03-06 10:41:26 - [TEST_STEP][PASSED] - click(findTestObject("Admin Page/Qualifications/li_Qualifications")): Object: 'Object Repository/Admin Page/Qualifications/li_Qualifications' is clicked on

2023-03-06 10:41:28 - [MESSAGE][PASSED] - Object: 'Object Repository/Admin Page/Qualifications/li_Qualifications' is clicked on

2023-03-06 10:41:28 - [TEST_STEP][PASSED] - click(findTestObject("Admin Page/Qualifications/Education/li_Education")): Object: 'Object Repository/Admin Page/Qualifications/Education/li_Education' is clicked on

2023-03-06 10:41:30 - [MESSAGE][PASSED] - Object: 'Object Repository/Admin Page/Qualifications/Education/li_Education' is clicked on

2023-03-06 10:41:30 - [TEST_STEP][PASSED] - click(findTestObject("Admin Page/Qualifications/Languages/button_Add")): Object: 'Object Repository/Admin Page/Qualifications/Languages/button_Add' is clicked on

2023-03-06 10:41:33 - [MESSAGE][PASSED] - Object: 'Object Repository/Admin Page/Qualifications/Languages/button_Add' is clicked on

2023-03-06 10:41:33 - [TEST_STEP][PASSED] - sendKeys(findTestObject("Admin Page/Qualifications/Skills/textbox_Username"), education): Keys 'University Degree' sent to object: 'Object Repository/Admin Page/Qualifications/Skills/textbox_Username'

2023-03-06 10:41:35 - [MESSAGE][PASSED] - Keys 'University Degree' sent to object: 'Object Repository/Admin Page/Qualifications/Skills/textbox_Username'

2023-03-06 10:41:35 - [TEST_STEP][PASSED] - click(findTestObject("Admin Page/Qualifications/Skills/button_Save")): Object: 'Object Repository/Admin Page/Qualifications/Skills/button_Save' is clicked on

2023-03-06 10:41:37 - [MESSAGE][PASSED] - Object: 'Object Repository/Admin Page/Qualifications/Skills/button_Save' is clicked on

2023-03-06 10:41:37 - [TEST_STEP][PASSED] - waitForElementPresent(findTestObject("Confirmation messages/message_SuccessSuccessfullySaved"), 10): Object 'Object Repository/Confirmation messages/message_SuccessSuccessfullySaved' is present

2023-03-06 10:41:38 - [MESSAGE][PASSED] - Object 'Object Repository/Confirmation messages/message_SuccessSuccessfullySaved' is present

2023-03-06 10:41:38 - [TEST_STEP][PASSED] - verifyElementPresent(findTestObject("Confirmation messages/message_SuccessSuccessfullySaved"), 10): Object 'Object Repository/Confirmation messages/message_SuccessSuccessfullySaved' is present

2023-03-06 10:41:38 - [MESSAGE][PASSED] - Object 'Object Repository/Confirmation messages/message_SuccessSuccessfullySaved' is present

2023-03-06 10:41:38 - [TEST_STEP][PASSED] - takeScreenshotAsCheckpoint("Added Education"): Taking screenshot successfully

2023-03-06 10:41:40 - [MESSAGE][INFO] - 0 hidden object(s)

2023-03-06 10:41:40 - [MESSAGE][PASSED] - Taking screenshot successfully
[[ATTACHMENT|keyes\keyes-Added Education.png]]

2023-03-06 10:41:40 - [TEST_STEP][PASSED] - Start listener action : sampleAfterTestCase: Browser is closed

2023-03-06 10:41:40 - [TEST_STEP][PASSED] - println(testCaseContext.getTestCaseId()): null

2023-03-06 10:41:40 - [TEST_STEP][PASSED] - println(testCaseContext.getTestCaseStatus()): null

2023-03-06 10:41:40 - [TEST_STEP][PASSED] - closeBrowser(): Browser is closed

2023-03-06 10:41:41 - [MESSAGE][PASSED] - Browser is closed]]></system-out>
         <system-err><![CDATA[]]></system-err>
      </testcase>
      <testcase name="Test Cases/Admin Page/Qualifications/Education/Edit Education" time="28.376" classname="Test Cases/Admin Page/Qualifications/Education/Edit Education" status="PASSED">
         <system-out><![CDATA[2023-03-06 10:41:41 - [TEST_CASE][PASSED] - Test Cases/Admin Page/Qualifications/Education/Edit Education: Test Cases/Admin Page/Qualifications/Education/Edit Education

2023-03-06 10:41:41 - [TEST_STEP][PASSED] - Start listener action : sampleBeforeTestCase: orange.keywords.userLogin is PASSED

2023-03-06 10:41:41 - [TEST_STEP][PASSED] - println(testCaseContext.getTestCaseId()): null

2023-03-06 10:41:41 - [TEST_STEP][PASSED] - println(testCaseContext.getTestCaseVariables()): null

2023-03-06 10:41:41 - [TEST_STEP][PASSED] - openBrowser(baseURL): Browser is opened with url: 'https://opensource-demo.orangehrmlive.com/web/index.php/auth/login'

2023-03-06 10:41:41 - [MESSAGE][INFO] - Starting 'Chrome' driver

2023-03-06 10:41:41 - [MESSAGE][INFO] - Action delay is set to 1,000 milliseconds

2023-03-06 10:41:45 - [MESSAGE][PASSED] - Browser is opened with url: 'https://opensource-demo.orangehrmlive.com/web/index.php/auth/login'

2023-03-06 10:41:45 - [TEST_STEP][PASSED] - maximizeWindow(): Current window maximized

2023-03-06 10:41:45 - [MESSAGE][PASSED] - Current window maximized

2023-03-06 10:41:45 - [TEST_STEP][PASSED] - orange.keywords.userLogin(findTestObject("Login Page/textbox_Username"), username, findTestObject("Login Page/textbox_Password"), password, findTestObject("Login Page/button_Login")): orange.keywords.userLogin is PASSED

2023-03-06 10:41:51 - [MESSAGE][PASSED] - orange.keywords.userLogin is PASSED

2023-03-06 10:41:51 - [TEST_STEP][PASSED] - click(findTestObject("Navigation Sidebar/a_Admin")): Object: 'Object Repository/Navigation Sidebar/a_Admin' is clicked on

2023-03-06 10:41:55 - [MESSAGE][PASSED] - Object: 'Object Repository/Navigation Sidebar/a_Admin' is clicked on

2023-03-06 10:41:55 - [TEST_STEP][PASSED] - click(findTestObject("Admin Page/Qualifications/li_Qualifications")): Object: 'Object Repository/Admin Page/Qualifications/li_Qualifications' is clicked on

2023-03-06 10:41:57 - [MESSAGE][PASSED] - Object: 'Object Repository/Admin Page/Qualifications/li_Qualifications' is clicked on

2023-03-06 10:41:57 - [TEST_STEP][PASSED] - click(findTestObject("Admin Page/Qualifications/Education/li_Education")): Object: 'Object Repository/Admin Page/Qualifications/Education/li_Education' is clicked on

2023-03-06 10:41:59 - [MESSAGE][PASSED] - Object: 'Object Repository/Admin Page/Qualifications/Education/li_Education' is clicked on

2023-03-06 10:41:59 - [TEST_STEP][PASSED] - click(findTestObject("Admin Page/Qualifications/Education/button_Edit")): Object: 'Object Repository/Admin Page/Qualifications/Education/button_Edit' is clicked on

2023-03-06 10:42:02 - [MESSAGE][PASSED] - Object: 'Object Repository/Admin Page/Qualifications/Education/button_Edit' is clicked on

2023-03-06 10:42:02 - [TEST_STEP][PASSED] - sendKeys(findTestObject("Admin Page/Qualifications/Skills/textbox_Username"), Keys.chord(CONTROL, "a")): Keys 'CONTROL + a' sent to object: 'Object Repository/Admin Page/Qualifications/Skills/textbox_Username'

2023-03-06 10:42:04 - [MESSAGE][PASSED] - Keys 'CONTROL + a' sent to object: 'Object Repository/Admin Page/Qualifications/Skills/textbox_Username'

2023-03-06 10:42:04 - [TEST_STEP][PASSED] - sendKeys(findTestObject("Admin Page/Qualifications/Skills/textbox_Username_selected"), education_edited): Keys 'High school education' sent to object: 'Object Repository/Admin Page/Qualifications/Skills/textbox_Username_selected'

2023-03-06 10:42:06 - [MESSAGE][PASSED] - Keys 'High school education' sent to object: 'Object Repository/Admin Page/Qualifications/Skills/textbox_Username_selected'

2023-03-06 10:42:06 - [TEST_STEP][PASSED] - click(findTestObject("Admin Page/Qualifications/Skills/button_Save")): Object: 'Object Repository/Admin Page/Qualifications/Skills/button_Save' is clicked on

2023-03-06 10:42:08 - [MESSAGE][PASSED] - Object: 'Object Repository/Admin Page/Qualifications/Skills/button_Save' is clicked on

2023-03-06 10:42:08 - [TEST_STEP][PASSED] - waitForElementPresent(findTestObject("Confirmation messages/message_SuccessSuccessfullyUpdated"), 10): Object 'Object Repository/Confirmation messages/message_SuccessSuccessfullyUpdated' is present

2023-03-06 10:42:08 - [MESSAGE][PASSED] - Object 'Object Repository/Confirmation messages/message_SuccessSuccessfullyUpdated' is present

2023-03-06 10:42:08 - [TEST_STEP][PASSED] - verifyElementPresent(findTestObject("Confirmation messages/message_SuccessSuccessfullyUpdated"), 10): Object 'Object Repository/Confirmation messages/message_SuccessSuccessfullyUpdated' is present

2023-03-06 10:42:09 - [MESSAGE][PASSED] - Object 'Object Repository/Confirmation messages/message_SuccessSuccessfullyUpdated' is present

2023-03-06 10:42:09 - [TEST_STEP][PASSED] - Start listener action : sampleAfterTestCase: Browser is closed

2023-03-06 10:42:09 - [TEST_STEP][PASSED] - println(testCaseContext.getTestCaseId()): null

2023-03-06 10:42:09 - [TEST_STEP][PASSED] - println(testCaseContext.getTestCaseStatus()): null

2023-03-06 10:42:09 - [TEST_STEP][PASSED] - closeBrowser(): Browser is closed

2023-03-06 10:42:10 - [MESSAGE][PASSED] - Browser is closed]]></system-out>
         <system-err><![CDATA[]]></system-err>
      </testcase>
      <testcase name="Test Cases/Admin Page/Qualifications/Education/Delete Education" time="23.739" classname="Test Cases/Admin Page/Qualifications/Education/Delete Education" status="PASSED">
         <system-out><![CDATA[2023-03-06 10:42:10 - [TEST_CASE][PASSED] - Test Cases/Admin Page/Qualifications/Education/Delete Education: Test Cases/Admin Page/Qualifications/Education/Delete Education

2023-03-06 10:42:10 - [TEST_STEP][PASSED] - Start listener action : sampleBeforeTestCase: orange.keywords.userLogin is PASSED

2023-03-06 10:42:10 - [TEST_STEP][PASSED] - println(testCaseContext.getTestCaseId()): null

2023-03-06 10:42:10 - [TEST_STEP][PASSED] - println(testCaseContext.getTestCaseVariables()): null

2023-03-06 10:42:10 - [TEST_STEP][PASSED] - openBrowser(baseURL): Browser is opened with url: 'https://opensource-demo.orangehrmlive.com/web/index.php/auth/login'

2023-03-06 10:42:10 - [MESSAGE][INFO] - Starting 'Chrome' driver

2023-03-06 10:42:10 - [MESSAGE][INFO] - Action delay is set to 1,000 milliseconds

2023-03-06 10:42:14 - [MESSAGE][PASSED] - Browser is opened with url: 'https://opensource-demo.orangehrmlive.com/web/index.php/auth/login'

2023-03-06 10:42:14 - [TEST_STEP][PASSED] - maximizeWindow(): Current window maximized

2023-03-06 10:42:14 - [MESSAGE][PASSED] - Current window maximized

2023-03-06 10:42:14 - [TEST_STEP][PASSED] - orange.keywords.userLogin(findTestObject("Login Page/textbox_Username"), username, findTestObject("Login Page/textbox_Password"), password, findTestObject("Login Page/button_Login")): orange.keywords.userLogin is PASSED

2023-03-06 10:42:19 - [MESSAGE][PASSED] - orange.keywords.userLogin is PASSED

2023-03-06 10:42:20 - [TEST_STEP][PASSED] - click(findTestObject("Navigation Sidebar/a_Admin")): Object: 'Object Repository/Navigation Sidebar/a_Admin' is clicked on

2023-03-06 10:42:23 - [MESSAGE][PASSED] - Object: 'Object Repository/Navigation Sidebar/a_Admin' is clicked on

2023-03-06 10:42:23 - [TEST_STEP][PASSED] - click(findTestObject("Admin Page/Qualifications/li_Qualifications")): Object: 'Object Repository/Admin Page/Qualifications/li_Qualifications' is clicked on

2023-03-06 10:42:25 - [MESSAGE][PASSED] - Object: 'Object Repository/Admin Page/Qualifications/li_Qualifications' is clicked on

2023-03-06 10:42:25 - [TEST_STEP][PASSED] - click(findTestObject("Admin Page/Qualifications/Education/li_Education")): Object: 'Object Repository/Admin Page/Qualifications/Education/li_Education' is clicked on

2023-03-06 10:42:27 - [MESSAGE][PASSED] - Object: 'Object Repository/Admin Page/Qualifications/Education/li_Education' is clicked on

2023-03-06 10:42:27 - [TEST_STEP][PASSED] - click(findTestObject("Admin Page/Qualifications/Education/button_Delete")): Object: 'Object Repository/Admin Page/Qualifications/Education/button_Delete' is clicked on

2023-03-06 10:42:30 - [MESSAGE][PASSED] - Object: 'Object Repository/Admin Page/Qualifications/Education/button_Delete' is clicked on

2023-03-06 10:42:30 - [TEST_STEP][PASSED] - click(findTestObject("Admin Page/Qualifications/Languages/button_Yes, Delete")): Object: 'Object Repository/Admin Page/Qualifications/Languages/button_Yes, Delete' is clicked on

2023-03-06 10:42:31 - [MESSAGE][PASSED] - Object: 'Object Repository/Admin Page/Qualifications/Languages/button_Yes, Delete' is clicked on

2023-03-06 10:42:31 - [TEST_STEP][PASSED] - waitForElementPresent(findTestObject("Confirmation messages/message_SuccessSuccessfullyDeleted"), 10): Object 'Object Repository/Confirmation messages/message_SuccessSuccessfullyDeleted' is present

2023-03-06 10:42:32 - [MESSAGE][PASSED] - Object 'Object Repository/Confirmation messages/message_SuccessSuccessfullyDeleted' is present

2023-03-06 10:42:32 - [TEST_STEP][PASSED] - verifyElementPresent(findTestObject("Confirmation messages/message_SuccessSuccessfullyDeleted"), 10): Object 'Object Repository/Confirmation messages/message_SuccessSuccessfullyDeleted' is present

2023-03-06 10:42:33 - [MESSAGE][PASSED] - Object 'Object Repository/Confirmation messages/message_SuccessSuccessfullyDeleted' is present

2023-03-06 10:42:33 - [TEST_STEP][PASSED] - Start listener action : sampleAfterTestCase: Browser is closed

2023-03-06 10:42:33 - [TEST_STEP][PASSED] - println(testCaseContext.getTestCaseId()): null

2023-03-06 10:42:33 - [TEST_STEP][PASSED] - println(testCaseContext.getTestCaseStatus()): null

2023-03-06 10:42:33 - [TEST_STEP][PASSED] - closeBrowser(): Browser is closed

2023-03-06 10:42:33 - [MESSAGE][PASSED] - Browser is closed]]></system-out>
         <system-err><![CDATA[]]></system-err>
      </testcase>
      <testcase name="Test Cases/Admin Page/Qualifications/Languages/Add Language" time="29.388" classname="Test Cases/Admin Page/Qualifications/Languages/Add Language" status="PASSED">
         <system-out><![CDATA[2023-03-06 10:42:33 - [TEST_CASE][PASSED] - Test Cases/Admin Page/Qualifications/Languages/Add Language: Test Cases/Admin Page/Qualifications/Languages/Add Language

2023-03-06 10:42:33 - [TEST_STEP][PASSED] - Start listener action : sampleBeforeTestCase: orange.keywords.userLogin is PASSED

2023-03-06 10:42:33 - [TEST_STEP][PASSED] - println(testCaseContext.getTestCaseId()): null

2023-03-06 10:42:33 - [TEST_STEP][PASSED] - println(testCaseContext.getTestCaseVariables()): null

2023-03-06 10:42:33 - [TEST_STEP][PASSED] - openBrowser(baseURL): Browser is opened with url: 'https://opensource-demo.orangehrmlive.com/web/index.php/auth/login'

2023-03-06 10:42:33 - [MESSAGE][INFO] - Starting 'Chrome' driver

2023-03-06 10:42:33 - [MESSAGE][INFO] - Action delay is set to 1,000 milliseconds

2023-03-06 10:42:37 - [MESSAGE][PASSED] - Browser is opened with url: 'https://opensource-demo.orangehrmlive.com/web/index.php/auth/login'

2023-03-06 10:42:37 - [TEST_STEP][PASSED] - maximizeWindow(): Current window maximized

2023-03-06 10:42:38 - [MESSAGE][PASSED] - Current window maximized

2023-03-06 10:42:38 - [TEST_STEP][PASSED] - orange.keywords.userLogin(findTestObject("Login Page/textbox_Username"), username, findTestObject("Login Page/textbox_Password"), password, findTestObject("Login Page/button_Login")): orange.keywords.userLogin is PASSED

2023-03-06 10:42:43 - [MESSAGE][PASSED] - orange.keywords.userLogin is PASSED

2023-03-06 10:42:44 - [TEST_STEP][PASSED] - click(findTestObject("Navigation Sidebar/a_Admin")): Object: 'Object Repository/Navigation Sidebar/a_Admin' is clicked on

2023-03-06 10:42:47 - [MESSAGE][PASSED] - Object: 'Object Repository/Navigation Sidebar/a_Admin' is clicked on

2023-03-06 10:42:47 - [TEST_STEP][PASSED] - click(findTestObject("Admin Page/Qualifications/li_Qualifications")): Object: 'Object Repository/Admin Page/Qualifications/li_Qualifications' is clicked on

2023-03-06 10:42:49 - [MESSAGE][PASSED] - Object: 'Object Repository/Admin Page/Qualifications/li_Qualifications' is clicked on

2023-03-06 10:42:49 - [TEST_STEP][PASSED] - click(findTestObject("Admin Page/Qualifications/Languages/li_Languages")): Object: 'Object Repository/Admin Page/Qualifications/Languages/li_Languages' is clicked on

2023-03-06 10:42:51 - [MESSAGE][PASSED] - Object: 'Object Repository/Admin Page/Qualifications/Languages/li_Languages' is clicked on

2023-03-06 10:42:51 - [TEST_STEP][PASSED] - click(findTestObject("Admin Page/Qualifications/Languages/button_Add")): Object: 'Object Repository/Admin Page/Qualifications/Languages/button_Add' is clicked on

2023-03-06 10:42:54 - [MESSAGE][PASSED] - Object: 'Object Repository/Admin Page/Qualifications/Languages/button_Add' is clicked on

2023-03-06 10:42:54 - [TEST_STEP][PASSED] - sendKeys(findTestObject("Admin Page/Qualifications/Skills/textbox_Username"), "Afgan-Automation"): Keys 'Afgan-Automation' sent to object: 'Object Repository/Admin Page/Qualifications/Skills/textbox_Username'

2023-03-06 10:42:56 - [MESSAGE][PASSED] - Keys 'Afgan-Automation' sent to object: 'Object Repository/Admin Page/Qualifications/Skills/textbox_Username'

2023-03-06 10:42:56 - [TEST_STEP][PASSED] - takeScreenshotAsCheckpoint("Language info"): Taking screenshot successfully

2023-03-06 10:42:57 - [MESSAGE][INFO] - 0 hidden object(s)

2023-03-06 10:42:58 - [MESSAGE][PASSED] - Taking screenshot successfully
[[ATTACHMENT|keyes\keyes-Language info.png]]

2023-03-06 10:42:58 - [TEST_STEP][PASSED] - click(findTestObject("Admin Page/Qualifications/Skills/button_Save")): Object: 'Object Repository/Admin Page/Qualifications/Skills/button_Save' is clicked on

2023-03-06 10:42:59 - [MESSAGE][PASSED] - Object: 'Object Repository/Admin Page/Qualifications/Skills/button_Save' is clicked on

2023-03-06 10:42:59 - [TEST_STEP][PASSED] - waitForElementPresent(findTestObject("Confirmation messages/message_SuccessSuccessfullySaved"), 10): Object 'Object Repository/Confirmation messages/message_SuccessSuccessfullySaved' is present

2023-03-06 10:43:00 - [MESSAGE][PASSED] - Object 'Object Repository/Confirmation messages/message_SuccessSuccessfullySaved' is present

2023-03-06 10:43:00 - [TEST_STEP][PASSED] - verifyElementPresent(findTestObject("Confirmation messages/message_SuccessSuccessfullySaved"), 10): Object 'Object Repository/Confirmation messages/message_SuccessSuccessfullySaved' is present

2023-03-06 10:43:01 - [MESSAGE][PASSED] - Object 'Object Repository/Confirmation messages/message_SuccessSuccessfullySaved' is present

2023-03-06 10:43:01 - [TEST_STEP][PASSED] - takeScreenshotAsCheckpoint("Language Added"): Taking screenshot successfully

2023-03-06 10:43:01 - [MESSAGE][INFO] - 0 hidden object(s)

2023-03-06 10:43:02 - [MESSAGE][PASSED] - Taking screenshot successfully
[[ATTACHMENT|keyes\keyes-Language Added.png]]

2023-03-06 10:43:02 - [TEST_STEP][PASSED] - Start listener action : sampleAfterTestCase: Browser is closed

2023-03-06 10:43:02 - [TEST_STEP][PASSED] - println(testCaseContext.getTestCaseId()): null

2023-03-06 10:43:02 - [TEST_STEP][PASSED] - println(testCaseContext.getTestCaseStatus()): null

2023-03-06 10:43:02 - [TEST_STEP][PASSED] - closeBrowser(): Browser is closed

2023-03-06 10:43:03 - [MESSAGE][PASSED] - Browser is closed]]></system-out>
         <system-err><![CDATA[]]></system-err>
      </testcase>
      <testcase name="Test Cases/Admin Page/Qualifications/Languages/Edit Language" time="28.537" classname="Test Cases/Admin Page/Qualifications/Languages/Edit Language" status="PASSED">
         <system-out><![CDATA[2023-03-06 10:43:03 - [TEST_CASE][PASSED] - Test Cases/Admin Page/Qualifications/Languages/Edit Language: Test Cases/Admin Page/Qualifications/Languages/Edit Language

2023-03-06 10:43:03 - [TEST_STEP][PASSED] - Start listener action : sampleBeforeTestCase: orange.keywords.userLogin is PASSED

2023-03-06 10:43:03 - [TEST_STEP][PASSED] - println(testCaseContext.getTestCaseId()): null

2023-03-06 10:43:03 - [TEST_STEP][PASSED] - println(testCaseContext.getTestCaseVariables()): null

2023-03-06 10:43:03 - [TEST_STEP][PASSED] - openBrowser(baseURL): Browser is opened with url: 'https://opensource-demo.orangehrmlive.com/web/index.php/auth/login'

2023-03-06 10:43:03 - [MESSAGE][INFO] - Starting 'Chrome' driver

2023-03-06 10:43:03 - [MESSAGE][INFO] - Action delay is set to 1,000 milliseconds

2023-03-06 10:43:07 - [MESSAGE][PASSED] - Browser is opened with url: 'https://opensource-demo.orangehrmlive.com/web/index.php/auth/login'

2023-03-06 10:43:07 - [TEST_STEP][PASSED] - maximizeWindow(): Current window maximized

2023-03-06 10:43:07 - [MESSAGE][PASSED] - Current window maximized

2023-03-06 10:43:07 - [TEST_STEP][PASSED] - orange.keywords.userLogin(findTestObject("Login Page/textbox_Username"), username, findTestObject("Login Page/textbox_Password"), password, findTestObject("Login Page/button_Login")): orange.keywords.userLogin is PASSED

2023-03-06 10:43:13 - [MESSAGE][PASSED] - orange.keywords.userLogin is PASSED

2023-03-06 10:43:14 - [TEST_STEP][PASSED] - click(findTestObject("Navigation Sidebar/a_Admin")): Object: 'Object Repository/Navigation Sidebar/a_Admin' is clicked on

2023-03-06 10:43:16 - [MESSAGE][PASSED] - Object: 'Object Repository/Navigation Sidebar/a_Admin' is clicked on

2023-03-06 10:43:16 - [TEST_STEP][PASSED] - click(findTestObject("Admin Page/Qualifications/li_Qualifications")): Object: 'Object Repository/Admin Page/Qualifications/li_Qualifications' is clicked on

2023-03-06 10:43:19 - [MESSAGE][PASSED] - Object: 'Object Repository/Admin Page/Qualifications/li_Qualifications' is clicked on

2023-03-06 10:43:19 - [TEST_STEP][PASSED] - click(findTestObject("Admin Page/Qualifications/Languages/li_Languages")): Object: 'Object Repository/Admin Page/Qualifications/Languages/li_Languages' is clicked on

2023-03-06 10:43:21 - [MESSAGE][PASSED] - Object: 'Object Repository/Admin Page/Qualifications/Languages/li_Languages' is clicked on

2023-03-06 10:43:21 - [TEST_STEP][PASSED] - click(findTestObject("Admin Page/Qualifications/Languages/button_Edit")): Object: 'Object Repository/Admin Page/Qualifications/Languages/button_Edit' is clicked on

2023-03-06 10:43:24 - [MESSAGE][PASSED] - Object: 'Object Repository/Admin Page/Qualifications/Languages/button_Edit' is clicked on

2023-03-06 10:43:24 - [TEST_STEP][PASSED] - sendKeys(findTestObject("Admin Page/Qualifications/Skills/textbox_Username"), Keys.chord(CONTROL, "a")): Keys 'CONTROL + a' sent to object: 'Object Repository/Admin Page/Qualifications/Skills/textbox_Username'

2023-03-06 10:43:26 - [MESSAGE][PASSED] - Keys 'CONTROL + a' sent to object: 'Object Repository/Admin Page/Qualifications/Skills/textbox_Username'

2023-03-06 10:43:26 - [TEST_STEP][PASSED] - sendKeys(findTestObject("Admin Page/Qualifications/Skills/textbox_Username_selected"), "Afgan-Edited-Automation"): Keys 'Afgan-Edited-Automation' sent to object: 'Object Repository/Admin Page/Qualifications/Skills/textbox_Username_selected'

2023-03-06 10:43:28 - [MESSAGE][PASSED] - Keys 'Afgan-Edited-Automation' sent to object: 'Object Repository/Admin Page/Qualifications/Skills/textbox_Username_selected'

2023-03-06 10:43:28 - [TEST_STEP][PASSED] - click(findTestObject("Admin Page/Qualifications/Skills/button_Save")): Object: 'Object Repository/Admin Page/Qualifications/Skills/button_Save' is clicked on

2023-03-06 10:43:29 - [MESSAGE][PASSED] - Object: 'Object Repository/Admin Page/Qualifications/Skills/button_Save' is clicked on

2023-03-06 10:43:29 - [TEST_STEP][PASSED] - waitForElementPresent(findTestObject("Confirmation messages/message_SuccessSuccessfullyUpdated"), 10): Object 'Object Repository/Confirmation messages/message_SuccessSuccessfullyUpdated' is present

2023-03-06 10:43:30 - [MESSAGE][PASSED] - Object 'Object Repository/Confirmation messages/message_SuccessSuccessfullyUpdated' is present

2023-03-06 10:43:30 - [TEST_STEP][PASSED] - verifyElementPresent(findTestObject("Confirmation messages/message_SuccessSuccessfullyUpdated"), 10): Object 'Object Repository/Confirmation messages/message_SuccessSuccessfullyUpdated' is present

2023-03-06 10:43:30 - [MESSAGE][PASSED] - Object 'Object Repository/Confirmation messages/message_SuccessSuccessfullyUpdated' is present

2023-03-06 10:43:30 - [TEST_STEP][PASSED] - Start listener action : sampleAfterTestCase: Browser is closed

2023-03-06 10:43:30 - [TEST_STEP][PASSED] - println(testCaseContext.getTestCaseId()): null

2023-03-06 10:43:31 - [TEST_STEP][PASSED] - println(testCaseContext.getTestCaseStatus()): null

2023-03-06 10:43:31 - [TEST_STEP][PASSED] - closeBrowser(): Browser is closed

2023-03-06 10:43:31 - [MESSAGE][PASSED] - Browser is closed]]></system-out>
         <system-err><![CDATA[]]></system-err>
      </testcase>
      <testcase name="Test Cases/Admin Page/Qualifications/Languages/Delete Language" time="24.1" classname="Test Cases/Admin Page/Qualifications/Languages/Delete Language" status="PASSED">
         <system-out><![CDATA[2023-03-06 10:43:31 - [TEST_CASE][PASSED] - Test Cases/Admin Page/Qualifications/Languages/Delete Language: Test Cases/Admin Page/Qualifications/Languages/Delete Language

2023-03-06 10:43:31 - [TEST_STEP][PASSED] - Start listener action : sampleBeforeTestCase: orange.keywords.userLogin is PASSED

2023-03-06 10:43:31 - [TEST_STEP][PASSED] - println(testCaseContext.getTestCaseId()): null

2023-03-06 10:43:31 - [TEST_STEP][PASSED] - println(testCaseContext.getTestCaseVariables()): null

2023-03-06 10:43:31 - [TEST_STEP][PASSED] - openBrowser(baseURL): Browser is opened with url: 'https://opensource-demo.orangehrmlive.com/web/index.php/auth/login'

2023-03-06 10:43:31 - [MESSAGE][INFO] - Starting 'Chrome' driver

2023-03-06 10:43:31 - [MESSAGE][INFO] - Action delay is set to 1,000 milliseconds

2023-03-06 10:43:36 - [MESSAGE][PASSED] - Browser is opened with url: 'https://opensource-demo.orangehrmlive.com/web/index.php/auth/login'

2023-03-06 10:43:36 - [TEST_STEP][PASSED] - maximizeWindow(): Current window maximized

2023-03-06 10:43:36 - [MESSAGE][PASSED] - Current window maximized

2023-03-06 10:43:36 - [TEST_STEP][PASSED] - orange.keywords.userLogin(findTestObject("Login Page/textbox_Username"), username, findTestObject("Login Page/textbox_Password"), password, findTestObject("Login Page/button_Login")): orange.keywords.userLogin is PASSED

2023-03-06 10:43:42 - [MESSAGE][PASSED] - orange.keywords.userLogin is PASSED

2023-03-06 10:43:42 - [TEST_STEP][PASSED] - click(findTestObject("Navigation Sidebar/a_Admin")): Object: 'Object Repository/Navigation Sidebar/a_Admin' is clicked on

2023-03-06 10:43:45 - [MESSAGE][PASSED] - Object: 'Object Repository/Navigation Sidebar/a_Admin' is clicked on

2023-03-06 10:43:45 - [TEST_STEP][PASSED] - click(findTestObject("Admin Page/Qualifications/li_Qualifications")): Object: 'Object Repository/Admin Page/Qualifications/li_Qualifications' is clicked on

2023-03-06 10:43:47 - [MESSAGE][PASSED] - Object: 'Object Repository/Admin Page/Qualifications/li_Qualifications' is clicked on

2023-03-06 10:43:47 - [TEST_STEP][PASSED] - click(findTestObject("Admin Page/Qualifications/Languages/li_Languages")): Object: 'Object Repository/Admin Page/Qualifications/Languages/li_Languages' is clicked on

2023-03-06 10:43:49 - [MESSAGE][PASSED] - Object: 'Object Repository/Admin Page/Qualifications/Languages/li_Languages' is clicked on

2023-03-06 10:43:49 - [TEST_STEP][PASSED] - click(findTestObject("Admin Page/Qualifications/Languages/button_Delete")): Object: 'Object Repository/Admin Page/Qualifications/Languages/button_Delete' is clicked on

2023-03-06 10:43:52 - [MESSAGE][PASSED] - Object: 'Object Repository/Admin Page/Qualifications/Languages/button_Delete' is clicked on

2023-03-06 10:43:52 - [TEST_STEP][PASSED] - click(findTestObject("Admin Page/Qualifications/Languages/button_Yes, Delete")): Object: 'Object Repository/Admin Page/Qualifications/Languages/button_Yes, Delete' is clicked on

2023-03-06 10:43:53 - [MESSAGE][PASSED] - Object: 'Object Repository/Admin Page/Qualifications/Languages/button_Yes, Delete' is clicked on

2023-03-06 10:43:53 - [TEST_STEP][PASSED] - waitForElementPresent(findTestObject("Confirmation messages/message_SuccessSuccessfullyDeleted"), 10): Object 'Object Repository/Confirmation messages/message_SuccessSuccessfullyDeleted' is present

2023-03-06 10:43:54 - [MESSAGE][PASSED] - Object 'Object Repository/Confirmation messages/message_SuccessSuccessfullyDeleted' is present

2023-03-06 10:43:54 - [TEST_STEP][PASSED] - verifyElementPresent(findTestObject("Confirmation messages/message_SuccessSuccessfullyDeleted"), 10): Object 'Object Repository/Confirmation messages/message_SuccessSuccessfullyDeleted' is present

2023-03-06 10:43:55 - [MESSAGE][PASSED] - Object 'Object Repository/Confirmation messages/message_SuccessSuccessfullyDeleted' is present

2023-03-06 10:43:55 - [TEST_STEP][PASSED] - Start listener action : sampleAfterTestCase: Browser is closed

2023-03-06 10:43:55 - [TEST_STEP][PASSED] - println(testCaseContext.getTestCaseId()): null

2023-03-06 10:43:55 - [TEST_STEP][PASSED] - println(testCaseContext.getTestCaseStatus()): null

2023-03-06 10:43:55 - [TEST_STEP][PASSED] - closeBrowser(): Browser is closed

2023-03-06 10:43:55 - [MESSAGE][PASSED] - Browser is closed]]></system-out>
         <system-err><![CDATA[]]></system-err>
      </testcase>
      <testcase name="Test Cases/Admin Page/Qualifications/Licenses/Add License" time="28.101" classname="Test Cases/Admin Page/Qualifications/Licenses/Add License" status="PASSED">
         <system-out><![CDATA[2023-03-06 10:43:55 - [TEST_CASE][PASSED] - Test Cases/Admin Page/Qualifications/Licenses/Add License: Test Cases/Admin Page/Qualifications/Licenses/Add License

2023-03-06 10:43:55 - [TEST_STEP][PASSED] - Start listener action : sampleBeforeTestCase: orange.keywords.userLogin is PASSED

2023-03-06 10:43:55 - [TEST_STEP][PASSED] - println(testCaseContext.getTestCaseId()): null

2023-03-06 10:43:55 - [TEST_STEP][PASSED] - println(testCaseContext.getTestCaseVariables()): null

2023-03-06 10:43:55 - [TEST_STEP][PASSED] - openBrowser(baseURL): Browser is opened with url: 'https://opensource-demo.orangehrmlive.com/web/index.php/auth/login'

2023-03-06 10:43:55 - [MESSAGE][INFO] - Starting 'Chrome' driver

2023-03-06 10:43:55 - [MESSAGE][INFO] - Action delay is set to 1,000 milliseconds

2023-03-06 10:43:59 - [MESSAGE][PASSED] - Browser is opened with url: 'https://opensource-demo.orangehrmlive.com/web/index.php/auth/login'

2023-03-06 10:43:59 - [TEST_STEP][PASSED] - maximizeWindow(): Current window maximized

2023-03-06 10:44:00 - [MESSAGE][PASSED] - Current window maximized

2023-03-06 10:44:00 - [TEST_STEP][PASSED] - orange.keywords.userLogin(findTestObject("Login Page/textbox_Username"), username, findTestObject("Login Page/textbox_Password"), password, findTestObject("Login Page/button_Login")): orange.keywords.userLogin is PASSED

2023-03-06 10:44:05 - [MESSAGE][PASSED] - orange.keywords.userLogin is PASSED

2023-03-06 10:44:06 - [TEST_STEP][PASSED] - click(findTestObject("Navigation Sidebar/a_Admin")): Object: 'Object Repository/Navigation Sidebar/a_Admin' is clicked on

2023-03-06 10:44:09 - [MESSAGE][PASSED] - Object: 'Object Repository/Navigation Sidebar/a_Admin' is clicked on

2023-03-06 10:44:09 - [TEST_STEP][PASSED] - click(findTestObject("Admin Page/Qualifications/li_Qualifications")): Object: 'Object Repository/Admin Page/Qualifications/li_Qualifications' is clicked on

2023-03-06 10:44:11 - [MESSAGE][PASSED] - Object: 'Object Repository/Admin Page/Qualifications/li_Qualifications' is clicked on

2023-03-06 10:44:11 - [TEST_STEP][PASSED] - click(findTestObject("Admin Page/Qualifications/Licenses/li_Licenses")): Object: 'Object Repository/Admin Page/Qualifications/Licenses/li_Licenses' is clicked on

2023-03-06 10:44:14 - [MESSAGE][PASSED] - Object: 'Object Repository/Admin Page/Qualifications/Licenses/li_Licenses' is clicked on

2023-03-06 10:44:14 - [TEST_STEP][PASSED] - click(findTestObject("Admin Page/Qualifications/Languages/button_Add")): Object: 'Object Repository/Admin Page/Qualifications/Languages/button_Add' is clicked on

2023-03-06 10:44:16 - [MESSAGE][PASSED] - Object: 'Object Repository/Admin Page/Qualifications/Languages/button_Add' is clicked on

2023-03-06 10:44:16 - [TEST_STEP][PASSED] - sendKeys(findTestObject("Admin Page/Qualifications/Skills/textbox_Username"), "Practicioner Beginner-Automation"): Keys 'Practicioner Beginner-Automation' sent to object: 'Object Repository/Admin Page/Qualifications/Skills/textbox_Username'

2023-03-06 10:44:18 - [MESSAGE][PASSED] - Keys 'Practicioner Beginner-Automation' sent to object: 'Object Repository/Admin Page/Qualifications/Skills/textbox_Username'

2023-03-06 10:44:18 - [TEST_STEP][PASSED] - takeScreenshotAsCheckpoint("License Info"): Taking screenshot successfully

2023-03-06 10:44:19 - [MESSAGE][INFO] - 0 hidden object(s)

2023-03-06 10:44:20 - [MESSAGE][PASSED] - Taking screenshot successfully
[[ATTACHMENT|keyes\keyes-License Info.png]]

2023-03-06 10:44:20 - [TEST_STEP][PASSED] - click(findTestObject("Admin Page/Qualifications/Skills/button_Save")): Object: 'Object Repository/Admin Page/Qualifications/Skills/button_Save' is clicked on

2023-03-06 10:44:22 - [MESSAGE][PASSED] - Object: 'Object Repository/Admin Page/Qualifications/Skills/button_Save' is clicked on

2023-03-06 10:44:22 - [TEST_STEP][PASSED] - waitForElementPresent(findTestObject("Confirmation messages/message_SuccessSuccessfullySaved"), 10): Object 'Object Repository/Confirmation messages/message_SuccessSuccessfullySaved' is present

2023-03-06 10:44:22 - [MESSAGE][PASSED] - Object 'Object Repository/Confirmation messages/message_SuccessSuccessfullySaved' is present

2023-03-06 10:44:22 - [TEST_STEP][PASSED] - verifyElementPresent(findTestObject("Confirmation messages/message_SuccessSuccessfullySaved"), 10): Object 'Object Repository/Confirmation messages/message_SuccessSuccessfullySaved' is present

2023-03-06 10:44:23 - [MESSAGE][PASSED] - Object 'Object Repository/Confirmation messages/message_SuccessSuccessfullySaved' is present

2023-03-06 10:44:23 - [TEST_STEP][PASSED] - Start listener action : sampleAfterTestCase: Browser is closed

2023-03-06 10:44:23 - [TEST_STEP][PASSED] - println(testCaseContext.getTestCaseId()): null

2023-03-06 10:44:23 - [TEST_STEP][PASSED] - println(testCaseContext.getTestCaseStatus()): null

2023-03-06 10:44:23 - [TEST_STEP][PASSED] - closeBrowser(): Browser is closed

2023-03-06 10:44:23 - [MESSAGE][PASSED] - Browser is closed]]></system-out>
         <system-err><![CDATA[]]></system-err>
      </testcase>
      <testcase name="Test Cases/Admin Page/Qualifications/Licenses/Edit License" time="28.873" classname="Test Cases/Admin Page/Qualifications/Licenses/Edit License" status="PASSED">
         <system-out><![CDATA[2023-03-06 10:44:23 - [TEST_CASE][PASSED] - Test Cases/Admin Page/Qualifications/Licenses/Edit License: Test Cases/Admin Page/Qualifications/Licenses/Edit License

2023-03-06 10:44:24 - [TEST_STEP][PASSED] - Start listener action : sampleBeforeTestCase: orange.keywords.userLogin is PASSED

2023-03-06 10:44:24 - [TEST_STEP][PASSED] - println(testCaseContext.getTestCaseId()): null

2023-03-06 10:44:24 - [TEST_STEP][PASSED] - println(testCaseContext.getTestCaseVariables()): null

2023-03-06 10:44:24 - [TEST_STEP][PASSED] - openBrowser(baseURL): Browser is opened with url: 'https://opensource-demo.orangehrmlive.com/web/index.php/auth/login'

2023-03-06 10:44:24 - [MESSAGE][INFO] - Starting 'Chrome' driver

2023-03-06 10:44:24 - [MESSAGE][INFO] - Action delay is set to 1,000 milliseconds

2023-03-06 10:44:28 - [MESSAGE][PASSED] - Browser is opened with url: 'https://opensource-demo.orangehrmlive.com/web/index.php/auth/login'

2023-03-06 10:44:28 - [TEST_STEP][PASSED] - maximizeWindow(): Current window maximized

2023-03-06 10:44:28 - [MESSAGE][PASSED] - Current window maximized

2023-03-06 10:44:28 - [TEST_STEP][PASSED] - orange.keywords.userLogin(findTestObject("Login Page/textbox_Username"), username, findTestObject("Login Page/textbox_Password"), password, findTestObject("Login Page/button_Login")): orange.keywords.userLogin is PASSED

2023-03-06 10:44:33 - [MESSAGE][PASSED] - orange.keywords.userLogin is PASSED

2023-03-06 10:44:34 - [TEST_STEP][PASSED] - click(findTestObject("Navigation Sidebar/a_Admin")): Object: 'Object Repository/Navigation Sidebar/a_Admin' is clicked on

2023-03-06 10:44:37 - [MESSAGE][PASSED] - Object: 'Object Repository/Navigation Sidebar/a_Admin' is clicked on

2023-03-06 10:44:37 - [TEST_STEP][PASSED] - click(findTestObject("Admin Page/Qualifications/li_Qualifications")): Object: 'Object Repository/Admin Page/Qualifications/li_Qualifications' is clicked on

2023-03-06 10:44:40 - [MESSAGE][PASSED] - Object: 'Object Repository/Admin Page/Qualifications/li_Qualifications' is clicked on

2023-03-06 10:44:40 - [TEST_STEP][PASSED] - click(findTestObject("Admin Page/Qualifications/Licenses/li_Licenses")): Object: 'Object Repository/Admin Page/Qualifications/Licenses/li_Licenses' is clicked on

2023-03-06 10:44:42 - [MESSAGE][PASSED] - Object: 'Object Repository/Admin Page/Qualifications/Licenses/li_Licenses' is clicked on

2023-03-06 10:44:42 - [TEST_STEP][PASSED] - click(findTestObject("Admin Page/Qualifications/Licenses/button_Edit")): Object: 'Object Repository/Admin Page/Qualifications/Licenses/button_Edit' is clicked on

2023-03-06 10:44:44 - [MESSAGE][PASSED] - Object: 'Object Repository/Admin Page/Qualifications/Licenses/button_Edit' is clicked on

2023-03-06 10:44:44 - [TEST_STEP][PASSED] - sendKeys(findTestObject("Admin Page/Qualifications/Skills/textbox_Username"), Keys.chord(CONTROL, "a")): Keys 'CONTROL + a' sent to object: 'Object Repository/Admin Page/Qualifications/Skills/textbox_Username'

2023-03-06 10:44:47 - [MESSAGE][PASSED] - Keys 'CONTROL + a' sent to object: 'Object Repository/Admin Page/Qualifications/Skills/textbox_Username'

2023-03-06 10:44:47 - [TEST_STEP][PASSED] - sendKeys(findTestObject("Admin Page/Qualifications/Skills/textbox_Username_selected"), "Practicioner Advanced-Automation"): Keys 'Practicioner Advanced-Automation' sent to object: 'Object Repository/Admin Page/Qualifications/Skills/textbox_Username_selected'

2023-03-06 10:44:49 - [MESSAGE][PASSED] - Keys 'Practicioner Advanced-Automation' sent to object: 'Object Repository/Admin Page/Qualifications/Skills/textbox_Username_selected'

2023-03-06 10:44:49 - [TEST_STEP][PASSED] - click(findTestObject("Admin Page/Qualifications/Skills/button_Save")): Object: 'Object Repository/Admin Page/Qualifications/Skills/button_Save' is clicked on

2023-03-06 10:44:50 - [MESSAGE][PASSED] - Object: 'Object Repository/Admin Page/Qualifications/Skills/button_Save' is clicked on

2023-03-06 10:44:50 - [TEST_STEP][PASSED] - waitForElementPresent(findTestObject("Confirmation messages/message_SuccessSuccessfullyUpdated"), 10): Object 'Object Repository/Confirmation messages/message_SuccessSuccessfullyUpdated' is present

2023-03-06 10:44:51 - [MESSAGE][PASSED] - Object 'Object Repository/Confirmation messages/message_SuccessSuccessfullyUpdated' is present

2023-03-06 10:44:51 - [TEST_STEP][PASSED] - verifyElementPresent(findTestObject("Confirmation messages/message_SuccessSuccessfullyUpdated"), 10): Object 'Object Repository/Confirmation messages/message_SuccessSuccessfullyUpdated' is present

2023-03-06 10:44:52 - [MESSAGE][PASSED] - Object 'Object Repository/Confirmation messages/message_SuccessSuccessfullyUpdated' is present

2023-03-06 10:44:52 - [TEST_STEP][PASSED] - Start listener action : sampleAfterTestCase: Browser is closed

2023-03-06 10:44:52 - [TEST_STEP][PASSED] - println(testCaseContext.getTestCaseId()): null

2023-03-06 10:44:52 - [TEST_STEP][PASSED] - println(testCaseContext.getTestCaseStatus()): null

2023-03-06 10:44:52 - [TEST_STEP][PASSED] - closeBrowser(): Browser is closed

2023-03-06 10:44:52 - [MESSAGE][PASSED] - Browser is closed]]></system-out>
         <system-err><![CDATA[]]></system-err>
      </testcase>
      <testcase name="Test Cases/Admin Page/Qualifications/Licenses/Delete License" time="24.648" classname="Test Cases/Admin Page/Qualifications/Licenses/Delete License" status="PASSED">
         <system-out><![CDATA[2023-03-06 10:44:52 - [TEST_CASE][PASSED] - Test Cases/Admin Page/Qualifications/Licenses/Delete License: Test Cases/Admin Page/Qualifications/Licenses/Delete License

2023-03-06 10:44:52 - [TEST_STEP][PASSED] - Start listener action : sampleBeforeTestCase: orange.keywords.userLogin is PASSED

2023-03-06 10:44:52 - [TEST_STEP][PASSED] - println(testCaseContext.getTestCaseId()): null

2023-03-06 10:44:52 - [TEST_STEP][PASSED] - println(testCaseContext.getTestCaseVariables()): null

2023-03-06 10:44:52 - [TEST_STEP][PASSED] - openBrowser(baseURL): Browser is opened with url: 'https://opensource-demo.orangehrmlive.com/web/index.php/auth/login'

2023-03-06 10:44:52 - [MESSAGE][INFO] - Starting 'Chrome' driver

2023-03-06 10:44:52 - [MESSAGE][INFO] - Action delay is set to 1,000 milliseconds

2023-03-06 10:44:57 - [MESSAGE][PASSED] - Browser is opened with url: 'https://opensource-demo.orangehrmlive.com/web/index.php/auth/login'

2023-03-06 10:44:57 - [TEST_STEP][PASSED] - maximizeWindow(): Current window maximized

2023-03-06 10:44:57 - [MESSAGE][PASSED] - Current window maximized

2023-03-06 10:44:57 - [TEST_STEP][PASSED] - orange.keywords.userLogin(findTestObject("Login Page/textbox_Username"), username, findTestObject("Login Page/textbox_Password"), password, findTestObject("Login Page/button_Login")): orange.keywords.userLogin is PASSED

2023-03-06 10:45:02 - [MESSAGE][PASSED] - orange.keywords.userLogin is PASSED

2023-03-06 10:45:03 - [TEST_STEP][PASSED] - click(findTestObject("Navigation Sidebar/a_Admin")): Object: 'Object Repository/Navigation Sidebar/a_Admin' is clicked on

2023-03-06 10:45:06 - [MESSAGE][PASSED] - Object: 'Object Repository/Navigation Sidebar/a_Admin' is clicked on

2023-03-06 10:45:06 - [TEST_STEP][PASSED] - click(findTestObject("Admin Page/Qualifications/li_Qualifications")): Object: 'Object Repository/Admin Page/Qualifications/li_Qualifications' is clicked on

2023-03-06 10:45:08 - [MESSAGE][PASSED] - Object: 'Object Repository/Admin Page/Qualifications/li_Qualifications' is clicked on

2023-03-06 10:45:08 - [TEST_STEP][PASSED] - click(findTestObject("Admin Page/Qualifications/Licenses/li_Licenses")): Object: 'Object Repository/Admin Page/Qualifications/Licenses/li_Licenses' is clicked on

2023-03-06 10:45:11 - [MESSAGE][PASSED] - Object: 'Object Repository/Admin Page/Qualifications/Licenses/li_Licenses' is clicked on

2023-03-06 10:45:11 - [TEST_STEP][PASSED] - click(findTestObject("Admin Page/Qualifications/Licenses/button_Delete")): Object: 'Object Repository/Admin Page/Qualifications/Licenses/button_Delete' is clicked on

2023-03-06 10:45:13 - [MESSAGE][PASSED] - Object: 'Object Repository/Admin Page/Qualifications/Licenses/button_Delete' is clicked on

2023-03-06 10:45:13 - [TEST_STEP][PASSED] - click(findTestObject("Admin Page/Qualifications/Languages/button_Yes, Delete")): Object: 'Object Repository/Admin Page/Qualifications/Languages/button_Yes, Delete' is clicked on

2023-03-06 10:45:15 - [MESSAGE][PASSED] - Object: 'Object Repository/Admin Page/Qualifications/Languages/button_Yes, Delete' is clicked on

2023-03-06 10:45:15 - [TEST_STEP][PASSED] - waitForElementPresent(findTestObject("Confirmation messages/message_SuccessSuccessfullyDeleted"), 10): Object 'Object Repository/Confirmation messages/message_SuccessSuccessfullyDeleted' is present

2023-03-06 10:45:16 - [MESSAGE][PASSED] - Object 'Object Repository/Confirmation messages/message_SuccessSuccessfullyDeleted' is present

2023-03-06 10:45:16 - [TEST_STEP][PASSED] - verifyElementPresent(findTestObject("Confirmation messages/message_SuccessSuccessfullyDeleted"), 10): Object 'Object Repository/Confirmation messages/message_SuccessSuccessfullyDeleted' is present

2023-03-06 10:45:16 - [MESSAGE][PASSED] - Object 'Object Repository/Confirmation messages/message_SuccessSuccessfullyDeleted' is present

2023-03-06 10:45:16 - [TEST_STEP][PASSED] - Start listener action : sampleAfterTestCase: Browser is closed

2023-03-06 10:45:16 - [TEST_STEP][PASSED] - println(testCaseContext.getTestCaseId()): null

2023-03-06 10:45:16 - [TEST_STEP][PASSED] - println(testCaseContext.getTestCaseStatus()): null

2023-03-06 10:45:16 - [TEST_STEP][PASSED] - closeBrowser(): Browser is closed

2023-03-06 10:45:17 - [MESSAGE][PASSED] - Browser is closed]]></system-out>
         <system-err><![CDATA[]]></system-err>
      </testcase>
      <testcase name="Test Cases/Admin Page/Qualifications/Memberships/Add Membership" time="28.877" classname="Test Cases/Admin Page/Qualifications/Memberships/Add Membership" status="PASSED">
         <system-out><![CDATA[2023-03-06 10:45:17 - [TEST_CASE][PASSED] - Test Cases/Admin Page/Qualifications/Memberships/Add Membership: Test Cases/Admin Page/Qualifications/Memberships/Add Membership

2023-03-06 10:45:17 - [TEST_STEP][PASSED] - Start listener action : sampleBeforeTestCase: orange.keywords.userLogin is PASSED

2023-03-06 10:45:17 - [TEST_STEP][PASSED] - println(testCaseContext.getTestCaseId()): null

2023-03-06 10:45:17 - [TEST_STEP][PASSED] - println(testCaseContext.getTestCaseVariables()): null

2023-03-06 10:45:17 - [TEST_STEP][PASSED] - openBrowser(baseURL): Browser is opened with url: 'https://opensource-demo.orangehrmlive.com/web/index.php/auth/login'

2023-03-06 10:45:17 - [MESSAGE][INFO] - Starting 'Chrome' driver

2023-03-06 10:45:17 - [MESSAGE][INFO] - Action delay is set to 1,000 milliseconds

2023-03-06 10:45:22 - [MESSAGE][PASSED] - Browser is opened with url: 'https://opensource-demo.orangehrmlive.com/web/index.php/auth/login'

2023-03-06 10:45:22 - [TEST_STEP][PASSED] - maximizeWindow(): Current window maximized

2023-03-06 10:45:22 - [MESSAGE][PASSED] - Current window maximized

2023-03-06 10:45:22 - [TEST_STEP][PASSED] - orange.keywords.userLogin(findTestObject("Login Page/textbox_Username"), username, findTestObject("Login Page/textbox_Password"), password, findTestObject("Login Page/button_Login")): orange.keywords.userLogin is PASSED

2023-03-06 10:45:28 - [MESSAGE][PASSED] - orange.keywords.userLogin is PASSED

2023-03-06 10:45:28 - [TEST_STEP][PASSED] - click(findTestObject("Navigation Sidebar/a_Admin")): Object: 'Object Repository/Navigation Sidebar/a_Admin' is clicked on

2023-03-06 10:45:31 - [MESSAGE][PASSED] - Object: 'Object Repository/Navigation Sidebar/a_Admin' is clicked on

2023-03-06 10:45:31 - [TEST_STEP][PASSED] - click(findTestObject("Admin Page/Qualifications/li_Qualifications")): Object: 'Object Repository/Admin Page/Qualifications/li_Qualifications' is clicked on

2023-03-06 10:45:34 - [MESSAGE][PASSED] - Object: 'Object Repository/Admin Page/Qualifications/li_Qualifications' is clicked on

2023-03-06 10:45:34 - [TEST_STEP][PASSED] - click(findTestObject("Admin Page/Qualifications/Memberships/li_Memberships")): Object: 'Object Repository/Admin Page/Qualifications/Memberships/li_Memberships' is clicked on

2023-03-06 10:45:36 - [MESSAGE][PASSED] - Object: 'Object Repository/Admin Page/Qualifications/Memberships/li_Memberships' is clicked on

2023-03-06 10:45:36 - [TEST_STEP][PASSED] - click(findTestObject("Admin Page/Qualifications/Languages/button_Add")): Object: 'Object Repository/Admin Page/Qualifications/Languages/button_Add' is clicked on

2023-03-06 10:45:39 - [MESSAGE][PASSED] - Object: 'Object Repository/Admin Page/Qualifications/Languages/button_Add' is clicked on

2023-03-06 10:45:39 - [TEST_STEP][PASSED] - sendKeys(findTestObject("Admin Page/Qualifications/Skills/textbox_Username"), "Gold Membership-Automation"): Keys 'Gold Membership-Automation' sent to object: 'Object Repository/Admin Page/Qualifications/Skills/textbox_Username'

2023-03-06 10:45:41 - [MESSAGE][PASSED] - Keys 'Gold Membership-Automation' sent to object: 'Object Repository/Admin Page/Qualifications/Skills/textbox_Username'

2023-03-06 10:45:41 - [TEST_STEP][PASSED] - takeScreenshotAsCheckpoint("Membership info"): Taking screenshot successfully

2023-03-06 10:45:42 - [MESSAGE][INFO] - 0 hidden object(s)

2023-03-06 10:45:42 - [MESSAGE][PASSED] - Taking screenshot successfully
[[ATTACHMENT|keyes\keyes-Membership info.png]]

2023-03-06 10:45:42 - [TEST_STEP][PASSED] - click(findTestObject("Admin Page/Qualifications/Skills/button_Save")): Object: 'Object Repository/Admin Page/Qualifications/Skills/button_Save' is clicked on

2023-03-06 10:45:44 - [MESSAGE][PASSED] - Object: 'Object Repository/Admin Page/Qualifications/Skills/button_Save' is clicked on

2023-03-06 10:45:44 - [TEST_STEP][PASSED] - waitForElementPresent(findTestObject("Confirmation messages/message_SuccessSuccessfullySaved"), 10): Object 'Object Repository/Confirmation messages/message_SuccessSuccessfullySaved' is present

2023-03-06 10:45:45 - [MESSAGE][PASSED] - Object 'Object Repository/Confirmation messages/message_SuccessSuccessfullySaved' is present

2023-03-06 10:45:45 - [TEST_STEP][PASSED] - verifyElementPresent(findTestObject("Confirmation messages/message_SuccessSuccessfullySaved"), 10): Object 'Object Repository/Confirmation messages/message_SuccessSuccessfullySaved' is present

2023-03-06 10:45:45 - [MESSAGE][PASSED] - Object 'Object Repository/Confirmation messages/message_SuccessSuccessfullySaved' is present

2023-03-06 10:45:45 - [TEST_STEP][PASSED] - Start listener action : sampleAfterTestCase: Browser is closed

2023-03-06 10:45:45 - [TEST_STEP][PASSED] - println(testCaseContext.getTestCaseId()): null

2023-03-06 10:45:45 - [TEST_STEP][PASSED] - println(testCaseContext.getTestCaseStatus()): null

2023-03-06 10:45:45 - [TEST_STEP][PASSED] - closeBrowser(): Browser is closed

2023-03-06 10:45:46 - [MESSAGE][PASSED] - Browser is closed]]></system-out>
         <system-err><![CDATA[]]></system-err>
      </testcase>
      <testcase name="Test Cases/Admin Page/Qualifications/Memberships/Edit Membership" time="28.117" classname="Test Cases/Admin Page/Qualifications/Memberships/Edit Membership" status="PASSED">
         <system-out><![CDATA[2023-03-06 10:45:46 - [TEST_CASE][PASSED] - Test Cases/Admin Page/Qualifications/Memberships/Edit Membership: Test Cases/Admin Page/Qualifications/Memberships/Edit Membership

2023-03-06 10:45:46 - [TEST_STEP][PASSED] - Start listener action : sampleBeforeTestCase: orange.keywords.userLogin is PASSED

2023-03-06 10:45:46 - [TEST_STEP][PASSED] - println(testCaseContext.getTestCaseId()): null

2023-03-06 10:45:46 - [TEST_STEP][PASSED] - println(testCaseContext.getTestCaseVariables()): null

2023-03-06 10:45:46 - [TEST_STEP][PASSED] - openBrowser(baseURL): Browser is opened with url: 'https://opensource-demo.orangehrmlive.com/web/index.php/auth/login'

2023-03-06 10:45:46 - [MESSAGE][INFO] - Starting 'Chrome' driver

2023-03-06 10:45:46 - [MESSAGE][INFO] - Action delay is set to 1,000 milliseconds

2023-03-06 10:45:50 - [MESSAGE][PASSED] - Browser is opened with url: 'https://opensource-demo.orangehrmlive.com/web/index.php/auth/login'

2023-03-06 10:45:50 - [TEST_STEP][PASSED] - maximizeWindow(): Current window maximized

2023-03-06 10:45:50 - [MESSAGE][PASSED] - Current window maximized

2023-03-06 10:45:50 - [TEST_STEP][PASSED] - orange.keywords.userLogin(findTestObject("Login Page/textbox_Username"), username, findTestObject("Login Page/textbox_Password"), password, findTestObject("Login Page/button_Login")): orange.keywords.userLogin is PASSED

2023-03-06 10:45:56 - [MESSAGE][PASSED] - orange.keywords.userLogin is PASSED

2023-03-06 10:45:57 - [TEST_STEP][PASSED] - click(findTestObject("Navigation Sidebar/a_Admin")): Object: 'Object Repository/Navigation Sidebar/a_Admin' is clicked on

2023-03-06 10:45:59 - [MESSAGE][PASSED] - Object: 'Object Repository/Navigation Sidebar/a_Admin' is clicked on

2023-03-06 10:45:59 - [TEST_STEP][PASSED] - click(findTestObject("Admin Page/Qualifications/li_Qualifications")): Object: 'Object Repository/Admin Page/Qualifications/li_Qualifications' is clicked on

2023-03-06 10:46:02 - [MESSAGE][PASSED] - Object: 'Object Repository/Admin Page/Qualifications/li_Qualifications' is clicked on

2023-03-06 10:46:02 - [TEST_STEP][PASSED] - click(findTestObject("Admin Page/Qualifications/Memberships/li_Memberships")): Object: 'Object Repository/Admin Page/Qualifications/Memberships/li_Memberships' is clicked on

2023-03-06 10:46:04 - [MESSAGE][PASSED] - Object: 'Object Repository/Admin Page/Qualifications/Memberships/li_Memberships' is clicked on

2023-03-06 10:46:04 - [TEST_STEP][PASSED] - click(findTestObject("Admin Page/Qualifications/Memberships/button_Edit")): Object: 'Object Repository/Admin Page/Qualifications/Memberships/button_Edit' is clicked on

2023-03-06 10:46:06 - [MESSAGE][PASSED] - Object: 'Object Repository/Admin Page/Qualifications/Memberships/button_Edit' is clicked on

2023-03-06 10:46:06 - [TEST_STEP][PASSED] - sendKeys(findTestObject("Admin Page/Qualifications/Memberships/textbox_Username"), Keys.chord(CONTROL, "a")): Keys 'CONTROL + a' sent to object: 'Object Repository/Admin Page/Qualifications/Memberships/textbox_Username'

2023-03-06 10:46:09 - [MESSAGE][PASSED] - Keys 'CONTROL + a' sent to object: 'Object Repository/Admin Page/Qualifications/Memberships/textbox_Username'

2023-03-06 10:46:09 - [TEST_STEP][PASSED] - sendKeys(findTestObject("Admin Page/Qualifications/Skills/textbox_Username_selected"), "Platinum Membership-Automation"): Keys 'Platinum Membership-Automation' sent to object: 'Object Repository/Admin Page/Qualifications/Skills/textbox_Username_selected'

2023-03-06 10:46:10 - [MESSAGE][PASSED] - Keys 'Platinum Membership-Automation' sent to object: 'Object Repository/Admin Page/Qualifications/Skills/textbox_Username_selected'

2023-03-06 10:46:10 - [TEST_STEP][PASSED] - click(findTestObject("Admin Page/Qualifications/Skills/button_Save")): Object: 'Object Repository/Admin Page/Qualifications/Skills/button_Save' is clicked on

2023-03-06 10:46:12 - [MESSAGE][PASSED] - Object: 'Object Repository/Admin Page/Qualifications/Skills/button_Save' is clicked on

2023-03-06 10:46:12 - [TEST_STEP][PASSED] - waitForElementPresent(findTestObject("Confirmation messages/message_SuccessSuccessfullyUpdated"), 10): Object 'Object Repository/Confirmation messages/message_SuccessSuccessfullyUpdated' is present

2023-03-06 10:46:13 - [MESSAGE][PASSED] - Object 'Object Repository/Confirmation messages/message_SuccessSuccessfullyUpdated' is present

2023-03-06 10:46:13 - [TEST_STEP][PASSED] - verifyElementPresent(findTestObject("Confirmation messages/message_SuccessSuccessfullyUpdated"), 10): Object 'Object Repository/Confirmation messages/message_SuccessSuccessfullyUpdated' is present

2023-03-06 10:46:13 - [MESSAGE][PASSED] - Object 'Object Repository/Confirmation messages/message_SuccessSuccessfullyUpdated' is present

2023-03-06 10:46:13 - [TEST_STEP][PASSED] - Start listener action : sampleAfterTestCase: Browser is closed

2023-03-06 10:46:13 - [TEST_STEP][PASSED] - println(testCaseContext.getTestCaseId()): null

2023-03-06 10:46:13 - [TEST_STEP][PASSED] - println(testCaseContext.getTestCaseStatus()): null

2023-03-06 10:46:13 - [TEST_STEP][PASSED] - closeBrowser(): Browser is closed

2023-03-06 10:46:14 - [MESSAGE][PASSED] - Browser is closed]]></system-out>
         <system-err><![CDATA[]]></system-err>
      </testcase>
      <testcase name="Test Cases/Admin Page/Qualifications/Memberships/Delete Membership" time="24.59" classname="Test Cases/Admin Page/Qualifications/Memberships/Delete Membership" status="PASSED">
         <system-out><![CDATA[2023-03-06 10:46:14 - [TEST_CASE][PASSED] - Test Cases/Admin Page/Qualifications/Memberships/Delete Membership: Test Cases/Admin Page/Qualifications/Memberships/Delete Membership

2023-03-06 10:46:14 - [TEST_STEP][PASSED] - Start listener action : sampleBeforeTestCase: orange.keywords.userLogin is PASSED

2023-03-06 10:46:14 - [TEST_STEP][PASSED] - println(testCaseContext.getTestCaseId()): null

2023-03-06 10:46:14 - [TEST_STEP][PASSED] - println(testCaseContext.getTestCaseVariables()): null

2023-03-06 10:46:14 - [TEST_STEP][PASSED] - openBrowser(baseURL): Browser is opened with url: 'https://opensource-demo.orangehrmlive.com/web/index.php/auth/login'

2023-03-06 10:46:14 - [MESSAGE][INFO] - Starting 'Chrome' driver

2023-03-06 10:46:14 - [MESSAGE][INFO] - Action delay is set to 1,000 milliseconds

2023-03-06 10:46:18 - [MESSAGE][PASSED] - Browser is opened with url: 'https://opensource-demo.orangehrmlive.com/web/index.php/auth/login'

2023-03-06 10:46:18 - [TEST_STEP][PASSED] - maximizeWindow(): Current window maximized

2023-03-06 10:46:18 - [MESSAGE][PASSED] - Current window maximized

2023-03-06 10:46:18 - [TEST_STEP][PASSED] - orange.keywords.userLogin(findTestObject("Login Page/textbox_Username"), username, findTestObject("Login Page/textbox_Password"), password, findTestObject("Login Page/button_Login")): orange.keywords.userLogin is PASSED

2023-03-06 10:46:24 - [MESSAGE][PASSED] - orange.keywords.userLogin is PASSED

2023-03-06 10:46:25 - [TEST_STEP][PASSED] - click(findTestObject("Navigation Sidebar/a_Admin")): Object: 'Object Repository/Navigation Sidebar/a_Admin' is clicked on

2023-03-06 10:46:28 - [MESSAGE][PASSED] - Object: 'Object Repository/Navigation Sidebar/a_Admin' is clicked on

2023-03-06 10:46:28 - [TEST_STEP][PASSED] - click(findTestObject("Admin Page/Qualifications/li_Qualifications")): Object: 'Object Repository/Admin Page/Qualifications/li_Qualifications' is clicked on

2023-03-06 10:46:30 - [MESSAGE][PASSED] - Object: 'Object Repository/Admin Page/Qualifications/li_Qualifications' is clicked on

2023-03-06 10:46:30 - [TEST_STEP][PASSED] - click(findTestObject("Admin Page/Qualifications/Memberships/li_Memberships")): Object: 'Object Repository/Admin Page/Qualifications/Memberships/li_Memberships' is clicked on

2023-03-06 10:46:33 - [MESSAGE][PASSED] - Object: 'Object Repository/Admin Page/Qualifications/Memberships/li_Memberships' is clicked on

2023-03-06 10:46:33 - [TEST_STEP][PASSED] - click(findTestObject("Admin Page/Qualifications/Memberships/button_Delete")): Object: 'Object Repository/Admin Page/Qualifications/Memberships/button_Delete' is clicked on

2023-03-06 10:46:35 - [MESSAGE][PASSED] - Object: 'Object Repository/Admin Page/Qualifications/Memberships/button_Delete' is clicked on

2023-03-06 10:46:35 - [TEST_STEP][PASSED] - click(findTestObject("Admin Page/Qualifications/Languages/button_Yes, Delete")): Object: 'Object Repository/Admin Page/Qualifications/Languages/button_Yes, Delete' is clicked on

2023-03-06 10:46:37 - [MESSAGE][PASSED] - Object: 'Object Repository/Admin Page/Qualifications/Languages/button_Yes, Delete' is clicked on

2023-03-06 10:46:37 - [TEST_STEP][PASSED] - waitForElementPresent(findTestObject("Confirmation messages/message_SuccessSuccessfullyDeleted"), 10): Object 'Object Repository/Confirmation messages/message_SuccessSuccessfullyDeleted' is present

2023-03-06 10:46:37 - [MESSAGE][PASSED] - Object 'Object Repository/Confirmation messages/message_SuccessSuccessfullyDeleted' is present

2023-03-06 10:46:37 - [TEST_STEP][PASSED] - verifyElementPresent(findTestObject("Confirmation messages/message_SuccessSuccessfullyDeleted"), 10): Object 'Object Repository/Confirmation messages/message_SuccessSuccessfullyDeleted' is present

2023-03-06 10:46:38 - [MESSAGE][PASSED] - Object 'Object Repository/Confirmation messages/message_SuccessSuccessfullyDeleted' is present

2023-03-06 10:46:38 - [TEST_STEP][PASSED] - Start listener action : sampleAfterTestCase: Browser is closed

2023-03-06 10:46:38 - [TEST_STEP][PASSED] - println(testCaseContext.getTestCaseId()): null

2023-03-06 10:46:38 - [TEST_STEP][PASSED] - println(testCaseContext.getTestCaseStatus()): null

2023-03-06 10:46:38 - [TEST_STEP][PASSED] - closeBrowser(): Browser is closed

2023-03-06 10:46:39 - [MESSAGE][PASSED] - Browser is closed]]></system-out>
         <system-err><![CDATA[]]></system-err>
      </testcase>
      <testcase name="Test Cases/Admin Page/Qualifications/Skills/Add Skill" time="30.254" classname="Test Cases/Admin Page/Qualifications/Skills/Add Skill" status="PASSED">
         <system-out><![CDATA[2023-03-06 10:46:39 - [TEST_CASE][PASSED] - Test Cases/Admin Page/Qualifications/Skills/Add Skill: Test Cases/Admin Page/Qualifications/Skills/Add Skill

2023-03-06 10:46:39 - [TEST_STEP][PASSED] - Start listener action : sampleBeforeTestCase: orange.keywords.userLogin is PASSED

2023-03-06 10:46:39 - [TEST_STEP][PASSED] - println(testCaseContext.getTestCaseId()): null

2023-03-06 10:46:39 - [TEST_STEP][PASSED] - println(testCaseContext.getTestCaseVariables()): null

2023-03-06 10:46:39 - [TEST_STEP][PASSED] - openBrowser(baseURL): Browser is opened with url: 'https://opensource-demo.orangehrmlive.com/web/index.php/auth/login'

2023-03-06 10:46:39 - [MESSAGE][INFO] - Starting 'Chrome' driver

2023-03-06 10:46:39 - [MESSAGE][INFO] - Action delay is set to 1,000 milliseconds

2023-03-06 10:46:43 - [MESSAGE][PASSED] - Browser is opened with url: 'https://opensource-demo.orangehrmlive.com/web/index.php/auth/login'

2023-03-06 10:46:43 - [TEST_STEP][PASSED] - maximizeWindow(): Current window maximized

2023-03-06 10:46:43 - [MESSAGE][PASSED] - Current window maximized

2023-03-06 10:46:43 - [TEST_STEP][PASSED] - orange.keywords.userLogin(findTestObject("Login Page/textbox_Username"), username, findTestObject("Login Page/textbox_Password"), password, findTestObject("Login Page/button_Login")): orange.keywords.userLogin is PASSED

2023-03-06 10:46:49 - [MESSAGE][PASSED] - orange.keywords.userLogin is PASSED

2023-03-06 10:46:50 - [TEST_STEP][PASSED] - click(findTestObject("Navigation Sidebar/a_Admin")): Object: 'Object Repository/Navigation Sidebar/a_Admin' is clicked on

2023-03-06 10:46:54 - [MESSAGE][PASSED] - Object: 'Object Repository/Navigation Sidebar/a_Admin' is clicked on

2023-03-06 10:46:54 - [TEST_STEP][PASSED] - click(findTestObject("Admin Page/Qualifications/li_Qualifications")): Object: 'Object Repository/Admin Page/Qualifications/li_Qualifications' is clicked on

2023-03-06 10:46:56 - [MESSAGE][PASSED] - Object: 'Object Repository/Admin Page/Qualifications/li_Qualifications' is clicked on

2023-03-06 10:46:56 - [TEST_STEP][PASSED] - click(findTestObject("Admin Page/Qualifications/Skills/li_Skills")): Object: 'Object Repository/Admin Page/Qualifications/Skills/li_Skills' is clicked on

2023-03-06 10:46:58 - [MESSAGE][PASSED] - Object: 'Object Repository/Admin Page/Qualifications/Skills/li_Skills' is clicked on

2023-03-06 10:46:58 - [TEST_STEP][PASSED] - click(findTestObject("Admin Page/Qualifications/Languages/button_Add")): Object: 'Object Repository/Admin Page/Qualifications/Languages/button_Add' is clicked on

2023-03-06 10:47:01 - [MESSAGE][PASSED] - Object: 'Object Repository/Admin Page/Qualifications/Languages/button_Add' is clicked on

2023-03-06 10:47:01 - [TEST_STEP][PASSED] - sendKeys(findTestObject("Admin Page/Qualifications/Skills/textbox_Username"), "Assertiveness-Automation"): Keys 'Assertiveness-Automation' sent to object: 'Object Repository/Admin Page/Qualifications/Skills/textbox_Username'

2023-03-06 10:47:03 - [MESSAGE][PASSED] - Keys 'Assertiveness-Automation' sent to object: 'Object Repository/Admin Page/Qualifications/Skills/textbox_Username'

2023-03-06 10:47:03 - [TEST_STEP][PASSED] - sendKeys(findTestObject("Admin Page/Qualifications/Skills/textarea_Description"), "Everything best"): Keys 'Everything best' sent to object: 'Object Repository/Admin Page/Qualifications/Skills/textarea_Description'

2023-03-06 10:47:05 - [MESSAGE][PASSED] - Keys 'Everything best' sent to object: 'Object Repository/Admin Page/Qualifications/Skills/textarea_Description'

2023-03-06 10:47:05 - [TEST_STEP][PASSED] - takeScreenshotAsCheckpoint("Added Skill Info"): Taking screenshot successfully

2023-03-06 10:47:05 - [MESSAGE][INFO] - 0 hidden object(s)

2023-03-06 10:47:06 - [MESSAGE][PASSED] - Taking screenshot successfully
[[ATTACHMENT|keyes\keyes-Added Skill Info.png]]

2023-03-06 10:47:06 - [TEST_STEP][PASSED] - click(findTestObject("Admin Page/Qualifications/Skills/button_Save")): Object: 'Object Repository/Admin Page/Qualifications/Skills/button_Save' is clicked on

2023-03-06 10:47:07 - [MESSAGE][PASSED] - Object: 'Object Repository/Admin Page/Qualifications/Skills/button_Save' is clicked on

2023-03-06 10:47:07 - [TEST_STEP][PASSED] - waitForElementPresent(findTestObject("Confirmation messages/message_SuccessSuccessfullySaved"), 10): Object 'Object Repository/Confirmation messages/message_SuccessSuccessfullySaved' is present

2023-03-06 10:47:08 - [MESSAGE][PASSED] - Object 'Object Repository/Confirmation messages/message_SuccessSuccessfullySaved' is present

2023-03-06 10:47:08 - [TEST_STEP][PASSED] - verifyElementPresent(findTestObject("Confirmation messages/message_SuccessSuccessfullySaved"), 10): Object 'Object Repository/Confirmation messages/message_SuccessSuccessfullySaved' is present

2023-03-06 10:47:08 - [MESSAGE][PASSED] - Object 'Object Repository/Confirmation messages/message_SuccessSuccessfullySaved' is present

2023-03-06 10:47:08 - [TEST_STEP][PASSED] - Start listener action : sampleAfterTestCase: Browser is closed

2023-03-06 10:47:08 - [TEST_STEP][PASSED] - println(testCaseContext.getTestCaseId()): null

2023-03-06 10:47:08 - [TEST_STEP][PASSED] - println(testCaseContext.getTestCaseStatus()): null

2023-03-06 10:47:08 - [TEST_STEP][PASSED] - closeBrowser(): Browser is closed

2023-03-06 10:47:09 - [MESSAGE][PASSED] - Browser is closed]]></system-out>
         <system-err><![CDATA[]]></system-err>
      </testcase>
      <testcase name="Test Cases/Admin Page/Qualifications/Skills/Edit Skill" time="30.982" classname="Test Cases/Admin Page/Qualifications/Skills/Edit Skill" status="PASSED">
         <system-out><![CDATA[2023-03-06 10:47:09 - [TEST_CASE][PASSED] - Test Cases/Admin Page/Qualifications/Skills/Edit Skill: Test Cases/Admin Page/Qualifications/Skills/Edit Skill

2023-03-06 10:47:09 - [TEST_STEP][PASSED] - Start listener action : sampleBeforeTestCase: orange.keywords.userLogin is PASSED

2023-03-06 10:47:09 - [TEST_STEP][PASSED] - println(testCaseContext.getTestCaseId()): null

2023-03-06 10:47:09 - [TEST_STEP][PASSED] - println(testCaseContext.getTestCaseVariables()): null

2023-03-06 10:47:09 - [TEST_STEP][PASSED] - openBrowser(baseURL): Browser is opened with url: 'https://opensource-demo.orangehrmlive.com/web/index.php/auth/login'

2023-03-06 10:47:09 - [MESSAGE][INFO] - Starting 'Chrome' driver

2023-03-06 10:47:09 - [MESSAGE][INFO] - Action delay is set to 1,000 milliseconds

2023-03-06 10:47:13 - [MESSAGE][PASSED] - Browser is opened with url: 'https://opensource-demo.orangehrmlive.com/web/index.php/auth/login'

2023-03-06 10:47:13 - [TEST_STEP][PASSED] - maximizeWindow(): Current window maximized

2023-03-06 10:47:13 - [MESSAGE][PASSED] - Current window maximized

2023-03-06 10:47:13 - [TEST_STEP][PASSED] - orange.keywords.userLogin(findTestObject("Login Page/textbox_Username"), username, findTestObject("Login Page/textbox_Password"), password, findTestObject("Login Page/button_Login")): orange.keywords.userLogin is PASSED

2023-03-06 10:47:19 - [MESSAGE][PASSED] - orange.keywords.userLogin is PASSED

2023-03-06 10:47:19 - [TEST_STEP][PASSED] - click(findTestObject("Navigation Sidebar/a_Admin")): Object: 'Object Repository/Navigation Sidebar/a_Admin' is clicked on

2023-03-06 10:47:22 - [MESSAGE][PASSED] - Object: 'Object Repository/Navigation Sidebar/a_Admin' is clicked on

2023-03-06 10:47:22 - [TEST_STEP][PASSED] - click(findTestObject("Admin Page/Qualifications/li_Qualifications")): Object: 'Object Repository/Admin Page/Qualifications/li_Qualifications' is clicked on

2023-03-06 10:47:25 - [MESSAGE][PASSED] - Object: 'Object Repository/Admin Page/Qualifications/li_Qualifications' is clicked on

2023-03-06 10:47:25 - [TEST_STEP][PASSED] - click(findTestObject("Admin Page/Qualifications/Skills/li_Skills")): Object: 'Object Repository/Admin Page/Qualifications/Skills/li_Skills' is clicked on

2023-03-06 10:47:27 - [MESSAGE][PASSED] - Object: 'Object Repository/Admin Page/Qualifications/Skills/li_Skills' is clicked on

2023-03-06 10:47:27 - [TEST_STEP][PASSED] - click(findTestObject("Admin Page/Qualifications/Skills/button_Edit")): Object: 'Object Repository/Admin Page/Qualifications/Skills/button_Edit' is clicked on

2023-03-06 10:47:30 - [MESSAGE][PASSED] - Object: 'Object Repository/Admin Page/Qualifications/Skills/button_Edit' is clicked on

2023-03-06 10:47:30 - [TEST_STEP][PASSED] - sendKeys(findTestObject("Admin Page/Qualifications/Skills/textbox_Username"), Keys.chord(CONTROL, "a")): Keys 'CONTROL + a' sent to object: 'Object Repository/Admin Page/Qualifications/Skills/textbox_Username'

2023-03-06 10:47:32 - [MESSAGE][PASSED] - Keys 'CONTROL + a' sent to object: 'Object Repository/Admin Page/Qualifications/Skills/textbox_Username'

2023-03-06 10:47:32 - [TEST_STEP][PASSED] - sendKeys(findTestObject("Admin Page/Qualifications/Skills/textbox_Username_selected"), "Assertiveness-Automation-Edited"): Keys 'Assertiveness-Automation-Edited' sent to object: 'Object Repository/Admin Page/Qualifications/Skills/textbox_Username_selected'

2023-03-06 10:47:34 - [MESSAGE][PASSED] - Keys 'Assertiveness-Automation-Edited' sent to object: 'Object Repository/Admin Page/Qualifications/Skills/textbox_Username_selected'

2023-03-06 10:47:34 - [TEST_STEP][PASSED] - sendKeys(findTestObject("Admin Page/Qualifications/Skills/textarea_Description"), Keys.chord(CONTROL, "a")): Keys 'CONTROL + a' sent to object: 'Object Repository/Admin Page/Qualifications/Skills/textarea_Description'

2023-03-06 10:47:35 - [MESSAGE][PASSED] - Keys 'CONTROL + a' sent to object: 'Object Repository/Admin Page/Qualifications/Skills/textarea_Description'

2023-03-06 10:47:35 - [TEST_STEP][PASSED] - sendKeys(findTestObject("Admin Page/Qualifications/Skills/textarea_Description"), "New description-new skill"): Keys 'New description-new skill' sent to object: 'Object Repository/Admin Page/Qualifications/Skills/textarea_Description'

2023-03-06 10:47:37 - [MESSAGE][PASSED] - Keys 'New description-new skill' sent to object: 'Object Repository/Admin Page/Qualifications/Skills/textarea_Description'

2023-03-06 10:47:37 - [TEST_STEP][PASSED] - click(findTestObject("Admin Page/Qualifications/Skills/button_Save")): Object: 'Object Repository/Admin Page/Qualifications/Skills/button_Save' is clicked on

2023-03-06 10:47:38 - [MESSAGE][PASSED] - Object: 'Object Repository/Admin Page/Qualifications/Skills/button_Save' is clicked on

2023-03-06 10:47:38 - [TEST_STEP][PASSED] - waitForElementPresent(findTestObject("Confirmation messages/message_SuccessSuccessfullyUpdated"), 10): Object 'Object Repository/Confirmation messages/message_SuccessSuccessfullyUpdated' is present

2023-03-06 10:47:39 - [MESSAGE][PASSED] - Object 'Object Repository/Confirmation messages/message_SuccessSuccessfullyUpdated' is present

2023-03-06 10:47:39 - [TEST_STEP][PASSED] - verifyElementPresent(findTestObject("Confirmation messages/message_SuccessSuccessfullyUpdated"), 10): Object 'Object Repository/Confirmation messages/message_SuccessSuccessfullyUpdated' is present

2023-03-06 10:47:39 - [MESSAGE][PASSED] - Object 'Object Repository/Confirmation messages/message_SuccessSuccessfullyUpdated' is present

2023-03-06 10:47:39 - [TEST_STEP][PASSED] - Start listener action : sampleAfterTestCase: Browser is closed

2023-03-06 10:47:39 - [TEST_STEP][PASSED] - println(testCaseContext.getTestCaseId()): null

2023-03-06 10:47:39 - [TEST_STEP][PASSED] - println(testCaseContext.getTestCaseStatus()): null

2023-03-06 10:47:39 - [TEST_STEP][PASSED] - closeBrowser(): Browser is closed

2023-03-06 10:47:40 - [MESSAGE][PASSED] - Browser is closed]]></system-out>
         <system-err><![CDATA[]]></system-err>
      </testcase>
      <testcase name="Test Cases/Admin Page/Qualifications/Skills/Delete Skill" time="23.372" classname="Test Cases/Admin Page/Qualifications/Skills/Delete Skill" status="PASSED">
         <system-out><![CDATA[2023-03-06 10:47:40 - [TEST_CASE][PASSED] - Test Cases/Admin Page/Qualifications/Skills/Delete Skill: Test Cases/Admin Page/Qualifications/Skills/Delete Skill

2023-03-06 10:47:40 - [TEST_STEP][PASSED] - Start listener action : sampleBeforeTestCase: orange.keywords.userLogin is PASSED

2023-03-06 10:47:40 - [TEST_STEP][PASSED] - println(testCaseContext.getTestCaseId()): null

2023-03-06 10:47:40 - [TEST_STEP][PASSED] - println(testCaseContext.getTestCaseVariables()): null

2023-03-06 10:47:40 - [TEST_STEP][PASSED] - openBrowser(baseURL): Browser is opened with url: 'https://opensource-demo.orangehrmlive.com/web/index.php/auth/login'

2023-03-06 10:47:40 - [MESSAGE][INFO] - Starting 'Chrome' driver

2023-03-06 10:47:40 - [MESSAGE][INFO] - Action delay is set to 1,000 milliseconds

2023-03-06 10:47:44 - [MESSAGE][PASSED] - Browser is opened with url: 'https://opensource-demo.orangehrmlive.com/web/index.php/auth/login'

2023-03-06 10:47:44 - [TEST_STEP][PASSED] - maximizeWindow(): Current window maximized

2023-03-06 10:47:44 - [MESSAGE][PASSED] - Current window maximized

2023-03-06 10:47:44 - [TEST_STEP][PASSED] - orange.keywords.userLogin(findTestObject("Login Page/textbox_Username"), username, findTestObject("Login Page/textbox_Password"), password, findTestObject("Login Page/button_Login")): orange.keywords.userLogin is PASSED

2023-03-06 10:47:49 - [MESSAGE][PASSED] - orange.keywords.userLogin is PASSED

2023-03-06 10:47:50 - [TEST_STEP][PASSED] - click(findTestObject("Navigation Sidebar/a_Admin")): Object: 'Object Repository/Navigation Sidebar/a_Admin' is clicked on

2023-03-06 10:47:53 - [MESSAGE][PASSED] - Object: 'Object Repository/Navigation Sidebar/a_Admin' is clicked on

2023-03-06 10:47:53 - [TEST_STEP][PASSED] - click(findTestObject("Admin Page/Qualifications/li_Qualifications")): Object: 'Object Repository/Admin Page/Qualifications/li_Qualifications' is clicked on

2023-03-06 10:47:55 - [MESSAGE][PASSED] - Object: 'Object Repository/Admin Page/Qualifications/li_Qualifications' is clicked on

2023-03-06 10:47:55 - [TEST_STEP][PASSED] - click(findTestObject("Admin Page/Qualifications/Skills/li_Skills")): Object: 'Object Repository/Admin Page/Qualifications/Skills/li_Skills' is clicked on

2023-03-06 10:47:57 - [MESSAGE][PASSED] - Object: 'Object Repository/Admin Page/Qualifications/Skills/li_Skills' is clicked on

2023-03-06 10:47:57 - [TEST_STEP][PASSED] - click(findTestObject("Admin Page/Qualifications/Skills/button_Delete")): Object: 'Object Repository/Admin Page/Qualifications/Skills/button_Delete' is clicked on

2023-03-06 10:48:00 - [MESSAGE][PASSED] - Object: 'Object Repository/Admin Page/Qualifications/Skills/button_Delete' is clicked on

2023-03-06 10:48:00 - [TEST_STEP][PASSED] - click(findTestObject("Admin Page/Qualifications/Languages/button_Yes, Delete")): Object: 'Object Repository/Admin Page/Qualifications/Languages/button_Yes, Delete' is clicked on

2023-03-06 10:48:01 - [MESSAGE][PASSED] - Object: 'Object Repository/Admin Page/Qualifications/Languages/button_Yes, Delete' is clicked on

2023-03-06 10:48:01 - [TEST_STEP][PASSED] - waitForElementPresent(findTestObject("Confirmation messages/message_SuccessSuccessfullyDeleted"), 10): Object 'Object Repository/Confirmation messages/message_SuccessSuccessfullyDeleted' is present

2023-03-06 10:48:02 - [MESSAGE][PASSED] - Object 'Object Repository/Confirmation messages/message_SuccessSuccessfullyDeleted' is present

2023-03-06 10:48:02 - [TEST_STEP][PASSED] - verifyElementPresent(findTestObject("Confirmation messages/message_SuccessSuccessfullyDeleted"), 10): Object 'Object Repository/Confirmation messages/message_SuccessSuccessfullyDeleted' is present

2023-03-06 10:48:02 - [MESSAGE][PASSED] - Object 'Object Repository/Confirmation messages/message_SuccessSuccessfullyDeleted' is present

2023-03-06 10:48:02 - [TEST_STEP][PASSED] - Start listener action : sampleAfterTestCase: Browser is closed

2023-03-06 10:48:02 - [TEST_STEP][PASSED] - println(testCaseContext.getTestCaseId()): null

2023-03-06 10:48:02 - [TEST_STEP][PASSED] - println(testCaseContext.getTestCaseStatus()): null

2023-03-06 10:48:02 - [TEST_STEP][PASSED] - closeBrowser(): Browser is closed

2023-03-06 10:48:03 - [MESSAGE][PASSED] - Browser is closed]]></system-out>
         <system-err><![CDATA[]]></system-err>
      </testcase>
      <system-out><![CDATA[2023-03-06 10:41:10 - [TEST_SUITE][PASSED] - Qualifications Dropdown Suite: Test Cases/Admin Page/Qualifications/Skills/Delete Skill]]></system-out>
      <system-err><![CDATA[]]></system-err>
   </testsuite>
</testsuites>
