<?xml version="1.0" encoding="UTF-8"?>
<testsuites name="Admin Test Suite Collection" time="591.152" tests="32" failures="0" errors="0">
   <testsuite name="Login Test Suite" tests="5" failures="0" errors="0" time="71.574" skipped="0" timestamp="2023-03-03 10:22:40" hostname="PC - host.docker.internal" id="Test Suites/Login Test Suite">
      <properties>
         <property name="deviceName" value=""/>
         <property name="devicePlatform" value=""/>
         <property name="logFolder" value="C:\\Users\\PC\\Desktop\\Katalon Projects\\Orange Web Test Automation\\Reports\\20230303_102213\\Login Test Suite\\20230303_102214"/>
         <property name="logFiles" value="C:\\Users\\PC\\Desktop\\Katalon Projects\\Orange Web Test Automation\\Reports\\20230303_102213\\Login Test Suite\\20230303_102214\\execution0.log"/>
         <property name="attachments" value=""/>
         <property name="hostName" value="PC - host.docker.internal"/>
         <property name="os" value="Windows 10 64bit"/>
         <property name="katalonVersion" value="8.5.5.208"/>
         <property name="browser" value="Chrome 110.0.0.0"/>
         <property name="hostAddress" value="192.168.0.23"/>
         <property name="sessionId" value="a3378eda218a9aee03a76388bad4a4c8"/>
         <property name="seleniumVersion" value="3.141.59"/>
         <property name="proxyInformation" value="ProxyInformation { proxyOption=NO_PROXY, proxyServerType=HTTP, username=, password=********, proxyServerAddress=, proxyServerPort=0, executionList=&quot;&quot;, isApplyToDesiredCapabilities=true }"/>
         <property name="platform" value="Windows 10"/>
      </properties>
      <testcase name="Test Cases/Login/Successfull login attempt" time="17.202" classname="Test Cases/Login/Successfull login attempt" status="PASSED">
         <system-out><![CDATA[2023-03-03 10:22:40 - [TEST_CASE][PASSED] - Test Cases/Login/Successfull login attempt: Test Cases/Login/Successfull login attempt

2023-03-03 10:22:40 - [TEST_STEP][PASSED] - Start listener action : sampleBeforeTestCase: Current window maximized

2023-03-03 10:22:40 - [TEST_STEP][PASSED] - println(testCaseContext.getTestCaseId()): null

2023-03-03 10:22:40 - [TEST_STEP][PASSED] - println(testCaseContext.getTestCaseVariables()): null

2023-03-03 10:22:40 - [TEST_STEP][PASSED] - openBrowser(baseURL): Browser is opened with url: 'https://opensource-demo.orangehrmlive.com/web/index.php/auth/login'

2023-03-03 10:22:41 - [MESSAGE][INFO] - Starting 'Chrome' driver

2023-03-03 10:22:41 - [MESSAGE][INFO] - Action delay is set to 1,000 milliseconds

2023-03-03 10:22:46 - [MESSAGE][PASSED] - Browser is opened with url: 'https://opensource-demo.orangehrmlive.com/web/index.php/auth/login'

2023-03-03 10:22:46 - [TEST_STEP][PASSED] - maximizeWindow(): Current window maximized

2023-03-03 10:22:47 - [MESSAGE][PASSED] - Current window maximized

2023-03-03 10:22:48 - [TEST_STEP][PASSED] - sendKeys(findTestObject("Login Page/textbox_Username"), "Admin"): Keys 'Admin' sent to object: 'Object Repository/Login Page/textbox_Username'

2023-03-03 10:22:49 - [MESSAGE][PASSED] - Keys 'Admin' sent to object: 'Object Repository/Login Page/textbox_Username'

2023-03-03 10:22:49 - [TEST_STEP][PASSED] - setEncryptedText(findTestObject("Login Page/textbox_Password"), "hUKwJTbofgPU9eVlw/CnDQ=="): Text ****** has been set on object 'Object Repository/Login Page/textbox_Password'

2023-03-03 10:22:52 - [MESSAGE][PASSED] - Text ****** has been set on object 'Object Repository/Login Page/textbox_Password'

2023-03-03 10:22:52 - [TEST_STEP][PASSED] - click(findTestObject("Login Page/button_Login")): Object: 'Object Repository/Login Page/button_Login' is clicked on

2023-03-03 10:22:55 - [MESSAGE][PASSED] - Object: 'Object Repository/Login Page/button_Login' is clicked on

2023-03-03 10:22:55 - [TEST_STEP][PASSED] - verifyElementPresent(findTestObject("Home Page/dropdown_user_profile"), 10): Object 'Object Repository/Home Page/dropdown_user_profile' is present

2023-03-03 10:22:57 - [MESSAGE][PASSED] - Object 'Object Repository/Home Page/dropdown_user_profile' is present

2023-03-03 10:22:57 - [TEST_STEP][ERROR] - Start listener action : sampleAfterTestCase: groovy.lang.MissingPropertyException: No such property: printtestCaseContext for class: TestListener
	at TestListener.sampleAfterTestCase(TestListener.groovy:45)
	at TestListener.invokeMethod(TestListener.groovy)
	at com.kms.katalon.core.context.internal.TestHooker.invokeMethod(TestHooker.java:111)
	at com.kms.katalon.core.context.internal.TestHooker.lambda$3(TestHooker.java:95)
	at com.kms.katalon.core.context.internal.TestHooker.invokeContextMethods(TestHooker.java:94)
	at com.kms.katalon.core.context.internal.TestListenerCollector.lambda$3(TestListenerCollector.java:88)
	at com.kms.katalon.core.context.internal.TestListenerCollector.handleListenerEvent(TestListenerCollector.java:85)
	at com.kms.katalon.core.context.internal.ExecutionEventManager.publicEvent(ExecutionEventManager.java:36)
	at com.kms.katalon.core.main.TestCaseExecutor.execute(TestCaseExecutor.java:315)
	at com.kms.katalon.core.common.CommonExecutor.accessTestCaseMainPhase(CommonExecutor.java:65)
	at com.kms.katalon.core.main.TestSuiteExecutor.accessTestSuiteMainPhase(TestSuiteExecutor.java:151)
	at com.kms.katalon.core.main.TestSuiteExecutor.execute(TestSuiteExecutor.java:106)
	at com.kms.katalon.core.main.TestCaseMain.startTestSuite(TestCaseMain.java:185)
	at com.kms.katalon.core.main.TestCaseMain$startTestSuite$0.call(Unknown Source)
	at TempTestSuite1677835334047.run(TempTestSuite1677835334047.groovy:36)


2023-03-03 10:22:57 - [TEST_STEP][PASSED] - println(testCaseContext.getTestCaseId() + " - "): null

2023-03-03 10:22:57 - [TEST_STEP][ERROR] - println(printtestCaseContext.getTestCaseStatus()): groovy.lang.MissingPropertyException: No such property: printtestCaseContext for class: TestListener
	at TestListener.sampleAfterTestCase(TestListener.groovy:45)
	at TestListener.invokeMethod(TestListener.groovy)
	at com.kms.katalon.core.context.internal.TestHooker.invokeMethod(TestHooker.java:111)
	at com.kms.katalon.core.context.internal.TestHooker.lambda$3(TestHooker.java:95)
	at com.kms.katalon.core.context.internal.TestHooker.invokeContextMethods(TestHooker.java:94)
	at com.kms.katalon.core.context.internal.TestListenerCollector.lambda$3(TestListenerCollector.java:88)
	at com.kms.katalon.core.context.internal.TestListenerCollector.handleListenerEvent(TestListenerCollector.java:85)
	at com.kms.katalon.core.context.internal.ExecutionEventManager.publicEvent(ExecutionEventManager.java:36)
	at com.kms.katalon.core.main.TestCaseExecutor.execute(TestCaseExecutor.java:315)
	at com.kms.katalon.core.common.CommonExecutor.accessTestCaseMainPhase(CommonExecutor.java:65)
	at com.kms.katalon.core.main.TestSuiteExecutor.accessTestSuiteMainPhase(TestSuiteExecutor.java:151)
	at com.kms.katalon.core.main.TestSuiteExecutor.execute(TestSuiteExecutor.java:106)
	at com.kms.katalon.core.main.TestCaseMain.startTestSuite(TestCaseMain.java:185)
	at com.kms.katalon.core.main.TestCaseMain$startTestSuite$0.call(Unknown Source)
	at TempTestSuite1677835334047.run(TempTestSuite1677835334047.groovy:36)


2023-03-03 10:22:57 - [MESSAGE][ERROR] - groovy.lang.MissingPropertyException: No such property: printtestCaseContext for class: TestListener
	at TestListener.sampleAfterTestCase(TestListener.groovy:45)
	at TestListener.invokeMethod(TestListener.groovy)
	at com.kms.katalon.core.context.internal.TestHooker.invokeMethod(TestHooker.java:111)
	at com.kms.katalon.core.context.internal.TestHooker.lambda$3(TestHooker.java:95)
	at com.kms.katalon.core.context.internal.TestHooker.invokeContextMethods(TestHooker.java:94)
	at com.kms.katalon.core.context.internal.TestListenerCollector.lambda$3(TestListenerCollector.java:88)
	at com.kms.katalon.core.context.internal.TestListenerCollector.handleListenerEvent(TestListenerCollector.java:85)
	at com.kms.katalon.core.context.internal.ExecutionEventManager.publicEvent(ExecutionEventManager.java:36)
	at com.kms.katalon.core.main.TestCaseExecutor.execute(TestCaseExecutor.java:315)
	at com.kms.katalon.core.common.CommonExecutor.accessTestCaseMainPhase(CommonExecutor.java:65)
	at com.kms.katalon.core.main.TestSuiteExecutor.accessTestSuiteMainPhase(TestSuiteExecutor.java:151)
	at com.kms.katalon.core.main.TestSuiteExecutor.execute(TestSuiteExecutor.java:106)
	at com.kms.katalon.core.main.TestCaseMain.startTestSuite(TestCaseMain.java:185)
	at com.kms.katalon.core.main.TestCaseMain$startTestSuite$0.call(Unknown Source)
	at TempTestSuite1677835334047.run(TempTestSuite1677835334047.groovy:36)]]></system-out>
         <system-err><![CDATA[]]></system-err>
      </testcase>
      <testcase name="Test Cases/Login/Unsuccessfull login attempt" time="14.941" classname="Test Cases/Login/Unsuccessfull login attempt" status="PASSED">
         <system-out><![CDATA[2023-03-03 10:22:57 - [TEST_CASE][PASSED] - Test Cases/Login/Unsuccessfull login attempt: Test Cases/Login/Unsuccessfull login attempt

2023-03-03 10:22:57 - [TEST_STEP][PASSED] - Start listener action : sampleBeforeTestCase: Current window maximized

2023-03-03 10:22:57 - [TEST_STEP][PASSED] - println(testCaseContext.getTestCaseId()): null

2023-03-03 10:22:57 - [TEST_STEP][PASSED] - println(testCaseContext.getTestCaseVariables()): null

2023-03-03 10:22:57 - [TEST_STEP][PASSED] - openBrowser(baseURL): Browser is opened with url: 'https://opensource-demo.orangehrmlive.com/web/index.php/auth/login'

2023-03-03 10:22:58 - [MESSAGE][WARNING] - A browser is already opened. Closing browser and opening a new one

2023-03-03 10:22:58 - [MESSAGE][INFO] - Starting 'Chrome' driver

2023-03-03 10:22:58 - [MESSAGE][INFO] - Action delay is set to 1,000 milliseconds

2023-03-03 10:23:03 - [MESSAGE][PASSED] - Browser is opened with url: 'https://opensource-demo.orangehrmlive.com/web/index.php/auth/login'

2023-03-03 10:23:03 - [TEST_STEP][PASSED] - maximizeWindow(): Current window maximized

2023-03-03 10:23:03 - [MESSAGE][PASSED] - Current window maximized

2023-03-03 10:23:04 - [TEST_STEP][PASSED] - sendKeys(findTestObject("Login Page/textbox_Username"), "Admin"): Keys 'Admin' sent to object: 'Object Repository/Login Page/textbox_Username'

2023-03-03 10:23:06 - [MESSAGE][PASSED] - Keys 'Admin' sent to object: 'Object Repository/Login Page/textbox_Username'

2023-03-03 10:23:06 - [TEST_STEP][PASSED] - setEncryptedText(findTestObject("Login Page/textbox_Password"), "1bcgBUi0Tj/gc3uc61HAVQ=="): Text ****** has been set on object 'Object Repository/Login Page/textbox_Password'

2023-03-03 10:23:08 - [MESSAGE][PASSED] - Text ****** has been set on object 'Object Repository/Login Page/textbox_Password'

2023-03-03 10:23:08 - [TEST_STEP][PASSED] - click(findTestObject("Login Page/button_Login")): Object: 'Object Repository/Login Page/button_Login' is clicked on

2023-03-03 10:23:12 - [MESSAGE][PASSED] - Object: 'Object Repository/Login Page/button_Login' is clicked on

2023-03-03 10:23:12 - [TEST_STEP][PASSED] - verifyElementPresent(findTestObject("Login Page/message_Invalid credentials"), 10): Object 'Object Repository/Login Page/message_Invalid credentials' is present

2023-03-03 10:23:12 - [MESSAGE][PASSED] - Object 'Object Repository/Login Page/message_Invalid credentials' is present

2023-03-03 10:23:12 - [TEST_STEP][ERROR] - Start listener action : sampleAfterTestCase: groovy.lang.MissingPropertyException: No such property: printtestCaseContext for class: TestListener
	at TestListener.sampleAfterTestCase(TestListener.groovy:45)
	at TestListener.invokeMethod(TestListener.groovy)
	at com.kms.katalon.core.context.internal.TestHooker.invokeMethod(TestHooker.java:111)
	at com.kms.katalon.core.context.internal.TestHooker.lambda$3(TestHooker.java:95)
	at com.kms.katalon.core.context.internal.TestHooker.invokeContextMethods(TestHooker.java:94)
	at com.kms.katalon.core.context.internal.TestListenerCollector.lambda$3(TestListenerCollector.java:88)
	at com.kms.katalon.core.context.internal.TestListenerCollector.handleListenerEvent(TestListenerCollector.java:85)
	at com.kms.katalon.core.context.internal.ExecutionEventManager.publicEvent(ExecutionEventManager.java:36)
	at com.kms.katalon.core.main.TestCaseExecutor.execute(TestCaseExecutor.java:315)
	at com.kms.katalon.core.common.CommonExecutor.accessTestCaseMainPhase(CommonExecutor.java:65)
	at com.kms.katalon.core.main.TestSuiteExecutor.accessTestSuiteMainPhase(TestSuiteExecutor.java:151)
	at com.kms.katalon.core.main.TestSuiteExecutor.execute(TestSuiteExecutor.java:106)
	at com.kms.katalon.core.main.TestCaseMain.startTestSuite(TestCaseMain.java:185)
	at com.kms.katalon.core.main.TestCaseMain$startTestSuite$0.call(Unknown Source)
	at TempTestSuite1677835334047.run(TempTestSuite1677835334047.groovy:36)


2023-03-03 10:23:12 - [TEST_STEP][PASSED] - println(testCaseContext.getTestCaseId() + " - "): null

2023-03-03 10:23:12 - [TEST_STEP][ERROR] - println(printtestCaseContext.getTestCaseStatus()): groovy.lang.MissingPropertyException: No such property: printtestCaseContext for class: TestListener
	at TestListener.sampleAfterTestCase(TestListener.groovy:45)
	at TestListener.invokeMethod(TestListener.groovy)
	at com.kms.katalon.core.context.internal.TestHooker.invokeMethod(TestHooker.java:111)
	at com.kms.katalon.core.context.internal.TestHooker.lambda$3(TestHooker.java:95)
	at com.kms.katalon.core.context.internal.TestHooker.invokeContextMethods(TestHooker.java:94)
	at com.kms.katalon.core.context.internal.TestListenerCollector.lambda$3(TestListenerCollector.java:88)
	at com.kms.katalon.core.context.internal.TestListenerCollector.handleListenerEvent(TestListenerCollector.java:85)
	at com.kms.katalon.core.context.internal.ExecutionEventManager.publicEvent(ExecutionEventManager.java:36)
	at com.kms.katalon.core.main.TestCaseExecutor.execute(TestCaseExecutor.java:315)
	at com.kms.katalon.core.common.CommonExecutor.accessTestCaseMainPhase(CommonExecutor.java:65)
	at com.kms.katalon.core.main.TestSuiteExecutor.accessTestSuiteMainPhase(TestSuiteExecutor.java:151)
	at com.kms.katalon.core.main.TestSuiteExecutor.execute(TestSuiteExecutor.java:106)
	at com.kms.katalon.core.main.TestCaseMain.startTestSuite(TestCaseMain.java:185)
	at com.kms.katalon.core.main.TestCaseMain$startTestSuite$0.call(Unknown Source)
	at TempTestSuite1677835334047.run(TempTestSuite1677835334047.groovy:36)


2023-03-03 10:23:12 - [MESSAGE][ERROR] - groovy.lang.MissingPropertyException: No such property: printtestCaseContext for class: TestListener
	at TestListener.sampleAfterTestCase(TestListener.groovy:45)
	at TestListener.invokeMethod(TestListener.groovy)
	at com.kms.katalon.core.context.internal.TestHooker.invokeMethod(TestHooker.java:111)
	at com.kms.katalon.core.context.internal.TestHooker.lambda$3(TestHooker.java:95)
	at com.kms.katalon.core.context.internal.TestHooker.invokeContextMethods(TestHooker.java:94)
	at com.kms.katalon.core.context.internal.TestListenerCollector.lambda$3(TestListenerCollector.java:88)
	at com.kms.katalon.core.context.internal.TestListenerCollector.handleListenerEvent(TestListenerCollector.java:85)
	at com.kms.katalon.core.context.internal.ExecutionEventManager.publicEvent(ExecutionEventManager.java:36)
	at com.kms.katalon.core.main.TestCaseExecutor.execute(TestCaseExecutor.java:315)
	at com.kms.katalon.core.common.CommonExecutor.accessTestCaseMainPhase(CommonExecutor.java:65)
	at com.kms.katalon.core.main.TestSuiteExecutor.accessTestSuiteMainPhase(TestSuiteExecutor.java:151)
	at com.kms.katalon.core.main.TestSuiteExecutor.execute(TestSuiteExecutor.java:106)
	at com.kms.katalon.core.main.TestCaseMain.startTestSuite(TestCaseMain.java:185)
	at com.kms.katalon.core.main.TestCaseMain$startTestSuite$0.call(Unknown Source)
	at TempTestSuite1677835334047.run(TempTestSuite1677835334047.groovy:36)]]></system-out>
         <system-err><![CDATA[]]></system-err>
      </testcase>
      <testcase name="Test Cases/Login/Reset User Password" time="16.119" classname="Test Cases/Login/Reset User Password" status="PASSED">
         <system-out><![CDATA[2023-03-03 10:23:12 - [TEST_CASE][PASSED] - Test Cases/Login/Reset User Password: Test Cases/Login/Reset User Password

2023-03-03 10:23:12 - [TEST_STEP][PASSED] - Start listener action : sampleBeforeTestCase: Current window maximized

2023-03-03 10:23:12 - [TEST_STEP][PASSED] - println(testCaseContext.getTestCaseId()): null

2023-03-03 10:23:12 - [TEST_STEP][PASSED] - println(testCaseContext.getTestCaseVariables()): null

2023-03-03 10:23:12 - [TEST_STEP][PASSED] - openBrowser(baseURL): Browser is opened with url: 'https://opensource-demo.orangehrmlive.com/web/index.php/auth/login'

2023-03-03 10:23:12 - [MESSAGE][WARNING] - A browser is already opened. Closing browser and opening a new one

2023-03-03 10:23:13 - [MESSAGE][INFO] - Starting 'Chrome' driver

2023-03-03 10:23:13 - [MESSAGE][INFO] - Action delay is set to 1,000 milliseconds

2023-03-03 10:23:17 - [MESSAGE][PASSED] - Browser is opened with url: 'https://opensource-demo.orangehrmlive.com/web/index.php/auth/login'

2023-03-03 10:23:17 - [TEST_STEP][PASSED] - maximizeWindow(): Current window maximized

2023-03-03 10:23:18 - [MESSAGE][PASSED] - Current window maximized

2023-03-03 10:23:19 - [TEST_STEP][PASSED] - click(findTestObject("Login Page/link_Forgot your password")): Object: 'Object Repository/Login Page/link_Forgot your password' is clicked on

2023-03-03 10:23:21 - [MESSAGE][PASSED] - Object: 'Object Repository/Login Page/link_Forgot your password' is clicked on

2023-03-03 10:23:21 - [TEST_STEP][PASSED] - sendKeys(findTestObject("Reset Password Page/textbox_Username"), "Admin"): Keys 'Admin' sent to object: 'Object Repository/Reset Password Page/textbox_Username'

2023-03-03 10:23:23 - [MESSAGE][PASSED] - Keys 'Admin' sent to object: 'Object Repository/Reset Password Page/textbox_Username'

2023-03-03 10:23:23 - [TEST_STEP][PASSED] - click(findTestObject("Reset Password Page/button_Reset Password")): Object: 'Object Repository/Reset Password Page/button_Reset Password' is clicked on

2023-03-03 10:23:28 - [MESSAGE][PASSED] - Object: 'Object Repository/Reset Password Page/button_Reset Password' is clicked on

2023-03-03 10:23:28 - [TEST_STEP][PASSED] - verifyElementText(findTestObject("Reset Password Page/title_Reset Password link sent successfully"), "Reset Password link sent successfully"): Actual text and expected text of test object 'Object Repository/Reset Password Page/title_Reset Password link sent successfully' are matched.

2023-03-03 10:23:29 - [MESSAGE][PASSED] - Actual text and expected text of test object 'Object Repository/Reset Password Page/title_Reset Password link sent successfully' are matched.

2023-03-03 10:23:29 - [TEST_STEP][ERROR] - Start listener action : sampleAfterTestCase: groovy.lang.MissingPropertyException: No such property: printtestCaseContext for class: TestListener
	at TestListener.sampleAfterTestCase(TestListener.groovy:45)
	at TestListener.invokeMethod(TestListener.groovy)
	at com.kms.katalon.core.context.internal.TestHooker.invokeMethod(TestHooker.java:111)
	at com.kms.katalon.core.context.internal.TestHooker.lambda$3(TestHooker.java:95)
	at com.kms.katalon.core.context.internal.TestHooker.invokeContextMethods(TestHooker.java:94)
	at com.kms.katalon.core.context.internal.TestListenerCollector.lambda$3(TestListenerCollector.java:88)
	at com.kms.katalon.core.context.internal.TestListenerCollector.handleListenerEvent(TestListenerCollector.java:85)
	at com.kms.katalon.core.context.internal.ExecutionEventManager.publicEvent(ExecutionEventManager.java:36)
	at com.kms.katalon.core.main.TestCaseExecutor.execute(TestCaseExecutor.java:315)
	at com.kms.katalon.core.common.CommonExecutor.accessTestCaseMainPhase(CommonExecutor.java:65)
	at com.kms.katalon.core.main.TestSuiteExecutor.accessTestSuiteMainPhase(TestSuiteExecutor.java:151)
	at com.kms.katalon.core.main.TestSuiteExecutor.execute(TestSuiteExecutor.java:106)
	at com.kms.katalon.core.main.TestCaseMain.startTestSuite(TestCaseMain.java:185)
	at com.kms.katalon.core.main.TestCaseMain$startTestSuite$0.call(Unknown Source)
	at TempTestSuite1677835334047.run(TempTestSuite1677835334047.groovy:36)


2023-03-03 10:23:29 - [TEST_STEP][PASSED] - println(testCaseContext.getTestCaseId() + " - "): null

2023-03-03 10:23:29 - [TEST_STEP][ERROR] - println(printtestCaseContext.getTestCaseStatus()): groovy.lang.MissingPropertyException: No such property: printtestCaseContext for class: TestListener
	at TestListener.sampleAfterTestCase(TestListener.groovy:45)
	at TestListener.invokeMethod(TestListener.groovy)
	at com.kms.katalon.core.context.internal.TestHooker.invokeMethod(TestHooker.java:111)
	at com.kms.katalon.core.context.internal.TestHooker.lambda$3(TestHooker.java:95)
	at com.kms.katalon.core.context.internal.TestHooker.invokeContextMethods(TestHooker.java:94)
	at com.kms.katalon.core.context.internal.TestListenerCollector.lambda$3(TestListenerCollector.java:88)
	at com.kms.katalon.core.context.internal.TestListenerCollector.handleListenerEvent(TestListenerCollector.java:85)
	at com.kms.katalon.core.context.internal.ExecutionEventManager.publicEvent(ExecutionEventManager.java:36)
	at com.kms.katalon.core.main.TestCaseExecutor.execute(TestCaseExecutor.java:315)
	at com.kms.katalon.core.common.CommonExecutor.accessTestCaseMainPhase(CommonExecutor.java:65)
	at com.kms.katalon.core.main.TestSuiteExecutor.accessTestSuiteMainPhase(TestSuiteExecutor.java:151)
	at com.kms.katalon.core.main.TestSuiteExecutor.execute(TestSuiteExecutor.java:106)
	at com.kms.katalon.core.main.TestCaseMain.startTestSuite(TestCaseMain.java:185)
	at com.kms.katalon.core.main.TestCaseMain$startTestSuite$0.call(Unknown Source)
	at TempTestSuite1677835334047.run(TempTestSuite1677835334047.groovy:36)


2023-03-03 10:23:29 - [MESSAGE][ERROR] - groovy.lang.MissingPropertyException: No such property: printtestCaseContext for class: TestListener
	at TestListener.sampleAfterTestCase(TestListener.groovy:45)
	at TestListener.invokeMethod(TestListener.groovy)
	at com.kms.katalon.core.context.internal.TestHooker.invokeMethod(TestHooker.java:111)
	at com.kms.katalon.core.context.internal.TestHooker.lambda$3(TestHooker.java:95)
	at com.kms.katalon.core.context.internal.TestHooker.invokeContextMethods(TestHooker.java:94)
	at com.kms.katalon.core.context.internal.TestListenerCollector.lambda$3(TestListenerCollector.java:88)
	at com.kms.katalon.core.context.internal.TestListenerCollector.handleListenerEvent(TestListenerCollector.java:85)
	at com.kms.katalon.core.context.internal.ExecutionEventManager.publicEvent(ExecutionEventManager.java:36)
	at com.kms.katalon.core.main.TestCaseExecutor.execute(TestCaseExecutor.java:315)
	at com.kms.katalon.core.common.CommonExecutor.accessTestCaseMainPhase(CommonExecutor.java:65)
	at com.kms.katalon.core.main.TestSuiteExecutor.accessTestSuiteMainPhase(TestSuiteExecutor.java:151)
	at com.kms.katalon.core.main.TestSuiteExecutor.execute(TestSuiteExecutor.java:106)
	at com.kms.katalon.core.main.TestCaseMain.startTestSuite(TestCaseMain.java:185)
	at com.kms.katalon.core.main.TestCaseMain$startTestSuite$0.call(Unknown Source)
	at TempTestSuite1677835334047.run(TempTestSuite1677835334047.groovy:36)]]></system-out>
         <system-err><![CDATA[]]></system-err>
      </testcase>
      <testcase name="Test Cases/Login/Cancel Reset User Password" time="14.299" classname="Test Cases/Login/Cancel Reset User Password" status="PASSED">
         <system-out><![CDATA[2023-03-03 10:23:29 - [TEST_CASE][PASSED] - Test Cases/Login/Cancel Reset User Password: Test Cases/Login/Cancel Reset User Password

2023-03-03 10:23:29 - [TEST_STEP][PASSED] - Start listener action : sampleBeforeTestCase: Current window maximized

2023-03-03 10:23:29 - [TEST_STEP][PASSED] - println(testCaseContext.getTestCaseId()): null

2023-03-03 10:23:29 - [TEST_STEP][PASSED] - println(testCaseContext.getTestCaseVariables()): null

2023-03-03 10:23:29 - [TEST_STEP][PASSED] - openBrowser(baseURL): Browser is opened with url: 'https://opensource-demo.orangehrmlive.com/web/index.php/auth/login'

2023-03-03 10:23:29 - [MESSAGE][WARNING] - A browser is already opened. Closing browser and opening a new one

2023-03-03 10:23:29 - [MESSAGE][INFO] - Starting 'Chrome' driver

2023-03-03 10:23:29 - [MESSAGE][INFO] - Action delay is set to 1,000 milliseconds

2023-03-03 10:23:34 - [MESSAGE][PASSED] - Browser is opened with url: 'https://opensource-demo.orangehrmlive.com/web/index.php/auth/login'

2023-03-03 10:23:34 - [TEST_STEP][PASSED] - maximizeWindow(): Current window maximized

2023-03-03 10:23:34 - [MESSAGE][PASSED] - Current window maximized

2023-03-03 10:23:35 - [TEST_STEP][PASSED] - click(findTestObject("Login Page/link_Forgot your password")): Object: 'Object Repository/Login Page/link_Forgot your password' is clicked on

2023-03-03 10:23:37 - [MESSAGE][PASSED] - Object: 'Object Repository/Login Page/link_Forgot your password' is clicked on

2023-03-03 10:23:37 - [TEST_STEP][PASSED] - sendKeys(findTestObject("Reset Password Page/textbox_Username"), "Admin"): Keys 'Admin' sent to object: 'Object Repository/Reset Password Page/textbox_Username'

2023-03-03 10:23:39 - [MESSAGE][PASSED] - Keys 'Admin' sent to object: 'Object Repository/Reset Password Page/textbox_Username'

2023-03-03 10:23:39 - [TEST_STEP][PASSED] - click(findTestObject("Reset Password Page/button_Cancel")): Object: 'Object Repository/Reset Password Page/button_Cancel' is clicked on

2023-03-03 10:23:41 - [MESSAGE][PASSED] - Object: 'Object Repository/Reset Password Page/button_Cancel' is clicked on

2023-03-03 10:23:41 - [TEST_STEP][PASSED] - verifyElementPresent(findTestObject("Login Page/textbox_Username"), 10): Object 'Object Repository/Login Page/textbox_Username' is present

2023-03-03 10:23:42 - [MESSAGE][PASSED] - Object 'Object Repository/Login Page/textbox_Username' is present

2023-03-03 10:23:42 - [TEST_STEP][PASSED] - verifyElementPresent(findTestObject("Login Page/textbox_Password"), 10): Object 'Object Repository/Login Page/textbox_Password' is present

2023-03-03 10:23:42 - [MESSAGE][PASSED] - Object 'Object Repository/Login Page/textbox_Password' is present

2023-03-03 10:23:42 - [TEST_STEP][PASSED] - verifyElementPresent(findTestObject("Login Page/button_Login"), 10): Object 'Object Repository/Login Page/button_Login' is present

2023-03-03 10:23:43 - [MESSAGE][PASSED] - Object 'Object Repository/Login Page/button_Login' is present

2023-03-03 10:23:43 - [TEST_STEP][ERROR] - Start listener action : sampleAfterTestCase: groovy.lang.MissingPropertyException: No such property: printtestCaseContext for class: TestListener
	at TestListener.sampleAfterTestCase(TestListener.groovy:45)
	at TestListener.invokeMethod(TestListener.groovy)
	at com.kms.katalon.core.context.internal.TestHooker.invokeMethod(TestHooker.java:111)
	at com.kms.katalon.core.context.internal.TestHooker.lambda$3(TestHooker.java:95)
	at com.kms.katalon.core.context.internal.TestHooker.invokeContextMethods(TestHooker.java:94)
	at com.kms.katalon.core.context.internal.TestListenerCollector.lambda$3(TestListenerCollector.java:88)
	at com.kms.katalon.core.context.internal.TestListenerCollector.handleListenerEvent(TestListenerCollector.java:85)
	at com.kms.katalon.core.context.internal.ExecutionEventManager.publicEvent(ExecutionEventManager.java:36)
	at com.kms.katalon.core.main.TestCaseExecutor.execute(TestCaseExecutor.java:315)
	at com.kms.katalon.core.common.CommonExecutor.accessTestCaseMainPhase(CommonExecutor.java:65)
	at com.kms.katalon.core.main.TestSuiteExecutor.accessTestSuiteMainPhase(TestSuiteExecutor.java:151)
	at com.kms.katalon.core.main.TestSuiteExecutor.execute(TestSuiteExecutor.java:106)
	at com.kms.katalon.core.main.TestCaseMain.startTestSuite(TestCaseMain.java:185)
	at com.kms.katalon.core.main.TestCaseMain$startTestSuite$0.call(Unknown Source)
	at TempTestSuite1677835334047.run(TempTestSuite1677835334047.groovy:36)


2023-03-03 10:23:43 - [TEST_STEP][PASSED] - println(testCaseContext.getTestCaseId() + " - "): null

2023-03-03 10:23:43 - [TEST_STEP][ERROR] - println(printtestCaseContext.getTestCaseStatus()): groovy.lang.MissingPropertyException: No such property: printtestCaseContext for class: TestListener
	at TestListener.sampleAfterTestCase(TestListener.groovy:45)
	at TestListener.invokeMethod(TestListener.groovy)
	at com.kms.katalon.core.context.internal.TestHooker.invokeMethod(TestHooker.java:111)
	at com.kms.katalon.core.context.internal.TestHooker.lambda$3(TestHooker.java:95)
	at com.kms.katalon.core.context.internal.TestHooker.invokeContextMethods(TestHooker.java:94)
	at com.kms.katalon.core.context.internal.TestListenerCollector.lambda$3(TestListenerCollector.java:88)
	at com.kms.katalon.core.context.internal.TestListenerCollector.handleListenerEvent(TestListenerCollector.java:85)
	at com.kms.katalon.core.context.internal.ExecutionEventManager.publicEvent(ExecutionEventManager.java:36)
	at com.kms.katalon.core.main.TestCaseExecutor.execute(TestCaseExecutor.java:315)
	at com.kms.katalon.core.common.CommonExecutor.accessTestCaseMainPhase(CommonExecutor.java:65)
	at com.kms.katalon.core.main.TestSuiteExecutor.accessTestSuiteMainPhase(TestSuiteExecutor.java:151)
	at com.kms.katalon.core.main.TestSuiteExecutor.execute(TestSuiteExecutor.java:106)
	at com.kms.katalon.core.main.TestCaseMain.startTestSuite(TestCaseMain.java:185)
	at com.kms.katalon.core.main.TestCaseMain$startTestSuite$0.call(Unknown Source)
	at TempTestSuite1677835334047.run(TempTestSuite1677835334047.groovy:36)


2023-03-03 10:23:43 - [MESSAGE][ERROR] - groovy.lang.MissingPropertyException: No such property: printtestCaseContext for class: TestListener
	at TestListener.sampleAfterTestCase(TestListener.groovy:45)
	at TestListener.invokeMethod(TestListener.groovy)
	at com.kms.katalon.core.context.internal.TestHooker.invokeMethod(TestHooker.java:111)
	at com.kms.katalon.core.context.internal.TestHooker.lambda$3(TestHooker.java:95)
	at com.kms.katalon.core.context.internal.TestHooker.invokeContextMethods(TestHooker.java:94)
	at com.kms.katalon.core.context.internal.TestListenerCollector.lambda$3(TestListenerCollector.java:88)
	at com.kms.katalon.core.context.internal.TestListenerCollector.handleListenerEvent(TestListenerCollector.java:85)
	at com.kms.katalon.core.context.internal.ExecutionEventManager.publicEvent(ExecutionEventManager.java:36)
	at com.kms.katalon.core.main.TestCaseExecutor.execute(TestCaseExecutor.java:315)
	at com.kms.katalon.core.common.CommonExecutor.accessTestCaseMainPhase(CommonExecutor.java:65)
	at com.kms.katalon.core.main.TestSuiteExecutor.accessTestSuiteMainPhase(TestSuiteExecutor.java:151)
	at com.kms.katalon.core.main.TestSuiteExecutor.execute(TestSuiteExecutor.java:106)
	at com.kms.katalon.core.main.TestCaseMain.startTestSuite(TestCaseMain.java:185)
	at com.kms.katalon.core.main.TestCaseMain$startTestSuite$0.call(Unknown Source)
	at TempTestSuite1677835334047.run(TempTestSuite1677835334047.groovy:36)]]></system-out>
         <system-err><![CDATA[]]></system-err>
      </testcase>
      <testcase name="Test Cases/Login/Social Media Links Verification" time="8.618" classname="Test Cases/Login/Social Media Links Verification" status="PASSED">
         <system-out><![CDATA[2023-03-03 10:23:43 - [TEST_CASE][PASSED] - Test Cases/Login/Social Media Links Verification: Test Cases/Login/Social Media Links Verification

2023-03-03 10:23:43 - [TEST_STEP][PASSED] - Start listener action : sampleBeforeTestCase: Current window maximized

2023-03-03 10:23:43 - [TEST_STEP][PASSED] - println(testCaseContext.getTestCaseId()): null

2023-03-03 10:23:43 - [TEST_STEP][PASSED] - println(testCaseContext.getTestCaseVariables()): null

2023-03-03 10:23:43 - [TEST_STEP][PASSED] - openBrowser(baseURL): Browser is opened with url: 'https://opensource-demo.orangehrmlive.com/web/index.php/auth/login'

2023-03-03 10:23:43 - [MESSAGE][WARNING] - A browser is already opened. Closing browser and opening a new one

2023-03-03 10:23:44 - [MESSAGE][INFO] - Starting 'Chrome' driver

2023-03-03 10:23:44 - [MESSAGE][INFO] - Action delay is set to 1,000 milliseconds

2023-03-03 10:23:48 - [MESSAGE][PASSED] - Browser is opened with url: 'https://opensource-demo.orangehrmlive.com/web/index.php/auth/login'

2023-03-03 10:23:48 - [TEST_STEP][PASSED] - maximizeWindow(): Current window maximized

2023-03-03 10:23:48 - [MESSAGE][PASSED] - Current window maximized

2023-03-03 10:23:48 - [TEST_STEP][PASSED] - waitForPageLoad(10): Wait for page load successfully

2023-03-03 10:23:48 - [MESSAGE][PASSED] - Wait for page load successfully

2023-03-03 10:23:48 - [TEST_STEP][PASSED] - verifyLinksAccessible([social_media_link_1, social_media_link_2, social_media_link_3]): All links are accessible

2023-03-03 10:23:50 - [MESSAGE][INFO] - HAR: C:\Users\PC\Desktop\Katalon Projects\Orange Web Test Automation\Reports\20230303_102213\Login Test Suite\20230303_102214\requests\main\0.har

2023-03-03 10:23:51 - [MESSAGE][PASSED] - Send request successfully

2023-03-03 10:23:51 - [MESSAGE][INFO] - HAR: C:\Users\PC\Desktop\Katalon Projects\Orange Web Test Automation\Reports\20230303_102213\Login Test Suite\20230303_102214\requests\main\1.har

2023-03-03 10:23:51 - [MESSAGE][PASSED] - Send request successfully

2023-03-03 10:23:51 - [MESSAGE][INFO] - HAR: C:\Users\PC\Desktop\Katalon Projects\Orange Web Test Automation\Reports\20230303_102213\Login Test Suite\20230303_102214\requests\main\2.har

2023-03-03 10:23:51 - [MESSAGE][PASSED] - Send request successfully

2023-03-03 10:23:51 - [MESSAGE][PASSED] - All links are accessible

2023-03-03 10:23:51 - [TEST_STEP][ERROR] - Start listener action : sampleAfterTestCase: groovy.lang.MissingPropertyException: No such property: printtestCaseContext for class: TestListener
	at TestListener.sampleAfterTestCase(TestListener.groovy:45)
	at TestListener.invokeMethod(TestListener.groovy)
	at com.kms.katalon.core.context.internal.TestHooker.invokeMethod(TestHooker.java:111)
	at com.kms.katalon.core.context.internal.TestHooker.lambda$3(TestHooker.java:95)
	at com.kms.katalon.core.context.internal.TestHooker.invokeContextMethods(TestHooker.java:94)
	at com.kms.katalon.core.context.internal.TestListenerCollector.lambda$3(TestListenerCollector.java:88)
	at com.kms.katalon.core.context.internal.TestListenerCollector.handleListenerEvent(TestListenerCollector.java:85)
	at com.kms.katalon.core.context.internal.ExecutionEventManager.publicEvent(ExecutionEventManager.java:36)
	at com.kms.katalon.core.main.TestCaseExecutor.execute(TestCaseExecutor.java:315)
	at com.kms.katalon.core.common.CommonExecutor.accessTestCaseMainPhase(CommonExecutor.java:65)
	at com.kms.katalon.core.main.TestSuiteExecutor.accessTestSuiteMainPhase(TestSuiteExecutor.java:151)
	at com.kms.katalon.core.main.TestSuiteExecutor.execute(TestSuiteExecutor.java:106)
	at com.kms.katalon.core.main.TestCaseMain.startTestSuite(TestCaseMain.java:185)
	at com.kms.katalon.core.main.TestCaseMain$startTestSuite$0.call(Unknown Source)
	at TempTestSuite1677835334047.run(TempTestSuite1677835334047.groovy:36)


2023-03-03 10:23:51 - [TEST_STEP][PASSED] - println(testCaseContext.getTestCaseId() + " - "): null

2023-03-03 10:23:51 - [TEST_STEP][ERROR] - println(printtestCaseContext.getTestCaseStatus()): groovy.lang.MissingPropertyException: No such property: printtestCaseContext for class: TestListener
	at TestListener.sampleAfterTestCase(TestListener.groovy:45)
	at TestListener.invokeMethod(TestListener.groovy)
	at com.kms.katalon.core.context.internal.TestHooker.invokeMethod(TestHooker.java:111)
	at com.kms.katalon.core.context.internal.TestHooker.lambda$3(TestHooker.java:95)
	at com.kms.katalon.core.context.internal.TestHooker.invokeContextMethods(TestHooker.java:94)
	at com.kms.katalon.core.context.internal.TestListenerCollector.lambda$3(TestListenerCollector.java:88)
	at com.kms.katalon.core.context.internal.TestListenerCollector.handleListenerEvent(TestListenerCollector.java:85)
	at com.kms.katalon.core.context.internal.ExecutionEventManager.publicEvent(ExecutionEventManager.java:36)
	at com.kms.katalon.core.main.TestCaseExecutor.execute(TestCaseExecutor.java:315)
	at com.kms.katalon.core.common.CommonExecutor.accessTestCaseMainPhase(CommonExecutor.java:65)
	at com.kms.katalon.core.main.TestSuiteExecutor.accessTestSuiteMainPhase(TestSuiteExecutor.java:151)
	at com.kms.katalon.core.main.TestSuiteExecutor.execute(TestSuiteExecutor.java:106)
	at com.kms.katalon.core.main.TestCaseMain.startTestSuite(TestCaseMain.java:185)
	at com.kms.katalon.core.main.TestCaseMain$startTestSuite$0.call(Unknown Source)
	at TempTestSuite1677835334047.run(TempTestSuite1677835334047.groovy:36)


2023-03-03 10:23:51 - [MESSAGE][ERROR] - groovy.lang.MissingPropertyException: No such property: printtestCaseContext for class: TestListener
	at TestListener.sampleAfterTestCase(TestListener.groovy:45)
	at TestListener.invokeMethod(TestListener.groovy)
	at com.kms.katalon.core.context.internal.TestHooker.invokeMethod(TestHooker.java:111)
	at com.kms.katalon.core.context.internal.TestHooker.lambda$3(TestHooker.java:95)
	at com.kms.katalon.core.context.internal.TestHooker.invokeContextMethods(TestHooker.java:94)
	at com.kms.katalon.core.context.internal.TestListenerCollector.lambda$3(TestListenerCollector.java:88)
	at com.kms.katalon.core.context.internal.TestListenerCollector.handleListenerEvent(TestListenerCollector.java:85)
	at com.kms.katalon.core.context.internal.ExecutionEventManager.publicEvent(ExecutionEventManager.java:36)
	at com.kms.katalon.core.main.TestCaseExecutor.execute(TestCaseExecutor.java:315)
	at com.kms.katalon.core.common.CommonExecutor.accessTestCaseMainPhase(CommonExecutor.java:65)
	at com.kms.katalon.core.main.TestSuiteExecutor.accessTestSuiteMainPhase(TestSuiteExecutor.java:151)
	at com.kms.katalon.core.main.TestSuiteExecutor.execute(TestSuiteExecutor.java:106)
	at com.kms.katalon.core.main.TestCaseMain.startTestSuite(TestCaseMain.java:185)
	at com.kms.katalon.core.main.TestCaseMain$startTestSuite$0.call(Unknown Source)
	at TempTestSuite1677835334047.run(TempTestSuite1677835334047.groovy:36)]]></system-out>
         <system-err><![CDATA[]]></system-err>
      </testcase>
      <system-out><![CDATA[2023-03-03 10:22:40 - [TEST_SUITE][PASSED] - Login Test Suite: Test Cases/Login/Social Media Links Verification]]></system-out>
      <system-err><![CDATA[]]></system-err>
   </testsuite>
   <testsuite name="User Management Suite" tests="3" failures="0" errors="0" time="123.663" skipped="0" timestamp="2023-03-03 10:22:50" hostname="PC - host.docker.internal" id="Test Suites/User Management Suite">
      <properties>
         <property name="deviceName" value=""/>
         <property name="devicePlatform" value=""/>
         <property name="logFolder" value="C:\\Users\\PC\\Desktop\\Katalon Projects\\Orange Web Test Automation\\Reports\\20230303_102213\\User Management Suite\\20230303_102216"/>
         <property name="logFiles" value="C:\\Users\\PC\\Desktop\\Katalon Projects\\Orange Web Test Automation\\Reports\\20230303_102213\\User Management Suite\\20230303_102216\\execution0.log"/>
         <property name="attachments" value="keyes\keyes-Entered User Info.png"/>
         <property name="hostName" value="PC - host.docker.internal"/>
         <property name="os" value="Windows 10 64bit"/>
         <property name="katalonVersion" value="8.5.5.208"/>
         <property name="browser" value="Firefox 110.0"/>
         <property name="hostAddress" value="192.168.0.23"/>
         <property name="sessionId" value="c8eff1f2-339f-4321-9b23-43009a47bf35"/>
         <property name="seleniumVersion" value="3.141.59"/>
         <property name="proxyInformation" value="ProxyInformation { proxyOption=NO_PROXY, proxyServerType=HTTP, username=, password=********, proxyServerAddress=, proxyServerPort=0, executionList=&quot;&quot;, isApplyToDesiredCapabilities=true }"/>
         <property name="platform" value="Windows 10"/>
      </properties>
      <testcase name="Test Cases/Admin Page/User Management/Add User" time="49.676" classname="Test Cases/Admin Page/User Management/Add User" status="PASSED">
         <system-out><![CDATA[2023-03-03 10:22:51 - [TEST_CASE][PASSED] - Test Cases/Admin Page/User Management/Add User: Test Cases/Admin Page/User Management/Add User

2023-03-03 10:22:51 - [TEST_STEP][PASSED] - Start listener action : sampleBeforeTestCase: Current window maximized

2023-03-03 10:22:51 - [TEST_STEP][PASSED] - println(testCaseContext.getTestCaseId()): null

2023-03-03 10:22:51 - [TEST_STEP][PASSED] - println(testCaseContext.getTestCaseVariables()): null

2023-03-03 10:22:51 - [TEST_STEP][PASSED] - openBrowser(baseURL): Browser is opened with url: 'https://opensource-demo.orangehrmlive.com/web/index.php/auth/login'

2023-03-03 10:22:52 - [MESSAGE][INFO] - Starting 'Firefox' driver

2023-03-03 10:22:52 - [MESSAGE][INFO] - Action delay is set to 1,000 milliseconds

2023-03-03 10:23:00 - [MESSAGE][PASSED] - Browser is opened with url: 'https://opensource-demo.orangehrmlive.com/web/index.php/auth/login'

2023-03-03 10:23:00 - [TEST_STEP][PASSED] - maximizeWindow(): Current window maximized

2023-03-03 10:23:00 - [MESSAGE][PASSED] - Current window maximized

2023-03-03 10:23:00 - [TEST_STEP][PASSED] - Start setup action : setupTestCase: Method 'setupTestCase' complete successfully

2023-03-03 10:23:01 - [TEST_STEP][PASSED] - orange.keywords.userLogin(findTestObject("Login Page/textbox_Username"), username, findTestObject("Login Page/textbox_Password"), password, findTestObject("Login Page/button_Login")): orange.keywords.userLogin is PASSED

2023-03-03 10:23:08 - [MESSAGE][PASSED] - orange.keywords.userLogin is PASSED

2023-03-03 10:23:08 - [MESSAGE][PASSED] - Method 'setupTestCase' complete successfully

2023-03-03 10:23:09 - [TEST_STEP][PASSED] - click(findTestObject("Navigation Sidebar/a_Admin")): Object: 'Object Repository/Navigation Sidebar/a_Admin' is clicked on

2023-03-03 10:23:13 - [MESSAGE][PASSED] - Object: 'Object Repository/Navigation Sidebar/a_Admin' is clicked on

2023-03-03 10:23:13 - [TEST_STEP][PASSED] - click(findTestObject("Admin Page/Nationalities/button_Add")): Object: 'Object Repository/Admin Page/Nationalities/button_Add' is clicked on

2023-03-03 10:23:16 - [MESSAGE][PASSED] - Object: 'Object Repository/Admin Page/Nationalities/button_Add' is clicked on

2023-03-03 10:23:16 - [TEST_STEP][PASSED] - click(findTestObject("Admin Page/User Management/dropdown_Select")): Object: 'Object Repository/Admin Page/User Management/dropdown_Select' is clicked on

2023-03-03 10:23:18 - [MESSAGE][PASSED] - Object: 'Object Repository/Admin Page/User Management/dropdown_Select' is clicked on

2023-03-03 10:23:18 - [TEST_STEP][PASSED] - click(findTestObject("Admin Page/User Management/option_Admin")): Object: 'Object Repository/Admin Page/User Management/option_Admin' is clicked on

2023-03-03 10:23:20 - [MESSAGE][PASSED] - Object: 'Object Repository/Admin Page/User Management/option_Admin' is clicked on

2023-03-03 10:23:20 - [TEST_STEP][PASSED] - click(findTestObject("Admin Page/User Management/dropdown_Select")): Object: 'Object Repository/Admin Page/User Management/dropdown_Select' is clicked on

2023-03-03 10:23:22 - [MESSAGE][PASSED] - Object: 'Object Repository/Admin Page/User Management/dropdown_Select' is clicked on

2023-03-03 10:23:22 - [TEST_STEP][PASSED] - click(findTestObject("Admin Page/User Management/option_Enabled")): Object: 'Object Repository/Admin Page/User Management/option_Enabled' is clicked on

2023-03-03 10:23:23 - [MESSAGE][PASSED] - Object: 'Object Repository/Admin Page/User Management/option_Enabled' is clicked on

2023-03-03 10:23:23 - [TEST_STEP][PASSED] - sendKeys(findTestObject("Admin Page/User Management/textbox_EmployeeName"), "m"): Keys 'm' sent to object: 'Object Repository/Admin Page/User Management/textbox_EmployeeName'

2023-03-03 10:23:25 - [MESSAGE][PASSED] - Keys 'm' sent to object: 'Object Repository/Admin Page/User Management/textbox_EmployeeName'

2023-03-03 10:23:25 - [TEST_STEP][PASSED] - waitForElementPresent(findTestObject("Admin Page/User Management/dropdown_table"), 10): Object 'Object Repository/Admin Page/User Management/dropdown_table' is present

2023-03-03 10:23:26 - [MESSAGE][PASSED] - Object 'Object Repository/Admin Page/User Management/dropdown_table' is present

2023-03-03 10:23:26 - [TEST_STEP][PASSED] - waitForElementClickable(findTestObject("Admin Page/User Management/dropdown_EmployeeName_option"), 10): Object 'Object Repository/Admin Page/User Management/dropdown_EmployeeName_option' is clickable

2023-03-03 10:23:27 - [MESSAGE][PASSED] - Object 'Object Repository/Admin Page/User Management/dropdown_EmployeeName_option' is clickable

2023-03-03 10:23:27 - [TEST_STEP][PASSED] - orange.keywords.randomClick(findTestObject("Admin Page/User Management/dropdown_EmployeeName_option")): orange.keywords.randomClick is PASSED

2023-03-03 10:23:29 - [MESSAGE][PASSED] - orange.keywords.randomClick is PASSED

2023-03-03 10:23:29 - [TEST_STEP][PASSED] - sendKeys(findTestObject("Admin Page/User Management/textbox_Username"), "Marco DiVaio"): Keys 'Marco DiVaio' sent to object: 'Object Repository/Admin Page/User Management/textbox_Username'

2023-03-03 10:23:30 - [MESSAGE][PASSED] - Keys 'Marco DiVaio' sent to object: 'Object Repository/Admin Page/User Management/textbox_Username'

2023-03-03 10:23:30 - [TEST_STEP][PASSED] - setEncryptedText(findTestObject("Admin Page/User Management/textbox_Password"), "zow4LEKZVFY9FezsXiYM4A=="): Text ****** has been set on object 'Object Repository/Admin Page/User Management/textbox_Password'

2023-03-03 10:23:33 - [MESSAGE][PASSED] - Text ****** has been set on object 'Object Repository/Admin Page/User Management/textbox_Password'

2023-03-03 10:23:33 - [TEST_STEP][PASSED] - setEncryptedText(findTestObject("Admin Page/User Management/textbox_Confirm Password"), "zow4LEKZVFY9FezsXiYM4A=="): Text ****** has been set on object 'Object Repository/Admin Page/User Management/textbox_Confirm Password'

2023-03-03 10:23:36 - [MESSAGE][PASSED] - Text ****** has been set on object 'Object Repository/Admin Page/User Management/textbox_Confirm Password'

2023-03-03 10:23:36 - [TEST_STEP][PASSED] - click(findTestObject("Admin Page/Nationalities/button_Save")): Object: 'Object Repository/Admin Page/Nationalities/button_Save' is clicked on

2023-03-03 10:23:37 - [MESSAGE][PASSED] - Object: 'Object Repository/Admin Page/Nationalities/button_Save' is clicked on

2023-03-03 10:23:37 - [TEST_STEP][PASSED] - takeScreenshotAsCheckpoint("Entered User Info"): Taking screenshot successfully

2023-03-03 10:23:38 - [MESSAGE][INFO] - 0 hidden object(s)

2023-03-03 10:23:39 - [MESSAGE][PASSED] - Taking screenshot successfully
[[ATTACHMENT|keyes\keyes-Entered User Info.png]]

2023-03-03 10:23:39 - [TEST_STEP][PASSED] - waitForElementPresent(findTestObject("Confirmation messages/message_SuccessSuccessfullySaved"), 10): Object 'Object Repository/Confirmation messages/message_SuccessSuccessfullySaved' is present

2023-03-03 10:23:40 - [MESSAGE][PASSED] - Object 'Object Repository/Confirmation messages/message_SuccessSuccessfullySaved' is present

2023-03-03 10:23:40 - [TEST_STEP][PASSED] - verifyElementPresent(findTestObject("Confirmation messages/message_SuccessSuccessfullySaved"), 10): Object 'Object Repository/Confirmation messages/message_SuccessSuccessfullySaved' is present

2023-03-03 10:23:40 - [MESSAGE][PASSED] - Object 'Object Repository/Confirmation messages/message_SuccessSuccessfullySaved' is present

2023-03-03 10:23:40 - [TEST_STEP][ERROR] - Start listener action : sampleAfterTestCase: groovy.lang.MissingPropertyException: No such property: printtestCaseContext for class: TestListener
	at TestListener.sampleAfterTestCase(TestListener.groovy:45)
	at TestListener.invokeMethod(TestListener.groovy)
	at com.kms.katalon.core.context.internal.TestHooker.invokeMethod(TestHooker.java:111)
	at com.kms.katalon.core.context.internal.TestHooker.lambda$3(TestHooker.java:95)
	at com.kms.katalon.core.context.internal.TestHooker.invokeContextMethods(TestHooker.java:94)
	at com.kms.katalon.core.context.internal.TestListenerCollector.lambda$3(TestListenerCollector.java:88)
	at com.kms.katalon.core.context.internal.TestListenerCollector.handleListenerEvent(TestListenerCollector.java:85)
	at com.kms.katalon.core.context.internal.ExecutionEventManager.publicEvent(ExecutionEventManager.java:36)
	at com.kms.katalon.core.main.TestCaseExecutor.execute(TestCaseExecutor.java:315)
	at com.kms.katalon.core.common.CommonExecutor.accessTestCaseMainPhase(CommonExecutor.java:65)
	at com.kms.katalon.core.main.TestSuiteExecutor.accessTestSuiteMainPhase(TestSuiteExecutor.java:151)
	at com.kms.katalon.core.main.TestSuiteExecutor.execute(TestSuiteExecutor.java:106)
	at com.kms.katalon.core.main.TestCaseMain.startTestSuite(TestCaseMain.java:185)
	at com.kms.katalon.core.main.TestCaseMain$startTestSuite$0.call(Unknown Source)
	at TempTestSuite1677835336914.run(TempTestSuite1677835336914.groovy:36)


2023-03-03 10:23:40 - [TEST_STEP][PASSED] - println(testCaseContext.getTestCaseId() + " - "): null

2023-03-03 10:23:40 - [TEST_STEP][ERROR] - println(printtestCaseContext.getTestCaseStatus()): groovy.lang.MissingPropertyException: No such property: printtestCaseContext for class: TestListener
	at TestListener.sampleAfterTestCase(TestListener.groovy:45)
	at TestListener.invokeMethod(TestListener.groovy)
	at com.kms.katalon.core.context.internal.TestHooker.invokeMethod(TestHooker.java:111)
	at com.kms.katalon.core.context.internal.TestHooker.lambda$3(TestHooker.java:95)
	at com.kms.katalon.core.context.internal.TestHooker.invokeContextMethods(TestHooker.java:94)
	at com.kms.katalon.core.context.internal.TestListenerCollector.lambda$3(TestListenerCollector.java:88)
	at com.kms.katalon.core.context.internal.TestListenerCollector.handleListenerEvent(TestListenerCollector.java:85)
	at com.kms.katalon.core.context.internal.ExecutionEventManager.publicEvent(ExecutionEventManager.java:36)
	at com.kms.katalon.core.main.TestCaseExecutor.execute(TestCaseExecutor.java:315)
	at com.kms.katalon.core.common.CommonExecutor.accessTestCaseMainPhase(CommonExecutor.java:65)
	at com.kms.katalon.core.main.TestSuiteExecutor.accessTestSuiteMainPhase(TestSuiteExecutor.java:151)
	at com.kms.katalon.core.main.TestSuiteExecutor.execute(TestSuiteExecutor.java:106)
	at com.kms.katalon.core.main.TestCaseMain.startTestSuite(TestCaseMain.java:185)
	at com.kms.katalon.core.main.TestCaseMain$startTestSuite$0.call(Unknown Source)
	at TempTestSuite1677835336914.run(TempTestSuite1677835336914.groovy:36)


2023-03-03 10:23:40 - [MESSAGE][ERROR] - groovy.lang.MissingPropertyException: No such property: printtestCaseContext for class: TestListener
	at TestListener.sampleAfterTestCase(TestListener.groovy:45)
	at TestListener.invokeMethod(TestListener.groovy)
	at com.kms.katalon.core.context.internal.TestHooker.invokeMethod(TestHooker.java:111)
	at com.kms.katalon.core.context.internal.TestHooker.lambda$3(TestHooker.java:95)
	at com.kms.katalon.core.context.internal.TestHooker.invokeContextMethods(TestHooker.java:94)
	at com.kms.katalon.core.context.internal.TestListenerCollector.lambda$3(TestListenerCollector.java:88)
	at com.kms.katalon.core.context.internal.TestListenerCollector.handleListenerEvent(TestListenerCollector.java:85)
	at com.kms.katalon.core.context.internal.ExecutionEventManager.publicEvent(ExecutionEventManager.java:36)
	at com.kms.katalon.core.main.TestCaseExecutor.execute(TestCaseExecutor.java:315)
	at com.kms.katalon.core.common.CommonExecutor.accessTestCaseMainPhase(CommonExecutor.java:65)
	at com.kms.katalon.core.main.TestSuiteExecutor.accessTestSuiteMainPhase(TestSuiteExecutor.java:151)
	at com.kms.katalon.core.main.TestSuiteExecutor.execute(TestSuiteExecutor.java:106)
	at com.kms.katalon.core.main.TestCaseMain.startTestSuite(TestCaseMain.java:185)
	at com.kms.katalon.core.main.TestCaseMain$startTestSuite$0.call(Unknown Source)
	at TempTestSuite1677835336914.run(TempTestSuite1677835336914.groovy:36)]]></system-out>
         <system-err><![CDATA[]]></system-err>
      </testcase>
      <testcase name="Test Cases/Admin Page/User Management/Edit User" time="44.88" classname="Test Cases/Admin Page/User Management/Edit User" status="PASSED">
         <system-out><![CDATA[2023-03-03 10:23:40 - [TEST_CASE][PASSED] - Test Cases/Admin Page/User Management/Edit User: Test Cases/Admin Page/User Management/Edit User

2023-03-03 10:23:40 - [TEST_STEP][PASSED] - Start listener action : sampleBeforeTestCase: Current window maximized

2023-03-03 10:23:40 - [TEST_STEP][PASSED] - println(testCaseContext.getTestCaseId()): null

2023-03-03 10:23:40 - [TEST_STEP][PASSED] - println(testCaseContext.getTestCaseVariables()): null

2023-03-03 10:23:40 - [TEST_STEP][PASSED] - openBrowser(baseURL): Browser is opened with url: 'https://opensource-demo.orangehrmlive.com/web/index.php/auth/login'

2023-03-03 10:23:40 - [MESSAGE][WARNING] - A browser is already opened. Closing browser and opening a new one

2023-03-03 10:23:43 - [MESSAGE][INFO] - Starting 'Firefox' driver

2023-03-03 10:23:43 - [MESSAGE][INFO] - Action delay is set to 1,000 milliseconds

2023-03-03 10:23:49 - [MESSAGE][PASSED] - Browser is opened with url: 'https://opensource-demo.orangehrmlive.com/web/index.php/auth/login'

2023-03-03 10:23:49 - [TEST_STEP][PASSED] - maximizeWindow(): Current window maximized

2023-03-03 10:23:49 - [MESSAGE][PASSED] - Current window maximized

2023-03-03 10:23:49 - [TEST_STEP][PASSED] - Start setup action : setupTestCase: Method 'setupTestCase' complete successfully

2023-03-03 10:23:49 - [TEST_STEP][PASSED] - orange.keywords.userLogin(findTestObject("Login Page/textbox_Username"), username, findTestObject("Login Page/textbox_Password"), password, findTestObject("Login Page/button_Login")): orange.keywords.userLogin is PASSED

2023-03-03 10:23:55 - [MESSAGE][PASSED] - orange.keywords.userLogin is PASSED

2023-03-03 10:23:55 - [MESSAGE][PASSED] - Method 'setupTestCase' complete successfully

2023-03-03 10:23:56 - [TEST_STEP][PASSED] - click(findTestObject("Navigation Sidebar/a_Admin")): Object: 'Object Repository/Navigation Sidebar/a_Admin' is clicked on

2023-03-03 10:23:59 - [MESSAGE][PASSED] - Object: 'Object Repository/Navigation Sidebar/a_Admin' is clicked on

2023-03-03 10:23:59 - [TEST_STEP][PASSED] - sendKeys(findTestObject("Admin Page/User Management/textbox_System_User"), "Marco DiVaio"): Keys 'Marco DiVaio' sent to object: 'Object Repository/Admin Page/User Management/textbox_System_User'

2023-03-03 10:24:02 - [MESSAGE][PASSED] - Keys 'Marco DiVaio' sent to object: 'Object Repository/Admin Page/User Management/textbox_System_User'

2023-03-03 10:24:02 - [TEST_STEP][PASSED] - click(findTestObject("Admin Page/User Management/button_Search")): Object: 'Object Repository/Admin Page/User Management/button_Search' is clicked on

2023-03-03 10:24:03 - [MESSAGE][PASSED] - Object: 'Object Repository/Admin Page/User Management/button_Search' is clicked on

2023-03-03 10:24:03 - [TEST_STEP][PASSED] - click(findTestObject("Admin Page/User Management/button_Edit")): Object: 'Object Repository/Admin Page/User Management/button_Edit' is clicked on

2023-03-03 10:24:06 - [MESSAGE][PASSED] - Object: 'Object Repository/Admin Page/User Management/button_Edit' is clicked on

2023-03-03 10:24:06 - [TEST_STEP][PASSED] - click(findTestObject("Admin Page/User Management/dropdown_User_Role")): Object: 'Object Repository/Admin Page/User Management/dropdown_User_Role' is clicked on

2023-03-03 10:24:08 - [MESSAGE][PASSED] - Object: 'Object Repository/Admin Page/User Management/dropdown_User_Role' is clicked on

2023-03-03 10:24:08 - [TEST_STEP][PASSED] - click(findTestObject("Admin Page/User Management/option_ESS")): Object: 'Object Repository/Admin Page/User Management/option_ESS' is clicked on

2023-03-03 10:24:10 - [MESSAGE][PASSED] - Object: 'Object Repository/Admin Page/User Management/option_ESS' is clicked on

2023-03-03 10:24:10 - [TEST_STEP][PASSED] - click(findTestObject("Admin Page/User Management/dropdown_Status")): Object: 'Object Repository/Admin Page/User Management/dropdown_Status' is clicked on

2023-03-03 10:24:11 - [MESSAGE][PASSED] - Object: 'Object Repository/Admin Page/User Management/dropdown_Status' is clicked on

2023-03-03 10:24:11 - [TEST_STEP][PASSED] - click(findTestObject("Admin Page/User Management/option_Disabled")): Object: 'Object Repository/Admin Page/User Management/option_Disabled' is clicked on

2023-03-03 10:24:13 - [MESSAGE][PASSED] - Object: 'Object Repository/Admin Page/User Management/option_Disabled' is clicked on

2023-03-03 10:24:13 - [TEST_STEP][PASSED] - sendKeys(findTestObject("Admin Page/User Management/textbox_EmployeeName"), Keys.chord(CONTROL, "a")): Keys 'CONTROL + a' sent to object: 'Object Repository/Admin Page/User Management/textbox_EmployeeName'

2023-03-03 10:24:14 - [MESSAGE][PASSED] - Keys 'CONTROL + a' sent to object: 'Object Repository/Admin Page/User Management/textbox_EmployeeName'

2023-03-03 10:24:14 - [TEST_STEP][PASSED] - sendKeys(findTestObject("Admin Page/User Management/textbox_EmployeeName"), "a"): Keys 'a' sent to object: 'Object Repository/Admin Page/User Management/textbox_EmployeeName'

2023-03-03 10:24:16 - [MESSAGE][PASSED] - Keys 'a' sent to object: 'Object Repository/Admin Page/User Management/textbox_EmployeeName'

2023-03-03 10:24:16 - [TEST_STEP][PASSED] - waitForElementPresent(findTestObject("Admin Page/User Management/dropdown_table"), 10): Object 'Object Repository/Admin Page/User Management/dropdown_table' is present

2023-03-03 10:24:16 - [MESSAGE][PASSED] - Object 'Object Repository/Admin Page/User Management/dropdown_table' is present

2023-03-03 10:24:16 - [TEST_STEP][PASSED] - waitForElementClickable(findTestObject("Admin Page/User Management/dropdown_EmployeeName_option"), 10): Object 'Object Repository/Admin Page/User Management/dropdown_EmployeeName_option' is clickable

2023-03-03 10:24:17 - [MESSAGE][PASSED] - Object 'Object Repository/Admin Page/User Management/dropdown_EmployeeName_option' is clickable

2023-03-03 10:24:17 - [TEST_STEP][PASSED] - orange.keywords.randomClick(findTestObject("Admin Page/User Management/dropdown_EmployeeName_option")): orange.keywords.randomClick is PASSED

2023-03-03 10:24:19 - [MESSAGE][PASSED] - orange.keywords.randomClick is PASSED

2023-03-03 10:24:19 - [TEST_STEP][PASSED] - sendKeys(findTestObject("Admin Page/User Management/textbox_Username"), Keys.chord(CONTROL, "a")): Keys 'CONTROL + a' sent to object: 'Object Repository/Admin Page/User Management/textbox_Username'

2023-03-03 10:24:20 - [MESSAGE][PASSED] - Keys 'CONTROL + a' sent to object: 'Object Repository/Admin Page/User Management/textbox_Username'

2023-03-03 10:24:20 - [TEST_STEP][PASSED] - sendKeys(findTestObject("Admin Page/User Management/textbox_Username_selected"), "Luca Marchegiani"): Keys 'Luca Marchegiani' sent to object: 'Object Repository/Admin Page/User Management/textbox_Username_selected'

2023-03-03 10:24:22 - [MESSAGE][PASSED] - Keys 'Luca Marchegiani' sent to object: 'Object Repository/Admin Page/User Management/textbox_Username_selected'

2023-03-03 10:24:22 - [TEST_STEP][PASSED] - click(findTestObject("Admin Page/Nationalities/button_Save")): Object: 'Object Repository/Admin Page/Nationalities/button_Save' is clicked on

2023-03-03 10:24:23 - [MESSAGE][PASSED] - Object: 'Object Repository/Admin Page/Nationalities/button_Save' is clicked on

2023-03-03 10:24:23 - [TEST_STEP][PASSED] - waitForElementPresent(findTestObject("Confirmation messages/message_SuccessSuccessfullyUpdated"), 10): Object 'Object Repository/Confirmation messages/message_SuccessSuccessfullyUpdated' is present

2023-03-03 10:24:25 - [MESSAGE][PASSED] - Object 'Object Repository/Confirmation messages/message_SuccessSuccessfullyUpdated' is present

2023-03-03 10:24:25 - [TEST_STEP][PASSED] - verifyElementPresent(findTestObject("Confirmation messages/message_SuccessSuccessfullyUpdated"), 10): Object 'Object Repository/Confirmation messages/message_SuccessSuccessfullyUpdated' is present

2023-03-03 10:24:25 - [MESSAGE][PASSED] - Object 'Object Repository/Confirmation messages/message_SuccessSuccessfullyUpdated' is present

2023-03-03 10:24:25 - [TEST_STEP][ERROR] - Start listener action : sampleAfterTestCase: groovy.lang.MissingPropertyException: No such property: printtestCaseContext for class: TestListener
	at TestListener.sampleAfterTestCase(TestListener.groovy:45)
	at TestListener.invokeMethod(TestListener.groovy)
	at com.kms.katalon.core.context.internal.TestHooker.invokeMethod(TestHooker.java:111)
	at com.kms.katalon.core.context.internal.TestHooker.lambda$3(TestHooker.java:95)
	at com.kms.katalon.core.context.internal.TestHooker.invokeContextMethods(TestHooker.java:94)
	at com.kms.katalon.core.context.internal.TestListenerCollector.lambda$3(TestListenerCollector.java:88)
	at com.kms.katalon.core.context.internal.TestListenerCollector.handleListenerEvent(TestListenerCollector.java:85)
	at com.kms.katalon.core.context.internal.ExecutionEventManager.publicEvent(ExecutionEventManager.java:36)
	at com.kms.katalon.core.main.TestCaseExecutor.execute(TestCaseExecutor.java:315)
	at com.kms.katalon.core.common.CommonExecutor.accessTestCaseMainPhase(CommonExecutor.java:65)
	at com.kms.katalon.core.main.TestSuiteExecutor.accessTestSuiteMainPhase(TestSuiteExecutor.java:151)
	at com.kms.katalon.core.main.TestSuiteExecutor.execute(TestSuiteExecutor.java:106)
	at com.kms.katalon.core.main.TestCaseMain.startTestSuite(TestCaseMain.java:185)
	at com.kms.katalon.core.main.TestCaseMain$startTestSuite$0.call(Unknown Source)
	at TempTestSuite1677835336914.run(TempTestSuite1677835336914.groovy:36)


2023-03-03 10:24:25 - [TEST_STEP][PASSED] - println(testCaseContext.getTestCaseId() + " - "): null

2023-03-03 10:24:25 - [TEST_STEP][ERROR] - println(printtestCaseContext.getTestCaseStatus()): groovy.lang.MissingPropertyException: No such property: printtestCaseContext for class: TestListener
	at TestListener.sampleAfterTestCase(TestListener.groovy:45)
	at TestListener.invokeMethod(TestListener.groovy)
	at com.kms.katalon.core.context.internal.TestHooker.invokeMethod(TestHooker.java:111)
	at com.kms.katalon.core.context.internal.TestHooker.lambda$3(TestHooker.java:95)
	at com.kms.katalon.core.context.internal.TestHooker.invokeContextMethods(TestHooker.java:94)
	at com.kms.katalon.core.context.internal.TestListenerCollector.lambda$3(TestListenerCollector.java:88)
	at com.kms.katalon.core.context.internal.TestListenerCollector.handleListenerEvent(TestListenerCollector.java:85)
	at com.kms.katalon.core.context.internal.ExecutionEventManager.publicEvent(ExecutionEventManager.java:36)
	at com.kms.katalon.core.main.TestCaseExecutor.execute(TestCaseExecutor.java:315)
	at com.kms.katalon.core.common.CommonExecutor.accessTestCaseMainPhase(CommonExecutor.java:65)
	at com.kms.katalon.core.main.TestSuiteExecutor.accessTestSuiteMainPhase(TestSuiteExecutor.java:151)
	at com.kms.katalon.core.main.TestSuiteExecutor.execute(TestSuiteExecutor.java:106)
	at com.kms.katalon.core.main.TestCaseMain.startTestSuite(TestCaseMain.java:185)
	at com.kms.katalon.core.main.TestCaseMain$startTestSuite$0.call(Unknown Source)
	at TempTestSuite1677835336914.run(TempTestSuite1677835336914.groovy:36)


2023-03-03 10:24:25 - [MESSAGE][ERROR] - groovy.lang.MissingPropertyException: No such property: printtestCaseContext for class: TestListener
	at TestListener.sampleAfterTestCase(TestListener.groovy:45)
	at TestListener.invokeMethod(TestListener.groovy)
	at com.kms.katalon.core.context.internal.TestHooker.invokeMethod(TestHooker.java:111)
	at com.kms.katalon.core.context.internal.TestHooker.lambda$3(TestHooker.java:95)
	at com.kms.katalon.core.context.internal.TestHooker.invokeContextMethods(TestHooker.java:94)
	at com.kms.katalon.core.context.internal.TestListenerCollector.lambda$3(TestListenerCollector.java:88)
	at com.kms.katalon.core.context.internal.TestListenerCollector.handleListenerEvent(TestListenerCollector.java:85)
	at com.kms.katalon.core.context.internal.ExecutionEventManager.publicEvent(ExecutionEventManager.java:36)
	at com.kms.katalon.core.main.TestCaseExecutor.execute(TestCaseExecutor.java:315)
	at com.kms.katalon.core.common.CommonExecutor.accessTestCaseMainPhase(CommonExecutor.java:65)
	at com.kms.katalon.core.main.TestSuiteExecutor.accessTestSuiteMainPhase(TestSuiteExecutor.java:151)
	at com.kms.katalon.core.main.TestSuiteExecutor.execute(TestSuiteExecutor.java:106)
	at com.kms.katalon.core.main.TestCaseMain.startTestSuite(TestCaseMain.java:185)
	at com.kms.katalon.core.main.TestCaseMain$startTestSuite$0.call(Unknown Source)
	at TempTestSuite1677835336914.run(TempTestSuite1677835336914.groovy:36)]]></system-out>
         <system-err><![CDATA[]]></system-err>
      </testcase>
      <testcase name="Test Cases/Admin Page/User Management/Delete User" time="28.721" classname="Test Cases/Admin Page/User Management/Delete User" status="PASSED">
         <system-out><![CDATA[2023-03-03 10:24:25 - [TEST_CASE][PASSED] - Test Cases/Admin Page/User Management/Delete User: Test Cases/Admin Page/User Management/Delete User

2023-03-03 10:24:25 - [TEST_STEP][PASSED] - Start listener action : sampleBeforeTestCase: Current window maximized

2023-03-03 10:24:25 - [TEST_STEP][PASSED] - println(testCaseContext.getTestCaseId()): null

2023-03-03 10:24:25 - [TEST_STEP][PASSED] - println(testCaseContext.getTestCaseVariables()): null

2023-03-03 10:24:25 - [TEST_STEP][PASSED] - openBrowser(baseURL): Browser is opened with url: 'https://opensource-demo.orangehrmlive.com/web/index.php/auth/login'

2023-03-03 10:24:25 - [MESSAGE][WARNING] - A browser is already opened. Closing browser and opening a new one

2023-03-03 10:24:27 - [MESSAGE][INFO] - Starting 'Firefox' driver

2023-03-03 10:24:27 - [MESSAGE][INFO] - Action delay is set to 1,000 milliseconds

2023-03-03 10:24:35 - [MESSAGE][PASSED] - Browser is opened with url: 'https://opensource-demo.orangehrmlive.com/web/index.php/auth/login'

2023-03-03 10:24:35 - [TEST_STEP][PASSED] - maximizeWindow(): Current window maximized

2023-03-03 10:24:35 - [MESSAGE][PASSED] - Current window maximized

2023-03-03 10:24:35 - [TEST_STEP][PASSED] - Start setup action : setupTestCase: Method 'setupTestCase' complete successfully

2023-03-03 10:24:35 - [TEST_STEP][PASSED] - orange.keywords.userLogin(findTestObject("Login Page/textbox_Username"), username, findTestObject("Login Page/textbox_Password"), password, findTestObject("Login Page/button_Login")): orange.keywords.userLogin is PASSED

2023-03-03 10:24:41 - [MESSAGE][PASSED] - orange.keywords.userLogin is PASSED

2023-03-03 10:24:41 - [MESSAGE][PASSED] - Method 'setupTestCase' complete successfully

2023-03-03 10:24:42 - [TEST_STEP][PASSED] - click(findTestObject("Navigation Sidebar/a_Admin")): Object: 'Object Repository/Navigation Sidebar/a_Admin' is clicked on

2023-03-03 10:24:45 - [MESSAGE][PASSED] - Object: 'Object Repository/Navigation Sidebar/a_Admin' is clicked on

2023-03-03 10:24:45 - [TEST_STEP][PASSED] - sendKeys(findTestObject("Admin Page/User Management/textbox_System_User"), "Luca Marchegiani"): Keys 'Luca Marchegiani' sent to object: 'Object Repository/Admin Page/User Management/textbox_System_User'

2023-03-03 10:24:48 - [MESSAGE][PASSED] - Keys 'Luca Marchegiani' sent to object: 'Object Repository/Admin Page/User Management/textbox_System_User'

2023-03-03 10:24:48 - [TEST_STEP][PASSED] - click(findTestObject("Admin Page/User Management/button_Search")): Object: 'Object Repository/Admin Page/User Management/button_Search' is clicked on

2023-03-03 10:24:49 - [MESSAGE][PASSED] - Object: 'Object Repository/Admin Page/User Management/button_Search' is clicked on

2023-03-03 10:24:49 - [TEST_STEP][PASSED] - click(findTestObject("Admin Page/User Management/button_Delete")): Object: 'Object Repository/Admin Page/User Management/button_Delete' is clicked on

2023-03-03 10:24:51 - [MESSAGE][PASSED] - Object: 'Object Repository/Admin Page/User Management/button_Delete' is clicked on

2023-03-03 10:24:51 - [TEST_STEP][PASSED] - click(findTestObject("Admin Page/User Management/button_Yes, Delete")): Object: 'Object Repository/Admin Page/User Management/button_Yes, Delete' is clicked on

2023-03-03 10:24:53 - [MESSAGE][PASSED] - Object: 'Object Repository/Admin Page/User Management/button_Yes, Delete' is clicked on

2023-03-03 10:24:53 - [TEST_STEP][PASSED] - waitForElementPresent(findTestObject("Confirmation messages/message_SuccessSuccessfullyDeleted"), 10): Object 'Object Repository/Confirmation messages/message_SuccessSuccessfullyDeleted' is present

2023-03-03 10:24:53 - [MESSAGE][PASSED] - Object 'Object Repository/Confirmation messages/message_SuccessSuccessfullyDeleted' is present

2023-03-03 10:24:53 - [TEST_STEP][PASSED] - verifyElementPresent(findTestObject("Confirmation messages/message_SuccessSuccessfullyDeleted"), 10): Object 'Object Repository/Confirmation messages/message_SuccessSuccessfullyDeleted' is present

2023-03-03 10:24:54 - [MESSAGE][PASSED] - Object 'Object Repository/Confirmation messages/message_SuccessSuccessfullyDeleted' is present

2023-03-03 10:24:54 - [TEST_STEP][ERROR] - Start listener action : sampleAfterTestCase: groovy.lang.MissingPropertyException: No such property: printtestCaseContext for class: TestListener
	at TestListener.sampleAfterTestCase(TestListener.groovy:45)
	at TestListener.invokeMethod(TestListener.groovy)
	at com.kms.katalon.core.context.internal.TestHooker.invokeMethod(TestHooker.java:111)
	at com.kms.katalon.core.context.internal.TestHooker.lambda$3(TestHooker.java:95)
	at com.kms.katalon.core.context.internal.TestHooker.invokeContextMethods(TestHooker.java:94)
	at com.kms.katalon.core.context.internal.TestListenerCollector.lambda$3(TestListenerCollector.java:88)
	at com.kms.katalon.core.context.internal.TestListenerCollector.handleListenerEvent(TestListenerCollector.java:85)
	at com.kms.katalon.core.context.internal.ExecutionEventManager.publicEvent(ExecutionEventManager.java:36)
	at com.kms.katalon.core.main.TestCaseExecutor.execute(TestCaseExecutor.java:315)
	at com.kms.katalon.core.common.CommonExecutor.accessTestCaseMainPhase(CommonExecutor.java:65)
	at com.kms.katalon.core.main.TestSuiteExecutor.accessTestSuiteMainPhase(TestSuiteExecutor.java:151)
	at com.kms.katalon.core.main.TestSuiteExecutor.execute(TestSuiteExecutor.java:106)
	at com.kms.katalon.core.main.TestCaseMain.startTestSuite(TestCaseMain.java:185)
	at com.kms.katalon.core.main.TestCaseMain$startTestSuite$0.call(Unknown Source)
	at TempTestSuite1677835336914.run(TempTestSuite1677835336914.groovy:36)


2023-03-03 10:24:54 - [TEST_STEP][PASSED] - println(testCaseContext.getTestCaseId() + " - "): null

2023-03-03 10:24:54 - [TEST_STEP][ERROR] - println(printtestCaseContext.getTestCaseStatus()): groovy.lang.MissingPropertyException: No such property: printtestCaseContext for class: TestListener
	at TestListener.sampleAfterTestCase(TestListener.groovy:45)
	at TestListener.invokeMethod(TestListener.groovy)
	at com.kms.katalon.core.context.internal.TestHooker.invokeMethod(TestHooker.java:111)
	at com.kms.katalon.core.context.internal.TestHooker.lambda$3(TestHooker.java:95)
	at com.kms.katalon.core.context.internal.TestHooker.invokeContextMethods(TestHooker.java:94)
	at com.kms.katalon.core.context.internal.TestListenerCollector.lambda$3(TestListenerCollector.java:88)
	at com.kms.katalon.core.context.internal.TestListenerCollector.handleListenerEvent(TestListenerCollector.java:85)
	at com.kms.katalon.core.context.internal.ExecutionEventManager.publicEvent(ExecutionEventManager.java:36)
	at com.kms.katalon.core.main.TestCaseExecutor.execute(TestCaseExecutor.java:315)
	at com.kms.katalon.core.common.CommonExecutor.accessTestCaseMainPhase(CommonExecutor.java:65)
	at com.kms.katalon.core.main.TestSuiteExecutor.accessTestSuiteMainPhase(TestSuiteExecutor.java:151)
	at com.kms.katalon.core.main.TestSuiteExecutor.execute(TestSuiteExecutor.java:106)
	at com.kms.katalon.core.main.TestCaseMain.startTestSuite(TestCaseMain.java:185)
	at com.kms.katalon.core.main.TestCaseMain$startTestSuite$0.call(Unknown Source)
	at TempTestSuite1677835336914.run(TempTestSuite1677835336914.groovy:36)


2023-03-03 10:24:54 - [MESSAGE][ERROR] - groovy.lang.MissingPropertyException: No such property: printtestCaseContext for class: TestListener
	at TestListener.sampleAfterTestCase(TestListener.groovy:45)
	at TestListener.invokeMethod(TestListener.groovy)
	at com.kms.katalon.core.context.internal.TestHooker.invokeMethod(TestHooker.java:111)
	at com.kms.katalon.core.context.internal.TestHooker.lambda$3(TestHooker.java:95)
	at com.kms.katalon.core.context.internal.TestHooker.invokeContextMethods(TestHooker.java:94)
	at com.kms.katalon.core.context.internal.TestListenerCollector.lambda$3(TestListenerCollector.java:88)
	at com.kms.katalon.core.context.internal.TestListenerCollector.handleListenerEvent(TestListenerCollector.java:85)
	at com.kms.katalon.core.context.internal.ExecutionEventManager.publicEvent(ExecutionEventManager.java:36)
	at com.kms.katalon.core.main.TestCaseExecutor.execute(TestCaseExecutor.java:315)
	at com.kms.katalon.core.common.CommonExecutor.accessTestCaseMainPhase(CommonExecutor.java:65)
	at com.kms.katalon.core.main.TestSuiteExecutor.accessTestSuiteMainPhase(TestSuiteExecutor.java:151)
	at com.kms.katalon.core.main.TestSuiteExecutor.execute(TestSuiteExecutor.java:106)
	at com.kms.katalon.core.main.TestCaseMain.startTestSuite(TestCaseMain.java:185)
	at com.kms.katalon.core.main.TestCaseMain$startTestSuite$0.call(Unknown Source)
	at TempTestSuite1677835336914.run(TempTestSuite1677835336914.groovy:36)]]></system-out>
         <system-err><![CDATA[]]></system-err>
      </testcase>
      <system-out><![CDATA[2023-03-03 10:22:50 - [TEST_SUITE][PASSED] - User Management Suite: Test Cases/Admin Page/User Management/Delete User]]></system-out>
      <system-err><![CDATA[]]></system-err>
   </testsuite>
   <testsuite name="Job Dropdown Suite" tests="6" failures="0" errors="0" time="185.435" skipped="0" timestamp="2023-03-03 10:24:11" hostname="PC - host.docker.internal" id="Test Suites/Job Dropdown Suite">
      <properties>
         <property name="deviceName" value=""/>
         <property name="devicePlatform" value=""/>
         <property name="logFolder" value="C:\\Users\\PC\\Desktop\\Katalon Projects\\Orange Web Test Automation\\Reports\\20230303_102213\\Job Dropdown Suite\\20230303_102218"/>
         <property name="logFiles" value="C:\\Users\\PC\\Desktop\\Katalon Projects\\Orange Web Test Automation\\Reports\\20230303_102213\\Job Dropdown Suite\\20230303_102218\\execution0.log"/>
         <property name="attachments" value="keyes\keyes-Job Title Info.png, keyes\keyes-Job Title Added.png, keyes\keyes-Category Info.png, keyes\keyes-Category Added.png"/>
         <property name="hostName" value="PC - host.docker.internal"/>
         <property name="os" value="Windows 10 64bit"/>
         <property name="katalonVersion" value="8.5.5.208"/>
         <property name="browser" value="Chrome 110.0.0.0"/>
         <property name="hostAddress" value="192.168.0.23"/>
         <property name="sessionId" value="6a80ad730039839f1fa932810e4f7c1b"/>
         <property name="seleniumVersion" value="3.141.59"/>
         <property name="proxyInformation" value="ProxyInformation { proxyOption=NO_PROXY, proxyServerType=HTTP, username=, password=********, proxyServerAddress=, proxyServerPort=0, executionList=&quot;&quot;, isApplyToDesiredCapabilities=true }"/>
         <property name="platform" value="Windows 10"/>
      </properties>
      <testcase name="Test Cases/Admin Page/Job/Job Titles/Add Job Title" time="38.661" classname="Test Cases/Admin Page/Job/Job Titles/Add Job Title" status="PASSED">
         <system-out><![CDATA[2023-03-03 10:24:11 - [TEST_CASE][PASSED] - Test Cases/Admin Page/Job/Job Titles/Add Job Title: Test Cases/Admin Page/Job/Job Titles/Add Job Title

2023-03-03 10:24:11 - [TEST_STEP][PASSED] - Start listener action : sampleBeforeTestCase: Current window maximized

2023-03-03 10:24:11 - [TEST_STEP][PASSED] - println(testCaseContext.getTestCaseId()): null

2023-03-03 10:24:11 - [TEST_STEP][PASSED] - println(testCaseContext.getTestCaseVariables()): null

2023-03-03 10:24:11 - [TEST_STEP][PASSED] - openBrowser(baseURL): Browser is opened with url: 'https://opensource-demo.orangehrmlive.com/web/index.php/auth/login'

2023-03-03 10:24:12 - [MESSAGE][INFO] - Starting 'Chrome' driver

2023-03-03 10:24:12 - [MESSAGE][INFO] - Action delay is set to 1,000 milliseconds

2023-03-03 10:24:17 - [MESSAGE][PASSED] - Browser is opened with url: 'https://opensource-demo.orangehrmlive.com/web/index.php/auth/login'

2023-03-03 10:24:17 - [TEST_STEP][PASSED] - maximizeWindow(): Current window maximized

2023-03-03 10:24:17 - [MESSAGE][PASSED] - Current window maximized

2023-03-03 10:24:17 - [TEST_STEP][PASSED] - Start setup action : setupTestCase: Method 'setupTestCase' complete successfully

2023-03-03 10:24:19 - [TEST_STEP][PASSED] - orange.keywords.userLogin(findTestObject("Login Page/textbox_Username"), username, findTestObject("Login Page/textbox_Password"), password, findTestObject("Login Page/button_Login")): orange.keywords.userLogin is PASSED

2023-03-03 10:24:25 - [MESSAGE][PASSED] - orange.keywords.userLogin is PASSED

2023-03-03 10:24:25 - [MESSAGE][PASSED] - Method 'setupTestCase' complete successfully

2023-03-03 10:24:27 - [TEST_STEP][PASSED] - click(findTestObject("Navigation Sidebar/a_Admin")): Object: 'Object Repository/Navigation Sidebar/a_Admin' is clicked on

2023-03-03 10:24:29 - [MESSAGE][PASSED] - Object: 'Object Repository/Navigation Sidebar/a_Admin' is clicked on

2023-03-03 10:24:29 - [TEST_STEP][PASSED] - click(findTestObject("Admin Page/Job/li_Job")): Object: 'Object Repository/Admin Page/Job/li_Job' is clicked on

2023-03-03 10:24:31 - [MESSAGE][PASSED] - Object: 'Object Repository/Admin Page/Job/li_Job' is clicked on

2023-03-03 10:24:31 - [TEST_STEP][PASSED] - click(findTestObject("Admin Page/Job/Job Titles/li_Job Titles")): Object: 'Object Repository/Admin Page/Job/Job Titles/li_Job Titles' is clicked on

2023-03-03 10:24:33 - [MESSAGE][PASSED] - Object: 'Object Repository/Admin Page/Job/Job Titles/li_Job Titles' is clicked on

2023-03-03 10:24:33 - [TEST_STEP][PASSED] - click(findTestObject("Admin Page/Nationalities/button_Add")): Object: 'Object Repository/Admin Page/Nationalities/button_Add' is clicked on

2023-03-03 10:24:37 - [MESSAGE][PASSED] - Object: 'Object Repository/Admin Page/Nationalities/button_Add' is clicked on

2023-03-03 10:24:37 - [TEST_STEP][PASSED] - sendKeys(findTestObject("Admin Page/Qualifications/Skills/textbox_Username"), job_title): Keys 'Boss-Automation' sent to object: 'Object Repository/Admin Page/Qualifications/Skills/textbox_Username'

2023-03-03 10:24:39 - [MESSAGE][PASSED] - Keys 'Boss-Automation' sent to object: 'Object Repository/Admin Page/Qualifications/Skills/textbox_Username'

2023-03-03 10:24:39 - [TEST_STEP][PASSED] - sendKeys(findTestObject("Admin Page/Job/Job Titles/textarea_Job Description"), job_title_description): Keys 'Big-Boss' sent to object: 'Object Repository/Admin Page/Job/Job Titles/textarea_Job Description'

2023-03-03 10:24:41 - [MESSAGE][PASSED] - Keys 'Big-Boss' sent to object: 'Object Repository/Admin Page/Job/Job Titles/textarea_Job Description'

2023-03-03 10:24:41 - [TEST_STEP][PASSED] - sendKeys(findTestObject("Admin Page/Job/Job Titles/textarea_Note"), job_title_notes): Keys 'No notes available' sent to object: 'Object Repository/Admin Page/Job/Job Titles/textarea_Note'

2023-03-03 10:24:42 - [MESSAGE][PASSED] - Keys 'No notes available' sent to object: 'Object Repository/Admin Page/Job/Job Titles/textarea_Note'

2023-03-03 10:24:42 - [TEST_STEP][PASSED] - takeScreenshotAsCheckpoint("Job Title Info"): Taking screenshot successfully

2023-03-03 10:24:44 - [MESSAGE][INFO] - 0 hidden object(s)

2023-03-03 10:24:45 - [MESSAGE][PASSED] - Taking screenshot successfully
[[ATTACHMENT|keyes\keyes-Job Title Info.png]]

2023-03-03 10:24:45 - [TEST_STEP][PASSED] - click(findTestObject("Admin Page/Nationalities/button_Save")): Object: 'Object Repository/Admin Page/Nationalities/button_Save' is clicked on

2023-03-03 10:24:47 - [MESSAGE][PASSED] - Object: 'Object Repository/Admin Page/Nationalities/button_Save' is clicked on

2023-03-03 10:24:47 - [TEST_STEP][PASSED] - waitForElementPresent(findTestObject("Confirmation messages/message_SuccessSuccessfullySaved"), 10): Object 'Object Repository/Confirmation messages/message_SuccessSuccessfullySaved' is present

2023-03-03 10:24:47 - [MESSAGE][PASSED] - Object 'Object Repository/Confirmation messages/message_SuccessSuccessfullySaved' is present

2023-03-03 10:24:47 - [TEST_STEP][PASSED] - verifyElementPresent(findTestObject("Confirmation messages/message_SuccessSuccessfullySaved"), 10): Object 'Object Repository/Confirmation messages/message_SuccessSuccessfullySaved' is present

2023-03-03 10:24:48 - [MESSAGE][PASSED] - Object 'Object Repository/Confirmation messages/message_SuccessSuccessfullySaved' is present

2023-03-03 10:24:48 - [TEST_STEP][PASSED] - takeScreenshotAsCheckpoint("Job Title Added"): Taking screenshot successfully

2023-03-03 10:24:49 - [MESSAGE][INFO] - 0 hidden object(s)

2023-03-03 10:24:50 - [MESSAGE][PASSED] - Taking screenshot successfully
[[ATTACHMENT|keyes\keyes-Job Title Added.png]]

2023-03-03 10:24:50 - [TEST_STEP][ERROR] - Start listener action : sampleAfterTestCase: groovy.lang.MissingPropertyException: No such property: printtestCaseContext for class: TestListener
	at TestListener.sampleAfterTestCase(TestListener.groovy:45)
	at TestListener.invokeMethod(TestListener.groovy)
	at com.kms.katalon.core.context.internal.TestHooker.invokeMethod(TestHooker.java:111)
	at com.kms.katalon.core.context.internal.TestHooker.lambda$3(TestHooker.java:95)
	at com.kms.katalon.core.context.internal.TestHooker.invokeContextMethods(TestHooker.java:94)
	at com.kms.katalon.core.context.internal.TestListenerCollector.lambda$3(TestListenerCollector.java:88)
	at com.kms.katalon.core.context.internal.TestListenerCollector.handleListenerEvent(TestListenerCollector.java:85)
	at com.kms.katalon.core.context.internal.ExecutionEventManager.publicEvent(ExecutionEventManager.java:36)
	at com.kms.katalon.core.main.TestCaseExecutor.execute(TestCaseExecutor.java:315)
	at com.kms.katalon.core.common.CommonExecutor.accessTestCaseMainPhase(CommonExecutor.java:65)
	at com.kms.katalon.core.main.TestSuiteExecutor.accessTestSuiteMainPhase(TestSuiteExecutor.java:151)
	at com.kms.katalon.core.main.TestSuiteExecutor.execute(TestSuiteExecutor.java:106)
	at com.kms.katalon.core.main.TestCaseMain.startTestSuite(TestCaseMain.java:185)
	at com.kms.katalon.core.main.TestCaseMain$startTestSuite$0.call(Unknown Source)
	at TempTestSuite1677835338899.run(TempTestSuite1677835338899.groovy:36)


2023-03-03 10:24:50 - [TEST_STEP][PASSED] - println(testCaseContext.getTestCaseId() + " - "): null

2023-03-03 10:24:50 - [TEST_STEP][ERROR] - println(printtestCaseContext.getTestCaseStatus()): groovy.lang.MissingPropertyException: No such property: printtestCaseContext for class: TestListener
	at TestListener.sampleAfterTestCase(TestListener.groovy:45)
	at TestListener.invokeMethod(TestListener.groovy)
	at com.kms.katalon.core.context.internal.TestHooker.invokeMethod(TestHooker.java:111)
	at com.kms.katalon.core.context.internal.TestHooker.lambda$3(TestHooker.java:95)
	at com.kms.katalon.core.context.internal.TestHooker.invokeContextMethods(TestHooker.java:94)
	at com.kms.katalon.core.context.internal.TestListenerCollector.lambda$3(TestListenerCollector.java:88)
	at com.kms.katalon.core.context.internal.TestListenerCollector.handleListenerEvent(TestListenerCollector.java:85)
	at com.kms.katalon.core.context.internal.ExecutionEventManager.publicEvent(ExecutionEventManager.java:36)
	at com.kms.katalon.core.main.TestCaseExecutor.execute(TestCaseExecutor.java:315)
	at com.kms.katalon.core.common.CommonExecutor.accessTestCaseMainPhase(CommonExecutor.java:65)
	at com.kms.katalon.core.main.TestSuiteExecutor.accessTestSuiteMainPhase(TestSuiteExecutor.java:151)
	at com.kms.katalon.core.main.TestSuiteExecutor.execute(TestSuiteExecutor.java:106)
	at com.kms.katalon.core.main.TestCaseMain.startTestSuite(TestCaseMain.java:185)
	at com.kms.katalon.core.main.TestCaseMain$startTestSuite$0.call(Unknown Source)
	at TempTestSuite1677835338899.run(TempTestSuite1677835338899.groovy:36)


2023-03-03 10:24:50 - [MESSAGE][ERROR] - groovy.lang.MissingPropertyException: No such property: printtestCaseContext for class: TestListener
	at TestListener.sampleAfterTestCase(TestListener.groovy:45)
	at TestListener.invokeMethod(TestListener.groovy)
	at com.kms.katalon.core.context.internal.TestHooker.invokeMethod(TestHooker.java:111)
	at com.kms.katalon.core.context.internal.TestHooker.lambda$3(TestHooker.java:95)
	at com.kms.katalon.core.context.internal.TestHooker.invokeContextMethods(TestHooker.java:94)
	at com.kms.katalon.core.context.internal.TestListenerCollector.lambda$3(TestListenerCollector.java:88)
	at com.kms.katalon.core.context.internal.TestListenerCollector.handleListenerEvent(TestListenerCollector.java:85)
	at com.kms.katalon.core.context.internal.ExecutionEventManager.publicEvent(ExecutionEventManager.java:36)
	at com.kms.katalon.core.main.TestCaseExecutor.execute(TestCaseExecutor.java:315)
	at com.kms.katalon.core.common.CommonExecutor.accessTestCaseMainPhase(CommonExecutor.java:65)
	at com.kms.katalon.core.main.TestSuiteExecutor.accessTestSuiteMainPhase(TestSuiteExecutor.java:151)
	at com.kms.katalon.core.main.TestSuiteExecutor.execute(TestSuiteExecutor.java:106)
	at com.kms.katalon.core.main.TestCaseMain.startTestSuite(TestCaseMain.java:185)
	at com.kms.katalon.core.main.TestCaseMain$startTestSuite$0.call(Unknown Source)
	at TempTestSuite1677835338899.run(TempTestSuite1677835338899.groovy:36)]]></system-out>
         <system-err><![CDATA[]]></system-err>
      </testcase>
      <testcase name="Test Cases/Admin Page/Job/Job Titles/Edit Job Title" time="37.147" classname="Test Cases/Admin Page/Job/Job Titles/Edit Job Title" status="PASSED">
         <system-out><![CDATA[2023-03-03 10:24:50 - [TEST_CASE][PASSED] - Test Cases/Admin Page/Job/Job Titles/Edit Job Title: Test Cases/Admin Page/Job/Job Titles/Edit Job Title

2023-03-03 10:24:50 - [TEST_STEP][PASSED] - Start listener action : sampleBeforeTestCase: Current window maximized

2023-03-03 10:24:50 - [TEST_STEP][PASSED] - println(testCaseContext.getTestCaseId()): null

2023-03-03 10:24:50 - [TEST_STEP][PASSED] - println(testCaseContext.getTestCaseVariables()): null

2023-03-03 10:24:50 - [TEST_STEP][PASSED] - openBrowser(baseURL): Browser is opened with url: 'https://opensource-demo.orangehrmlive.com/web/index.php/auth/login'

2023-03-03 10:24:50 - [MESSAGE][WARNING] - A browser is already opened. Closing browser and opening a new one

2023-03-03 10:24:51 - [MESSAGE][INFO] - Starting 'Chrome' driver

2023-03-03 10:24:51 - [MESSAGE][INFO] - Action delay is set to 1,000 milliseconds

2023-03-03 10:24:56 - [MESSAGE][PASSED] - Browser is opened with url: 'https://opensource-demo.orangehrmlive.com/web/index.php/auth/login'

2023-03-03 10:24:56 - [TEST_STEP][PASSED] - maximizeWindow(): Current window maximized

2023-03-03 10:24:56 - [MESSAGE][PASSED] - Current window maximized

2023-03-03 10:24:56 - [TEST_STEP][PASSED] - Start setup action : setupTestCase: Method 'setupTestCase' complete successfully

2023-03-03 10:24:56 - [TEST_STEP][PASSED] - orange.keywords.userLogin(findTestObject("Login Page/textbox_Username"), username, findTestObject("Login Page/textbox_Password"), password, findTestObject("Login Page/button_Login")): orange.keywords.userLogin is PASSED

2023-03-03 10:25:02 - [MESSAGE][PASSED] - orange.keywords.userLogin is PASSED

2023-03-03 10:25:02 - [MESSAGE][PASSED] - Method 'setupTestCase' complete successfully

2023-03-03 10:25:02 - [TEST_STEP][PASSED] - click(findTestObject("Navigation Sidebar/a_Admin")): Object: 'Object Repository/Navigation Sidebar/a_Admin' is clicked on

2023-03-03 10:25:05 - [MESSAGE][PASSED] - Object: 'Object Repository/Navigation Sidebar/a_Admin' is clicked on

2023-03-03 10:25:05 - [TEST_STEP][PASSED] - click(findTestObject("Admin Page/Job/li_Job")): Object: 'Object Repository/Admin Page/Job/li_Job' is clicked on

2023-03-03 10:25:08 - [MESSAGE][PASSED] - Object: 'Object Repository/Admin Page/Job/li_Job' is clicked on

2023-03-03 10:25:08 - [TEST_STEP][PASSED] - click(findTestObject("Admin Page/Job/Job Titles/li_Job Titles")): Object: 'Object Repository/Admin Page/Job/Job Titles/li_Job Titles' is clicked on

2023-03-03 10:25:10 - [MESSAGE][PASSED] - Object: 'Object Repository/Admin Page/Job/Job Titles/li_Job Titles' is clicked on

2023-03-03 10:25:10 - [TEST_STEP][PASSED] - click(findTestObject("Admin Page/Job/Job Titles/button_Edit")): Object: 'Object Repository/Admin Page/Job/Job Titles/button_Edit' is clicked on

2023-03-03 10:25:13 - [MESSAGE][PASSED] - Object: 'Object Repository/Admin Page/Job/Job Titles/button_Edit' is clicked on

2023-03-03 10:25:13 - [TEST_STEP][PASSED] - sendKeys(findTestObject("Admin Page/Qualifications/Skills/textbox_Username"), Keys.chord(CONTROL, "a")): Keys 'CONTROL + a' sent to object: 'Object Repository/Admin Page/Qualifications/Skills/textbox_Username'

2023-03-03 10:25:16 - [MESSAGE][PASSED] - Keys 'CONTROL + a' sent to object: 'Object Repository/Admin Page/Qualifications/Skills/textbox_Username'

2023-03-03 10:25:16 - [TEST_STEP][PASSED] - sendKeys(findTestObject("Admin Page/Qualifications/Skills/textbox_Username_selected"), edited_job_title): Keys 'Boss-Edited-Automation' sent to object: 'Object Repository/Admin Page/Qualifications/Skills/textbox_Username_selected'

2023-03-03 10:25:18 - [MESSAGE][PASSED] - Keys 'Boss-Edited-Automation' sent to object: 'Object Repository/Admin Page/Qualifications/Skills/textbox_Username_selected'

2023-03-03 10:25:18 - [TEST_STEP][PASSED] - sendKeys(findTestObject("Admin Page/Job/Job Titles/textarea_Job Description"), Keys.chord(CONTROL, "a")): Keys 'CONTROL + a' sent to object: 'Object Repository/Admin Page/Job/Job Titles/textarea_Job Description'

2023-03-03 10:25:19 - [MESSAGE][PASSED] - Keys 'CONTROL + a' sent to object: 'Object Repository/Admin Page/Job/Job Titles/textarea_Job Description'

2023-03-03 10:25:19 - [TEST_STEP][PASSED] - sendKeys(findTestObject("Admin Page/Job/Job Titles/textarea_Job Description"), edited_job_title_description): Keys 'Big Boss -Edited' sent to object: 'Object Repository/Admin Page/Job/Job Titles/textarea_Job Description'

2023-03-03 10:25:21 - [MESSAGE][PASSED] - Keys 'Big Boss -Edited' sent to object: 'Object Repository/Admin Page/Job/Job Titles/textarea_Job Description'

2023-03-03 10:25:21 - [TEST_STEP][PASSED] - sendKeys(findTestObject("Admin Page/Job/Job Titles/textarea_Note"), Keys.chord(CONTROL, "a")): Keys 'CONTROL + a' sent to object: 'Object Repository/Admin Page/Job/Job Titles/textarea_Note'

2023-03-03 10:25:23 - [MESSAGE][PASSED] - Keys 'CONTROL + a' sent to object: 'Object Repository/Admin Page/Job/Job Titles/textarea_Note'

2023-03-03 10:25:23 - [TEST_STEP][PASSED] - sendKeys(findTestObject("Admin Page/Job/Job Titles/textarea_Note"), edited_job_title_notes): Keys 'Notes available tomorrow' sent to object: 'Object Repository/Admin Page/Job/Job Titles/textarea_Note'

2023-03-03 10:25:24 - [MESSAGE][PASSED] - Keys 'Notes available tomorrow' sent to object: 'Object Repository/Admin Page/Job/Job Titles/textarea_Note'

2023-03-03 10:25:24 - [TEST_STEP][PASSED] - click(findTestObject("Admin Page/Qualifications/Skills/button_Save")): Object: 'Object Repository/Admin Page/Qualifications/Skills/button_Save' is clicked on

2023-03-03 10:25:26 - [MESSAGE][PASSED] - Object: 'Object Repository/Admin Page/Qualifications/Skills/button_Save' is clicked on

2023-03-03 10:25:26 - [TEST_STEP][PASSED] - waitForElementPresent(findTestObject("Confirmation messages/message_SuccessSuccessfullyUpdated"), 10): Object 'Object Repository/Confirmation messages/message_SuccessSuccessfullyUpdated' is present

2023-03-03 10:25:26 - [MESSAGE][PASSED] - Object 'Object Repository/Confirmation messages/message_SuccessSuccessfullyUpdated' is present

2023-03-03 10:25:26 - [TEST_STEP][PASSED] - verifyElementPresent(findTestObject("Confirmation messages/message_SuccessSuccessfullyUpdated"), 10): Object 'Object Repository/Confirmation messages/message_SuccessSuccessfullyUpdated' is present

2023-03-03 10:25:27 - [MESSAGE][PASSED] - Object 'Object Repository/Confirmation messages/message_SuccessSuccessfullyUpdated' is present

2023-03-03 10:25:27 - [TEST_STEP][ERROR] - Start listener action : sampleAfterTestCase: groovy.lang.MissingPropertyException: No such property: printtestCaseContext for class: TestListener
	at TestListener.sampleAfterTestCase(TestListener.groovy:45)
	at TestListener.invokeMethod(TestListener.groovy)
	at com.kms.katalon.core.context.internal.TestHooker.invokeMethod(TestHooker.java:111)
	at com.kms.katalon.core.context.internal.TestHooker.lambda$3(TestHooker.java:95)
	at com.kms.katalon.core.context.internal.TestHooker.invokeContextMethods(TestHooker.java:94)
	at com.kms.katalon.core.context.internal.TestListenerCollector.lambda$3(TestListenerCollector.java:88)
	at com.kms.katalon.core.context.internal.TestListenerCollector.handleListenerEvent(TestListenerCollector.java:85)
	at com.kms.katalon.core.context.internal.ExecutionEventManager.publicEvent(ExecutionEventManager.java:36)
	at com.kms.katalon.core.main.TestCaseExecutor.execute(TestCaseExecutor.java:315)
	at com.kms.katalon.core.common.CommonExecutor.accessTestCaseMainPhase(CommonExecutor.java:65)
	at com.kms.katalon.core.main.TestSuiteExecutor.accessTestSuiteMainPhase(TestSuiteExecutor.java:151)
	at com.kms.katalon.core.main.TestSuiteExecutor.execute(TestSuiteExecutor.java:106)
	at com.kms.katalon.core.main.TestCaseMain.startTestSuite(TestCaseMain.java:185)
	at com.kms.katalon.core.main.TestCaseMain$startTestSuite$0.call(Unknown Source)
	at TempTestSuite1677835338899.run(TempTestSuite1677835338899.groovy:36)


2023-03-03 10:25:27 - [TEST_STEP][PASSED] - println(testCaseContext.getTestCaseId() + " - "): null

2023-03-03 10:25:27 - [TEST_STEP][ERROR] - println(printtestCaseContext.getTestCaseStatus()): groovy.lang.MissingPropertyException: No such property: printtestCaseContext for class: TestListener
	at TestListener.sampleAfterTestCase(TestListener.groovy:45)
	at TestListener.invokeMethod(TestListener.groovy)
	at com.kms.katalon.core.context.internal.TestHooker.invokeMethod(TestHooker.java:111)
	at com.kms.katalon.core.context.internal.TestHooker.lambda$3(TestHooker.java:95)
	at com.kms.katalon.core.context.internal.TestHooker.invokeContextMethods(TestHooker.java:94)
	at com.kms.katalon.core.context.internal.TestListenerCollector.lambda$3(TestListenerCollector.java:88)
	at com.kms.katalon.core.context.internal.TestListenerCollector.handleListenerEvent(TestListenerCollector.java:85)
	at com.kms.katalon.core.context.internal.ExecutionEventManager.publicEvent(ExecutionEventManager.java:36)
	at com.kms.katalon.core.main.TestCaseExecutor.execute(TestCaseExecutor.java:315)
	at com.kms.katalon.core.common.CommonExecutor.accessTestCaseMainPhase(CommonExecutor.java:65)
	at com.kms.katalon.core.main.TestSuiteExecutor.accessTestSuiteMainPhase(TestSuiteExecutor.java:151)
	at com.kms.katalon.core.main.TestSuiteExecutor.execute(TestSuiteExecutor.java:106)
	at com.kms.katalon.core.main.TestCaseMain.startTestSuite(TestCaseMain.java:185)
	at com.kms.katalon.core.main.TestCaseMain$startTestSuite$0.call(Unknown Source)
	at TempTestSuite1677835338899.run(TempTestSuite1677835338899.groovy:36)


2023-03-03 10:25:27 - [MESSAGE][ERROR] - groovy.lang.MissingPropertyException: No such property: printtestCaseContext for class: TestListener
	at TestListener.sampleAfterTestCase(TestListener.groovy:45)
	at TestListener.invokeMethod(TestListener.groovy)
	at com.kms.katalon.core.context.internal.TestHooker.invokeMethod(TestHooker.java:111)
	at com.kms.katalon.core.context.internal.TestHooker.lambda$3(TestHooker.java:95)
	at com.kms.katalon.core.context.internal.TestHooker.invokeContextMethods(TestHooker.java:94)
	at com.kms.katalon.core.context.internal.TestListenerCollector.lambda$3(TestListenerCollector.java:88)
	at com.kms.katalon.core.context.internal.TestListenerCollector.handleListenerEvent(TestListenerCollector.java:85)
	at com.kms.katalon.core.context.internal.ExecutionEventManager.publicEvent(ExecutionEventManager.java:36)
	at com.kms.katalon.core.main.TestCaseExecutor.execute(TestCaseExecutor.java:315)
	at com.kms.katalon.core.common.CommonExecutor.accessTestCaseMainPhase(CommonExecutor.java:65)
	at com.kms.katalon.core.main.TestSuiteExecutor.accessTestSuiteMainPhase(TestSuiteExecutor.java:151)
	at com.kms.katalon.core.main.TestSuiteExecutor.execute(TestSuiteExecutor.java:106)
	at com.kms.katalon.core.main.TestCaseMain.startTestSuite(TestCaseMain.java:185)
	at com.kms.katalon.core.main.TestCaseMain$startTestSuite$0.call(Unknown Source)
	at TempTestSuite1677835338899.run(TempTestSuite1677835338899.groovy:36)]]></system-out>
         <system-err><![CDATA[]]></system-err>
      </testcase>
      <testcase name="Test Cases/Admin Page/Job/Job Titles/Delete Job Title" time="24.777" classname="Test Cases/Admin Page/Job/Job Titles/Delete Job Title" status="PASSED">
         <system-out><![CDATA[2023-03-03 10:25:27 - [TEST_CASE][PASSED] - Test Cases/Admin Page/Job/Job Titles/Delete Job Title: Test Cases/Admin Page/Job/Job Titles/Delete Job Title

2023-03-03 10:25:27 - [TEST_STEP][PASSED] - Start listener action : sampleBeforeTestCase: Current window maximized

2023-03-03 10:25:27 - [TEST_STEP][PASSED] - println(testCaseContext.getTestCaseId()): null

2023-03-03 10:25:27 - [TEST_STEP][PASSED] - println(testCaseContext.getTestCaseVariables()): null

2023-03-03 10:25:27 - [TEST_STEP][PASSED] - openBrowser(baseURL): Browser is opened with url: 'https://opensource-demo.orangehrmlive.com/web/index.php/auth/login'

2023-03-03 10:25:27 - [MESSAGE][WARNING] - A browser is already opened. Closing browser and opening a new one

2023-03-03 10:25:28 - [MESSAGE][INFO] - Starting 'Chrome' driver

2023-03-03 10:25:28 - [MESSAGE][INFO] - Action delay is set to 1,000 milliseconds

2023-03-03 10:25:32 - [MESSAGE][PASSED] - Browser is opened with url: 'https://opensource-demo.orangehrmlive.com/web/index.php/auth/login'

2023-03-03 10:25:32 - [TEST_STEP][PASSED] - maximizeWindow(): Current window maximized

2023-03-03 10:25:32 - [MESSAGE][PASSED] - Current window maximized

2023-03-03 10:25:32 - [TEST_STEP][PASSED] - Start setup action : setupTestCase: Method 'setupTestCase' complete successfully

2023-03-03 10:25:32 - [TEST_STEP][PASSED] - orange.keywords.userLogin(findTestObject("Login Page/textbox_Username"), username, findTestObject("Login Page/textbox_Password"), password, findTestObject("Login Page/button_Login")): orange.keywords.userLogin is PASSED

2023-03-03 10:25:38 - [MESSAGE][PASSED] - orange.keywords.userLogin is PASSED

2023-03-03 10:25:38 - [MESSAGE][PASSED] - Method 'setupTestCase' complete successfully

2023-03-03 10:25:39 - [TEST_STEP][PASSED] - click(findTestObject("Navigation Sidebar/a_Admin")): Object: 'Object Repository/Navigation Sidebar/a_Admin' is clicked on

2023-03-03 10:25:42 - [MESSAGE][PASSED] - Object: 'Object Repository/Navigation Sidebar/a_Admin' is clicked on

2023-03-03 10:25:42 - [TEST_STEP][PASSED] - click(findTestObject("Admin Page/Job/li_Job")): Object: 'Object Repository/Admin Page/Job/li_Job' is clicked on

2023-03-03 10:25:44 - [MESSAGE][PASSED] - Object: 'Object Repository/Admin Page/Job/li_Job' is clicked on

2023-03-03 10:25:44 - [TEST_STEP][PASSED] - click(findTestObject("Admin Page/Job/Job Titles/li_Job Titles")): Object: 'Object Repository/Admin Page/Job/Job Titles/li_Job Titles' is clicked on

2023-03-03 10:25:46 - [MESSAGE][PASSED] - Object: 'Object Repository/Admin Page/Job/Job Titles/li_Job Titles' is clicked on

2023-03-03 10:25:46 - [TEST_STEP][PASSED] - click(findTestObject("Admin Page/Job/Job Titles/button_Delete")): Object: 'Object Repository/Admin Page/Job/Job Titles/button_Delete' is clicked on

2023-03-03 10:25:49 - [MESSAGE][PASSED] - Object: 'Object Repository/Admin Page/Job/Job Titles/button_Delete' is clicked on

2023-03-03 10:25:49 - [TEST_STEP][PASSED] - click(findTestObject("Admin Page/Qualifications/Languages/button_Yes, Delete")): Object: 'Object Repository/Admin Page/Qualifications/Languages/button_Yes, Delete' is clicked on

2023-03-03 10:25:51 - [MESSAGE][PASSED] - Object: 'Object Repository/Admin Page/Qualifications/Languages/button_Yes, Delete' is clicked on

2023-03-03 10:25:51 - [TEST_STEP][PASSED] - waitForElementPresent(findTestObject("Confirmation messages/message_SuccessSuccessfullyDeleted"), 10): Object 'Object Repository/Confirmation messages/message_SuccessSuccessfullyDeleted' is present

2023-03-03 10:25:51 - [MESSAGE][PASSED] - Object 'Object Repository/Confirmation messages/message_SuccessSuccessfullyDeleted' is present

2023-03-03 10:25:51 - [TEST_STEP][PASSED] - verifyElementPresent(findTestObject("Confirmation messages/message_SuccessSuccessfullyDeleted"), 10): Object 'Object Repository/Confirmation messages/message_SuccessSuccessfullyDeleted' is present

2023-03-03 10:25:52 - [MESSAGE][PASSED] - Object 'Object Repository/Confirmation messages/message_SuccessSuccessfullyDeleted' is present

2023-03-03 10:25:52 - [TEST_STEP][ERROR] - Start listener action : sampleAfterTestCase: groovy.lang.MissingPropertyException: No such property: printtestCaseContext for class: TestListener
	at TestListener.sampleAfterTestCase(TestListener.groovy:45)
	at TestListener.invokeMethod(TestListener.groovy)
	at com.kms.katalon.core.context.internal.TestHooker.invokeMethod(TestHooker.java:111)
	at com.kms.katalon.core.context.internal.TestHooker.lambda$3(TestHooker.java:95)
	at com.kms.katalon.core.context.internal.TestHooker.invokeContextMethods(TestHooker.java:94)
	at com.kms.katalon.core.context.internal.TestListenerCollector.lambda$3(TestListenerCollector.java:88)
	at com.kms.katalon.core.context.internal.TestListenerCollector.handleListenerEvent(TestListenerCollector.java:85)
	at com.kms.katalon.core.context.internal.ExecutionEventManager.publicEvent(ExecutionEventManager.java:36)
	at com.kms.katalon.core.main.TestCaseExecutor.execute(TestCaseExecutor.java:315)
	at com.kms.katalon.core.common.CommonExecutor.accessTestCaseMainPhase(CommonExecutor.java:65)
	at com.kms.katalon.core.main.TestSuiteExecutor.accessTestSuiteMainPhase(TestSuiteExecutor.java:151)
	at com.kms.katalon.core.main.TestSuiteExecutor.execute(TestSuiteExecutor.java:106)
	at com.kms.katalon.core.main.TestCaseMain.startTestSuite(TestCaseMain.java:185)
	at com.kms.katalon.core.main.TestCaseMain$startTestSuite$0.call(Unknown Source)
	at TempTestSuite1677835338899.run(TempTestSuite1677835338899.groovy:36)


2023-03-03 10:25:52 - [TEST_STEP][PASSED] - println(testCaseContext.getTestCaseId() + " - "): null

2023-03-03 10:25:52 - [TEST_STEP][ERROR] - println(printtestCaseContext.getTestCaseStatus()): groovy.lang.MissingPropertyException: No such property: printtestCaseContext for class: TestListener
	at TestListener.sampleAfterTestCase(TestListener.groovy:45)
	at TestListener.invokeMethod(TestListener.groovy)
	at com.kms.katalon.core.context.internal.TestHooker.invokeMethod(TestHooker.java:111)
	at com.kms.katalon.core.context.internal.TestHooker.lambda$3(TestHooker.java:95)
	at com.kms.katalon.core.context.internal.TestHooker.invokeContextMethods(TestHooker.java:94)
	at com.kms.katalon.core.context.internal.TestListenerCollector.lambda$3(TestListenerCollector.java:88)
	at com.kms.katalon.core.context.internal.TestListenerCollector.handleListenerEvent(TestListenerCollector.java:85)
	at com.kms.katalon.core.context.internal.ExecutionEventManager.publicEvent(ExecutionEventManager.java:36)
	at com.kms.katalon.core.main.TestCaseExecutor.execute(TestCaseExecutor.java:315)
	at com.kms.katalon.core.common.CommonExecutor.accessTestCaseMainPhase(CommonExecutor.java:65)
	at com.kms.katalon.core.main.TestSuiteExecutor.accessTestSuiteMainPhase(TestSuiteExecutor.java:151)
	at com.kms.katalon.core.main.TestSuiteExecutor.execute(TestSuiteExecutor.java:106)
	at com.kms.katalon.core.main.TestCaseMain.startTestSuite(TestCaseMain.java:185)
	at com.kms.katalon.core.main.TestCaseMain$startTestSuite$0.call(Unknown Source)
	at TempTestSuite1677835338899.run(TempTestSuite1677835338899.groovy:36)


2023-03-03 10:25:52 - [MESSAGE][ERROR] - groovy.lang.MissingPropertyException: No such property: printtestCaseContext for class: TestListener
	at TestListener.sampleAfterTestCase(TestListener.groovy:45)
	at TestListener.invokeMethod(TestListener.groovy)
	at com.kms.katalon.core.context.internal.TestHooker.invokeMethod(TestHooker.java:111)
	at com.kms.katalon.core.context.internal.TestHooker.lambda$3(TestHooker.java:95)
	at com.kms.katalon.core.context.internal.TestHooker.invokeContextMethods(TestHooker.java:94)
	at com.kms.katalon.core.context.internal.TestListenerCollector.lambda$3(TestListenerCollector.java:88)
	at com.kms.katalon.core.context.internal.TestListenerCollector.handleListenerEvent(TestListenerCollector.java:85)
	at com.kms.katalon.core.context.internal.ExecutionEventManager.publicEvent(ExecutionEventManager.java:36)
	at com.kms.katalon.core.main.TestCaseExecutor.execute(TestCaseExecutor.java:315)
	at com.kms.katalon.core.common.CommonExecutor.accessTestCaseMainPhase(CommonExecutor.java:65)
	at com.kms.katalon.core.main.TestSuiteExecutor.accessTestSuiteMainPhase(TestSuiteExecutor.java:151)
	at com.kms.katalon.core.main.TestSuiteExecutor.execute(TestSuiteExecutor.java:106)
	at com.kms.katalon.core.main.TestCaseMain.startTestSuite(TestCaseMain.java:185)
	at com.kms.katalon.core.main.TestCaseMain$startTestSuite$0.call(Unknown Source)
	at TempTestSuite1677835338899.run(TempTestSuite1677835338899.groovy:36)]]></system-out>
         <system-err><![CDATA[]]></system-err>
      </testcase>
      <testcase name="Test Cases/Admin Page/Job/Job Categories/Add Category" time="30.778" classname="Test Cases/Admin Page/Job/Job Categories/Add Category" status="PASSED">
         <system-out><![CDATA[2023-03-03 10:25:52 - [TEST_CASE][PASSED] - Test Cases/Admin Page/Job/Job Categories/Add Category: Test Cases/Admin Page/Job/Job Categories/Add Category

2023-03-03 10:25:52 - [TEST_STEP][PASSED] - Start listener action : sampleBeforeTestCase: Current window maximized

2023-03-03 10:25:52 - [TEST_STEP][PASSED] - println(testCaseContext.getTestCaseId()): null

2023-03-03 10:25:52 - [TEST_STEP][PASSED] - println(testCaseContext.getTestCaseVariables()): null

2023-03-03 10:25:52 - [TEST_STEP][PASSED] - openBrowser(baseURL): Browser is opened with url: 'https://opensource-demo.orangehrmlive.com/web/index.php/auth/login'

2023-03-03 10:25:52 - [MESSAGE][WARNING] - A browser is already opened. Closing browser and opening a new one

2023-03-03 10:25:53 - [MESSAGE][INFO] - Starting 'Chrome' driver

2023-03-03 10:25:53 - [MESSAGE][INFO] - Action delay is set to 1,000 milliseconds

2023-03-03 10:25:56 - [MESSAGE][PASSED] - Browser is opened with url: 'https://opensource-demo.orangehrmlive.com/web/index.php/auth/login'

2023-03-03 10:25:57 - [TEST_STEP][PASSED] - maximizeWindow(): Current window maximized

2023-03-03 10:25:57 - [MESSAGE][PASSED] - Current window maximized

2023-03-03 10:25:57 - [TEST_STEP][PASSED] - Start setup action : setupTestCase: Method 'setupTestCase' complete successfully

2023-03-03 10:25:57 - [TEST_STEP][PASSED] - orange.keywords.userLogin(findTestObject("Login Page/textbox_Username"), username, findTestObject("Login Page/textbox_Password"), password, findTestObject("Login Page/button_Login")): orange.keywords.userLogin is PASSED

2023-03-03 10:26:02 - [MESSAGE][PASSED] - orange.keywords.userLogin is PASSED

2023-03-03 10:26:02 - [MESSAGE][PASSED] - Method 'setupTestCase' complete successfully

2023-03-03 10:26:04 - [TEST_STEP][PASSED] - click(findTestObject("Navigation Sidebar/a_Admin")): Object: 'Object Repository/Navigation Sidebar/a_Admin' is clicked on

2023-03-03 10:26:07 - [MESSAGE][PASSED] - Object: 'Object Repository/Navigation Sidebar/a_Admin' is clicked on

2023-03-03 10:26:07 - [TEST_STEP][PASSED] - click(findTestObject("Admin Page/Job/li_Job")): Object: 'Object Repository/Admin Page/Job/li_Job' is clicked on

2023-03-03 10:26:09 - [MESSAGE][PASSED] - Object: 'Object Repository/Admin Page/Job/li_Job' is clicked on

2023-03-03 10:26:09 - [TEST_STEP][PASSED] - click(findTestObject("Admin Page/Job/Job Categories/li_Job Categories")): Object: 'Object Repository/Admin Page/Job/Job Categories/li_Job Categories' is clicked on

2023-03-03 10:26:12 - [MESSAGE][PASSED] - Object: 'Object Repository/Admin Page/Job/Job Categories/li_Job Categories' is clicked on

2023-03-03 10:26:12 - [TEST_STEP][PASSED] - click(findTestObject("Admin Page/Nationalities/button_Add")): Object: 'Object Repository/Admin Page/Nationalities/button_Add' is clicked on

2023-03-03 10:26:15 - [MESSAGE][PASSED] - Object: 'Object Repository/Admin Page/Nationalities/button_Add' is clicked on

2023-03-03 10:26:15 - [TEST_STEP][PASSED] - sendKeys(findTestObject("Admin Page/Qualifications/Skills/textbox_Username"), job_category): Keys 'Automation Category' sent to object: 'Object Repository/Admin Page/Qualifications/Skills/textbox_Username'

2023-03-03 10:26:17 - [MESSAGE][PASSED] - Keys 'Automation Category' sent to object: 'Object Repository/Admin Page/Qualifications/Skills/textbox_Username'

2023-03-03 10:26:17 - [TEST_STEP][PASSED] - takeScreenshotAsCheckpoint("Category Info"): Taking screenshot successfully

2023-03-03 10:26:18 - [MESSAGE][INFO] - 0 hidden object(s)

2023-03-03 10:26:18 - [MESSAGE][PASSED] - Taking screenshot successfully
[[ATTACHMENT|keyes\keyes-Category Info.png]]

2023-03-03 10:26:18 - [TEST_STEP][PASSED] - click(findTestObject("Admin Page/Nationalities/button_Save")): Object: 'Object Repository/Admin Page/Nationalities/button_Save' is clicked on

2023-03-03 10:26:20 - [MESSAGE][PASSED] - Object: 'Object Repository/Admin Page/Nationalities/button_Save' is clicked on

2023-03-03 10:26:20 - [TEST_STEP][PASSED] - waitForElementPresent(findTestObject("Confirmation messages/message_SuccessSuccessfullySaved"), 10): Object 'Object Repository/Confirmation messages/message_SuccessSuccessfullySaved' is present

2023-03-03 10:26:21 - [MESSAGE][PASSED] - Object 'Object Repository/Confirmation messages/message_SuccessSuccessfullySaved' is present

2023-03-03 10:26:21 - [TEST_STEP][PASSED] - verifyElementPresent(findTestObject("Confirmation messages/message_SuccessSuccessfullySaved"), 10): Object 'Object Repository/Confirmation messages/message_SuccessSuccessfullySaved' is present

2023-03-03 10:26:21 - [MESSAGE][PASSED] - Object 'Object Repository/Confirmation messages/message_SuccessSuccessfullySaved' is present

2023-03-03 10:26:21 - [TEST_STEP][PASSED] - takeScreenshotAsCheckpoint("Category Added"): Taking screenshot successfully

2023-03-03 10:26:22 - [MESSAGE][INFO] - 0 hidden object(s)

2023-03-03 10:26:23 - [MESSAGE][PASSED] - Taking screenshot successfully
[[ATTACHMENT|keyes\keyes-Category Added.png]]

2023-03-03 10:26:23 - [TEST_STEP][ERROR] - Start listener action : sampleAfterTestCase: groovy.lang.MissingPropertyException: No such property: printtestCaseContext for class: TestListener
	at TestListener.sampleAfterTestCase(TestListener.groovy:45)
	at TestListener.invokeMethod(TestListener.groovy)
	at com.kms.katalon.core.context.internal.TestHooker.invokeMethod(TestHooker.java:111)
	at com.kms.katalon.core.context.internal.TestHooker.lambda$3(TestHooker.java:95)
	at com.kms.katalon.core.context.internal.TestHooker.invokeContextMethods(TestHooker.java:94)
	at com.kms.katalon.core.context.internal.TestListenerCollector.lambda$3(TestListenerCollector.java:88)
	at com.kms.katalon.core.context.internal.TestListenerCollector.handleListenerEvent(TestListenerCollector.java:85)
	at com.kms.katalon.core.context.internal.ExecutionEventManager.publicEvent(ExecutionEventManager.java:36)
	at com.kms.katalon.core.main.TestCaseExecutor.execute(TestCaseExecutor.java:315)
	at com.kms.katalon.core.common.CommonExecutor.accessTestCaseMainPhase(CommonExecutor.java:65)
	at com.kms.katalon.core.main.TestSuiteExecutor.accessTestSuiteMainPhase(TestSuiteExecutor.java:151)
	at com.kms.katalon.core.main.TestSuiteExecutor.execute(TestSuiteExecutor.java:106)
	at com.kms.katalon.core.main.TestCaseMain.startTestSuite(TestCaseMain.java:185)
	at com.kms.katalon.core.main.TestCaseMain$startTestSuite$0.call(Unknown Source)
	at TempTestSuite1677835338899.run(TempTestSuite1677835338899.groovy:36)


2023-03-03 10:26:23 - [TEST_STEP][PASSED] - println(testCaseContext.getTestCaseId() + " - "): null

2023-03-03 10:26:23 - [TEST_STEP][ERROR] - println(printtestCaseContext.getTestCaseStatus()): groovy.lang.MissingPropertyException: No such property: printtestCaseContext for class: TestListener
	at TestListener.sampleAfterTestCase(TestListener.groovy:45)
	at TestListener.invokeMethod(TestListener.groovy)
	at com.kms.katalon.core.context.internal.TestHooker.invokeMethod(TestHooker.java:111)
	at com.kms.katalon.core.context.internal.TestHooker.lambda$3(TestHooker.java:95)
	at com.kms.katalon.core.context.internal.TestHooker.invokeContextMethods(TestHooker.java:94)
	at com.kms.katalon.core.context.internal.TestListenerCollector.lambda$3(TestListenerCollector.java:88)
	at com.kms.katalon.core.context.internal.TestListenerCollector.handleListenerEvent(TestListenerCollector.java:85)
	at com.kms.katalon.core.context.internal.ExecutionEventManager.publicEvent(ExecutionEventManager.java:36)
	at com.kms.katalon.core.main.TestCaseExecutor.execute(TestCaseExecutor.java:315)
	at com.kms.katalon.core.common.CommonExecutor.accessTestCaseMainPhase(CommonExecutor.java:65)
	at com.kms.katalon.core.main.TestSuiteExecutor.accessTestSuiteMainPhase(TestSuiteExecutor.java:151)
	at com.kms.katalon.core.main.TestSuiteExecutor.execute(TestSuiteExecutor.java:106)
	at com.kms.katalon.core.main.TestCaseMain.startTestSuite(TestCaseMain.java:185)
	at com.kms.katalon.core.main.TestCaseMain$startTestSuite$0.call(Unknown Source)
	at TempTestSuite1677835338899.run(TempTestSuite1677835338899.groovy:36)


2023-03-03 10:26:23 - [MESSAGE][ERROR] - groovy.lang.MissingPropertyException: No such property: printtestCaseContext for class: TestListener
	at TestListener.sampleAfterTestCase(TestListener.groovy:45)
	at TestListener.invokeMethod(TestListener.groovy)
	at com.kms.katalon.core.context.internal.TestHooker.invokeMethod(TestHooker.java:111)
	at com.kms.katalon.core.context.internal.TestHooker.lambda$3(TestHooker.java:95)
	at com.kms.katalon.core.context.internal.TestHooker.invokeContextMethods(TestHooker.java:94)
	at com.kms.katalon.core.context.internal.TestListenerCollector.lambda$3(TestListenerCollector.java:88)
	at com.kms.katalon.core.context.internal.TestListenerCollector.handleListenerEvent(TestListenerCollector.java:85)
	at com.kms.katalon.core.context.internal.ExecutionEventManager.publicEvent(ExecutionEventManager.java:36)
	at com.kms.katalon.core.main.TestCaseExecutor.execute(TestCaseExecutor.java:315)
	at com.kms.katalon.core.common.CommonExecutor.accessTestCaseMainPhase(CommonExecutor.java:65)
	at com.kms.katalon.core.main.TestSuiteExecutor.accessTestSuiteMainPhase(TestSuiteExecutor.java:151)
	at com.kms.katalon.core.main.TestSuiteExecutor.execute(TestSuiteExecutor.java:106)
	at com.kms.katalon.core.main.TestCaseMain.startTestSuite(TestCaseMain.java:185)
	at com.kms.katalon.core.main.TestCaseMain$startTestSuite$0.call(Unknown Source)
	at TempTestSuite1677835338899.run(TempTestSuite1677835338899.groovy:36)]]></system-out>
         <system-err><![CDATA[]]></system-err>
      </testcase>
      <testcase name="Test Cases/Admin Page/Job/Job Categories/Edit Category" time="29.12" classname="Test Cases/Admin Page/Job/Job Categories/Edit Category" status="PASSED">
         <system-out><![CDATA[2023-03-03 10:26:23 - [TEST_CASE][PASSED] - Test Cases/Admin Page/Job/Job Categories/Edit Category: Test Cases/Admin Page/Job/Job Categories/Edit Category

2023-03-03 10:26:23 - [TEST_STEP][PASSED] - Start listener action : sampleBeforeTestCase: Current window maximized

2023-03-03 10:26:23 - [TEST_STEP][PASSED] - println(testCaseContext.getTestCaseId()): null

2023-03-03 10:26:23 - [TEST_STEP][PASSED] - println(testCaseContext.getTestCaseVariables()): null

2023-03-03 10:26:23 - [TEST_STEP][PASSED] - openBrowser(baseURL): Browser is opened with url: 'https://opensource-demo.orangehrmlive.com/web/index.php/auth/login'

2023-03-03 10:26:23 - [MESSAGE][WARNING] - A browser is already opened. Closing browser and opening a new one

2023-03-03 10:26:23 - [MESSAGE][INFO] - Starting 'Chrome' driver

2023-03-03 10:26:23 - [MESSAGE][INFO] - Action delay is set to 1,000 milliseconds

2023-03-03 10:26:28 - [MESSAGE][PASSED] - Browser is opened with url: 'https://opensource-demo.orangehrmlive.com/web/index.php/auth/login'

2023-03-03 10:26:28 - [TEST_STEP][PASSED] - maximizeWindow(): Current window maximized

2023-03-03 10:26:28 - [MESSAGE][PASSED] - Current window maximized

2023-03-03 10:26:28 - [TEST_STEP][PASSED] - Start setup action : setupTestCase: Method 'setupTestCase' complete successfully

2023-03-03 10:26:28 - [TEST_STEP][PASSED] - orange.keywords.userLogin(findTestObject("Login Page/textbox_Username"), username, findTestObject("Login Page/textbox_Password"), password, findTestObject("Login Page/button_Login")): orange.keywords.userLogin is PASSED

2023-03-03 10:26:34 - [MESSAGE][PASSED] - orange.keywords.userLogin is PASSED

2023-03-03 10:26:34 - [MESSAGE][PASSED] - Method 'setupTestCase' complete successfully

2023-03-03 10:26:34 - [TEST_STEP][PASSED] - click(findTestObject("Navigation Sidebar/a_Admin")): Object: 'Object Repository/Navigation Sidebar/a_Admin' is clicked on

2023-03-03 10:26:37 - [MESSAGE][PASSED] - Object: 'Object Repository/Navigation Sidebar/a_Admin' is clicked on

2023-03-03 10:26:37 - [TEST_STEP][PASSED] - click(findTestObject("Admin Page/Job/li_Job")): Object: 'Object Repository/Admin Page/Job/li_Job' is clicked on

2023-03-03 10:26:40 - [MESSAGE][PASSED] - Object: 'Object Repository/Admin Page/Job/li_Job' is clicked on

2023-03-03 10:26:40 - [TEST_STEP][PASSED] - click(findTestObject("Admin Page/Job/Job Categories/li_Job Categories")): Object: 'Object Repository/Admin Page/Job/Job Categories/li_Job Categories' is clicked on

2023-03-03 10:26:42 - [MESSAGE][PASSED] - Object: 'Object Repository/Admin Page/Job/Job Categories/li_Job Categories' is clicked on

2023-03-03 10:26:42 - [TEST_STEP][PASSED] - click(findTestObject("Admin Page/Job/Job Categories/button_Edit")): Object: 'Object Repository/Admin Page/Job/Job Categories/button_Edit' is clicked on

2023-03-03 10:26:45 - [MESSAGE][PASSED] - Object: 'Object Repository/Admin Page/Job/Job Categories/button_Edit' is clicked on

2023-03-03 10:26:45 - [TEST_STEP][PASSED] - sendKeys(findTestObject("Admin Page/Qualifications/Skills/textbox_Username"), Keys.chord(CONTROL, "a")): Keys 'CONTROL + a' sent to object: 'Object Repository/Admin Page/Qualifications/Skills/textbox_Username'

2023-03-03 10:26:48 - [MESSAGE][PASSED] - Keys 'CONTROL + a' sent to object: 'Object Repository/Admin Page/Qualifications/Skills/textbox_Username'

2023-03-03 10:26:48 - [TEST_STEP][PASSED] - sendKeys(findTestObject("Admin Page/Qualifications/Skills/textbox_Username_selected"), edited_job_category): Keys 'Automation Category-Edited' sent to object: 'Object Repository/Admin Page/Qualifications/Skills/textbox_Username_selected'

2023-03-03 10:26:49 - [MESSAGE][PASSED] - Keys 'Automation Category-Edited' sent to object: 'Object Repository/Admin Page/Qualifications/Skills/textbox_Username_selected'

2023-03-03 10:26:49 - [TEST_STEP][PASSED] - click(findTestObject("Admin Page/Qualifications/Skills/button_Save")): Object: 'Object Repository/Admin Page/Qualifications/Skills/button_Save' is clicked on

2023-03-03 10:26:51 - [MESSAGE][PASSED] - Object: 'Object Repository/Admin Page/Qualifications/Skills/button_Save' is clicked on

2023-03-03 10:26:51 - [TEST_STEP][PASSED] - waitForElementPresent(findTestObject("Confirmation messages/message_SuccessSuccessfullyUpdated"), 10): Object 'Object Repository/Confirmation messages/message_SuccessSuccessfullyUpdated' is present

2023-03-03 10:26:51 - [MESSAGE][PASSED] - Object 'Object Repository/Confirmation messages/message_SuccessSuccessfullyUpdated' is present

2023-03-03 10:26:51 - [TEST_STEP][PASSED] - verifyElementPresent(findTestObject("Confirmation messages/message_SuccessSuccessfullyUpdated"), 10): Object 'Object Repository/Confirmation messages/message_SuccessSuccessfullyUpdated' is present

2023-03-03 10:26:52 - [MESSAGE][PASSED] - Object 'Object Repository/Confirmation messages/message_SuccessSuccessfullyUpdated' is present

2023-03-03 10:26:52 - [TEST_STEP][ERROR] - Start listener action : sampleAfterTestCase: groovy.lang.MissingPropertyException: No such property: printtestCaseContext for class: TestListener
	at TestListener.sampleAfterTestCase(TestListener.groovy:45)
	at TestListener.invokeMethod(TestListener.groovy)
	at com.kms.katalon.core.context.internal.TestHooker.invokeMethod(TestHooker.java:111)
	at com.kms.katalon.core.context.internal.TestHooker.lambda$3(TestHooker.java:95)
	at com.kms.katalon.core.context.internal.TestHooker.invokeContextMethods(TestHooker.java:94)
	at com.kms.katalon.core.context.internal.TestListenerCollector.lambda$3(TestListenerCollector.java:88)
	at com.kms.katalon.core.context.internal.TestListenerCollector.handleListenerEvent(TestListenerCollector.java:85)
	at com.kms.katalon.core.context.internal.ExecutionEventManager.publicEvent(ExecutionEventManager.java:36)
	at com.kms.katalon.core.main.TestCaseExecutor.execute(TestCaseExecutor.java:315)
	at com.kms.katalon.core.common.CommonExecutor.accessTestCaseMainPhase(CommonExecutor.java:65)
	at com.kms.katalon.core.main.TestSuiteExecutor.accessTestSuiteMainPhase(TestSuiteExecutor.java:151)
	at com.kms.katalon.core.main.TestSuiteExecutor.execute(TestSuiteExecutor.java:106)
	at com.kms.katalon.core.main.TestCaseMain.startTestSuite(TestCaseMain.java:185)
	at com.kms.katalon.core.main.TestCaseMain$startTestSuite$0.call(Unknown Source)
	at TempTestSuite1677835338899.run(TempTestSuite1677835338899.groovy:36)


2023-03-03 10:26:52 - [TEST_STEP][PASSED] - println(testCaseContext.getTestCaseId() + " - "): null

2023-03-03 10:26:52 - [TEST_STEP][ERROR] - println(printtestCaseContext.getTestCaseStatus()): groovy.lang.MissingPropertyException: No such property: printtestCaseContext for class: TestListener
	at TestListener.sampleAfterTestCase(TestListener.groovy:45)
	at TestListener.invokeMethod(TestListener.groovy)
	at com.kms.katalon.core.context.internal.TestHooker.invokeMethod(TestHooker.java:111)
	at com.kms.katalon.core.context.internal.TestHooker.lambda$3(TestHooker.java:95)
	at com.kms.katalon.core.context.internal.TestHooker.invokeContextMethods(TestHooker.java:94)
	at com.kms.katalon.core.context.internal.TestListenerCollector.lambda$3(TestListenerCollector.java:88)
	at com.kms.katalon.core.context.internal.TestListenerCollector.handleListenerEvent(TestListenerCollector.java:85)
	at com.kms.katalon.core.context.internal.ExecutionEventManager.publicEvent(ExecutionEventManager.java:36)
	at com.kms.katalon.core.main.TestCaseExecutor.execute(TestCaseExecutor.java:315)
	at com.kms.katalon.core.common.CommonExecutor.accessTestCaseMainPhase(CommonExecutor.java:65)
	at com.kms.katalon.core.main.TestSuiteExecutor.accessTestSuiteMainPhase(TestSuiteExecutor.java:151)
	at com.kms.katalon.core.main.TestSuiteExecutor.execute(TestSuiteExecutor.java:106)
	at com.kms.katalon.core.main.TestCaseMain.startTestSuite(TestCaseMain.java:185)
	at com.kms.katalon.core.main.TestCaseMain$startTestSuite$0.call(Unknown Source)
	at TempTestSuite1677835338899.run(TempTestSuite1677835338899.groovy:36)


2023-03-03 10:26:52 - [MESSAGE][ERROR] - groovy.lang.MissingPropertyException: No such property: printtestCaseContext for class: TestListener
	at TestListener.sampleAfterTestCase(TestListener.groovy:45)
	at TestListener.invokeMethod(TestListener.groovy)
	at com.kms.katalon.core.context.internal.TestHooker.invokeMethod(TestHooker.java:111)
	at com.kms.katalon.core.context.internal.TestHooker.lambda$3(TestHooker.java:95)
	at com.kms.katalon.core.context.internal.TestHooker.invokeContextMethods(TestHooker.java:94)
	at com.kms.katalon.core.context.internal.TestListenerCollector.lambda$3(TestListenerCollector.java:88)
	at com.kms.katalon.core.context.internal.TestListenerCollector.handleListenerEvent(TestListenerCollector.java:85)
	at com.kms.katalon.core.context.internal.ExecutionEventManager.publicEvent(ExecutionEventManager.java:36)
	at com.kms.katalon.core.main.TestCaseExecutor.execute(TestCaseExecutor.java:315)
	at com.kms.katalon.core.common.CommonExecutor.accessTestCaseMainPhase(CommonExecutor.java:65)
	at com.kms.katalon.core.main.TestSuiteExecutor.accessTestSuiteMainPhase(TestSuiteExecutor.java:151)
	at com.kms.katalon.core.main.TestSuiteExecutor.execute(TestSuiteExecutor.java:106)
	at com.kms.katalon.core.main.TestCaseMain.startTestSuite(TestCaseMain.java:185)
	at com.kms.katalon.core.main.TestCaseMain$startTestSuite$0.call(Unknown Source)
	at TempTestSuite1677835338899.run(TempTestSuite1677835338899.groovy:36)]]></system-out>
         <system-err><![CDATA[]]></system-err>
      </testcase>
      <testcase name="Test Cases/Admin Page/Job/Job Categories/Delete Category" time="24.581" classname="Test Cases/Admin Page/Job/Job Categories/Delete Category" status="PASSED">
         <system-out><![CDATA[2023-03-03 10:26:52 - [TEST_CASE][PASSED] - Test Cases/Admin Page/Job/Job Categories/Delete Category: Test Cases/Admin Page/Job/Job Categories/Delete Category

2023-03-03 10:26:52 - [TEST_STEP][PASSED] - Start listener action : sampleBeforeTestCase: Current window maximized

2023-03-03 10:26:52 - [TEST_STEP][PASSED] - println(testCaseContext.getTestCaseId()): null

2023-03-03 10:26:52 - [TEST_STEP][PASSED] - println(testCaseContext.getTestCaseVariables()): null

2023-03-03 10:26:52 - [TEST_STEP][PASSED] - openBrowser(baseURL): Browser is opened with url: 'https://opensource-demo.orangehrmlive.com/web/index.php/auth/login'

2023-03-03 10:26:52 - [MESSAGE][WARNING] - A browser is already opened. Closing browser and opening a new one

2023-03-03 10:26:53 - [MESSAGE][INFO] - Starting 'Chrome' driver

2023-03-03 10:26:53 - [MESSAGE][INFO] - Action delay is set to 1,000 milliseconds

2023-03-03 10:26:56 - [MESSAGE][PASSED] - Browser is opened with url: 'https://opensource-demo.orangehrmlive.com/web/index.php/auth/login'

2023-03-03 10:26:56 - [TEST_STEP][PASSED] - maximizeWindow(): Current window maximized

2023-03-03 10:26:56 - [MESSAGE][PASSED] - Current window maximized

2023-03-03 10:26:56 - [TEST_STEP][PASSED] - Start setup action : setupTestCase: Method 'setupTestCase' complete successfully

2023-03-03 10:26:56 - [TEST_STEP][PASSED] - orange.keywords.userLogin(findTestObject("Login Page/textbox_Username"), username, findTestObject("Login Page/textbox_Password"), password, findTestObject("Login Page/button_Login")): orange.keywords.userLogin is PASSED

2023-03-03 10:27:02 - [MESSAGE][PASSED] - orange.keywords.userLogin is PASSED

2023-03-03 10:27:02 - [MESSAGE][PASSED] - Method 'setupTestCase' complete successfully

2023-03-03 10:27:03 - [TEST_STEP][PASSED] - click(findTestObject("Navigation Sidebar/a_Admin")): Object: 'Object Repository/Navigation Sidebar/a_Admin' is clicked on

2023-03-03 10:27:06 - [MESSAGE][PASSED] - Object: 'Object Repository/Navigation Sidebar/a_Admin' is clicked on

2023-03-03 10:27:06 - [TEST_STEP][PASSED] - click(findTestObject("Admin Page/Job/li_Job")): Object: 'Object Repository/Admin Page/Job/li_Job' is clicked on

2023-03-03 10:27:09 - [MESSAGE][PASSED] - Object: 'Object Repository/Admin Page/Job/li_Job' is clicked on

2023-03-03 10:27:09 - [TEST_STEP][PASSED] - click(findTestObject("Admin Page/Job/Job Categories/li_Job Categories")): Object: 'Object Repository/Admin Page/Job/Job Categories/li_Job Categories' is clicked on

2023-03-03 10:27:11 - [MESSAGE][PASSED] - Object: 'Object Repository/Admin Page/Job/Job Categories/li_Job Categories' is clicked on

2023-03-03 10:27:11 - [TEST_STEP][PASSED] - click(findTestObject("Admin Page/Job/Job Categories/button_Delete")): Object: 'Object Repository/Admin Page/Job/Job Categories/button_Delete' is clicked on

2023-03-03 10:27:13 - [MESSAGE][PASSED] - Object: 'Object Repository/Admin Page/Job/Job Categories/button_Delete' is clicked on

2023-03-03 10:27:13 - [TEST_STEP][PASSED] - click(findTestObject("Admin Page/Qualifications/Languages/button_Yes, Delete")): Object: 'Object Repository/Admin Page/Qualifications/Languages/button_Yes, Delete' is clicked on

2023-03-03 10:27:15 - [MESSAGE][PASSED] - Object: 'Object Repository/Admin Page/Qualifications/Languages/button_Yes, Delete' is clicked on

2023-03-03 10:27:15 - [TEST_STEP][PASSED] - waitForElementPresent(findTestObject("Confirmation messages/message_SuccessSuccessfullyDeleted"), 10): Object 'Object Repository/Confirmation messages/message_SuccessSuccessfullyDeleted' is present

2023-03-03 10:27:16 - [MESSAGE][PASSED] - Object 'Object Repository/Confirmation messages/message_SuccessSuccessfullyDeleted' is present

2023-03-03 10:27:16 - [TEST_STEP][PASSED] - verifyElementPresent(findTestObject("Confirmation messages/message_SuccessSuccessfullyDeleted"), 10): Object 'Object Repository/Confirmation messages/message_SuccessSuccessfullyDeleted' is present

2023-03-03 10:27:16 - [MESSAGE][PASSED] - Object 'Object Repository/Confirmation messages/message_SuccessSuccessfullyDeleted' is present

2023-03-03 10:27:16 - [TEST_STEP][ERROR] - Start listener action : sampleAfterTestCase: groovy.lang.MissingPropertyException: No such property: printtestCaseContext for class: TestListener
	at TestListener.sampleAfterTestCase(TestListener.groovy:45)
	at TestListener.invokeMethod(TestListener.groovy)
	at com.kms.katalon.core.context.internal.TestHooker.invokeMethod(TestHooker.java:111)
	at com.kms.katalon.core.context.internal.TestHooker.lambda$3(TestHooker.java:95)
	at com.kms.katalon.core.context.internal.TestHooker.invokeContextMethods(TestHooker.java:94)
	at com.kms.katalon.core.context.internal.TestListenerCollector.lambda$3(TestListenerCollector.java:88)
	at com.kms.katalon.core.context.internal.TestListenerCollector.handleListenerEvent(TestListenerCollector.java:85)
	at com.kms.katalon.core.context.internal.ExecutionEventManager.publicEvent(ExecutionEventManager.java:36)
	at com.kms.katalon.core.main.TestCaseExecutor.execute(TestCaseExecutor.java:315)
	at com.kms.katalon.core.common.CommonExecutor.accessTestCaseMainPhase(CommonExecutor.java:65)
	at com.kms.katalon.core.main.TestSuiteExecutor.accessTestSuiteMainPhase(TestSuiteExecutor.java:151)
	at com.kms.katalon.core.main.TestSuiteExecutor.execute(TestSuiteExecutor.java:106)
	at com.kms.katalon.core.main.TestCaseMain.startTestSuite(TestCaseMain.java:185)
	at com.kms.katalon.core.main.TestCaseMain$startTestSuite$0.call(Unknown Source)
	at TempTestSuite1677835338899.run(TempTestSuite1677835338899.groovy:36)


2023-03-03 10:27:16 - [TEST_STEP][PASSED] - println(testCaseContext.getTestCaseId() + " - "): null

2023-03-03 10:27:16 - [TEST_STEP][ERROR] - println(printtestCaseContext.getTestCaseStatus()): groovy.lang.MissingPropertyException: No such property: printtestCaseContext for class: TestListener
	at TestListener.sampleAfterTestCase(TestListener.groovy:45)
	at TestListener.invokeMethod(TestListener.groovy)
	at com.kms.katalon.core.context.internal.TestHooker.invokeMethod(TestHooker.java:111)
	at com.kms.katalon.core.context.internal.TestHooker.lambda$3(TestHooker.java:95)
	at com.kms.katalon.core.context.internal.TestHooker.invokeContextMethods(TestHooker.java:94)
	at com.kms.katalon.core.context.internal.TestListenerCollector.lambda$3(TestListenerCollector.java:88)
	at com.kms.katalon.core.context.internal.TestListenerCollector.handleListenerEvent(TestListenerCollector.java:85)
	at com.kms.katalon.core.context.internal.ExecutionEventManager.publicEvent(ExecutionEventManager.java:36)
	at com.kms.katalon.core.main.TestCaseExecutor.execute(TestCaseExecutor.java:315)
	at com.kms.katalon.core.common.CommonExecutor.accessTestCaseMainPhase(CommonExecutor.java:65)
	at com.kms.katalon.core.main.TestSuiteExecutor.accessTestSuiteMainPhase(TestSuiteExecutor.java:151)
	at com.kms.katalon.core.main.TestSuiteExecutor.execute(TestSuiteExecutor.java:106)
	at com.kms.katalon.core.main.TestCaseMain.startTestSuite(TestCaseMain.java:185)
	at com.kms.katalon.core.main.TestCaseMain$startTestSuite$0.call(Unknown Source)
	at TempTestSuite1677835338899.run(TempTestSuite1677835338899.groovy:36)


2023-03-03 10:27:16 - [MESSAGE][ERROR] - groovy.lang.MissingPropertyException: No such property: printtestCaseContext for class: TestListener
	at TestListener.sampleAfterTestCase(TestListener.groovy:45)
	at TestListener.invokeMethod(TestListener.groovy)
	at com.kms.katalon.core.context.internal.TestHooker.invokeMethod(TestHooker.java:111)
	at com.kms.katalon.core.context.internal.TestHooker.lambda$3(TestHooker.java:95)
	at com.kms.katalon.core.context.internal.TestHooker.invokeContextMethods(TestHooker.java:94)
	at com.kms.katalon.core.context.internal.TestListenerCollector.lambda$3(TestListenerCollector.java:88)
	at com.kms.katalon.core.context.internal.TestListenerCollector.handleListenerEvent(TestListenerCollector.java:85)
	at com.kms.katalon.core.context.internal.ExecutionEventManager.publicEvent(ExecutionEventManager.java:36)
	at com.kms.katalon.core.main.TestCaseExecutor.execute(TestCaseExecutor.java:315)
	at com.kms.katalon.core.common.CommonExecutor.accessTestCaseMainPhase(CommonExecutor.java:65)
	at com.kms.katalon.core.main.TestSuiteExecutor.accessTestSuiteMainPhase(TestSuiteExecutor.java:151)
	at com.kms.katalon.core.main.TestSuiteExecutor.execute(TestSuiteExecutor.java:106)
	at com.kms.katalon.core.main.TestCaseMain.startTestSuite(TestCaseMain.java:185)
	at com.kms.katalon.core.main.TestCaseMain$startTestSuite$0.call(Unknown Source)
	at TempTestSuite1677835338899.run(TempTestSuite1677835338899.groovy:36)]]></system-out>
         <system-err><![CDATA[]]></system-err>
      </testcase>
      <system-out><![CDATA[2023-03-03 10:24:11 - [TEST_SUITE][PASSED] - Job Dropdown Suite: Test Cases/Admin Page/Job/Job Categories/Delete Category]]></system-out>
      <system-err><![CDATA[]]></system-err>
   </testsuite>
   <testsuite name="Qualifications Dropdown Suite" tests="15" failures="0" errors="0" time="421.782" skipped="0" timestamp="2023-03-03 10:25:12" hostname="PC - host.docker.internal" id="Test Suites/Qualifications Dropdown Suite">
      <properties>
         <property name="deviceName" value=""/>
         <property name="devicePlatform" value=""/>
         <property name="logFolder" value="C:\\Users\\PC\\Desktop\\Katalon Projects\\Orange Web Test Automation\\Reports\\20230303_102213\\Qualifications Dropdown Suite\\20230303_102220"/>
         <property name="logFiles" value="C:\\Users\\PC\\Desktop\\Katalon Projects\\Orange Web Test Automation\\Reports\\20230303_102213\\Qualifications Dropdown Suite\\20230303_102220\\execution0.log"/>
         <property name="attachments" value="keyes\keyes-Added Skill Info.png, keyes\keyes-Membership info.png, keyes\keyes-License Info.png, keyes\keyes-Language info.png, keyes\keyes-Language Added.png, keyes\keyes-Added Education.png"/>
         <property name="hostName" value="PC - host.docker.internal"/>
         <property name="os" value="Windows 10 64bit"/>
         <property name="katalonVersion" value="8.5.5.208"/>
         <property name="browser" value="Chrome 110.0.0.0"/>
         <property name="hostAddress" value="192.168.0.23"/>
         <property name="sessionId" value="f2dc4afa779a24b7d3a9291079a29844"/>
         <property name="seleniumVersion" value="3.141.59"/>
         <property name="proxyInformation" value="ProxyInformation { proxyOption=NO_PROXY, proxyServerType=HTTP, username=, password=********, proxyServerAddress=, proxyServerPort=0, executionList=&quot;&quot;, isApplyToDesiredCapabilities=true }"/>
         <property name="platform" value="Windows 10"/>
      </properties>
      <testcase name="Test Cases/Admin Page/Qualifications/Skills/Add Skill" time="35.267" classname="Test Cases/Admin Page/Qualifications/Skills/Add Skill" status="PASSED">
         <system-out><![CDATA[2023-03-03 10:25:12 - [TEST_CASE][PASSED] - Test Cases/Admin Page/Qualifications/Skills/Add Skill: Test Cases/Admin Page/Qualifications/Skills/Add Skill

2023-03-03 10:25:12 - [TEST_STEP][PASSED] - Start listener action : sampleBeforeTestCase: Current window maximized

2023-03-03 10:25:12 - [TEST_STEP][PASSED] - println(testCaseContext.getTestCaseId()): null

2023-03-03 10:25:12 - [TEST_STEP][PASSED] - println(testCaseContext.getTestCaseVariables()): null

2023-03-03 10:25:12 - [TEST_STEP][PASSED] - openBrowser(baseURL): Browser is opened with url: 'https://opensource-demo.orangehrmlive.com/web/index.php/auth/login'

2023-03-03 10:25:14 - [MESSAGE][INFO] - Starting 'Chrome' driver

2023-03-03 10:25:14 - [MESSAGE][INFO] - Action delay is set to 1,000 milliseconds

2023-03-03 10:25:20 - [MESSAGE][PASSED] - Browser is opened with url: 'https://opensource-demo.orangehrmlive.com/web/index.php/auth/login'

2023-03-03 10:25:20 - [TEST_STEP][PASSED] - maximizeWindow(): Current window maximized

2023-03-03 10:25:20 - [MESSAGE][PASSED] - Current window maximized

2023-03-03 10:25:20 - [TEST_STEP][PASSED] - Start setup action : setupTestCase: Method 'setupTestCase' complete successfully

2023-03-03 10:25:21 - [TEST_STEP][PASSED] - orange.keywords.userLogin(findTestObject("Login Page/textbox_Username"), username, findTestObject("Login Page/textbox_Password"), password, findTestObject("Login Page/button_Login")): orange.keywords.userLogin is PASSED

2023-03-03 10:25:27 - [MESSAGE][PASSED] - orange.keywords.userLogin is PASSED

2023-03-03 10:25:27 - [MESSAGE][PASSED] - Method 'setupTestCase' complete successfully

2023-03-03 10:25:29 - [TEST_STEP][PASSED] - click(findTestObject("Navigation Sidebar/a_Admin")): Object: 'Object Repository/Navigation Sidebar/a_Admin' is clicked on

2023-03-03 10:25:31 - [MESSAGE][PASSED] - Object: 'Object Repository/Navigation Sidebar/a_Admin' is clicked on

2023-03-03 10:25:31 - [TEST_STEP][PASSED] - click(findTestObject("Admin Page/Qualifications/li_Qualifications")): Object: 'Object Repository/Admin Page/Qualifications/li_Qualifications' is clicked on

2023-03-03 10:25:34 - [MESSAGE][PASSED] - Object: 'Object Repository/Admin Page/Qualifications/li_Qualifications' is clicked on

2023-03-03 10:25:34 - [TEST_STEP][PASSED] - click(findTestObject("Admin Page/Qualifications/Skills/li_Skills")): Object: 'Object Repository/Admin Page/Qualifications/Skills/li_Skills' is clicked on

2023-03-03 10:25:36 - [MESSAGE][PASSED] - Object: 'Object Repository/Admin Page/Qualifications/Skills/li_Skills' is clicked on

2023-03-03 10:25:36 - [TEST_STEP][PASSED] - click(findTestObject("Admin Page/Qualifications/Languages/button_Add")): Object: 'Object Repository/Admin Page/Qualifications/Languages/button_Add' is clicked on

2023-03-03 10:25:39 - [MESSAGE][PASSED] - Object: 'Object Repository/Admin Page/Qualifications/Languages/button_Add' is clicked on

2023-03-03 10:25:39 - [TEST_STEP][PASSED] - sendKeys(findTestObject("Admin Page/Qualifications/Skills/textbox_Username"), "Assertiveness-Automation"): Keys 'Assertiveness-Automation' sent to object: 'Object Repository/Admin Page/Qualifications/Skills/textbox_Username'

2023-03-03 10:25:41 - [MESSAGE][PASSED] - Keys 'Assertiveness-Automation' sent to object: 'Object Repository/Admin Page/Qualifications/Skills/textbox_Username'

2023-03-03 10:25:41 - [TEST_STEP][PASSED] - sendKeys(findTestObject("Admin Page/Qualifications/Skills/textarea_Description"), "Everything best"): Keys 'Everything best' sent to object: 'Object Repository/Admin Page/Qualifications/Skills/textarea_Description'

2023-03-03 10:25:43 - [MESSAGE][PASSED] - Keys 'Everything best' sent to object: 'Object Repository/Admin Page/Qualifications/Skills/textarea_Description'

2023-03-03 10:25:43 - [TEST_STEP][PASSED] - takeScreenshotAsCheckpoint("Added Skill Info"): Taking screenshot successfully

2023-03-03 10:25:44 - [MESSAGE][INFO] - 0 hidden object(s)

2023-03-03 10:25:45 - [MESSAGE][PASSED] - Taking screenshot successfully
[[ATTACHMENT|keyes\keyes-Added Skill Info.png]]

2023-03-03 10:25:45 - [TEST_STEP][PASSED] - click(findTestObject("Admin Page/Qualifications/Skills/button_Save")): Object: 'Object Repository/Admin Page/Qualifications/Skills/button_Save' is clicked on

2023-03-03 10:25:46 - [MESSAGE][PASSED] - Object: 'Object Repository/Admin Page/Qualifications/Skills/button_Save' is clicked on

2023-03-03 10:25:46 - [TEST_STEP][PASSED] - waitForElementPresent(findTestObject("Confirmation messages/message_SuccessSuccessfullySaved"), 10): Object 'Object Repository/Confirmation messages/message_SuccessSuccessfullySaved' is present

2023-03-03 10:25:47 - [MESSAGE][PASSED] - Object 'Object Repository/Confirmation messages/message_SuccessSuccessfullySaved' is present

2023-03-03 10:25:47 - [TEST_STEP][PASSED] - verifyElementPresent(findTestObject("Confirmation messages/message_SuccessSuccessfullySaved"), 10): Object 'Object Repository/Confirmation messages/message_SuccessSuccessfullySaved' is present

2023-03-03 10:25:48 - [MESSAGE][PASSED] - Object 'Object Repository/Confirmation messages/message_SuccessSuccessfullySaved' is present

2023-03-03 10:25:48 - [TEST_STEP][ERROR] - Start listener action : sampleAfterTestCase: groovy.lang.MissingPropertyException: No such property: printtestCaseContext for class: TestListener
	at TestListener.sampleAfterTestCase(TestListener.groovy:45)
	at TestListener.invokeMethod(TestListener.groovy)
	at com.kms.katalon.core.context.internal.TestHooker.invokeMethod(TestHooker.java:111)
	at com.kms.katalon.core.context.internal.TestHooker.lambda$3(TestHooker.java:95)
	at com.kms.katalon.core.context.internal.TestHooker.invokeContextMethods(TestHooker.java:94)
	at com.kms.katalon.core.context.internal.TestListenerCollector.lambda$3(TestListenerCollector.java:88)
	at com.kms.katalon.core.context.internal.TestListenerCollector.handleListenerEvent(TestListenerCollector.java:85)
	at com.kms.katalon.core.context.internal.ExecutionEventManager.publicEvent(ExecutionEventManager.java:36)
	at com.kms.katalon.core.main.TestCaseExecutor.execute(TestCaseExecutor.java:315)
	at com.kms.katalon.core.common.CommonExecutor.accessTestCaseMainPhase(CommonExecutor.java:65)
	at com.kms.katalon.core.main.TestSuiteExecutor.accessTestSuiteMainPhase(TestSuiteExecutor.java:151)
	at com.kms.katalon.core.main.TestSuiteExecutor.execute(TestSuiteExecutor.java:106)
	at com.kms.katalon.core.main.TestCaseMain.startTestSuite(TestCaseMain.java:185)
	at com.kms.katalon.core.main.TestCaseMain$startTestSuite$0.call(Unknown Source)
	at TempTestSuite1677835340894.run(TempTestSuite1677835340894.groovy:36)


2023-03-03 10:25:48 - [TEST_STEP][PASSED] - println(testCaseContext.getTestCaseId() + " - "): null

2023-03-03 10:25:48 - [TEST_STEP][ERROR] - println(printtestCaseContext.getTestCaseStatus()): groovy.lang.MissingPropertyException: No such property: printtestCaseContext for class: TestListener
	at TestListener.sampleAfterTestCase(TestListener.groovy:45)
	at TestListener.invokeMethod(TestListener.groovy)
	at com.kms.katalon.core.context.internal.TestHooker.invokeMethod(TestHooker.java:111)
	at com.kms.katalon.core.context.internal.TestHooker.lambda$3(TestHooker.java:95)
	at com.kms.katalon.core.context.internal.TestHooker.invokeContextMethods(TestHooker.java:94)
	at com.kms.katalon.core.context.internal.TestListenerCollector.lambda$3(TestListenerCollector.java:88)
	at com.kms.katalon.core.context.internal.TestListenerCollector.handleListenerEvent(TestListenerCollector.java:85)
	at com.kms.katalon.core.context.internal.ExecutionEventManager.publicEvent(ExecutionEventManager.java:36)
	at com.kms.katalon.core.main.TestCaseExecutor.execute(TestCaseExecutor.java:315)
	at com.kms.katalon.core.common.CommonExecutor.accessTestCaseMainPhase(CommonExecutor.java:65)
	at com.kms.katalon.core.main.TestSuiteExecutor.accessTestSuiteMainPhase(TestSuiteExecutor.java:151)
	at com.kms.katalon.core.main.TestSuiteExecutor.execute(TestSuiteExecutor.java:106)
	at com.kms.katalon.core.main.TestCaseMain.startTestSuite(TestCaseMain.java:185)
	at com.kms.katalon.core.main.TestCaseMain$startTestSuite$0.call(Unknown Source)
	at TempTestSuite1677835340894.run(TempTestSuite1677835340894.groovy:36)


2023-03-03 10:25:48 - [MESSAGE][ERROR] - groovy.lang.MissingPropertyException: No such property: printtestCaseContext for class: TestListener
	at TestListener.sampleAfterTestCase(TestListener.groovy:45)
	at TestListener.invokeMethod(TestListener.groovy)
	at com.kms.katalon.core.context.internal.TestHooker.invokeMethod(TestHooker.java:111)
	at com.kms.katalon.core.context.internal.TestHooker.lambda$3(TestHooker.java:95)
	at com.kms.katalon.core.context.internal.TestHooker.invokeContextMethods(TestHooker.java:94)
	at com.kms.katalon.core.context.internal.TestListenerCollector.lambda$3(TestListenerCollector.java:88)
	at com.kms.katalon.core.context.internal.TestListenerCollector.handleListenerEvent(TestListenerCollector.java:85)
	at com.kms.katalon.core.context.internal.ExecutionEventManager.publicEvent(ExecutionEventManager.java:36)
	at com.kms.katalon.core.main.TestCaseExecutor.execute(TestCaseExecutor.java:315)
	at com.kms.katalon.core.common.CommonExecutor.accessTestCaseMainPhase(CommonExecutor.java:65)
	at com.kms.katalon.core.main.TestSuiteExecutor.accessTestSuiteMainPhase(TestSuiteExecutor.java:151)
	at com.kms.katalon.core.main.TestSuiteExecutor.execute(TestSuiteExecutor.java:106)
	at com.kms.katalon.core.main.TestCaseMain.startTestSuite(TestCaseMain.java:185)
	at com.kms.katalon.core.main.TestCaseMain$startTestSuite$0.call(Unknown Source)
	at TempTestSuite1677835340894.run(TempTestSuite1677835340894.groovy:36)]]></system-out>
         <system-err><![CDATA[]]></system-err>
      </testcase>
      <testcase name="Test Cases/Admin Page/Qualifications/Skills/Edit Skill" time="32.807" classname="Test Cases/Admin Page/Qualifications/Skills/Edit Skill" status="PASSED">
         <system-out><![CDATA[2023-03-03 10:25:48 - [TEST_CASE][PASSED] - Test Cases/Admin Page/Qualifications/Skills/Edit Skill: Test Cases/Admin Page/Qualifications/Skills/Edit Skill

2023-03-03 10:25:48 - [TEST_STEP][PASSED] - Start listener action : sampleBeforeTestCase: Current window maximized

2023-03-03 10:25:48 - [TEST_STEP][PASSED] - println(testCaseContext.getTestCaseId()): null

2023-03-03 10:25:48 - [TEST_STEP][PASSED] - println(testCaseContext.getTestCaseVariables()): null

2023-03-03 10:25:48 - [TEST_STEP][PASSED] - openBrowser(baseURL): Browser is opened with url: 'https://opensource-demo.orangehrmlive.com/web/index.php/auth/login'

2023-03-03 10:25:48 - [MESSAGE][WARNING] - A browser is already opened. Closing browser and opening a new one

2023-03-03 10:25:48 - [MESSAGE][INFO] - Starting 'Chrome' driver

2023-03-03 10:25:48 - [MESSAGE][INFO] - Action delay is set to 1,000 milliseconds

2023-03-03 10:25:53 - [MESSAGE][PASSED] - Browser is opened with url: 'https://opensource-demo.orangehrmlive.com/web/index.php/auth/login'

2023-03-03 10:25:53 - [TEST_STEP][PASSED] - maximizeWindow(): Current window maximized

2023-03-03 10:25:53 - [MESSAGE][PASSED] - Current window maximized

2023-03-03 10:25:53 - [TEST_STEP][PASSED] - Start setup action : setupTestCase: Method 'setupTestCase' complete successfully

2023-03-03 10:25:53 - [TEST_STEP][PASSED] - orange.keywords.userLogin(findTestObject("Login Page/textbox_Username"), username, findTestObject("Login Page/textbox_Password"), password, findTestObject("Login Page/button_Login")): orange.keywords.userLogin is PASSED

2023-03-03 10:25:58 - [MESSAGE][PASSED] - orange.keywords.userLogin is PASSED

2023-03-03 10:25:58 - [MESSAGE][PASSED] - Method 'setupTestCase' complete successfully

2023-03-03 10:25:59 - [TEST_STEP][PASSED] - click(findTestObject("Navigation Sidebar/a_Admin")): Object: 'Object Repository/Navigation Sidebar/a_Admin' is clicked on

2023-03-03 10:26:02 - [MESSAGE][PASSED] - Object: 'Object Repository/Navigation Sidebar/a_Admin' is clicked on

2023-03-03 10:26:02 - [TEST_STEP][PASSED] - click(findTestObject("Admin Page/Qualifications/li_Qualifications")): Object: 'Object Repository/Admin Page/Qualifications/li_Qualifications' is clicked on

2023-03-03 10:26:05 - [MESSAGE][PASSED] - Object: 'Object Repository/Admin Page/Qualifications/li_Qualifications' is clicked on

2023-03-03 10:26:05 - [TEST_STEP][PASSED] - click(findTestObject("Admin Page/Qualifications/Skills/li_Skills")): Object: 'Object Repository/Admin Page/Qualifications/Skills/li_Skills' is clicked on

2023-03-03 10:26:07 - [MESSAGE][PASSED] - Object: 'Object Repository/Admin Page/Qualifications/Skills/li_Skills' is clicked on

2023-03-03 10:26:07 - [TEST_STEP][PASSED] - click(findTestObject("Admin Page/Qualifications/Skills/button_Edit")): Object: 'Object Repository/Admin Page/Qualifications/Skills/button_Edit' is clicked on

2023-03-03 10:26:10 - [MESSAGE][PASSED] - Object: 'Object Repository/Admin Page/Qualifications/Skills/button_Edit' is clicked on

2023-03-03 10:26:10 - [TEST_STEP][PASSED] - sendKeys(findTestObject("Admin Page/Qualifications/Skills/textbox_Username"), Keys.chord(CONTROL, "a")): Keys 'CONTROL + a' sent to object: 'Object Repository/Admin Page/Qualifications/Skills/textbox_Username'

2023-03-03 10:26:13 - [MESSAGE][PASSED] - Keys 'CONTROL + a' sent to object: 'Object Repository/Admin Page/Qualifications/Skills/textbox_Username'

2023-03-03 10:26:13 - [TEST_STEP][PASSED] - sendKeys(findTestObject("Admin Page/Qualifications/Skills/textbox_Username_selected"), "Assertiveness-Automation-Edited"): Keys 'Assertiveness-Automation-Edited' sent to object: 'Object Repository/Admin Page/Qualifications/Skills/textbox_Username_selected'

2023-03-03 10:26:14 - [MESSAGE][PASSED] - Keys 'Assertiveness-Automation-Edited' sent to object: 'Object Repository/Admin Page/Qualifications/Skills/textbox_Username_selected'

2023-03-03 10:26:14 - [TEST_STEP][PASSED] - sendKeys(findTestObject("Admin Page/Qualifications/Skills/textarea_Description"), Keys.chord(CONTROL, "a")): Keys 'CONTROL + a' sent to object: 'Object Repository/Admin Page/Qualifications/Skills/textarea_Description'

2023-03-03 10:26:16 - [MESSAGE][PASSED] - Keys 'CONTROL + a' sent to object: 'Object Repository/Admin Page/Qualifications/Skills/textarea_Description'

2023-03-03 10:26:16 - [TEST_STEP][PASSED] - sendKeys(findTestObject("Admin Page/Qualifications/Skills/textarea_Description"), "New description-new skill"): Keys 'New description-new skill' sent to object: 'Object Repository/Admin Page/Qualifications/Skills/textarea_Description'

2023-03-03 10:26:18 - [MESSAGE][PASSED] - Keys 'New description-new skill' sent to object: 'Object Repository/Admin Page/Qualifications/Skills/textarea_Description'

2023-03-03 10:26:18 - [TEST_STEP][PASSED] - click(findTestObject("Admin Page/Qualifications/Skills/button_Save")): Object: 'Object Repository/Admin Page/Qualifications/Skills/button_Save' is clicked on

2023-03-03 10:26:19 - [MESSAGE][PASSED] - Object: 'Object Repository/Admin Page/Qualifications/Skills/button_Save' is clicked on

2023-03-03 10:26:19 - [TEST_STEP][PASSED] - waitForElementPresent(findTestObject("Confirmation messages/message_SuccessSuccessfullyUpdated"), 10): Object 'Object Repository/Confirmation messages/message_SuccessSuccessfullyUpdated' is present

2023-03-03 10:26:20 - [MESSAGE][PASSED] - Object 'Object Repository/Confirmation messages/message_SuccessSuccessfullyUpdated' is present

2023-03-03 10:26:20 - [TEST_STEP][PASSED] - verifyElementPresent(findTestObject("Confirmation messages/message_SuccessSuccessfullyUpdated"), 10): Object 'Object Repository/Confirmation messages/message_SuccessSuccessfullyUpdated' is present

2023-03-03 10:26:20 - [MESSAGE][PASSED] - Object 'Object Repository/Confirmation messages/message_SuccessSuccessfullyUpdated' is present

2023-03-03 10:26:20 - [TEST_STEP][ERROR] - Start listener action : sampleAfterTestCase: groovy.lang.MissingPropertyException: No such property: printtestCaseContext for class: TestListener
	at TestListener.sampleAfterTestCase(TestListener.groovy:45)
	at TestListener.invokeMethod(TestListener.groovy)
	at com.kms.katalon.core.context.internal.TestHooker.invokeMethod(TestHooker.java:111)
	at com.kms.katalon.core.context.internal.TestHooker.lambda$3(TestHooker.java:95)
	at com.kms.katalon.core.context.internal.TestHooker.invokeContextMethods(TestHooker.java:94)
	at com.kms.katalon.core.context.internal.TestListenerCollector.lambda$3(TestListenerCollector.java:88)
	at com.kms.katalon.core.context.internal.TestListenerCollector.handleListenerEvent(TestListenerCollector.java:85)
	at com.kms.katalon.core.context.internal.ExecutionEventManager.publicEvent(ExecutionEventManager.java:36)
	at com.kms.katalon.core.main.TestCaseExecutor.execute(TestCaseExecutor.java:315)
	at com.kms.katalon.core.common.CommonExecutor.accessTestCaseMainPhase(CommonExecutor.java:65)
	at com.kms.katalon.core.main.TestSuiteExecutor.accessTestSuiteMainPhase(TestSuiteExecutor.java:151)
	at com.kms.katalon.core.main.TestSuiteExecutor.execute(TestSuiteExecutor.java:106)
	at com.kms.katalon.core.main.TestCaseMain.startTestSuite(TestCaseMain.java:185)
	at com.kms.katalon.core.main.TestCaseMain$startTestSuite$0.call(Unknown Source)
	at TempTestSuite1677835340894.run(TempTestSuite1677835340894.groovy:36)


2023-03-03 10:26:20 - [TEST_STEP][PASSED] - println(testCaseContext.getTestCaseId() + " - "): null

2023-03-03 10:26:20 - [TEST_STEP][ERROR] - println(printtestCaseContext.getTestCaseStatus()): groovy.lang.MissingPropertyException: No such property: printtestCaseContext for class: TestListener
	at TestListener.sampleAfterTestCase(TestListener.groovy:45)
	at TestListener.invokeMethod(TestListener.groovy)
	at com.kms.katalon.core.context.internal.TestHooker.invokeMethod(TestHooker.java:111)
	at com.kms.katalon.core.context.internal.TestHooker.lambda$3(TestHooker.java:95)
	at com.kms.katalon.core.context.internal.TestHooker.invokeContextMethods(TestHooker.java:94)
	at com.kms.katalon.core.context.internal.TestListenerCollector.lambda$3(TestListenerCollector.java:88)
	at com.kms.katalon.core.context.internal.TestListenerCollector.handleListenerEvent(TestListenerCollector.java:85)
	at com.kms.katalon.core.context.internal.ExecutionEventManager.publicEvent(ExecutionEventManager.java:36)
	at com.kms.katalon.core.main.TestCaseExecutor.execute(TestCaseExecutor.java:315)
	at com.kms.katalon.core.common.CommonExecutor.accessTestCaseMainPhase(CommonExecutor.java:65)
	at com.kms.katalon.core.main.TestSuiteExecutor.accessTestSuiteMainPhase(TestSuiteExecutor.java:151)
	at com.kms.katalon.core.main.TestSuiteExecutor.execute(TestSuiteExecutor.java:106)
	at com.kms.katalon.core.main.TestCaseMain.startTestSuite(TestCaseMain.java:185)
	at com.kms.katalon.core.main.TestCaseMain$startTestSuite$0.call(Unknown Source)
	at TempTestSuite1677835340894.run(TempTestSuite1677835340894.groovy:36)


2023-03-03 10:26:20 - [MESSAGE][ERROR] - groovy.lang.MissingPropertyException: No such property: printtestCaseContext for class: TestListener
	at TestListener.sampleAfterTestCase(TestListener.groovy:45)
	at TestListener.invokeMethod(TestListener.groovy)
	at com.kms.katalon.core.context.internal.TestHooker.invokeMethod(TestHooker.java:111)
	at com.kms.katalon.core.context.internal.TestHooker.lambda$3(TestHooker.java:95)
	at com.kms.katalon.core.context.internal.TestHooker.invokeContextMethods(TestHooker.java:94)
	at com.kms.katalon.core.context.internal.TestListenerCollector.lambda$3(TestListenerCollector.java:88)
	at com.kms.katalon.core.context.internal.TestListenerCollector.handleListenerEvent(TestListenerCollector.java:85)
	at com.kms.katalon.core.context.internal.ExecutionEventManager.publicEvent(ExecutionEventManager.java:36)
	at com.kms.katalon.core.main.TestCaseExecutor.execute(TestCaseExecutor.java:315)
	at com.kms.katalon.core.common.CommonExecutor.accessTestCaseMainPhase(CommonExecutor.java:65)
	at com.kms.katalon.core.main.TestSuiteExecutor.accessTestSuiteMainPhase(TestSuiteExecutor.java:151)
	at com.kms.katalon.core.main.TestSuiteExecutor.execute(TestSuiteExecutor.java:106)
	at com.kms.katalon.core.main.TestCaseMain.startTestSuite(TestCaseMain.java:185)
	at com.kms.katalon.core.main.TestCaseMain$startTestSuite$0.call(Unknown Source)
	at TempTestSuite1677835340894.run(TempTestSuite1677835340894.groovy:36)]]></system-out>
         <system-err><![CDATA[]]></system-err>
      </testcase>
      <testcase name="Test Cases/Admin Page/Qualifications/Skills/Delete Skill" time="25.189" classname="Test Cases/Admin Page/Qualifications/Skills/Delete Skill" status="PASSED">
         <system-out><![CDATA[2023-03-03 10:26:21 - [TEST_CASE][PASSED] - Test Cases/Admin Page/Qualifications/Skills/Delete Skill: Test Cases/Admin Page/Qualifications/Skills/Delete Skill

2023-03-03 10:26:21 - [TEST_STEP][PASSED] - Start listener action : sampleBeforeTestCase: Current window maximized

2023-03-03 10:26:21 - [TEST_STEP][PASSED] - println(testCaseContext.getTestCaseId()): null

2023-03-03 10:26:21 - [TEST_STEP][PASSED] - println(testCaseContext.getTestCaseVariables()): null

2023-03-03 10:26:21 - [TEST_STEP][PASSED] - openBrowser(baseURL): Browser is opened with url: 'https://opensource-demo.orangehrmlive.com/web/index.php/auth/login'

2023-03-03 10:26:21 - [MESSAGE][WARNING] - A browser is already opened. Closing browser and opening a new one

2023-03-03 10:26:21 - [MESSAGE][INFO] - Starting 'Chrome' driver

2023-03-03 10:26:21 - [MESSAGE][INFO] - Action delay is set to 1,000 milliseconds

2023-03-03 10:26:26 - [MESSAGE][PASSED] - Browser is opened with url: 'https://opensource-demo.orangehrmlive.com/web/index.php/auth/login'

2023-03-03 10:26:26 - [TEST_STEP][PASSED] - maximizeWindow(): Current window maximized

2023-03-03 10:26:26 - [MESSAGE][PASSED] - Current window maximized

2023-03-03 10:26:26 - [TEST_STEP][PASSED] - Start setup action : setupTestCase: Method 'setupTestCase' complete successfully

2023-03-03 10:26:26 - [TEST_STEP][PASSED] - orange.keywords.userLogin(findTestObject("Login Page/textbox_Username"), username, findTestObject("Login Page/textbox_Password"), password, findTestObject("Login Page/button_Login")): orange.keywords.userLogin is PASSED

2023-03-03 10:26:32 - [MESSAGE][PASSED] - orange.keywords.userLogin is PASSED

2023-03-03 10:26:32 - [MESSAGE][PASSED] - Method 'setupTestCase' complete successfully

2023-03-03 10:26:32 - [TEST_STEP][PASSED] - click(findTestObject("Navigation Sidebar/a_Admin")): Object: 'Object Repository/Navigation Sidebar/a_Admin' is clicked on

2023-03-03 10:26:36 - [MESSAGE][PASSED] - Object: 'Object Repository/Navigation Sidebar/a_Admin' is clicked on

2023-03-03 10:26:36 - [TEST_STEP][PASSED] - click(findTestObject("Admin Page/Qualifications/li_Qualifications")): Object: 'Object Repository/Admin Page/Qualifications/li_Qualifications' is clicked on

2023-03-03 10:26:38 - [MESSAGE][PASSED] - Object: 'Object Repository/Admin Page/Qualifications/li_Qualifications' is clicked on

2023-03-03 10:26:38 - [TEST_STEP][PASSED] - click(findTestObject("Admin Page/Qualifications/Skills/li_Skills")): Object: 'Object Repository/Admin Page/Qualifications/Skills/li_Skills' is clicked on

2023-03-03 10:26:40 - [MESSAGE][PASSED] - Object: 'Object Repository/Admin Page/Qualifications/Skills/li_Skills' is clicked on

2023-03-03 10:26:40 - [TEST_STEP][PASSED] - click(findTestObject("Admin Page/Qualifications/Skills/button_Delete")): Object: 'Object Repository/Admin Page/Qualifications/Skills/button_Delete' is clicked on

2023-03-03 10:26:43 - [MESSAGE][PASSED] - Object: 'Object Repository/Admin Page/Qualifications/Skills/button_Delete' is clicked on

2023-03-03 10:26:43 - [TEST_STEP][PASSED] - click(findTestObject("Admin Page/Qualifications/Languages/button_Yes, Delete")): Object: 'Object Repository/Admin Page/Qualifications/Languages/button_Yes, Delete' is clicked on

2023-03-03 10:26:44 - [MESSAGE][PASSED] - Object: 'Object Repository/Admin Page/Qualifications/Languages/button_Yes, Delete' is clicked on

2023-03-03 10:26:44 - [TEST_STEP][PASSED] - waitForElementPresent(findTestObject("Confirmation messages/message_SuccessSuccessfullyDeleted"), 10): Object 'Object Repository/Confirmation messages/message_SuccessSuccessfullyDeleted' is present

2023-03-03 10:26:45 - [MESSAGE][PASSED] - Object 'Object Repository/Confirmation messages/message_SuccessSuccessfullyDeleted' is present

2023-03-03 10:26:45 - [TEST_STEP][PASSED] - verifyElementPresent(findTestObject("Confirmation messages/message_SuccessSuccessfullyDeleted"), 10): Object 'Object Repository/Confirmation messages/message_SuccessSuccessfullyDeleted' is present

2023-03-03 10:26:46 - [MESSAGE][PASSED] - Object 'Object Repository/Confirmation messages/message_SuccessSuccessfullyDeleted' is present

2023-03-03 10:26:46 - [TEST_STEP][ERROR] - Start listener action : sampleAfterTestCase: groovy.lang.MissingPropertyException: No such property: printtestCaseContext for class: TestListener
	at TestListener.sampleAfterTestCase(TestListener.groovy:45)
	at TestListener.invokeMethod(TestListener.groovy)
	at com.kms.katalon.core.context.internal.TestHooker.invokeMethod(TestHooker.java:111)
	at com.kms.katalon.core.context.internal.TestHooker.lambda$3(TestHooker.java:95)
	at com.kms.katalon.core.context.internal.TestHooker.invokeContextMethods(TestHooker.java:94)
	at com.kms.katalon.core.context.internal.TestListenerCollector.lambda$3(TestListenerCollector.java:88)
	at com.kms.katalon.core.context.internal.TestListenerCollector.handleListenerEvent(TestListenerCollector.java:85)
	at com.kms.katalon.core.context.internal.ExecutionEventManager.publicEvent(ExecutionEventManager.java:36)
	at com.kms.katalon.core.main.TestCaseExecutor.execute(TestCaseExecutor.java:315)
	at com.kms.katalon.core.common.CommonExecutor.accessTestCaseMainPhase(CommonExecutor.java:65)
	at com.kms.katalon.core.main.TestSuiteExecutor.accessTestSuiteMainPhase(TestSuiteExecutor.java:151)
	at com.kms.katalon.core.main.TestSuiteExecutor.execute(TestSuiteExecutor.java:106)
	at com.kms.katalon.core.main.TestCaseMain.startTestSuite(TestCaseMain.java:185)
	at com.kms.katalon.core.main.TestCaseMain$startTestSuite$0.call(Unknown Source)
	at TempTestSuite1677835340894.run(TempTestSuite1677835340894.groovy:36)


2023-03-03 10:26:46 - [TEST_STEP][PASSED] - println(testCaseContext.getTestCaseId() + " - "): null

2023-03-03 10:26:46 - [TEST_STEP][ERROR] - println(printtestCaseContext.getTestCaseStatus()): groovy.lang.MissingPropertyException: No such property: printtestCaseContext for class: TestListener
	at TestListener.sampleAfterTestCase(TestListener.groovy:45)
	at TestListener.invokeMethod(TestListener.groovy)
	at com.kms.katalon.core.context.internal.TestHooker.invokeMethod(TestHooker.java:111)
	at com.kms.katalon.core.context.internal.TestHooker.lambda$3(TestHooker.java:95)
	at com.kms.katalon.core.context.internal.TestHooker.invokeContextMethods(TestHooker.java:94)
	at com.kms.katalon.core.context.internal.TestListenerCollector.lambda$3(TestListenerCollector.java:88)
	at com.kms.katalon.core.context.internal.TestListenerCollector.handleListenerEvent(TestListenerCollector.java:85)
	at com.kms.katalon.core.context.internal.ExecutionEventManager.publicEvent(ExecutionEventManager.java:36)
	at com.kms.katalon.core.main.TestCaseExecutor.execute(TestCaseExecutor.java:315)
	at com.kms.katalon.core.common.CommonExecutor.accessTestCaseMainPhase(CommonExecutor.java:65)
	at com.kms.katalon.core.main.TestSuiteExecutor.accessTestSuiteMainPhase(TestSuiteExecutor.java:151)
	at com.kms.katalon.core.main.TestSuiteExecutor.execute(TestSuiteExecutor.java:106)
	at com.kms.katalon.core.main.TestCaseMain.startTestSuite(TestCaseMain.java:185)
	at com.kms.katalon.core.main.TestCaseMain$startTestSuite$0.call(Unknown Source)
	at TempTestSuite1677835340894.run(TempTestSuite1677835340894.groovy:36)


2023-03-03 10:26:46 - [MESSAGE][ERROR] - groovy.lang.MissingPropertyException: No such property: printtestCaseContext for class: TestListener
	at TestListener.sampleAfterTestCase(TestListener.groovy:45)
	at TestListener.invokeMethod(TestListener.groovy)
	at com.kms.katalon.core.context.internal.TestHooker.invokeMethod(TestHooker.java:111)
	at com.kms.katalon.core.context.internal.TestHooker.lambda$3(TestHooker.java:95)
	at com.kms.katalon.core.context.internal.TestHooker.invokeContextMethods(TestHooker.java:94)
	at com.kms.katalon.core.context.internal.TestListenerCollector.lambda$3(TestListenerCollector.java:88)
	at com.kms.katalon.core.context.internal.TestListenerCollector.handleListenerEvent(TestListenerCollector.java:85)
	at com.kms.katalon.core.context.internal.ExecutionEventManager.publicEvent(ExecutionEventManager.java:36)
	at com.kms.katalon.core.main.TestCaseExecutor.execute(TestCaseExecutor.java:315)
	at com.kms.katalon.core.common.CommonExecutor.accessTestCaseMainPhase(CommonExecutor.java:65)
	at com.kms.katalon.core.main.TestSuiteExecutor.accessTestSuiteMainPhase(TestSuiteExecutor.java:151)
	at com.kms.katalon.core.main.TestSuiteExecutor.execute(TestSuiteExecutor.java:106)
	at com.kms.katalon.core.main.TestCaseMain.startTestSuite(TestCaseMain.java:185)
	at com.kms.katalon.core.main.TestCaseMain$startTestSuite$0.call(Unknown Source)
	at TempTestSuite1677835340894.run(TempTestSuite1677835340894.groovy:36)]]></system-out>
         <system-err><![CDATA[]]></system-err>
      </testcase>
      <testcase name="Test Cases/Admin Page/Qualifications/Memberships/Add Membership" time="28.741" classname="Test Cases/Admin Page/Qualifications/Memberships/Add Membership" status="PASSED">
         <system-out><![CDATA[2023-03-03 10:26:46 - [TEST_CASE][PASSED] - Test Cases/Admin Page/Qualifications/Memberships/Add Membership: Test Cases/Admin Page/Qualifications/Memberships/Add Membership

2023-03-03 10:26:46 - [TEST_STEP][PASSED] - Start listener action : sampleBeforeTestCase: Current window maximized

2023-03-03 10:26:46 - [TEST_STEP][PASSED] - println(testCaseContext.getTestCaseId()): null

2023-03-03 10:26:46 - [TEST_STEP][PASSED] - println(testCaseContext.getTestCaseVariables()): null

2023-03-03 10:26:46 - [TEST_STEP][PASSED] - openBrowser(baseURL): Browser is opened with url: 'https://opensource-demo.orangehrmlive.com/web/index.php/auth/login'

2023-03-03 10:26:46 - [MESSAGE][WARNING] - A browser is already opened. Closing browser and opening a new one

2023-03-03 10:26:46 - [MESSAGE][INFO] - Starting 'Chrome' driver

2023-03-03 10:26:46 - [MESSAGE][INFO] - Action delay is set to 1,000 milliseconds

2023-03-03 10:26:52 - [MESSAGE][PASSED] - Browser is opened with url: 'https://opensource-demo.orangehrmlive.com/web/index.php/auth/login'

2023-03-03 10:26:52 - [TEST_STEP][PASSED] - maximizeWindow(): Current window maximized

2023-03-03 10:26:52 - [MESSAGE][PASSED] - Current window maximized

2023-03-03 10:26:52 - [TEST_STEP][PASSED] - Start setup action : setupTestCase: Method 'setupTestCase' complete successfully

2023-03-03 10:26:52 - [TEST_STEP][PASSED] - orange.keywords.userLogin(findTestObject("Login Page/textbox_Username"), username, findTestObject("Login Page/textbox_Password"), password, findTestObject("Login Page/button_Login")): orange.keywords.userLogin is PASSED

2023-03-03 10:26:57 - [MESSAGE][PASSED] - orange.keywords.userLogin is PASSED

2023-03-03 10:26:57 - [MESSAGE][PASSED] - Method 'setupTestCase' complete successfully

2023-03-03 10:26:58 - [TEST_STEP][PASSED] - click(findTestObject("Navigation Sidebar/a_Admin")): Object: 'Object Repository/Navigation Sidebar/a_Admin' is clicked on

2023-03-03 10:27:01 - [MESSAGE][PASSED] - Object: 'Object Repository/Navigation Sidebar/a_Admin' is clicked on

2023-03-03 10:27:01 - [TEST_STEP][PASSED] - click(findTestObject("Admin Page/Qualifications/li_Qualifications")): Object: 'Object Repository/Admin Page/Qualifications/li_Qualifications' is clicked on

2023-03-03 10:27:03 - [MESSAGE][PASSED] - Object: 'Object Repository/Admin Page/Qualifications/li_Qualifications' is clicked on

2023-03-03 10:27:03 - [TEST_STEP][PASSED] - click(findTestObject("Admin Page/Qualifications/Memberships/li_Memberships")): Object: 'Object Repository/Admin Page/Qualifications/Memberships/li_Memberships' is clicked on

2023-03-03 10:27:05 - [MESSAGE][PASSED] - Object: 'Object Repository/Admin Page/Qualifications/Memberships/li_Memberships' is clicked on

2023-03-03 10:27:05 - [TEST_STEP][PASSED] - click(findTestObject("Admin Page/Qualifications/Languages/button_Add")): Object: 'Object Repository/Admin Page/Qualifications/Languages/button_Add' is clicked on

2023-03-03 10:27:08 - [MESSAGE][PASSED] - Object: 'Object Repository/Admin Page/Qualifications/Languages/button_Add' is clicked on

2023-03-03 10:27:08 - [TEST_STEP][PASSED] - sendKeys(findTestObject("Admin Page/Qualifications/Skills/textbox_Username"), "Gold Membership-Automation"): Keys 'Gold Membership-Automation' sent to object: 'Object Repository/Admin Page/Qualifications/Skills/textbox_Username'

2023-03-03 10:27:10 - [MESSAGE][PASSED] - Keys 'Gold Membership-Automation' sent to object: 'Object Repository/Admin Page/Qualifications/Skills/textbox_Username'

2023-03-03 10:27:10 - [TEST_STEP][PASSED] - takeScreenshotAsCheckpoint("Membership info"): Taking screenshot successfully

2023-03-03 10:27:11 - [MESSAGE][INFO] - 0 hidden object(s)

2023-03-03 10:27:12 - [MESSAGE][PASSED] - Taking screenshot successfully
[[ATTACHMENT|keyes\keyes-Membership info.png]]

2023-03-03 10:27:12 - [TEST_STEP][PASSED] - click(findTestObject("Admin Page/Qualifications/Skills/button_Save")): Object: 'Object Repository/Admin Page/Qualifications/Skills/button_Save' is clicked on

2023-03-03 10:27:13 - [MESSAGE][PASSED] - Object: 'Object Repository/Admin Page/Qualifications/Skills/button_Save' is clicked on

2023-03-03 10:27:13 - [TEST_STEP][PASSED] - waitForElementPresent(findTestObject("Confirmation messages/message_SuccessSuccessfullySaved"), 10): Object 'Object Repository/Confirmation messages/message_SuccessSuccessfullySaved' is present

2023-03-03 10:27:14 - [MESSAGE][PASSED] - Object 'Object Repository/Confirmation messages/message_SuccessSuccessfullySaved' is present

2023-03-03 10:27:14 - [TEST_STEP][PASSED] - verifyElementPresent(findTestObject("Confirmation messages/message_SuccessSuccessfullySaved"), 10): Object 'Object Repository/Confirmation messages/message_SuccessSuccessfullySaved' is present

2023-03-03 10:27:14 - [MESSAGE][PASSED] - Object 'Object Repository/Confirmation messages/message_SuccessSuccessfullySaved' is present

2023-03-03 10:27:14 - [TEST_STEP][ERROR] - Start listener action : sampleAfterTestCase: groovy.lang.MissingPropertyException: No such property: printtestCaseContext for class: TestListener
	at TestListener.sampleAfterTestCase(TestListener.groovy:45)
	at TestListener.invokeMethod(TestListener.groovy)
	at com.kms.katalon.core.context.internal.TestHooker.invokeMethod(TestHooker.java:111)
	at com.kms.katalon.core.context.internal.TestHooker.lambda$3(TestHooker.java:95)
	at com.kms.katalon.core.context.internal.TestHooker.invokeContextMethods(TestHooker.java:94)
	at com.kms.katalon.core.context.internal.TestListenerCollector.lambda$3(TestListenerCollector.java:88)
	at com.kms.katalon.core.context.internal.TestListenerCollector.handleListenerEvent(TestListenerCollector.java:85)
	at com.kms.katalon.core.context.internal.ExecutionEventManager.publicEvent(ExecutionEventManager.java:36)
	at com.kms.katalon.core.main.TestCaseExecutor.execute(TestCaseExecutor.java:315)
	at com.kms.katalon.core.common.CommonExecutor.accessTestCaseMainPhase(CommonExecutor.java:65)
	at com.kms.katalon.core.main.TestSuiteExecutor.accessTestSuiteMainPhase(TestSuiteExecutor.java:151)
	at com.kms.katalon.core.main.TestSuiteExecutor.execute(TestSuiteExecutor.java:106)
	at com.kms.katalon.core.main.TestCaseMain.startTestSuite(TestCaseMain.java:185)
	at com.kms.katalon.core.main.TestCaseMain$startTestSuite$0.call(Unknown Source)
	at TempTestSuite1677835340894.run(TempTestSuite1677835340894.groovy:36)


2023-03-03 10:27:14 - [TEST_STEP][PASSED] - println(testCaseContext.getTestCaseId() + " - "): null

2023-03-03 10:27:14 - [TEST_STEP][ERROR] - println(printtestCaseContext.getTestCaseStatus()): groovy.lang.MissingPropertyException: No such property: printtestCaseContext for class: TestListener
	at TestListener.sampleAfterTestCase(TestListener.groovy:45)
	at TestListener.invokeMethod(TestListener.groovy)
	at com.kms.katalon.core.context.internal.TestHooker.invokeMethod(TestHooker.java:111)
	at com.kms.katalon.core.context.internal.TestHooker.lambda$3(TestHooker.java:95)
	at com.kms.katalon.core.context.internal.TestHooker.invokeContextMethods(TestHooker.java:94)
	at com.kms.katalon.core.context.internal.TestListenerCollector.lambda$3(TestListenerCollector.java:88)
	at com.kms.katalon.core.context.internal.TestListenerCollector.handleListenerEvent(TestListenerCollector.java:85)
	at com.kms.katalon.core.context.internal.ExecutionEventManager.publicEvent(ExecutionEventManager.java:36)
	at com.kms.katalon.core.main.TestCaseExecutor.execute(TestCaseExecutor.java:315)
	at com.kms.katalon.core.common.CommonExecutor.accessTestCaseMainPhase(CommonExecutor.java:65)
	at com.kms.katalon.core.main.TestSuiteExecutor.accessTestSuiteMainPhase(TestSuiteExecutor.java:151)
	at com.kms.katalon.core.main.TestSuiteExecutor.execute(TestSuiteExecutor.java:106)
	at com.kms.katalon.core.main.TestCaseMain.startTestSuite(TestCaseMain.java:185)
	at com.kms.katalon.core.main.TestCaseMain$startTestSuite$0.call(Unknown Source)
	at TempTestSuite1677835340894.run(TempTestSuite1677835340894.groovy:36)


2023-03-03 10:27:14 - [MESSAGE][ERROR] - groovy.lang.MissingPropertyException: No such property: printtestCaseContext for class: TestListener
	at TestListener.sampleAfterTestCase(TestListener.groovy:45)
	at TestListener.invokeMethod(TestListener.groovy)
	at com.kms.katalon.core.context.internal.TestHooker.invokeMethod(TestHooker.java:111)
	at com.kms.katalon.core.context.internal.TestHooker.lambda$3(TestHooker.java:95)
	at com.kms.katalon.core.context.internal.TestHooker.invokeContextMethods(TestHooker.java:94)
	at com.kms.katalon.core.context.internal.TestListenerCollector.lambda$3(TestListenerCollector.java:88)
	at com.kms.katalon.core.context.internal.TestListenerCollector.handleListenerEvent(TestListenerCollector.java:85)
	at com.kms.katalon.core.context.internal.ExecutionEventManager.publicEvent(ExecutionEventManager.java:36)
	at com.kms.katalon.core.main.TestCaseExecutor.execute(TestCaseExecutor.java:315)
	at com.kms.katalon.core.common.CommonExecutor.accessTestCaseMainPhase(CommonExecutor.java:65)
	at com.kms.katalon.core.main.TestSuiteExecutor.accessTestSuiteMainPhase(TestSuiteExecutor.java:151)
	at com.kms.katalon.core.main.TestSuiteExecutor.execute(TestSuiteExecutor.java:106)
	at com.kms.katalon.core.main.TestCaseMain.startTestSuite(TestCaseMain.java:185)
	at com.kms.katalon.core.main.TestCaseMain$startTestSuite$0.call(Unknown Source)
	at TempTestSuite1677835340894.run(TempTestSuite1677835340894.groovy:36)]]></system-out>
         <system-err><![CDATA[]]></system-err>
      </testcase>
      <testcase name="Test Cases/Admin Page/Qualifications/Memberships/Edit Membership" time="28.239" classname="Test Cases/Admin Page/Qualifications/Memberships/Edit Membership" status="PASSED">
         <system-out><![CDATA[2023-03-03 10:27:14 - [TEST_CASE][PASSED] - Test Cases/Admin Page/Qualifications/Memberships/Edit Membership: Test Cases/Admin Page/Qualifications/Memberships/Edit Membership

2023-03-03 10:27:15 - [TEST_STEP][PASSED] - Start listener action : sampleBeforeTestCase: Current window maximized

2023-03-03 10:27:15 - [TEST_STEP][PASSED] - println(testCaseContext.getTestCaseId()): null

2023-03-03 10:27:15 - [TEST_STEP][PASSED] - println(testCaseContext.getTestCaseVariables()): null

2023-03-03 10:27:15 - [TEST_STEP][PASSED] - openBrowser(baseURL): Browser is opened with url: 'https://opensource-demo.orangehrmlive.com/web/index.php/auth/login'

2023-03-03 10:27:15 - [MESSAGE][WARNING] - A browser is already opened. Closing browser and opening a new one

2023-03-03 10:27:15 - [MESSAGE][INFO] - Starting 'Chrome' driver

2023-03-03 10:27:15 - [MESSAGE][INFO] - Action delay is set to 1,000 milliseconds

2023-03-03 10:27:19 - [MESSAGE][PASSED] - Browser is opened with url: 'https://opensource-demo.orangehrmlive.com/web/index.php/auth/login'

2023-03-03 10:27:19 - [TEST_STEP][PASSED] - maximizeWindow(): Current window maximized

2023-03-03 10:27:20 - [MESSAGE][PASSED] - Current window maximized

2023-03-03 10:27:20 - [TEST_STEP][PASSED] - Start setup action : setupTestCase: Method 'setupTestCase' complete successfully

2023-03-03 10:27:20 - [TEST_STEP][PASSED] - orange.keywords.userLogin(findTestObject("Login Page/textbox_Username"), username, findTestObject("Login Page/textbox_Password"), password, findTestObject("Login Page/button_Login")): orange.keywords.userLogin is PASSED

2023-03-03 10:27:25 - [MESSAGE][PASSED] - orange.keywords.userLogin is PASSED

2023-03-03 10:27:25 - [MESSAGE][PASSED] - Method 'setupTestCase' complete successfully

2023-03-03 10:27:26 - [TEST_STEP][PASSED] - click(findTestObject("Navigation Sidebar/a_Admin")): Object: 'Object Repository/Navigation Sidebar/a_Admin' is clicked on

2023-03-03 10:27:29 - [MESSAGE][PASSED] - Object: 'Object Repository/Navigation Sidebar/a_Admin' is clicked on

2023-03-03 10:27:29 - [TEST_STEP][PASSED] - click(findTestObject("Admin Page/Qualifications/li_Qualifications")): Object: 'Object Repository/Admin Page/Qualifications/li_Qualifications' is clicked on

2023-03-03 10:27:31 - [MESSAGE][PASSED] - Object: 'Object Repository/Admin Page/Qualifications/li_Qualifications' is clicked on

2023-03-03 10:27:31 - [TEST_STEP][PASSED] - click(findTestObject("Admin Page/Qualifications/Memberships/li_Memberships")): Object: 'Object Repository/Admin Page/Qualifications/Memberships/li_Memberships' is clicked on

2023-03-03 10:27:33 - [MESSAGE][PASSED] - Object: 'Object Repository/Admin Page/Qualifications/Memberships/li_Memberships' is clicked on

2023-03-03 10:27:33 - [TEST_STEP][PASSED] - click(findTestObject("Admin Page/Qualifications/Memberships/button_Edit")): Object: 'Object Repository/Admin Page/Qualifications/Memberships/button_Edit' is clicked on

2023-03-03 10:27:36 - [MESSAGE][PASSED] - Object: 'Object Repository/Admin Page/Qualifications/Memberships/button_Edit' is clicked on

2023-03-03 10:27:36 - [TEST_STEP][PASSED] - sendKeys(findTestObject("Admin Page/Qualifications/Memberships/textbox_Username"), Keys.chord(CONTROL, "a")): Keys 'CONTROL + a' sent to object: 'Object Repository/Admin Page/Qualifications/Memberships/textbox_Username'

2023-03-03 10:27:38 - [MESSAGE][PASSED] - Keys 'CONTROL + a' sent to object: 'Object Repository/Admin Page/Qualifications/Memberships/textbox_Username'

2023-03-03 10:27:38 - [TEST_STEP][PASSED] - sendKeys(findTestObject("Admin Page/Qualifications/Skills/textbox_Username_selected"), "Platinum Membership-Automation"): Keys 'Platinum Membership-Automation' sent to object: 'Object Repository/Admin Page/Qualifications/Skills/textbox_Username_selected'

2023-03-03 10:27:40 - [MESSAGE][PASSED] - Keys 'Platinum Membership-Automation' sent to object: 'Object Repository/Admin Page/Qualifications/Skills/textbox_Username_selected'

2023-03-03 10:27:40 - [TEST_STEP][PASSED] - click(findTestObject("Admin Page/Qualifications/Skills/button_Save")): Object: 'Object Repository/Admin Page/Qualifications/Skills/button_Save' is clicked on

2023-03-03 10:27:41 - [MESSAGE][PASSED] - Object: 'Object Repository/Admin Page/Qualifications/Skills/button_Save' is clicked on

2023-03-03 10:27:41 - [TEST_STEP][PASSED] - waitForElementPresent(findTestObject("Confirmation messages/message_SuccessSuccessfullyUpdated"), 10): Object 'Object Repository/Confirmation messages/message_SuccessSuccessfullyUpdated' is present

2023-03-03 10:27:42 - [MESSAGE][PASSED] - Object 'Object Repository/Confirmation messages/message_SuccessSuccessfullyUpdated' is present

2023-03-03 10:27:42 - [TEST_STEP][PASSED] - verifyElementPresent(findTestObject("Confirmation messages/message_SuccessSuccessfullyUpdated"), 10): Object 'Object Repository/Confirmation messages/message_SuccessSuccessfullyUpdated' is present

2023-03-03 10:27:43 - [MESSAGE][PASSED] - Object 'Object Repository/Confirmation messages/message_SuccessSuccessfullyUpdated' is present

2023-03-03 10:27:43 - [TEST_STEP][ERROR] - Start listener action : sampleAfterTestCase: groovy.lang.MissingPropertyException: No such property: printtestCaseContext for class: TestListener
	at TestListener.sampleAfterTestCase(TestListener.groovy:45)
	at TestListener.invokeMethod(TestListener.groovy)
	at com.kms.katalon.core.context.internal.TestHooker.invokeMethod(TestHooker.java:111)
	at com.kms.katalon.core.context.internal.TestHooker.lambda$3(TestHooker.java:95)
	at com.kms.katalon.core.context.internal.TestHooker.invokeContextMethods(TestHooker.java:94)
	at com.kms.katalon.core.context.internal.TestListenerCollector.lambda$3(TestListenerCollector.java:88)
	at com.kms.katalon.core.context.internal.TestListenerCollector.handleListenerEvent(TestListenerCollector.java:85)
	at com.kms.katalon.core.context.internal.ExecutionEventManager.publicEvent(ExecutionEventManager.java:36)
	at com.kms.katalon.core.main.TestCaseExecutor.execute(TestCaseExecutor.java:315)
	at com.kms.katalon.core.common.CommonExecutor.accessTestCaseMainPhase(CommonExecutor.java:65)
	at com.kms.katalon.core.main.TestSuiteExecutor.accessTestSuiteMainPhase(TestSuiteExecutor.java:151)
	at com.kms.katalon.core.main.TestSuiteExecutor.execute(TestSuiteExecutor.java:106)
	at com.kms.katalon.core.main.TestCaseMain.startTestSuite(TestCaseMain.java:185)
	at com.kms.katalon.core.main.TestCaseMain$startTestSuite$0.call(Unknown Source)
	at TempTestSuite1677835340894.run(TempTestSuite1677835340894.groovy:36)


2023-03-03 10:27:43 - [TEST_STEP][PASSED] - println(testCaseContext.getTestCaseId() + " - "): null

2023-03-03 10:27:43 - [TEST_STEP][ERROR] - println(printtestCaseContext.getTestCaseStatus()): groovy.lang.MissingPropertyException: No such property: printtestCaseContext for class: TestListener
	at TestListener.sampleAfterTestCase(TestListener.groovy:45)
	at TestListener.invokeMethod(TestListener.groovy)
	at com.kms.katalon.core.context.internal.TestHooker.invokeMethod(TestHooker.java:111)
	at com.kms.katalon.core.context.internal.TestHooker.lambda$3(TestHooker.java:95)
	at com.kms.katalon.core.context.internal.TestHooker.invokeContextMethods(TestHooker.java:94)
	at com.kms.katalon.core.context.internal.TestListenerCollector.lambda$3(TestListenerCollector.java:88)
	at com.kms.katalon.core.context.internal.TestListenerCollector.handleListenerEvent(TestListenerCollector.java:85)
	at com.kms.katalon.core.context.internal.ExecutionEventManager.publicEvent(ExecutionEventManager.java:36)
	at com.kms.katalon.core.main.TestCaseExecutor.execute(TestCaseExecutor.java:315)
	at com.kms.katalon.core.common.CommonExecutor.accessTestCaseMainPhase(CommonExecutor.java:65)
	at com.kms.katalon.core.main.TestSuiteExecutor.accessTestSuiteMainPhase(TestSuiteExecutor.java:151)
	at com.kms.katalon.core.main.TestSuiteExecutor.execute(TestSuiteExecutor.java:106)
	at com.kms.katalon.core.main.TestCaseMain.startTestSuite(TestCaseMain.java:185)
	at com.kms.katalon.core.main.TestCaseMain$startTestSuite$0.call(Unknown Source)
	at TempTestSuite1677835340894.run(TempTestSuite1677835340894.groovy:36)


2023-03-03 10:27:43 - [MESSAGE][ERROR] - groovy.lang.MissingPropertyException: No such property: printtestCaseContext for class: TestListener
	at TestListener.sampleAfterTestCase(TestListener.groovy:45)
	at TestListener.invokeMethod(TestListener.groovy)
	at com.kms.katalon.core.context.internal.TestHooker.invokeMethod(TestHooker.java:111)
	at com.kms.katalon.core.context.internal.TestHooker.lambda$3(TestHooker.java:95)
	at com.kms.katalon.core.context.internal.TestHooker.invokeContextMethods(TestHooker.java:94)
	at com.kms.katalon.core.context.internal.TestListenerCollector.lambda$3(TestListenerCollector.java:88)
	at com.kms.katalon.core.context.internal.TestListenerCollector.handleListenerEvent(TestListenerCollector.java:85)
	at com.kms.katalon.core.context.internal.ExecutionEventManager.publicEvent(ExecutionEventManager.java:36)
	at com.kms.katalon.core.main.TestCaseExecutor.execute(TestCaseExecutor.java:315)
	at com.kms.katalon.core.common.CommonExecutor.accessTestCaseMainPhase(CommonExecutor.java:65)
	at com.kms.katalon.core.main.TestSuiteExecutor.accessTestSuiteMainPhase(TestSuiteExecutor.java:151)
	at com.kms.katalon.core.main.TestSuiteExecutor.execute(TestSuiteExecutor.java:106)
	at com.kms.katalon.core.main.TestCaseMain.startTestSuite(TestCaseMain.java:185)
	at com.kms.katalon.core.main.TestCaseMain$startTestSuite$0.call(Unknown Source)
	at TempTestSuite1677835340894.run(TempTestSuite1677835340894.groovy:36)]]></system-out>
         <system-err><![CDATA[]]></system-err>
      </testcase>
      <testcase name="Test Cases/Admin Page/Qualifications/Memberships/Delete Membership" time="24.43" classname="Test Cases/Admin Page/Qualifications/Memberships/Delete Membership" status="PASSED">
         <system-out><![CDATA[2023-03-03 10:27:43 - [TEST_CASE][PASSED] - Test Cases/Admin Page/Qualifications/Memberships/Delete Membership: Test Cases/Admin Page/Qualifications/Memberships/Delete Membership

2023-03-03 10:27:43 - [TEST_STEP][PASSED] - Start listener action : sampleBeforeTestCase: Current window maximized

2023-03-03 10:27:43 - [TEST_STEP][PASSED] - println(testCaseContext.getTestCaseId()): null

2023-03-03 10:27:43 - [TEST_STEP][PASSED] - println(testCaseContext.getTestCaseVariables()): null

2023-03-03 10:27:43 - [TEST_STEP][PASSED] - openBrowser(baseURL): Browser is opened with url: 'https://opensource-demo.orangehrmlive.com/web/index.php/auth/login'

2023-03-03 10:27:43 - [MESSAGE][WARNING] - A browser is already opened. Closing browser and opening a new one

2023-03-03 10:27:44 - [MESSAGE][INFO] - Starting 'Chrome' driver

2023-03-03 10:27:44 - [MESSAGE][INFO] - Action delay is set to 1,000 milliseconds

2023-03-03 10:27:48 - [MESSAGE][PASSED] - Browser is opened with url: 'https://opensource-demo.orangehrmlive.com/web/index.php/auth/login'

2023-03-03 10:27:48 - [TEST_STEP][PASSED] - maximizeWindow(): Current window maximized

2023-03-03 10:27:48 - [MESSAGE][PASSED] - Current window maximized

2023-03-03 10:27:48 - [TEST_STEP][PASSED] - Start setup action : setupTestCase: Method 'setupTestCase' complete successfully

2023-03-03 10:27:48 - [TEST_STEP][PASSED] - orange.keywords.userLogin(findTestObject("Login Page/textbox_Username"), username, findTestObject("Login Page/textbox_Password"), password, findTestObject("Login Page/button_Login")): orange.keywords.userLogin is PASSED

2023-03-03 10:27:53 - [MESSAGE][PASSED] - orange.keywords.userLogin is PASSED

2023-03-03 10:27:53 - [MESSAGE][PASSED] - Method 'setupTestCase' complete successfully

2023-03-03 10:27:54 - [TEST_STEP][PASSED] - click(findTestObject("Navigation Sidebar/a_Admin")): Object: 'Object Repository/Navigation Sidebar/a_Admin' is clicked on

2023-03-03 10:27:57 - [MESSAGE][PASSED] - Object: 'Object Repository/Navigation Sidebar/a_Admin' is clicked on

2023-03-03 10:27:57 - [TEST_STEP][PASSED] - click(findTestObject("Admin Page/Qualifications/li_Qualifications")): Object: 'Object Repository/Admin Page/Qualifications/li_Qualifications' is clicked on

2023-03-03 10:28:00 - [MESSAGE][PASSED] - Object: 'Object Repository/Admin Page/Qualifications/li_Qualifications' is clicked on

2023-03-03 10:28:00 - [TEST_STEP][PASSED] - click(findTestObject("Admin Page/Qualifications/Memberships/li_Memberships")): Object: 'Object Repository/Admin Page/Qualifications/Memberships/li_Memberships' is clicked on

2023-03-03 10:28:02 - [MESSAGE][PASSED] - Object: 'Object Repository/Admin Page/Qualifications/Memberships/li_Memberships' is clicked on

2023-03-03 10:28:02 - [TEST_STEP][PASSED] - click(findTestObject("Admin Page/Qualifications/Memberships/button_Delete")): Object: 'Object Repository/Admin Page/Qualifications/Memberships/button_Delete' is clicked on

2023-03-03 10:28:04 - [MESSAGE][PASSED] - Object: 'Object Repository/Admin Page/Qualifications/Memberships/button_Delete' is clicked on

2023-03-03 10:28:04 - [TEST_STEP][PASSED] - click(findTestObject("Admin Page/Qualifications/Languages/button_Yes, Delete")): Object: 'Object Repository/Admin Page/Qualifications/Languages/button_Yes, Delete' is clicked on

2023-03-03 10:28:06 - [MESSAGE][PASSED] - Object: 'Object Repository/Admin Page/Qualifications/Languages/button_Yes, Delete' is clicked on

2023-03-03 10:28:06 - [TEST_STEP][PASSED] - waitForElementPresent(findTestObject("Confirmation messages/message_SuccessSuccessfullyDeleted"), 10): Object 'Object Repository/Confirmation messages/message_SuccessSuccessfullyDeleted' is present

2023-03-03 10:28:07 - [MESSAGE][PASSED] - Object 'Object Repository/Confirmation messages/message_SuccessSuccessfullyDeleted' is present

2023-03-03 10:28:07 - [TEST_STEP][PASSED] - verifyElementPresent(findTestObject("Confirmation messages/message_SuccessSuccessfullyDeleted"), 10): Object 'Object Repository/Confirmation messages/message_SuccessSuccessfullyDeleted' is present

2023-03-03 10:28:07 - [MESSAGE][PASSED] - Object 'Object Repository/Confirmation messages/message_SuccessSuccessfullyDeleted' is present

2023-03-03 10:28:07 - [TEST_STEP][ERROR] - Start listener action : sampleAfterTestCase: groovy.lang.MissingPropertyException: No such property: printtestCaseContext for class: TestListener
	at TestListener.sampleAfterTestCase(TestListener.groovy:45)
	at TestListener.invokeMethod(TestListener.groovy)
	at com.kms.katalon.core.context.internal.TestHooker.invokeMethod(TestHooker.java:111)
	at com.kms.katalon.core.context.internal.TestHooker.lambda$3(TestHooker.java:95)
	at com.kms.katalon.core.context.internal.TestHooker.invokeContextMethods(TestHooker.java:94)
	at com.kms.katalon.core.context.internal.TestListenerCollector.lambda$3(TestListenerCollector.java:88)
	at com.kms.katalon.core.context.internal.TestListenerCollector.handleListenerEvent(TestListenerCollector.java:85)
	at com.kms.katalon.core.context.internal.ExecutionEventManager.publicEvent(ExecutionEventManager.java:36)
	at com.kms.katalon.core.main.TestCaseExecutor.execute(TestCaseExecutor.java:315)
	at com.kms.katalon.core.common.CommonExecutor.accessTestCaseMainPhase(CommonExecutor.java:65)
	at com.kms.katalon.core.main.TestSuiteExecutor.accessTestSuiteMainPhase(TestSuiteExecutor.java:151)
	at com.kms.katalon.core.main.TestSuiteExecutor.execute(TestSuiteExecutor.java:106)
	at com.kms.katalon.core.main.TestCaseMain.startTestSuite(TestCaseMain.java:185)
	at com.kms.katalon.core.main.TestCaseMain$startTestSuite$0.call(Unknown Source)
	at TempTestSuite1677835340894.run(TempTestSuite1677835340894.groovy:36)


2023-03-03 10:28:07 - [TEST_STEP][PASSED] - println(testCaseContext.getTestCaseId() + " - "): null

2023-03-03 10:28:07 - [TEST_STEP][ERROR] - println(printtestCaseContext.getTestCaseStatus()): groovy.lang.MissingPropertyException: No such property: printtestCaseContext for class: TestListener
	at TestListener.sampleAfterTestCase(TestListener.groovy:45)
	at TestListener.invokeMethod(TestListener.groovy)
	at com.kms.katalon.core.context.internal.TestHooker.invokeMethod(TestHooker.java:111)
	at com.kms.katalon.core.context.internal.TestHooker.lambda$3(TestHooker.java:95)
	at com.kms.katalon.core.context.internal.TestHooker.invokeContextMethods(TestHooker.java:94)
	at com.kms.katalon.core.context.internal.TestListenerCollector.lambda$3(TestListenerCollector.java:88)
	at com.kms.katalon.core.context.internal.TestListenerCollector.handleListenerEvent(TestListenerCollector.java:85)
	at com.kms.katalon.core.context.internal.ExecutionEventManager.publicEvent(ExecutionEventManager.java:36)
	at com.kms.katalon.core.main.TestCaseExecutor.execute(TestCaseExecutor.java:315)
	at com.kms.katalon.core.common.CommonExecutor.accessTestCaseMainPhase(CommonExecutor.java:65)
	at com.kms.katalon.core.main.TestSuiteExecutor.accessTestSuiteMainPhase(TestSuiteExecutor.java:151)
	at com.kms.katalon.core.main.TestSuiteExecutor.execute(TestSuiteExecutor.java:106)
	at com.kms.katalon.core.main.TestCaseMain.startTestSuite(TestCaseMain.java:185)
	at com.kms.katalon.core.main.TestCaseMain$startTestSuite$0.call(Unknown Source)
	at TempTestSuite1677835340894.run(TempTestSuite1677835340894.groovy:36)


2023-03-03 10:28:07 - [MESSAGE][ERROR] - groovy.lang.MissingPropertyException: No such property: printtestCaseContext for class: TestListener
	at TestListener.sampleAfterTestCase(TestListener.groovy:45)
	at TestListener.invokeMethod(TestListener.groovy)
	at com.kms.katalon.core.context.internal.TestHooker.invokeMethod(TestHooker.java:111)
	at com.kms.katalon.core.context.internal.TestHooker.lambda$3(TestHooker.java:95)
	at com.kms.katalon.core.context.internal.TestHooker.invokeContextMethods(TestHooker.java:94)
	at com.kms.katalon.core.context.internal.TestListenerCollector.lambda$3(TestListenerCollector.java:88)
	at com.kms.katalon.core.context.internal.TestListenerCollector.handleListenerEvent(TestListenerCollector.java:85)
	at com.kms.katalon.core.context.internal.ExecutionEventManager.publicEvent(ExecutionEventManager.java:36)
	at com.kms.katalon.core.main.TestCaseExecutor.execute(TestCaseExecutor.java:315)
	at com.kms.katalon.core.common.CommonExecutor.accessTestCaseMainPhase(CommonExecutor.java:65)
	at com.kms.katalon.core.main.TestSuiteExecutor.accessTestSuiteMainPhase(TestSuiteExecutor.java:151)
	at com.kms.katalon.core.main.TestSuiteExecutor.execute(TestSuiteExecutor.java:106)
	at com.kms.katalon.core.main.TestCaseMain.startTestSuite(TestCaseMain.java:185)
	at com.kms.katalon.core.main.TestCaseMain$startTestSuite$0.call(Unknown Source)
	at TempTestSuite1677835340894.run(TempTestSuite1677835340894.groovy:36)]]></system-out>
         <system-err><![CDATA[]]></system-err>
      </testcase>
      <testcase name="Test Cases/Admin Page/Qualifications/Licenses/Add License" time="27.752" classname="Test Cases/Admin Page/Qualifications/Licenses/Add License" status="PASSED">
         <system-out><![CDATA[2023-03-03 10:28:07 - [TEST_CASE][PASSED] - Test Cases/Admin Page/Qualifications/Licenses/Add License: Test Cases/Admin Page/Qualifications/Licenses/Add License

2023-03-03 10:28:07 - [TEST_STEP][PASSED] - Start listener action : sampleBeforeTestCase: Current window maximized

2023-03-03 10:28:07 - [TEST_STEP][PASSED] - println(testCaseContext.getTestCaseId()): null

2023-03-03 10:28:07 - [TEST_STEP][PASSED] - println(testCaseContext.getTestCaseVariables()): null

2023-03-03 10:28:07 - [TEST_STEP][PASSED] - openBrowser(baseURL): Browser is opened with url: 'https://opensource-demo.orangehrmlive.com/web/index.php/auth/login'

2023-03-03 10:28:07 - [MESSAGE][WARNING] - A browser is already opened. Closing browser and opening a new one

2023-03-03 10:28:08 - [MESSAGE][INFO] - Starting 'Chrome' driver

2023-03-03 10:28:08 - [MESSAGE][INFO] - Action delay is set to 1,000 milliseconds

2023-03-03 10:28:12 - [MESSAGE][PASSED] - Browser is opened with url: 'https://opensource-demo.orangehrmlive.com/web/index.php/auth/login'

2023-03-03 10:28:12 - [TEST_STEP][PASSED] - maximizeWindow(): Current window maximized

2023-03-03 10:28:12 - [MESSAGE][PASSED] - Current window maximized

2023-03-03 10:28:12 - [TEST_STEP][PASSED] - Start setup action : setupTestCase: Method 'setupTestCase' complete successfully

2023-03-03 10:28:12 - [TEST_STEP][PASSED] - orange.keywords.userLogin(findTestObject("Login Page/textbox_Username"), username, findTestObject("Login Page/textbox_Password"), password, findTestObject("Login Page/button_Login")): orange.keywords.userLogin is PASSED

2023-03-03 10:28:18 - [MESSAGE][PASSED] - orange.keywords.userLogin is PASSED

2023-03-03 10:28:18 - [MESSAGE][PASSED] - Method 'setupTestCase' complete successfully

2023-03-03 10:28:18 - [TEST_STEP][PASSED] - click(findTestObject("Navigation Sidebar/a_Admin")): Object: 'Object Repository/Navigation Sidebar/a_Admin' is clicked on

2023-03-03 10:28:22 - [MESSAGE][PASSED] - Object: 'Object Repository/Navigation Sidebar/a_Admin' is clicked on

2023-03-03 10:28:22 - [TEST_STEP][PASSED] - click(findTestObject("Admin Page/Qualifications/li_Qualifications")): Object: 'Object Repository/Admin Page/Qualifications/li_Qualifications' is clicked on

2023-03-03 10:28:24 - [MESSAGE][PASSED] - Object: 'Object Repository/Admin Page/Qualifications/li_Qualifications' is clicked on

2023-03-03 10:28:24 - [TEST_STEP][PASSED] - click(findTestObject("Admin Page/Qualifications/Licenses/li_Licenses")): Object: 'Object Repository/Admin Page/Qualifications/Licenses/li_Licenses' is clicked on

2023-03-03 10:28:26 - [MESSAGE][PASSED] - Object: 'Object Repository/Admin Page/Qualifications/Licenses/li_Licenses' is clicked on

2023-03-03 10:28:26 - [TEST_STEP][PASSED] - click(findTestObject("Admin Page/Qualifications/Languages/button_Add")): Object: 'Object Repository/Admin Page/Qualifications/Languages/button_Add' is clicked on

2023-03-03 10:28:29 - [MESSAGE][PASSED] - Object: 'Object Repository/Admin Page/Qualifications/Languages/button_Add' is clicked on

2023-03-03 10:28:29 - [TEST_STEP][PASSED] - sendKeys(findTestObject("Admin Page/Qualifications/Skills/textbox_Username"), "Practicioner Beginner-Automation"): Keys 'Practicioner Beginner-Automation' sent to object: 'Object Repository/Admin Page/Qualifications/Skills/textbox_Username'

2023-03-03 10:28:31 - [MESSAGE][PASSED] - Keys 'Practicioner Beginner-Automation' sent to object: 'Object Repository/Admin Page/Qualifications/Skills/textbox_Username'

2023-03-03 10:28:31 - [TEST_STEP][PASSED] - takeScreenshotAsCheckpoint("License Info"): Taking screenshot successfully

2023-03-03 10:28:32 - [MESSAGE][INFO] - 0 hidden object(s)

2023-03-03 10:28:32 - [MESSAGE][PASSED] - Taking screenshot successfully
[[ATTACHMENT|keyes\keyes-License Info.png]]

2023-03-03 10:28:32 - [TEST_STEP][PASSED] - click(findTestObject("Admin Page/Qualifications/Skills/button_Save")): Object: 'Object Repository/Admin Page/Qualifications/Skills/button_Save' is clicked on

2023-03-03 10:28:34 - [MESSAGE][PASSED] - Object: 'Object Repository/Admin Page/Qualifications/Skills/button_Save' is clicked on

2023-03-03 10:28:34 - [TEST_STEP][PASSED] - waitForElementPresent(findTestObject("Confirmation messages/message_SuccessSuccessfullySaved"), 10): Object 'Object Repository/Confirmation messages/message_SuccessSuccessfullySaved' is present

2023-03-03 10:28:35 - [MESSAGE][PASSED] - Object 'Object Repository/Confirmation messages/message_SuccessSuccessfullySaved' is present

2023-03-03 10:28:35 - [TEST_STEP][PASSED] - verifyElementPresent(findTestObject("Confirmation messages/message_SuccessSuccessfullySaved"), 10): Object 'Object Repository/Confirmation messages/message_SuccessSuccessfullySaved' is present

2023-03-03 10:28:35 - [MESSAGE][PASSED] - Object 'Object Repository/Confirmation messages/message_SuccessSuccessfullySaved' is present

2023-03-03 10:28:35 - [TEST_STEP][ERROR] - Start listener action : sampleAfterTestCase: groovy.lang.MissingPropertyException: No such property: printtestCaseContext for class: TestListener
	at TestListener.sampleAfterTestCase(TestListener.groovy:45)
	at TestListener.invokeMethod(TestListener.groovy)
	at com.kms.katalon.core.context.internal.TestHooker.invokeMethod(TestHooker.java:111)
	at com.kms.katalon.core.context.internal.TestHooker.lambda$3(TestHooker.java:95)
	at com.kms.katalon.core.context.internal.TestHooker.invokeContextMethods(TestHooker.java:94)
	at com.kms.katalon.core.context.internal.TestListenerCollector.lambda$3(TestListenerCollector.java:88)
	at com.kms.katalon.core.context.internal.TestListenerCollector.handleListenerEvent(TestListenerCollector.java:85)
	at com.kms.katalon.core.context.internal.ExecutionEventManager.publicEvent(ExecutionEventManager.java:36)
	at com.kms.katalon.core.main.TestCaseExecutor.execute(TestCaseExecutor.java:315)
	at com.kms.katalon.core.common.CommonExecutor.accessTestCaseMainPhase(CommonExecutor.java:65)
	at com.kms.katalon.core.main.TestSuiteExecutor.accessTestSuiteMainPhase(TestSuiteExecutor.java:151)
	at com.kms.katalon.core.main.TestSuiteExecutor.execute(TestSuiteExecutor.java:106)
	at com.kms.katalon.core.main.TestCaseMain.startTestSuite(TestCaseMain.java:185)
	at com.kms.katalon.core.main.TestCaseMain$startTestSuite$0.call(Unknown Source)
	at TempTestSuite1677835340894.run(TempTestSuite1677835340894.groovy:36)


2023-03-03 10:28:35 - [TEST_STEP][PASSED] - println(testCaseContext.getTestCaseId() + " - "): null

2023-03-03 10:28:35 - [TEST_STEP][ERROR] - println(printtestCaseContext.getTestCaseStatus()): groovy.lang.MissingPropertyException: No such property: printtestCaseContext for class: TestListener
	at TestListener.sampleAfterTestCase(TestListener.groovy:45)
	at TestListener.invokeMethod(TestListener.groovy)
	at com.kms.katalon.core.context.internal.TestHooker.invokeMethod(TestHooker.java:111)
	at com.kms.katalon.core.context.internal.TestHooker.lambda$3(TestHooker.java:95)
	at com.kms.katalon.core.context.internal.TestHooker.invokeContextMethods(TestHooker.java:94)
	at com.kms.katalon.core.context.internal.TestListenerCollector.lambda$3(TestListenerCollector.java:88)
	at com.kms.katalon.core.context.internal.TestListenerCollector.handleListenerEvent(TestListenerCollector.java:85)
	at com.kms.katalon.core.context.internal.ExecutionEventManager.publicEvent(ExecutionEventManager.java:36)
	at com.kms.katalon.core.main.TestCaseExecutor.execute(TestCaseExecutor.java:315)
	at com.kms.katalon.core.common.CommonExecutor.accessTestCaseMainPhase(CommonExecutor.java:65)
	at com.kms.katalon.core.main.TestSuiteExecutor.accessTestSuiteMainPhase(TestSuiteExecutor.java:151)
	at com.kms.katalon.core.main.TestSuiteExecutor.execute(TestSuiteExecutor.java:106)
	at com.kms.katalon.core.main.TestCaseMain.startTestSuite(TestCaseMain.java:185)
	at com.kms.katalon.core.main.TestCaseMain$startTestSuite$0.call(Unknown Source)
	at TempTestSuite1677835340894.run(TempTestSuite1677835340894.groovy:36)


2023-03-03 10:28:35 - [MESSAGE][ERROR] - groovy.lang.MissingPropertyException: No such property: printtestCaseContext for class: TestListener
	at TestListener.sampleAfterTestCase(TestListener.groovy:45)
	at TestListener.invokeMethod(TestListener.groovy)
	at com.kms.katalon.core.context.internal.TestHooker.invokeMethod(TestHooker.java:111)
	at com.kms.katalon.core.context.internal.TestHooker.lambda$3(TestHooker.java:95)
	at com.kms.katalon.core.context.internal.TestHooker.invokeContextMethods(TestHooker.java:94)
	at com.kms.katalon.core.context.internal.TestListenerCollector.lambda$3(TestListenerCollector.java:88)
	at com.kms.katalon.core.context.internal.TestListenerCollector.handleListenerEvent(TestListenerCollector.java:85)
	at com.kms.katalon.core.context.internal.ExecutionEventManager.publicEvent(ExecutionEventManager.java:36)
	at com.kms.katalon.core.main.TestCaseExecutor.execute(TestCaseExecutor.java:315)
	at com.kms.katalon.core.common.CommonExecutor.accessTestCaseMainPhase(CommonExecutor.java:65)
	at com.kms.katalon.core.main.TestSuiteExecutor.accessTestSuiteMainPhase(TestSuiteExecutor.java:151)
	at com.kms.katalon.core.main.TestSuiteExecutor.execute(TestSuiteExecutor.java:106)
	at com.kms.katalon.core.main.TestCaseMain.startTestSuite(TestCaseMain.java:185)
	at com.kms.katalon.core.main.TestCaseMain$startTestSuite$0.call(Unknown Source)
	at TempTestSuite1677835340894.run(TempTestSuite1677835340894.groovy:36)]]></system-out>
         <system-err><![CDATA[]]></system-err>
      </testcase>
      <testcase name="Test Cases/Admin Page/Qualifications/Licenses/Edit License" time="29.618" classname="Test Cases/Admin Page/Qualifications/Licenses/Edit License" status="PASSED">
         <system-out><![CDATA[2023-03-03 10:28:35 - [TEST_CASE][PASSED] - Test Cases/Admin Page/Qualifications/Licenses/Edit License: Test Cases/Admin Page/Qualifications/Licenses/Edit License

2023-03-03 10:28:35 - [TEST_STEP][PASSED] - Start listener action : sampleBeforeTestCase: Current window maximized

2023-03-03 10:28:35 - [TEST_STEP][PASSED] - println(testCaseContext.getTestCaseId()): null

2023-03-03 10:28:35 - [TEST_STEP][PASSED] - println(testCaseContext.getTestCaseVariables()): null

2023-03-03 10:28:35 - [TEST_STEP][PASSED] - openBrowser(baseURL): Browser is opened with url: 'https://opensource-demo.orangehrmlive.com/web/index.php/auth/login'

2023-03-03 10:28:35 - [MESSAGE][WARNING] - A browser is already opened. Closing browser and opening a new one

2023-03-03 10:28:36 - [MESSAGE][INFO] - Starting 'Chrome' driver

2023-03-03 10:28:36 - [MESSAGE][INFO] - Action delay is set to 1,000 milliseconds

2023-03-03 10:28:40 - [MESSAGE][PASSED] - Browser is opened with url: 'https://opensource-demo.orangehrmlive.com/web/index.php/auth/login'

2023-03-03 10:28:40 - [TEST_STEP][PASSED] - maximizeWindow(): Current window maximized

2023-03-03 10:28:41 - [MESSAGE][PASSED] - Current window maximized

2023-03-03 10:28:41 - [TEST_STEP][PASSED] - Start setup action : setupTestCase: Method 'setupTestCase' complete successfully

2023-03-03 10:28:41 - [TEST_STEP][PASSED] - orange.keywords.userLogin(findTestObject("Login Page/textbox_Username"), username, findTestObject("Login Page/textbox_Password"), password, findTestObject("Login Page/button_Login")): orange.keywords.userLogin is PASSED

2023-03-03 10:28:46 - [MESSAGE][PASSED] - orange.keywords.userLogin is PASSED

2023-03-03 10:28:46 - [MESSAGE][PASSED] - Method 'setupTestCase' complete successfully

2023-03-03 10:28:47 - [TEST_STEP][PASSED] - click(findTestObject("Navigation Sidebar/a_Admin")): Object: 'Object Repository/Navigation Sidebar/a_Admin' is clicked on

2023-03-03 10:28:50 - [MESSAGE][PASSED] - Object: 'Object Repository/Navigation Sidebar/a_Admin' is clicked on

2023-03-03 10:28:50 - [TEST_STEP][PASSED] - click(findTestObject("Admin Page/Qualifications/li_Qualifications")): Object: 'Object Repository/Admin Page/Qualifications/li_Qualifications' is clicked on

2023-03-03 10:28:53 - [MESSAGE][PASSED] - Object: 'Object Repository/Admin Page/Qualifications/li_Qualifications' is clicked on

2023-03-03 10:28:53 - [TEST_STEP][PASSED] - click(findTestObject("Admin Page/Qualifications/Licenses/li_Licenses")): Object: 'Object Repository/Admin Page/Qualifications/Licenses/li_Licenses' is clicked on

2023-03-03 10:28:55 - [MESSAGE][PASSED] - Object: 'Object Repository/Admin Page/Qualifications/Licenses/li_Licenses' is clicked on

2023-03-03 10:28:55 - [TEST_STEP][PASSED] - click(findTestObject("Admin Page/Qualifications/Licenses/button_Edit")): Object: 'Object Repository/Admin Page/Qualifications/Licenses/button_Edit' is clicked on

2023-03-03 10:28:58 - [MESSAGE][PASSED] - Object: 'Object Repository/Admin Page/Qualifications/Licenses/button_Edit' is clicked on

2023-03-03 10:28:58 - [TEST_STEP][PASSED] - sendKeys(findTestObject("Admin Page/Qualifications/Skills/textbox_Username"), Keys.chord(CONTROL, "a")): Keys 'CONTROL + a' sent to object: 'Object Repository/Admin Page/Qualifications/Skills/textbox_Username'

2023-03-03 10:29:00 - [MESSAGE][PASSED] - Keys 'CONTROL + a' sent to object: 'Object Repository/Admin Page/Qualifications/Skills/textbox_Username'

2023-03-03 10:29:00 - [TEST_STEP][PASSED] - sendKeys(findTestObject("Admin Page/Qualifications/Skills/textbox_Username_selected"), "Practicioner Advanced-Automation"): Keys 'Practicioner Advanced-Automation' sent to object: 'Object Repository/Admin Page/Qualifications/Skills/textbox_Username_selected'

2023-03-03 10:29:02 - [MESSAGE][PASSED] - Keys 'Practicioner Advanced-Automation' sent to object: 'Object Repository/Admin Page/Qualifications/Skills/textbox_Username_selected'

2023-03-03 10:29:02 - [TEST_STEP][PASSED] - click(findTestObject("Admin Page/Qualifications/Skills/button_Save")): Object: 'Object Repository/Admin Page/Qualifications/Skills/button_Save' is clicked on

2023-03-03 10:29:03 - [MESSAGE][PASSED] - Object: 'Object Repository/Admin Page/Qualifications/Skills/button_Save' is clicked on

2023-03-03 10:29:03 - [TEST_STEP][PASSED] - waitForElementPresent(findTestObject("Confirmation messages/message_SuccessSuccessfullyUpdated"), 10): Object 'Object Repository/Confirmation messages/message_SuccessSuccessfullyUpdated' is present

2023-03-03 10:29:04 - [MESSAGE][PASSED] - Object 'Object Repository/Confirmation messages/message_SuccessSuccessfullyUpdated' is present

2023-03-03 10:29:04 - [TEST_STEP][PASSED] - verifyElementPresent(findTestObject("Confirmation messages/message_SuccessSuccessfullyUpdated"), 10): Object 'Object Repository/Confirmation messages/message_SuccessSuccessfullyUpdated' is present

2023-03-03 10:29:05 - [MESSAGE][PASSED] - Object 'Object Repository/Confirmation messages/message_SuccessSuccessfullyUpdated' is present

2023-03-03 10:29:05 - [TEST_STEP][ERROR] - Start listener action : sampleAfterTestCase: groovy.lang.MissingPropertyException: No such property: printtestCaseContext for class: TestListener
	at TestListener.sampleAfterTestCase(TestListener.groovy:45)
	at TestListener.invokeMethod(TestListener.groovy)
	at com.kms.katalon.core.context.internal.TestHooker.invokeMethod(TestHooker.java:111)
	at com.kms.katalon.core.context.internal.TestHooker.lambda$3(TestHooker.java:95)
	at com.kms.katalon.core.context.internal.TestHooker.invokeContextMethods(TestHooker.java:94)
	at com.kms.katalon.core.context.internal.TestListenerCollector.lambda$3(TestListenerCollector.java:88)
	at com.kms.katalon.core.context.internal.TestListenerCollector.handleListenerEvent(TestListenerCollector.java:85)
	at com.kms.katalon.core.context.internal.ExecutionEventManager.publicEvent(ExecutionEventManager.java:36)
	at com.kms.katalon.core.main.TestCaseExecutor.execute(TestCaseExecutor.java:315)
	at com.kms.katalon.core.common.CommonExecutor.accessTestCaseMainPhase(CommonExecutor.java:65)
	at com.kms.katalon.core.main.TestSuiteExecutor.accessTestSuiteMainPhase(TestSuiteExecutor.java:151)
	at com.kms.katalon.core.main.TestSuiteExecutor.execute(TestSuiteExecutor.java:106)
	at com.kms.katalon.core.main.TestCaseMain.startTestSuite(TestCaseMain.java:185)
	at com.kms.katalon.core.main.TestCaseMain$startTestSuite$0.call(Unknown Source)
	at TempTestSuite1677835340894.run(TempTestSuite1677835340894.groovy:36)


2023-03-03 10:29:05 - [TEST_STEP][PASSED] - println(testCaseContext.getTestCaseId() + " - "): null

2023-03-03 10:29:05 - [TEST_STEP][ERROR] - println(printtestCaseContext.getTestCaseStatus()): groovy.lang.MissingPropertyException: No such property: printtestCaseContext for class: TestListener
	at TestListener.sampleAfterTestCase(TestListener.groovy:45)
	at TestListener.invokeMethod(TestListener.groovy)
	at com.kms.katalon.core.context.internal.TestHooker.invokeMethod(TestHooker.java:111)
	at com.kms.katalon.core.context.internal.TestHooker.lambda$3(TestHooker.java:95)
	at com.kms.katalon.core.context.internal.TestHooker.invokeContextMethods(TestHooker.java:94)
	at com.kms.katalon.core.context.internal.TestListenerCollector.lambda$3(TestListenerCollector.java:88)
	at com.kms.katalon.core.context.internal.TestListenerCollector.handleListenerEvent(TestListenerCollector.java:85)
	at com.kms.katalon.core.context.internal.ExecutionEventManager.publicEvent(ExecutionEventManager.java:36)
	at com.kms.katalon.core.main.TestCaseExecutor.execute(TestCaseExecutor.java:315)
	at com.kms.katalon.core.common.CommonExecutor.accessTestCaseMainPhase(CommonExecutor.java:65)
	at com.kms.katalon.core.main.TestSuiteExecutor.accessTestSuiteMainPhase(TestSuiteExecutor.java:151)
	at com.kms.katalon.core.main.TestSuiteExecutor.execute(TestSuiteExecutor.java:106)
	at com.kms.katalon.core.main.TestCaseMain.startTestSuite(TestCaseMain.java:185)
	at com.kms.katalon.core.main.TestCaseMain$startTestSuite$0.call(Unknown Source)
	at TempTestSuite1677835340894.run(TempTestSuite1677835340894.groovy:36)


2023-03-03 10:29:05 - [MESSAGE][ERROR] - groovy.lang.MissingPropertyException: No such property: printtestCaseContext for class: TestListener
	at TestListener.sampleAfterTestCase(TestListener.groovy:45)
	at TestListener.invokeMethod(TestListener.groovy)
	at com.kms.katalon.core.context.internal.TestHooker.invokeMethod(TestHooker.java:111)
	at com.kms.katalon.core.context.internal.TestHooker.lambda$3(TestHooker.java:95)
	at com.kms.katalon.core.context.internal.TestHooker.invokeContextMethods(TestHooker.java:94)
	at com.kms.katalon.core.context.internal.TestListenerCollector.lambda$3(TestListenerCollector.java:88)
	at com.kms.katalon.core.context.internal.TestListenerCollector.handleListenerEvent(TestListenerCollector.java:85)
	at com.kms.katalon.core.context.internal.ExecutionEventManager.publicEvent(ExecutionEventManager.java:36)
	at com.kms.katalon.core.main.TestCaseExecutor.execute(TestCaseExecutor.java:315)
	at com.kms.katalon.core.common.CommonExecutor.accessTestCaseMainPhase(CommonExecutor.java:65)
	at com.kms.katalon.core.main.TestSuiteExecutor.accessTestSuiteMainPhase(TestSuiteExecutor.java:151)
	at com.kms.katalon.core.main.TestSuiteExecutor.execute(TestSuiteExecutor.java:106)
	at com.kms.katalon.core.main.TestCaseMain.startTestSuite(TestCaseMain.java:185)
	at com.kms.katalon.core.main.TestCaseMain$startTestSuite$0.call(Unknown Source)
	at TempTestSuite1677835340894.run(TempTestSuite1677835340894.groovy:36)]]></system-out>
         <system-err><![CDATA[]]></system-err>
      </testcase>
      <testcase name="Test Cases/Admin Page/Qualifications/Licenses/Delete License" time="24.287" classname="Test Cases/Admin Page/Qualifications/Licenses/Delete License" status="PASSED">
         <system-out><![CDATA[2023-03-03 10:29:05 - [TEST_CASE][PASSED] - Test Cases/Admin Page/Qualifications/Licenses/Delete License: Test Cases/Admin Page/Qualifications/Licenses/Delete License

2023-03-03 10:29:05 - [TEST_STEP][PASSED] - Start listener action : sampleBeforeTestCase: Current window maximized

2023-03-03 10:29:05 - [TEST_STEP][PASSED] - println(testCaseContext.getTestCaseId()): null

2023-03-03 10:29:05 - [TEST_STEP][PASSED] - println(testCaseContext.getTestCaseVariables()): null

2023-03-03 10:29:05 - [TEST_STEP][PASSED] - openBrowser(baseURL): Browser is opened with url: 'https://opensource-demo.orangehrmlive.com/web/index.php/auth/login'

2023-03-03 10:29:05 - [MESSAGE][WARNING] - A browser is already opened. Closing browser and opening a new one

2023-03-03 10:29:05 - [MESSAGE][INFO] - Starting 'Chrome' driver

2023-03-03 10:29:05 - [MESSAGE][INFO] - Action delay is set to 1,000 milliseconds

2023-03-03 10:29:10 - [MESSAGE][PASSED] - Browser is opened with url: 'https://opensource-demo.orangehrmlive.com/web/index.php/auth/login'

2023-03-03 10:29:10 - [TEST_STEP][PASSED] - maximizeWindow(): Current window maximized

2023-03-03 10:29:10 - [MESSAGE][PASSED] - Current window maximized

2023-03-03 10:29:10 - [TEST_STEP][PASSED] - Start setup action : setupTestCase: Method 'setupTestCase' complete successfully

2023-03-03 10:29:10 - [TEST_STEP][PASSED] - orange.keywords.userLogin(findTestObject("Login Page/textbox_Username"), username, findTestObject("Login Page/textbox_Password"), password, findTestObject("Login Page/button_Login")): orange.keywords.userLogin is PASSED

2023-03-03 10:29:15 - [MESSAGE][PASSED] - orange.keywords.userLogin is PASSED

2023-03-03 10:29:15 - [MESSAGE][PASSED] - Method 'setupTestCase' complete successfully

2023-03-03 10:29:17 - [TEST_STEP][PASSED] - click(findTestObject("Navigation Sidebar/a_Admin")): Object: 'Object Repository/Navigation Sidebar/a_Admin' is clicked on

2023-03-03 10:29:19 - [MESSAGE][PASSED] - Object: 'Object Repository/Navigation Sidebar/a_Admin' is clicked on

2023-03-03 10:29:19 - [TEST_STEP][PASSED] - click(findTestObject("Admin Page/Qualifications/li_Qualifications")): Object: 'Object Repository/Admin Page/Qualifications/li_Qualifications' is clicked on

2023-03-03 10:29:21 - [MESSAGE][PASSED] - Object: 'Object Repository/Admin Page/Qualifications/li_Qualifications' is clicked on

2023-03-03 10:29:21 - [TEST_STEP][PASSED] - click(findTestObject("Admin Page/Qualifications/Licenses/li_Licenses")): Object: 'Object Repository/Admin Page/Qualifications/Licenses/li_Licenses' is clicked on

2023-03-03 10:29:24 - [MESSAGE][PASSED] - Object: 'Object Repository/Admin Page/Qualifications/Licenses/li_Licenses' is clicked on

2023-03-03 10:29:24 - [TEST_STEP][PASSED] - click(findTestObject("Admin Page/Qualifications/Licenses/button_Delete")): Object: 'Object Repository/Admin Page/Qualifications/Licenses/button_Delete' is clicked on

2023-03-03 10:29:26 - [MESSAGE][PASSED] - Object: 'Object Repository/Admin Page/Qualifications/Licenses/button_Delete' is clicked on

2023-03-03 10:29:26 - [TEST_STEP][PASSED] - click(findTestObject("Admin Page/Qualifications/Languages/button_Yes, Delete")): Object: 'Object Repository/Admin Page/Qualifications/Languages/button_Yes, Delete' is clicked on

2023-03-03 10:29:28 - [MESSAGE][PASSED] - Object: 'Object Repository/Admin Page/Qualifications/Languages/button_Yes, Delete' is clicked on

2023-03-03 10:29:28 - [TEST_STEP][PASSED] - waitForElementPresent(findTestObject("Confirmation messages/message_SuccessSuccessfullyDeleted"), 10): Object 'Object Repository/Confirmation messages/message_SuccessSuccessfullyDeleted' is present

2023-03-03 10:29:28 - [MESSAGE][PASSED] - Object 'Object Repository/Confirmation messages/message_SuccessSuccessfullyDeleted' is present

2023-03-03 10:29:28 - [TEST_STEP][PASSED] - verifyElementPresent(findTestObject("Confirmation messages/message_SuccessSuccessfullyDeleted"), 10): Object 'Object Repository/Confirmation messages/message_SuccessSuccessfullyDeleted' is present

2023-03-03 10:29:29 - [MESSAGE][PASSED] - Object 'Object Repository/Confirmation messages/message_SuccessSuccessfullyDeleted' is present

2023-03-03 10:29:29 - [TEST_STEP][ERROR] - Start listener action : sampleAfterTestCase: groovy.lang.MissingPropertyException: No such property: printtestCaseContext for class: TestListener
	at TestListener.sampleAfterTestCase(TestListener.groovy:45)
	at TestListener.invokeMethod(TestListener.groovy)
	at com.kms.katalon.core.context.internal.TestHooker.invokeMethod(TestHooker.java:111)
	at com.kms.katalon.core.context.internal.TestHooker.lambda$3(TestHooker.java:95)
	at com.kms.katalon.core.context.internal.TestHooker.invokeContextMethods(TestHooker.java:94)
	at com.kms.katalon.core.context.internal.TestListenerCollector.lambda$3(TestListenerCollector.java:88)
	at com.kms.katalon.core.context.internal.TestListenerCollector.handleListenerEvent(TestListenerCollector.java:85)
	at com.kms.katalon.core.context.internal.ExecutionEventManager.publicEvent(ExecutionEventManager.java:36)
	at com.kms.katalon.core.main.TestCaseExecutor.execute(TestCaseExecutor.java:315)
	at com.kms.katalon.core.common.CommonExecutor.accessTestCaseMainPhase(CommonExecutor.java:65)
	at com.kms.katalon.core.main.TestSuiteExecutor.accessTestSuiteMainPhase(TestSuiteExecutor.java:151)
	at com.kms.katalon.core.main.TestSuiteExecutor.execute(TestSuiteExecutor.java:106)
	at com.kms.katalon.core.main.TestCaseMain.startTestSuite(TestCaseMain.java:185)
	at com.kms.katalon.core.main.TestCaseMain$startTestSuite$0.call(Unknown Source)
	at TempTestSuite1677835340894.run(TempTestSuite1677835340894.groovy:36)


2023-03-03 10:29:29 - [TEST_STEP][PASSED] - println(testCaseContext.getTestCaseId() + " - "): null

2023-03-03 10:29:29 - [TEST_STEP][ERROR] - println(printtestCaseContext.getTestCaseStatus()): groovy.lang.MissingPropertyException: No such property: printtestCaseContext for class: TestListener
	at TestListener.sampleAfterTestCase(TestListener.groovy:45)
	at TestListener.invokeMethod(TestListener.groovy)
	at com.kms.katalon.core.context.internal.TestHooker.invokeMethod(TestHooker.java:111)
	at com.kms.katalon.core.context.internal.TestHooker.lambda$3(TestHooker.java:95)
	at com.kms.katalon.core.context.internal.TestHooker.invokeContextMethods(TestHooker.java:94)
	at com.kms.katalon.core.context.internal.TestListenerCollector.lambda$3(TestListenerCollector.java:88)
	at com.kms.katalon.core.context.internal.TestListenerCollector.handleListenerEvent(TestListenerCollector.java:85)
	at com.kms.katalon.core.context.internal.ExecutionEventManager.publicEvent(ExecutionEventManager.java:36)
	at com.kms.katalon.core.main.TestCaseExecutor.execute(TestCaseExecutor.java:315)
	at com.kms.katalon.core.common.CommonExecutor.accessTestCaseMainPhase(CommonExecutor.java:65)
	at com.kms.katalon.core.main.TestSuiteExecutor.accessTestSuiteMainPhase(TestSuiteExecutor.java:151)
	at com.kms.katalon.core.main.TestSuiteExecutor.execute(TestSuiteExecutor.java:106)
	at com.kms.katalon.core.main.TestCaseMain.startTestSuite(TestCaseMain.java:185)
	at com.kms.katalon.core.main.TestCaseMain$startTestSuite$0.call(Unknown Source)
	at TempTestSuite1677835340894.run(TempTestSuite1677835340894.groovy:36)


2023-03-03 10:29:29 - [MESSAGE][ERROR] - groovy.lang.MissingPropertyException: No such property: printtestCaseContext for class: TestListener
	at TestListener.sampleAfterTestCase(TestListener.groovy:45)
	at TestListener.invokeMethod(TestListener.groovy)
	at com.kms.katalon.core.context.internal.TestHooker.invokeMethod(TestHooker.java:111)
	at com.kms.katalon.core.context.internal.TestHooker.lambda$3(TestHooker.java:95)
	at com.kms.katalon.core.context.internal.TestHooker.invokeContextMethods(TestHooker.java:94)
	at com.kms.katalon.core.context.internal.TestListenerCollector.lambda$3(TestListenerCollector.java:88)
	at com.kms.katalon.core.context.internal.TestListenerCollector.handleListenerEvent(TestListenerCollector.java:85)
	at com.kms.katalon.core.context.internal.ExecutionEventManager.publicEvent(ExecutionEventManager.java:36)
	at com.kms.katalon.core.main.TestCaseExecutor.execute(TestCaseExecutor.java:315)
	at com.kms.katalon.core.common.CommonExecutor.accessTestCaseMainPhase(CommonExecutor.java:65)
	at com.kms.katalon.core.main.TestSuiteExecutor.accessTestSuiteMainPhase(TestSuiteExecutor.java:151)
	at com.kms.katalon.core.main.TestSuiteExecutor.execute(TestSuiteExecutor.java:106)
	at com.kms.katalon.core.main.TestCaseMain.startTestSuite(TestCaseMain.java:185)
	at com.kms.katalon.core.main.TestCaseMain$startTestSuite$0.call(Unknown Source)
	at TempTestSuite1677835340894.run(TempTestSuite1677835340894.groovy:36)]]></system-out>
         <system-err><![CDATA[]]></system-err>
      </testcase>
      <testcase name="Test Cases/Admin Page/Qualifications/Languages/Add Language" time="29.761" classname="Test Cases/Admin Page/Qualifications/Languages/Add Language" status="PASSED">
         <system-out><![CDATA[2023-03-03 10:29:29 - [TEST_CASE][PASSED] - Test Cases/Admin Page/Qualifications/Languages/Add Language: Test Cases/Admin Page/Qualifications/Languages/Add Language

2023-03-03 10:29:29 - [TEST_STEP][PASSED] - Start listener action : sampleBeforeTestCase: Current window maximized

2023-03-03 10:29:29 - [TEST_STEP][PASSED] - println(testCaseContext.getTestCaseId()): null

2023-03-03 10:29:29 - [TEST_STEP][PASSED] - println(testCaseContext.getTestCaseVariables()): null

2023-03-03 10:29:29 - [TEST_STEP][PASSED] - openBrowser(baseURL): Browser is opened with url: 'https://opensource-demo.orangehrmlive.com/web/index.php/auth/login'

2023-03-03 10:29:29 - [MESSAGE][WARNING] - A browser is already opened. Closing browser and opening a new one

2023-03-03 10:29:30 - [MESSAGE][INFO] - Starting 'Chrome' driver

2023-03-03 10:29:30 - [MESSAGE][INFO] - Action delay is set to 1,000 milliseconds

2023-03-03 10:29:33 - [MESSAGE][PASSED] - Browser is opened with url: 'https://opensource-demo.orangehrmlive.com/web/index.php/auth/login'

2023-03-03 10:29:33 - [TEST_STEP][PASSED] - maximizeWindow(): Current window maximized

2023-03-03 10:29:33 - [MESSAGE][PASSED] - Current window maximized

2023-03-03 10:29:33 - [TEST_STEP][PASSED] - Start setup action : setupTestCase: Method 'setupTestCase' complete successfully

2023-03-03 10:29:33 - [TEST_STEP][PASSED] - orange.keywords.userLogin(findTestObject("Login Page/textbox_Username"), username, findTestObject("Login Page/textbox_Password"), password, findTestObject("Login Page/button_Login")): orange.keywords.userLogin is PASSED

2023-03-03 10:29:39 - [MESSAGE][PASSED] - orange.keywords.userLogin is PASSED

2023-03-03 10:29:39 - [MESSAGE][PASSED] - Method 'setupTestCase' complete successfully

2023-03-03 10:29:40 - [TEST_STEP][PASSED] - click(findTestObject("Navigation Sidebar/a_Admin")): Object: 'Object Repository/Navigation Sidebar/a_Admin' is clicked on

2023-03-03 10:29:43 - [MESSAGE][PASSED] - Object: 'Object Repository/Navigation Sidebar/a_Admin' is clicked on

2023-03-03 10:29:43 - [TEST_STEP][PASSED] - click(findTestObject("Admin Page/Qualifications/li_Qualifications")): Object: 'Object Repository/Admin Page/Qualifications/li_Qualifications' is clicked on

2023-03-03 10:29:45 - [MESSAGE][PASSED] - Object: 'Object Repository/Admin Page/Qualifications/li_Qualifications' is clicked on

2023-03-03 10:29:45 - [TEST_STEP][PASSED] - click(findTestObject("Admin Page/Qualifications/Languages/li_Languages")): Object: 'Object Repository/Admin Page/Qualifications/Languages/li_Languages' is clicked on

2023-03-03 10:29:47 - [MESSAGE][PASSED] - Object: 'Object Repository/Admin Page/Qualifications/Languages/li_Languages' is clicked on

2023-03-03 10:29:47 - [TEST_STEP][PASSED] - click(findTestObject("Admin Page/Qualifications/Languages/button_Add")): Object: 'Object Repository/Admin Page/Qualifications/Languages/button_Add' is clicked on

2023-03-03 10:29:50 - [MESSAGE][PASSED] - Object: 'Object Repository/Admin Page/Qualifications/Languages/button_Add' is clicked on

2023-03-03 10:29:50 - [TEST_STEP][PASSED] - sendKeys(findTestObject("Admin Page/Qualifications/Skills/textbox_Username"), "Afgan-Automation"): Keys 'Afgan-Automation' sent to object: 'Object Repository/Admin Page/Qualifications/Skills/textbox_Username'

2023-03-03 10:29:53 - [MESSAGE][PASSED] - Keys 'Afgan-Automation' sent to object: 'Object Repository/Admin Page/Qualifications/Skills/textbox_Username'

2023-03-03 10:29:53 - [TEST_STEP][PASSED] - takeScreenshotAsCheckpoint("Language info"): Taking screenshot successfully

2023-03-03 10:29:53 - [MESSAGE][INFO] - 0 hidden object(s)

2023-03-03 10:29:54 - [MESSAGE][PASSED] - Taking screenshot successfully
[[ATTACHMENT|keyes\keyes-Language info.png]]

2023-03-03 10:29:54 - [TEST_STEP][PASSED] - click(findTestObject("Admin Page/Qualifications/Skills/button_Save")): Object: 'Object Repository/Admin Page/Qualifications/Skills/button_Save' is clicked on

2023-03-03 10:29:56 - [MESSAGE][PASSED] - Object: 'Object Repository/Admin Page/Qualifications/Skills/button_Save' is clicked on

2023-03-03 10:29:56 - [TEST_STEP][PASSED] - waitForElementPresent(findTestObject("Confirmation messages/message_SuccessSuccessfullySaved"), 10): Object 'Object Repository/Confirmation messages/message_SuccessSuccessfullySaved' is present

2023-03-03 10:29:56 - [MESSAGE][PASSED] - Object 'Object Repository/Confirmation messages/message_SuccessSuccessfullySaved' is present

2023-03-03 10:29:56 - [TEST_STEP][PASSED] - verifyElementPresent(findTestObject("Confirmation messages/message_SuccessSuccessfullySaved"), 10): Object 'Object Repository/Confirmation messages/message_SuccessSuccessfullySaved' is present

2023-03-03 10:29:57 - [MESSAGE][PASSED] - Object 'Object Repository/Confirmation messages/message_SuccessSuccessfullySaved' is present

2023-03-03 10:29:57 - [TEST_STEP][PASSED] - takeScreenshotAsCheckpoint("Language Added"): Taking screenshot successfully

2023-03-03 10:29:58 - [MESSAGE][INFO] - 0 hidden object(s)

2023-03-03 10:29:59 - [MESSAGE][PASSED] - Taking screenshot successfully
[[ATTACHMENT|keyes\keyes-Language Added.png]]

2023-03-03 10:29:59 - [TEST_STEP][ERROR] - Start listener action : sampleAfterTestCase: groovy.lang.MissingPropertyException: No such property: printtestCaseContext for class: TestListener
	at TestListener.sampleAfterTestCase(TestListener.groovy:45)
	at TestListener.invokeMethod(TestListener.groovy)
	at com.kms.katalon.core.context.internal.TestHooker.invokeMethod(TestHooker.java:111)
	at com.kms.katalon.core.context.internal.TestHooker.lambda$3(TestHooker.java:95)
	at com.kms.katalon.core.context.internal.TestHooker.invokeContextMethods(TestHooker.java:94)
	at com.kms.katalon.core.context.internal.TestListenerCollector.lambda$3(TestListenerCollector.java:88)
	at com.kms.katalon.core.context.internal.TestListenerCollector.handleListenerEvent(TestListenerCollector.java:85)
	at com.kms.katalon.core.context.internal.ExecutionEventManager.publicEvent(ExecutionEventManager.java:36)
	at com.kms.katalon.core.main.TestCaseExecutor.execute(TestCaseExecutor.java:315)
	at com.kms.katalon.core.common.CommonExecutor.accessTestCaseMainPhase(CommonExecutor.java:65)
	at com.kms.katalon.core.main.TestSuiteExecutor.accessTestSuiteMainPhase(TestSuiteExecutor.java:151)
	at com.kms.katalon.core.main.TestSuiteExecutor.execute(TestSuiteExecutor.java:106)
	at com.kms.katalon.core.main.TestCaseMain.startTestSuite(TestCaseMain.java:185)
	at com.kms.katalon.core.main.TestCaseMain$startTestSuite$0.call(Unknown Source)
	at TempTestSuite1677835340894.run(TempTestSuite1677835340894.groovy:36)


2023-03-03 10:29:59 - [TEST_STEP][PASSED] - println(testCaseContext.getTestCaseId() + " - "): null

2023-03-03 10:29:59 - [TEST_STEP][ERROR] - println(printtestCaseContext.getTestCaseStatus()): groovy.lang.MissingPropertyException: No such property: printtestCaseContext for class: TestListener
	at TestListener.sampleAfterTestCase(TestListener.groovy:45)
	at TestListener.invokeMethod(TestListener.groovy)
	at com.kms.katalon.core.context.internal.TestHooker.invokeMethod(TestHooker.java:111)
	at com.kms.katalon.core.context.internal.TestHooker.lambda$3(TestHooker.java:95)
	at com.kms.katalon.core.context.internal.TestHooker.invokeContextMethods(TestHooker.java:94)
	at com.kms.katalon.core.context.internal.TestListenerCollector.lambda$3(TestListenerCollector.java:88)
	at com.kms.katalon.core.context.internal.TestListenerCollector.handleListenerEvent(TestListenerCollector.java:85)
	at com.kms.katalon.core.context.internal.ExecutionEventManager.publicEvent(ExecutionEventManager.java:36)
	at com.kms.katalon.core.main.TestCaseExecutor.execute(TestCaseExecutor.java:315)
	at com.kms.katalon.core.common.CommonExecutor.accessTestCaseMainPhase(CommonExecutor.java:65)
	at com.kms.katalon.core.main.TestSuiteExecutor.accessTestSuiteMainPhase(TestSuiteExecutor.java:151)
	at com.kms.katalon.core.main.TestSuiteExecutor.execute(TestSuiteExecutor.java:106)
	at com.kms.katalon.core.main.TestCaseMain.startTestSuite(TestCaseMain.java:185)
	at com.kms.katalon.core.main.TestCaseMain$startTestSuite$0.call(Unknown Source)
	at TempTestSuite1677835340894.run(TempTestSuite1677835340894.groovy:36)


2023-03-03 10:29:59 - [MESSAGE][ERROR] - groovy.lang.MissingPropertyException: No such property: printtestCaseContext for class: TestListener
	at TestListener.sampleAfterTestCase(TestListener.groovy:45)
	at TestListener.invokeMethod(TestListener.groovy)
	at com.kms.katalon.core.context.internal.TestHooker.invokeMethod(TestHooker.java:111)
	at com.kms.katalon.core.context.internal.TestHooker.lambda$3(TestHooker.java:95)
	at com.kms.katalon.core.context.internal.TestHooker.invokeContextMethods(TestHooker.java:94)
	at com.kms.katalon.core.context.internal.TestListenerCollector.lambda$3(TestListenerCollector.java:88)
	at com.kms.katalon.core.context.internal.TestListenerCollector.handleListenerEvent(TestListenerCollector.java:85)
	at com.kms.katalon.core.context.internal.ExecutionEventManager.publicEvent(ExecutionEventManager.java:36)
	at com.kms.katalon.core.main.TestCaseExecutor.execute(TestCaseExecutor.java:315)
	at com.kms.katalon.core.common.CommonExecutor.accessTestCaseMainPhase(CommonExecutor.java:65)
	at com.kms.katalon.core.main.TestSuiteExecutor.accessTestSuiteMainPhase(TestSuiteExecutor.java:151)
	at com.kms.katalon.core.main.TestSuiteExecutor.execute(TestSuiteExecutor.java:106)
	at com.kms.katalon.core.main.TestCaseMain.startTestSuite(TestCaseMain.java:185)
	at com.kms.katalon.core.main.TestCaseMain$startTestSuite$0.call(Unknown Source)
	at TempTestSuite1677835340894.run(TempTestSuite1677835340894.groovy:36)]]></system-out>
         <system-err><![CDATA[]]></system-err>
      </testcase>
      <testcase name="Test Cases/Admin Page/Qualifications/Languages/Edit Language" time="31.023" classname="Test Cases/Admin Page/Qualifications/Languages/Edit Language" status="PASSED">
         <system-out><![CDATA[2023-03-03 10:29:59 - [TEST_CASE][PASSED] - Test Cases/Admin Page/Qualifications/Languages/Edit Language: Test Cases/Admin Page/Qualifications/Languages/Edit Language

2023-03-03 10:29:59 - [TEST_STEP][PASSED] - Start listener action : sampleBeforeTestCase: Current window maximized

2023-03-03 10:29:59 - [TEST_STEP][PASSED] - println(testCaseContext.getTestCaseId()): null

2023-03-03 10:29:59 - [TEST_STEP][PASSED] - println(testCaseContext.getTestCaseVariables()): null

2023-03-03 10:29:59 - [TEST_STEP][PASSED] - openBrowser(baseURL): Browser is opened with url: 'https://opensource-demo.orangehrmlive.com/web/index.php/auth/login'

2023-03-03 10:29:59 - [MESSAGE][WARNING] - A browser is already opened. Closing browser and opening a new one

2023-03-03 10:29:59 - [MESSAGE][INFO] - Starting 'Chrome' driver

2023-03-03 10:29:59 - [MESSAGE][INFO] - Action delay is set to 1,000 milliseconds

2023-03-03 10:30:03 - [MESSAGE][PASSED] - Browser is opened with url: 'https://opensource-demo.orangehrmlive.com/web/index.php/auth/login'

2023-03-03 10:30:03 - [TEST_STEP][PASSED] - maximizeWindow(): Current window maximized

2023-03-03 10:30:03 - [MESSAGE][PASSED] - Current window maximized

2023-03-03 10:30:03 - [TEST_STEP][PASSED] - Start setup action : setupTestCase: Method 'setupTestCase' complete successfully

2023-03-03 10:30:03 - [TEST_STEP][PASSED] - orange.keywords.userLogin(findTestObject("Login Page/textbox_Username"), username, findTestObject("Login Page/textbox_Password"), password, findTestObject("Login Page/button_Login")): orange.keywords.userLogin is PASSED

2023-03-03 10:30:09 - [MESSAGE][PASSED] - orange.keywords.userLogin is PASSED

2023-03-03 10:30:09 - [MESSAGE][PASSED] - Method 'setupTestCase' complete successfully

2023-03-03 10:30:10 - [TEST_STEP][PASSED] - click(findTestObject("Navigation Sidebar/a_Admin")): Object: 'Object Repository/Navigation Sidebar/a_Admin' is clicked on

2023-03-03 10:30:16 - [MESSAGE][PASSED] - Object: 'Object Repository/Navigation Sidebar/a_Admin' is clicked on

2023-03-03 10:30:16 - [TEST_STEP][PASSED] - click(findTestObject("Admin Page/Qualifications/li_Qualifications")): Object: 'Object Repository/Admin Page/Qualifications/li_Qualifications' is clicked on

2023-03-03 10:30:18 - [MESSAGE][PASSED] - Object: 'Object Repository/Admin Page/Qualifications/li_Qualifications' is clicked on

2023-03-03 10:30:18 - [TEST_STEP][PASSED] - click(findTestObject("Admin Page/Qualifications/Languages/li_Languages")): Object: 'Object Repository/Admin Page/Qualifications/Languages/li_Languages' is clicked on

2023-03-03 10:30:20 - [MESSAGE][PASSED] - Object: 'Object Repository/Admin Page/Qualifications/Languages/li_Languages' is clicked on

2023-03-03 10:30:20 - [TEST_STEP][PASSED] - click(findTestObject("Admin Page/Qualifications/Languages/button_Edit")): Object: 'Object Repository/Admin Page/Qualifications/Languages/button_Edit' is clicked on

2023-03-03 10:30:23 - [MESSAGE][PASSED] - Object: 'Object Repository/Admin Page/Qualifications/Languages/button_Edit' is clicked on

2023-03-03 10:30:23 - [TEST_STEP][PASSED] - sendKeys(findTestObject("Admin Page/Qualifications/Skills/textbox_Username"), Keys.chord(CONTROL, "a")): Keys 'CONTROL + a' sent to object: 'Object Repository/Admin Page/Qualifications/Skills/textbox_Username'

2023-03-03 10:30:25 - [MESSAGE][PASSED] - Keys 'CONTROL + a' sent to object: 'Object Repository/Admin Page/Qualifications/Skills/textbox_Username'

2023-03-03 10:30:25 - [TEST_STEP][PASSED] - sendKeys(findTestObject("Admin Page/Qualifications/Skills/textbox_Username_selected"), "Afgan-Edited-Automation"): Keys 'Afgan-Edited-Automation' sent to object: 'Object Repository/Admin Page/Qualifications/Skills/textbox_Username_selected'

2023-03-03 10:30:27 - [MESSAGE][PASSED] - Keys 'Afgan-Edited-Automation' sent to object: 'Object Repository/Admin Page/Qualifications/Skills/textbox_Username_selected'

2023-03-03 10:30:27 - [TEST_STEP][PASSED] - click(findTestObject("Admin Page/Qualifications/Skills/button_Save")): Object: 'Object Repository/Admin Page/Qualifications/Skills/button_Save' is clicked on

2023-03-03 10:30:28 - [MESSAGE][PASSED] - Object: 'Object Repository/Admin Page/Qualifications/Skills/button_Save' is clicked on

2023-03-03 10:30:28 - [TEST_STEP][PASSED] - waitForElementPresent(findTestObject("Confirmation messages/message_SuccessSuccessfullyUpdated"), 10): Object 'Object Repository/Confirmation messages/message_SuccessSuccessfullyUpdated' is present

2023-03-03 10:30:29 - [MESSAGE][PASSED] - Object 'Object Repository/Confirmation messages/message_SuccessSuccessfullyUpdated' is present

2023-03-03 10:30:29 - [TEST_STEP][PASSED] - verifyElementPresent(findTestObject("Confirmation messages/message_SuccessSuccessfullyUpdated"), 10): Object 'Object Repository/Confirmation messages/message_SuccessSuccessfullyUpdated' is present

2023-03-03 10:30:30 - [MESSAGE][PASSED] - Object 'Object Repository/Confirmation messages/message_SuccessSuccessfullyUpdated' is present

2023-03-03 10:30:30 - [TEST_STEP][ERROR] - Start listener action : sampleAfterTestCase: groovy.lang.MissingPropertyException: No such property: printtestCaseContext for class: TestListener
	at TestListener.sampleAfterTestCase(TestListener.groovy:45)
	at TestListener.invokeMethod(TestListener.groovy)
	at com.kms.katalon.core.context.internal.TestHooker.invokeMethod(TestHooker.java:111)
	at com.kms.katalon.core.context.internal.TestHooker.lambda$3(TestHooker.java:95)
	at com.kms.katalon.core.context.internal.TestHooker.invokeContextMethods(TestHooker.java:94)
	at com.kms.katalon.core.context.internal.TestListenerCollector.lambda$3(TestListenerCollector.java:88)
	at com.kms.katalon.core.context.internal.TestListenerCollector.handleListenerEvent(TestListenerCollector.java:85)
	at com.kms.katalon.core.context.internal.ExecutionEventManager.publicEvent(ExecutionEventManager.java:36)
	at com.kms.katalon.core.main.TestCaseExecutor.execute(TestCaseExecutor.java:315)
	at com.kms.katalon.core.common.CommonExecutor.accessTestCaseMainPhase(CommonExecutor.java:65)
	at com.kms.katalon.core.main.TestSuiteExecutor.accessTestSuiteMainPhase(TestSuiteExecutor.java:151)
	at com.kms.katalon.core.main.TestSuiteExecutor.execute(TestSuiteExecutor.java:106)
	at com.kms.katalon.core.main.TestCaseMain.startTestSuite(TestCaseMain.java:185)
	at com.kms.katalon.core.main.TestCaseMain$startTestSuite$0.call(Unknown Source)
	at TempTestSuite1677835340894.run(TempTestSuite1677835340894.groovy:36)


2023-03-03 10:30:30 - [TEST_STEP][PASSED] - println(testCaseContext.getTestCaseId() + " - "): null

2023-03-03 10:30:30 - [TEST_STEP][ERROR] - println(printtestCaseContext.getTestCaseStatus()): groovy.lang.MissingPropertyException: No such property: printtestCaseContext for class: TestListener
	at TestListener.sampleAfterTestCase(TestListener.groovy:45)
	at TestListener.invokeMethod(TestListener.groovy)
	at com.kms.katalon.core.context.internal.TestHooker.invokeMethod(TestHooker.java:111)
	at com.kms.katalon.core.context.internal.TestHooker.lambda$3(TestHooker.java:95)
	at com.kms.katalon.core.context.internal.TestHooker.invokeContextMethods(TestHooker.java:94)
	at com.kms.katalon.core.context.internal.TestListenerCollector.lambda$3(TestListenerCollector.java:88)
	at com.kms.katalon.core.context.internal.TestListenerCollector.handleListenerEvent(TestListenerCollector.java:85)
	at com.kms.katalon.core.context.internal.ExecutionEventManager.publicEvent(ExecutionEventManager.java:36)
	at com.kms.katalon.core.main.TestCaseExecutor.execute(TestCaseExecutor.java:315)
	at com.kms.katalon.core.common.CommonExecutor.accessTestCaseMainPhase(CommonExecutor.java:65)
	at com.kms.katalon.core.main.TestSuiteExecutor.accessTestSuiteMainPhase(TestSuiteExecutor.java:151)
	at com.kms.katalon.core.main.TestSuiteExecutor.execute(TestSuiteExecutor.java:106)
	at com.kms.katalon.core.main.TestCaseMain.startTestSuite(TestCaseMain.java:185)
	at com.kms.katalon.core.main.TestCaseMain$startTestSuite$0.call(Unknown Source)
	at TempTestSuite1677835340894.run(TempTestSuite1677835340894.groovy:36)


2023-03-03 10:30:30 - [MESSAGE][ERROR] - groovy.lang.MissingPropertyException: No such property: printtestCaseContext for class: TestListener
	at TestListener.sampleAfterTestCase(TestListener.groovy:45)
	at TestListener.invokeMethod(TestListener.groovy)
	at com.kms.katalon.core.context.internal.TestHooker.invokeMethod(TestHooker.java:111)
	at com.kms.katalon.core.context.internal.TestHooker.lambda$3(TestHooker.java:95)
	at com.kms.katalon.core.context.internal.TestHooker.invokeContextMethods(TestHooker.java:94)
	at com.kms.katalon.core.context.internal.TestListenerCollector.lambda$3(TestListenerCollector.java:88)
	at com.kms.katalon.core.context.internal.TestListenerCollector.handleListenerEvent(TestListenerCollector.java:85)
	at com.kms.katalon.core.context.internal.ExecutionEventManager.publicEvent(ExecutionEventManager.java:36)
	at com.kms.katalon.core.main.TestCaseExecutor.execute(TestCaseExecutor.java:315)
	at com.kms.katalon.core.common.CommonExecutor.accessTestCaseMainPhase(CommonExecutor.java:65)
	at com.kms.katalon.core.main.TestSuiteExecutor.accessTestSuiteMainPhase(TestSuiteExecutor.java:151)
	at com.kms.katalon.core.main.TestSuiteExecutor.execute(TestSuiteExecutor.java:106)
	at com.kms.katalon.core.main.TestCaseMain.startTestSuite(TestCaseMain.java:185)
	at com.kms.katalon.core.main.TestCaseMain$startTestSuite$0.call(Unknown Source)
	at TempTestSuite1677835340894.run(TempTestSuite1677835340894.groovy:36)]]></system-out>
         <system-err><![CDATA[]]></system-err>
      </testcase>
      <testcase name="Test Cases/Admin Page/Qualifications/Languages/Delete Language" time="23.869" classname="Test Cases/Admin Page/Qualifications/Languages/Delete Language" status="PASSED">
         <system-out><![CDATA[2023-03-03 10:30:30 - [TEST_CASE][PASSED] - Test Cases/Admin Page/Qualifications/Languages/Delete Language: Test Cases/Admin Page/Qualifications/Languages/Delete Language

2023-03-03 10:30:30 - [TEST_STEP][PASSED] - Start listener action : sampleBeforeTestCase: Current window maximized

2023-03-03 10:30:30 - [TEST_STEP][PASSED] - println(testCaseContext.getTestCaseId()): null

2023-03-03 10:30:30 - [TEST_STEP][PASSED] - println(testCaseContext.getTestCaseVariables()): null

2023-03-03 10:30:30 - [TEST_STEP][PASSED] - openBrowser(baseURL): Browser is opened with url: 'https://opensource-demo.orangehrmlive.com/web/index.php/auth/login'

2023-03-03 10:30:30 - [MESSAGE][WARNING] - A browser is already opened. Closing browser and opening a new one

2023-03-03 10:30:30 - [MESSAGE][INFO] - Starting 'Chrome' driver

2023-03-03 10:30:30 - [MESSAGE][INFO] - Action delay is set to 1,000 milliseconds

2023-03-03 10:30:34 - [MESSAGE][PASSED] - Browser is opened with url: 'https://opensource-demo.orangehrmlive.com/web/index.php/auth/login'

2023-03-03 10:30:34 - [TEST_STEP][PASSED] - maximizeWindow(): Current window maximized

2023-03-03 10:30:35 - [MESSAGE][PASSED] - Current window maximized

2023-03-03 10:30:35 - [TEST_STEP][PASSED] - Start setup action : setupTestCase: Method 'setupTestCase' complete successfully

2023-03-03 10:30:35 - [TEST_STEP][PASSED] - orange.keywords.userLogin(findTestObject("Login Page/textbox_Username"), username, findTestObject("Login Page/textbox_Password"), password, findTestObject("Login Page/button_Login")): orange.keywords.userLogin is PASSED

2023-03-03 10:30:40 - [MESSAGE][PASSED] - orange.keywords.userLogin is PASSED

2023-03-03 10:30:40 - [MESSAGE][PASSED] - Method 'setupTestCase' complete successfully

2023-03-03 10:30:41 - [TEST_STEP][PASSED] - click(findTestObject("Navigation Sidebar/a_Admin")): Object: 'Object Repository/Navigation Sidebar/a_Admin' is clicked on

2023-03-03 10:30:44 - [MESSAGE][PASSED] - Object: 'Object Repository/Navigation Sidebar/a_Admin' is clicked on

2023-03-03 10:30:44 - [TEST_STEP][PASSED] - click(findTestObject("Admin Page/Qualifications/li_Qualifications")): Object: 'Object Repository/Admin Page/Qualifications/li_Qualifications' is clicked on

2023-03-03 10:30:46 - [MESSAGE][PASSED] - Object: 'Object Repository/Admin Page/Qualifications/li_Qualifications' is clicked on

2023-03-03 10:30:46 - [TEST_STEP][PASSED] - click(findTestObject("Admin Page/Qualifications/Languages/li_Languages")): Object: 'Object Repository/Admin Page/Qualifications/Languages/li_Languages' is clicked on

2023-03-03 10:30:48 - [MESSAGE][PASSED] - Object: 'Object Repository/Admin Page/Qualifications/Languages/li_Languages' is clicked on

2023-03-03 10:30:48 - [TEST_STEP][PASSED] - click(findTestObject("Admin Page/Qualifications/Languages/button_Delete")): Object: 'Object Repository/Admin Page/Qualifications/Languages/button_Delete' is clicked on

2023-03-03 10:30:51 - [MESSAGE][PASSED] - Object: 'Object Repository/Admin Page/Qualifications/Languages/button_Delete' is clicked on

2023-03-03 10:30:51 - [TEST_STEP][PASSED] - click(findTestObject("Admin Page/Qualifications/Languages/button_Yes, Delete")): Object: 'Object Repository/Admin Page/Qualifications/Languages/button_Yes, Delete' is clicked on

2023-03-03 10:30:52 - [MESSAGE][PASSED] - Object: 'Object Repository/Admin Page/Qualifications/Languages/button_Yes, Delete' is clicked on

2023-03-03 10:30:52 - [TEST_STEP][PASSED] - waitForElementPresent(findTestObject("Confirmation messages/message_SuccessSuccessfullyDeleted"), 10): Object 'Object Repository/Confirmation messages/message_SuccessSuccessfullyDeleted' is present

2023-03-03 10:30:53 - [MESSAGE][PASSED] - Object 'Object Repository/Confirmation messages/message_SuccessSuccessfullyDeleted' is present

2023-03-03 10:30:53 - [TEST_STEP][PASSED] - verifyElementPresent(findTestObject("Confirmation messages/message_SuccessSuccessfullyDeleted"), 10): Object 'Object Repository/Confirmation messages/message_SuccessSuccessfullyDeleted' is present

2023-03-03 10:30:54 - [MESSAGE][PASSED] - Object 'Object Repository/Confirmation messages/message_SuccessSuccessfullyDeleted' is present

2023-03-03 10:30:54 - [TEST_STEP][ERROR] - Start listener action : sampleAfterTestCase: groovy.lang.MissingPropertyException: No such property: printtestCaseContext for class: TestListener
	at TestListener.sampleAfterTestCase(TestListener.groovy:45)
	at TestListener.invokeMethod(TestListener.groovy)
	at com.kms.katalon.core.context.internal.TestHooker.invokeMethod(TestHooker.java:111)
	at com.kms.katalon.core.context.internal.TestHooker.lambda$3(TestHooker.java:95)
	at com.kms.katalon.core.context.internal.TestHooker.invokeContextMethods(TestHooker.java:94)
	at com.kms.katalon.core.context.internal.TestListenerCollector.lambda$3(TestListenerCollector.java:88)
	at com.kms.katalon.core.context.internal.TestListenerCollector.handleListenerEvent(TestListenerCollector.java:85)
	at com.kms.katalon.core.context.internal.ExecutionEventManager.publicEvent(ExecutionEventManager.java:36)
	at com.kms.katalon.core.main.TestCaseExecutor.execute(TestCaseExecutor.java:315)
	at com.kms.katalon.core.common.CommonExecutor.accessTestCaseMainPhase(CommonExecutor.java:65)
	at com.kms.katalon.core.main.TestSuiteExecutor.accessTestSuiteMainPhase(TestSuiteExecutor.java:151)
	at com.kms.katalon.core.main.TestSuiteExecutor.execute(TestSuiteExecutor.java:106)
	at com.kms.katalon.core.main.TestCaseMain.startTestSuite(TestCaseMain.java:185)
	at com.kms.katalon.core.main.TestCaseMain$startTestSuite$0.call(Unknown Source)
	at TempTestSuite1677835340894.run(TempTestSuite1677835340894.groovy:36)


2023-03-03 10:30:54 - [TEST_STEP][PASSED] - println(testCaseContext.getTestCaseId() + " - "): null

2023-03-03 10:30:54 - [TEST_STEP][ERROR] - println(printtestCaseContext.getTestCaseStatus()): groovy.lang.MissingPropertyException: No such property: printtestCaseContext for class: TestListener
	at TestListener.sampleAfterTestCase(TestListener.groovy:45)
	at TestListener.invokeMethod(TestListener.groovy)
	at com.kms.katalon.core.context.internal.TestHooker.invokeMethod(TestHooker.java:111)
	at com.kms.katalon.core.context.internal.TestHooker.lambda$3(TestHooker.java:95)
	at com.kms.katalon.core.context.internal.TestHooker.invokeContextMethods(TestHooker.java:94)
	at com.kms.katalon.core.context.internal.TestListenerCollector.lambda$3(TestListenerCollector.java:88)
	at com.kms.katalon.core.context.internal.TestListenerCollector.handleListenerEvent(TestListenerCollector.java:85)
	at com.kms.katalon.core.context.internal.ExecutionEventManager.publicEvent(ExecutionEventManager.java:36)
	at com.kms.katalon.core.main.TestCaseExecutor.execute(TestCaseExecutor.java:315)
	at com.kms.katalon.core.common.CommonExecutor.accessTestCaseMainPhase(CommonExecutor.java:65)
	at com.kms.katalon.core.main.TestSuiteExecutor.accessTestSuiteMainPhase(TestSuiteExecutor.java:151)
	at com.kms.katalon.core.main.TestSuiteExecutor.execute(TestSuiteExecutor.java:106)
	at com.kms.katalon.core.main.TestCaseMain.startTestSuite(TestCaseMain.java:185)
	at com.kms.katalon.core.main.TestCaseMain$startTestSuite$0.call(Unknown Source)
	at TempTestSuite1677835340894.run(TempTestSuite1677835340894.groovy:36)


2023-03-03 10:30:54 - [MESSAGE][ERROR] - groovy.lang.MissingPropertyException: No such property: printtestCaseContext for class: TestListener
	at TestListener.sampleAfterTestCase(TestListener.groovy:45)
	at TestListener.invokeMethod(TestListener.groovy)
	at com.kms.katalon.core.context.internal.TestHooker.invokeMethod(TestHooker.java:111)
	at com.kms.katalon.core.context.internal.TestHooker.lambda$3(TestHooker.java:95)
	at com.kms.katalon.core.context.internal.TestHooker.invokeContextMethods(TestHooker.java:94)
	at com.kms.katalon.core.context.internal.TestListenerCollector.lambda$3(TestListenerCollector.java:88)
	at com.kms.katalon.core.context.internal.TestListenerCollector.handleListenerEvent(TestListenerCollector.java:85)
	at com.kms.katalon.core.context.internal.ExecutionEventManager.publicEvent(ExecutionEventManager.java:36)
	at com.kms.katalon.core.main.TestCaseExecutor.execute(TestCaseExecutor.java:315)
	at com.kms.katalon.core.common.CommonExecutor.accessTestCaseMainPhase(CommonExecutor.java:65)
	at com.kms.katalon.core.main.TestSuiteExecutor.accessTestSuiteMainPhase(TestSuiteExecutor.java:151)
	at com.kms.katalon.core.main.TestSuiteExecutor.execute(TestSuiteExecutor.java:106)
	at com.kms.katalon.core.main.TestCaseMain.startTestSuite(TestCaseMain.java:185)
	at com.kms.katalon.core.main.TestCaseMain$startTestSuite$0.call(Unknown Source)
	at TempTestSuite1677835340894.run(TempTestSuite1677835340894.groovy:36)]]></system-out>
         <system-err><![CDATA[]]></system-err>
      </testcase>
      <testcase name="Test Cases/Admin Page/Qualifications/Education/Add Education" time="28.005" classname="Test Cases/Admin Page/Qualifications/Education/Add Education" status="PASSED">
         <system-out><![CDATA[2023-03-03 10:30:54 - [TEST_CASE][PASSED] - Test Cases/Admin Page/Qualifications/Education/Add Education: Test Cases/Admin Page/Qualifications/Education/Add Education

2023-03-03 10:30:54 - [TEST_STEP][PASSED] - Start listener action : sampleBeforeTestCase: Current window maximized

2023-03-03 10:30:54 - [TEST_STEP][PASSED] - println(testCaseContext.getTestCaseId()): null

2023-03-03 10:30:54 - [TEST_STEP][PASSED] - println(testCaseContext.getTestCaseVariables()): null

2023-03-03 10:30:54 - [TEST_STEP][PASSED] - openBrowser(baseURL): Browser is opened with url: 'https://opensource-demo.orangehrmlive.com/web/index.php/auth/login'

2023-03-03 10:30:54 - [MESSAGE][WARNING] - A browser is already opened. Closing browser and opening a new one

2023-03-03 10:30:54 - [MESSAGE][INFO] - Starting 'Chrome' driver

2023-03-03 10:30:54 - [MESSAGE][INFO] - Action delay is set to 1,000 milliseconds

2023-03-03 10:30:58 - [MESSAGE][PASSED] - Browser is opened with url: 'https://opensource-demo.orangehrmlive.com/web/index.php/auth/login'

2023-03-03 10:30:58 - [TEST_STEP][PASSED] - maximizeWindow(): Current window maximized

2023-03-03 10:30:58 - [MESSAGE][PASSED] - Current window maximized

2023-03-03 10:30:58 - [TEST_STEP][PASSED] - Start setup action : setupTestCase: Method 'setupTestCase' complete successfully

2023-03-03 10:30:58 - [TEST_STEP][PASSED] - orange.keywords.userLogin(findTestObject("Login Page/textbox_Username"), username, findTestObject("Login Page/textbox_Password"), password, findTestObject("Login Page/button_Login")): orange.keywords.userLogin is PASSED

2023-03-03 10:31:04 - [MESSAGE][PASSED] - orange.keywords.userLogin is PASSED

2023-03-03 10:31:04 - [MESSAGE][PASSED] - Method 'setupTestCase' complete successfully

2023-03-03 10:31:05 - [TEST_STEP][PASSED] - click(findTestObject("Navigation Sidebar/a_Admin")): Object: 'Object Repository/Navigation Sidebar/a_Admin' is clicked on

2023-03-03 10:31:08 - [MESSAGE][PASSED] - Object: 'Object Repository/Navigation Sidebar/a_Admin' is clicked on

2023-03-03 10:31:08 - [TEST_STEP][PASSED] - click(findTestObject("Admin Page/Qualifications/li_Qualifications")): Object: 'Object Repository/Admin Page/Qualifications/li_Qualifications' is clicked on

2023-03-03 10:31:10 - [MESSAGE][PASSED] - Object: 'Object Repository/Admin Page/Qualifications/li_Qualifications' is clicked on

2023-03-03 10:31:10 - [TEST_STEP][PASSED] - click(findTestObject("Admin Page/Qualifications/Education/li_Education")): Object: 'Object Repository/Admin Page/Qualifications/Education/li_Education' is clicked on

2023-03-03 10:31:12 - [MESSAGE][PASSED] - Object: 'Object Repository/Admin Page/Qualifications/Education/li_Education' is clicked on

2023-03-03 10:31:12 - [TEST_STEP][PASSED] - click(findTestObject("Admin Page/Qualifications/Languages/button_Add")): Object: 'Object Repository/Admin Page/Qualifications/Languages/button_Add' is clicked on

2023-03-03 10:31:15 - [MESSAGE][PASSED] - Object: 'Object Repository/Admin Page/Qualifications/Languages/button_Add' is clicked on

2023-03-03 10:31:15 - [TEST_STEP][PASSED] - sendKeys(findTestObject("Admin Page/Qualifications/Skills/textbox_Username"), education): Keys 'University Degree' sent to object: 'Object Repository/Admin Page/Qualifications/Skills/textbox_Username'

2023-03-03 10:31:17 - [MESSAGE][PASSED] - Keys 'University Degree' sent to object: 'Object Repository/Admin Page/Qualifications/Skills/textbox_Username'

2023-03-03 10:31:17 - [TEST_STEP][PASSED] - click(findTestObject("Admin Page/Qualifications/Skills/button_Save")): Object: 'Object Repository/Admin Page/Qualifications/Skills/button_Save' is clicked on

2023-03-03 10:31:19 - [MESSAGE][PASSED] - Object: 'Object Repository/Admin Page/Qualifications/Skills/button_Save' is clicked on

2023-03-03 10:31:19 - [TEST_STEP][PASSED] - waitForElementPresent(findTestObject("Confirmation messages/message_SuccessSuccessfullySaved"), 10): Object 'Object Repository/Confirmation messages/message_SuccessSuccessfullySaved' is present

2023-03-03 10:31:19 - [MESSAGE][PASSED] - Object 'Object Repository/Confirmation messages/message_SuccessSuccessfullySaved' is present

2023-03-03 10:31:19 - [TEST_STEP][PASSED] - verifyElementPresent(findTestObject("Confirmation messages/message_SuccessSuccessfullySaved"), 10): Object 'Object Repository/Confirmation messages/message_SuccessSuccessfullySaved' is present

2023-03-03 10:31:20 - [MESSAGE][PASSED] - Object 'Object Repository/Confirmation messages/message_SuccessSuccessfullySaved' is present

2023-03-03 10:31:20 - [TEST_STEP][PASSED] - takeScreenshotAsCheckpoint("Added Education"): Taking screenshot successfully

2023-03-03 10:31:21 - [MESSAGE][INFO] - 0 hidden object(s)

2023-03-03 10:31:22 - [MESSAGE][PASSED] - Taking screenshot successfully
[[ATTACHMENT|keyes\keyes-Added Education.png]]

2023-03-03 10:31:22 - [TEST_STEP][ERROR] - Start listener action : sampleAfterTestCase: groovy.lang.MissingPropertyException: No such property: printtestCaseContext for class: TestListener
	at TestListener.sampleAfterTestCase(TestListener.groovy:45)
	at TestListener.invokeMethod(TestListener.groovy)
	at com.kms.katalon.core.context.internal.TestHooker.invokeMethod(TestHooker.java:111)
	at com.kms.katalon.core.context.internal.TestHooker.lambda$3(TestHooker.java:95)
	at com.kms.katalon.core.context.internal.TestHooker.invokeContextMethods(TestHooker.java:94)
	at com.kms.katalon.core.context.internal.TestListenerCollector.lambda$3(TestListenerCollector.java:88)
	at com.kms.katalon.core.context.internal.TestListenerCollector.handleListenerEvent(TestListenerCollector.java:85)
	at com.kms.katalon.core.context.internal.ExecutionEventManager.publicEvent(ExecutionEventManager.java:36)
	at com.kms.katalon.core.main.TestCaseExecutor.execute(TestCaseExecutor.java:315)
	at com.kms.katalon.core.common.CommonExecutor.accessTestCaseMainPhase(CommonExecutor.java:65)
	at com.kms.katalon.core.main.TestSuiteExecutor.accessTestSuiteMainPhase(TestSuiteExecutor.java:151)
	at com.kms.katalon.core.main.TestSuiteExecutor.execute(TestSuiteExecutor.java:106)
	at com.kms.katalon.core.main.TestCaseMain.startTestSuite(TestCaseMain.java:185)
	at com.kms.katalon.core.main.TestCaseMain$startTestSuite$0.call(Unknown Source)
	at TempTestSuite1677835340894.run(TempTestSuite1677835340894.groovy:36)


2023-03-03 10:31:22 - [TEST_STEP][PASSED] - println(testCaseContext.getTestCaseId() + " - "): null

2023-03-03 10:31:22 - [TEST_STEP][ERROR] - println(printtestCaseContext.getTestCaseStatus()): groovy.lang.MissingPropertyException: No such property: printtestCaseContext for class: TestListener
	at TestListener.sampleAfterTestCase(TestListener.groovy:45)
	at TestListener.invokeMethod(TestListener.groovy)
	at com.kms.katalon.core.context.internal.TestHooker.invokeMethod(TestHooker.java:111)
	at com.kms.katalon.core.context.internal.TestHooker.lambda$3(TestHooker.java:95)
	at com.kms.katalon.core.context.internal.TestHooker.invokeContextMethods(TestHooker.java:94)
	at com.kms.katalon.core.context.internal.TestListenerCollector.lambda$3(TestListenerCollector.java:88)
	at com.kms.katalon.core.context.internal.TestListenerCollector.handleListenerEvent(TestListenerCollector.java:85)
	at com.kms.katalon.core.context.internal.ExecutionEventManager.publicEvent(ExecutionEventManager.java:36)
	at com.kms.katalon.core.main.TestCaseExecutor.execute(TestCaseExecutor.java:315)
	at com.kms.katalon.core.common.CommonExecutor.accessTestCaseMainPhase(CommonExecutor.java:65)
	at com.kms.katalon.core.main.TestSuiteExecutor.accessTestSuiteMainPhase(TestSuiteExecutor.java:151)
	at com.kms.katalon.core.main.TestSuiteExecutor.execute(TestSuiteExecutor.java:106)
	at com.kms.katalon.core.main.TestCaseMain.startTestSuite(TestCaseMain.java:185)
	at com.kms.katalon.core.main.TestCaseMain$startTestSuite$0.call(Unknown Source)
	at TempTestSuite1677835340894.run(TempTestSuite1677835340894.groovy:36)


2023-03-03 10:31:22 - [MESSAGE][ERROR] - groovy.lang.MissingPropertyException: No such property: printtestCaseContext for class: TestListener
	at TestListener.sampleAfterTestCase(TestListener.groovy:45)
	at TestListener.invokeMethod(TestListener.groovy)
	at com.kms.katalon.core.context.internal.TestHooker.invokeMethod(TestHooker.java:111)
	at com.kms.katalon.core.context.internal.TestHooker.lambda$3(TestHooker.java:95)
	at com.kms.katalon.core.context.internal.TestHooker.invokeContextMethods(TestHooker.java:94)
	at com.kms.katalon.core.context.internal.TestListenerCollector.lambda$3(TestListenerCollector.java:88)
	at com.kms.katalon.core.context.internal.TestListenerCollector.handleListenerEvent(TestListenerCollector.java:85)
	at com.kms.katalon.core.context.internal.ExecutionEventManager.publicEvent(ExecutionEventManager.java:36)
	at com.kms.katalon.core.main.TestCaseExecutor.execute(TestCaseExecutor.java:315)
	at com.kms.katalon.core.common.CommonExecutor.accessTestCaseMainPhase(CommonExecutor.java:65)
	at com.kms.katalon.core.main.TestSuiteExecutor.accessTestSuiteMainPhase(TestSuiteExecutor.java:151)
	at com.kms.katalon.core.main.TestSuiteExecutor.execute(TestSuiteExecutor.java:106)
	at com.kms.katalon.core.main.TestCaseMain.startTestSuite(TestCaseMain.java:185)
	at com.kms.katalon.core.main.TestCaseMain$startTestSuite$0.call(Unknown Source)
	at TempTestSuite1677835340894.run(TempTestSuite1677835340894.groovy:36)]]></system-out>
         <system-err><![CDATA[]]></system-err>
      </testcase>
      <testcase name="Test Cases/Admin Page/Qualifications/Education/Edit Education" time="28.015" classname="Test Cases/Admin Page/Qualifications/Education/Edit Education" status="PASSED">
         <system-out><![CDATA[2023-03-03 10:31:22 - [TEST_CASE][PASSED] - Test Cases/Admin Page/Qualifications/Education/Edit Education: Test Cases/Admin Page/Qualifications/Education/Edit Education

2023-03-03 10:31:22 - [TEST_STEP][PASSED] - Start listener action : sampleBeforeTestCase: Current window maximized

2023-03-03 10:31:22 - [TEST_STEP][PASSED] - println(testCaseContext.getTestCaseId()): null

2023-03-03 10:31:22 - [TEST_STEP][PASSED] - println(testCaseContext.getTestCaseVariables()): null

2023-03-03 10:31:22 - [TEST_STEP][PASSED] - openBrowser(baseURL): Browser is opened with url: 'https://opensource-demo.orangehrmlive.com/web/index.php/auth/login'

2023-03-03 10:31:22 - [MESSAGE][WARNING] - A browser is already opened. Closing browser and opening a new one

2023-03-03 10:31:22 - [MESSAGE][INFO] - Starting 'Chrome' driver

2023-03-03 10:31:22 - [MESSAGE][INFO] - Action delay is set to 1,000 milliseconds

2023-03-03 10:31:26 - [MESSAGE][PASSED] - Browser is opened with url: 'https://opensource-demo.orangehrmlive.com/web/index.php/auth/login'

2023-03-03 10:31:26 - [TEST_STEP][PASSED] - maximizeWindow(): Current window maximized

2023-03-03 10:31:26 - [MESSAGE][PASSED] - Current window maximized

2023-03-03 10:31:26 - [TEST_STEP][PASSED] - Start setup action : setupTestCase: Method 'setupTestCase' complete successfully

2023-03-03 10:31:26 - [TEST_STEP][PASSED] - orange.keywords.userLogin(findTestObject("Login Page/textbox_Username"), username, findTestObject("Login Page/textbox_Password"), password, findTestObject("Login Page/button_Login")): orange.keywords.userLogin is PASSED

2023-03-03 10:31:32 - [MESSAGE][PASSED] - orange.keywords.userLogin is PASSED

2023-03-03 10:31:32 - [MESSAGE][PASSED] - Method 'setupTestCase' complete successfully

2023-03-03 10:31:33 - [TEST_STEP][PASSED] - click(findTestObject("Navigation Sidebar/a_Admin")): Object: 'Object Repository/Navigation Sidebar/a_Admin' is clicked on

2023-03-03 10:31:36 - [MESSAGE][PASSED] - Object: 'Object Repository/Navigation Sidebar/a_Admin' is clicked on

2023-03-03 10:31:36 - [TEST_STEP][PASSED] - click(findTestObject("Admin Page/Qualifications/li_Qualifications")): Object: 'Object Repository/Admin Page/Qualifications/li_Qualifications' is clicked on

2023-03-03 10:31:38 - [MESSAGE][PASSED] - Object: 'Object Repository/Admin Page/Qualifications/li_Qualifications' is clicked on

2023-03-03 10:31:38 - [TEST_STEP][PASSED] - click(findTestObject("Admin Page/Qualifications/Education/li_Education")): Object: 'Object Repository/Admin Page/Qualifications/Education/li_Education' is clicked on

2023-03-03 10:31:40 - [MESSAGE][PASSED] - Object: 'Object Repository/Admin Page/Qualifications/Education/li_Education' is clicked on

2023-03-03 10:31:40 - [TEST_STEP][PASSED] - click(findTestObject("Admin Page/Qualifications/Education/button_Edit")): Object: 'Object Repository/Admin Page/Qualifications/Education/button_Edit' is clicked on

2023-03-03 10:31:43 - [MESSAGE][PASSED] - Object: 'Object Repository/Admin Page/Qualifications/Education/button_Edit' is clicked on

2023-03-03 10:31:43 - [TEST_STEP][PASSED] - sendKeys(findTestObject("Admin Page/Qualifications/Skills/textbox_Username"), Keys.chord(CONTROL, "a")): Keys 'CONTROL + a' sent to object: 'Object Repository/Admin Page/Qualifications/Skills/textbox_Username'

2023-03-03 10:31:45 - [MESSAGE][PASSED] - Keys 'CONTROL + a' sent to object: 'Object Repository/Admin Page/Qualifications/Skills/textbox_Username'

2023-03-03 10:31:45 - [TEST_STEP][PASSED] - sendKeys(findTestObject("Admin Page/Qualifications/Skills/textbox_Username_selected"), education_edited): Keys 'High school education' sent to object: 'Object Repository/Admin Page/Qualifications/Skills/textbox_Username_selected'

2023-03-03 10:31:47 - [MESSAGE][PASSED] - Keys 'High school education' sent to object: 'Object Repository/Admin Page/Qualifications/Skills/textbox_Username_selected'

2023-03-03 10:31:47 - [TEST_STEP][PASSED] - click(findTestObject("Admin Page/Qualifications/Skills/button_Save")): Object: 'Object Repository/Admin Page/Qualifications/Skills/button_Save' is clicked on

2023-03-03 10:31:48 - [MESSAGE][PASSED] - Object: 'Object Repository/Admin Page/Qualifications/Skills/button_Save' is clicked on

2023-03-03 10:31:48 - [TEST_STEP][PASSED] - waitForElementPresent(findTestObject("Confirmation messages/message_SuccessSuccessfullyUpdated"), 10): Object 'Object Repository/Confirmation messages/message_SuccessSuccessfullyUpdated' is present

2023-03-03 10:31:49 - [MESSAGE][PASSED] - Object 'Object Repository/Confirmation messages/message_SuccessSuccessfullyUpdated' is present

2023-03-03 10:31:49 - [TEST_STEP][PASSED] - verifyElementPresent(findTestObject("Confirmation messages/message_SuccessSuccessfullyUpdated"), 10): Object 'Object Repository/Confirmation messages/message_SuccessSuccessfullyUpdated' is present

2023-03-03 10:31:50 - [MESSAGE][PASSED] - Object 'Object Repository/Confirmation messages/message_SuccessSuccessfullyUpdated' is present

2023-03-03 10:31:50 - [TEST_STEP][ERROR] - Start listener action : sampleAfterTestCase: groovy.lang.MissingPropertyException: No such property: printtestCaseContext for class: TestListener
	at TestListener.sampleAfterTestCase(TestListener.groovy:45)
	at TestListener.invokeMethod(TestListener.groovy)
	at com.kms.katalon.core.context.internal.TestHooker.invokeMethod(TestHooker.java:111)
	at com.kms.katalon.core.context.internal.TestHooker.lambda$3(TestHooker.java:95)
	at com.kms.katalon.core.context.internal.TestHooker.invokeContextMethods(TestHooker.java:94)
	at com.kms.katalon.core.context.internal.TestListenerCollector.lambda$3(TestListenerCollector.java:88)
	at com.kms.katalon.core.context.internal.TestListenerCollector.handleListenerEvent(TestListenerCollector.java:85)
	at com.kms.katalon.core.context.internal.ExecutionEventManager.publicEvent(ExecutionEventManager.java:36)
	at com.kms.katalon.core.main.TestCaseExecutor.execute(TestCaseExecutor.java:315)
	at com.kms.katalon.core.common.CommonExecutor.accessTestCaseMainPhase(CommonExecutor.java:65)
	at com.kms.katalon.core.main.TestSuiteExecutor.accessTestSuiteMainPhase(TestSuiteExecutor.java:151)
	at com.kms.katalon.core.main.TestSuiteExecutor.execute(TestSuiteExecutor.java:106)
	at com.kms.katalon.core.main.TestCaseMain.startTestSuite(TestCaseMain.java:185)
	at com.kms.katalon.core.main.TestCaseMain$startTestSuite$0.call(Unknown Source)
	at TempTestSuite1677835340894.run(TempTestSuite1677835340894.groovy:36)


2023-03-03 10:31:50 - [TEST_STEP][PASSED] - println(testCaseContext.getTestCaseId() + " - "): null

2023-03-03 10:31:50 - [TEST_STEP][ERROR] - println(printtestCaseContext.getTestCaseStatus()): groovy.lang.MissingPropertyException: No such property: printtestCaseContext for class: TestListener
	at TestListener.sampleAfterTestCase(TestListener.groovy:45)
	at TestListener.invokeMethod(TestListener.groovy)
	at com.kms.katalon.core.context.internal.TestHooker.invokeMethod(TestHooker.java:111)
	at com.kms.katalon.core.context.internal.TestHooker.lambda$3(TestHooker.java:95)
	at com.kms.katalon.core.context.internal.TestHooker.invokeContextMethods(TestHooker.java:94)
	at com.kms.katalon.core.context.internal.TestListenerCollector.lambda$3(TestListenerCollector.java:88)
	at com.kms.katalon.core.context.internal.TestListenerCollector.handleListenerEvent(TestListenerCollector.java:85)
	at com.kms.katalon.core.context.internal.ExecutionEventManager.publicEvent(ExecutionEventManager.java:36)
	at com.kms.katalon.core.main.TestCaseExecutor.execute(TestCaseExecutor.java:315)
	at com.kms.katalon.core.common.CommonExecutor.accessTestCaseMainPhase(CommonExecutor.java:65)
	at com.kms.katalon.core.main.TestSuiteExecutor.accessTestSuiteMainPhase(TestSuiteExecutor.java:151)
	at com.kms.katalon.core.main.TestSuiteExecutor.execute(TestSuiteExecutor.java:106)
	at com.kms.katalon.core.main.TestCaseMain.startTestSuite(TestCaseMain.java:185)
	at com.kms.katalon.core.main.TestCaseMain$startTestSuite$0.call(Unknown Source)
	at TempTestSuite1677835340894.run(TempTestSuite1677835340894.groovy:36)


2023-03-03 10:31:50 - [MESSAGE][ERROR] - groovy.lang.MissingPropertyException: No such property: printtestCaseContext for class: TestListener
	at TestListener.sampleAfterTestCase(TestListener.groovy:45)
	at TestListener.invokeMethod(TestListener.groovy)
	at com.kms.katalon.core.context.internal.TestHooker.invokeMethod(TestHooker.java:111)
	at com.kms.katalon.core.context.internal.TestHooker.lambda$3(TestHooker.java:95)
	at com.kms.katalon.core.context.internal.TestHooker.invokeContextMethods(TestHooker.java:94)
	at com.kms.katalon.core.context.internal.TestListenerCollector.lambda$3(TestListenerCollector.java:88)
	at com.kms.katalon.core.context.internal.TestListenerCollector.handleListenerEvent(TestListenerCollector.java:85)
	at com.kms.katalon.core.context.internal.ExecutionEventManager.publicEvent(ExecutionEventManager.java:36)
	at com.kms.katalon.core.main.TestCaseExecutor.execute(TestCaseExecutor.java:315)
	at com.kms.katalon.core.common.CommonExecutor.accessTestCaseMainPhase(CommonExecutor.java:65)
	at com.kms.katalon.core.main.TestSuiteExecutor.accessTestSuiteMainPhase(TestSuiteExecutor.java:151)
	at com.kms.katalon.core.main.TestSuiteExecutor.execute(TestSuiteExecutor.java:106)
	at com.kms.katalon.core.main.TestCaseMain.startTestSuite(TestCaseMain.java:185)
	at com.kms.katalon.core.main.TestCaseMain$startTestSuite$0.call(Unknown Source)
	at TempTestSuite1677835340894.run(TempTestSuite1677835340894.groovy:36)]]></system-out>
         <system-err><![CDATA[]]></system-err>
      </testcase>
      <testcase name="Test Cases/Admin Page/Qualifications/Education/Delete Education" time="24.178" classname="Test Cases/Admin Page/Qualifications/Education/Delete Education" status="PASSED">
         <system-out><![CDATA[2023-03-03 10:31:50 - [TEST_CASE][PASSED] - Test Cases/Admin Page/Qualifications/Education/Delete Education: Test Cases/Admin Page/Qualifications/Education/Delete Education

2023-03-03 10:31:50 - [TEST_STEP][PASSED] - Start listener action : sampleBeforeTestCase: Current window maximized

2023-03-03 10:31:50 - [TEST_STEP][PASSED] - println(testCaseContext.getTestCaseId()): null

2023-03-03 10:31:50 - [TEST_STEP][PASSED] - println(testCaseContext.getTestCaseVariables()): null

2023-03-03 10:31:50 - [TEST_STEP][PASSED] - openBrowser(baseURL): Browser is opened with url: 'https://opensource-demo.orangehrmlive.com/web/index.php/auth/login'

2023-03-03 10:31:50 - [MESSAGE][WARNING] - A browser is already opened. Closing browser and opening a new one

2023-03-03 10:31:50 - [MESSAGE][INFO] - Starting 'Chrome' driver

2023-03-03 10:31:50 - [MESSAGE][INFO] - Action delay is set to 1,000 milliseconds

2023-03-03 10:31:54 - [MESSAGE][PASSED] - Browser is opened with url: 'https://opensource-demo.orangehrmlive.com/web/index.php/auth/login'

2023-03-03 10:31:54 - [TEST_STEP][PASSED] - maximizeWindow(): Current window maximized

2023-03-03 10:31:55 - [MESSAGE][PASSED] - Current window maximized

2023-03-03 10:31:55 - [TEST_STEP][PASSED] - Start setup action : setupTestCase: Method 'setupTestCase' complete successfully

2023-03-03 10:31:55 - [TEST_STEP][PASSED] - orange.keywords.userLogin(findTestObject("Login Page/textbox_Username"), username, findTestObject("Login Page/textbox_Password"), password, findTestObject("Login Page/button_Login")): orange.keywords.userLogin is PASSED

2023-03-03 10:32:00 - [MESSAGE][PASSED] - orange.keywords.userLogin is PASSED

2023-03-03 10:32:00 - [MESSAGE][PASSED] - Method 'setupTestCase' complete successfully

2023-03-03 10:32:01 - [TEST_STEP][PASSED] - click(findTestObject("Navigation Sidebar/a_Admin")): Object: 'Object Repository/Navigation Sidebar/a_Admin' is clicked on

2023-03-03 10:32:04 - [MESSAGE][PASSED] - Object: 'Object Repository/Navigation Sidebar/a_Admin' is clicked on

2023-03-03 10:32:04 - [TEST_STEP][PASSED] - click(findTestObject("Admin Page/Qualifications/li_Qualifications")): Object: 'Object Repository/Admin Page/Qualifications/li_Qualifications' is clicked on

2023-03-03 10:32:07 - [MESSAGE][PASSED] - Object: 'Object Repository/Admin Page/Qualifications/li_Qualifications' is clicked on

2023-03-03 10:32:07 - [TEST_STEP][PASSED] - click(findTestObject("Admin Page/Qualifications/Education/li_Education")): Object: 'Object Repository/Admin Page/Qualifications/Education/li_Education' is clicked on

2023-03-03 10:32:09 - [MESSAGE][PASSED] - Object: 'Object Repository/Admin Page/Qualifications/Education/li_Education' is clicked on

2023-03-03 10:32:09 - [TEST_STEP][PASSED] - click(findTestObject("Admin Page/Qualifications/Education/button_Delete")): Object: 'Object Repository/Admin Page/Qualifications/Education/button_Delete' is clicked on

2023-03-03 10:32:11 - [MESSAGE][PASSED] - Object: 'Object Repository/Admin Page/Qualifications/Education/button_Delete' is clicked on

2023-03-03 10:32:11 - [TEST_STEP][PASSED] - click(findTestObject("Admin Page/Qualifications/Languages/button_Yes, Delete")): Object: 'Object Repository/Admin Page/Qualifications/Languages/button_Yes, Delete' is clicked on

2023-03-03 10:32:13 - [MESSAGE][PASSED] - Object: 'Object Repository/Admin Page/Qualifications/Languages/button_Yes, Delete' is clicked on

2023-03-03 10:32:13 - [TEST_STEP][PASSED] - waitForElementPresent(findTestObject("Confirmation messages/message_SuccessSuccessfullyDeleted"), 10): Object 'Object Repository/Confirmation messages/message_SuccessSuccessfullyDeleted' is present

2023-03-03 10:32:13 - [MESSAGE][PASSED] - Object 'Object Repository/Confirmation messages/message_SuccessSuccessfullyDeleted' is present

2023-03-03 10:32:13 - [TEST_STEP][PASSED] - verifyElementPresent(findTestObject("Confirmation messages/message_SuccessSuccessfullyDeleted"), 10): Object 'Object Repository/Confirmation messages/message_SuccessSuccessfullyDeleted' is present

2023-03-03 10:32:14 - [MESSAGE][PASSED] - Object 'Object Repository/Confirmation messages/message_SuccessSuccessfullyDeleted' is present

2023-03-03 10:32:14 - [TEST_STEP][ERROR] - Start listener action : sampleAfterTestCase: groovy.lang.MissingPropertyException: No such property: printtestCaseContext for class: TestListener
	at TestListener.sampleAfterTestCase(TestListener.groovy:45)
	at TestListener.invokeMethod(TestListener.groovy)
	at com.kms.katalon.core.context.internal.TestHooker.invokeMethod(TestHooker.java:111)
	at com.kms.katalon.core.context.internal.TestHooker.lambda$3(TestHooker.java:95)
	at com.kms.katalon.core.context.internal.TestHooker.invokeContextMethods(TestHooker.java:94)
	at com.kms.katalon.core.context.internal.TestListenerCollector.lambda$3(TestListenerCollector.java:88)
	at com.kms.katalon.core.context.internal.TestListenerCollector.handleListenerEvent(TestListenerCollector.java:85)
	at com.kms.katalon.core.context.internal.ExecutionEventManager.publicEvent(ExecutionEventManager.java:36)
	at com.kms.katalon.core.main.TestCaseExecutor.execute(TestCaseExecutor.java:315)
	at com.kms.katalon.core.common.CommonExecutor.accessTestCaseMainPhase(CommonExecutor.java:65)
	at com.kms.katalon.core.main.TestSuiteExecutor.accessTestSuiteMainPhase(TestSuiteExecutor.java:151)
	at com.kms.katalon.core.main.TestSuiteExecutor.execute(TestSuiteExecutor.java:106)
	at com.kms.katalon.core.main.TestCaseMain.startTestSuite(TestCaseMain.java:185)
	at com.kms.katalon.core.main.TestCaseMain$startTestSuite$0.call(Unknown Source)
	at TempTestSuite1677835340894.run(TempTestSuite1677835340894.groovy:36)


2023-03-03 10:32:14 - [TEST_STEP][PASSED] - println(testCaseContext.getTestCaseId() + " - "): null

2023-03-03 10:32:14 - [TEST_STEP][ERROR] - println(printtestCaseContext.getTestCaseStatus()): groovy.lang.MissingPropertyException: No such property: printtestCaseContext for class: TestListener
	at TestListener.sampleAfterTestCase(TestListener.groovy:45)
	at TestListener.invokeMethod(TestListener.groovy)
	at com.kms.katalon.core.context.internal.TestHooker.invokeMethod(TestHooker.java:111)
	at com.kms.katalon.core.context.internal.TestHooker.lambda$3(TestHooker.java:95)
	at com.kms.katalon.core.context.internal.TestHooker.invokeContextMethods(TestHooker.java:94)
	at com.kms.katalon.core.context.internal.TestListenerCollector.lambda$3(TestListenerCollector.java:88)
	at com.kms.katalon.core.context.internal.TestListenerCollector.handleListenerEvent(TestListenerCollector.java:85)
	at com.kms.katalon.core.context.internal.ExecutionEventManager.publicEvent(ExecutionEventManager.java:36)
	at com.kms.katalon.core.main.TestCaseExecutor.execute(TestCaseExecutor.java:315)
	at com.kms.katalon.core.common.CommonExecutor.accessTestCaseMainPhase(CommonExecutor.java:65)
	at com.kms.katalon.core.main.TestSuiteExecutor.accessTestSuiteMainPhase(TestSuiteExecutor.java:151)
	at com.kms.katalon.core.main.TestSuiteExecutor.execute(TestSuiteExecutor.java:106)
	at com.kms.katalon.core.main.TestCaseMain.startTestSuite(TestCaseMain.java:185)
	at com.kms.katalon.core.main.TestCaseMain$startTestSuite$0.call(Unknown Source)
	at TempTestSuite1677835340894.run(TempTestSuite1677835340894.groovy:36)


2023-03-03 10:32:14 - [MESSAGE][ERROR] - groovy.lang.MissingPropertyException: No such property: printtestCaseContext for class: TestListener
	at TestListener.sampleAfterTestCase(TestListener.groovy:45)
	at TestListener.invokeMethod(TestListener.groovy)
	at com.kms.katalon.core.context.internal.TestHooker.invokeMethod(TestHooker.java:111)
	at com.kms.katalon.core.context.internal.TestHooker.lambda$3(TestHooker.java:95)
	at com.kms.katalon.core.context.internal.TestHooker.invokeContextMethods(TestHooker.java:94)
	at com.kms.katalon.core.context.internal.TestListenerCollector.lambda$3(TestListenerCollector.java:88)
	at com.kms.katalon.core.context.internal.TestListenerCollector.handleListenerEvent(TestListenerCollector.java:85)
	at com.kms.katalon.core.context.internal.ExecutionEventManager.publicEvent(ExecutionEventManager.java:36)
	at com.kms.katalon.core.main.TestCaseExecutor.execute(TestCaseExecutor.java:315)
	at com.kms.katalon.core.common.CommonExecutor.accessTestCaseMainPhase(CommonExecutor.java:65)
	at com.kms.katalon.core.main.TestSuiteExecutor.accessTestSuiteMainPhase(TestSuiteExecutor.java:151)
	at com.kms.katalon.core.main.TestSuiteExecutor.execute(TestSuiteExecutor.java:106)
	at com.kms.katalon.core.main.TestCaseMain.startTestSuite(TestCaseMain.java:185)
	at com.kms.katalon.core.main.TestCaseMain$startTestSuite$0.call(Unknown Source)
	at TempTestSuite1677835340894.run(TempTestSuite1677835340894.groovy:36)]]></system-out>
         <system-err><![CDATA[]]></system-err>
      </testcase>
      <system-out><![CDATA[2023-03-03 10:25:12 - [TEST_SUITE][PASSED] - Qualifications Dropdown Suite: Test Cases/Admin Page/Qualifications/Education/Delete Education]]></system-out>
      <system-err><![CDATA[]]></system-err>
   </testsuite>
   <testsuite name="Nationalities Suite" tests="3" failures="0" errors="0" time="92.741" skipped="0" timestamp="2023-03-03 10:27:35" hostname="PC - host.docker.internal" id="Test Suites/Nationalities Suite">
      <properties>
         <property name="deviceName" value=""/>
         <property name="devicePlatform" value=""/>
         <property name="logFolder" value="C:\\Users\\PC\\Desktop\\Katalon Projects\\Orange Web Test Automation\\Reports\\20230303_102213\\Nationalities Suite\\20230303_102222"/>
         <property name="logFiles" value="C:\\Users\\PC\\Desktop\\Katalon Projects\\Orange Web Test Automation\\Reports\\20230303_102213\\Nationalities Suite\\20230303_102222\\execution0.log"/>
         <property name="attachments" value=""/>
         <property name="hostName" value="PC - host.docker.internal"/>
         <property name="os" value="Windows 10 64bit"/>
         <property name="katalonVersion" value="8.5.5.208"/>
         <property name="browser" value="Firefox 110.0"/>
         <property name="hostAddress" value="192.168.0.23"/>
         <property name="sessionId" value="ff6cfa04-656f-486f-a536-db852c786e82"/>
         <property name="seleniumVersion" value="3.141.59"/>
         <property name="proxyInformation" value="ProxyInformation { proxyOption=NO_PROXY, proxyServerType=HTTP, username=, password=********, proxyServerAddress=, proxyServerPort=0, executionList=&quot;&quot;, isApplyToDesiredCapabilities=true }"/>
         <property name="platform" value="Windows 10"/>
      </properties>
      <testcase name="Test Cases/Admin Page/Nationalities/Add Nationality" time="31.623" classname="Test Cases/Admin Page/Nationalities/Add Nationality" status="PASSED">
         <system-out><![CDATA[2023-03-03 10:27:35 - [TEST_CASE][PASSED] - Test Cases/Admin Page/Nationalities/Add Nationality: Test Cases/Admin Page/Nationalities/Add Nationality

2023-03-03 10:27:35 - [TEST_STEP][PASSED] - Start listener action : sampleBeforeTestCase: Current window maximized

2023-03-03 10:27:35 - [TEST_STEP][PASSED] - println(testCaseContext.getTestCaseId()): null

2023-03-03 10:27:35 - [TEST_STEP][PASSED] - println(testCaseContext.getTestCaseVariables()): null

2023-03-03 10:27:35 - [TEST_STEP][PASSED] - openBrowser(baseURL): Browser is opened with url: 'https://opensource-demo.orangehrmlive.com/web/index.php/auth/login'

2023-03-03 10:27:36 - [MESSAGE][INFO] - Starting 'Firefox' driver

2023-03-03 10:27:36 - [MESSAGE][INFO] - Action delay is set to 1,000 milliseconds

2023-03-03 10:27:45 - [MESSAGE][PASSED] - Browser is opened with url: 'https://opensource-demo.orangehrmlive.com/web/index.php/auth/login'

2023-03-03 10:27:45 - [TEST_STEP][PASSED] - maximizeWindow(): Current window maximized

2023-03-03 10:27:45 - [MESSAGE][PASSED] - Current window maximized

2023-03-03 10:27:45 - [TEST_STEP][PASSED] - Start setup action : setupTestCase: Method 'setupTestCase' complete successfully

2023-03-03 10:27:45 - [TEST_STEP][PASSED] - orange.keywords.userLogin(findTestObject("Login Page/textbox_Username"), username, findTestObject("Login Page/textbox_Password"), password, findTestObject("Login Page/button_Login")): orange.keywords.userLogin is PASSED

2023-03-03 10:27:51 - [MESSAGE][PASSED] - orange.keywords.userLogin is PASSED

2023-03-03 10:27:51 - [MESSAGE][PASSED] - Method 'setupTestCase' complete successfully

2023-03-03 10:27:51 - [TEST_STEP][PASSED] - click(findTestObject("Navigation Sidebar/a_Admin")): Object: 'Object Repository/Navigation Sidebar/a_Admin' is clicked on

2023-03-03 10:27:55 - [MESSAGE][PASSED] - Object: 'Object Repository/Navigation Sidebar/a_Admin' is clicked on

2023-03-03 10:27:55 - [TEST_STEP][PASSED] - click(findTestObject("Admin Page/Nationalities/li_Nationalities")): Object: 'Object Repository/Admin Page/Nationalities/li_Nationalities' is clicked on

2023-03-03 10:27:57 - [MESSAGE][PASSED] - Object: 'Object Repository/Admin Page/Nationalities/li_Nationalities' is clicked on

2023-03-03 10:27:57 - [TEST_STEP][PASSED] - click(findTestObject("Admin Page/Nationalities/button_Add")): Object: 'Object Repository/Admin Page/Nationalities/button_Add' is clicked on

2023-03-03 10:28:01 - [MESSAGE][PASSED] - Object: 'Object Repository/Admin Page/Nationalities/button_Add' is clicked on

2023-03-03 10:28:01 - [TEST_STEP][PASSED] - sendKeys(findTestObject("Admin Page/Qualifications/Skills/textbox_Username"), nationality): Keys 'Afgan-Automation' sent to object: 'Object Repository/Admin Page/Qualifications/Skills/textbox_Username'

2023-03-03 10:28:04 - [MESSAGE][PASSED] - Keys 'Afgan-Automation' sent to object: 'Object Repository/Admin Page/Qualifications/Skills/textbox_Username'

2023-03-03 10:28:04 - [TEST_STEP][PASSED] - click(findTestObject("Admin Page/Nationalities/button_Save")): Object: 'Object Repository/Admin Page/Nationalities/button_Save' is clicked on

2023-03-03 10:28:05 - [MESSAGE][PASSED] - Object: 'Object Repository/Admin Page/Nationalities/button_Save' is clicked on

2023-03-03 10:28:06 - [TEST_STEP][PASSED] - verifyElementPresent(findTestObject("Confirmation messages/message_SuccessSuccessfullySaved"), 10): Object 'Object Repository/Confirmation messages/message_SuccessSuccessfullySaved' is present

2023-03-03 10:28:06 - [MESSAGE][PASSED] - Object 'Object Repository/Confirmation messages/message_SuccessSuccessfullySaved' is present

2023-03-03 10:28:06 - [TEST_STEP][PASSED] - waitForElementPresent(findTestObject("Confirmation messages/message_SuccessSuccessfullySaved"), 10): Object 'Object Repository/Confirmation messages/message_SuccessSuccessfullySaved' is present

2023-03-03 10:28:07 - [MESSAGE][PASSED] - Object 'Object Repository/Confirmation messages/message_SuccessSuccessfullySaved' is present

2023-03-03 10:28:07 - [TEST_STEP][ERROR] - Start listener action : sampleAfterTestCase: groovy.lang.MissingPropertyException: No such property: printtestCaseContext for class: TestListener
	at TestListener.sampleAfterTestCase(TestListener.groovy:45)
	at TestListener.invokeMethod(TestListener.groovy)
	at com.kms.katalon.core.context.internal.TestHooker.invokeMethod(TestHooker.java:111)
	at com.kms.katalon.core.context.internal.TestHooker.lambda$3(TestHooker.java:95)
	at com.kms.katalon.core.context.internal.TestHooker.invokeContextMethods(TestHooker.java:94)
	at com.kms.katalon.core.context.internal.TestListenerCollector.lambda$3(TestListenerCollector.java:88)
	at com.kms.katalon.core.context.internal.TestListenerCollector.handleListenerEvent(TestListenerCollector.java:85)
	at com.kms.katalon.core.context.internal.ExecutionEventManager.publicEvent(ExecutionEventManager.java:36)
	at com.kms.katalon.core.main.TestCaseExecutor.execute(TestCaseExecutor.java:315)
	at com.kms.katalon.core.common.CommonExecutor.accessTestCaseMainPhase(CommonExecutor.java:65)
	at com.kms.katalon.core.main.TestSuiteExecutor.accessTestSuiteMainPhase(TestSuiteExecutor.java:151)
	at com.kms.katalon.core.main.TestSuiteExecutor.execute(TestSuiteExecutor.java:106)
	at com.kms.katalon.core.main.TestCaseMain.startTestSuite(TestCaseMain.java:185)
	at com.kms.katalon.core.main.TestCaseMain$startTestSuite$0.call(Unknown Source)
	at TempTestSuite1677835342728.run(TempTestSuite1677835342728.groovy:36)


2023-03-03 10:28:07 - [TEST_STEP][PASSED] - println(testCaseContext.getTestCaseId() + " - "): null

2023-03-03 10:28:07 - [TEST_STEP][ERROR] - println(printtestCaseContext.getTestCaseStatus()): groovy.lang.MissingPropertyException: No such property: printtestCaseContext for class: TestListener
	at TestListener.sampleAfterTestCase(TestListener.groovy:45)
	at TestListener.invokeMethod(TestListener.groovy)
	at com.kms.katalon.core.context.internal.TestHooker.invokeMethod(TestHooker.java:111)
	at com.kms.katalon.core.context.internal.TestHooker.lambda$3(TestHooker.java:95)
	at com.kms.katalon.core.context.internal.TestHooker.invokeContextMethods(TestHooker.java:94)
	at com.kms.katalon.core.context.internal.TestListenerCollector.lambda$3(TestListenerCollector.java:88)
	at com.kms.katalon.core.context.internal.TestListenerCollector.handleListenerEvent(TestListenerCollector.java:85)
	at com.kms.katalon.core.context.internal.ExecutionEventManager.publicEvent(ExecutionEventManager.java:36)
	at com.kms.katalon.core.main.TestCaseExecutor.execute(TestCaseExecutor.java:315)
	at com.kms.katalon.core.common.CommonExecutor.accessTestCaseMainPhase(CommonExecutor.java:65)
	at com.kms.katalon.core.main.TestSuiteExecutor.accessTestSuiteMainPhase(TestSuiteExecutor.java:151)
	at com.kms.katalon.core.main.TestSuiteExecutor.execute(TestSuiteExecutor.java:106)
	at com.kms.katalon.core.main.TestCaseMain.startTestSuite(TestCaseMain.java:185)
	at com.kms.katalon.core.main.TestCaseMain$startTestSuite$0.call(Unknown Source)
	at TempTestSuite1677835342728.run(TempTestSuite1677835342728.groovy:36)


2023-03-03 10:28:07 - [MESSAGE][ERROR] - groovy.lang.MissingPropertyException: No such property: printtestCaseContext for class: TestListener
	at TestListener.sampleAfterTestCase(TestListener.groovy:45)
	at TestListener.invokeMethod(TestListener.groovy)
	at com.kms.katalon.core.context.internal.TestHooker.invokeMethod(TestHooker.java:111)
	at com.kms.katalon.core.context.internal.TestHooker.lambda$3(TestHooker.java:95)
	at com.kms.katalon.core.context.internal.TestHooker.invokeContextMethods(TestHooker.java:94)
	at com.kms.katalon.core.context.internal.TestListenerCollector.lambda$3(TestListenerCollector.java:88)
	at com.kms.katalon.core.context.internal.TestListenerCollector.handleListenerEvent(TestListenerCollector.java:85)
	at com.kms.katalon.core.context.internal.ExecutionEventManager.publicEvent(ExecutionEventManager.java:36)
	at com.kms.katalon.core.main.TestCaseExecutor.execute(TestCaseExecutor.java:315)
	at com.kms.katalon.core.common.CommonExecutor.accessTestCaseMainPhase(CommonExecutor.java:65)
	at com.kms.katalon.core.main.TestSuiteExecutor.accessTestSuiteMainPhase(TestSuiteExecutor.java:151)
	at com.kms.katalon.core.main.TestSuiteExecutor.execute(TestSuiteExecutor.java:106)
	at com.kms.katalon.core.main.TestCaseMain.startTestSuite(TestCaseMain.java:185)
	at com.kms.katalon.core.main.TestCaseMain$startTestSuite$0.call(Unknown Source)
	at TempTestSuite1677835342728.run(TempTestSuite1677835342728.groovy:36)]]></system-out>
         <system-err><![CDATA[]]></system-err>
      </testcase>
      <testcase name="Test Cases/Admin Page/Nationalities/Edit Nationality" time="32.239" classname="Test Cases/Admin Page/Nationalities/Edit Nationality" status="PASSED">
         <system-out><![CDATA[2023-03-03 10:28:07 - [TEST_CASE][PASSED] - Test Cases/Admin Page/Nationalities/Edit Nationality: Test Cases/Admin Page/Nationalities/Edit Nationality

2023-03-03 10:28:07 - [TEST_STEP][PASSED] - Start listener action : sampleBeforeTestCase: Current window maximized

2023-03-03 10:28:07 - [TEST_STEP][PASSED] - println(testCaseContext.getTestCaseId()): null

2023-03-03 10:28:07 - [TEST_STEP][PASSED] - println(testCaseContext.getTestCaseVariables()): null

2023-03-03 10:28:07 - [TEST_STEP][PASSED] - openBrowser(baseURL): Browser is opened with url: 'https://opensource-demo.orangehrmlive.com/web/index.php/auth/login'

2023-03-03 10:28:07 - [MESSAGE][WARNING] - A browser is already opened. Closing browser and opening a new one

2023-03-03 10:28:08 - [MESSAGE][INFO] - Starting 'Firefox' driver

2023-03-03 10:28:08 - [MESSAGE][INFO] - Action delay is set to 1,000 milliseconds

2023-03-03 10:28:15 - [MESSAGE][PASSED] - Browser is opened with url: 'https://opensource-demo.orangehrmlive.com/web/index.php/auth/login'

2023-03-03 10:28:15 - [TEST_STEP][PASSED] - maximizeWindow(): Current window maximized

2023-03-03 10:28:15 - [MESSAGE][PASSED] - Current window maximized

2023-03-03 10:28:15 - [TEST_STEP][PASSED] - Start setup action : setupTestCase: Method 'setupTestCase' complete successfully

2023-03-03 10:28:15 - [TEST_STEP][PASSED] - orange.keywords.userLogin(findTestObject("Login Page/textbox_Username"), username, findTestObject("Login Page/textbox_Password"), password, findTestObject("Login Page/button_Login")): orange.keywords.userLogin is PASSED

2023-03-03 10:28:22 - [MESSAGE][PASSED] - orange.keywords.userLogin is PASSED

2023-03-03 10:28:22 - [MESSAGE][PASSED] - Method 'setupTestCase' complete successfully

2023-03-03 10:28:22 - [TEST_STEP][PASSED] - click(findTestObject("Navigation Sidebar/a_Admin")): Object: 'Object Repository/Navigation Sidebar/a_Admin' is clicked on

2023-03-03 10:28:26 - [MESSAGE][PASSED] - Object: 'Object Repository/Navigation Sidebar/a_Admin' is clicked on

2023-03-03 10:28:26 - [TEST_STEP][PASSED] - click(findTestObject("Admin Page/Nationalities/li_Nationalities")): Object: 'Object Repository/Admin Page/Nationalities/li_Nationalities' is clicked on

2023-03-03 10:28:28 - [MESSAGE][PASSED] - Object: 'Object Repository/Admin Page/Nationalities/li_Nationalities' is clicked on

2023-03-03 10:28:28 - [TEST_STEP][PASSED] - click(findTestObject("Admin Page/Nationalities/button_Edit")): Object: 'Object Repository/Admin Page/Nationalities/button_Edit' is clicked on

2023-03-03 10:28:32 - [MESSAGE][PASSED] - Object: 'Object Repository/Admin Page/Nationalities/button_Edit' is clicked on

2023-03-03 10:28:32 - [TEST_STEP][PASSED] - sendKeys(findTestObject("Admin Page/Qualifications/Skills/textbox_Username"), Keys.chord(CONTROL, "a")): Keys 'CONTROL + a' sent to object: 'Object Repository/Admin Page/Qualifications/Skills/textbox_Username'

2023-03-03 10:28:35 - [MESSAGE][PASSED] - Keys 'CONTROL + a' sent to object: 'Object Repository/Admin Page/Qualifications/Skills/textbox_Username'

2023-03-03 10:28:35 - [TEST_STEP][PASSED] - sendKeys(findTestObject("Admin Page/Qualifications/Skills/textbox_Username_selected"), edited_nationality): Keys 'Austrian-Automation' sent to object: 'Object Repository/Admin Page/Qualifications/Skills/textbox_Username_selected'

2023-03-03 10:28:36 - [MESSAGE][PASSED] - Keys 'Austrian-Automation' sent to object: 'Object Repository/Admin Page/Qualifications/Skills/textbox_Username_selected'

2023-03-03 10:28:36 - [TEST_STEP][PASSED] - click(findTestObject("Admin Page/Qualifications/Skills/button_Save")): Object: 'Object Repository/Admin Page/Qualifications/Skills/button_Save' is clicked on

2023-03-03 10:28:38 - [MESSAGE][PASSED] - Object: 'Object Repository/Admin Page/Qualifications/Skills/button_Save' is clicked on

2023-03-03 10:28:38 - [TEST_STEP][PASSED] - waitForElementPresent(findTestObject("Confirmation messages/message_SuccessSuccessfullyUpdated"), 10): Object 'Object Repository/Confirmation messages/message_SuccessSuccessfullyUpdated' is present

2023-03-03 10:28:38 - [MESSAGE][PASSED] - Object 'Object Repository/Confirmation messages/message_SuccessSuccessfullyUpdated' is present

2023-03-03 10:28:38 - [TEST_STEP][PASSED] - verifyElementPresent(findTestObject("Confirmation messages/message_SuccessSuccessfullyUpdated"), 10): Object 'Object Repository/Confirmation messages/message_SuccessSuccessfullyUpdated' is present

2023-03-03 10:28:39 - [MESSAGE][PASSED] - Object 'Object Repository/Confirmation messages/message_SuccessSuccessfullyUpdated' is present

2023-03-03 10:28:39 - [TEST_STEP][ERROR] - Start listener action : sampleAfterTestCase: groovy.lang.MissingPropertyException: No such property: printtestCaseContext for class: TestListener
	at TestListener.sampleAfterTestCase(TestListener.groovy:45)
	at TestListener.invokeMethod(TestListener.groovy)
	at com.kms.katalon.core.context.internal.TestHooker.invokeMethod(TestHooker.java:111)
	at com.kms.katalon.core.context.internal.TestHooker.lambda$3(TestHooker.java:95)
	at com.kms.katalon.core.context.internal.TestHooker.invokeContextMethods(TestHooker.java:94)
	at com.kms.katalon.core.context.internal.TestListenerCollector.lambda$3(TestListenerCollector.java:88)
	at com.kms.katalon.core.context.internal.TestListenerCollector.handleListenerEvent(TestListenerCollector.java:85)
	at com.kms.katalon.core.context.internal.ExecutionEventManager.publicEvent(ExecutionEventManager.java:36)
	at com.kms.katalon.core.main.TestCaseExecutor.execute(TestCaseExecutor.java:315)
	at com.kms.katalon.core.common.CommonExecutor.accessTestCaseMainPhase(CommonExecutor.java:65)
	at com.kms.katalon.core.main.TestSuiteExecutor.accessTestSuiteMainPhase(TestSuiteExecutor.java:151)
	at com.kms.katalon.core.main.TestSuiteExecutor.execute(TestSuiteExecutor.java:106)
	at com.kms.katalon.core.main.TestCaseMain.startTestSuite(TestCaseMain.java:185)
	at com.kms.katalon.core.main.TestCaseMain$startTestSuite$0.call(Unknown Source)
	at TempTestSuite1677835342728.run(TempTestSuite1677835342728.groovy:36)


2023-03-03 10:28:39 - [TEST_STEP][PASSED] - println(testCaseContext.getTestCaseId() + " - "): null

2023-03-03 10:28:39 - [TEST_STEP][ERROR] - println(printtestCaseContext.getTestCaseStatus()): groovy.lang.MissingPropertyException: No such property: printtestCaseContext for class: TestListener
	at TestListener.sampleAfterTestCase(TestListener.groovy:45)
	at TestListener.invokeMethod(TestListener.groovy)
	at com.kms.katalon.core.context.internal.TestHooker.invokeMethod(TestHooker.java:111)
	at com.kms.katalon.core.context.internal.TestHooker.lambda$3(TestHooker.java:95)
	at com.kms.katalon.core.context.internal.TestHooker.invokeContextMethods(TestHooker.java:94)
	at com.kms.katalon.core.context.internal.TestListenerCollector.lambda$3(TestListenerCollector.java:88)
	at com.kms.katalon.core.context.internal.TestListenerCollector.handleListenerEvent(TestListenerCollector.java:85)
	at com.kms.katalon.core.context.internal.ExecutionEventManager.publicEvent(ExecutionEventManager.java:36)
	at com.kms.katalon.core.main.TestCaseExecutor.execute(TestCaseExecutor.java:315)
	at com.kms.katalon.core.common.CommonExecutor.accessTestCaseMainPhase(CommonExecutor.java:65)
	at com.kms.katalon.core.main.TestSuiteExecutor.accessTestSuiteMainPhase(TestSuiteExecutor.java:151)
	at com.kms.katalon.core.main.TestSuiteExecutor.execute(TestSuiteExecutor.java:106)
	at com.kms.katalon.core.main.TestCaseMain.startTestSuite(TestCaseMain.java:185)
	at com.kms.katalon.core.main.TestCaseMain$startTestSuite$0.call(Unknown Source)
	at TempTestSuite1677835342728.run(TempTestSuite1677835342728.groovy:36)


2023-03-03 10:28:39 - [MESSAGE][ERROR] - groovy.lang.MissingPropertyException: No such property: printtestCaseContext for class: TestListener
	at TestListener.sampleAfterTestCase(TestListener.groovy:45)
	at TestListener.invokeMethod(TestListener.groovy)
	at com.kms.katalon.core.context.internal.TestHooker.invokeMethod(TestHooker.java:111)
	at com.kms.katalon.core.context.internal.TestHooker.lambda$3(TestHooker.java:95)
	at com.kms.katalon.core.context.internal.TestHooker.invokeContextMethods(TestHooker.java:94)
	at com.kms.katalon.core.context.internal.TestListenerCollector.lambda$3(TestListenerCollector.java:88)
	at com.kms.katalon.core.context.internal.TestListenerCollector.handleListenerEvent(TestListenerCollector.java:85)
	at com.kms.katalon.core.context.internal.ExecutionEventManager.publicEvent(ExecutionEventManager.java:36)
	at com.kms.katalon.core.main.TestCaseExecutor.execute(TestCaseExecutor.java:315)
	at com.kms.katalon.core.common.CommonExecutor.accessTestCaseMainPhase(CommonExecutor.java:65)
	at com.kms.katalon.core.main.TestSuiteExecutor.accessTestSuiteMainPhase(TestSuiteExecutor.java:151)
	at com.kms.katalon.core.main.TestSuiteExecutor.execute(TestSuiteExecutor.java:106)
	at com.kms.katalon.core.main.TestCaseMain.startTestSuite(TestCaseMain.java:185)
	at com.kms.katalon.core.main.TestCaseMain$startTestSuite$0.call(Unknown Source)
	at TempTestSuite1677835342728.run(TempTestSuite1677835342728.groovy:36)]]></system-out>
         <system-err><![CDATA[]]></system-err>
      </testcase>
      <testcase name="Test Cases/Admin Page/Nationalities/Delete Nationality" time="28.468" classname="Test Cases/Admin Page/Nationalities/Delete Nationality" status="PASSED">
         <system-out><![CDATA[2023-03-03 10:28:39 - [TEST_CASE][PASSED] - Test Cases/Admin Page/Nationalities/Delete Nationality: Test Cases/Admin Page/Nationalities/Delete Nationality

2023-03-03 10:28:39 - [TEST_STEP][PASSED] - Start listener action : sampleBeforeTestCase: Current window maximized

2023-03-03 10:28:39 - [TEST_STEP][PASSED] - println(testCaseContext.getTestCaseId()): null

2023-03-03 10:28:39 - [TEST_STEP][PASSED] - println(testCaseContext.getTestCaseVariables()): null

2023-03-03 10:28:39 - [TEST_STEP][PASSED] - openBrowser(baseURL): Browser is opened with url: 'https://opensource-demo.orangehrmlive.com/web/index.php/auth/login'

2023-03-03 10:28:39 - [MESSAGE][WARNING] - A browser is already opened. Closing browser and opening a new one

2023-03-03 10:28:41 - [MESSAGE][INFO] - Starting 'Firefox' driver

2023-03-03 10:28:41 - [MESSAGE][INFO] - Action delay is set to 1,000 milliseconds

2023-03-03 10:28:48 - [MESSAGE][PASSED] - Browser is opened with url: 'https://opensource-demo.orangehrmlive.com/web/index.php/auth/login'

2023-03-03 10:28:48 - [TEST_STEP][PASSED] - maximizeWindow(): Current window maximized

2023-03-03 10:28:48 - [MESSAGE][PASSED] - Current window maximized

2023-03-03 10:28:48 - [TEST_STEP][PASSED] - Start setup action : setupTestCase: Method 'setupTestCase' complete successfully

2023-03-03 10:28:48 - [TEST_STEP][PASSED] - orange.keywords.userLogin(findTestObject("Login Page/textbox_Username"), username, findTestObject("Login Page/textbox_Password"), password, findTestObject("Login Page/button_Login")): orange.keywords.userLogin is PASSED

2023-03-03 10:28:54 - [MESSAGE][PASSED] - orange.keywords.userLogin is PASSED

2023-03-03 10:28:54 - [MESSAGE][PASSED] - Method 'setupTestCase' complete successfully

2023-03-03 10:28:56 - [TEST_STEP][PASSED] - click(findTestObject("Navigation Sidebar/a_Admin")): Object: 'Object Repository/Navigation Sidebar/a_Admin' is clicked on

2023-03-03 10:28:58 - [MESSAGE][PASSED] - Object: 'Object Repository/Navigation Sidebar/a_Admin' is clicked on

2023-03-03 10:28:58 - [TEST_STEP][PASSED] - click(findTestObject("Admin Page/Nationalities/li_Nationalities")): Object: 'Object Repository/Admin Page/Nationalities/li_Nationalities' is clicked on

2023-03-03 10:29:01 - [MESSAGE][PASSED] - Object: 'Object Repository/Admin Page/Nationalities/li_Nationalities' is clicked on

2023-03-03 10:29:01 - [TEST_STEP][PASSED] - click(findTestObject("Admin Page/Nationalities/button_Delete")): Object: 'Object Repository/Admin Page/Nationalities/button_Delete' is clicked on

2023-03-03 10:29:04 - [MESSAGE][PASSED] - Object: 'Object Repository/Admin Page/Nationalities/button_Delete' is clicked on

2023-03-03 10:29:04 - [TEST_STEP][PASSED] - click(findTestObject("Admin Page/Qualifications/Languages/button_Yes, Delete")): Object: 'Object Repository/Admin Page/Qualifications/Languages/button_Yes, Delete' is clicked on

2023-03-03 10:29:06 - [MESSAGE][PASSED] - Object: 'Object Repository/Admin Page/Qualifications/Languages/button_Yes, Delete' is clicked on

2023-03-03 10:29:06 - [TEST_STEP][PASSED] - waitForElementPresent(findTestObject("Confirmation messages/message_SuccessSuccessfullyDeleted"), 10): Object 'Object Repository/Confirmation messages/message_SuccessSuccessfullyDeleted' is present

2023-03-03 10:29:07 - [MESSAGE][PASSED] - Object 'Object Repository/Confirmation messages/message_SuccessSuccessfullyDeleted' is present

2023-03-03 10:29:07 - [TEST_STEP][PASSED] - verifyElementPresent(findTestObject("Confirmation messages/message_SuccessSuccessfullyDeleted"), 10): Object 'Object Repository/Confirmation messages/message_SuccessSuccessfullyDeleted' is present

2023-03-03 10:29:07 - [MESSAGE][PASSED] - Object 'Object Repository/Confirmation messages/message_SuccessSuccessfullyDeleted' is present

2023-03-03 10:29:07 - [TEST_STEP][ERROR] - Start listener action : sampleAfterTestCase: groovy.lang.MissingPropertyException: No such property: printtestCaseContext for class: TestListener
	at TestListener.sampleAfterTestCase(TestListener.groovy:45)
	at TestListener.invokeMethod(TestListener.groovy)
	at com.kms.katalon.core.context.internal.TestHooker.invokeMethod(TestHooker.java:111)
	at com.kms.katalon.core.context.internal.TestHooker.lambda$3(TestHooker.java:95)
	at com.kms.katalon.core.context.internal.TestHooker.invokeContextMethods(TestHooker.java:94)
	at com.kms.katalon.core.context.internal.TestListenerCollector.lambda$3(TestListenerCollector.java:88)
	at com.kms.katalon.core.context.internal.TestListenerCollector.handleListenerEvent(TestListenerCollector.java:85)
	at com.kms.katalon.core.context.internal.ExecutionEventManager.publicEvent(ExecutionEventManager.java:36)
	at com.kms.katalon.core.main.TestCaseExecutor.execute(TestCaseExecutor.java:315)
	at com.kms.katalon.core.common.CommonExecutor.accessTestCaseMainPhase(CommonExecutor.java:65)
	at com.kms.katalon.core.main.TestSuiteExecutor.accessTestSuiteMainPhase(TestSuiteExecutor.java:151)
	at com.kms.katalon.core.main.TestSuiteExecutor.execute(TestSuiteExecutor.java:106)
	at com.kms.katalon.core.main.TestCaseMain.startTestSuite(TestCaseMain.java:185)
	at com.kms.katalon.core.main.TestCaseMain$startTestSuite$0.call(Unknown Source)
	at TempTestSuite1677835342728.run(TempTestSuite1677835342728.groovy:36)


2023-03-03 10:29:07 - [TEST_STEP][PASSED] - println(testCaseContext.getTestCaseId() + " - "): null

2023-03-03 10:29:07 - [TEST_STEP][ERROR] - println(printtestCaseContext.getTestCaseStatus()): groovy.lang.MissingPropertyException: No such property: printtestCaseContext for class: TestListener
	at TestListener.sampleAfterTestCase(TestListener.groovy:45)
	at TestListener.invokeMethod(TestListener.groovy)
	at com.kms.katalon.core.context.internal.TestHooker.invokeMethod(TestHooker.java:111)
	at com.kms.katalon.core.context.internal.TestHooker.lambda$3(TestHooker.java:95)
	at com.kms.katalon.core.context.internal.TestHooker.invokeContextMethods(TestHooker.java:94)
	at com.kms.katalon.core.context.internal.TestListenerCollector.lambda$3(TestListenerCollector.java:88)
	at com.kms.katalon.core.context.internal.TestListenerCollector.handleListenerEvent(TestListenerCollector.java:85)
	at com.kms.katalon.core.context.internal.ExecutionEventManager.publicEvent(ExecutionEventManager.java:36)
	at com.kms.katalon.core.main.TestCaseExecutor.execute(TestCaseExecutor.java:315)
	at com.kms.katalon.core.common.CommonExecutor.accessTestCaseMainPhase(CommonExecutor.java:65)
	at com.kms.katalon.core.main.TestSuiteExecutor.accessTestSuiteMainPhase(TestSuiteExecutor.java:151)
	at com.kms.katalon.core.main.TestSuiteExecutor.execute(TestSuiteExecutor.java:106)
	at com.kms.katalon.core.main.TestCaseMain.startTestSuite(TestCaseMain.java:185)
	at com.kms.katalon.core.main.TestCaseMain$startTestSuite$0.call(Unknown Source)
	at TempTestSuite1677835342728.run(TempTestSuite1677835342728.groovy:36)


2023-03-03 10:29:07 - [MESSAGE][ERROR] - groovy.lang.MissingPropertyException: No such property: printtestCaseContext for class: TestListener
	at TestListener.sampleAfterTestCase(TestListener.groovy:45)
	at TestListener.invokeMethod(TestListener.groovy)
	at com.kms.katalon.core.context.internal.TestHooker.invokeMethod(TestHooker.java:111)
	at com.kms.katalon.core.context.internal.TestHooker.lambda$3(TestHooker.java:95)
	at com.kms.katalon.core.context.internal.TestHooker.invokeContextMethods(TestHooker.java:94)
	at com.kms.katalon.core.context.internal.TestListenerCollector.lambda$3(TestListenerCollector.java:88)
	at com.kms.katalon.core.context.internal.TestListenerCollector.handleListenerEvent(TestListenerCollector.java:85)
	at com.kms.katalon.core.context.internal.ExecutionEventManager.publicEvent(ExecutionEventManager.java:36)
	at com.kms.katalon.core.main.TestCaseExecutor.execute(TestCaseExecutor.java:315)
	at com.kms.katalon.core.common.CommonExecutor.accessTestCaseMainPhase(CommonExecutor.java:65)
	at com.kms.katalon.core.main.TestSuiteExecutor.accessTestSuiteMainPhase(TestSuiteExecutor.java:151)
	at com.kms.katalon.core.main.TestSuiteExecutor.execute(TestSuiteExecutor.java:106)
	at com.kms.katalon.core.main.TestCaseMain.startTestSuite(TestCaseMain.java:185)
	at com.kms.katalon.core.main.TestCaseMain$startTestSuite$0.call(Unknown Source)
	at TempTestSuite1677835342728.run(TempTestSuite1677835342728.groovy:36)]]></system-out>
         <system-err><![CDATA[]]></system-err>
      </testcase>
      <system-out><![CDATA[2023-03-03 10:27:35 - [TEST_SUITE][PASSED] - Nationalities Suite: Test Cases/Admin Page/Nationalities/Delete Nationality]]></system-out>
      <system-err><![CDATA[]]></system-err>
   </testsuite>
</testsuites>
