<?xml version="1.0" encoding="UTF-8"?>
<testsuites name="Qualifications Dropdown Suite" time="504.647" tests="15" failures="0" errors="0">
   <testsuite name="Qualifications Dropdown Suite" tests="15" failures="0" errors="0" time="504.647" skipped="0" timestamp="2023-01-26 14:22:27" hostname="PC - DESKTOP-BHVHH8C" id="Test Suites/Qualifications Dropdown Suite">
      <properties>
         <property name="deviceName" value=""/>
         <property name="devicePlatform" value=""/>
         <property name="logFolder" value="C:\\Users\\PC\\git\\Orange Web Test Automation\\Reports\\20230126_142103\\Qualifications Dropdown Suite\\20230126_142110"/>
         <property name="logFiles" value="C:\\Users\\PC\\git\\Orange Web Test Automation\\Reports\\20230126_142103\\Qualifications Dropdown Suite\\20230126_142110\\execution0.log"/>
         <property name="attachments" value=""/>
         <property name="hostName" value="PC - DESKTOP-BHVHH8C"/>
         <property name="os" value="Windows 10 64bit"/>
         <property name="katalonVersion" value="8.5.5.208"/>
         <property name="browser" value="Firefox 109.0"/>
         <property name="hostAddress" value="192.168.88.235"/>
         <property name="sessionId" value="460dca50-78e6-4b2d-9161-8665abe82db5"/>
         <property name="seleniumVersion" value="3.141.59"/>
         <property name="proxyInformation" value="ProxyInformation { proxyOption=NO_PROXY, proxyServerType=HTTP, username=, password=********, proxyServerAddress=, proxyServerPort=0, executionList=&quot;&quot;, isApplyToDesiredCapabilities=true }"/>
         <property name="platform" value="Windows 10"/>
      </properties>
      <testcase name="Test Cases/Admin Page/Qualifications/Skills/Add Skill" time="40.955" classname="Test Cases/Admin Page/Qualifications/Skills/Add Skill" status="PASSED">
         <system-out><![CDATA[2023-01-26 14:22:28 - [TEST_CASE][PASSED] - Test Cases/Admin Page/Qualifications/Skills/Add Skill: Test Cases/Admin Page/Qualifications/Skills/Add Skill

2023-01-26 14:22:29 - [TEST_STEP][PASSED] - openBrowser(baseURL): Browser is opened with url: 'https://opensource-demo.orangehrmlive.com/web/index.php/auth/login'

2023-01-26 14:22:31 - [MESSAGE][INFO] - Starting 'Firefox' driver

2023-01-26 14:22:32 - [MESSAGE][INFO] - Action delay is set to 1,000 milliseconds

2023-01-26 14:22:40 - [MESSAGE][PASSED] - Browser is opened with url: 'https://opensource-demo.orangehrmlive.com/web/index.php/auth/login'

2023-01-26 14:22:40 - [TEST_STEP][PASSED] - maximizeWindow(): Current window maximized

2023-01-26 14:22:41 - [MESSAGE][PASSED] - Current window maximized

2023-01-26 14:22:41 - [TEST_STEP][PASSED] - orange.keywords.userLogin(findTestObject("Login Papge/textbox_Username"), username, findTestObject("Login Papge/textbox_Password"), password, findTestObject("Login Papge/button_Login")): orange.keywords.userLogin is PASSED

2023-01-26 14:22:47 - [MESSAGE][PASSED] - orange.keywords.userLogin is PASSED

2023-01-26 14:22:47 - [TEST_STEP][PASSED] - click(findTestObject("Navigation Sidebar/a_Admin")): Object: 'Object Repository/Navigation Sidebar/a_Admin' is clicked on

2023-01-26 14:22:51 - [MESSAGE][PASSED] - Object: 'Object Repository/Navigation Sidebar/a_Admin' is clicked on

2023-01-26 14:22:51 - [TEST_STEP][PASSED] - click(findTestObject("Admin Page/Qualifications/li_Qualifications")): Object: 'Object Repository/Admin Page/Qualifications/li_Qualifications' is clicked on

2023-01-26 14:22:54 - [MESSAGE][PASSED] - Object: 'Object Repository/Admin Page/Qualifications/li_Qualifications' is clicked on

2023-01-26 14:22:54 - [TEST_STEP][PASSED] - click(findTestObject("Admin Page/Qualifications/Skills/li_Skills")): Object: 'Object Repository/Admin Page/Qualifications/Skills/li_Skills' is clicked on

2023-01-26 14:22:56 - [MESSAGE][PASSED] - Object: 'Object Repository/Admin Page/Qualifications/Skills/li_Skills' is clicked on

2023-01-26 14:22:56 - [TEST_STEP][PASSED] - click(findTestObject("Admin Page/Qualifications/Languages/button_Add")): Object: 'Object Repository/Admin Page/Qualifications/Languages/button_Add' is clicked on

2023-01-26 14:22:59 - [MESSAGE][PASSED] - Object: 'Object Repository/Admin Page/Qualifications/Languages/button_Add' is clicked on

2023-01-26 14:22:59 - [TEST_STEP][PASSED] - sendKeys(findTestObject("Admin Page/Qualifications/Skills/textbox_Username"), "Assertiveness-Automation"): Keys 'Assertiveness-Automation' sent to object: 'Object Repository/Admin Page/Qualifications/Skills/textbox_Username'

2023-01-26 14:23:01 - [MESSAGE][PASSED] - Keys 'Assertiveness-Automation' sent to object: 'Object Repository/Admin Page/Qualifications/Skills/textbox_Username'

2023-01-26 14:23:01 - [TEST_STEP][PASSED] - sendKeys(findTestObject("Admin Page/Qualifications/Skills/textarea_Description"), "Everything best"): Keys 'Everything best' sent to object: 'Object Repository/Admin Page/Qualifications/Skills/textarea_Description'

2023-01-26 14:23:03 - [MESSAGE][PASSED] - Keys 'Everything best' sent to object: 'Object Repository/Admin Page/Qualifications/Skills/textarea_Description'

2023-01-26 14:23:03 - [TEST_STEP][PASSED] - click(findTestObject("Admin Page/Qualifications/Skills/button_Save")): Object: 'Object Repository/Admin Page/Qualifications/Skills/button_Save' is clicked on

2023-01-26 14:23:05 - [MESSAGE][PASSED] - Object: 'Object Repository/Admin Page/Qualifications/Skills/button_Save' is clicked on

2023-01-26 14:23:05 - [TEST_STEP][PASSED] - waitForElementPresent(findTestObject("Confirmation messages/message_SuccessSuccessfullySaved"), 10): Object 'Object Repository/Confirmation messages/message_SuccessSuccessfullySaved' is present

2023-01-26 14:23:06 - [MESSAGE][PASSED] - Object 'Object Repository/Confirmation messages/message_SuccessSuccessfullySaved' is present

2023-01-26 14:23:06 - [TEST_STEP][PASSED] - verifyElementPresent(findTestObject("Confirmation messages/message_SuccessSuccessfullySaved"), 10): Object 'Object Repository/Confirmation messages/message_SuccessSuccessfullySaved' is present

2023-01-26 14:23:06 - [MESSAGE][PASSED] - Object 'Object Repository/Confirmation messages/message_SuccessSuccessfullySaved' is present

2023-01-26 14:23:06 - [TEST_STEP][PASSED] - closeBrowser(): Browser is closed

2023-01-26 14:23:08 - [MESSAGE][PASSED] - Browser is closed]]></system-out>
         <system-err><![CDATA[]]></system-err>
      </testcase>
      <testcase name="Test Cases/Admin Page/Qualifications/Skills/Edit Skill" time="38.432" classname="Test Cases/Admin Page/Qualifications/Skills/Edit Skill" status="PASSED">
         <system-out><![CDATA[2023-01-26 14:23:09 - [TEST_CASE][PASSED] - Test Cases/Admin Page/Qualifications/Skills/Edit Skill: Test Cases/Admin Page/Qualifications/Skills/Edit Skill

2023-01-26 14:23:10 - [TEST_STEP][PASSED] - openBrowser(baseURL): Browser is opened with url: 'https://opensource-demo.orangehrmlive.com/web/index.php/auth/login'

2023-01-26 14:23:10 - [MESSAGE][INFO] - Starting 'Firefox' driver

2023-01-26 14:23:10 - [MESSAGE][INFO] - Action delay is set to 1,000 milliseconds

2023-01-26 14:23:17 - [MESSAGE][PASSED] - Browser is opened with url: 'https://opensource-demo.orangehrmlive.com/web/index.php/auth/login'

2023-01-26 14:23:17 - [TEST_STEP][PASSED] - maximizeWindow(): Current window maximized

2023-01-26 14:23:17 - [MESSAGE][PASSED] - Current window maximized

2023-01-26 14:23:17 - [TEST_STEP][PASSED] - orange.keywords.userLogin(findTestObject("Login Papge/textbox_Username"), username, findTestObject("Login Papge/textbox_Password"), password, findTestObject("Login Papge/button_Login")): orange.keywords.userLogin is PASSED

2023-01-26 14:23:23 - [MESSAGE][PASSED] - orange.keywords.userLogin is PASSED

2023-01-26 14:23:23 - [TEST_STEP][PASSED] - click(findTestObject("Navigation Sidebar/a_Admin")): Object: 'Object Repository/Navigation Sidebar/a_Admin' is clicked on

2023-01-26 14:23:27 - [MESSAGE][PASSED] - Object: 'Object Repository/Navigation Sidebar/a_Admin' is clicked on

2023-01-26 14:23:27 - [TEST_STEP][PASSED] - click(findTestObject("Admin Page/Qualifications/li_Qualifications")): Object: 'Object Repository/Admin Page/Qualifications/li_Qualifications' is clicked on

2023-01-26 14:23:29 - [MESSAGE][PASSED] - Object: 'Object Repository/Admin Page/Qualifications/li_Qualifications' is clicked on

2023-01-26 14:23:29 - [TEST_STEP][PASSED] - click(findTestObject("Admin Page/Qualifications/Skills/li_Skills")): Object: 'Object Repository/Admin Page/Qualifications/Skills/li_Skills' is clicked on

2023-01-26 14:23:32 - [MESSAGE][PASSED] - Object: 'Object Repository/Admin Page/Qualifications/Skills/li_Skills' is clicked on

2023-01-26 14:23:32 - [TEST_STEP][PASSED] - click(findTestObject("Admin Page/Qualifications/Skills/button_Edit")): Object: 'Object Repository/Admin Page/Qualifications/Skills/button_Edit' is clicked on

2023-01-26 14:23:35 - [MESSAGE][PASSED] - Object: 'Object Repository/Admin Page/Qualifications/Skills/button_Edit' is clicked on

2023-01-26 14:23:35 - [TEST_STEP][PASSED] - sendKeys(findTestObject("Admin Page/Qualifications/Skills/textbox_Username"), Keys.chord(CONTROL, "a")): Keys 'CONTROL + a' sent to object: 'Object Repository/Admin Page/Qualifications/Skills/textbox_Username'

2023-01-26 14:23:37 - [MESSAGE][PASSED] - Keys 'CONTROL + a' sent to object: 'Object Repository/Admin Page/Qualifications/Skills/textbox_Username'

2023-01-26 14:23:37 - [TEST_STEP][PASSED] - sendKeys(findTestObject("Admin Page/Qualifications/Skills/textbox_Username_selected"), "Assertiveness-Automation-Edited"): Keys 'Assertiveness-Automation-Edited' sent to object: 'Object Repository/Admin Page/Qualifications/Skills/textbox_Username_selected'

2023-01-26 14:23:39 - [MESSAGE][PASSED] - Keys 'Assertiveness-Automation-Edited' sent to object: 'Object Repository/Admin Page/Qualifications/Skills/textbox_Username_selected'

2023-01-26 14:23:39 - [TEST_STEP][PASSED] - sendKeys(findTestObject("Admin Page/Qualifications/Skills/textarea_Description"), Keys.chord(CONTROL, "a")): Keys 'CONTROL + a' sent to object: 'Object Repository/Admin Page/Qualifications/Skills/textarea_Description'

2023-01-26 14:23:40 - [MESSAGE][PASSED] - Keys 'CONTROL + a' sent to object: 'Object Repository/Admin Page/Qualifications/Skills/textarea_Description'

2023-01-26 14:23:40 - [TEST_STEP][PASSED] - sendKeys(findTestObject("Admin Page/Qualifications/Skills/textarea_Description"), "New description-new skill"): Keys 'New description-new skill' sent to object: 'Object Repository/Admin Page/Qualifications/Skills/textarea_Description'

2023-01-26 14:23:42 - [MESSAGE][PASSED] - Keys 'New description-new skill' sent to object: 'Object Repository/Admin Page/Qualifications/Skills/textarea_Description'

2023-01-26 14:23:42 - [TEST_STEP][PASSED] - click(findTestObject("Admin Page/Qualifications/Skills/button_Save")): Object: 'Object Repository/Admin Page/Qualifications/Skills/button_Save' is clicked on

2023-01-26 14:23:43 - [MESSAGE][PASSED] - Object: 'Object Repository/Admin Page/Qualifications/Skills/button_Save' is clicked on

2023-01-26 14:23:43 - [TEST_STEP][PASSED] - waitForElementPresent(findTestObject("Confirmation messages/message_SuccessSuccessfullyUpdated"), 10): Object 'Object Repository/Confirmation messages/message_SuccessSuccessfullyUpdated' is present

2023-01-26 14:23:44 - [MESSAGE][PASSED] - Object 'Object Repository/Confirmation messages/message_SuccessSuccessfullyUpdated' is present

2023-01-26 14:23:44 - [TEST_STEP][PASSED] - verifyElementPresent(findTestObject("Confirmation messages/message_SuccessSuccessfullyUpdated"), 10): Object 'Object Repository/Confirmation messages/message_SuccessSuccessfullyUpdated' is present

2023-01-26 14:23:45 - [MESSAGE][PASSED] - Object 'Object Repository/Confirmation messages/message_SuccessSuccessfullyUpdated' is present

2023-01-26 14:23:45 - [TEST_STEP][PASSED] - closeBrowser(): Browser is closed

2023-01-26 14:23:47 - [MESSAGE][PASSED] - Browser is closed]]></system-out>
         <system-err><![CDATA[]]></system-err>
      </testcase>
      <testcase name="Test Cases/Admin Page/Qualifications/Skills/Delete Skill" time="29.576" classname="Test Cases/Admin Page/Qualifications/Skills/Delete Skill" status="PASSED">
         <system-out><![CDATA[2023-01-26 14:23:47 - [TEST_CASE][PASSED] - Test Cases/Admin Page/Qualifications/Skills/Delete Skill: Test Cases/Admin Page/Qualifications/Skills/Delete Skill

2023-01-26 14:23:48 - [TEST_STEP][PASSED] - openBrowser(baseURL): Browser is opened with url: 'https://opensource-demo.orangehrmlive.com/web/index.php/auth/login'

2023-01-26 14:23:48 - [MESSAGE][INFO] - Starting 'Firefox' driver

2023-01-26 14:23:48 - [MESSAGE][INFO] - Action delay is set to 1,000 milliseconds

2023-01-26 14:23:55 - [MESSAGE][PASSED] - Browser is opened with url: 'https://opensource-demo.orangehrmlive.com/web/index.php/auth/login'

2023-01-26 14:23:55 - [TEST_STEP][PASSED] - maximizeWindow(): Current window maximized

2023-01-26 14:23:55 - [MESSAGE][PASSED] - Current window maximized

2023-01-26 14:23:55 - [TEST_STEP][PASSED] - orange.keywords.userLogin(findTestObject("Login Papge/textbox_Username"), username, findTestObject("Login Papge/textbox_Password"), password, findTestObject("Login Papge/button_Login")): orange.keywords.userLogin is PASSED

2023-01-26 14:24:01 - [MESSAGE][PASSED] - orange.keywords.userLogin is PASSED

2023-01-26 14:24:01 - [TEST_STEP][PASSED] - click(findTestObject("Navigation Sidebar/a_Admin")): Object: 'Object Repository/Navigation Sidebar/a_Admin' is clicked on

2023-01-26 14:24:04 - [MESSAGE][PASSED] - Object: 'Object Repository/Navigation Sidebar/a_Admin' is clicked on

2023-01-26 14:24:04 - [TEST_STEP][PASSED] - click(findTestObject("Admin Page/Qualifications/li_Qualifications")): Object: 'Object Repository/Admin Page/Qualifications/li_Qualifications' is clicked on

2023-01-26 14:24:07 - [MESSAGE][PASSED] - Object: 'Object Repository/Admin Page/Qualifications/li_Qualifications' is clicked on

2023-01-26 14:24:07 - [TEST_STEP][PASSED] - click(findTestObject("Admin Page/Qualifications/Skills/li_Skills")): Object: 'Object Repository/Admin Page/Qualifications/Skills/li_Skills' is clicked on

2023-01-26 14:24:09 - [MESSAGE][PASSED] - Object: 'Object Repository/Admin Page/Qualifications/Skills/li_Skills' is clicked on

2023-01-26 14:24:09 - [TEST_STEP][PASSED] - click(findTestObject("Admin Page/Qualifications/Skills/button_Delete")): Object: 'Object Repository/Admin Page/Qualifications/Skills/button_Delete' is clicked on

2023-01-26 14:24:12 - [MESSAGE][PASSED] - Object: 'Object Repository/Admin Page/Qualifications/Skills/button_Delete' is clicked on

2023-01-26 14:24:12 - [TEST_STEP][PASSED] - click(findTestObject("Admin Page/Qualifications/Languages/button_Yes, Delete")): Object: 'Object Repository/Admin Page/Qualifications/Languages/button_Yes, Delete' is clicked on

2023-01-26 14:24:14 - [MESSAGE][PASSED] - Object: 'Object Repository/Admin Page/Qualifications/Languages/button_Yes, Delete' is clicked on

2023-01-26 14:24:14 - [TEST_STEP][PASSED] - waitForElementPresent(findTestObject("Confirmation messages/message_SuccessSuccessfullyDeleted"), 10): Object 'Object Repository/Confirmation messages/message_SuccessSuccessfullyDeleted' is present

2023-01-26 14:24:14 - [MESSAGE][PASSED] - Object 'Object Repository/Confirmation messages/message_SuccessSuccessfullyDeleted' is present

2023-01-26 14:24:14 - [TEST_STEP][PASSED] - verifyElementPresent(findTestObject("Confirmation messages/message_SuccessSuccessfullyDeleted"), 10): Object 'Object Repository/Confirmation messages/message_SuccessSuccessfullyDeleted' is present

2023-01-26 14:24:15 - [MESSAGE][PASSED] - Object 'Object Repository/Confirmation messages/message_SuccessSuccessfullyDeleted' is present

2023-01-26 14:24:15 - [TEST_STEP][PASSED] - closeBrowser(): Browser is closed

2023-01-26 14:24:17 - [MESSAGE][PASSED] - Browser is closed]]></system-out>
         <system-err><![CDATA[]]></system-err>
      </testcase>
      <testcase name="Test Cases/Admin Page/Qualifications/Memberships/Add Membership" time="32.385" classname="Test Cases/Admin Page/Qualifications/Memberships/Add Membership" status="PASSED">
         <system-out><![CDATA[2023-01-26 14:24:17 - [TEST_CASE][PASSED] - Test Cases/Admin Page/Qualifications/Memberships/Add Membership: Test Cases/Admin Page/Qualifications/Memberships/Add Membership

2023-01-26 14:24:18 - [TEST_STEP][PASSED] - openBrowser(baseURL): Browser is opened with url: 'https://opensource-demo.orangehrmlive.com/web/index.php/auth/login'

2023-01-26 14:24:18 - [MESSAGE][INFO] - Starting 'Firefox' driver

2023-01-26 14:24:18 - [MESSAGE][INFO] - Action delay is set to 1,000 milliseconds

2023-01-26 14:24:25 - [MESSAGE][PASSED] - Browser is opened with url: 'https://opensource-demo.orangehrmlive.com/web/index.php/auth/login'

2023-01-26 14:24:25 - [TEST_STEP][PASSED] - maximizeWindow(): Current window maximized

2023-01-26 14:24:25 - [MESSAGE][PASSED] - Current window maximized

2023-01-26 14:24:25 - [TEST_STEP][PASSED] - orange.keywords.userLogin(findTestObject("Login Papge/textbox_Username"), username, findTestObject("Login Papge/textbox_Password"), password, findTestObject("Login Papge/button_Login")): orange.keywords.userLogin is PASSED

2023-01-26 14:24:31 - [MESSAGE][PASSED] - orange.keywords.userLogin is PASSED

2023-01-26 14:24:31 - [TEST_STEP][PASSED] - click(findTestObject("Navigation Sidebar/a_Admin")): Object: 'Object Repository/Navigation Sidebar/a_Admin' is clicked on

2023-01-26 14:24:34 - [MESSAGE][PASSED] - Object: 'Object Repository/Navigation Sidebar/a_Admin' is clicked on

2023-01-26 14:24:34 - [TEST_STEP][PASSED] - click(findTestObject("Admin Page/Qualifications/li_Qualifications")): Object: 'Object Repository/Admin Page/Qualifications/li_Qualifications' is clicked on

2023-01-26 14:24:37 - [MESSAGE][PASSED] - Object: 'Object Repository/Admin Page/Qualifications/li_Qualifications' is clicked on

2023-01-26 14:24:37 - [TEST_STEP][PASSED] - click(findTestObject("Admin Page/Qualifications/Memberships/li_Memberships")): Object: 'Object Repository/Admin Page/Qualifications/Memberships/li_Memberships' is clicked on

2023-01-26 14:24:39 - [MESSAGE][PASSED] - Object: 'Object Repository/Admin Page/Qualifications/Memberships/li_Memberships' is clicked on

2023-01-26 14:24:39 - [TEST_STEP][PASSED] - click(findTestObject("Admin Page/Qualifications/Languages/button_Add")): Object: 'Object Repository/Admin Page/Qualifications/Languages/button_Add' is clicked on

2023-01-26 14:24:42 - [MESSAGE][PASSED] - Object: 'Object Repository/Admin Page/Qualifications/Languages/button_Add' is clicked on

2023-01-26 14:24:42 - [TEST_STEP][PASSED] - sendKeys(findTestObject("Admin Page/Qualifications/Skills/textbox_Username"), "Gold Membership-Automation"): Keys 'Gold Membership-Automation' sent to object: 'Object Repository/Admin Page/Qualifications/Skills/textbox_Username'

2023-01-26 14:24:44 - [MESSAGE][PASSED] - Keys 'Gold Membership-Automation' sent to object: 'Object Repository/Admin Page/Qualifications/Skills/textbox_Username'

2023-01-26 14:24:44 - [TEST_STEP][PASSED] - click(findTestObject("Admin Page/Qualifications/Skills/button_Save")): Object: 'Object Repository/Admin Page/Qualifications/Skills/button_Save' is clicked on

2023-01-26 14:24:46 - [MESSAGE][PASSED] - Object: 'Object Repository/Admin Page/Qualifications/Skills/button_Save' is clicked on

2023-01-26 14:24:46 - [TEST_STEP][PASSED] - waitForElementPresent(findTestObject("Confirmation messages/message_SuccessSuccessfullySaved"), 10): Object 'Object Repository/Confirmation messages/message_SuccessSuccessfullySaved' is present

2023-01-26 14:24:47 - [MESSAGE][PASSED] - Object 'Object Repository/Confirmation messages/message_SuccessSuccessfullySaved' is present

2023-01-26 14:24:47 - [TEST_STEP][PASSED] - verifyElementPresent(findTestObject("Confirmation messages/message_SuccessSuccessfullySaved"), 10): Object 'Object Repository/Confirmation messages/message_SuccessSuccessfullySaved' is present

2023-01-26 14:24:47 - [MESSAGE][PASSED] - Object 'Object Repository/Confirmation messages/message_SuccessSuccessfullySaved' is present

2023-01-26 14:24:47 - [TEST_STEP][PASSED] - closeBrowser(): Browser is closed

2023-01-26 14:24:49 - [MESSAGE][PASSED] - Browser is closed]]></system-out>
         <system-err><![CDATA[]]></system-err>
      </testcase>
      <testcase name="Test Cases/Admin Page/Qualifications/Memberships/Edit Membership" time="34.517" classname="Test Cases/Admin Page/Qualifications/Memberships/Edit Membership" status="PASSED">
         <system-out><![CDATA[2023-01-26 14:24:49 - [TEST_CASE][PASSED] - Test Cases/Admin Page/Qualifications/Memberships/Edit Membership: Test Cases/Admin Page/Qualifications/Memberships/Edit Membership

2023-01-26 14:24:50 - [TEST_STEP][PASSED] - openBrowser(baseURL): Browser is opened with url: 'https://opensource-demo.orangehrmlive.com/web/index.php/auth/login'

2023-01-26 14:24:50 - [MESSAGE][INFO] - Starting 'Firefox' driver

2023-01-26 14:24:50 - [MESSAGE][INFO] - Action delay is set to 1,000 milliseconds

2023-01-26 14:24:57 - [MESSAGE][PASSED] - Browser is opened with url: 'https://opensource-demo.orangehrmlive.com/web/index.php/auth/login'

2023-01-26 14:24:57 - [TEST_STEP][PASSED] - maximizeWindow(): Current window maximized

2023-01-26 14:24:57 - [MESSAGE][PASSED] - Current window maximized

2023-01-26 14:24:57 - [TEST_STEP][PASSED] - orange.keywords.userLogin(findTestObject("Login Papge/textbox_Username"), username, findTestObject("Login Papge/textbox_Password"), password, findTestObject("Login Papge/button_Login")): orange.keywords.userLogin is PASSED

2023-01-26 14:25:04 - [MESSAGE][PASSED] - orange.keywords.userLogin is PASSED

2023-01-26 14:25:04 - [TEST_STEP][PASSED] - click(findTestObject("Navigation Sidebar/a_Admin")): Object: 'Object Repository/Navigation Sidebar/a_Admin' is clicked on

2023-01-26 14:25:07 - [MESSAGE][PASSED] - Object: 'Object Repository/Navigation Sidebar/a_Admin' is clicked on

2023-01-26 14:25:07 - [TEST_STEP][PASSED] - click(findTestObject("Admin Page/Qualifications/li_Qualifications")): Object: 'Object Repository/Admin Page/Qualifications/li_Qualifications' is clicked on

2023-01-26 14:25:10 - [MESSAGE][PASSED] - Object: 'Object Repository/Admin Page/Qualifications/li_Qualifications' is clicked on

2023-01-26 14:25:10 - [TEST_STEP][PASSED] - click(findTestObject("Admin Page/Qualifications/Memberships/li_Memberships")): Object: 'Object Repository/Admin Page/Qualifications/Memberships/li_Memberships' is clicked on

2023-01-26 14:25:11 - [MESSAGE][PASSED] - Object: 'Object Repository/Admin Page/Qualifications/Memberships/li_Memberships' is clicked on

2023-01-26 14:25:11 - [TEST_STEP][PASSED] - click(findTestObject("Admin Page/Qualifications/Memberships/button_Edit")): Object: 'Object Repository/Admin Page/Qualifications/Memberships/button_Edit' is clicked on

2023-01-26 14:25:15 - [MESSAGE][PASSED] - Object: 'Object Repository/Admin Page/Qualifications/Memberships/button_Edit' is clicked on

2023-01-26 14:25:15 - [TEST_STEP][PASSED] - sendKeys(findTestObject("Admin Page/Qualifications/Memberships/textbox_Username"), Keys.chord(CONTROL, "a")): Keys 'CONTROL + a' sent to object: 'Object Repository/Admin Page/Qualifications/Memberships/textbox_Username'

2023-01-26 14:25:17 - [MESSAGE][PASSED] - Keys 'CONTROL + a' sent to object: 'Object Repository/Admin Page/Qualifications/Memberships/textbox_Username'

2023-01-26 14:25:17 - [TEST_STEP][PASSED] - sendKeys(findTestObject("Admin Page/Qualifications/Skills/textbox_Username_selected"), "Platinum Membership-Automation"): Keys 'Platinum Membership-Automation' sent to object: 'Object Repository/Admin Page/Qualifications/Skills/textbox_Username_selected'

2023-01-26 14:25:19 - [MESSAGE][PASSED] - Keys 'Platinum Membership-Automation' sent to object: 'Object Repository/Admin Page/Qualifications/Skills/textbox_Username_selected'

2023-01-26 14:25:19 - [TEST_STEP][PASSED] - click(findTestObject("Admin Page/Qualifications/Skills/button_Save")): Object: 'Object Repository/Admin Page/Qualifications/Skills/button_Save' is clicked on

2023-01-26 14:25:20 - [MESSAGE][PASSED] - Object: 'Object Repository/Admin Page/Qualifications/Skills/button_Save' is clicked on

2023-01-26 14:25:20 - [TEST_STEP][PASSED] - waitForElementPresent(findTestObject("Confirmation messages/message_SuccessSuccessfullyUpdated"), 10): Object 'Object Repository/Confirmation messages/message_SuccessSuccessfullyUpdated' is present

2023-01-26 14:25:21 - [MESSAGE][PASSED] - Object 'Object Repository/Confirmation messages/message_SuccessSuccessfullyUpdated' is present

2023-01-26 14:25:21 - [TEST_STEP][PASSED] - verifyElementPresent(findTestObject("Confirmation messages/message_SuccessSuccessfullyUpdated"), 10): Object 'Object Repository/Confirmation messages/message_SuccessSuccessfullyUpdated' is present

2023-01-26 14:25:21 - [MESSAGE][PASSED] - Object 'Object Repository/Confirmation messages/message_SuccessSuccessfullyUpdated' is present

2023-01-26 14:25:21 - [TEST_STEP][PASSED] - closeBrowser(): Browser is closed

2023-01-26 14:25:23 - [MESSAGE][PASSED] - Browser is closed]]></system-out>
         <system-err><![CDATA[]]></system-err>
      </testcase>
      <testcase name="Test Cases/Admin Page/Qualifications/Memberships/Delete Membership" time="31.983" classname="Test Cases/Admin Page/Qualifications/Memberships/Delete Membership" status="PASSED">
         <system-out><![CDATA[2023-01-26 14:25:23 - [TEST_CASE][PASSED] - Test Cases/Admin Page/Qualifications/Memberships/Delete Membership: Test Cases/Admin Page/Qualifications/Memberships/Delete Membership

2023-01-26 14:25:25 - [TEST_STEP][PASSED] - openBrowser(baseURL): Browser is opened with url: 'https://opensource-demo.orangehrmlive.com/web/index.php/auth/login'

2023-01-26 14:25:25 - [MESSAGE][INFO] - Starting 'Firefox' driver

2023-01-26 14:25:25 - [MESSAGE][INFO] - Action delay is set to 1,000 milliseconds

2023-01-26 14:25:33 - [MESSAGE][PASSED] - Browser is opened with url: 'https://opensource-demo.orangehrmlive.com/web/index.php/auth/login'

2023-01-26 14:25:33 - [TEST_STEP][PASSED] - maximizeWindow(): Current window maximized

2023-01-26 14:25:33 - [MESSAGE][PASSED] - Current window maximized

2023-01-26 14:25:33 - [TEST_STEP][PASSED] - orange.keywords.userLogin(findTestObject("Login Papge/textbox_Username"), username, findTestObject("Login Papge/textbox_Password"), password, findTestObject("Login Papge/button_Login")): orange.keywords.userLogin is PASSED

2023-01-26 14:25:39 - [MESSAGE][PASSED] - orange.keywords.userLogin is PASSED

2023-01-26 14:25:39 - [TEST_STEP][PASSED] - click(findTestObject("Navigation Sidebar/a_Admin")): Object: 'Object Repository/Navigation Sidebar/a_Admin' is clicked on

2023-01-26 14:25:43 - [MESSAGE][PASSED] - Object: 'Object Repository/Navigation Sidebar/a_Admin' is clicked on

2023-01-26 14:25:43 - [TEST_STEP][PASSED] - click(findTestObject("Admin Page/Qualifications/li_Qualifications")): Object: 'Object Repository/Admin Page/Qualifications/li_Qualifications' is clicked on

2023-01-26 14:25:46 - [MESSAGE][PASSED] - Object: 'Object Repository/Admin Page/Qualifications/li_Qualifications' is clicked on

2023-01-26 14:25:46 - [TEST_STEP][PASSED] - click(findTestObject("Admin Page/Qualifications/Memberships/li_Memberships")): Object: 'Object Repository/Admin Page/Qualifications/Memberships/li_Memberships' is clicked on

2023-01-26 14:25:47 - [MESSAGE][PASSED] - Object: 'Object Repository/Admin Page/Qualifications/Memberships/li_Memberships' is clicked on

2023-01-26 14:25:47 - [TEST_STEP][PASSED] - click(findTestObject("Admin Page/Qualifications/Memberships/button_Delete")): Object: 'Object Repository/Admin Page/Qualifications/Memberships/button_Delete' is clicked on

2023-01-26 14:25:50 - [MESSAGE][PASSED] - Object: 'Object Repository/Admin Page/Qualifications/Memberships/button_Delete' is clicked on

2023-01-26 14:25:50 - [TEST_STEP][PASSED] - click(findTestObject("Admin Page/Qualifications/Languages/button_Yes, Delete")): Object: 'Object Repository/Admin Page/Qualifications/Languages/button_Yes, Delete' is clicked on

2023-01-26 14:25:52 - [MESSAGE][PASSED] - Object: 'Object Repository/Admin Page/Qualifications/Languages/button_Yes, Delete' is clicked on

2023-01-26 14:25:52 - [TEST_STEP][PASSED] - waitForElementPresent(findTestObject("Confirmation messages/message_SuccessSuccessfullyDeleted"), 10): Object 'Object Repository/Confirmation messages/message_SuccessSuccessfullyDeleted' is present

2023-01-26 14:25:53 - [MESSAGE][PASSED] - Object 'Object Repository/Confirmation messages/message_SuccessSuccessfullyDeleted' is present

2023-01-26 14:25:53 - [TEST_STEP][PASSED] - verifyElementPresent(findTestObject("Confirmation messages/message_SuccessSuccessfullyDeleted"), 10): Object 'Object Repository/Confirmation messages/message_SuccessSuccessfullyDeleted' is present

2023-01-26 14:25:53 - [MESSAGE][PASSED] - Object 'Object Repository/Confirmation messages/message_SuccessSuccessfullyDeleted' is present

2023-01-26 14:25:53 - [TEST_STEP][PASSED] - closeBrowser(): Browser is closed

2023-01-26 14:25:55 - [MESSAGE][PASSED] - Browser is closed]]></system-out>
         <system-err><![CDATA[]]></system-err>
      </testcase>
      <testcase name="Test Cases/Admin Page/Qualifications/Licenses/Add License" time="33.976" classname="Test Cases/Admin Page/Qualifications/Licenses/Add License" status="PASSED">
         <system-out><![CDATA[2023-01-26 14:25:55 - [TEST_CASE][PASSED] - Test Cases/Admin Page/Qualifications/Licenses/Add License: Test Cases/Admin Page/Qualifications/Licenses/Add License

2023-01-26 14:25:57 - [TEST_STEP][PASSED] - openBrowser(baseURL): Browser is opened with url: 'https://opensource-demo.orangehrmlive.com/web/index.php/auth/login'

2023-01-26 14:25:57 - [MESSAGE][INFO] - Starting 'Firefox' driver

2023-01-26 14:25:57 - [MESSAGE][INFO] - Action delay is set to 1,000 milliseconds

2023-01-26 14:26:05 - [MESSAGE][PASSED] - Browser is opened with url: 'https://opensource-demo.orangehrmlive.com/web/index.php/auth/login'

2023-01-26 14:26:05 - [TEST_STEP][PASSED] - maximizeWindow(): Current window maximized

2023-01-26 14:26:05 - [MESSAGE][PASSED] - Current window maximized

2023-01-26 14:26:05 - [TEST_STEP][PASSED] - orange.keywords.userLogin(findTestObject("Login Papge/textbox_Username"), username, findTestObject("Login Papge/textbox_Password"), password, findTestObject("Login Papge/button_Login")): orange.keywords.userLogin is PASSED

2023-01-26 14:26:11 - [MESSAGE][PASSED] - orange.keywords.userLogin is PASSED

2023-01-26 14:26:11 - [TEST_STEP][PASSED] - click(findTestObject("Navigation Sidebar/a_Admin")): Object: 'Object Repository/Navigation Sidebar/a_Admin' is clicked on

2023-01-26 14:26:15 - [MESSAGE][PASSED] - Object: 'Object Repository/Navigation Sidebar/a_Admin' is clicked on

2023-01-26 14:26:15 - [TEST_STEP][PASSED] - click(findTestObject("Admin Page/Qualifications/li_Qualifications")): Object: 'Object Repository/Admin Page/Qualifications/li_Qualifications' is clicked on

2023-01-26 14:26:17 - [MESSAGE][PASSED] - Object: 'Object Repository/Admin Page/Qualifications/li_Qualifications' is clicked on

2023-01-26 14:26:17 - [TEST_STEP][PASSED] - click(findTestObject("Admin Page/Qualifications/Licenses/li_Licenses")): Object: 'Object Repository/Admin Page/Qualifications/Licenses/li_Licenses' is clicked on

2023-01-26 14:26:19 - [MESSAGE][PASSED] - Object: 'Object Repository/Admin Page/Qualifications/Licenses/li_Licenses' is clicked on

2023-01-26 14:26:19 - [TEST_STEP][PASSED] - click(findTestObject("Admin Page/Qualifications/Languages/button_Add")): Object: 'Object Repository/Admin Page/Qualifications/Languages/button_Add' is clicked on

2023-01-26 14:26:22 - [MESSAGE][PASSED] - Object: 'Object Repository/Admin Page/Qualifications/Languages/button_Add' is clicked on

2023-01-26 14:26:22 - [TEST_STEP][PASSED] - sendKeys(findTestObject("Admin Page/Qualifications/Skills/textbox_Username"), "Practicioner Beginner-Automation"): Keys 'Practicioner Beginner-Automation' sent to object: 'Object Repository/Admin Page/Qualifications/Skills/textbox_Username'

2023-01-26 14:26:24 - [MESSAGE][PASSED] - Keys 'Practicioner Beginner-Automation' sent to object: 'Object Repository/Admin Page/Qualifications/Skills/textbox_Username'

2023-01-26 14:26:24 - [TEST_STEP][PASSED] - click(findTestObject("Admin Page/Qualifications/Skills/button_Save")): Object: 'Object Repository/Admin Page/Qualifications/Skills/button_Save' is clicked on

2023-01-26 14:26:26 - [MESSAGE][PASSED] - Object: 'Object Repository/Admin Page/Qualifications/Skills/button_Save' is clicked on

2023-01-26 14:26:26 - [TEST_STEP][PASSED] - waitForElementPresent(findTestObject("Confirmation messages/message_SuccessSuccessfullySaved"), 10): Object 'Object Repository/Confirmation messages/message_SuccessSuccessfullySaved' is present

2023-01-26 14:26:27 - [MESSAGE][PASSED] - Object 'Object Repository/Confirmation messages/message_SuccessSuccessfullySaved' is present

2023-01-26 14:26:27 - [TEST_STEP][PASSED] - verifyElementPresent(findTestObject("Confirmation messages/message_SuccessSuccessfullySaved"), 10): Object 'Object Repository/Confirmation messages/message_SuccessSuccessfullySaved' is present

2023-01-26 14:26:28 - [MESSAGE][PASSED] - Object 'Object Repository/Confirmation messages/message_SuccessSuccessfullySaved' is present

2023-01-26 14:26:28 - [TEST_STEP][PASSED] - closeBrowser(): Browser is closed

2023-01-26 14:26:29 - [MESSAGE][PASSED] - Browser is closed]]></system-out>
         <system-err><![CDATA[]]></system-err>
      </testcase>
      <testcase name="Test Cases/Admin Page/Qualifications/Licenses/Edit License" time="34.631" classname="Test Cases/Admin Page/Qualifications/Licenses/Edit License" status="PASSED">
         <system-out><![CDATA[2023-01-26 14:26:29 - [TEST_CASE][PASSED] - Test Cases/Admin Page/Qualifications/Licenses/Edit License: Test Cases/Admin Page/Qualifications/Licenses/Edit License

2023-01-26 14:26:31 - [TEST_STEP][PASSED] - openBrowser(baseURL): Browser is opened with url: 'https://opensource-demo.orangehrmlive.com/web/index.php/auth/login'

2023-01-26 14:26:31 - [MESSAGE][INFO] - Starting 'Firefox' driver

2023-01-26 14:26:31 - [MESSAGE][INFO] - Action delay is set to 1,000 milliseconds

2023-01-26 14:26:37 - [MESSAGE][PASSED] - Browser is opened with url: 'https://opensource-demo.orangehrmlive.com/web/index.php/auth/login'

2023-01-26 14:26:37 - [TEST_STEP][PASSED] - maximizeWindow(): Current window maximized

2023-01-26 14:26:37 - [MESSAGE][PASSED] - Current window maximized

2023-01-26 14:26:37 - [TEST_STEP][PASSED] - orange.keywords.userLogin(findTestObject("Login Papge/textbox_Username"), username, findTestObject("Login Papge/textbox_Password"), password, findTestObject("Login Papge/button_Login")): orange.keywords.userLogin is PASSED

2023-01-26 14:26:44 - [MESSAGE][PASSED] - orange.keywords.userLogin is PASSED

2023-01-26 14:26:44 - [TEST_STEP][PASSED] - click(findTestObject("Navigation Sidebar/a_Admin")): Object: 'Object Repository/Navigation Sidebar/a_Admin' is clicked on

2023-01-26 14:26:47 - [MESSAGE][PASSED] - Object: 'Object Repository/Navigation Sidebar/a_Admin' is clicked on

2023-01-26 14:26:47 - [TEST_STEP][PASSED] - click(findTestObject("Admin Page/Qualifications/li_Qualifications")): Object: 'Object Repository/Admin Page/Qualifications/li_Qualifications' is clicked on

2023-01-26 14:26:50 - [MESSAGE][PASSED] - Object: 'Object Repository/Admin Page/Qualifications/li_Qualifications' is clicked on

2023-01-26 14:26:50 - [TEST_STEP][PASSED] - click(findTestObject("Admin Page/Qualifications/Licenses/li_Licenses")): Object: 'Object Repository/Admin Page/Qualifications/Licenses/li_Licenses' is clicked on

2023-01-26 14:26:52 - [MESSAGE][PASSED] - Object: 'Object Repository/Admin Page/Qualifications/Licenses/li_Licenses' is clicked on

2023-01-26 14:26:52 - [TEST_STEP][PASSED] - click(findTestObject("Admin Page/Qualifications/Licenses/button_Edit")): Object: 'Object Repository/Admin Page/Qualifications/Licenses/button_Edit' is clicked on

2023-01-26 14:26:55 - [MESSAGE][PASSED] - Object: 'Object Repository/Admin Page/Qualifications/Licenses/button_Edit' is clicked on

2023-01-26 14:26:55 - [TEST_STEP][PASSED] - sendKeys(findTestObject("Admin Page/Qualifications/Skills/textbox_Username"), Keys.chord(CONTROL, "a")): Keys 'CONTROL + a' sent to object: 'Object Repository/Admin Page/Qualifications/Skills/textbox_Username'

2023-01-26 14:26:57 - [MESSAGE][PASSED] - Keys 'CONTROL + a' sent to object: 'Object Repository/Admin Page/Qualifications/Skills/textbox_Username'

2023-01-26 14:26:57 - [TEST_STEP][PASSED] - sendKeys(findTestObject("Admin Page/Qualifications/Skills/textbox_Username_selected"), "Practicioner Advanced-Automation"): Keys 'Practicioner Advanced-Automation' sent to object: 'Object Repository/Admin Page/Qualifications/Skills/textbox_Username_selected'

2023-01-26 14:26:59 - [MESSAGE][PASSED] - Keys 'Practicioner Advanced-Automation' sent to object: 'Object Repository/Admin Page/Qualifications/Skills/textbox_Username_selected'

2023-01-26 14:26:59 - [TEST_STEP][PASSED] - click(findTestObject("Admin Page/Qualifications/Skills/button_Save")): Object: 'Object Repository/Admin Page/Qualifications/Skills/button_Save' is clicked on

2023-01-26 14:27:00 - [MESSAGE][PASSED] - Object: 'Object Repository/Admin Page/Qualifications/Skills/button_Save' is clicked on

2023-01-26 14:27:00 - [TEST_STEP][PASSED] - waitForElementPresent(findTestObject("Confirmation messages/message_SuccessSuccessfullyUpdated"), 10): Object 'Object Repository/Confirmation messages/message_SuccessSuccessfullyUpdated' is present

2023-01-26 14:27:01 - [MESSAGE][PASSED] - Object 'Object Repository/Confirmation messages/message_SuccessSuccessfullyUpdated' is present

2023-01-26 14:27:01 - [TEST_STEP][PASSED] - verifyElementPresent(findTestObject("Confirmation messages/message_SuccessSuccessfullyUpdated"), 10): Object 'Object Repository/Confirmation messages/message_SuccessSuccessfullyUpdated' is present

2023-01-26 14:27:02 - [MESSAGE][PASSED] - Object 'Object Repository/Confirmation messages/message_SuccessSuccessfullyUpdated' is present

2023-01-26 14:27:02 - [TEST_STEP][PASSED] - closeBrowser(): Browser is closed

2023-01-26 14:27:04 - [MESSAGE][PASSED] - Browser is closed]]></system-out>
         <system-err><![CDATA[]]></system-err>
      </testcase>
      <testcase name="Test Cases/Admin Page/Qualifications/Licenses/Delete License" time="30.194" classname="Test Cases/Admin Page/Qualifications/Licenses/Delete License" status="PASSED">
         <system-out><![CDATA[2023-01-26 14:27:04 - [TEST_CASE][PASSED] - Test Cases/Admin Page/Qualifications/Licenses/Delete License: Test Cases/Admin Page/Qualifications/Licenses/Delete License

2023-01-26 14:27:05 - [TEST_STEP][PASSED] - openBrowser(baseURL): Browser is opened with url: 'https://opensource-demo.orangehrmlive.com/web/index.php/auth/login'

2023-01-26 14:27:05 - [MESSAGE][INFO] - Starting 'Firefox' driver

2023-01-26 14:27:05 - [MESSAGE][INFO] - Action delay is set to 1,000 milliseconds

2023-01-26 14:27:12 - [MESSAGE][PASSED] - Browser is opened with url: 'https://opensource-demo.orangehrmlive.com/web/index.php/auth/login'

2023-01-26 14:27:12 - [TEST_STEP][PASSED] - maximizeWindow(): Current window maximized

2023-01-26 14:27:12 - [MESSAGE][PASSED] - Current window maximized

2023-01-26 14:27:12 - [TEST_STEP][PASSED] - orange.keywords.userLogin(findTestObject("Login Papge/textbox_Username"), username, findTestObject("Login Papge/textbox_Password"), password, findTestObject("Login Papge/button_Login")): orange.keywords.userLogin is PASSED

2023-01-26 14:27:18 - [MESSAGE][PASSED] - orange.keywords.userLogin is PASSED

2023-01-26 14:27:18 - [TEST_STEP][PASSED] - click(findTestObject("Navigation Sidebar/a_Admin")): Object: 'Object Repository/Navigation Sidebar/a_Admin' is clicked on

2023-01-26 14:27:22 - [MESSAGE][PASSED] - Object: 'Object Repository/Navigation Sidebar/a_Admin' is clicked on

2023-01-26 14:27:22 - [TEST_STEP][PASSED] - click(findTestObject("Admin Page/Qualifications/li_Qualifications")): Object: 'Object Repository/Admin Page/Qualifications/li_Qualifications' is clicked on

2023-01-26 14:27:25 - [MESSAGE][PASSED] - Object: 'Object Repository/Admin Page/Qualifications/li_Qualifications' is clicked on

2023-01-26 14:27:25 - [TEST_STEP][PASSED] - click(findTestObject("Admin Page/Qualifications/Licenses/li_Licenses")): Object: 'Object Repository/Admin Page/Qualifications/Licenses/li_Licenses' is clicked on

2023-01-26 14:27:26 - [MESSAGE][PASSED] - Object: 'Object Repository/Admin Page/Qualifications/Licenses/li_Licenses' is clicked on

2023-01-26 14:27:26 - [TEST_STEP][PASSED] - click(findTestObject("Admin Page/Qualifications/Licenses/button_Delete")): Object: 'Object Repository/Admin Page/Qualifications/Licenses/button_Delete' is clicked on

2023-01-26 14:27:29 - [MESSAGE][PASSED] - Object: 'Object Repository/Admin Page/Qualifications/Licenses/button_Delete' is clicked on

2023-01-26 14:27:29 - [TEST_STEP][PASSED] - click(findTestObject("Admin Page/Qualifications/Languages/button_Yes, Delete")): Object: 'Object Repository/Admin Page/Qualifications/Languages/button_Yes, Delete' is clicked on

2023-01-26 14:27:31 - [MESSAGE][PASSED] - Object: 'Object Repository/Admin Page/Qualifications/Languages/button_Yes, Delete' is clicked on

2023-01-26 14:27:31 - [TEST_STEP][PASSED] - waitForElementPresent(findTestObject("Confirmation messages/message_SuccessSuccessfullyDeleted"), 10): Object 'Object Repository/Confirmation messages/message_SuccessSuccessfullyDeleted' is present

2023-01-26 14:27:32 - [MESSAGE][PASSED] - Object 'Object Repository/Confirmation messages/message_SuccessSuccessfullyDeleted' is present

2023-01-26 14:27:32 - [TEST_STEP][PASSED] - verifyElementPresent(findTestObject("Confirmation messages/message_SuccessSuccessfullyDeleted"), 10): Object 'Object Repository/Confirmation messages/message_SuccessSuccessfullyDeleted' is present

2023-01-26 14:27:32 - [MESSAGE][PASSED] - Object 'Object Repository/Confirmation messages/message_SuccessSuccessfullyDeleted' is present

2023-01-26 14:27:32 - [TEST_STEP][PASSED] - closeBrowser(): Browser is closed

2023-01-26 14:27:34 - [MESSAGE][PASSED] - Browser is closed]]></system-out>
         <system-err><![CDATA[]]></system-err>
      </testcase>
      <testcase name="Test Cases/Admin Page/Qualifications/Languages/Add Language" time="32.297" classname="Test Cases/Admin Page/Qualifications/Languages/Add Language" status="PASSED">
         <system-out><![CDATA[2023-01-26 14:27:34 - [TEST_CASE][PASSED] - Test Cases/Admin Page/Qualifications/Languages/Add Language: Test Cases/Admin Page/Qualifications/Languages/Add Language

2023-01-26 14:27:35 - [TEST_STEP][PASSED] - openBrowser(baseURL): Browser is opened with url: 'https://opensource-demo.orangehrmlive.com/web/index.php/auth/login'

2023-01-26 14:27:35 - [MESSAGE][INFO] - Starting 'Firefox' driver

2023-01-26 14:27:36 - [MESSAGE][INFO] - Action delay is set to 1,000 milliseconds

2023-01-26 14:27:42 - [MESSAGE][PASSED] - Browser is opened with url: 'https://opensource-demo.orangehrmlive.com/web/index.php/auth/login'

2023-01-26 14:27:42 - [TEST_STEP][PASSED] - maximizeWindow(): Current window maximized

2023-01-26 14:27:42 - [MESSAGE][PASSED] - Current window maximized

2023-01-26 14:27:42 - [TEST_STEP][PASSED] - orange.keywords.userLogin(findTestObject("Login Papge/textbox_Username"), username, findTestObject("Login Papge/textbox_Password"), password, findTestObject("Login Papge/button_Login")): orange.keywords.userLogin is PASSED

2023-01-26 14:27:48 - [MESSAGE][PASSED] - orange.keywords.userLogin is PASSED

2023-01-26 14:27:48 - [TEST_STEP][PASSED] - click(findTestObject("Navigation Sidebar/a_Admin")): Object: 'Object Repository/Navigation Sidebar/a_Admin' is clicked on

2023-01-26 14:27:52 - [MESSAGE][PASSED] - Object: 'Object Repository/Navigation Sidebar/a_Admin' is clicked on

2023-01-26 14:27:52 - [TEST_STEP][PASSED] - click(findTestObject("Admin Page/Qualifications/li_Qualifications")): Object: 'Object Repository/Admin Page/Qualifications/li_Qualifications' is clicked on

2023-01-26 14:27:55 - [MESSAGE][PASSED] - Object: 'Object Repository/Admin Page/Qualifications/li_Qualifications' is clicked on

2023-01-26 14:27:55 - [TEST_STEP][PASSED] - click(findTestObject("Admin Page/Qualifications/Languages/li_Languages")): Object: 'Object Repository/Admin Page/Qualifications/Languages/li_Languages' is clicked on

2023-01-26 14:27:56 - [MESSAGE][PASSED] - Object: 'Object Repository/Admin Page/Qualifications/Languages/li_Languages' is clicked on

2023-01-26 14:27:56 - [TEST_STEP][PASSED] - click(findTestObject("Admin Page/Qualifications/Languages/button_Add")): Object: 'Object Repository/Admin Page/Qualifications/Languages/button_Add' is clicked on

2023-01-26 14:27:59 - [MESSAGE][PASSED] - Object: 'Object Repository/Admin Page/Qualifications/Languages/button_Add' is clicked on

2023-01-26 14:27:59 - [TEST_STEP][PASSED] - sendKeys(findTestObject("Admin Page/Qualifications/Skills/textbox_Username"), "Afgan-Automation"): Keys 'Afgan-Automation' sent to object: 'Object Repository/Admin Page/Qualifications/Skills/textbox_Username'

2023-01-26 14:28:02 - [MESSAGE][PASSED] - Keys 'Afgan-Automation' sent to object: 'Object Repository/Admin Page/Qualifications/Skills/textbox_Username'

2023-01-26 14:28:02 - [TEST_STEP][PASSED] - click(findTestObject("Admin Page/Qualifications/Skills/button_Save")): Object: 'Object Repository/Admin Page/Qualifications/Skills/button_Save' is clicked on

2023-01-26 14:28:03 - [MESSAGE][PASSED] - Object: 'Object Repository/Admin Page/Qualifications/Skills/button_Save' is clicked on

2023-01-26 14:28:03 - [TEST_STEP][PASSED] - waitForElementPresent(findTestObject("Confirmation messages/message_SuccessSuccessfullySaved"), 10): Object 'Object Repository/Confirmation messages/message_SuccessSuccessfullySaved' is present

2023-01-26 14:28:04 - [MESSAGE][PASSED] - Object 'Object Repository/Confirmation messages/message_SuccessSuccessfullySaved' is present

2023-01-26 14:28:04 - [TEST_STEP][PASSED] - verifyElementPresent(findTestObject("Confirmation messages/message_SuccessSuccessfullySaved"), 10): Object 'Object Repository/Confirmation messages/message_SuccessSuccessfullySaved' is present

2023-01-26 14:28:05 - [MESSAGE][PASSED] - Object 'Object Repository/Confirmation messages/message_SuccessSuccessfullySaved' is present

2023-01-26 14:28:05 - [TEST_STEP][PASSED] - closeBrowser(): Browser is closed

2023-01-26 14:28:07 - [MESSAGE][PASSED] - Browser is closed]]></system-out>
         <system-err><![CDATA[]]></system-err>
      </testcase>
      <testcase name="Test Cases/Admin Page/Qualifications/Languages/Edit Language" time="34.181" classname="Test Cases/Admin Page/Qualifications/Languages/Edit Language" status="PASSED">
         <system-out><![CDATA[2023-01-26 14:28:07 - [TEST_CASE][PASSED] - Test Cases/Admin Page/Qualifications/Languages/Edit Language: Test Cases/Admin Page/Qualifications/Languages/Edit Language

2023-01-26 14:28:08 - [TEST_STEP][PASSED] - openBrowser(baseURL): Browser is opened with url: 'https://opensource-demo.orangehrmlive.com/web/index.php/auth/login'

2023-01-26 14:28:08 - [MESSAGE][INFO] - Starting 'Firefox' driver

2023-01-26 14:28:08 - [MESSAGE][INFO] - Action delay is set to 1,000 milliseconds

2023-01-26 14:28:14 - [MESSAGE][PASSED] - Browser is opened with url: 'https://opensource-demo.orangehrmlive.com/web/index.php/auth/login'

2023-01-26 14:28:14 - [TEST_STEP][PASSED] - maximizeWindow(): Current window maximized

2023-01-26 14:28:14 - [MESSAGE][PASSED] - Current window maximized

2023-01-26 14:28:14 - [TEST_STEP][PASSED] - orange.keywords.userLogin(findTestObject("Login Papge/textbox_Username"), username, findTestObject("Login Papge/textbox_Password"), password, findTestObject("Login Papge/button_Login")): orange.keywords.userLogin is PASSED

2023-01-26 14:28:21 - [MESSAGE][PASSED] - orange.keywords.userLogin is PASSED

2023-01-26 14:28:21 - [TEST_STEP][PASSED] - click(findTestObject("Navigation Sidebar/a_Admin")): Object: 'Object Repository/Navigation Sidebar/a_Admin' is clicked on

2023-01-26 14:28:24 - [MESSAGE][PASSED] - Object: 'Object Repository/Navigation Sidebar/a_Admin' is clicked on

2023-01-26 14:28:24 - [TEST_STEP][PASSED] - click(findTestObject("Admin Page/Qualifications/li_Qualifications")): Object: 'Object Repository/Admin Page/Qualifications/li_Qualifications' is clicked on

2023-01-26 14:28:27 - [MESSAGE][PASSED] - Object: 'Object Repository/Admin Page/Qualifications/li_Qualifications' is clicked on

2023-01-26 14:28:27 - [TEST_STEP][PASSED] - click(findTestObject("Admin Page/Qualifications/Languages/li_Languages")): Object: 'Object Repository/Admin Page/Qualifications/Languages/li_Languages' is clicked on

2023-01-26 14:28:29 - [MESSAGE][PASSED] - Object: 'Object Repository/Admin Page/Qualifications/Languages/li_Languages' is clicked on

2023-01-26 14:28:29 - [TEST_STEP][PASSED] - click(findTestObject("Admin Page/Qualifications/Languages/button_Edit")): Object: 'Object Repository/Admin Page/Qualifications/Languages/button_Edit' is clicked on

2023-01-26 14:28:32 - [MESSAGE][PASSED] - Object: 'Object Repository/Admin Page/Qualifications/Languages/button_Edit' is clicked on

2023-01-26 14:28:32 - [TEST_STEP][PASSED] - sendKeys(findTestObject("Admin Page/Qualifications/Skills/textbox_Username"), Keys.chord(CONTROL, "a")): Keys 'CONTROL + a' sent to object: 'Object Repository/Admin Page/Qualifications/Skills/textbox_Username'

2023-01-26 14:28:34 - [MESSAGE][PASSED] - Keys 'CONTROL + a' sent to object: 'Object Repository/Admin Page/Qualifications/Skills/textbox_Username'

2023-01-26 14:28:34 - [TEST_STEP][PASSED] - sendKeys(findTestObject("Admin Page/Qualifications/Skills/textbox_Username_selected"), "Afgan-Edited-Automation"): Keys 'Afgan-Edited-Automation' sent to object: 'Object Repository/Admin Page/Qualifications/Skills/textbox_Username_selected'

2023-01-26 14:28:36 - [MESSAGE][PASSED] - Keys 'Afgan-Edited-Automation' sent to object: 'Object Repository/Admin Page/Qualifications/Skills/textbox_Username_selected'

2023-01-26 14:28:36 - [TEST_STEP][PASSED] - click(findTestObject("Admin Page/Qualifications/Skills/button_Save")): Object: 'Object Repository/Admin Page/Qualifications/Skills/button_Save' is clicked on

2023-01-26 14:28:37 - [MESSAGE][PASSED] - Object: 'Object Repository/Admin Page/Qualifications/Skills/button_Save' is clicked on

2023-01-26 14:28:37 - [TEST_STEP][PASSED] - waitForElementPresent(findTestObject("Confirmation messages/message_SuccessSuccessfullyUpdated"), 10): Object 'Object Repository/Confirmation messages/message_SuccessSuccessfullyUpdated' is present

2023-01-26 14:28:38 - [MESSAGE][PASSED] - Object 'Object Repository/Confirmation messages/message_SuccessSuccessfullyUpdated' is present

2023-01-26 14:28:38 - [TEST_STEP][PASSED] - verifyElementPresent(findTestObject("Confirmation messages/message_SuccessSuccessfullyUpdated"), 10): Object 'Object Repository/Confirmation messages/message_SuccessSuccessfullyUpdated' is present

2023-01-26 14:28:39 - [MESSAGE][PASSED] - Object 'Object Repository/Confirmation messages/message_SuccessSuccessfullyUpdated' is present

2023-01-26 14:28:39 - [TEST_STEP][PASSED] - closeBrowser(): Browser is closed

2023-01-26 14:28:41 - [MESSAGE][PASSED] - Browser is closed]]></system-out>
         <system-err><![CDATA[]]></system-err>
      </testcase>
      <testcase name="Test Cases/Admin Page/Qualifications/Languages/Delete Language" time="30.716" classname="Test Cases/Admin Page/Qualifications/Languages/Delete Language" status="PASSED">
         <system-out><![CDATA[2023-01-26 14:28:41 - [TEST_CASE][PASSED] - Test Cases/Admin Page/Qualifications/Languages/Delete Language: Test Cases/Admin Page/Qualifications/Languages/Delete Language

2023-01-26 14:28:42 - [TEST_STEP][PASSED] - openBrowser(baseURL): Browser is opened with url: 'https://opensource-demo.orangehrmlive.com/web/index.php/auth/login'

2023-01-26 14:28:42 - [MESSAGE][INFO] - Starting 'Firefox' driver

2023-01-26 14:28:42 - [MESSAGE][INFO] - Action delay is set to 1,000 milliseconds

2023-01-26 14:28:49 - [MESSAGE][PASSED] - Browser is opened with url: 'https://opensource-demo.orangehrmlive.com/web/index.php/auth/login'

2023-01-26 14:28:49 - [TEST_STEP][PASSED] - maximizeWindow(): Current window maximized

2023-01-26 14:28:49 - [MESSAGE][PASSED] - Current window maximized

2023-01-26 14:28:49 - [TEST_STEP][PASSED] - orange.keywords.userLogin(findTestObject("Login Papge/textbox_Username"), username, findTestObject("Login Papge/textbox_Password"), password, findTestObject("Login Papge/button_Login")): orange.keywords.userLogin is PASSED

2023-01-26 14:28:55 - [MESSAGE][PASSED] - orange.keywords.userLogin is PASSED

2023-01-26 14:28:55 - [TEST_STEP][PASSED] - click(findTestObject("Navigation Sidebar/a_Admin")): Object: 'Object Repository/Navigation Sidebar/a_Admin' is clicked on

2023-01-26 14:28:59 - [MESSAGE][PASSED] - Object: 'Object Repository/Navigation Sidebar/a_Admin' is clicked on

2023-01-26 14:28:59 - [TEST_STEP][PASSED] - click(findTestObject("Admin Page/Qualifications/li_Qualifications")): Object: 'Object Repository/Admin Page/Qualifications/li_Qualifications' is clicked on

2023-01-26 14:29:02 - [MESSAGE][PASSED] - Object: 'Object Repository/Admin Page/Qualifications/li_Qualifications' is clicked on

2023-01-26 14:29:02 - [TEST_STEP][PASSED] - click(findTestObject("Admin Page/Qualifications/Languages/li_Languages")): Object: 'Object Repository/Admin Page/Qualifications/Languages/li_Languages' is clicked on

2023-01-26 14:29:03 - [MESSAGE][PASSED] - Object: 'Object Repository/Admin Page/Qualifications/Languages/li_Languages' is clicked on

2023-01-26 14:29:03 - [TEST_STEP][PASSED] - click(findTestObject("Admin Page/Qualifications/Languages/button_Delete")): Object: 'Object Repository/Admin Page/Qualifications/Languages/button_Delete' is clicked on

2023-01-26 14:29:06 - [MESSAGE][PASSED] - Object: 'Object Repository/Admin Page/Qualifications/Languages/button_Delete' is clicked on

2023-01-26 14:29:06 - [TEST_STEP][PASSED] - click(findTestObject("Admin Page/Qualifications/Languages/button_Yes, Delete")): Object: 'Object Repository/Admin Page/Qualifications/Languages/button_Yes, Delete' is clicked on

2023-01-26 14:29:08 - [MESSAGE][PASSED] - Object: 'Object Repository/Admin Page/Qualifications/Languages/button_Yes, Delete' is clicked on

2023-01-26 14:29:08 - [TEST_STEP][PASSED] - waitForElementPresent(findTestObject("Confirmation messages/message_SuccessSuccessfullyDeleted"), 10): Object 'Object Repository/Confirmation messages/message_SuccessSuccessfullyDeleted' is present

2023-01-26 14:29:09 - [MESSAGE][PASSED] - Object 'Object Repository/Confirmation messages/message_SuccessSuccessfullyDeleted' is present

2023-01-26 14:29:09 - [TEST_STEP][PASSED] - verifyElementPresent(findTestObject("Confirmation messages/message_SuccessSuccessfullyDeleted"), 10): Object 'Object Repository/Confirmation messages/message_SuccessSuccessfullyDeleted' is present

2023-01-26 14:29:10 - [MESSAGE][PASSED] - Object 'Object Repository/Confirmation messages/message_SuccessSuccessfullyDeleted' is present

2023-01-26 14:29:10 - [TEST_STEP][PASSED] - closeBrowser(): Browser is closed

2023-01-26 14:29:12 - [MESSAGE][PASSED] - Browser is closed]]></system-out>
         <system-err><![CDATA[]]></system-err>
      </testcase>
      <testcase name="Test Cases/Admin Page/Qualifications/Education/Add Education" time="32.172" classname="Test Cases/Admin Page/Qualifications/Education/Add Education" status="PASSED">
         <system-out><![CDATA[2023-01-26 14:29:12 - [TEST_CASE][PASSED] - Test Cases/Admin Page/Qualifications/Education/Add Education: Test Cases/Admin Page/Qualifications/Education/Add Education

2023-01-26 14:29:13 - [TEST_STEP][PASSED] - openBrowser(baseURL): Browser is opened with url: 'https://opensource-demo.orangehrmlive.com/web/index.php/auth/login'

2023-01-26 14:29:13 - [MESSAGE][INFO] - Starting 'Firefox' driver

2023-01-26 14:29:13 - [MESSAGE][INFO] - Action delay is set to 1,000 milliseconds

2023-01-26 14:29:19 - [MESSAGE][PASSED] - Browser is opened with url: 'https://opensource-demo.orangehrmlive.com/web/index.php/auth/login'

2023-01-26 14:29:19 - [TEST_STEP][PASSED] - maximizeWindow(): Current window maximized

2023-01-26 14:29:19 - [MESSAGE][PASSED] - Current window maximized

2023-01-26 14:29:19 - [TEST_STEP][PASSED] - orange.keywords.userLogin(findTestObject("Login Papge/textbox_Username"), username, findTestObject("Login Papge/textbox_Password"), password, findTestObject("Login Papge/button_Login")): orange.keywords.userLogin is PASSED

2023-01-26 14:29:26 - [MESSAGE][PASSED] - orange.keywords.userLogin is PASSED

2023-01-26 14:29:26 - [TEST_STEP][PASSED] - click(findTestObject("Navigation Sidebar/a_Admin")): Object: 'Object Repository/Navigation Sidebar/a_Admin' is clicked on

2023-01-26 14:29:29 - [MESSAGE][PASSED] - Object: 'Object Repository/Navigation Sidebar/a_Admin' is clicked on

2023-01-26 14:29:29 - [TEST_STEP][PASSED] - click(findTestObject("Admin Page/Qualifications/li_Qualifications")): Object: 'Object Repository/Admin Page/Qualifications/li_Qualifications' is clicked on

2023-01-26 14:29:32 - [MESSAGE][PASSED] - Object: 'Object Repository/Admin Page/Qualifications/li_Qualifications' is clicked on

2023-01-26 14:29:32 - [TEST_STEP][PASSED] - click(findTestObject("Admin Page/Qualifications/Education/li_Education")): Object: 'Object Repository/Admin Page/Qualifications/Education/li_Education' is clicked on

2023-01-26 14:29:33 - [MESSAGE][PASSED] - Object: 'Object Repository/Admin Page/Qualifications/Education/li_Education' is clicked on

2023-01-26 14:29:33 - [TEST_STEP][PASSED] - click(findTestObject("Admin Page/Qualifications/Languages/button_Add")): Object: 'Object Repository/Admin Page/Qualifications/Languages/button_Add' is clicked on

2023-01-26 14:29:37 - [MESSAGE][PASSED] - Object: 'Object Repository/Admin Page/Qualifications/Languages/button_Add' is clicked on

2023-01-26 14:29:37 - [TEST_STEP][PASSED] - sendKeys(findTestObject("Admin Page/Qualifications/Skills/textbox_Username"), "University Degree"): Keys 'University Degree' sent to object: 'Object Repository/Admin Page/Qualifications/Skills/textbox_Username'

2023-01-26 14:29:39 - [MESSAGE][PASSED] - Keys 'University Degree' sent to object: 'Object Repository/Admin Page/Qualifications/Skills/textbox_Username'

2023-01-26 14:29:39 - [TEST_STEP][PASSED] - click(findTestObject("Admin Page/Qualifications/Skills/button_Save")): Object: 'Object Repository/Admin Page/Qualifications/Skills/button_Save' is clicked on

2023-01-26 14:29:41 - [MESSAGE][PASSED] - Object: 'Object Repository/Admin Page/Qualifications/Skills/button_Save' is clicked on

2023-01-26 14:29:41 - [TEST_STEP][PASSED] - waitForElementPresent(findTestObject("Confirmation messages/message_SuccessSuccessfullySaved"), 10): Object 'Object Repository/Confirmation messages/message_SuccessSuccessfullySaved' is present

2023-01-26 14:29:41 - [MESSAGE][PASSED] - Object 'Object Repository/Confirmation messages/message_SuccessSuccessfullySaved' is present

2023-01-26 14:29:41 - [TEST_STEP][PASSED] - verifyElementPresent(findTestObject("Confirmation messages/message_SuccessSuccessfullySaved"), 10): Object 'Object Repository/Confirmation messages/message_SuccessSuccessfullySaved' is present

2023-01-26 14:29:42 - [MESSAGE][PASSED] - Object 'Object Repository/Confirmation messages/message_SuccessSuccessfullySaved' is present

2023-01-26 14:29:42 - [TEST_STEP][PASSED] - closeBrowser(): Browser is closed

2023-01-26 14:29:44 - [MESSAGE][PASSED] - Browser is closed]]></system-out>
         <system-err><![CDATA[]]></system-err>
      </testcase>
      <testcase name="Test Cases/Admin Page/Qualifications/Education/Edit Education" time="37.864" classname="Test Cases/Admin Page/Qualifications/Education/Edit Education" status="PASSED">
         <system-out><![CDATA[2023-01-26 14:29:44 - [TEST_CASE][PASSED] - Test Cases/Admin Page/Qualifications/Education/Edit Education: Test Cases/Admin Page/Qualifications/Education/Edit Education

2023-01-26 14:29:45 - [TEST_STEP][PASSED] - openBrowser(baseURL): Browser is opened with url: 'https://opensource-demo.orangehrmlive.com/web/index.php/auth/login'

2023-01-26 14:29:45 - [MESSAGE][INFO] - Starting 'Firefox' driver

2023-01-26 14:29:45 - [MESSAGE][INFO] - Action delay is set to 1,000 milliseconds

2023-01-26 14:29:51 - [MESSAGE][PASSED] - Browser is opened with url: 'https://opensource-demo.orangehrmlive.com/web/index.php/auth/login'

2023-01-26 14:29:51 - [TEST_STEP][PASSED] - maximizeWindow(): Current window maximized

2023-01-26 14:29:51 - [MESSAGE][PASSED] - Current window maximized

2023-01-26 14:29:51 - [TEST_STEP][PASSED] - orange.keywords.userLogin(findTestObject("Login Papge/textbox_Username"), username, findTestObject("Login Papge/textbox_Password"), password, findTestObject("Login Papge/button_Login")): orange.keywords.userLogin is PASSED

2023-01-26 14:29:58 - [MESSAGE][PASSED] - orange.keywords.userLogin is PASSED

2023-01-26 14:29:58 - [TEST_STEP][PASSED] - click(findTestObject("Navigation Sidebar/a_Admin")): Object: 'Object Repository/Navigation Sidebar/a_Admin' is clicked on

2023-01-26 14:30:02 - [MESSAGE][PASSED] - Object: 'Object Repository/Navigation Sidebar/a_Admin' is clicked on

2023-01-26 14:30:02 - [TEST_STEP][PASSED] - click(findTestObject("Admin Page/Qualifications/li_Qualifications")): Object: 'Object Repository/Admin Page/Qualifications/li_Qualifications' is clicked on

2023-01-26 14:30:05 - [MESSAGE][PASSED] - Object: 'Object Repository/Admin Page/Qualifications/li_Qualifications' is clicked on

2023-01-26 14:30:05 - [TEST_STEP][PASSED] - click(findTestObject("Admin Page/Qualifications/Education/li_Education")): Object: 'Object Repository/Admin Page/Qualifications/Education/li_Education' is clicked on

2023-01-26 14:30:07 - [MESSAGE][PASSED] - Object: 'Object Repository/Admin Page/Qualifications/Education/li_Education' is clicked on

2023-01-26 14:30:07 - [TEST_STEP][PASSED] - click(findTestObject("Admin Page/Qualifications/Education/button_Edit")): Object: 'Object Repository/Admin Page/Qualifications/Education/button_Edit' is clicked on

2023-01-26 14:30:11 - [MESSAGE][PASSED] - Object: 'Object Repository/Admin Page/Qualifications/Education/button_Edit' is clicked on

2023-01-26 14:30:11 - [TEST_STEP][PASSED] - sendKeys(findTestObject("Admin Page/Qualifications/Skills/textbox_Username"), Keys.chord(CONTROL, "a")): Keys 'CONTROL + a' sent to object: 'Object Repository/Admin Page/Qualifications/Skills/textbox_Username'

2023-01-26 14:30:15 - [MESSAGE][PASSED] - Keys 'CONTROL + a' sent to object: 'Object Repository/Admin Page/Qualifications/Skills/textbox_Username'

2023-01-26 14:30:15 - [TEST_STEP][PASSED] - sendKeys(findTestObject("Admin Page/Qualifications/Skills/textbox_Username_selected"), "High school education"): Keys 'High school education' sent to object: 'Object Repository/Admin Page/Qualifications/Skills/textbox_Username_selected'

2023-01-26 14:30:16 - [MESSAGE][PASSED] - Keys 'High school education' sent to object: 'Object Repository/Admin Page/Qualifications/Skills/textbox_Username_selected'

2023-01-26 14:30:16 - [TEST_STEP][PASSED] - click(findTestObject("Admin Page/Qualifications/Skills/button_Save")): Object: 'Object Repository/Admin Page/Qualifications/Skills/button_Save' is clicked on

2023-01-26 14:30:18 - [MESSAGE][PASSED] - Object: 'Object Repository/Admin Page/Qualifications/Skills/button_Save' is clicked on

2023-01-26 14:30:18 - [TEST_STEP][PASSED] - waitForElementPresent(findTestObject("Confirmation messages/message_SuccessSuccessfullyUpdated"), 10): Object 'Object Repository/Confirmation messages/message_SuccessSuccessfullyUpdated' is present

2023-01-26 14:30:19 - [MESSAGE][PASSED] - Object 'Object Repository/Confirmation messages/message_SuccessSuccessfullyUpdated' is present

2023-01-26 14:30:19 - [TEST_STEP][PASSED] - verifyElementPresent(findTestObject("Confirmation messages/message_SuccessSuccessfullyUpdated"), 10): Object 'Object Repository/Confirmation messages/message_SuccessSuccessfullyUpdated' is present

2023-01-26 14:30:20 - [MESSAGE][PASSED] - Object 'Object Repository/Confirmation messages/message_SuccessSuccessfullyUpdated' is present

2023-01-26 14:30:20 - [TEST_STEP][PASSED] - closeBrowser(): Browser is closed

2023-01-26 14:30:22 - [MESSAGE][PASSED] - Browser is closed]]></system-out>
         <system-err><![CDATA[]]></system-err>
      </testcase>
      <testcase name="Test Cases/Admin Page/Qualifications/Education/Delete Education" time="29.716" classname="Test Cases/Admin Page/Qualifications/Education/Delete Education" status="PASSED">
         <system-out><![CDATA[2023-01-26 14:30:22 - [TEST_CASE][PASSED] - Test Cases/Admin Page/Qualifications/Education/Delete Education: Test Cases/Admin Page/Qualifications/Education/Delete Education

2023-01-26 14:30:23 - [TEST_STEP][PASSED] - openBrowser(baseURL): Browser is opened with url: 'https://opensource-demo.orangehrmlive.com/web/index.php/auth/login'

2023-01-26 14:30:23 - [MESSAGE][INFO] - Starting 'Firefox' driver

2023-01-26 14:30:23 - [MESSAGE][INFO] - Action delay is set to 1,000 milliseconds

2023-01-26 14:30:29 - [MESSAGE][PASSED] - Browser is opened with url: 'https://opensource-demo.orangehrmlive.com/web/index.php/auth/login'

2023-01-26 14:30:29 - [TEST_STEP][PASSED] - maximizeWindow(): Current window maximized

2023-01-26 14:30:29 - [MESSAGE][PASSED] - Current window maximized

2023-01-26 14:30:29 - [TEST_STEP][PASSED] - orange.keywords.userLogin(findTestObject("Login Papge/textbox_Username"), username, findTestObject("Login Papge/textbox_Password"), password, findTestObject("Login Papge/button_Login")): orange.keywords.userLogin is PASSED

2023-01-26 14:30:35 - [MESSAGE][PASSED] - orange.keywords.userLogin is PASSED

2023-01-26 14:30:35 - [TEST_STEP][PASSED] - click(findTestObject("Navigation Sidebar/a_Admin")): Object: 'Object Repository/Navigation Sidebar/a_Admin' is clicked on

2023-01-26 14:30:39 - [MESSAGE][PASSED] - Object: 'Object Repository/Navigation Sidebar/a_Admin' is clicked on

2023-01-26 14:30:39 - [TEST_STEP][PASSED] - click(findTestObject("Admin Page/Qualifications/li_Qualifications")): Object: 'Object Repository/Admin Page/Qualifications/li_Qualifications' is clicked on

2023-01-26 14:30:42 - [MESSAGE][PASSED] - Object: 'Object Repository/Admin Page/Qualifications/li_Qualifications' is clicked on

2023-01-26 14:30:42 - [TEST_STEP][PASSED] - click(findTestObject("Admin Page/Qualifications/Education/li_Education")): Object: 'Object Repository/Admin Page/Qualifications/Education/li_Education' is clicked on

2023-01-26 14:30:43 - [MESSAGE][PASSED] - Object: 'Object Repository/Admin Page/Qualifications/Education/li_Education' is clicked on

2023-01-26 14:30:43 - [TEST_STEP][PASSED] - click(findTestObject("Admin Page/Qualifications/Education/button_Delete")): Object: 'Object Repository/Admin Page/Qualifications/Education/button_Delete' is clicked on

2023-01-26 14:30:46 - [MESSAGE][PASSED] - Object: 'Object Repository/Admin Page/Qualifications/Education/button_Delete' is clicked on

2023-01-26 14:30:46 - [TEST_STEP][PASSED] - click(findTestObject("Admin Page/Qualifications/Languages/button_Yes, Delete")): Object: 'Object Repository/Admin Page/Qualifications/Languages/button_Yes, Delete' is clicked on

2023-01-26 14:30:48 - [MESSAGE][PASSED] - Object: 'Object Repository/Admin Page/Qualifications/Languages/button_Yes, Delete' is clicked on

2023-01-26 14:30:48 - [TEST_STEP][PASSED] - waitForElementPresent(findTestObject("Confirmation messages/message_SuccessSuccessfullyDeleted"), 10): Object 'Object Repository/Confirmation messages/message_SuccessSuccessfullyDeleted' is present

2023-01-26 14:30:49 - [MESSAGE][PASSED] - Object 'Object Repository/Confirmation messages/message_SuccessSuccessfullyDeleted' is present

2023-01-26 14:30:49 - [TEST_STEP][PASSED] - verifyElementPresent(findTestObject("Confirmation messages/message_SuccessSuccessfullyDeleted"), 10): Object 'Object Repository/Confirmation messages/message_SuccessSuccessfullyDeleted' is present

2023-01-26 14:30:49 - [MESSAGE][PASSED] - Object 'Object Repository/Confirmation messages/message_SuccessSuccessfullyDeleted' is present

2023-01-26 14:30:49 - [TEST_STEP][PASSED] - closeBrowser(): Browser is closed

2023-01-26 14:30:51 - [MESSAGE][PASSED] - Browser is closed]]></system-out>
         <system-err><![CDATA[]]></system-err>
      </testcase>
      <system-out><![CDATA[2023-01-26 14:22:27 - [TEST_SUITE][PASSED] - Qualifications Dropdown Suite: Test Cases/Admin Page/Qualifications/Education/Delete Education]]></system-out>
      <system-err><![CDATA[]]></system-err>
   </testsuite>
</testsuites>
