<?xml version="1.0" encoding="UTF-8"?>
<testsuites name="Job Dropdown Suite" time="161.877" tests="6" failures="0" errors="0">
   <testsuite name="Job Dropdown Suite" tests="6" failures="0" errors="0" time="161.877" skipped="0" timestamp="2023-03-06 09:52:16" hostname="PC - host.docker.internal" id="Test Suites/Job Dropdown Suite">
      <properties>
         <property name="deviceName" value=""/>
         <property name="devicePlatform" value=""/>
         <property name="logFolder" value="C:\\Users\\PC\\git\\Orange Web Test Automation\\Reports\\20230306_095209\\Job Dropdown Suite\\20230306_095209"/>
         <property name="logFiles" value="C:\\Users\\PC\\git\\Orange Web Test Automation\\Reports\\20230306_095209\\Job Dropdown Suite\\20230306_095209\\execution0.log"/>
         <property name="attachments" value="keyes\keyes-Category Info.png, keyes\keyes-Category Added.png, keyes\keyes-Job Title Info.png, keyes\keyes-Job Title Added.png"/>
         <property name="hostName" value="PC - host.docker.internal"/>
         <property name="os" value="Windows 10 64bit"/>
         <property name="katalonVersion" value="8.5.5.208"/>
         <property name="browser" value="Chrome 110.0.0.0"/>
         <property name="hostAddress" value="192.168.0.23"/>
         <property name="sessionId" value="b39ce0243ec86f1da3a0420cc627ae50"/>
         <property name="seleniumVersion" value="3.141.59"/>
         <property name="proxyInformation" value="ProxyInformation { proxyOption=NO_PROXY, proxyServerType=HTTP, username=, password=********, proxyServerAddress=, proxyServerPort=0, executionList=&quot;&quot;, isApplyToDesiredCapabilities=true }"/>
         <property name="platform" value="Windows 10"/>
      </properties>
      <testcase name="Test Cases/Admin Page/Job/Job Categories/Add Category" time="28.702" classname="Test Cases/Admin Page/Job/Job Categories/Add Category" status="PASSED">
         <system-out><![CDATA[2023-03-06 09:52:16 - [TEST_CASE][PASSED] - Test Cases/Admin Page/Job/Job Categories/Add Category: Test Cases/Admin Page/Job/Job Categories/Add Category

2023-03-06 09:52:16 - [TEST_STEP][PASSED] - Start listener action : sampleBeforeTestCase: orange.keywords.userLogin is PASSED

2023-03-06 09:52:16 - [TEST_STEP][PASSED] - println(testCaseContext.getTestCaseId()): null

2023-03-06 09:52:16 - [TEST_STEP][PASSED] - println(testCaseContext.getTestCaseVariables()): null

2023-03-06 09:52:16 - [TEST_STEP][PASSED] - openBrowser(baseURL): Browser is opened with url: 'https://opensource-demo.orangehrmlive.com/web/index.php/auth/login'

2023-03-06 09:52:17 - [MESSAGE][INFO] - Starting 'Chrome' driver

2023-03-06 09:52:17 - [MESSAGE][INFO] - Action delay is set to 1,000 milliseconds

2023-03-06 09:52:22 - [MESSAGE][PASSED] - Browser is opened with url: 'https://opensource-demo.orangehrmlive.com/web/index.php/auth/login'

2023-03-06 09:52:22 - [TEST_STEP][PASSED] - maximizeWindow(): Current window maximized

2023-03-06 09:52:22 - [MESSAGE][PASSED] - Current window maximized

2023-03-06 09:52:22 - [TEST_STEP][PASSED] - orange.keywords.userLogin(findTestObject("Login Page/textbox_Username"), username, findTestObject("Login Page/textbox_Password"), password, findTestObject("Login Page/button_Login")): orange.keywords.userLogin is PASSED

2023-03-06 09:52:27 - [MESSAGE][PASSED] - orange.keywords.userLogin is PASSED

2023-03-06 09:52:28 - [TEST_STEP][PASSED] - click(findTestObject("Navigation Sidebar/a_Admin")): Object: 'Object Repository/Navigation Sidebar/a_Admin' is clicked on

2023-03-06 09:52:31 - [MESSAGE][PASSED] - Object: 'Object Repository/Navigation Sidebar/a_Admin' is clicked on

2023-03-06 09:52:31 - [TEST_STEP][PASSED] - click(findTestObject("Admin Page/Job/li_Job")): Object: 'Object Repository/Admin Page/Job/li_Job' is clicked on

2023-03-06 09:52:33 - [MESSAGE][PASSED] - Object: 'Object Repository/Admin Page/Job/li_Job' is clicked on

2023-03-06 09:52:33 - [TEST_STEP][PASSED] - click(findTestObject("Admin Page/Job/Job Categories/li_Job Categories")): Object: 'Object Repository/Admin Page/Job/Job Categories/li_Job Categories' is clicked on

2023-03-06 09:52:35 - [MESSAGE][PASSED] - Object: 'Object Repository/Admin Page/Job/Job Categories/li_Job Categories' is clicked on

2023-03-06 09:52:35 - [TEST_STEP][PASSED] - click(findTestObject("Admin Page/Nationalities/button_Add")): Object: 'Object Repository/Admin Page/Nationalities/button_Add' is clicked on

2023-03-06 09:52:37 - [MESSAGE][PASSED] - Object: 'Object Repository/Admin Page/Nationalities/button_Add' is clicked on

2023-03-06 09:52:37 - [TEST_STEP][PASSED] - sendKeys(findTestObject("Admin Page/Qualifications/Skills/textbox_Username"), job_category): Keys 'Automation Category' sent to object: 'Object Repository/Admin Page/Qualifications/Skills/textbox_Username'

2023-03-06 09:52:40 - [MESSAGE][PASSED] - Keys 'Automation Category' sent to object: 'Object Repository/Admin Page/Qualifications/Skills/textbox_Username'

2023-03-06 09:52:40 - [TEST_STEP][PASSED] - takeScreenshotAsCheckpoint("Category Info"): Taking screenshot successfully

2023-03-06 09:52:40 - [MESSAGE][INFO] - 0 hidden object(s)

2023-03-06 09:52:41 - [MESSAGE][PASSED] - Taking screenshot successfully
[[ATTACHMENT|keyes\keyes-Category Info.png]]

2023-03-06 09:52:41 - [TEST_STEP][PASSED] - click(findTestObject("Admin Page/Nationalities/button_Save")): Object: 'Object Repository/Admin Page/Nationalities/button_Save' is clicked on

2023-03-06 09:52:42 - [MESSAGE][PASSED] - Object: 'Object Repository/Admin Page/Nationalities/button_Save' is clicked on

2023-03-06 09:52:42 - [TEST_STEP][PASSED] - waitForElementPresent(findTestObject("Confirmation messages/message_SuccessSuccessfullySaved"), 10): Object 'Object Repository/Confirmation messages/message_SuccessSuccessfullySaved' is present

2023-03-06 09:52:43 - [MESSAGE][PASSED] - Object 'Object Repository/Confirmation messages/message_SuccessSuccessfullySaved' is present

2023-03-06 09:52:43 - [TEST_STEP][PASSED] - verifyElementPresent(findTestObject("Confirmation messages/message_SuccessSuccessfullySaved"), 10): Object 'Object Repository/Confirmation messages/message_SuccessSuccessfullySaved' is present

2023-03-06 09:52:43 - [MESSAGE][PASSED] - Object 'Object Repository/Confirmation messages/message_SuccessSuccessfullySaved' is present

2023-03-06 09:52:43 - [TEST_STEP][PASSED] - takeScreenshotAsCheckpoint("Category Added"): Taking screenshot successfully

2023-03-06 09:52:44 - [MESSAGE][INFO] - 0 hidden object(s)

2023-03-06 09:52:44 - [MESSAGE][PASSED] - Taking screenshot successfully
[[ATTACHMENT|keyes\keyes-Category Added.png]]

2023-03-06 09:52:44 - [TEST_STEP][PASSED] - Start listener action : sampleAfterTestCase: Browser is closed

2023-03-06 09:52:44 - [TEST_STEP][PASSED] - println(testCaseContext.getTestCaseId()): null

2023-03-06 09:52:44 - [TEST_STEP][PASSED] - println(testCaseContext.getTestCaseStatus()): null

2023-03-06 09:52:44 - [TEST_STEP][PASSED] - closeBrowser(): Browser is closed

2023-03-06 09:52:45 - [MESSAGE][PASSED] - Browser is closed]]></system-out>
         <system-err><![CDATA[]]></system-err>
      </testcase>
      <testcase name="Test Cases/Admin Page/Job/Job Categories/Edit Category" time="26.73" classname="Test Cases/Admin Page/Job/Job Categories/Edit Category" status="PASSED">
         <system-out><![CDATA[2023-03-06 09:52:45 - [TEST_CASE][PASSED] - Test Cases/Admin Page/Job/Job Categories/Edit Category: Test Cases/Admin Page/Job/Job Categories/Edit Category

2023-03-06 09:52:45 - [TEST_STEP][PASSED] - Start listener action : sampleBeforeTestCase: orange.keywords.userLogin is PASSED

2023-03-06 09:52:45 - [TEST_STEP][PASSED] - println(testCaseContext.getTestCaseId()): null

2023-03-06 09:52:45 - [TEST_STEP][PASSED] - println(testCaseContext.getTestCaseVariables()): null

2023-03-06 09:52:45 - [TEST_STEP][PASSED] - openBrowser(baseURL): Browser is opened with url: 'https://opensource-demo.orangehrmlive.com/web/index.php/auth/login'

2023-03-06 09:52:45 - [MESSAGE][INFO] - Starting 'Chrome' driver

2023-03-06 09:52:45 - [MESSAGE][INFO] - Action delay is set to 1,000 milliseconds

2023-03-06 09:52:49 - [MESSAGE][PASSED] - Browser is opened with url: 'https://opensource-demo.orangehrmlive.com/web/index.php/auth/login'

2023-03-06 09:52:49 - [TEST_STEP][PASSED] - maximizeWindow(): Current window maximized

2023-03-06 09:52:49 - [MESSAGE][PASSED] - Current window maximized

2023-03-06 09:52:49 - [TEST_STEP][PASSED] - orange.keywords.userLogin(findTestObject("Login Page/textbox_Username"), username, findTestObject("Login Page/textbox_Password"), password, findTestObject("Login Page/button_Login")): orange.keywords.userLogin is PASSED

2023-03-06 09:52:54 - [MESSAGE][PASSED] - orange.keywords.userLogin is PASSED

2023-03-06 09:52:55 - [TEST_STEP][PASSED] - click(findTestObject("Navigation Sidebar/a_Admin")): Object: 'Object Repository/Navigation Sidebar/a_Admin' is clicked on

2023-03-06 09:52:58 - [MESSAGE][PASSED] - Object: 'Object Repository/Navigation Sidebar/a_Admin' is clicked on

2023-03-06 09:52:58 - [TEST_STEP][PASSED] - click(findTestObject("Admin Page/Job/li_Job")): Object: 'Object Repository/Admin Page/Job/li_Job' is clicked on

2023-03-06 09:53:00 - [MESSAGE][PASSED] - Object: 'Object Repository/Admin Page/Job/li_Job' is clicked on

2023-03-06 09:53:00 - [TEST_STEP][PASSED] - click(findTestObject("Admin Page/Job/Job Categories/li_Job Categories")): Object: 'Object Repository/Admin Page/Job/Job Categories/li_Job Categories' is clicked on

2023-03-06 09:53:02 - [MESSAGE][PASSED] - Object: 'Object Repository/Admin Page/Job/Job Categories/li_Job Categories' is clicked on

2023-03-06 09:53:02 - [TEST_STEP][PASSED] - click(findTestObject("Admin Page/Job/Job Categories/button_Edit")): Object: 'Object Repository/Admin Page/Job/Job Categories/button_Edit' is clicked on

2023-03-06 09:53:05 - [MESSAGE][PASSED] - Object: 'Object Repository/Admin Page/Job/Job Categories/button_Edit' is clicked on

2023-03-06 09:53:05 - [TEST_STEP][PASSED] - sendKeys(findTestObject("Admin Page/Qualifications/Skills/textbox_Username"), Keys.chord(CONTROL, "a")): Keys 'CONTROL + a' sent to object: 'Object Repository/Admin Page/Qualifications/Skills/textbox_Username'

2023-03-06 09:53:07 - [MESSAGE][PASSED] - Keys 'CONTROL + a' sent to object: 'Object Repository/Admin Page/Qualifications/Skills/textbox_Username'

2023-03-06 09:53:07 - [TEST_STEP][PASSED] - sendKeys(findTestObject("Admin Page/Qualifications/Skills/textbox_Username_selected"), edited_job_category): Keys 'Automation Category-Edited' sent to object: 'Object Repository/Admin Page/Qualifications/Skills/textbox_Username_selected'

2023-03-06 09:53:09 - [MESSAGE][PASSED] - Keys 'Automation Category-Edited' sent to object: 'Object Repository/Admin Page/Qualifications/Skills/textbox_Username_selected'

2023-03-06 09:53:09 - [TEST_STEP][PASSED] - click(findTestObject("Admin Page/Qualifications/Skills/button_Save")): Object: 'Object Repository/Admin Page/Qualifications/Skills/button_Save' is clicked on

2023-03-06 09:53:10 - [MESSAGE][PASSED] - Object: 'Object Repository/Admin Page/Qualifications/Skills/button_Save' is clicked on

2023-03-06 09:53:10 - [TEST_STEP][PASSED] - waitForElementPresent(findTestObject("Confirmation messages/message_SuccessSuccessfullyUpdated"), 10): Object 'Object Repository/Confirmation messages/message_SuccessSuccessfullyUpdated' is present

2023-03-06 09:53:11 - [MESSAGE][PASSED] - Object 'Object Repository/Confirmation messages/message_SuccessSuccessfullyUpdated' is present

2023-03-06 09:53:11 - [TEST_STEP][PASSED] - verifyElementPresent(findTestObject("Confirmation messages/message_SuccessSuccessfullyUpdated"), 10): Object 'Object Repository/Confirmation messages/message_SuccessSuccessfullyUpdated' is present

2023-03-06 09:53:11 - [MESSAGE][PASSED] - Object 'Object Repository/Confirmation messages/message_SuccessSuccessfullyUpdated' is present

2023-03-06 09:53:11 - [TEST_STEP][PASSED] - Start listener action : sampleAfterTestCase: Browser is closed

2023-03-06 09:53:11 - [TEST_STEP][PASSED] - println(testCaseContext.getTestCaseId()): null

2023-03-06 09:53:11 - [TEST_STEP][PASSED] - println(testCaseContext.getTestCaseStatus()): null

2023-03-06 09:53:11 - [TEST_STEP][PASSED] - closeBrowser(): Browser is closed

2023-03-06 09:53:12 - [MESSAGE][PASSED] - Browser is closed]]></system-out>
         <system-err><![CDATA[]]></system-err>
      </testcase>
      <testcase name="Test Cases/Admin Page/Job/Job Categories/Delete Category" time="22.248" classname="Test Cases/Admin Page/Job/Job Categories/Delete Category" status="PASSED">
         <system-out><![CDATA[2023-03-06 09:53:12 - [TEST_CASE][PASSED] - Test Cases/Admin Page/Job/Job Categories/Delete Category: Test Cases/Admin Page/Job/Job Categories/Delete Category

2023-03-06 09:53:12 - [TEST_STEP][PASSED] - Start listener action : sampleBeforeTestCase: orange.keywords.userLogin is PASSED

2023-03-06 09:53:12 - [TEST_STEP][PASSED] - println(testCaseContext.getTestCaseId()): null

2023-03-06 09:53:12 - [TEST_STEP][PASSED] - println(testCaseContext.getTestCaseVariables()): null

2023-03-06 09:53:12 - [TEST_STEP][PASSED] - openBrowser(baseURL): Browser is opened with url: 'https://opensource-demo.orangehrmlive.com/web/index.php/auth/login'

2023-03-06 09:53:12 - [MESSAGE][INFO] - Starting 'Chrome' driver

2023-03-06 09:53:12 - [MESSAGE][INFO] - Action delay is set to 1,000 milliseconds

2023-03-06 09:53:15 - [MESSAGE][PASSED] - Browser is opened with url: 'https://opensource-demo.orangehrmlive.com/web/index.php/auth/login'

2023-03-06 09:53:15 - [TEST_STEP][PASSED] - maximizeWindow(): Current window maximized

2023-03-06 09:53:16 - [MESSAGE][PASSED] - Current window maximized

2023-03-06 09:53:16 - [TEST_STEP][PASSED] - orange.keywords.userLogin(findTestObject("Login Page/textbox_Username"), username, findTestObject("Login Page/textbox_Password"), password, findTestObject("Login Page/button_Login")): orange.keywords.userLogin is PASSED

2023-03-06 09:53:21 - [MESSAGE][PASSED] - orange.keywords.userLogin is PASSED

2023-03-06 09:53:21 - [TEST_STEP][PASSED] - click(findTestObject("Navigation Sidebar/a_Admin")): Object: 'Object Repository/Navigation Sidebar/a_Admin' is clicked on

2023-03-06 09:53:24 - [MESSAGE][PASSED] - Object: 'Object Repository/Navigation Sidebar/a_Admin' is clicked on

2023-03-06 09:53:24 - [TEST_STEP][PASSED] - click(findTestObject("Admin Page/Job/li_Job")): Object: 'Object Repository/Admin Page/Job/li_Job' is clicked on

2023-03-06 09:53:27 - [MESSAGE][PASSED] - Object: 'Object Repository/Admin Page/Job/li_Job' is clicked on

2023-03-06 09:53:27 - [TEST_STEP][PASSED] - click(findTestObject("Admin Page/Job/Job Categories/li_Job Categories")): Object: 'Object Repository/Admin Page/Job/Job Categories/li_Job Categories' is clicked on

2023-03-06 09:53:28 - [MESSAGE][PASSED] - Object: 'Object Repository/Admin Page/Job/Job Categories/li_Job Categories' is clicked on

2023-03-06 09:53:28 - [TEST_STEP][PASSED] - click(findTestObject("Admin Page/Job/Job Categories/button_Delete")): Object: 'Object Repository/Admin Page/Job/Job Categories/button_Delete' is clicked on

2023-03-06 09:53:31 - [MESSAGE][PASSED] - Object: 'Object Repository/Admin Page/Job/Job Categories/button_Delete' is clicked on

2023-03-06 09:53:31 - [TEST_STEP][PASSED] - click(findTestObject("Admin Page/Qualifications/Languages/button_Yes, Delete")): Object: 'Object Repository/Admin Page/Qualifications/Languages/button_Yes, Delete' is clicked on

2023-03-06 09:53:32 - [MESSAGE][PASSED] - Object: 'Object Repository/Admin Page/Qualifications/Languages/button_Yes, Delete' is clicked on

2023-03-06 09:53:32 - [TEST_STEP][PASSED] - waitForElementPresent(findTestObject("Confirmation messages/message_SuccessSuccessfullyDeleted"), 10): Object 'Object Repository/Confirmation messages/message_SuccessSuccessfullyDeleted' is present

2023-03-06 09:53:33 - [MESSAGE][PASSED] - Object 'Object Repository/Confirmation messages/message_SuccessSuccessfullyDeleted' is present

2023-03-06 09:53:33 - [TEST_STEP][PASSED] - verifyElementPresent(findTestObject("Confirmation messages/message_SuccessSuccessfullyDeleted"), 10): Object 'Object Repository/Confirmation messages/message_SuccessSuccessfullyDeleted' is present

2023-03-06 09:53:33 - [MESSAGE][PASSED] - Object 'Object Repository/Confirmation messages/message_SuccessSuccessfullyDeleted' is present

2023-03-06 09:53:33 - [TEST_STEP][PASSED] - Start listener action : sampleAfterTestCase: Browser is closed

2023-03-06 09:53:33 - [TEST_STEP][PASSED] - println(testCaseContext.getTestCaseId()): null

2023-03-06 09:53:33 - [TEST_STEP][PASSED] - println(testCaseContext.getTestCaseStatus()): null

2023-03-06 09:53:33 - [TEST_STEP][PASSED] - closeBrowser(): Browser is closed

2023-03-06 09:53:34 - [MESSAGE][PASSED] - Browser is closed]]></system-out>
         <system-err><![CDATA[]]></system-err>
      </testcase>
      <testcase name="Test Cases/Admin Page/Job/Job Titles/Add Job Title" time="29.721" classname="Test Cases/Admin Page/Job/Job Titles/Add Job Title" status="PASSED">
         <system-out><![CDATA[2023-03-06 09:53:34 - [TEST_CASE][PASSED] - Test Cases/Admin Page/Job/Job Titles/Add Job Title: Test Cases/Admin Page/Job/Job Titles/Add Job Title

2023-03-06 09:53:34 - [TEST_STEP][PASSED] - Start listener action : sampleBeforeTestCase: orange.keywords.userLogin is PASSED

2023-03-06 09:53:34 - [TEST_STEP][PASSED] - println(testCaseContext.getTestCaseId()): null

2023-03-06 09:53:34 - [TEST_STEP][PASSED] - println(testCaseContext.getTestCaseVariables()): null

2023-03-06 09:53:34 - [TEST_STEP][PASSED] - openBrowser(baseURL): Browser is opened with url: 'https://opensource-demo.orangehrmlive.com/web/index.php/auth/login'

2023-03-06 09:53:34 - [MESSAGE][INFO] - Starting 'Chrome' driver

2023-03-06 09:53:34 - [MESSAGE][INFO] - Action delay is set to 1,000 milliseconds

2023-03-06 09:53:38 - [MESSAGE][PASSED] - Browser is opened with url: 'https://opensource-demo.orangehrmlive.com/web/index.php/auth/login'

2023-03-06 09:53:38 - [TEST_STEP][PASSED] - maximizeWindow(): Current window maximized

2023-03-06 09:53:38 - [MESSAGE][PASSED] - Current window maximized

2023-03-06 09:53:38 - [TEST_STEP][PASSED] - orange.keywords.userLogin(findTestObject("Login Page/textbox_Username"), username, findTestObject("Login Page/textbox_Password"), password, findTestObject("Login Page/button_Login")): orange.keywords.userLogin is PASSED

2023-03-06 09:53:43 - [MESSAGE][PASSED] - orange.keywords.userLogin is PASSED

2023-03-06 09:53:44 - [TEST_STEP][PASSED] - click(findTestObject("Navigation Sidebar/a_Admin")): Object: 'Object Repository/Navigation Sidebar/a_Admin' is clicked on

2023-03-06 09:53:47 - [MESSAGE][PASSED] - Object: 'Object Repository/Navigation Sidebar/a_Admin' is clicked on

2023-03-06 09:53:47 - [TEST_STEP][PASSED] - click(findTestObject("Admin Page/Job/li_Job")): Object: 'Object Repository/Admin Page/Job/li_Job' is clicked on

2023-03-06 09:53:49 - [MESSAGE][PASSED] - Object: 'Object Repository/Admin Page/Job/li_Job' is clicked on

2023-03-06 09:53:49 - [TEST_STEP][PASSED] - click(findTestObject("Admin Page/Job/Job Titles/li_Job Titles")): Object: 'Object Repository/Admin Page/Job/Job Titles/li_Job Titles' is clicked on

2023-03-06 09:53:51 - [MESSAGE][PASSED] - Object: 'Object Repository/Admin Page/Job/Job Titles/li_Job Titles' is clicked on

2023-03-06 09:53:51 - [TEST_STEP][PASSED] - click(findTestObject("Admin Page/Nationalities/button_Add")): Object: 'Object Repository/Admin Page/Nationalities/button_Add' is clicked on

2023-03-06 09:53:53 - [MESSAGE][PASSED] - Object: 'Object Repository/Admin Page/Nationalities/button_Add' is clicked on

2023-03-06 09:53:53 - [TEST_STEP][PASSED] - sendKeys(findTestObject("Admin Page/Qualifications/Skills/textbox_Username"), job_title): Keys 'Boss-Automation' sent to object: 'Object Repository/Admin Page/Qualifications/Skills/textbox_Username'

2023-03-06 09:53:56 - [MESSAGE][PASSED] - Keys 'Boss-Automation' sent to object: 'Object Repository/Admin Page/Qualifications/Skills/textbox_Username'

2023-03-06 09:53:56 - [TEST_STEP][PASSED] - sendKeys(findTestObject("Admin Page/Job/Job Titles/textarea_Job Description"), job_title_description): Keys 'Big-Boss' sent to object: 'Object Repository/Admin Page/Job/Job Titles/textarea_Job Description'

2023-03-06 09:53:57 - [MESSAGE][PASSED] - Keys 'Big-Boss' sent to object: 'Object Repository/Admin Page/Job/Job Titles/textarea_Job Description'

2023-03-06 09:53:57 - [TEST_STEP][PASSED] - sendKeys(findTestObject("Admin Page/Job/Job Titles/textarea_Note"), job_title_notes): Keys 'No notes available' sent to object: 'Object Repository/Admin Page/Job/Job Titles/textarea_Note'

2023-03-06 09:53:59 - [MESSAGE][PASSED] - Keys 'No notes available' sent to object: 'Object Repository/Admin Page/Job/Job Titles/textarea_Note'

2023-03-06 09:53:59 - [TEST_STEP][PASSED] - takeScreenshotAsCheckpoint("Job Title Info"): Taking screenshot successfully

2023-03-06 09:53:59 - [MESSAGE][INFO] - 0 hidden object(s)

2023-03-06 09:53:59 - [MESSAGE][PASSED] - Taking screenshot successfully
[[ATTACHMENT|keyes\keyes-Job Title Info.png]]

2023-03-06 09:53:59 - [TEST_STEP][PASSED] - click(findTestObject("Admin Page/Nationalities/button_Save")): Object: 'Object Repository/Admin Page/Nationalities/button_Save' is clicked on

2023-03-06 09:54:01 - [MESSAGE][PASSED] - Object: 'Object Repository/Admin Page/Nationalities/button_Save' is clicked on

2023-03-06 09:54:01 - [TEST_STEP][PASSED] - waitForElementPresent(findTestObject("Confirmation messages/message_SuccessSuccessfullySaved"), 10): Object 'Object Repository/Confirmation messages/message_SuccessSuccessfullySaved' is present

2023-03-06 09:54:02 - [MESSAGE][PASSED] - Object 'Object Repository/Confirmation messages/message_SuccessSuccessfullySaved' is present

2023-03-06 09:54:02 - [TEST_STEP][PASSED] - verifyElementPresent(findTestObject("Confirmation messages/message_SuccessSuccessfullySaved"), 10): Object 'Object Repository/Confirmation messages/message_SuccessSuccessfullySaved' is present

2023-03-06 09:54:02 - [MESSAGE][PASSED] - Object 'Object Repository/Confirmation messages/message_SuccessSuccessfullySaved' is present

2023-03-06 09:54:02 - [TEST_STEP][PASSED] - takeScreenshotAsCheckpoint("Job Title Added"): Taking screenshot successfully

2023-03-06 09:54:03 - [MESSAGE][INFO] - 0 hidden object(s)

2023-03-06 09:54:03 - [MESSAGE][PASSED] - Taking screenshot successfully
[[ATTACHMENT|keyes\keyes-Job Title Added.png]]

2023-03-06 09:54:03 - [TEST_STEP][PASSED] - Start listener action : sampleAfterTestCase: Browser is closed

2023-03-06 09:54:03 - [TEST_STEP][PASSED] - println(testCaseContext.getTestCaseId()): null

2023-03-06 09:54:03 - [TEST_STEP][PASSED] - println(testCaseContext.getTestCaseStatus()): null

2023-03-06 09:54:03 - [TEST_STEP][PASSED] - closeBrowser(): Browser is closed

2023-03-06 09:54:04 - [MESSAGE][PASSED] - Browser is closed]]></system-out>
         <system-err><![CDATA[]]></system-err>
      </testcase>
      <testcase name="Test Cases/Admin Page/Job/Job Titles/Edit Job Title" time="31.783" classname="Test Cases/Admin Page/Job/Job Titles/Edit Job Title" status="PASSED">
         <system-out><![CDATA[2023-03-06 09:54:04 - [TEST_CASE][PASSED] - Test Cases/Admin Page/Job/Job Titles/Edit Job Title: Test Cases/Admin Page/Job/Job Titles/Edit Job Title

2023-03-06 09:54:04 - [TEST_STEP][PASSED] - Start listener action : sampleBeforeTestCase: orange.keywords.userLogin is PASSED

2023-03-06 09:54:04 - [TEST_STEP][PASSED] - println(testCaseContext.getTestCaseId()): null

2023-03-06 09:54:04 - [TEST_STEP][PASSED] - println(testCaseContext.getTestCaseVariables()): null

2023-03-06 09:54:04 - [TEST_STEP][PASSED] - openBrowser(baseURL): Browser is opened with url: 'https://opensource-demo.orangehrmlive.com/web/index.php/auth/login'

2023-03-06 09:54:04 - [MESSAGE][INFO] - Starting 'Chrome' driver

2023-03-06 09:54:04 - [MESSAGE][INFO] - Action delay is set to 1,000 milliseconds

2023-03-06 09:54:08 - [MESSAGE][PASSED] - Browser is opened with url: 'https://opensource-demo.orangehrmlive.com/web/index.php/auth/login'

2023-03-06 09:54:08 - [TEST_STEP][PASSED] - maximizeWindow(): Current window maximized

2023-03-06 09:54:08 - [MESSAGE][PASSED] - Current window maximized

2023-03-06 09:54:08 - [TEST_STEP][PASSED] - orange.keywords.userLogin(findTestObject("Login Page/textbox_Username"), username, findTestObject("Login Page/textbox_Password"), password, findTestObject("Login Page/button_Login")): orange.keywords.userLogin is PASSED

2023-03-06 09:54:13 - [MESSAGE][PASSED] - orange.keywords.userLogin is PASSED

2023-03-06 09:54:13 - [TEST_STEP][PASSED] - click(findTestObject("Navigation Sidebar/a_Admin")): Object: 'Object Repository/Navigation Sidebar/a_Admin' is clicked on

2023-03-06 09:54:16 - [MESSAGE][PASSED] - Object: 'Object Repository/Navigation Sidebar/a_Admin' is clicked on

2023-03-06 09:54:16 - [TEST_STEP][PASSED] - click(findTestObject("Admin Page/Job/li_Job")): Object: 'Object Repository/Admin Page/Job/li_Job' is clicked on

2023-03-06 09:54:19 - [MESSAGE][PASSED] - Object: 'Object Repository/Admin Page/Job/li_Job' is clicked on

2023-03-06 09:54:19 - [TEST_STEP][PASSED] - click(findTestObject("Admin Page/Job/Job Titles/li_Job Titles")): Object: 'Object Repository/Admin Page/Job/Job Titles/li_Job Titles' is clicked on

2023-03-06 09:54:21 - [MESSAGE][PASSED] - Object: 'Object Repository/Admin Page/Job/Job Titles/li_Job Titles' is clicked on

2023-03-06 09:54:21 - [TEST_STEP][PASSED] - click(findTestObject("Admin Page/Job/Job Titles/button_Edit")): Object: 'Object Repository/Admin Page/Job/Job Titles/button_Edit' is clicked on

2023-03-06 09:54:23 - [MESSAGE][PASSED] - Object: 'Object Repository/Admin Page/Job/Job Titles/button_Edit' is clicked on

2023-03-06 09:54:23 - [TEST_STEP][PASSED] - sendKeys(findTestObject("Admin Page/Qualifications/Skills/textbox_Username"), Keys.chord(CONTROL, "a")): Keys 'CONTROL + a' sent to object: 'Object Repository/Admin Page/Qualifications/Skills/textbox_Username'

2023-03-06 09:54:25 - [MESSAGE][PASSED] - Keys 'CONTROL + a' sent to object: 'Object Repository/Admin Page/Qualifications/Skills/textbox_Username'

2023-03-06 09:54:25 - [TEST_STEP][PASSED] - sendKeys(findTestObject("Admin Page/Qualifications/Skills/textbox_Username_selected"), edited_job_title): Keys 'Boss-Edited-Automation' sent to object: 'Object Repository/Admin Page/Qualifications/Skills/textbox_Username_selected'

2023-03-06 09:54:27 - [MESSAGE][PASSED] - Keys 'Boss-Edited-Automation' sent to object: 'Object Repository/Admin Page/Qualifications/Skills/textbox_Username_selected'

2023-03-06 09:54:27 - [TEST_STEP][PASSED] - sendKeys(findTestObject("Admin Page/Job/Job Titles/textarea_Job Description"), Keys.chord(CONTROL, "a")): Keys 'CONTROL + a' sent to object: 'Object Repository/Admin Page/Job/Job Titles/textarea_Job Description'

2023-03-06 09:54:28 - [MESSAGE][PASSED] - Keys 'CONTROL + a' sent to object: 'Object Repository/Admin Page/Job/Job Titles/textarea_Job Description'

2023-03-06 09:54:28 - [TEST_STEP][PASSED] - sendKeys(findTestObject("Admin Page/Job/Job Titles/textarea_Job Description"), edited_job_title_description): Keys 'Big Boss -Edited' sent to object: 'Object Repository/Admin Page/Job/Job Titles/textarea_Job Description'

2023-03-06 09:54:29 - [MESSAGE][PASSED] - Keys 'Big Boss -Edited' sent to object: 'Object Repository/Admin Page/Job/Job Titles/textarea_Job Description'

2023-03-06 09:54:29 - [TEST_STEP][PASSED] - sendKeys(findTestObject("Admin Page/Job/Job Titles/textarea_Note"), Keys.chord(CONTROL, "a")): Keys 'CONTROL + a' sent to object: 'Object Repository/Admin Page/Job/Job Titles/textarea_Note'

2023-03-06 09:54:31 - [MESSAGE][PASSED] - Keys 'CONTROL + a' sent to object: 'Object Repository/Admin Page/Job/Job Titles/textarea_Note'

2023-03-06 09:54:31 - [TEST_STEP][PASSED] - sendKeys(findTestObject("Admin Page/Job/Job Titles/textarea_Note"), edited_job_title_notes): Keys 'Notes available tomorrow' sent to object: 'Object Repository/Admin Page/Job/Job Titles/textarea_Note'

2023-03-06 09:54:32 - [MESSAGE][PASSED] - Keys 'Notes available tomorrow' sent to object: 'Object Repository/Admin Page/Job/Job Titles/textarea_Note'

2023-03-06 09:54:32 - [TEST_STEP][PASSED] - click(findTestObject("Admin Page/Qualifications/Skills/button_Save")): Object: 'Object Repository/Admin Page/Qualifications/Skills/button_Save' is clicked on

2023-03-06 09:54:34 - [MESSAGE][PASSED] - Object: 'Object Repository/Admin Page/Qualifications/Skills/button_Save' is clicked on

2023-03-06 09:54:34 - [TEST_STEP][PASSED] - waitForElementPresent(findTestObject("Confirmation messages/message_SuccessSuccessfullyUpdated"), 10): Object 'Object Repository/Confirmation messages/message_SuccessSuccessfullyUpdated' is present

2023-03-06 09:54:34 - [MESSAGE][PASSED] - Object 'Object Repository/Confirmation messages/message_SuccessSuccessfullyUpdated' is present

2023-03-06 09:54:34 - [TEST_STEP][PASSED] - verifyElementPresent(findTestObject("Confirmation messages/message_SuccessSuccessfullyUpdated"), 10): Object 'Object Repository/Confirmation messages/message_SuccessSuccessfullyUpdated' is present

2023-03-06 09:54:35 - [MESSAGE][PASSED] - Object 'Object Repository/Confirmation messages/message_SuccessSuccessfullyUpdated' is present

2023-03-06 09:54:35 - [TEST_STEP][PASSED] - Start listener action : sampleAfterTestCase: Browser is closed

2023-03-06 09:54:35 - [TEST_STEP][PASSED] - println(testCaseContext.getTestCaseId()): null

2023-03-06 09:54:35 - [TEST_STEP][PASSED] - println(testCaseContext.getTestCaseStatus()): null

2023-03-06 09:54:35 - [TEST_STEP][PASSED] - closeBrowser(): Browser is closed

2023-03-06 09:54:36 - [MESSAGE][PASSED] - Browser is closed]]></system-out>
         <system-err><![CDATA[]]></system-err>
      </testcase>
      <testcase name="Test Cases/Admin Page/Job/Job Titles/Delete Job Title" time="22.423" classname="Test Cases/Admin Page/Job/Job Titles/Delete Job Title" status="PASSED">
         <system-out><![CDATA[2023-03-06 09:54:36 - [TEST_CASE][PASSED] - Test Cases/Admin Page/Job/Job Titles/Delete Job Title: Test Cases/Admin Page/Job/Job Titles/Delete Job Title

2023-03-06 09:54:36 - [TEST_STEP][PASSED] - Start listener action : sampleBeforeTestCase: orange.keywords.userLogin is PASSED

2023-03-06 09:54:36 - [TEST_STEP][PASSED] - println(testCaseContext.getTestCaseId()): null

2023-03-06 09:54:36 - [TEST_STEP][PASSED] - println(testCaseContext.getTestCaseVariables()): null

2023-03-06 09:54:36 - [TEST_STEP][PASSED] - openBrowser(baseURL): Browser is opened with url: 'https://opensource-demo.orangehrmlive.com/web/index.php/auth/login'

2023-03-06 09:54:36 - [MESSAGE][INFO] - Starting 'Chrome' driver

2023-03-06 09:54:36 - [MESSAGE][INFO] - Action delay is set to 1,000 milliseconds

2023-03-06 09:54:39 - [MESSAGE][PASSED] - Browser is opened with url: 'https://opensource-demo.orangehrmlive.com/web/index.php/auth/login'

2023-03-06 09:54:39 - [TEST_STEP][PASSED] - maximizeWindow(): Current window maximized

2023-03-06 09:54:39 - [MESSAGE][PASSED] - Current window maximized

2023-03-06 09:54:39 - [TEST_STEP][PASSED] - orange.keywords.userLogin(findTestObject("Login Page/textbox_Username"), username, findTestObject("Login Page/textbox_Password"), password, findTestObject("Login Page/button_Login")): orange.keywords.userLogin is PASSED

2023-03-06 09:54:45 - [MESSAGE][PASSED] - orange.keywords.userLogin is PASSED

2023-03-06 09:54:45 - [TEST_STEP][PASSED] - click(findTestObject("Navigation Sidebar/a_Admin")): Object: 'Object Repository/Navigation Sidebar/a_Admin' is clicked on

2023-03-06 09:54:48 - [MESSAGE][PASSED] - Object: 'Object Repository/Navigation Sidebar/a_Admin' is clicked on

2023-03-06 09:54:48 - [TEST_STEP][PASSED] - click(findTestObject("Admin Page/Job/li_Job")): Object: 'Object Repository/Admin Page/Job/li_Job' is clicked on

2023-03-06 09:54:50 - [MESSAGE][PASSED] - Object: 'Object Repository/Admin Page/Job/li_Job' is clicked on

2023-03-06 09:54:50 - [TEST_STEP][PASSED] - click(findTestObject("Admin Page/Job/Job Titles/li_Job Titles")): Object: 'Object Repository/Admin Page/Job/Job Titles/li_Job Titles' is clicked on

2023-03-06 09:54:52 - [MESSAGE][PASSED] - Object: 'Object Repository/Admin Page/Job/Job Titles/li_Job Titles' is clicked on

2023-03-06 09:54:52 - [TEST_STEP][PASSED] - click(findTestObject("Admin Page/Job/Job Titles/button_Delete")): Object: 'Object Repository/Admin Page/Job/Job Titles/button_Delete' is clicked on

2023-03-06 09:54:55 - [MESSAGE][PASSED] - Object: 'Object Repository/Admin Page/Job/Job Titles/button_Delete' is clicked on

2023-03-06 09:54:55 - [TEST_STEP][PASSED] - click(findTestObject("Admin Page/Qualifications/Languages/button_Yes, Delete")): Object: 'Object Repository/Admin Page/Qualifications/Languages/button_Yes, Delete' is clicked on

2023-03-06 09:54:56 - [MESSAGE][PASSED] - Object: 'Object Repository/Admin Page/Qualifications/Languages/button_Yes, Delete' is clicked on

2023-03-06 09:54:56 - [TEST_STEP][PASSED] - waitForElementPresent(findTestObject("Confirmation messages/message_SuccessSuccessfullyDeleted"), 10): Object 'Object Repository/Confirmation messages/message_SuccessSuccessfullyDeleted' is present

2023-03-06 09:54:57 - [MESSAGE][PASSED] - Object 'Object Repository/Confirmation messages/message_SuccessSuccessfullyDeleted' is present

2023-03-06 09:54:57 - [TEST_STEP][PASSED] - verifyElementPresent(findTestObject("Confirmation messages/message_SuccessSuccessfullyDeleted"), 10): Object 'Object Repository/Confirmation messages/message_SuccessSuccessfullyDeleted' is present

2023-03-06 09:54:57 - [MESSAGE][PASSED] - Object 'Object Repository/Confirmation messages/message_SuccessSuccessfullyDeleted' is present

2023-03-06 09:54:57 - [TEST_STEP][PASSED] - Start listener action : sampleAfterTestCase: Browser is closed

2023-03-06 09:54:57 - [TEST_STEP][PASSED] - println(testCaseContext.getTestCaseId()): null

2023-03-06 09:54:57 - [TEST_STEP][PASSED] - println(testCaseContext.getTestCaseStatus()): null

2023-03-06 09:54:57 - [TEST_STEP][PASSED] - closeBrowser(): Browser is closed

2023-03-06 09:54:58 - [MESSAGE][PASSED] - Browser is closed]]></system-out>
         <system-err><![CDATA[]]></system-err>
      </testcase>
      <system-out><![CDATA[2023-03-06 09:52:16 - [TEST_SUITE][PASSED] - Job Dropdown Suite: Test Cases/Admin Page/Job/Job Titles/Delete Job Title]]></system-out>
      <system-err><![CDATA[]]></system-err>
   </testsuite>
</testsuites>
