<?xml version="1.0" encoding="UTF-8"?>
<testsuites name="Job Dropdown Suite" time="169.51" tests="6" failures="0" errors="0">
   <testsuite name="Job Dropdown Suite" tests="6" failures="0" errors="0" time="169.51" skipped="0" timestamp="2023-02-06 20:26:15" hostname="PC - DESKTOP-BHVHH8C" id="Test Suites/Job Dropdown Suite">
      <properties>
         <property name="deviceName" value=""/>
         <property name="devicePlatform" value=""/>
         <property name="logFolder" value="C:\\Users\\PC\\git\\Orange Web Test Automation\\Reports\\20230206_202606\\Job Dropdown Suite\\20230206_202606"/>
         <property name="logFiles" value="C:\\Users\\PC\\git\\Orange Web Test Automation\\Reports\\20230206_202606\\Job Dropdown Suite\\20230206_202606\\execution0.log"/>
         <property name="attachments" value=""/>
         <property name="hostName" value="PC - DESKTOP-BHVHH8C"/>
         <property name="os" value="Windows 10 64bit"/>
         <property name="katalonVersion" value="8.5.5.208"/>
         <property name="browser" value="Chrome 109.0.0.0"/>
         <property name="hostAddress" value="192.168.0.25"/>
         <property name="sessionId" value="e8710dba6cb12dfa74717f9f12aa2d37"/>
         <property name="seleniumVersion" value="3.141.59"/>
         <property name="proxyInformation" value="ProxyInformation { proxyOption=NO_PROXY, proxyServerType=HTTP, username=, password=********, proxyServerAddress=, proxyServerPort=0, executionList=&quot;&quot;, isApplyToDesiredCapabilities=true }"/>
         <property name="platform" value="Windows 10"/>
      </properties>
      <testcase name="Test Cases/Admin Page/Job/Job Titles/Add Job Title" time="32.784" classname="Test Cases/Admin Page/Job/Job Titles/Add Job Title" status="PASSED">
         <system-out><![CDATA[2023-02-06 20:26:15 - [TEST_CASE][PASSED] - Test Cases/Admin Page/Job/Job Titles/Add Job Title: Test Cases/Admin Page/Job/Job Titles/Add Job Title

2023-02-06 20:26:15 - [TEST_STEP][PASSED] - Start listener action : sampleBeforeTestCase: Current window maximized

2023-02-06 20:26:15 - [TEST_STEP][PASSED] - println(testCaseContext.getTestCaseId()): null

2023-02-06 20:26:15 - [TEST_STEP][PASSED] - println(testCaseContext.getTestCaseVariables()): null

2023-02-06 20:26:15 - [TEST_STEP][PASSED] - openBrowser(baseURL): Browser is opened with url: 'https://opensource-demo.orangehrmlive.com/web/index.php/auth/login'

2023-02-06 20:26:16 - [MESSAGE][INFO] - Starting 'Chrome' driver

2023-02-06 20:26:16 - [MESSAGE][INFO] - Action delay is set to 1,000 milliseconds

2023-02-06 20:26:20 - [MESSAGE][PASSED] - Browser is opened with url: 'https://opensource-demo.orangehrmlive.com/web/index.php/auth/login'

2023-02-06 20:26:20 - [TEST_STEP][PASSED] - maximizeWindow(): Current window maximized

2023-02-06 20:26:21 - [MESSAGE][PASSED] - Current window maximized

2023-02-06 20:26:22 - [TEST_STEP][PASSED] - orange.keywords.userLogin(findTestObject("Login Page/textbox_Username"), username, findTestObject("Login Page/textbox_Password"), password, findTestObject("Login Page/button_Login")): orange.keywords.userLogin is PASSED

2023-02-06 20:26:28 - [MESSAGE][PASSED] - orange.keywords.userLogin is PASSED

2023-02-06 20:26:28 - [TEST_STEP][PASSED] - click(findTestObject("Navigation Sidebar/a_Admin")): Object: 'Object Repository/Navigation Sidebar/a_Admin' is clicked on

2023-02-06 20:26:32 - [MESSAGE][PASSED] - Object: 'Object Repository/Navigation Sidebar/a_Admin' is clicked on

2023-02-06 20:26:32 - [TEST_STEP][PASSED] - click(findTestObject("Admin Page/Job/li_Job")): Object: 'Object Repository/Admin Page/Job/li_Job' is clicked on

2023-02-06 20:26:34 - [MESSAGE][PASSED] - Object: 'Object Repository/Admin Page/Job/li_Job' is clicked on

2023-02-06 20:26:34 - [TEST_STEP][PASSED] - click(findTestObject("Admin Page/Job/Job Titles/li_Job Titles")): Object: 'Object Repository/Admin Page/Job/Job Titles/li_Job Titles' is clicked on

2023-02-06 20:26:36 - [MESSAGE][PASSED] - Object: 'Object Repository/Admin Page/Job/Job Titles/li_Job Titles' is clicked on

2023-02-06 20:26:36 - [TEST_STEP][PASSED] - click(findTestObject("Admin Page/Nationalities/button_Add")): Object: 'Object Repository/Admin Page/Nationalities/button_Add' is clicked on

2023-02-06 20:26:39 - [MESSAGE][PASSED] - Object: 'Object Repository/Admin Page/Nationalities/button_Add' is clicked on

2023-02-06 20:26:39 - [TEST_STEP][PASSED] - sendKeys(findTestObject("Admin Page/Qualifications/Skills/textbox_Username"), job_title): Keys 'Boss-Automation' sent to object: 'Object Repository/Admin Page/Qualifications/Skills/textbox_Username'

2023-02-06 20:26:41 - [MESSAGE][PASSED] - Keys 'Boss-Automation' sent to object: 'Object Repository/Admin Page/Qualifications/Skills/textbox_Username'

2023-02-06 20:26:41 - [TEST_STEP][PASSED] - sendKeys(findTestObject("Admin Page/Job/Job Titles/textarea_Job Description"), job_title_description): Keys 'Big-Boss' sent to object: 'Object Repository/Admin Page/Job/Job Titles/textarea_Job Description'

2023-02-06 20:26:42 - [MESSAGE][PASSED] - Keys 'Big-Boss' sent to object: 'Object Repository/Admin Page/Job/Job Titles/textarea_Job Description'

2023-02-06 20:26:42 - [TEST_STEP][PASSED] - sendKeys(findTestObject("Admin Page/Job/Job Titles/textarea_Note"), job_title_notes): Keys 'No notes available' sent to object: 'Object Repository/Admin Page/Job/Job Titles/textarea_Note'

2023-02-06 20:26:44 - [MESSAGE][PASSED] - Keys 'No notes available' sent to object: 'Object Repository/Admin Page/Job/Job Titles/textarea_Note'

2023-02-06 20:26:44 - [TEST_STEP][PASSED] - click(findTestObject("Admin Page/Nationalities/button_Save")): Object: 'Object Repository/Admin Page/Nationalities/button_Save' is clicked on

2023-02-06 20:26:46 - [MESSAGE][PASSED] - Object: 'Object Repository/Admin Page/Nationalities/button_Save' is clicked on

2023-02-06 20:26:46 - [TEST_STEP][PASSED] - waitForElementPresent(findTestObject("Confirmation messages/message_SuccessSuccessfullySaved"), 10): Object 'Object Repository/Confirmation messages/message_SuccessSuccessfullySaved' is present

2023-02-06 20:26:46 - [MESSAGE][PASSED] - Object 'Object Repository/Confirmation messages/message_SuccessSuccessfullySaved' is present

2023-02-06 20:26:46 - [TEST_STEP][PASSED] - verifyElementPresent(findTestObject("Confirmation messages/message_SuccessSuccessfullySaved"), 10): Object 'Object Repository/Confirmation messages/message_SuccessSuccessfullySaved' is present

2023-02-06 20:26:47 - [MESSAGE][PASSED] - Object 'Object Repository/Confirmation messages/message_SuccessSuccessfullySaved' is present

2023-02-06 20:26:47 - [TEST_STEP][PASSED] - Start listener action : sampleAfterTestCase: Browser is closed

2023-02-06 20:26:47 - [TEST_STEP][PASSED] - println(testCaseContext.getTestCaseId()): null

2023-02-06 20:26:47 - [TEST_STEP][PASSED] - println(testCaseContext.getTestCaseStatus()): null

2023-02-06 20:26:47 - [TEST_STEP][PASSED] - closeBrowser(): Browser is closed

2023-02-06 20:26:48 - [MESSAGE][PASSED] - Browser is closed]]></system-out>
         <system-err><![CDATA[]]></system-err>
      </testcase>
      <testcase name="Test Cases/Admin Page/Job/Job Titles/Edit Job Title" time="35.398" classname="Test Cases/Admin Page/Job/Job Titles/Edit Job Title" status="PASSED">
         <system-out><![CDATA[2023-02-06 20:26:48 - [TEST_CASE][PASSED] - Test Cases/Admin Page/Job/Job Titles/Edit Job Title: Test Cases/Admin Page/Job/Job Titles/Edit Job Title

2023-02-06 20:26:48 - [TEST_STEP][PASSED] - Start listener action : sampleBeforeTestCase: Current window maximized

2023-02-06 20:26:48 - [TEST_STEP][PASSED] - println(testCaseContext.getTestCaseId()): null

2023-02-06 20:26:48 - [TEST_STEP][PASSED] - println(testCaseContext.getTestCaseVariables()): null

2023-02-06 20:26:48 - [TEST_STEP][PASSED] - openBrowser(baseURL): Browser is opened with url: 'https://opensource-demo.orangehrmlive.com/web/index.php/auth/login'

2023-02-06 20:26:48 - [MESSAGE][INFO] - Starting 'Chrome' driver

2023-02-06 20:26:48 - [MESSAGE][INFO] - Action delay is set to 1,000 milliseconds

2023-02-06 20:26:52 - [MESSAGE][PASSED] - Browser is opened with url: 'https://opensource-demo.orangehrmlive.com/web/index.php/auth/login'

2023-02-06 20:26:52 - [TEST_STEP][PASSED] - maximizeWindow(): Current window maximized

2023-02-06 20:26:52 - [MESSAGE][PASSED] - Current window maximized

2023-02-06 20:26:52 - [TEST_STEP][PASSED] - orange.keywords.userLogin(findTestObject("Login Page/textbox_Username"), username, findTestObject("Login Page/textbox_Password"), password, findTestObject("Login Page/button_Login")): orange.keywords.userLogin is PASSED

2023-02-06 20:26:58 - [MESSAGE][PASSED] - orange.keywords.userLogin is PASSED

2023-02-06 20:26:58 - [TEST_STEP][PASSED] - click(findTestObject("Navigation Sidebar/a_Admin")): Object: 'Object Repository/Navigation Sidebar/a_Admin' is clicked on

2023-02-06 20:27:01 - [MESSAGE][PASSED] - Object: 'Object Repository/Navigation Sidebar/a_Admin' is clicked on

2023-02-06 20:27:01 - [TEST_STEP][PASSED] - click(findTestObject("Admin Page/Job/li_Job")): Object: 'Object Repository/Admin Page/Job/li_Job' is clicked on

2023-02-06 20:27:03 - [MESSAGE][PASSED] - Object: 'Object Repository/Admin Page/Job/li_Job' is clicked on

2023-02-06 20:27:03 - [TEST_STEP][PASSED] - click(findTestObject("Admin Page/Job/Job Titles/li_Job Titles")): Object: 'Object Repository/Admin Page/Job/Job Titles/li_Job Titles' is clicked on

2023-02-06 20:27:05 - [MESSAGE][PASSED] - Object: 'Object Repository/Admin Page/Job/Job Titles/li_Job Titles' is clicked on

2023-02-06 20:27:05 - [TEST_STEP][PASSED] - click(findTestObject("Admin Page/Job/Job Titles/button_Edit")): Object: 'Object Repository/Admin Page/Job/Job Titles/button_Edit' is clicked on

2023-02-06 20:27:08 - [MESSAGE][PASSED] - Object: 'Object Repository/Admin Page/Job/Job Titles/button_Edit' is clicked on

2023-02-06 20:27:08 - [TEST_STEP][PASSED] - sendKeys(findTestObject("Admin Page/Qualifications/Skills/textbox_Username"), Keys.chord(CONTROL, "a")): Keys 'CONTROL + a' sent to object: 'Object Repository/Admin Page/Qualifications/Skills/textbox_Username'

2023-02-06 20:27:11 - [MESSAGE][PASSED] - Keys 'CONTROL + a' sent to object: 'Object Repository/Admin Page/Qualifications/Skills/textbox_Username'

2023-02-06 20:27:11 - [TEST_STEP][PASSED] - sendKeys(findTestObject("Admin Page/Qualifications/Skills/textbox_Username_selected"), edited_job_title): Keys 'Boss-Edited-Automation' sent to object: 'Object Repository/Admin Page/Qualifications/Skills/textbox_Username_selected'

2023-02-06 20:27:13 - [MESSAGE][PASSED] - Keys 'Boss-Edited-Automation' sent to object: 'Object Repository/Admin Page/Qualifications/Skills/textbox_Username_selected'

2023-02-06 20:27:13 - [TEST_STEP][PASSED] - sendKeys(findTestObject("Admin Page/Job/Job Titles/textarea_Job Description"), Keys.chord(CONTROL, "a")): Keys 'CONTROL + a' sent to object: 'Object Repository/Admin Page/Job/Job Titles/textarea_Job Description'

2023-02-06 20:27:14 - [MESSAGE][PASSED] - Keys 'CONTROL + a' sent to object: 'Object Repository/Admin Page/Job/Job Titles/textarea_Job Description'

2023-02-06 20:27:14 - [TEST_STEP][PASSED] - sendKeys(findTestObject("Admin Page/Job/Job Titles/textarea_Job Description"), edited_job_title_description): Keys 'Big Boss -Edited' sent to object: 'Object Repository/Admin Page/Job/Job Titles/textarea_Job Description'

2023-02-06 20:27:16 - [MESSAGE][PASSED] - Keys 'Big Boss -Edited' sent to object: 'Object Repository/Admin Page/Job/Job Titles/textarea_Job Description'

2023-02-06 20:27:16 - [TEST_STEP][PASSED] - sendKeys(findTestObject("Admin Page/Job/Job Titles/textarea_Note"), Keys.chord(CONTROL, "a")): Keys 'CONTROL + a' sent to object: 'Object Repository/Admin Page/Job/Job Titles/textarea_Note'

2023-02-06 20:27:17 - [MESSAGE][PASSED] - Keys 'CONTROL + a' sent to object: 'Object Repository/Admin Page/Job/Job Titles/textarea_Note'

2023-02-06 20:27:18 - [TEST_STEP][PASSED] - sendKeys(findTestObject("Admin Page/Job/Job Titles/textarea_Note"), edited_job_title_notes): Keys 'Notes available tomorrow' sent to object: 'Object Repository/Admin Page/Job/Job Titles/textarea_Note'

2023-02-06 20:27:19 - [MESSAGE][PASSED] - Keys 'Notes available tomorrow' sent to object: 'Object Repository/Admin Page/Job/Job Titles/textarea_Note'

2023-02-06 20:27:19 - [TEST_STEP][PASSED] - click(findTestObject("Admin Page/Qualifications/Skills/button_Save")): Object: 'Object Repository/Admin Page/Qualifications/Skills/button_Save' is clicked on

2023-02-06 20:27:21 - [MESSAGE][PASSED] - Object: 'Object Repository/Admin Page/Qualifications/Skills/button_Save' is clicked on

2023-02-06 20:27:21 - [TEST_STEP][PASSED] - waitForElementPresent(findTestObject("Confirmation messages/message_SuccessSuccessfullyUpdated"), 10): Object 'Object Repository/Confirmation messages/message_SuccessSuccessfullyUpdated' is present

2023-02-06 20:27:22 - [MESSAGE][PASSED] - Object 'Object Repository/Confirmation messages/message_SuccessSuccessfullyUpdated' is present

2023-02-06 20:27:22 - [TEST_STEP][PASSED] - verifyElementPresent(findTestObject("Confirmation messages/message_SuccessSuccessfullyUpdated"), 10): Object 'Object Repository/Confirmation messages/message_SuccessSuccessfullyUpdated' is present

2023-02-06 20:27:22 - [MESSAGE][PASSED] - Object 'Object Repository/Confirmation messages/message_SuccessSuccessfullyUpdated' is present

2023-02-06 20:27:22 - [TEST_STEP][PASSED] - Start listener action : sampleAfterTestCase: Browser is closed

2023-02-06 20:27:22 - [TEST_STEP][PASSED] - println(testCaseContext.getTestCaseId()): null

2023-02-06 20:27:22 - [TEST_STEP][PASSED] - println(testCaseContext.getTestCaseStatus()): null

2023-02-06 20:27:22 - [TEST_STEP][PASSED] - closeBrowser(): Browser is closed

2023-02-06 20:27:23 - [MESSAGE][PASSED] - Browser is closed]]></system-out>
         <system-err><![CDATA[]]></system-err>
      </testcase>
      <testcase name="Test Cases/Admin Page/Job/Job Titles/Delete Job Title" time="23.642" classname="Test Cases/Admin Page/Job/Job Titles/Delete Job Title" status="PASSED">
         <system-out><![CDATA[2023-02-06 20:27:23 - [TEST_CASE][PASSED] - Test Cases/Admin Page/Job/Job Titles/Delete Job Title: Test Cases/Admin Page/Job/Job Titles/Delete Job Title

2023-02-06 20:27:23 - [TEST_STEP][PASSED] - Start listener action : sampleBeforeTestCase: Current window maximized

2023-02-06 20:27:23 - [TEST_STEP][PASSED] - println(testCaseContext.getTestCaseId()): null

2023-02-06 20:27:23 - [TEST_STEP][PASSED] - println(testCaseContext.getTestCaseVariables()): null

2023-02-06 20:27:23 - [TEST_STEP][PASSED] - openBrowser(baseURL): Browser is opened with url: 'https://opensource-demo.orangehrmlive.com/web/index.php/auth/login'

2023-02-06 20:27:23 - [MESSAGE][INFO] - Starting 'Chrome' driver

2023-02-06 20:27:23 - [MESSAGE][INFO] - Action delay is set to 1,000 milliseconds

2023-02-06 20:27:27 - [MESSAGE][PASSED] - Browser is opened with url: 'https://opensource-demo.orangehrmlive.com/web/index.php/auth/login'

2023-02-06 20:27:27 - [TEST_STEP][PASSED] - maximizeWindow(): Current window maximized

2023-02-06 20:27:27 - [MESSAGE][PASSED] - Current window maximized

2023-02-06 20:27:28 - [TEST_STEP][PASSED] - orange.keywords.userLogin(findTestObject("Login Page/textbox_Username"), username, findTestObject("Login Page/textbox_Password"), password, findTestObject("Login Page/button_Login")): orange.keywords.userLogin is PASSED

2023-02-06 20:27:33 - [MESSAGE][PASSED] - orange.keywords.userLogin is PASSED

2023-02-06 20:27:33 - [TEST_STEP][PASSED] - click(findTestObject("Navigation Sidebar/a_Admin")): Object: 'Object Repository/Navigation Sidebar/a_Admin' is clicked on

2023-02-06 20:27:37 - [MESSAGE][PASSED] - Object: 'Object Repository/Navigation Sidebar/a_Admin' is clicked on

2023-02-06 20:27:37 - [TEST_STEP][PASSED] - click(findTestObject("Admin Page/Job/li_Job")): Object: 'Object Repository/Admin Page/Job/li_Job' is clicked on

2023-02-06 20:27:39 - [MESSAGE][PASSED] - Object: 'Object Repository/Admin Page/Job/li_Job' is clicked on

2023-02-06 20:27:39 - [TEST_STEP][PASSED] - click(findTestObject("Admin Page/Job/Job Titles/li_Job Titles")): Object: 'Object Repository/Admin Page/Job/Job Titles/li_Job Titles' is clicked on

2023-02-06 20:27:41 - [MESSAGE][PASSED] - Object: 'Object Repository/Admin Page/Job/Job Titles/li_Job Titles' is clicked on

2023-02-06 20:27:41 - [TEST_STEP][PASSED] - click(findTestObject("Admin Page/Job/Job Titles/button_Delete")): Object: 'Object Repository/Admin Page/Job/Job Titles/button_Delete' is clicked on

2023-02-06 20:27:43 - [MESSAGE][PASSED] - Object: 'Object Repository/Admin Page/Job/Job Titles/button_Delete' is clicked on

2023-02-06 20:27:43 - [TEST_STEP][PASSED] - click(findTestObject("Admin Page/Qualifications/Languages/button_Yes, Delete")): Object: 'Object Repository/Admin Page/Qualifications/Languages/button_Yes, Delete' is clicked on

2023-02-06 20:27:45 - [MESSAGE][PASSED] - Object: 'Object Repository/Admin Page/Qualifications/Languages/button_Yes, Delete' is clicked on

2023-02-06 20:27:45 - [TEST_STEP][PASSED] - waitForElementPresent(findTestObject("Confirmation messages/message_SuccessSuccessfullyDeleted"), 10): Object 'Object Repository/Confirmation messages/message_SuccessSuccessfullyDeleted' is present

2023-02-06 20:27:46 - [MESSAGE][PASSED] - Object 'Object Repository/Confirmation messages/message_SuccessSuccessfullyDeleted' is present

2023-02-06 20:27:46 - [TEST_STEP][PASSED] - verifyElementPresent(findTestObject("Confirmation messages/message_SuccessSuccessfullyDeleted"), 10): Object 'Object Repository/Confirmation messages/message_SuccessSuccessfullyDeleted' is present

2023-02-06 20:27:46 - [MESSAGE][PASSED] - Object 'Object Repository/Confirmation messages/message_SuccessSuccessfullyDeleted' is present

2023-02-06 20:27:46 - [TEST_STEP][PASSED] - Start listener action : sampleAfterTestCase: Browser is closed

2023-02-06 20:27:46 - [TEST_STEP][PASSED] - println(testCaseContext.getTestCaseId()): null

2023-02-06 20:27:46 - [TEST_STEP][PASSED] - println(testCaseContext.getTestCaseStatus()): null

2023-02-06 20:27:46 - [TEST_STEP][PASSED] - closeBrowser(): Browser is closed

2023-02-06 20:27:47 - [MESSAGE][PASSED] - Browser is closed]]></system-out>
         <system-err><![CDATA[]]></system-err>
      </testcase>
      <testcase name="Test Cases/Admin Page/Job/Job Categories/Add Category" time="25.939" classname="Test Cases/Admin Page/Job/Job Categories/Add Category" status="PASSED">
         <system-out><![CDATA[2023-02-06 20:27:47 - [TEST_CASE][PASSED] - Test Cases/Admin Page/Job/Job Categories/Add Category: Test Cases/Admin Page/Job/Job Categories/Add Category

2023-02-06 20:27:47 - [TEST_STEP][PASSED] - Start listener action : sampleBeforeTestCase: Current window maximized

2023-02-06 20:27:47 - [TEST_STEP][PASSED] - println(testCaseContext.getTestCaseId()): null

2023-02-06 20:27:47 - [TEST_STEP][PASSED] - println(testCaseContext.getTestCaseVariables()): null

2023-02-06 20:27:47 - [TEST_STEP][PASSED] - openBrowser(baseURL): Browser is opened with url: 'https://opensource-demo.orangehrmlive.com/web/index.php/auth/login'

2023-02-06 20:27:47 - [MESSAGE][INFO] - Starting 'Chrome' driver

2023-02-06 20:27:47 - [MESSAGE][INFO] - Action delay is set to 1,000 milliseconds

2023-02-06 20:27:51 - [MESSAGE][PASSED] - Browser is opened with url: 'https://opensource-demo.orangehrmlive.com/web/index.php/auth/login'

2023-02-06 20:27:51 - [TEST_STEP][PASSED] - maximizeWindow(): Current window maximized

2023-02-06 20:27:51 - [MESSAGE][PASSED] - Current window maximized

2023-02-06 20:27:51 - [TEST_STEP][PASSED] - orange.keywords.userLogin(findTestObject("Login Page/textbox_Username"), username, findTestObject("Login Page/textbox_Password"), password, findTestObject("Login Page/button_Login")): orange.keywords.userLogin is PASSED

2023-02-06 20:27:57 - [MESSAGE][PASSED] - orange.keywords.userLogin is PASSED

2023-02-06 20:27:57 - [TEST_STEP][PASSED] - click(findTestObject("Navigation Sidebar/a_Admin")): Object: 'Object Repository/Navigation Sidebar/a_Admin' is clicked on

2023-02-06 20:28:00 - [MESSAGE][PASSED] - Object: 'Object Repository/Navigation Sidebar/a_Admin' is clicked on

2023-02-06 20:28:00 - [TEST_STEP][PASSED] - click(findTestObject("Admin Page/Job/li_Job")): Object: 'Object Repository/Admin Page/Job/li_Job' is clicked on

2023-02-06 20:28:02 - [MESSAGE][PASSED] - Object: 'Object Repository/Admin Page/Job/li_Job' is clicked on

2023-02-06 20:28:02 - [TEST_STEP][PASSED] - click(findTestObject("Admin Page/Job/Job Categories/li_Job Categories")): Object: 'Object Repository/Admin Page/Job/Job Categories/li_Job Categories' is clicked on

2023-02-06 20:28:04 - [MESSAGE][PASSED] - Object: 'Object Repository/Admin Page/Job/Job Categories/li_Job Categories' is clicked on

2023-02-06 20:28:04 - [TEST_STEP][PASSED] - click(findTestObject("Admin Page/Nationalities/button_Add")): Object: 'Object Repository/Admin Page/Nationalities/button_Add' is clicked on

2023-02-06 20:28:07 - [MESSAGE][PASSED] - Object: 'Object Repository/Admin Page/Nationalities/button_Add' is clicked on

2023-02-06 20:28:07 - [TEST_STEP][PASSED] - sendKeys(findTestObject("Admin Page/Qualifications/Skills/textbox_Username"), job_category): Keys 'Automation Category' sent to object: 'Object Repository/Admin Page/Qualifications/Skills/textbox_Username'

2023-02-06 20:28:09 - [MESSAGE][PASSED] - Keys 'Automation Category' sent to object: 'Object Repository/Admin Page/Qualifications/Skills/textbox_Username'

2023-02-06 20:28:09 - [TEST_STEP][PASSED] - click(findTestObject("Admin Page/Nationalities/button_Save")): Object: 'Object Repository/Admin Page/Nationalities/button_Save' is clicked on

2023-02-06 20:28:11 - [MESSAGE][PASSED] - Object: 'Object Repository/Admin Page/Nationalities/button_Save' is clicked on

2023-02-06 20:28:11 - [TEST_STEP][PASSED] - waitForElementPresent(findTestObject("Confirmation messages/message_SuccessSuccessfullySaved"), 10): Object 'Object Repository/Confirmation messages/message_SuccessSuccessfullySaved' is present

2023-02-06 20:28:12 - [MESSAGE][PASSED] - Object 'Object Repository/Confirmation messages/message_SuccessSuccessfullySaved' is present

2023-02-06 20:28:12 - [TEST_STEP][PASSED] - verifyElementPresent(findTestObject("Confirmation messages/message_SuccessSuccessfullySaved"), 10): Object 'Object Repository/Confirmation messages/message_SuccessSuccessfullySaved' is present

2023-02-06 20:28:12 - [MESSAGE][PASSED] - Object 'Object Repository/Confirmation messages/message_SuccessSuccessfullySaved' is present

2023-02-06 20:28:12 - [TEST_STEP][PASSED] - Start listener action : sampleAfterTestCase: Browser is closed

2023-02-06 20:28:12 - [TEST_STEP][PASSED] - println(testCaseContext.getTestCaseId()): null

2023-02-06 20:28:12 - [TEST_STEP][PASSED] - println(testCaseContext.getTestCaseStatus()): null

2023-02-06 20:28:12 - [TEST_STEP][PASSED] - closeBrowser(): Browser is closed

2023-02-06 20:28:13 - [MESSAGE][PASSED] - Browser is closed]]></system-out>
         <system-err><![CDATA[]]></system-err>
      </testcase>
      <testcase name="Test Cases/Admin Page/Job/Job Categories/Edit Category" time="28.146" classname="Test Cases/Admin Page/Job/Job Categories/Edit Category" status="PASSED">
         <system-out><![CDATA[2023-02-06 20:28:13 - [TEST_CASE][PASSED] - Test Cases/Admin Page/Job/Job Categories/Edit Category: Test Cases/Admin Page/Job/Job Categories/Edit Category

2023-02-06 20:28:13 - [TEST_STEP][PASSED] - Start listener action : sampleBeforeTestCase: Current window maximized

2023-02-06 20:28:13 - [TEST_STEP][PASSED] - println(testCaseContext.getTestCaseId()): null

2023-02-06 20:28:13 - [TEST_STEP][PASSED] - println(testCaseContext.getTestCaseVariables()): null

2023-02-06 20:28:13 - [TEST_STEP][PASSED] - openBrowser(baseURL): Browser is opened with url: 'https://opensource-demo.orangehrmlive.com/web/index.php/auth/login'

2023-02-06 20:28:13 - [MESSAGE][INFO] - Starting 'Chrome' driver

2023-02-06 20:28:13 - [MESSAGE][INFO] - Action delay is set to 1,000 milliseconds

2023-02-06 20:28:17 - [MESSAGE][PASSED] - Browser is opened with url: 'https://opensource-demo.orangehrmlive.com/web/index.php/auth/login'

2023-02-06 20:28:17 - [TEST_STEP][PASSED] - maximizeWindow(): Current window maximized

2023-02-06 20:28:17 - [MESSAGE][PASSED] - Current window maximized

2023-02-06 20:28:17 - [TEST_STEP][PASSED] - orange.keywords.userLogin(findTestObject("Login Page/textbox_Username"), username, findTestObject("Login Page/textbox_Password"), password, findTestObject("Login Page/button_Login")): orange.keywords.userLogin is PASSED

2023-02-06 20:28:23 - [MESSAGE][PASSED] - orange.keywords.userLogin is PASSED

2023-02-06 20:28:23 - [TEST_STEP][PASSED] - click(findTestObject("Navigation Sidebar/a_Admin")): Object: 'Object Repository/Navigation Sidebar/a_Admin' is clicked on

2023-02-06 20:28:26 - [MESSAGE][PASSED] - Object: 'Object Repository/Navigation Sidebar/a_Admin' is clicked on

2023-02-06 20:28:26 - [TEST_STEP][PASSED] - click(findTestObject("Admin Page/Job/li_Job")): Object: 'Object Repository/Admin Page/Job/li_Job' is clicked on

2023-02-06 20:28:28 - [MESSAGE][PASSED] - Object: 'Object Repository/Admin Page/Job/li_Job' is clicked on

2023-02-06 20:28:28 - [TEST_STEP][PASSED] - click(findTestObject("Admin Page/Job/Job Categories/li_Job Categories")): Object: 'Object Repository/Admin Page/Job/Job Categories/li_Job Categories' is clicked on

2023-02-06 20:28:30 - [MESSAGE][PASSED] - Object: 'Object Repository/Admin Page/Job/Job Categories/li_Job Categories' is clicked on

2023-02-06 20:28:30 - [TEST_STEP][PASSED] - click(findTestObject("Admin Page/Job/Job Categories/button_Edit")): Object: 'Object Repository/Admin Page/Job/Job Categories/button_Edit' is clicked on

2023-02-06 20:28:33 - [MESSAGE][PASSED] - Object: 'Object Repository/Admin Page/Job/Job Categories/button_Edit' is clicked on

2023-02-06 20:28:33 - [TEST_STEP][PASSED] - sendKeys(findTestObject("Admin Page/Qualifications/Skills/textbox_Username"), Keys.chord(CONTROL, "a")): Keys 'CONTROL + a' sent to object: 'Object Repository/Admin Page/Qualifications/Skills/textbox_Username'

2023-02-06 20:28:36 - [MESSAGE][PASSED] - Keys 'CONTROL + a' sent to object: 'Object Repository/Admin Page/Qualifications/Skills/textbox_Username'

2023-02-06 20:28:36 - [TEST_STEP][PASSED] - sendKeys(findTestObject("Admin Page/Qualifications/Skills/textbox_Username_selected"), edited_job_category): Keys 'Automation Category-Edited' sent to object: 'Object Repository/Admin Page/Qualifications/Skills/textbox_Username_selected'

2023-02-06 20:28:37 - [MESSAGE][PASSED] - Keys 'Automation Category-Edited' sent to object: 'Object Repository/Admin Page/Qualifications/Skills/textbox_Username_selected'

2023-02-06 20:28:37 - [TEST_STEP][PASSED] - click(findTestObject("Admin Page/Qualifications/Skills/button_Save")): Object: 'Object Repository/Admin Page/Qualifications/Skills/button_Save' is clicked on

2023-02-06 20:28:39 - [MESSAGE][PASSED] - Object: 'Object Repository/Admin Page/Qualifications/Skills/button_Save' is clicked on

2023-02-06 20:28:39 - [TEST_STEP][PASSED] - waitForElementPresent(findTestObject("Confirmation messages/message_SuccessSuccessfullyUpdated"), 10): Object 'Object Repository/Confirmation messages/message_SuccessSuccessfullyUpdated' is present

2023-02-06 20:28:40 - [MESSAGE][PASSED] - Object 'Object Repository/Confirmation messages/message_SuccessSuccessfullyUpdated' is present

2023-02-06 20:28:40 - [TEST_STEP][PASSED] - verifyElementPresent(findTestObject("Confirmation messages/message_SuccessSuccessfullyUpdated"), 10): Object 'Object Repository/Confirmation messages/message_SuccessSuccessfullyUpdated' is present

2023-02-06 20:28:40 - [MESSAGE][PASSED] - Object 'Object Repository/Confirmation messages/message_SuccessSuccessfullyUpdated' is present

2023-02-06 20:28:40 - [TEST_STEP][PASSED] - Start listener action : sampleAfterTestCase: Browser is closed

2023-02-06 20:28:40 - [TEST_STEP][PASSED] - println(testCaseContext.getTestCaseId()): null

2023-02-06 20:28:40 - [TEST_STEP][PASSED] - println(testCaseContext.getTestCaseStatus()): null

2023-02-06 20:28:40 - [TEST_STEP][PASSED] - closeBrowser(): Browser is closed

2023-02-06 20:28:41 - [MESSAGE][PASSED] - Browser is closed]]></system-out>
         <system-err><![CDATA[]]></system-err>
      </testcase>
      <testcase name="Test Cases/Admin Page/Job/Job Categories/Delete Category" time="23.278" classname="Test Cases/Admin Page/Job/Job Categories/Delete Category" status="PASSED">
         <system-out><![CDATA[2023-02-06 20:28:41 - [TEST_CASE][PASSED] - Test Cases/Admin Page/Job/Job Categories/Delete Category: Test Cases/Admin Page/Job/Job Categories/Delete Category

2023-02-06 20:28:41 - [TEST_STEP][PASSED] - Start listener action : sampleBeforeTestCase: Current window maximized

2023-02-06 20:28:41 - [TEST_STEP][PASSED] - println(testCaseContext.getTestCaseId()): null

2023-02-06 20:28:41 - [TEST_STEP][PASSED] - println(testCaseContext.getTestCaseVariables()): null

2023-02-06 20:28:41 - [TEST_STEP][PASSED] - openBrowser(baseURL): Browser is opened with url: 'https://opensource-demo.orangehrmlive.com/web/index.php/auth/login'

2023-02-06 20:28:41 - [MESSAGE][INFO] - Starting 'Chrome' driver

2023-02-06 20:28:41 - [MESSAGE][INFO] - Action delay is set to 1,000 milliseconds

2023-02-06 20:28:45 - [MESSAGE][PASSED] - Browser is opened with url: 'https://opensource-demo.orangehrmlive.com/web/index.php/auth/login'

2023-02-06 20:28:45 - [TEST_STEP][PASSED] - maximizeWindow(): Current window maximized

2023-02-06 20:28:45 - [MESSAGE][PASSED] - Current window maximized

2023-02-06 20:28:45 - [TEST_STEP][PASSED] - orange.keywords.userLogin(findTestObject("Login Page/textbox_Username"), username, findTestObject("Login Page/textbox_Password"), password, findTestObject("Login Page/button_Login")): orange.keywords.userLogin is PASSED

2023-02-06 20:28:51 - [MESSAGE][PASSED] - orange.keywords.userLogin is PASSED

2023-02-06 20:28:51 - [TEST_STEP][PASSED] - click(findTestObject("Navigation Sidebar/a_Admin")): Object: 'Object Repository/Navigation Sidebar/a_Admin' is clicked on

2023-02-06 20:28:54 - [MESSAGE][PASSED] - Object: 'Object Repository/Navigation Sidebar/a_Admin' is clicked on

2023-02-06 20:28:54 - [TEST_STEP][PASSED] - click(findTestObject("Admin Page/Job/li_Job")): Object: 'Object Repository/Admin Page/Job/li_Job' is clicked on

2023-02-06 20:28:56 - [MESSAGE][PASSED] - Object: 'Object Repository/Admin Page/Job/li_Job' is clicked on

2023-02-06 20:28:56 - [TEST_STEP][PASSED] - click(findTestObject("Admin Page/Job/Job Categories/li_Job Categories")): Object: 'Object Repository/Admin Page/Job/Job Categories/li_Job Categories' is clicked on

2023-02-06 20:28:58 - [MESSAGE][PASSED] - Object: 'Object Repository/Admin Page/Job/Job Categories/li_Job Categories' is clicked on

2023-02-06 20:28:58 - [TEST_STEP][PASSED] - click(findTestObject("Admin Page/Job/Job Categories/button_Delete")): Object: 'Object Repository/Admin Page/Job/Job Categories/button_Delete' is clicked on

2023-02-06 20:29:00 - [MESSAGE][PASSED] - Object: 'Object Repository/Admin Page/Job/Job Categories/button_Delete' is clicked on

2023-02-06 20:29:00 - [TEST_STEP][PASSED] - click(findTestObject("Admin Page/Qualifications/Languages/button_Yes, Delete")): Object: 'Object Repository/Admin Page/Qualifications/Languages/button_Yes, Delete' is clicked on

2023-02-06 20:29:02 - [MESSAGE][PASSED] - Object: 'Object Repository/Admin Page/Qualifications/Languages/button_Yes, Delete' is clicked on

2023-02-06 20:29:02 - [TEST_STEP][PASSED] - waitForElementPresent(findTestObject("Confirmation messages/message_SuccessSuccessfullyDeleted"), 10): Object 'Object Repository/Confirmation messages/message_SuccessSuccessfullyDeleted' is present

2023-02-06 20:29:03 - [MESSAGE][PASSED] - Object 'Object Repository/Confirmation messages/message_SuccessSuccessfullyDeleted' is present

2023-02-06 20:29:03 - [TEST_STEP][PASSED] - verifyElementPresent(findTestObject("Confirmation messages/message_SuccessSuccessfullyDeleted"), 10): Object 'Object Repository/Confirmation messages/message_SuccessSuccessfullyDeleted' is present

2023-02-06 20:29:03 - [MESSAGE][PASSED] - Object 'Object Repository/Confirmation messages/message_SuccessSuccessfullyDeleted' is present

2023-02-06 20:29:03 - [TEST_STEP][PASSED] - Start listener action : sampleAfterTestCase: Browser is closed

2023-02-06 20:29:03 - [TEST_STEP][PASSED] - println(testCaseContext.getTestCaseId()): null

2023-02-06 20:29:03 - [TEST_STEP][PASSED] - println(testCaseContext.getTestCaseStatus()): null

2023-02-06 20:29:03 - [TEST_STEP][PASSED] - closeBrowser(): Browser is closed

2023-02-06 20:29:04 - [MESSAGE][PASSED] - Browser is closed]]></system-out>
         <system-err><![CDATA[]]></system-err>
      </testcase>
      <system-out><![CDATA[2023-02-06 20:26:15 - [TEST_SUITE][PASSED] - Job Dropdown Suite: Test Cases/Admin Page/Job/Job Categories/Delete Category]]></system-out>
      <system-err><![CDATA[]]></system-err>
   </testsuite>
</testsuites>
